nohup: ignoring input
MoTTY X11 proxy: Authorisation not recognised

[36mIn case you are trying to start a graphical application with "sudo", read this article in order to avoid this issue:
[35m[4mhttps://blog.mobatek.net/post/how-to-keep-X11-display-after-su-or-sudo/[0m

Wed Jun 29 13:03:29 2022       
+-----------------------------------------------------------------------------+
| NVIDIA-SMI 510.60.02    Driver Version: 510.60.02    CUDA Version: 11.6     |
|-------------------------------+----------------------+----------------------+
| GPU  Name        Persistence-M| Bus-Id        Disp.A | Volatile Uncorr. ECC |
| Fan  Temp  Perf  Pwr:Usage/Cap|         Memory-Usage | GPU-Util  Compute M. |
|                               |                      |               MIG M. |
|===============================+======================+======================|
|   0  NVIDIA GeForce ...  On   | 00000000:1B:00.0 Off |                  N/A |
| 49%   51C    P2   130W / 350W |  19278MiB / 24576MiB |     14%      Default |
|                               |                      |                  N/A |
+-------------------------------+----------------------+----------------------+
|   1  NVIDIA GeForce ...  On   | 00000000:1C:00.0 Off |                  N/A |
| 56%   56C    P2   239W / 350W |  23836MiB / 24576MiB |    100%      Default |
|                               |                      |                  N/A |
+-------------------------------+----------------------+----------------------+
|   2  NVIDIA GeForce ...  On   | 00000000:1D:00.0 Off |                  N/A |
| 30%   35C    P8    20W / 350W |      3MiB / 24576MiB |      0%      Default |
|                               |                      |                  N/A |
+-------------------------------+----------------------+----------------------+
|   3  NVIDIA GeForce ...  On   | 00000000:1E:00.0 Off |                  N/A |
| 34%   38C    P8    29W / 350W |      3MiB / 24576MiB |      0%      Default |
|                               |                      |                  N/A |
+-------------------------------+----------------------+----------------------+
|   4  NVIDIA GeForce ...  On   | 00000000:3D:00.0 Off |                  N/A |
| 30%   29C    P8    26W / 350W |      3MiB / 24576MiB |      0%      Default |
|                               |                      |                  N/A |
+-------------------------------+----------------------+----------------------+
|   5  NVIDIA GeForce ...  On   | 00000000:3F:00.0 Off |                  N/A |
| 30%   32C    P8    18W / 350W |      3MiB / 24576MiB |      0%      Default |
|                               |                      |                  N/A |
+-------------------------------+----------------------+----------------------+
|   6  NVIDIA GeForce ...  On   | 00000000:40:00.0 Off |                  N/A |
| 65%   61C    P2   227W / 350W |  23988MiB / 24576MiB |     52%      Default |
|                               |                      |                  N/A |
+-------------------------------+----------------------+----------------------+
|   7  NVIDIA GeForce ...  On   | 00000000:41:00.0 Off |                  N/A |
| 62%   59C    P2   221W / 350W |  23998MiB / 24576MiB |     21%      Default |
|                               |                      |                  N/A |
+-------------------------------+----------------------+----------------------+
                                                                               
+-----------------------------------------------------------------------------+
| Processes:                                                                  |
|  GPU   GI   CI        PID   Type   Process name                  GPU Memory |
|        ID   ID                                                   Usage      |
|=============================================================================|
|    0   N/A  N/A     50639      C   python                          19275MiB |
|    1   N/A  N/A     60921      C   python                          23821MiB |
|    6   N/A  N/A     60921      C   python                          23973MiB |
|    7   N/A  N/A     60921      C   python                          23983MiB |
+-----------------------------------------------------------------------------+
Namespace(PES_lr=0.0001, T=0.5, T1=0, T2=5, alpha=4, batch_size=128, data_path='./data', data_percent=1, dataset='CIFAR100', ema=0.999, lambda_u=0, lr=0.02, noise_type='aggre_label', num_epochs=300, optim='cos', seed=1, weight_decay=0.0005)
Files already downloaded and verified
Files already downloaded and verified
Train Epoch: [0][  0/390]	Time   0.17	Data   0.00	Loss   8.61	Acc@1   5.13
13:04:48 Epoch 0 Test Acc: 8.83
13:04:54 Epoch 0  EMA Test Acc: 0.98
Train Epoch: [1][  0/390]	Time   0.17	Data   0.00	Loss   7.94	Acc@1   9.84
13:06:06 Epoch 1 Test Acc: 14.74
13:06:11 Epoch 1  EMA Test Acc: 1.34
Train Epoch: [2][  0/390]	Time   0.17	Data   0.00	Loss   7.45	Acc@1  14.00
13:07:23 Epoch 2 Test Acc: 21.04
13:07:28 Epoch 2  EMA Test Acc: 2.67
Train Epoch: [3][  0/390]	Time   0.17	Data   0.00	Loss   6.97	Acc@1  18.36
13:08:41 Epoch 3 Test Acc: 24.58
13:08:46 Epoch 3  EMA Test Acc: 4.86
Train Epoch: [4][  0/390]	Time   0.17	Data   0.00	Loss   6.52	Acc@1  22.55
13:09:58 Epoch 4 Test Acc: 30.83
13:10:04 Epoch 4  EMA Test Acc: 5.47
Train Epoch: [5][  0/390]	Time   0.17	Data   0.00	Loss   6.14	Acc@1  26.14
13:11:16 Epoch 5 Test Acc: 31.93
13:11:21 Epoch 5  EMA Test Acc: 7.89
Train Epoch: [6][  0/390]	Time   0.17	Data   0.00	Loss   5.82	Acc@1  29.46
13:12:34 Epoch 6 Test Acc: 38.91
13:12:39 Epoch 6  EMA Test Acc: 10.38
Train Epoch: [7][  0/390]	Time   0.17	Data   0.00	Loss   5.58	Acc@1  32.25
13:13:52 Epoch 7 Test Acc: 42.54
13:13:57 Epoch 7  EMA Test Acc: 20.64
Train Epoch: [8][  0/390]	Time   0.17	Data   0.00	Loss   5.38	Acc@1  34.25
13:15:09 Epoch 8 Test Acc: 42.82
13:15:14 Epoch 8  EMA Test Acc: 28.77
Train Epoch: [9][  0/390]	Time   0.17	Data   0.00	Loss   5.22	Acc@1  35.98
13:16:27 Epoch 9 Test Acc: 43.97
13:16:32 Epoch 9  EMA Test Acc: 28.96
Train Epoch: [10][  0/390]	Time   0.17	Data   0.00	Loss   5.09	Acc@1  37.41
13:17:44 Epoch 10 Test Acc: 46.89
13:17:50 Epoch 10  EMA Test Acc: 35.59
Train Epoch: [11][  0/390]	Time   0.17	Data   0.00	Loss   4.96	Acc@1  38.91
13:19:02 Epoch 11 Test Acc: 46.88
13:19:07 Epoch 11  EMA Test Acc: 42.53
Train Epoch: [12][  0/390]	Time   0.17	Data   0.00	Loss   4.84	Acc@1  40.11
13:20:20 Epoch 12 Test Acc: 49.71
13:20:25 Epoch 12  EMA Test Acc: 42.87
Train Epoch: [13][  0/390]	Time   0.17	Data   0.00	Loss   4.75	Acc@1  41.04
13:21:37 Epoch 13 Test Acc: 48.71
13:21:42 Epoch 13  EMA Test Acc: 39.12
Train Epoch: [14][  0/390]	Time   0.17	Data   0.00	Loss   4.68	Acc@1  42.09
13:22:55 Epoch 14 Test Acc: 48.8
13:23:00 Epoch 14  EMA Test Acc: 41.08
Train Epoch: [15][  0/390]	Time   0.17	Data   0.00	Loss   4.59	Acc@1  42.76
13:24:12 Epoch 15 Test Acc: 49.84
13:24:17 Epoch 15  EMA Test Acc: 40.04
Train Epoch: [16][  0/390]	Time   0.17	Data   0.00	Loss   4.51	Acc@1  43.71
13:25:30 Epoch 16 Test Acc: 52.16
13:25:35 Epoch 16  EMA Test Acc: 31.26
Train Epoch: [17][  0/390]	Time   0.17	Data   0.00	Loss   4.43	Acc@1  44.49
13:26:48 Epoch 17 Test Acc: 52.47
13:26:53 Epoch 17  EMA Test Acc: 19.83
Train Epoch: [18][  0/390]	Time   0.17	Data   0.00	Loss   4.37	Acc@1  45.04
13:28:05 Epoch 18 Test Acc: 52.56
13:28:10 Epoch 18  EMA Test Acc: 27.42
Train Epoch: [19][  0/390]	Time   0.17	Data   0.00	Loss   4.31	Acc@1  45.84
13:29:23 Epoch 19 Test Acc: 52.6
13:29:28 Epoch 19  EMA Test Acc: 24.26
Train Epoch: [20][  0/390]	Time   0.17	Data   0.00	Loss   4.24	Acc@1  46.51
13:30:40 Epoch 20 Test Acc: 52.22
13:30:46 Epoch 20  EMA Test Acc: 31.35
Train Epoch: [21][  0/390]	Time   0.17	Data   0.00	Loss   4.17	Acc@1  46.99
13:31:58 Epoch 21 Test Acc: 52.8
13:32:03 Epoch 21  EMA Test Acc: 29.93
Train Epoch: [22][  0/390]	Time   0.17	Data   0.00	Loss   4.12	Acc@1  47.69
13:33:16 Epoch 22 Test Acc: 52.12
13:33:21 Epoch 22  EMA Test Acc: 29.22
Train Epoch: [23][  0/390]	Time   0.17	Data   0.00	Loss   4.05	Acc@1  48.41
13:34:33 Epoch 23 Test Acc: 55.14
13:34:38 Epoch 23  EMA Test Acc: 24.22
Train Epoch: [24][  0/390]	Time   0.17	Data   0.00	Loss   4.00	Acc@1  48.91
13:35:51 Epoch 24 Test Acc: 54.82
13:35:56 Epoch 24  EMA Test Acc: 35.76
Train Epoch: [25][  0/390]	Time   0.17	Data   0.00	Loss   3.93	Acc@1  49.67
13:37:08 Epoch 25 Test Acc: 54.81
13:37:13 Epoch 25  EMA Test Acc: 37.61
Train Epoch: [26][  0/390]	Time   0.17	Data   0.00	Loss   3.89	Acc@1  49.94
13:38:26 Epoch 26 Test Acc: 54.71
13:38:31 Epoch 26  EMA Test Acc: 33.17
Train Epoch: [27][  0/390]	Time   0.17	Data   0.00	Loss   3.85	Acc@1  50.52
13:39:43 Epoch 27 Test Acc: 54.12
13:39:48 Epoch 27  EMA Test Acc: 37.13
Train Epoch: [28][  0/390]	Time   0.17	Data   0.00	Loss   3.78	Acc@1  50.94
13:41:00 Epoch 28 Test Acc: 53.59
13:41:05 Epoch 28  EMA Test Acc: 40.64
Train Epoch: [29][  0/390]	Time   0.17	Data   0.00	Loss   3.73	Acc@1  51.71
13:42:17 Epoch 29 Test Acc: 54.04
13:42:23 Epoch 29  EMA Test Acc: 50.43
Train Epoch: [30][  0/390]	Time   0.17	Data   0.00	Loss   3.68	Acc@1  52.07
13:43:35 Epoch 30 Test Acc: 54.77
13:43:40 Epoch 30  EMA Test Acc: 40.28
Train Epoch: [31][  0/390]	Time   0.17	Data   0.00	Loss   3.64	Acc@1  52.17
13:44:52 Epoch 31 Test Acc: 52.32
13:44:57 Epoch 31  EMA Test Acc: 46.55
Train Epoch: [32][  0/390]	Time   0.17	Data   0.00	Loss   3.57	Acc@1  53.32
13:46:09 Epoch 32 Test Acc: 53.52
13:46:14 Epoch 32  EMA Test Acc: 53.63
Train Epoch: [33][  0/390]	Time   0.17	Data   0.00	Loss   3.54	Acc@1  53.44
13:47:27 Epoch 33 Test Acc: 51.54
13:47:32 Epoch 33  EMA Test Acc: 48.58
Train Epoch: [34][  0/390]	Time   0.17	Data   0.00	Loss   3.49	Acc@1  54.25
13:48:44 Epoch 34 Test Acc: 53.18
13:48:49 Epoch 34  EMA Test Acc: 48.49
re-initalize the final layer
Train Epoch: [0][  0/390]	Time   0.08	Data   0.00	Loss   7.46	Acc@1  26.69
13:49:25 Epoch 0 Test Acc: 44.06
Train Epoch: [1][  0/390]	Time   0.08	Data   0.00	Loss   5.68	Acc@1  42.18
13:50:01 Epoch 1 Test Acc: 50.82
Train Epoch: [2][  0/390]	Time   0.08	Data   0.00	Loss   4.97	Acc@1  46.75
13:50:37 Epoch 2 Test Acc: 53.43
Train Epoch: [3][  0/390]	Time   0.08	Data   0.00	Loss   4.55	Acc@1  49.10
13:51:13 Epoch 3 Test Acc: 55.06
Train Epoch: [4][  0/390]	Time   0.08	Data   0.00	Loss   4.26	Acc@1  50.91
13:51:49 Epoch 4 Test Acc: 56.05
Loss   6.22 Loss_Lx   6.21 Loss_Lu 0.00393
13:55:05 Epoch 35 Test Acc: 57.3
13:55:10 Epoch 35  EMA Test Acc: 47.22
Loss   5.98 Loss_Lx   5.95 Loss_Lu 0.00410
13:58:28 Epoch 36 Test Acc: 58.51
13:58:33 Epoch 36  EMA Test Acc: 46.83
Loss   5.86 Loss_Lx   5.81 Loss_Lu 0.00420
14:01:52 Epoch 37 Test Acc: 58.81
14:01:57 Epoch 37  EMA Test Acc: 42.75
Loss   5.96 Loss_Lx   5.89 Loss_Lu 0.00425
14:05:17 Epoch 38 Test Acc: 58.31
14:05:22 Epoch 38  EMA Test Acc: 52.92
Loss   5.87 Loss_Lx   5.78 Loss_Lu 0.00427
14:08:42 Epoch 39 Test Acc: 58.83
14:08:47 Epoch 39  EMA Test Acc: 42.91
Loss   5.83 Loss_Lx   5.72 Loss_Lu 0.00431
14:12:07 Epoch 40 Test Acc: 59.38
14:12:12 Epoch 40  EMA Test Acc: 40.57
Loss   5.90 Loss_Lx   5.77 Loss_Lu 0.00433
14:15:32 Epoch 41 Test Acc: 59.31
14:15:38 Epoch 41  EMA Test Acc: 43.66
Loss   5.81 Loss_Lx   5.66 Loss_Lu 0.00436
14:18:58 Epoch 42 Test Acc: 58.66
14:19:03 Epoch 42  EMA Test Acc: 50.55
Loss   5.84 Loss_Lx   5.67 Loss_Lu 0.00438
14:22:23 Epoch 43 Test Acc: 58.77
14:22:28 Epoch 43  EMA Test Acc: 53.81
Loss   5.86 Loss_Lx   5.67 Loss_Lu 0.00437
14:25:47 Epoch 44 Test Acc: 59.34
14:25:52 Epoch 44  EMA Test Acc: 51.81
Loss   5.81 Loss_Lx   5.60 Loss_Lu 0.00438
14:29:11 Epoch 45 Test Acc: 58.17
14:29:16 Epoch 45  EMA Test Acc: 49.87
Loss   5.78 Loss_Lx   5.54 Loss_Lu 0.00436
14:32:35 Epoch 46 Test Acc: 59.59
14:32:41 Epoch 46  EMA Test Acc: 54.66
Loss   5.82 Loss_Lx   5.56 Loss_Lu 0.00437
14:35:59 Epoch 47 Test Acc: 59.43
14:36:04 Epoch 47  EMA Test Acc: 49.3
Loss   5.77 Loss_Lx   5.49 Loss_Lu 0.00440
14:39:22 Epoch 48 Test Acc: 59.96
14:39:27 Epoch 48  EMA Test Acc: 57.15
Loss   5.69 Loss_Lx   5.39 Loss_Lu 0.00438
14:42:46 Epoch 49 Test Acc: 60.06
14:42:51 Epoch 49  EMA Test Acc: 52.5
Loss   5.76 Loss_Lx   5.44 Loss_Lu 0.00443
14:46:09 Epoch 50 Test Acc: 59.24
14:46:14 Epoch 50  EMA Test Acc: 60.38
Loss   5.81 Loss_Lx   5.48 Loss_Lu 0.00441
14:49:33 Epoch 51 Test Acc: 59.02
14:49:38 Epoch 51  EMA Test Acc: 58.09
Loss   5.63 Loss_Lx   5.30 Loss_Lu 0.00440
14:52:57 Epoch 52 Test Acc: 60.38
14:53:02 Epoch 52  EMA Test Acc: 59.02
Loss   5.77 Loss_Lx   5.44 Loss_Lu 0.00443
14:56:21 Epoch 53 Test Acc: 59.65
14:56:26 Epoch 53  EMA Test Acc: 60.75
Loss   5.68 Loss_Lx   5.35 Loss_Lu 0.00442
14:59:46 Epoch 54 Test Acc: 60.08
14:59:51 Epoch 54  EMA Test Acc: 60.03
Loss   5.61 Loss_Lx   5.28 Loss_Lu 0.00440
15:03:11 Epoch 55 Test Acc: 60.62
15:03:16 Epoch 55  EMA Test Acc: 62.15
Loss   5.64 Loss_Lx   5.30 Loss_Lu 0.00447
15:06:34 Epoch 56 Test Acc: 61.04
15:06:39 Epoch 56  EMA Test Acc: 60.69
Loss   5.66 Loss_Lx   5.32 Loss_Lu 0.00447
15:09:59 Epoch 57 Test Acc: 60.08
15:10:04 Epoch 57  EMA Test Acc: 62.14
Loss   5.54 Loss_Lx   5.20 Loss_Lu 0.00444
15:13:23 Epoch 58 Test Acc: 60.86
15:13:28 Epoch 58  EMA Test Acc: 62.89
Loss   5.53 Loss_Lx   5.20 Loss_Lu 0.00443
15:16:48 Epoch 59 Test Acc: 61.02
15:16:53 Epoch 59  EMA Test Acc: 62.29
Loss   5.60 Loss_Lx   5.27 Loss_Lu 0.00447
15:20:11 Epoch 60 Test Acc: 60.83
15:20:16 Epoch 60  EMA Test Acc: 62.65
Loss   5.59 Loss_Lx   5.26 Loss_Lu 0.00447
15:23:35 Epoch 61 Test Acc: 60.88
15:23:40 Epoch 61  EMA Test Acc: 62.7
Loss   5.52 Loss_Lx   5.18 Loss_Lu 0.00447
15:26:59 Epoch 62 Test Acc: 61.39
15:27:04 Epoch 62  EMA Test Acc: 62.6
Loss   5.44 Loss_Lx   5.11 Loss_Lu 0.00445
15:30:22 Epoch 63 Test Acc: 61.39
15:30:27 Epoch 63  EMA Test Acc: 61.39
