MoTTY X11 proxy: Authorisation not recognised

[36mIn case you are trying to start a graphical application with "sudo", read this article in order to avoid this issue:
[35m[4mhttps://blog.mobatek.net/post/how-to-keep-X11-display-after-su-or-sudo/[0m

Wed Jun 29 13:03:29 2022       
+-----------------------------------------------------------------------------+
| NVIDIA-SMI 510.60.02    Driver Version: 510.60.02    CUDA Version: 11.6     |
|-------------------------------+----------------------+----------------------+
| GPU  Name        Persistence-M| Bus-Id        Disp.A | Volatile Uncorr. ECC |
| Fan  Temp  Perf  Pwr:Usage/Cap|         Memory-Usage | GPU-Util  Compute M. |
|                               |                      |               MIG M. |
|===============================+======================+======================|
|   0  NVIDIA GeForce ...  On   | 00000000:1B:00.0 Off |                  N/A |
| 49%   51C    P2   130W / 350W |  19278MiB / 24576MiB |     14%      Default |
|                               |                      |                  N/A |
+-------------------------------+----------------------+----------------------+
|   1  NVIDIA GeForce ...  On   | 00000000:1C:00.0 Off |                  N/A |
| 56%   56C    P2   239W / 350W |  23836MiB / 24576MiB |    100%      Default |
|                               |                      |                  N/A |
+-------------------------------+----------------------+----------------------+
|   2  NVIDIA GeForce ...  On   | 00000000:1D:00.0 Off |                  N/A |
| 30%   35C    P8    20W / 350W |      3MiB / 24576MiB |      0%      Default |
|                               |                      |                  N/A |
+-------------------------------+----------------------+----------------------+
|   3  NVIDIA GeForce ...  On   | 00000000:1E:00.0 Off |                  N/A |
| 34%   38C    P8    29W / 350W |      3MiB / 24576MiB |      0%      Default |
|                               |                      |                  N/A |
+-------------------------------+----------------------+----------------------+
|   4  NVIDIA GeForce ...  On   | 00000000:3D:00.0 Off |                  N/A |
| 30%   29C    P8    26W / 350W |      3MiB / 24576MiB |      0%      Default |
|                               |                      |                  N/A |
+-------------------------------+----------------------+----------------------+
|   5  NVIDIA GeForce ...  On   | 00000000:3F:00.0 Off |                  N/A |
| 30%   32C    P8    18W / 350W |      3MiB / 24576MiB |      0%      Default |
|                               |                      |                  N/A |
+-------------------------------+----------------------+----------------------+
|   6  NVIDIA GeForce ...  On   | 00000000:40:00.0 Off |                  N/A |
| 65%   61C    P2   227W / 350W |  23988MiB / 24576MiB |     52%      Default |
|                               |                      |                  N/A |
+-------------------------------+----------------------+----------------------+
|   7  NVIDIA GeForce ...  On   | 00000000:41:00.0 Off |                  N/A |
| 62%   59C    P2   221W / 350W |  23998MiB / 24576MiB |     21%      Default |
|                               |                      |                  N/A |
+-------------------------------+----------------------+----------------------+
                                                                               
+-----------------------------------------------------------------------------+
| Processes:                                                                  |
|  GPU   GI   CI        PID   Type   Process name                  GPU Memory |
|        ID   ID                                                   Usage      |
|=============================================================================|
|    0   N/A  N/A     50639      C   python                          19275MiB |
|    1   N/A  N/A     60921      C   python                          23821MiB |
|    6   N/A  N/A     60921      C   python                          23973MiB |
|    7   N/A  N/A     60921      C   python                          23983MiB |
+-----------------------------------------------------------------------------+
Namespace(PES_lr=0.0001, T=0.5, T1=0, T2=5, alpha=4, batch_size=128, data_path='./data', data_percent=1, dataset='CIFAR10', ema=0.999, lambda_u=0, lr=0.02, noise_type='aggre_label', num_epochs=300, optim='cos', seed=1, weight_decay=0.0005)
Files already downloaded and verified
Files already downloaded and verified
Train Epoch: [0][  0/390]	Time   0.17	Data   0.00	Loss   3.83	Acc@1  30.25
13:04:49 Epoch 0 Test Acc: 41.3
13:04:54 Epoch 0  EMA Test Acc: 10.21
Train Epoch: [1][  0/390]	Time   0.17	Data   0.00	Loss   3.08	Acc@1  44.90
13:06:06 Epoch 1 Test Acc: 56.88
13:06:12 Epoch 1  EMA Test Acc: 12.69
Train Epoch: [2][  0/390]	Time   0.17	Data   0.00	Loss   2.61	Acc@1  55.05
13:07:25 Epoch 2 Test Acc: 63.14
13:07:30 Epoch 2  EMA Test Acc: 15.91
Train Epoch: [3][  0/390]	Time   0.17	Data   0.00	Loss   2.28	Acc@1  61.63
13:08:43 Epoch 3 Test Acc: 71.65
13:08:48 Epoch 3  EMA Test Acc: 17.23
Train Epoch: [4][  0/390]	Time   0.17	Data   0.00	Loss   2.02	Acc@1  66.77
13:10:02 Epoch 4 Test Acc: 75.01
13:10:07 Epoch 4  EMA Test Acc: 47.21
Train Epoch: [5][  0/390]	Time   0.17	Data   0.00	Loss   1.86	Acc@1  69.73
13:11:20 Epoch 5 Test Acc: 78.22
13:11:26 Epoch 5  EMA Test Acc: 62.61
Train Epoch: [6][  0/390]	Time   0.17	Data   0.00	Loss   1.75	Acc@1  71.79
13:12:39 Epoch 6 Test Acc: 78.42
13:12:45 Epoch 6  EMA Test Acc: 66.98
Train Epoch: [7][  0/390]	Time   0.17	Data   0.00	Loss   1.66	Acc@1  73.64
13:13:58 Epoch 7 Test Acc: 80.49
13:14:03 Epoch 7  EMA Test Acc: 66.06
Train Epoch: [8][  0/390]	Time   0.17	Data   0.00	Loss   1.59	Acc@1  74.72
13:15:17 Epoch 8 Test Acc: 79.8
13:15:22 Epoch 8  EMA Test Acc: 72.26
Train Epoch: [9][  0/390]	Time   0.17	Data   0.00	Loss   1.54	Acc@1  75.68
13:16:35 Epoch 9 Test Acc: 83.2
13:16:40 Epoch 9  EMA Test Acc: 73.41
Train Epoch: [10][  0/390]	Time   0.17	Data   0.00	Loss   1.48	Acc@1  76.65
13:17:54 Epoch 10 Test Acc: 82.31
13:17:59 Epoch 10  EMA Test Acc: 72.38
Train Epoch: [11][  0/390]	Time   0.17	Data   0.00	Loss   1.43	Acc@1  77.45
13:19:12 Epoch 11 Test Acc: 84.65
13:19:17 Epoch 11  EMA Test Acc: 76.04
Train Epoch: [12][  0/390]	Time   0.17	Data   0.00	Loss   1.39	Acc@1  78.56
13:20:31 Epoch 12 Test Acc: 84.71
13:20:36 Epoch 12  EMA Test Acc: 71.38
Train Epoch: [13][  0/390]	Time   0.17	Data   0.00	Loss   1.37	Acc@1  78.81
13:21:49 Epoch 13 Test Acc: 85.44
13:21:55 Epoch 13  EMA Test Acc: 54.18
Train Epoch: [14][  0/390]	Time   0.17	Data   0.00	Loss   1.34	Acc@1  79.51
13:23:08 Epoch 14 Test Acc: 83.77
13:23:13 Epoch 14  EMA Test Acc: 74.12
Train Epoch: [15][  0/390]	Time   0.17	Data   0.00	Loss   1.30	Acc@1  79.95
13:24:27 Epoch 15 Test Acc: 86.04
13:24:32 Epoch 15  EMA Test Acc: 72.17
Train Epoch: [16][  0/390]	Time   0.17	Data   0.00	Loss   1.28	Acc@1  80.37
13:25:46 Epoch 16 Test Acc: 84.66
13:25:51 Epoch 16  EMA Test Acc: 56.68
Train Epoch: [17][  0/390]	Time   0.17	Data   0.00	Loss   1.26	Acc@1  80.57
13:27:04 Epoch 17 Test Acc: 86.81
13:27:10 Epoch 17  EMA Test Acc: 71.84
Train Epoch: [18][  0/390]	Time   0.17	Data   0.00	Loss   1.24	Acc@1  81.04
13:28:23 Epoch 18 Test Acc: 85.29
13:28:28 Epoch 18  EMA Test Acc: 69.95
Train Epoch: [19][  0/390]	Time   0.17	Data   0.00	Loss   1.22	Acc@1  81.48
13:29:42 Epoch 19 Test Acc: 85.87
13:29:47 Epoch 19  EMA Test Acc: 72.76
re-initalize the final layer
Train Epoch: [0][  0/390]	Time   0.08	Data   0.00	Loss   2.61	Acc@1  70.50
13:30:24 Epoch 0 Test Acc: 84.23
Train Epoch: [1][  0/390]	Time   0.08	Data   0.00	Loss   1.63	Acc@1  79.57
13:31:00 Epoch 1 Test Acc: 86.82
Train Epoch: [2][  0/390]	Time   0.08	Data   0.00	Loss   1.35	Acc@1  81.50
13:31:38 Epoch 2 Test Acc: 87.75
Train Epoch: [3][  0/390]	Time   0.08	Data   0.00	Loss   1.25	Acc@1  82.30
13:32:15 Epoch 3 Test Acc: 88.27
Train Epoch: [4][  0/390]	Time   0.08	Data   0.00	Loss   1.20	Acc@1  82.62
13:32:52 Epoch 4 Test Acc: 88.44
Loss   2.96 Loss_Lx   2.96 Loss_Lu 0.03687
13:36:04 Epoch 20 Test Acc: 88.95
13:36:09 Epoch 20  EMA Test Acc: 66.23
Loss   2.87 Loss_Lx   2.85 Loss_Lu 0.03635
13:39:20 Epoch 21 Test Acc: 87.53
13:39:25 Epoch 21  EMA Test Acc: 36.68
Loss   2.80 Loss_Lx   2.77 Loss_Lu 0.03596
13:42:36 Epoch 22 Test Acc: 88.75
13:42:41 Epoch 22  EMA Test Acc: 25.96
Loss   2.79 Loss_Lx   2.75 Loss_Lu 0.03585
13:45:52 Epoch 23 Test Acc: 88.13
13:45:58 Epoch 23  EMA Test Acc: 21.05
Loss   2.76 Loss_Lx   2.71 Loss_Lu 0.03452
13:49:08 Epoch 24 Test Acc: 87.75
13:49:14 Epoch 24  EMA Test Acc: 30.21
Loss   2.75 Loss_Lx   2.69 Loss_Lu 0.03449
13:52:24 Epoch 25 Test Acc: 88.87
13:52:29 Epoch 25  EMA Test Acc: 17.09
Loss   2.78 Loss_Lx   2.71 Loss_Lu 0.03407
13:55:39 Epoch 26 Test Acc: 88.63
13:55:44 Epoch 26  EMA Test Acc: 11.39
Loss   2.75 Loss_Lx   2.67 Loss_Lu 0.03403
13:58:55 Epoch 27 Test Acc: 89.38
13:59:00 Epoch 27  EMA Test Acc: 14.06
Loss   2.76 Loss_Lx   2.67 Loss_Lu 0.03400
14:02:12 Epoch 28 Test Acc: 88.63
14:02:17 Epoch 28  EMA Test Acc: 14.34
Loss   2.75 Loss_Lx   2.65 Loss_Lu 0.03312
14:05:28 Epoch 29 Test Acc: 87.73
14:05:33 Epoch 29  EMA Test Acc: 16.7
Loss   2.74 Loss_Lx   2.63 Loss_Lu 0.03340
14:08:44 Epoch 30 Test Acc: 89.04
14:08:49 Epoch 30  EMA Test Acc: 20.4
Loss   2.72 Loss_Lx   2.60 Loss_Lu 0.03301
14:12:00 Epoch 31 Test Acc: 88.73
14:12:05 Epoch 31  EMA Test Acc: 34.6
Loss   2.72 Loss_Lx   2.59 Loss_Lu 0.03309
14:15:17 Epoch 32 Test Acc: 89.43
14:15:22 Epoch 32  EMA Test Acc: 29.72
Loss   2.74 Loss_Lx   2.60 Loss_Lu 0.03269
14:18:35 Epoch 33 Test Acc: 87.95
14:18:40 Epoch 33  EMA Test Acc: 21.86
Loss   2.69 Loss_Lx   2.55 Loss_Lu 0.03215
14:21:51 Epoch 34 Test Acc: 89.65
14:21:57 Epoch 34  EMA Test Acc: 59.28
Loss   2.73 Loss_Lx   2.57 Loss_Lu 0.03296
14:25:07 Epoch 35 Test Acc: 89.38
14:25:12 Epoch 35  EMA Test Acc: 45.65
Loss   2.71 Loss_Lx   2.55 Loss_Lu 0.03220
14:28:22 Epoch 36 Test Acc: 88.41
14:28:27 Epoch 36  EMA Test Acc: 21.53
Loss   2.69 Loss_Lx   2.52 Loss_Lu 0.03240
14:31:38 Epoch 37 Test Acc: 88.78
14:31:43 Epoch 37  EMA Test Acc: 46.0
Loss   2.73 Loss_Lx   2.57 Loss_Lu 0.03218
14:34:52 Epoch 38 Test Acc: 88.9
14:34:57 Epoch 38  EMA Test Acc: 50.38
Loss   2.67 Loss_Lx   2.51 Loss_Lu 0.03160
14:38:06 Epoch 39 Test Acc: 89.56
14:38:11 Epoch 39  EMA Test Acc: 44.88
Loss   2.67 Loss_Lx   2.51 Loss_Lu 0.03226
14:41:21 Epoch 40 Test Acc: 89.15
14:41:26 Epoch 40  EMA Test Acc: 72.99
Loss   2.66 Loss_Lx   2.50 Loss_Lu 0.03193
14:44:35 Epoch 41 Test Acc: 89.39
14:44:40 Epoch 41  EMA Test Acc: 54.65
Loss   2.66 Loss_Lx   2.50 Loss_Lu 0.03207
14:47:49 Epoch 42 Test Acc: 89.44
14:47:55 Epoch 42  EMA Test Acc: 68.68
Loss   2.61 Loss_Lx   2.45 Loss_Lu 0.03216
14:51:04 Epoch 43 Test Acc: 90.33
14:51:09 Epoch 43  EMA Test Acc: 75.16
Loss   2.62 Loss_Lx   2.46 Loss_Lu 0.03224
14:54:18 Epoch 44 Test Acc: 90.63
14:54:24 Epoch 44  EMA Test Acc: 55.36
Loss   2.63 Loss_Lx   2.47 Loss_Lu 0.03238
14:57:35 Epoch 45 Test Acc: 90.43
14:57:40 Epoch 45  EMA Test Acc: 86.88
Loss   2.63 Loss_Lx   2.47 Loss_Lu 0.03229
15:00:51 Epoch 46 Test Acc: 90.69
15:00:56 Epoch 46  EMA Test Acc: 81.27
Loss   2.62 Loss_Lx   2.46 Loss_Lu 0.03230
15:04:07 Epoch 47 Test Acc: 90.63
15:04:13 Epoch 47  EMA Test Acc: 83.38
Loss   2.59 Loss_Lx   2.43 Loss_Lu 0.03203
15:07:24 Epoch 48 Test Acc: 91.04
15:07:29 Epoch 48  EMA Test Acc: 86.62
Loss   2.62 Loss_Lx   2.46 Loss_Lu 0.03215
15:10:39 Epoch 49 Test Acc: 90.97
15:10:44 Epoch 49  EMA Test Acc: 84.83
Loss   2.60 Loss_Lx   2.43 Loss_Lu 0.03251
15:13:55 Epoch 50 Test Acc: 90.83
15:14:00 Epoch 50  EMA Test Acc: 82.83
Loss   2.59 Loss_Lx   2.43 Loss_Lu 0.03247
15:17:11 Epoch 51 Test Acc: 90.67
15:17:16 Epoch 51  EMA Test Acc: 88.73
Loss   2.56 Loss_Lx   2.40 Loss_Lu 0.03202
15:20:28 Epoch 52 Test Acc: 90.24
15:20:33 Epoch 52  EMA Test Acc: 90.38
Loss   2.55 Loss_Lx   2.39 Loss_Lu 0.03195
15:23:42 Epoch 53 Test Acc: 91.04
15:23:48 Epoch 53  EMA Test Acc: 89.8
Loss   2.59 Loss_Lx   2.42 Loss_Lu 0.03265
15:26:58 Epoch 54 Test Acc: 90.71
15:27:03 Epoch 54  EMA Test Acc: 90.1
Loss   2.58 Loss_Lx   2.42 Loss_Lu 0.03203
15:30:15 Epoch 55 Test Acc: 90.92
15:30:20 Epoch 55  EMA Test Acc: 91.94
