MoTTY X11 proxy: Authorisation not recognised

[36mIn case you are trying to start a graphical application with "sudo", read this article in order to avoid this issue:
[35m[4mhttps://blog.mobatek.net/post/how-to-keep-X11-display-after-su-or-sudo/[0m

Wed Jun 29 13:03:29 2022       
+-----------------------------------------------------------------------------+
| NVIDIA-SMI 510.60.02    Driver Version: 510.60.02    CUDA Version: 11.6     |
|-------------------------------+----------------------+----------------------+
| GPU  Name        Persistence-M| Bus-Id        Disp.A | Volatile Uncorr. ECC |
| Fan  Temp  Perf  Pwr:Usage/Cap|         Memory-Usage | GPU-Util  Compute M. |
|                               |                      |               MIG M. |
|===============================+======================+======================|
|   0  NVIDIA GeForce ...  On   | 00000000:1B:00.0 Off |                  N/A |
| 49%   51C    P2   130W / 350W |  19278MiB / 24576MiB |     14%      Default |
|                               |                      |                  N/A |
+-------------------------------+----------------------+----------------------+
|   1  NVIDIA GeForce ...  On   | 00000000:1C:00.0 Off |                  N/A |
| 56%   56C    P2   227W / 350W |  23836MiB / 24576MiB |     51%      Default |
|                               |                      |                  N/A |
+-------------------------------+----------------------+----------------------+
|   2  NVIDIA GeForce ...  On   | 00000000:1D:00.0 Off |                  N/A |
| 30%   35C    P8    20W / 350W |      3MiB / 24576MiB |      0%      Default |
|                               |                      |                  N/A |
+-------------------------------+----------------------+----------------------+
|   3  NVIDIA GeForce ...  On   | 00000000:1E:00.0 Off |                  N/A |
| 34%   38C    P8    29W / 350W |      3MiB / 24576MiB |      0%      Default |
|                               |                      |                  N/A |
+-------------------------------+----------------------+----------------------+
|   4  NVIDIA GeForce ...  On   | 00000000:3D:00.0 Off |                  N/A |
| 30%   29C    P8    26W / 350W |      3MiB / 24576MiB |      0%      Default |
|                               |                      |                  N/A |
+-------------------------------+----------------------+----------------------+
|   5  NVIDIA GeForce ...  On   | 00000000:3F:00.0 Off |                  N/A |
| 30%   32C    P8    18W / 350W |      3MiB / 24576MiB |      0%      Default |
|                               |                      |                  N/A |
+-------------------------------+----------------------+----------------------+
|   6  NVIDIA GeForce ...  On   | 00000000:40:00.0 Off |                  N/A |
| 65%   62C    P2   230W / 350W |  23988MiB / 24576MiB |     31%      Default |
|                               |                      |                  N/A |
+-------------------------------+----------------------+----------------------+
|   7  NVIDIA GeForce ...  On   | 00000000:41:00.0 Off |                  N/A |
| 62%   62C    P2   221W / 350W |  23998MiB / 24576MiB |     21%      Default |
|                               |                      |                  N/A |
+-------------------------------+----------------------+----------------------+
                                                                               
+-----------------------------------------------------------------------------+
| Processes:                                                                  |
|  GPU   GI   CI        PID   Type   Process name                  GPU Memory |
|        ID   ID                                                   Usage      |
|=============================================================================|
|    0   N/A  N/A     50639      C   python                          19275MiB |
|    1   N/A  N/A     60921      C   python                          23821MiB |
|    6   N/A  N/A     60921      C   python                          23973MiB |
|    7   N/A  N/A     60921      C   python                          23983MiB |
+-----------------------------------------------------------------------------+
Namespace(PES_lr=0.0001, T=0.5, T1=0, T2=5, alpha=4, batch_size=128, data_path='./data', data_percent=1, dataset='CIFAR10', ema=0.999, lambda_u=0, lr=0.02, noise_type='random_label2', num_epochs=300, optim='cos', seed=1, weight_decay=0.0005)
Files already downloaded and verified
Files already downloaded and verified
Train Epoch: [0][  0/390]	Time   0.17	Data   0.00	Loss   3.99	Acc@1  27.92
13:04:48 Epoch 0 Test Acc: 40.63
13:04:53 Epoch 0  EMA Test Acc: 10.21
Train Epoch: [1][  0/390]	Time   0.17	Data   0.00	Loss   3.39	Acc@1  40.60
13:06:05 Epoch 1 Test Acc: 50.85
13:06:10 Epoch 1  EMA Test Acc: 11.38
Train Epoch: [2][  0/390]	Time   0.17	Data   0.00	Loss   3.06	Acc@1  48.56
13:07:24 Epoch 2 Test Acc: 62.72
13:07:29 Epoch 2  EMA Test Acc: 20.13
Train Epoch: [3][  0/390]	Time   0.17	Data   0.00	Loss   2.80	Acc@1  53.66
13:08:43 Epoch 3 Test Acc: 64.26
13:08:48 Epoch 3  EMA Test Acc: 36.38
Train Epoch: [4][  0/390]	Time   0.17	Data   0.00	Loss   2.62	Acc@1  57.94
13:10:01 Epoch 4 Test Acc: 70.21
13:10:06 Epoch 4  EMA Test Acc: 46.38
Train Epoch: [5][  0/390]	Time   0.17	Data   0.00	Loss   2.47	Acc@1  60.80
13:11:20 Epoch 5 Test Acc: 70.93
13:11:25 Epoch 5  EMA Test Acc: 50.36
Train Epoch: [6][  0/390]	Time   0.18	Data   0.00	Loss   2.38	Acc@1  63.11
13:12:39 Epoch 6 Test Acc: 75.29
13:12:44 Epoch 6  EMA Test Acc: 38.18
Train Epoch: [7][  0/390]	Time   0.18	Data   0.00	Loss   2.30	Acc@1  64.96
13:13:58 Epoch 7 Test Acc: 75.63
13:14:03 Epoch 7  EMA Test Acc: 47.04
Train Epoch: [8][  0/390]	Time   0.17	Data   0.00	Loss   2.24	Acc@1  65.96
13:15:17 Epoch 8 Test Acc: 77.93
13:15:22 Epoch 8  EMA Test Acc: 54.76
Train Epoch: [9][  0/390]	Time   0.17	Data   0.00	Loss   2.19	Acc@1  66.99
13:16:35 Epoch 9 Test Acc: 80.64
13:16:40 Epoch 9  EMA Test Acc: 62.36
Train Epoch: [10][  0/390]	Time   0.17	Data   0.00	Loss   2.14	Acc@1  68.03
13:17:54 Epoch 10 Test Acc: 79.69
13:17:59 Epoch 10  EMA Test Acc: 44.98
Train Epoch: [11][  0/390]	Time   0.17	Data   0.00	Loss   2.10	Acc@1  68.66
13:19:12 Epoch 11 Test Acc: 82.63
13:19:18 Epoch 11  EMA Test Acc: 64.52
Train Epoch: [12][  0/390]	Time   0.17	Data   0.00	Loss   2.06	Acc@1  69.53
13:20:31 Epoch 12 Test Acc: 82.43
13:20:36 Epoch 12  EMA Test Acc: 42.74
Train Epoch: [13][  0/390]	Time   0.17	Data   0.00	Loss   2.05	Acc@1  69.80
13:21:50 Epoch 13 Test Acc: 83.03
13:21:55 Epoch 13  EMA Test Acc: 54.69
Train Epoch: [14][  0/390]	Time   0.17	Data   0.00	Loss   2.02	Acc@1  70.30
13:23:09 Epoch 14 Test Acc: 82.54
13:23:14 Epoch 14  EMA Test Acc: 64.86
Train Epoch: [15][  0/390]	Time   0.18	Data   0.00	Loss   1.99	Acc@1  71.06
13:24:27 Epoch 15 Test Acc: 82.25
13:24:32 Epoch 15  EMA Test Acc: 54.23
Train Epoch: [16][  0/390]	Time   0.18	Data   0.00	Loss   1.97	Acc@1  71.46
13:25:46 Epoch 16 Test Acc: 84.02
13:25:51 Epoch 16  EMA Test Acc: 45.84
Train Epoch: [17][  0/390]	Time   0.17	Data   0.00	Loss   1.96	Acc@1  71.62
13:27:05 Epoch 17 Test Acc: 82.61
13:27:10 Epoch 17  EMA Test Acc: 54.82
Train Epoch: [18][  0/390]	Time   0.17	Data   0.00	Loss   1.94	Acc@1  71.96
13:28:23 Epoch 18 Test Acc: 85.48
13:28:28 Epoch 18  EMA Test Acc: 67.79
Train Epoch: [19][  0/390]	Time   0.17	Data   0.00	Loss   1.92	Acc@1  72.38
13:29:42 Epoch 19 Test Acc: 83.68
13:29:47 Epoch 19  EMA Test Acc: 55.02
re-initalize the final layer
Train Epoch: [0][  0/390]	Time   0.08	Data   0.00	Loss   3.11	Acc@1  63.41
13:30:24 Epoch 0 Test Acc: 82.77
Train Epoch: [1][  0/390]	Time   0.08	Data   0.00	Loss   2.27	Acc@1  71.30
13:31:00 Epoch 1 Test Acc: 85.3
Train Epoch: [2][  0/390]	Time   0.08	Data   0.00	Loss   1.98	Acc@1  73.22
13:31:37 Epoch 2 Test Acc: 86.47
Train Epoch: [3][  0/390]	Time   0.08	Data   0.00	Loss   1.89	Acc@1  73.53
13:32:14 Epoch 3 Test Acc: 86.39
Train Epoch: [4][  0/390]	Time   0.08	Data   0.00	Loss   1.85	Acc@1  73.79
13:32:50 Epoch 4 Test Acc: 86.76
Loss   2.99 Loss_Lx   2.98 Loss_Lu 0.03709
13:36:01 Epoch 20 Test Acc: 87.34
13:36:06 Epoch 20  EMA Test Acc: 71.32
Loss   2.91 Loss_Lx   2.89 Loss_Lu 0.03522
13:39:18 Epoch 21 Test Acc: 87.28
13:39:24 Epoch 21  EMA Test Acc: 44.73
Loss   2.83 Loss_Lx   2.81 Loss_Lu 0.03450
13:42:36 Epoch 22 Test Acc: 86.32
13:42:41 Epoch 22  EMA Test Acc: 19.16
Loss   2.84 Loss_Lx   2.81 Loss_Lu 0.03409
13:45:53 Epoch 23 Test Acc: 86.83
13:45:58 Epoch 23  EMA Test Acc: 26.08
Loss   2.79 Loss_Lx   2.74 Loss_Lu 0.03365
13:49:11 Epoch 24 Test Acc: 88.0
13:49:16 Epoch 24  EMA Test Acc: 25.06
Loss   2.79 Loss_Lx   2.73 Loss_Lu 0.03341
13:52:28 Epoch 25 Test Acc: 87.67
13:52:34 Epoch 25  EMA Test Acc: 25.63
Loss   2.80 Loss_Lx   2.73 Loss_Lu 0.03349
13:55:45 Epoch 26 Test Acc: 87.01
13:55:50 Epoch 26  EMA Test Acc: 20.25
Loss   2.77 Loss_Lx   2.69 Loss_Lu 0.03291
13:59:02 Epoch 27 Test Acc: 87.69
13:59:07 Epoch 27  EMA Test Acc: 24.03
Loss   2.80 Loss_Lx   2.71 Loss_Lu 0.03258
14:02:20 Epoch 28 Test Acc: 87.6
14:02:25 Epoch 28  EMA Test Acc: 24.39
Loss   2.77 Loss_Lx   2.68 Loss_Lu 0.03214
14:05:37 Epoch 29 Test Acc: 87.12
14:05:43 Epoch 29  EMA Test Acc: 45.61
Loss   2.78 Loss_Lx   2.67 Loss_Lu 0.03221
14:08:53 Epoch 30 Test Acc: 87.65
14:08:59 Epoch 30  EMA Test Acc: 28.14
Loss   2.74 Loss_Lx   2.63 Loss_Lu 0.03235
14:12:11 Epoch 31 Test Acc: 87.87
14:12:16 Epoch 31  EMA Test Acc: 29.34
Loss   2.75 Loss_Lx   2.62 Loss_Lu 0.03177
14:15:28 Epoch 32 Test Acc: 87.69
14:15:34 Epoch 32  EMA Test Acc: 61.03
Loss   2.77 Loss_Lx   2.63 Loss_Lu 0.03202
14:18:47 Epoch 33 Test Acc: 89.0
14:18:52 Epoch 33  EMA Test Acc: 64.21
Loss   2.71 Loss_Lx   2.57 Loss_Lu 0.03172
14:22:03 Epoch 34 Test Acc: 88.84
14:22:09 Epoch 34  EMA Test Acc: 60.76
Loss   2.74 Loss_Lx   2.59 Loss_Lu 0.03178
14:25:20 Epoch 35 Test Acc: 88.36
14:25:25 Epoch 35  EMA Test Acc: 68.33
Loss   2.74 Loss_Lx   2.58 Loss_Lu 0.03169
14:28:37 Epoch 36 Test Acc: 86.95
14:28:42 Epoch 36  EMA Test Acc: 68.37
