nohup: ignoring input
Wed Jun 29 14:32:11 2022       
+-----------------------------------------------------------------------------+
| NVIDIA-SMI 510.60.02    Driver Version: 510.60.02    CUDA Version: 11.6     |
|-------------------------------+----------------------+----------------------+
| GPU  Name        Persistence-M| Bus-Id        Disp.A | Volatile Uncorr. ECC |
| Fan  Temp  Perf  Pwr:Usage/Cap|         Memory-Usage | GPU-Util  Compute M. |
|                               |                      |               MIG M. |
|===============================+======================+======================|
|   0  NVIDIA GeForce ...  On   | 00000000:1B:00.0 Off |                  N/A |
| 69%   66C    P2   196W / 350W |  19278MiB / 24576MiB |     27%      Default |
|                               |                      |                  N/A |
+-------------------------------+----------------------+----------------------+
|   1  NVIDIA GeForce ...  On   | 00000000:1C:00.0 Off |                  N/A |
| 30%   33C    P8    21W / 350W |  23844MiB / 24576MiB |      0%      Default |
|                               |                      |                  N/A |
+-------------------------------+----------------------+----------------------+
|   2  NVIDIA GeForce ...  On   | 00000000:1D:00.0 Off |                  N/A |
| 89%   76C    P2   325W / 350W |   8872MiB / 24576MiB |    100%      Default |
|                               |                      |                  N/A |
+-------------------------------+----------------------+----------------------+
|   3  NVIDIA GeForce ...  On   | 00000000:1E:00.0 Off |                  N/A |
| 77%   70C    P2   342W / 350W |   8878MiB / 24576MiB |     99%      Default |
|                               |                      |                  N/A |
+-------------------------------+----------------------+----------------------+
|   4  NVIDIA GeForce ...  On   | 00000000:3D:00.0 Off |                  N/A |
| 80%   72C    P2   338W / 350W |   8872MiB / 24576MiB |    100%      Default |
|                               |                      |                  N/A |
+-------------------------------+----------------------+----------------------+
|   5  NVIDIA GeForce ...  On   | 00000000:3F:00.0 Off |                  N/A |
| 63%   51C    P8    20W / 350W |      3MiB / 24576MiB |      0%      Default |
|                               |                      |                  N/A |
+-------------------------------+----------------------+----------------------+
|   6  NVIDIA GeForce ...  On   | 00000000:40:00.0 Off |                  N/A |
| 33%   36C    P8    20W / 350W |  23988MiB / 24576MiB |      0%      Default |
|                               |                      |                  N/A |
+-------------------------------+----------------------+----------------------+
|   7  NVIDIA GeForce ...  On   | 00000000:41:00.0 Off |                  N/A |
| 39%   41C    P8    17W / 350W |  23998MiB / 24576MiB |      0%      Default |
|                               |                      |                  N/A |
+-------------------------------+----------------------+----------------------+
                                                                               
+-----------------------------------------------------------------------------+
| Processes:                                                                  |
|  GPU   GI   CI        PID   Type   Process name                  GPU Memory |
|        ID   ID                                                   Usage      |
|=============================================================================|
|    0   N/A  N/A     50639      C   python                          19275MiB |
|    1   N/A  N/A     60921      C   python                          23829MiB |
|    2   N/A  N/A     20943      C   python                           8869MiB |
|    3   N/A  N/A     20944      C   python                           8875MiB |
|    4   N/A  N/A     20941      C   python                           8869MiB |
|    6   N/A  N/A     60921      C   python                          23973MiB |
|    7   N/A  N/A     60921      C   python                          23983MiB |
+-----------------------------------------------------------------------------+
Namespace(PES_lr=0.0001, T=0.5, T1=0, T2=5, alpha=4, batch_size=128, data_path='./data', data_percent=1, dataset='CIFAR10', ema=0.999, lambda_u=0, lr=0.02, noise_type='random_label1', num_epochs=300, optim='cos', seed=1, weight_decay=0.0005)
Files already downloaded and verified
Files already downloaded and verified
Train Epoch: [0][  0/390]	Time   0.17	Data   0.00	Loss   4.19	Acc@1  24.23
14:33:30 Epoch 0 Test Acc: 39.81
14:33:35 Epoch 0  EMA Test Acc: 9.77
Train Epoch: [1][  0/390]	Time   0.17	Data   0.00	Loss   3.62	Acc@1  35.05
14:34:48 Epoch 1 Test Acc: 44.23
14:34:53 Epoch 1  EMA Test Acc: 9.77
Train Epoch: [2][  0/390]	Time   0.17	Data   0.00	Loss   3.33	Acc@1  41.69
14:36:06 Epoch 2 Test Acc: 52.2
14:36:11 Epoch 2  EMA Test Acc: 23.85
Train Epoch: [3][  0/390]	Time   0.17	Data   0.00	Loss   3.04	Acc@1  48.28
14:37:25 Epoch 3 Test Acc: 62.38
14:37:30 Epoch 3  EMA Test Acc: 34.56
Train Epoch: [4][  0/390]	Time   0.17	Data   0.00	Loss   2.82	Acc@1  52.88
14:38:43 Epoch 4 Test Acc: 66.8
14:38:48 Epoch 4  EMA Test Acc: 37.71
Train Epoch: [5][  0/390]	Time   0.17	Data   0.00	Loss   2.65	Acc@1  56.70
14:40:02 Epoch 5 Test Acc: 68.31
14:40:07 Epoch 5  EMA Test Acc: 36.27
Train Epoch: [6][  0/390]	Time   0.17	Data   0.00	Loss   2.53	Acc@1  58.95
14:41:20 Epoch 6 Test Acc: 71.92
14:41:25 Epoch 6  EMA Test Acc: 22.76
Train Epoch: [7][  0/390]	Time   0.17	Data   0.00	Loss   2.42	Acc@1  61.70
14:42:39 Epoch 7 Test Acc: 74.07
14:42:44 Epoch 7  EMA Test Acc: 19.12
Train Epoch: [8][  0/390]	Time   0.17	Data   0.00	Loss   2.33	Acc@1  63.57
14:43:57 Epoch 8 Test Acc: 76.78
14:44:02 Epoch 8  EMA Test Acc: 13.96
Train Epoch: [9][  0/390]	Time   0.17	Data   0.00	Loss   2.27	Acc@1  64.76
14:45:16 Epoch 9 Test Acc: 76.64
14:45:21 Epoch 9  EMA Test Acc: 28.48
Train Epoch: [10][  0/390]	Time   0.17	Data   0.00	Loss   2.20	Acc@1  66.15
14:46:34 Epoch 10 Test Acc: 77.95
14:46:39 Epoch 10  EMA Test Acc: 35.35
Train Epoch: [11][  0/390]	Time   0.17	Data   0.00	Loss   2.16	Acc@1  67.05
14:47:52 Epoch 11 Test Acc: 79.67
14:47:58 Epoch 11  EMA Test Acc: 37.7
Train Epoch: [12][  0/390]	Time   0.17	Data   0.00	Loss   2.10	Acc@1  68.42
14:49:11 Epoch 12 Test Acc: 79.38
14:49:16 Epoch 12  EMA Test Acc: 36.67
Train Epoch: [13][  0/390]	Time   0.17	Data   0.00	Loss   2.07	Acc@1  68.78
14:50:29 Epoch 13 Test Acc: 80.06
14:50:35 Epoch 13  EMA Test Acc: 49.47
Train Epoch: [14][  0/390]	Time   0.17	Data   0.00	Loss   2.03	Acc@1  69.56
14:51:48 Epoch 14 Test Acc: 81.26
14:51:53 Epoch 14  EMA Test Acc: 40.21
Train Epoch: [15][  0/390]	Time   0.17	Data   0.00	Loss   1.99	Acc@1  70.10
14:53:07 Epoch 15 Test Acc: 81.43
14:53:12 Epoch 15  EMA Test Acc: 45.6
Train Epoch: [16][  0/390]	Time   0.17	Data   0.00	Loss   1.97	Acc@1  70.99
14:54:26 Epoch 16 Test Acc: 78.89
14:54:31 Epoch 16  EMA Test Acc: 55.22
Train Epoch: [17][  0/390]	Time   0.17	Data   0.00	Loss   1.95	Acc@1  71.15
14:55:45 Epoch 17 Test Acc: 83.01
14:55:50 Epoch 17  EMA Test Acc: 62.54
Train Epoch: [18][  0/390]	Time   0.18	Data   0.00	Loss   1.93	Acc@1  71.43
14:57:04 Epoch 18 Test Acc: 82.03
14:57:09 Epoch 18  EMA Test Acc: 59.73
Train Epoch: [19][  0/390]	Time   0.18	Data   0.00	Loss   1.92	Acc@1  71.63
14:58:23 Epoch 19 Test Acc: 84.48
14:58:28 Epoch 19  EMA Test Acc: 69.05
re-initalize the final layer
Train Epoch: [0][  0/390]	Time   0.08	Data   0.00	Loss   3.15	Acc@1  61.46
14:59:05 Epoch 0 Test Acc: 81.33
Train Epoch: [1][  0/390]	Time   0.08	Data   0.00	Loss   2.31	Acc@1  70.27
14:59:42 Epoch 1 Test Acc: 83.91
Train Epoch: [2][  0/390]	Time   0.08	Data   0.00	Loss   2.02	Acc@1  72.57
15:00:20 Epoch 2 Test Acc: 85.41
Train Epoch: [3][  0/390]	Time   0.08	Data   0.00	Loss   1.90	Acc@1  73.39
15:00:57 Epoch 3 Test Acc: 85.75
Train Epoch: [4][  0/390]	Time   0.08	Data   0.00	Loss   1.85	Acc@1  73.78
15:01:35 Epoch 4 Test Acc: 85.92
Loss   3.04 Loss_Lx   3.04 Loss_Lu 0.03710
15:04:46 Epoch 20 Test Acc: 86.4
15:04:51 Epoch 20  EMA Test Acc: 69.46
Loss   2.94 Loss_Lx   2.92 Loss_Lu 0.03575
15:08:02 Epoch 21 Test Acc: 86.36
15:08:08 Epoch 21  EMA Test Acc: 35.6
Loss   2.87 Loss_Lx   2.85 Loss_Lu 0.03491
15:11:20 Epoch 22 Test Acc: 86.09
15:11:25 Epoch 22  EMA Test Acc: 14.97
Loss   2.88 Loss_Lx   2.84 Loss_Lu 0.03436
15:14:36 Epoch 23 Test Acc: 85.64
15:14:41 Epoch 23  EMA Test Acc: 10.91
Loss   2.83 Loss_Lx   2.78 Loss_Lu 0.03356
15:17:53 Epoch 24 Test Acc: 86.46
15:17:58 Epoch 24  EMA Test Acc: 18.21
Loss   2.83 Loss_Lx   2.77 Loss_Lu 0.03409
15:21:10 Epoch 25 Test Acc: 86.09
15:21:16 Epoch 25  EMA Test Acc: 33.46
Loss   2.85 Loss_Lx   2.78 Loss_Lu 0.03354
15:24:27 Epoch 26 Test Acc: 86.62
15:24:32 Epoch 26  EMA Test Acc: 10.72
Loss   2.82 Loss_Lx   2.75 Loss_Lu 0.03312
15:27:44 Epoch 27 Test Acc: 87.06
15:27:49 Epoch 27  EMA Test Acc: 23.04
Loss   2.83 Loss_Lx   2.74 Loss_Lu 0.03338
15:31:03 Epoch 28 Test Acc: 86.98
15:31:08 Epoch 28  EMA Test Acc: 37.34
