MoTTY X11 proxy: Authorisation not recognised

[36mIn case you are trying to start a graphical application with "sudo", read this article in order to avoid this issue:
[35m[4mhttps://blog.mobatek.net/post/how-to-keep-X11-display-after-su-or-sudo/[0m

Wed Jun 29 13:03:29 2022       
+-----------------------------------------------------------------------------+
| NVIDIA-SMI 510.60.02    Driver Version: 510.60.02    CUDA Version: 11.6     |
|-------------------------------+----------------------+----------------------+
| GPU  Name        Persistence-M| Bus-Id        Disp.A | Volatile Uncorr. ECC |
| Fan  Temp  Perf  Pwr:Usage/Cap|         Memory-Usage | GPU-Util  Compute M. |
|                               |                      |               MIG M. |
|===============================+======================+======================|
|   0  NVIDIA GeForce ...  On   | 00000000:1B:00.0 Off |                  N/A |
| 49%   51C    P2   131W / 350W |  19278MiB / 24576MiB |     14%      Default |
|                               |                      |                  N/A |
+-------------------------------+----------------------+----------------------+
|   1  NVIDIA GeForce ...  On   | 00000000:1C:00.0 Off |                  N/A |
| 56%   56C    P2   239W / 350W |  23836MiB / 24576MiB |    100%      Default |
|                               |                      |                  N/A |
+-------------------------------+----------------------+----------------------+
|   2  NVIDIA GeForce ...  On   | 00000000:1D:00.0 Off |                  N/A |
| 30%   35C    P8    20W / 350W |      3MiB / 24576MiB |      0%      Default |
|                               |                      |                  N/A |
+-------------------------------+----------------------+----------------------+
|   3  NVIDIA GeForce ...  On   | 00000000:1E:00.0 Off |                  N/A |
| 34%   38C    P8    29W / 350W |      3MiB / 24576MiB |      0%      Default |
|                               |                      |                  N/A |
+-------------------------------+----------------------+----------------------+
|   4  NVIDIA GeForce ...  On   | 00000000:3D:00.0 Off |                  N/A |
| 30%   29C    P8    26W / 350W |      3MiB / 24576MiB |      0%      Default |
|                               |                      |                  N/A |
+-------------------------------+----------------------+----------------------+
|   5  NVIDIA GeForce ...  On   | 00000000:3F:00.0 Off |                  N/A |
| 30%   32C    P8    18W / 350W |      3MiB / 24576MiB |      0%      Default |
|                               |                      |                  N/A |
+-------------------------------+----------------------+----------------------+
|   6  NVIDIA GeForce ...  On   | 00000000:40:00.0 Off |                  N/A |
| 64%   61C    P2   238W / 350W |  23988MiB / 24576MiB |     52%      Default |
|                               |                      |                  N/A |
+-------------------------------+----------------------+----------------------+
|   7  NVIDIA GeForce ...  On   | 00000000:41:00.0 Off |                  N/A |
| 62%   59C    P2   229W / 350W |  23998MiB / 24576MiB |     80%      Default |
|                               |                      |                  N/A |
+-------------------------------+----------------------+----------------------+
                                                                               
+-----------------------------------------------------------------------------+
| Processes:                                                                  |
|  GPU   GI   CI        PID   Type   Process name                  GPU Memory |
|        ID   ID                                                   Usage      |
|=============================================================================|
|    0   N/A  N/A     50639      C   python                          19275MiB |
|    1   N/A  N/A     60921      C   python                          23821MiB |
|    6   N/A  N/A     60921      C   python                          23973MiB |
|    7   N/A  N/A     60921      C   python                          23983MiB |
+-----------------------------------------------------------------------------+
Namespace(PES_lr=0.0001, T=0.5, T1=0, T2=5, alpha=4, batch_size=128, data_path='./data', data_percent=1, dataset='CIFAR10', ema=0.999, lambda_u=0, lr=0.02, noise_type='worse_label', num_epochs=300, optim='cos', seed=1, weight_decay=0.0005)
Files already downloaded and verified
Files already downloaded and verified
Train Epoch: [0][  0/390]	Time   0.17	Data   0.00	Loss   4.20	Acc@1  23.53
13:04:48 Epoch 0 Test Acc: 37.17
13:04:53 Epoch 0  EMA Test Acc: 9.91
Train Epoch: [1][  0/390]	Time   0.17	Data   0.00	Loss   3.85	Acc@1  31.31
13:06:05 Epoch 1 Test Acc: 49.6
13:06:10 Epoch 1  EMA Test Acc: 12.62
Train Epoch: [2][  0/390]	Time   0.17	Data   0.00	Loss   3.65	Acc@1  36.56
13:07:22 Epoch 2 Test Acc: 57.03
13:07:27 Epoch 2  EMA Test Acc: 18.01
Train Epoch: [3][  0/390]	Time   0.17	Data   0.00	Loss   3.52	Acc@1  39.75
13:08:40 Epoch 3 Test Acc: 57.18
13:08:45 Epoch 3  EMA Test Acc: 34.55
Train Epoch: [4][  0/390]	Time   0.17	Data   0.00	Loss   3.42	Acc@1  42.29
13:09:58 Epoch 4 Test Acc: 61.45
13:10:03 Epoch 4  EMA Test Acc: 46.81
Train Epoch: [5][  0/390]	Time   0.17	Data   0.00	Loss   3.34	Acc@1  44.38
13:11:15 Epoch 5 Test Acc: 64.98
13:11:21 Epoch 5  EMA Test Acc: 42.02
Train Epoch: [6][  0/390]	Time   0.17	Data   0.00	Loss   3.27	Acc@1  46.01
13:12:34 Epoch 6 Test Acc: 69.05
13:12:39 Epoch 6  EMA Test Acc: 47.81
Train Epoch: [7][  0/390]	Time   0.17	Data   0.00	Loss   3.21	Acc@1  47.72
13:13:52 Epoch 7 Test Acc: 71.11
13:13:57 Epoch 7  EMA Test Acc: 44.92
Train Epoch: [8][  0/390]	Time   0.17	Data   0.00	Loss   3.17	Acc@1  48.57
13:15:09 Epoch 8 Test Acc: 70.63
13:15:15 Epoch 8  EMA Test Acc: 33.33
Train Epoch: [9][  0/390]	Time   0.17	Data   0.00	Loss   3.12	Acc@1  49.76
13:16:27 Epoch 9 Test Acc: 75.41
13:16:32 Epoch 9  EMA Test Acc: 23.78
Train Epoch: [10][  0/390]	Time   0.17	Data   0.00	Loss   3.09	Acc@1  50.62
13:17:45 Epoch 10 Test Acc: 72.42
13:17:50 Epoch 10  EMA Test Acc: 46.83
Train Epoch: [11][  0/390]	Time   0.17	Data   0.00	Loss   3.06	Acc@1  51.26
13:19:03 Epoch 11 Test Acc: 74.57
13:19:08 Epoch 11  EMA Test Acc: 51.25
Train Epoch: [12][  0/390]	Time   0.17	Data   0.00	Loss   3.04	Acc@1  51.57
13:20:20 Epoch 12 Test Acc: 76.08
13:20:25 Epoch 12  EMA Test Acc: 54.56
Train Epoch: [13][  0/390]	Time   0.17	Data   0.00	Loss   3.01	Acc@1  52.32
13:21:38 Epoch 13 Test Acc: 74.59
13:21:43 Epoch 13  EMA Test Acc: 33.05
Train Epoch: [14][  0/390]	Time   0.17	Data   0.00	Loss   2.99	Acc@1  52.93
13:22:55 Epoch 14 Test Acc: 76.71
13:23:01 Epoch 14  EMA Test Acc: 49.28
Train Epoch: [15][  0/390]	Time   0.17	Data   0.00	Loss   2.98	Acc@1  52.96
13:24:13 Epoch 15 Test Acc: 75.45
13:24:19 Epoch 15  EMA Test Acc: 51.17
Train Epoch: [16][  0/390]	Time   0.17	Data   0.00	Loss   2.96	Acc@1  53.31
13:25:31 Epoch 16 Test Acc: 74.93
13:25:36 Epoch 16  EMA Test Acc: 64.17
Train Epoch: [17][  0/390]	Time   0.17	Data   0.00	Loss   2.95	Acc@1  53.56
13:26:49 Epoch 17 Test Acc: 77.08
13:26:54 Epoch 17  EMA Test Acc: 51.1
Train Epoch: [18][  0/390]	Time   0.17	Data   0.00	Loss   2.94	Acc@1  53.91
13:28:07 Epoch 18 Test Acc: 76.96
13:28:12 Epoch 18  EMA Test Acc: 37.52
Train Epoch: [19][  0/390]	Time   0.17	Data   0.00	Loss   2.92	Acc@1  54.34
13:29:25 Epoch 19 Test Acc: 79.03
13:29:30 Epoch 19  EMA Test Acc: 42.18
re-initalize the final layer
Train Epoch: [0][  0/390]	Time   0.08	Data   0.00	Loss   3.70	Acc@1  47.23
13:30:06 Epoch 0 Test Acc: 76.77
Train Epoch: [1][  0/390]	Time   0.08	Data   0.00	Loss   3.19	Acc@1  53.09
13:30:42 Epoch 1 Test Acc: 79.69
Train Epoch: [2][  0/390]	Time   0.08	Data   0.00	Loss   2.99	Acc@1  54.55
13:31:18 Epoch 2 Test Acc: 80.98
Train Epoch: [3][  0/390]	Time   0.08	Data   0.00	Loss   2.92	Acc@1  55.00
13:31:54 Epoch 3 Test Acc: 81.45
Train Epoch: [4][  0/390]	Time   0.08	Data   0.00	Loss   2.87	Acc@1  55.40
13:32:30 Epoch 4 Test Acc: 81.53
Loss   3.12 Loss_Lx   3.11 Loss_Lu 0.03536
13:35:47 Epoch 20 Test Acc: 82.1
13:35:52 Epoch 20  EMA Test Acc: 66.12
Loss   3.02 Loss_Lx   3.00 Loss_Lu 0.03339
13:39:09 Epoch 21 Test Acc: 81.1
13:39:14 Epoch 21  EMA Test Acc: 66.1
Loss   2.94 Loss_Lx   2.91 Loss_Lu 0.03265
13:42:31 Epoch 22 Test Acc: 81.71
13:42:36 Epoch 22  EMA Test Acc: 50.05
Loss   2.93 Loss_Lx   2.89 Loss_Lu 0.03254
13:45:53 Epoch 23 Test Acc: 81.47
13:45:58 Epoch 23  EMA Test Acc: 36.67
Loss   2.89 Loss_Lx   2.84 Loss_Lu 0.03190
13:49:15 Epoch 24 Test Acc: 82.37
13:49:20 Epoch 24  EMA Test Acc: 45.18
Loss   2.88 Loss_Lx   2.82 Loss_Lu 0.03209
13:52:37 Epoch 25 Test Acc: 83.29
13:52:42 Epoch 25  EMA Test Acc: 51.43
Loss   2.89 Loss_Lx   2.82 Loss_Lu 0.03154
13:55:59 Epoch 26 Test Acc: 83.5
13:56:04 Epoch 26  EMA Test Acc: 54.86
Loss   2.86 Loss_Lx   2.79 Loss_Lu 0.03150
13:59:20 Epoch 27 Test Acc: 83.25
13:59:26 Epoch 27  EMA Test Acc: 55.0
Loss   2.87 Loss_Lx   2.79 Loss_Lu 0.03112
14:02:43 Epoch 28 Test Acc: 83.91
14:02:48 Epoch 28  EMA Test Acc: 36.47
Loss   2.86 Loss_Lx   2.77 Loss_Lu 0.03085
14:06:05 Epoch 29 Test Acc: 84.33
14:06:10 Epoch 29  EMA Test Acc: 63.01
Loss   2.84 Loss_Lx   2.74 Loss_Lu 0.03103
14:09:26 Epoch 30 Test Acc: 84.31
14:09:31 Epoch 30  EMA Test Acc: 57.05
Loss   2.81 Loss_Lx   2.70 Loss_Lu 0.03038
14:12:48 Epoch 31 Test Acc: 84.26
14:12:53 Epoch 31  EMA Test Acc: 45.61
Loss   2.82 Loss_Lx   2.70 Loss_Lu 0.03042
14:16:10 Epoch 32 Test Acc: 85.07
14:16:16 Epoch 32  EMA Test Acc: 64.36
Loss   2.82 Loss_Lx   2.70 Loss_Lu 0.03049
14:19:33 Epoch 33 Test Acc: 85.36
14:19:38 Epoch 33  EMA Test Acc: 47.8
Loss   2.79 Loss_Lx   2.65 Loss_Lu 0.02993
14:22:55 Epoch 34 Test Acc: 84.34
14:23:00 Epoch 34  EMA Test Acc: 55.07
Loss   2.83 Loss_Lx   2.68 Loss_Lu 0.03022
14:26:16 Epoch 35 Test Acc: 85.85
14:26:21 Epoch 35  EMA Test Acc: 43.47
Loss   2.81 Loss_Lx   2.66 Loss_Lu 0.02983
14:29:38 Epoch 36 Test Acc: 86.01
14:29:43 Epoch 36  EMA Test Acc: 55.53
Loss   2.77 Loss_Lx   2.62 Loss_Lu 0.02974
14:32:57 Epoch 37 Test Acc: 86.46
14:33:03 Epoch 37  EMA Test Acc: 44.12
Loss   2.81 Loss_Lx   2.66 Loss_Lu 0.02995
14:36:17 Epoch 38 Test Acc: 85.28
14:36:22 Epoch 38  EMA Test Acc: 71.83
Loss   2.76 Loss_Lx   2.61 Loss_Lu 0.02965
14:39:37 Epoch 39 Test Acc: 86.8
14:39:42 Epoch 39  EMA Test Acc: 47.8
Loss   2.75 Loss_Lx   2.60 Loss_Lu 0.02931
14:42:57 Epoch 40 Test Acc: 86.6
14:43:02 Epoch 40  EMA Test Acc: 56.14
Loss   2.75 Loss_Lx   2.60 Loss_Lu 0.02955
14:46:15 Epoch 41 Test Acc: 87.68
14:46:20 Epoch 41  EMA Test Acc: 80.29
Loss   2.74 Loss_Lx   2.59 Loss_Lu 0.02985
14:49:35 Epoch 42 Test Acc: 87.49
14:49:40 Epoch 42  EMA Test Acc: 76.21
Loss   2.70 Loss_Lx   2.55 Loss_Lu 0.02970
14:52:54 Epoch 43 Test Acc: 88.07
14:53:00 Epoch 43  EMA Test Acc: 83.03
Loss   2.70 Loss_Lx   2.55 Loss_Lu 0.02958
14:56:15 Epoch 44 Test Acc: 87.62
14:56:20 Epoch 44  EMA Test Acc: 83.25
Loss   2.70 Loss_Lx   2.55 Loss_Lu 0.02934
14:59:36 Epoch 45 Test Acc: 87.47
14:59:41 Epoch 45  EMA Test Acc: 84.02
Loss   2.72 Loss_Lx   2.57 Loss_Lu 0.02961
15:02:57 Epoch 46 Test Acc: 87.1
15:03:03 Epoch 46  EMA Test Acc: 80.42
Loss   2.68 Loss_Lx   2.54 Loss_Lu 0.02947
15:06:19 Epoch 47 Test Acc: 88.49
15:06:24 Epoch 47  EMA Test Acc: 82.02
Loss   2.66 Loss_Lx   2.51 Loss_Lu 0.02910
15:09:40 Epoch 48 Test Acc: 87.43
15:09:45 Epoch 48  EMA Test Acc: 79.74
Loss   2.68 Loss_Lx   2.53 Loss_Lu 0.02951
15:13:01 Epoch 49 Test Acc: 88.5
15:13:06 Epoch 49  EMA Test Acc: 85.06
Loss   2.65 Loss_Lx   2.51 Loss_Lu 0.02945
15:16:23 Epoch 50 Test Acc: 88.13
15:16:28 Epoch 50  EMA Test Acc: 86.95
Loss   2.68 Loss_Lx   2.53 Loss_Lu 0.02964
15:19:44 Epoch 51 Test Acc: 88.37
15:19:49 Epoch 51  EMA Test Acc: 85.44
Loss   2.63 Loss_Lx   2.49 Loss_Lu 0.02923
15:23:05 Epoch 52 Test Acc: 89.51
15:23:10 Epoch 52  EMA Test Acc: 86.57
Loss   2.61 Loss_Lx   2.46 Loss_Lu 0.02932
15:26:27 Epoch 53 Test Acc: 89.31
15:26:32 Epoch 53  EMA Test Acc: 88.5
Loss   2.65 Loss_Lx   2.50 Loss_Lu 0.02984
15:29:48 Epoch 54 Test Acc: 87.65
15:29:53 Epoch 54  EMA Test Acc: 84.43
