Sun Jul 10 00:14:24 2022       
+-----------------------------------------------------------------------------+
| NVIDIA-SMI 515.48.07    Driver Version: 515.48.07    CUDA Version: 11.7     |
|-------------------------------+----------------------+----------------------+
| GPU  Name        Persistence-M| Bus-Id        Disp.A | Volatile Uncorr. ECC |
| Fan  Temp  Perf  Pwr:Usage/Cap|         Memory-Usage | GPU-Util  Compute M. |
|                               |                      |               MIG M. |
|===============================+======================+======================|
|   0  NVIDIA A100-SXM...  Off  | 00000000:39:00.0 Off |                    0 |
| N/A   38C    P0    72W / 400W |   1920MiB / 81920MiB |      0%      Default |
|                               |                      |             Disabled |
+-------------------------------+----------------------+----------------------+
|   1  NVIDIA A100-SXM...  Off  | 00000000:3E:00.0 Off |                    0 |
| N/A   40C    P0   209W / 400W |   2172MiB / 81920MiB |     65%      Default |
|                               |                      |             Disabled |
+-------------------------------+----------------------+----------------------+
|   2  NVIDIA A100-SXM...  Off  | 00000000:4D:00.0 Off |                    0 |
| N/A   32C    P0    68W / 400W |      7MiB / 81920MiB |      0%      Default |
|                               |                      |             Disabled |
+-------------------------------+----------------------+----------------------+
|   3  NVIDIA A100-SXM...  Off  | 00000000:53:00.0 Off |                    0 |
| N/A   40C    P0    86W / 400W |   2082MiB / 81920MiB |      0%      Default |
|                               |                      |             Disabled |
+-------------------------------+----------------------+----------------------+
|   4  NVIDIA A100-SXM...  Off  | 00000000:8A:00.0 Off |                    0 |
| N/A   36C    P0    66W / 400W |      7MiB / 81920MiB |      0%      Default |
|                               |                      |             Disabled |
+-------------------------------+----------------------+----------------------+
|   5  NVIDIA A100-SXM...  Off  | 00000000:8E:00.0 Off |                    0 |
| N/A   32C    P0    68W / 400W |      7MiB / 81920MiB |      0%      Default |
|                               |                      |             Disabled |
+-------------------------------+----------------------+----------------------+
|   6  NVIDIA A100-SXM...  Off  | 00000000:A8:00.0 Off |                    0 |
| N/A   30C    P0    67W / 400W |      7MiB / 81920MiB |      0%      Default |
|                               |                      |             Disabled |
+-------------------------------+----------------------+----------------------+
|   7  NVIDIA A100-SXM...  Off  | 00000000:AB:00.0 Off |                    0 |
| N/A   34C    P0    68W / 400W |      7MiB / 81920MiB |      0%      Default |
|                               |                      |             Disabled |
+-------------------------------+----------------------+----------------------+
                                                                               
+-----------------------------------------------------------------------------+
| Processes:                                                                  |
|  GPU   GI   CI        PID   Type   Process name                  GPU Memory |
|        ID   ID                                                   Usage      |
|=============================================================================|
|    0   N/A  N/A      3443      G   /usr/lib/xorg/Xorg                  4MiB |
|    0   N/A  N/A   3018211      C   ...a/envs/hy39/bin/python3.9     1913MiB |
|    1   N/A  N/A      3443      G   /usr/lib/xorg/Xorg                  4MiB |
|    1   N/A  N/A   2879116      C   python                           2165MiB |
|    2   N/A  N/A      3443      G   /usr/lib/xorg/Xorg                  4MiB |
|    3   N/A  N/A      3443      G   /usr/lib/xorg/Xorg                  4MiB |
|    3   N/A  N/A   1254267      C   python                           2075MiB |
|    4   N/A  N/A      3443      G   /usr/lib/xorg/Xorg                  4MiB |
|    5   N/A  N/A      3443      G   /usr/lib/xorg/Xorg                  4MiB |
|    6   N/A  N/A      3443      G   /usr/lib/xorg/Xorg                  4MiB |
|    7   N/A  N/A      3443      G   /usr/lib/xorg/Xorg                  4MiB |
+-----------------------------------------------------------------------------+
Namespace(PES_lr=0.0001, T=0.5, T1=0, T2=5, alpha=4, batch_size=128, data_path='./data', data_percent=1, dataset='CIFAR100', ema=0.997, lambda_u=0, lr=0.02, noise_type='aggre_label', num_epochs=300, optim='cos', seed=3, weight_decay=0.0005)
Files already downloaded and verified
Files already downloaded and verified
Train Epoch: [0][  0/390]	Time   0.10	Data   0.00	Loss   8.59	Acc@1   5.07
00:15:22 Epoch 0 Test Acc: 8.98
00:15:25 Epoch 0  EMA Test Acc: 2.12
Train Epoch: [1][  0/390]	Time   0.10	Data   0.00	Loss   8.00	Acc@1   9.12
00:16:07 Epoch 1 Test Acc: 12.35
00:16:10 Epoch 1  EMA Test Acc: 8.45
Train Epoch: [2][  0/390]	Time   0.10	Data   0.00	Loss   7.51	Acc@1  13.15
00:16:52 Epoch 2 Test Acc: 18.63
00:16:54 Epoch 2  EMA Test Acc: 10.85
Train Epoch: [3][  0/390]	Time   0.10	Data   0.00	Loss   7.01	Acc@1  17.39
00:17:36 Epoch 3 Test Acc: 24.0
00:17:39 Epoch 3  EMA Test Acc: 12.79
Train Epoch: [4][  0/390]	Time   0.10	Data   0.00	Loss   6.52	Acc@1  22.01
00:18:21 Epoch 4 Test Acc: 29.44
00:18:24 Epoch 4  EMA Test Acc: 18.13
Train Epoch: [5][  0/390]	Time   0.10	Data   0.00	Loss   6.15	Acc@1  25.64
00:19:06 Epoch 5 Test Acc: 33.54
00:19:08 Epoch 5  EMA Test Acc: 31.5
Train Epoch: [6][  0/390]	Time   0.10	Data   0.00	Loss   5.84	Acc@1  29.11
00:19:51 Epoch 6 Test Acc: 37.48
00:19:53 Epoch 6  EMA Test Acc: 37.53
Train Epoch: [7][  0/390]	Time   0.10	Data   0.00	Loss   5.61	Acc@1  31.37
00:20:35 Epoch 7 Test Acc: 40.74
00:20:38 Epoch 7  EMA Test Acc: 42.24
Train Epoch: [8][  0/390]	Time   0.10	Data   0.00	Loss   5.42	Acc@1  33.37
00:21:20 Epoch 8 Test Acc: 39.79
00:21:23 Epoch 8  EMA Test Acc: 46.71
Train Epoch: [9][  0/390]	Time   0.10	Data   0.00	Loss   5.31	Acc@1  34.71
00:22:05 Epoch 9 Test Acc: 42.2
00:22:07 Epoch 9  EMA Test Acc: 46.49
Train Epoch: [10][  0/390]	Time   0.10	Data   0.00	Loss   5.13	Acc@1  36.60
00:22:50 Epoch 10 Test Acc: 45.53
00:22:52 Epoch 10  EMA Test Acc: 48.77
Train Epoch: [11][  0/390]	Time   0.10	Data   0.00	Loss   5.04	Acc@1  37.53
00:23:34 Epoch 11 Test Acc: 47.74
00:23:37 Epoch 11  EMA Test Acc: 51.88
Train Epoch: [12][  0/390]	Time   0.10	Data   0.00	Loss   4.92	Acc@1  39.09
00:24:19 Epoch 12 Test Acc: 48.13
00:24:22 Epoch 12  EMA Test Acc: 49.2
Train Epoch: [13][  0/390]	Time   0.10	Data   0.00	Loss   4.81	Acc@1  40.29
00:25:05 Epoch 13 Test Acc: 47.85
00:25:07 Epoch 13  EMA Test Acc: 50.25
Train Epoch: [14][  0/390]	Time   0.10	Data   0.00	Loss   4.75	Acc@1  40.89
00:25:50 Epoch 14 Test Acc: 50.08
00:25:52 Epoch 14  EMA Test Acc: 53.94
Train Epoch: [15][  0/390]	Time   0.10	Data   0.00	Loss   4.64	Acc@1  42.02
00:26:35 Epoch 15 Test Acc: 49.88
00:26:37 Epoch 15  EMA Test Acc: 54.46
Train Epoch: [16][  0/390]	Time   0.10	Data   0.00	Loss   4.56	Acc@1  43.09
00:27:19 Epoch 16 Test Acc: 51.45
00:27:22 Epoch 16  EMA Test Acc: 53.37
Train Epoch: [17][  0/390]	Time   0.10	Data   0.00	Loss   4.48	Acc@1  43.99
00:28:04 Epoch 17 Test Acc: 52.69
00:28:07 Epoch 17  EMA Test Acc: 54.2
Train Epoch: [18][  0/390]	Time   0.10	Data   0.00	Loss   4.41	Acc@1  44.81
00:28:49 Epoch 18 Test Acc: 49.98
00:28:52 Epoch 18  EMA Test Acc: 54.87
Train Epoch: [19][  0/390]	Time   0.10	Data   0.00	Loss   4.36	Acc@1  45.28
00:29:34 Epoch 19 Test Acc: 50.77
00:29:37 Epoch 19  EMA Test Acc: 55.54
Train Epoch: [20][  0/390]	Time   0.10	Data   0.00	Loss   4.28	Acc@1  46.18
00:30:19 Epoch 20 Test Acc: 52.94
00:30:22 Epoch 20  EMA Test Acc: 55.31
Train Epoch: [21][  0/390]	Time   0.10	Data   0.00	Loss   4.24	Acc@1  46.59
00:31:04 Epoch 21 Test Acc: 51.63
00:31:07 Epoch 21  EMA Test Acc: 56.71
Train Epoch: [22][  0/390]	Time   0.10	Data   0.00	Loss   4.17	Acc@1  47.01
00:31:49 Epoch 22 Test Acc: 49.05
00:31:52 Epoch 22  EMA Test Acc: 57.71
Train Epoch: [23][  0/390]	Time   0.10	Data   0.00	Loss   4.12	Acc@1  47.72
00:32:34 Epoch 23 Test Acc: 54.67
00:32:37 Epoch 23  EMA Test Acc: 58.61
Train Epoch: [24][  0/390]	Time   0.10	Data   0.00	Loss   4.07	Acc@1  48.37
00:33:19 Epoch 24 Test Acc: 52.42
00:33:22 Epoch 24  EMA Test Acc: 55.47
Train Epoch: [25][  0/390]	Time   0.10	Data   0.00	Loss   4.03	Acc@1  48.73
00:34:04 Epoch 25 Test Acc: 55.67
00:34:07 Epoch 25  EMA Test Acc: 57.29
Train Epoch: [26][  0/390]	Time   0.10	Data   0.00	Loss   3.96	Acc@1  49.27
00:34:49 Epoch 26 Test Acc: 53.69
00:34:52 Epoch 26  EMA Test Acc: 60.35
Train Epoch: [27][  0/390]	Time   0.10	Data   0.00	Loss   3.90	Acc@1  49.82
00:35:34 Epoch 27 Test Acc: 53.45
00:35:37 Epoch 27  EMA Test Acc: 58.76
Train Epoch: [28][  0/390]	Time   0.10	Data   0.00	Loss   3.85	Acc@1  50.33
00:36:19 Epoch 28 Test Acc: 54.72
00:36:22 Epoch 28  EMA Test Acc: 56.76
Train Epoch: [29][  0/390]	Time   0.10	Data   0.00	Loss   3.81	Acc@1  50.69
00:37:04 Epoch 29 Test Acc: 53.91
00:37:07 Epoch 29  EMA Test Acc: 58.38
Train Epoch: [30][  0/390]	Time   0.10	Data   0.00	Loss   3.75	Acc@1  51.37
00:37:49 Epoch 30 Test Acc: 53.53
00:37:52 Epoch 30  EMA Test Acc: 59.76
Train Epoch: [31][  0/390]	Time   0.10	Data   0.00	Loss   3.74	Acc@1  51.61
00:38:34 Epoch 31 Test Acc: 53.33
00:38:36 Epoch 31  EMA Test Acc: 58.53
Train Epoch: [32][  0/390]	Time   0.10	Data   0.00	Loss   3.65	Acc@1  52.46
00:39:19 Epoch 32 Test Acc: 53.53
00:39:21 Epoch 32  EMA Test Acc: 59.27
Train Epoch: [33][  0/390]	Time   0.10	Data   0.00	Loss   3.60	Acc@1  53.00
00:40:04 Epoch 33 Test Acc: 53.15
00:40:06 Epoch 33  EMA Test Acc: 58.77
Train Epoch: [34][  0/390]	Time   0.10	Data   0.00	Loss   3.57	Acc@1  53.04
00:40:49 Epoch 34 Test Acc: 53.84
00:40:51 Epoch 34  EMA Test Acc: 60.53
re-initalize the final layer
Train Epoch: [0][  0/390]	Time   0.05	Data   0.00	Loss   6.81	Acc@1  39.44
00:41:12 Epoch 0 Test Acc: 54.95
Train Epoch: [1][  0/390]	Time   0.05	Data   0.00	Loss   5.20	Acc@1  52.92
00:41:33 Epoch 1 Test Acc: 56.94
Train Epoch: [2][  0/390]	Time   0.05	Data   0.00	Loss   4.63	Acc@1  54.78
00:41:54 Epoch 2 Test Acc: 57.69
Train Epoch: [3][  0/390]	Time   0.05	Data   0.00	Loss   4.27	Acc@1  55.80
00:42:15 Epoch 3 Test Acc: 58.39
Train Epoch: [4][  0/390]	Time   0.05	Data   0.00	Loss   4.03	Acc@1  55.96
00:42:36 Epoch 4 Test Acc: 58.34
Loss   6.45 Loss_Lx   6.44 Loss_Lu 0.00437
00:44:22 Epoch 35 Test Acc: 58.83
00:44:25 Epoch 35  EMA Test Acc: 54.16
Loss   6.15 Loss_Lx   6.12 Loss_Lu 0.00455
00:46:12 Epoch 36 Test Acc: 58.48
00:46:15 Epoch 36  EMA Test Acc: 58.95
Loss   6.09 Loss_Lx   6.04 Loss_Lu 0.00469
00:48:02 Epoch 37 Test Acc: 60.12
00:48:05 Epoch 37  EMA Test Acc: 56.95
Loss   6.06 Loss_Lx   5.98 Loss_Lu 0.00475
00:49:52 Epoch 38 Test Acc: 60.19
00:49:54 Epoch 38  EMA Test Acc: 58.35
Loss   6.02 Loss_Lx   5.92 Loss_Lu 0.00483
00:51:41 Epoch 39 Test Acc: 60.21
00:51:44 Epoch 39  EMA Test Acc: 58.09
Loss   5.99 Loss_Lx   5.86 Loss_Lu 0.00487
00:53:32 Epoch 40 Test Acc: 59.34
00:53:34 Epoch 40  EMA Test Acc: 60.71
Loss   6.01 Loss_Lx   5.86 Loss_Lu 0.00488
00:55:22 Epoch 41 Test Acc: 60.19
00:55:24 Epoch 41  EMA Test Acc: 58.14
Loss   5.91 Loss_Lx   5.74 Loss_Lu 0.00489
00:57:12 Epoch 42 Test Acc: 59.33
00:57:14 Epoch 42  EMA Test Acc: 60.0
Loss   6.02 Loss_Lx   5.82 Loss_Lu 0.00493
00:59:02 Epoch 43 Test Acc: 60.94
00:59:04 Epoch 43  EMA Test Acc: 60.73
Loss   5.93 Loss_Lx   5.71 Loss_Lu 0.00494
01:00:51 Epoch 44 Test Acc: 60.13
01:00:54 Epoch 44  EMA Test Acc: 61.26
Loss   5.93 Loss_Lx   5.68 Loss_Lu 0.00493
01:02:41 Epoch 45 Test Acc: 59.72
01:02:44 Epoch 45  EMA Test Acc: 61.89
Loss   5.92 Loss_Lx   5.65 Loss_Lu 0.00497
01:04:31 Epoch 46 Test Acc: 60.69
01:04:33 Epoch 46  EMA Test Acc: 61.88
Loss   6.00 Loss_Lx   5.71 Loss_Lu 0.00497
01:06:21 Epoch 47 Test Acc: 60.75
01:06:23 Epoch 47  EMA Test Acc: 62.39
Loss   5.92 Loss_Lx   5.61 Loss_Lu 0.00497
01:08:10 Epoch 48 Test Acc: 59.29
01:08:13 Epoch 48  EMA Test Acc: 59.37
Loss   6.00 Loss_Lx   5.66 Loss_Lu 0.00500
01:10:01 Epoch 49 Test Acc: 60.65
01:10:03 Epoch 49  EMA Test Acc: 61.24
Loss   5.87 Loss_Lx   5.51 Loss_Lu 0.00499
01:11:50 Epoch 50 Test Acc: 59.98
01:11:53 Epoch 50  EMA Test Acc: 62.05
Loss   5.94 Loss_Lx   5.56 Loss_Lu 0.00503
01:13:41 Epoch 51 Test Acc: 61.01
01:13:44 Epoch 51  EMA Test Acc: 63.29
Loss   5.89 Loss_Lx   5.51 Loss_Lu 0.00498
01:15:31 Epoch 52 Test Acc: 61.12
01:15:34 Epoch 52  EMA Test Acc: 62.21
Loss   5.88 Loss_Lx   5.51 Loss_Lu 0.00498
01:17:22 Epoch 53 Test Acc: 61.3
01:17:24 Epoch 53  EMA Test Acc: 62.27
Loss   5.81 Loss_Lx   5.44 Loss_Lu 0.00498
01:19:12 Epoch 54 Test Acc: 61.32
01:19:15 Epoch 54  EMA Test Acc: 63.61
Loss   5.80 Loss_Lx   5.42 Loss_Lu 0.00500
01:21:02 Epoch 55 Test Acc: 61.69
01:21:05 Epoch 55  EMA Test Acc: 62.53
Loss   5.87 Loss_Lx   5.49 Loss_Lu 0.00502
01:22:52 Epoch 56 Test Acc: 61.54
01:22:55 Epoch 56  EMA Test Acc: 63.0
Loss   5.76 Loss_Lx   5.39 Loss_Lu 0.00496
01:24:42 Epoch 57 Test Acc: 61.18
01:24:45 Epoch 57  EMA Test Acc: 62.46
Loss   5.79 Loss_Lx   5.42 Loss_Lu 0.00503
01:26:33 Epoch 58 Test Acc: 61.85
01:26:36 Epoch 58  EMA Test Acc: 63.06
Loss   5.83 Loss_Lx   5.46 Loss_Lu 0.00501
01:28:22 Epoch 59 Test Acc: 62.27
01:28:25 Epoch 59  EMA Test Acc: 64.41
Loss   5.71 Loss_Lx   5.34 Loss_Lu 0.00501
01:30:12 Epoch 60 Test Acc: 61.19
01:30:15 Epoch 60  EMA Test Acc: 63.92
Loss   5.68 Loss_Lx   5.31 Loss_Lu 0.00504
01:32:02 Epoch 61 Test Acc: 61.63
01:32:05 Epoch 61  EMA Test Acc: 63.26
Loss   5.77 Loss_Lx   5.40 Loss_Lu 0.00505
01:33:52 Epoch 62 Test Acc: 62.71
01:33:55 Epoch 62  EMA Test Acc: 64.26
Loss   5.63 Loss_Lx   5.26 Loss_Lu 0.00503
01:35:43 Epoch 63 Test Acc: 62.68
01:35:45 Epoch 63  EMA Test Acc: 63.96
Loss   5.64 Loss_Lx   5.26 Loss_Lu 0.00503
01:37:33 Epoch 64 Test Acc: 62.56
01:37:35 Epoch 64  EMA Test Acc: 63.32
Loss   5.65 Loss_Lx   5.27 Loss_Lu 0.00504
01:39:23 Epoch 65 Test Acc: 63.54
01:39:26 Epoch 65  EMA Test Acc: 64.32
Loss   5.68 Loss_Lx   5.30 Loss_Lu 0.00506
01:41:13 Epoch 66 Test Acc: 62.94
01:41:16 Epoch 66  EMA Test Acc: 63.63
Loss   5.67 Loss_Lx   5.29 Loss_Lu 0.00507
01:43:02 Epoch 67 Test Acc: 62.2
01:43:05 Epoch 67  EMA Test Acc: 64.6
Loss   5.66 Loss_Lx   5.28 Loss_Lu 0.00507
01:44:53 Epoch 68 Test Acc: 62.27
01:44:55 Epoch 68  EMA Test Acc: 64.81
Loss   5.66 Loss_Lx   5.28 Loss_Lu 0.00507
01:46:43 Epoch 69 Test Acc: 63.03
01:46:45 Epoch 69  EMA Test Acc: 62.88
Loss   5.56 Loss_Lx   5.18 Loss_Lu 0.00506
01:48:33 Epoch 70 Test Acc: 62.89
01:48:36 Epoch 70  EMA Test Acc: 63.15
Loss   5.57 Loss_Lx   5.19 Loss_Lu 0.00505
01:50:23 Epoch 71 Test Acc: 62.36
01:50:26 Epoch 71  EMA Test Acc: 63.61
Loss   5.56 Loss_Lx   5.18 Loss_Lu 0.00507
01:52:13 Epoch 72 Test Acc: 63.37
01:52:16 Epoch 72  EMA Test Acc: 64.33
Loss   5.55 Loss_Lx   5.17 Loss_Lu 0.00508
01:54:03 Epoch 73 Test Acc: 63.18
01:54:06 Epoch 73  EMA Test Acc: 64.76
Loss   5.53 Loss_Lx   5.15 Loss_Lu 0.00507
01:55:53 Epoch 74 Test Acc: 62.59
01:55:56 Epoch 74  EMA Test Acc: 65.03
Loss   5.45 Loss_Lx   5.07 Loss_Lu 0.00506
01:57:43 Epoch 75 Test Acc: 64.05
01:57:46 Epoch 75  EMA Test Acc: 64.12
Loss   5.45 Loss_Lx   5.07 Loss_Lu 0.00505
01:59:34 Epoch 76 Test Acc: 63.29
01:59:36 Epoch 76  EMA Test Acc: 65.51
Loss   5.43 Loss_Lx   5.05 Loss_Lu 0.00505
02:01:24 Epoch 77 Test Acc: 62.96
02:01:26 Epoch 77  EMA Test Acc: 64.87
Loss   5.47 Loss_Lx   5.08 Loss_Lu 0.00508
02:03:14 Epoch 78 Test Acc: 63.02
02:03:16 Epoch 78  EMA Test Acc: 65.95
Loss   5.44 Loss_Lx   5.05 Loss_Lu 0.00508
02:05:04 Epoch 79 Test Acc: 63.92
02:05:06 Epoch 79  EMA Test Acc: 64.99
Loss   5.45 Loss_Lx   5.06 Loss_Lu 0.00511
02:06:55 Epoch 80 Test Acc: 64.03
02:06:57 Epoch 80  EMA Test Acc: 66.51
Loss   5.42 Loss_Lx   5.04 Loss_Lu 0.00509
02:08:45 Epoch 81 Test Acc: 64.17
02:08:47 Epoch 81  EMA Test Acc: 66.22
Loss   5.38 Loss_Lx   5.00 Loss_Lu 0.00507
02:10:35 Epoch 82 Test Acc: 63.69
02:10:37 Epoch 82  EMA Test Acc: 64.3
Loss   5.42 Loss_Lx   5.04 Loss_Lu 0.00509
02:12:25 Epoch 83 Test Acc: 63.5
02:12:27 Epoch 83  EMA Test Acc: 64.96
Loss   5.37 Loss_Lx   4.99 Loss_Lu 0.00506
02:14:15 Epoch 84 Test Acc: 63.62
02:14:18 Epoch 84  EMA Test Acc: 65.97
Loss   5.36 Loss_Lx   4.98 Loss_Lu 0.00508
02:16:05 Epoch 85 Test Acc: 64.08
02:16:07 Epoch 85  EMA Test Acc: 64.39
Loss   5.37 Loss_Lx   4.99 Loss_Lu 0.00509
02:17:55 Epoch 86 Test Acc: 64.44
02:17:58 Epoch 86  EMA Test Acc: 65.57
Loss   5.34 Loss_Lx   4.96 Loss_Lu 0.00505
02:19:45 Epoch 87 Test Acc: 64.12
02:19:48 Epoch 87  EMA Test Acc: 66.52
Loss   5.31 Loss_Lx   4.93 Loss_Lu 0.00505
02:21:35 Epoch 88 Test Acc: 64.3
02:21:38 Epoch 88  EMA Test Acc: 65.28
Loss   5.33 Loss_Lx   4.95 Loss_Lu 0.00506
02:23:25 Epoch 89 Test Acc: 64.73
02:23:28 Epoch 89  EMA Test Acc: 64.81
Loss   5.24 Loss_Lx   4.86 Loss_Lu 0.00504
02:25:15 Epoch 90 Test Acc: 64.92
02:25:18 Epoch 90  EMA Test Acc: 66.82
Loss   5.26 Loss_Lx   4.88 Loss_Lu 0.00504
02:27:05 Epoch 91 Test Acc: 63.62
02:27:08 Epoch 91  EMA Test Acc: 65.16
Loss   5.29 Loss_Lx   4.91 Loss_Lu 0.00508
02:28:55 Epoch 92 Test Acc: 64.88
02:28:58 Epoch 92  EMA Test Acc: 65.1
Loss   5.27 Loss_Lx   4.89 Loss_Lu 0.00508
02:30:45 Epoch 93 Test Acc: 64.98
02:30:48 Epoch 93  EMA Test Acc: 65.77
Loss   5.22 Loss_Lx   4.85 Loss_Lu 0.00506
02:32:35 Epoch 94 Test Acc: 65.24
02:32:38 Epoch 94  EMA Test Acc: 65.48
Loss   5.26 Loss_Lx   4.88 Loss_Lu 0.00504
02:34:25 Epoch 95 Test Acc: 65.21
02:34:28 Epoch 95  EMA Test Acc: 66.44
Loss   5.21 Loss_Lx   4.83 Loss_Lu 0.00507
02:36:14 Epoch 96 Test Acc: 65.3
02:36:17 Epoch 96  EMA Test Acc: 66.8
Loss   5.26 Loss_Lx   4.88 Loss_Lu 0.00509
02:38:03 Epoch 97 Test Acc: 65.72
02:38:06 Epoch 97  EMA Test Acc: 65.67
Loss   5.27 Loss_Lx   4.89 Loss_Lu 0.00507
02:39:53 Epoch 98 Test Acc: 66.6
02:39:56 Epoch 98  EMA Test Acc: 66.42
Loss   5.20 Loss_Lx   4.82 Loss_Lu 0.00507
02:41:43 Epoch 99 Test Acc: 65.03
02:41:45 Epoch 99  EMA Test Acc: 66.58
Loss   5.19 Loss_Lx   4.81 Loss_Lu 0.00505
02:43:32 Epoch 100 Test Acc: 65.84
02:43:34 Epoch 100  EMA Test Acc: 67.59
Loss   5.14 Loss_Lx   4.76 Loss_Lu 0.00504
02:45:21 Epoch 101 Test Acc: 66.05
02:45:24 Epoch 101  EMA Test Acc: 67.42
Loss   5.10 Loss_Lx   4.72 Loss_Lu 0.00506
02:47:11 Epoch 102 Test Acc: 65.85
02:47:14 Epoch 102  EMA Test Acc: 67.23
Loss   5.12 Loss_Lx   4.73 Loss_Lu 0.00507
02:49:01 Epoch 103 Test Acc: 65.74
02:49:04 Epoch 103  EMA Test Acc: 66.6
Loss   5.10 Loss_Lx   4.73 Loss_Lu 0.00506
02:50:51 Epoch 104 Test Acc: 65.82
02:50:53 Epoch 104  EMA Test Acc: 66.52
Loss   5.11 Loss_Lx   4.73 Loss_Lu 0.00507
02:52:40 Epoch 105 Test Acc: 65.48
02:52:43 Epoch 105  EMA Test Acc: 66.55
Loss   5.04 Loss_Lx   4.66 Loss_Lu 0.00504
02:54:30 Epoch 106 Test Acc: 65.54
02:54:33 Epoch 106  EMA Test Acc: 66.92
Loss   5.10 Loss_Lx   4.72 Loss_Lu 0.00506
02:56:20 Epoch 107 Test Acc: 65.74
02:56:23 Epoch 107  EMA Test Acc: 67.05
Loss   5.04 Loss_Lx   4.66 Loss_Lu 0.00501
02:58:09 Epoch 108 Test Acc: 66.29
02:58:12 Epoch 108  EMA Test Acc: 67.87
Loss   5.03 Loss_Lx   4.65 Loss_Lu 0.00504
02:59:58 Epoch 109 Test Acc: 65.95
03:00:01 Epoch 109  EMA Test Acc: 66.41
Loss   5.01 Loss_Lx   4.63 Loss_Lu 0.00503
03:01:48 Epoch 110 Test Acc: 66.17
03:01:51 Epoch 110  EMA Test Acc: 67.35
Loss   5.03 Loss_Lx   4.65 Loss_Lu 0.00506
03:03:38 Epoch 111 Test Acc: 66.06
03:03:41 Epoch 111  EMA Test Acc: 67.59
Loss   5.06 Loss_Lx   4.68 Loss_Lu 0.00507
03:05:27 Epoch 112 Test Acc: 66.95
03:05:30 Epoch 112  EMA Test Acc: 66.54
Loss   5.02 Loss_Lx   4.64 Loss_Lu 0.00505
03:07:17 Epoch 113 Test Acc: 66.31
03:07:20 Epoch 113  EMA Test Acc: 67.82
Loss   4.99 Loss_Lx   4.61 Loss_Lu 0.00505
03:09:06 Epoch 114 Test Acc: 65.96
03:09:09 Epoch 114  EMA Test Acc: 67.07
Loss   5.00 Loss_Lx   4.62 Loss_Lu 0.00505
03:10:55 Epoch 115 Test Acc: 67.44
03:10:58 Epoch 115  EMA Test Acc: 69.0
Loss   4.95 Loss_Lx   4.58 Loss_Lu 0.00503
03:12:44 Epoch 116 Test Acc: 65.71
03:12:47 Epoch 116  EMA Test Acc: 67.84
Loss   4.93 Loss_Lx   4.55 Loss_Lu 0.00498
03:14:34 Epoch 117 Test Acc: 66.97
03:14:36 Epoch 117  EMA Test Acc: 68.12
Loss   4.93 Loss_Lx   4.56 Loss_Lu 0.00502
03:16:23 Epoch 118 Test Acc: 66.91
03:16:25 Epoch 118  EMA Test Acc: 67.83
Loss   4.91 Loss_Lx   4.53 Loss_Lu 0.00501
03:18:11 Epoch 119 Test Acc: 67.26
03:18:14 Epoch 119  EMA Test Acc: 67.88
Loss   4.91 Loss_Lx   4.53 Loss_Lu 0.00499
03:19:59 Epoch 120 Test Acc: 66.61
03:20:02 Epoch 120  EMA Test Acc: 68.33
Loss   4.93 Loss_Lx   4.55 Loss_Lu 0.00504
03:21:48 Epoch 121 Test Acc: 67.7
03:21:51 Epoch 121  EMA Test Acc: 68.2
Loss   4.92 Loss_Lx   4.54 Loss_Lu 0.00505
03:23:36 Epoch 122 Test Acc: 67.29
03:23:39 Epoch 122  EMA Test Acc: 68.03
Loss   4.91 Loss_Lx   4.53 Loss_Lu 0.00501
03:25:25 Epoch 123 Test Acc: 67.04
03:25:28 Epoch 123  EMA Test Acc: 68.38
Loss   4.81 Loss_Lx   4.44 Loss_Lu 0.00500
03:27:15 Epoch 124 Test Acc: 68.17
03:27:18 Epoch 124  EMA Test Acc: 69.01
Loss   4.87 Loss_Lx   4.50 Loss_Lu 0.00501
03:29:06 Epoch 125 Test Acc: 67.49
03:29:08 Epoch 125  EMA Test Acc: 68.07
Loss   4.82 Loss_Lx   4.44 Loss_Lu 0.00501
03:30:56 Epoch 126 Test Acc: 67.54
03:30:59 Epoch 126  EMA Test Acc: 68.51
Loss   4.78 Loss_Lx   4.40 Loss_Lu 0.00498
03:32:47 Epoch 127 Test Acc: 68.41
03:32:50 Epoch 127  EMA Test Acc: 67.89
Loss   4.80 Loss_Lx   4.43 Loss_Lu 0.00499
03:34:37 Epoch 128 Test Acc: 67.79
03:34:40 Epoch 128  EMA Test Acc: 67.93
Loss   4.77 Loss_Lx   4.40 Loss_Lu 0.00496
03:36:28 Epoch 129 Test Acc: 67.99
03:36:30 Epoch 129  EMA Test Acc: 68.96
Loss   4.84 Loss_Lx   4.47 Loss_Lu 0.00503
03:38:18 Epoch 130 Test Acc: 67.98
03:38:20 Epoch 130  EMA Test Acc: 68.5
Loss   4.75 Loss_Lx   4.37 Loss_Lu 0.00499
03:40:07 Epoch 131 Test Acc: 67.42
03:40:10 Epoch 131  EMA Test Acc: 68.43
Loss   4.74 Loss_Lx   4.37 Loss_Lu 0.00497
03:41:58 Epoch 132 Test Acc: 68.78
03:42:00 Epoch 132  EMA Test Acc: 67.75
Loss   4.74 Loss_Lx   4.36 Loss_Lu 0.00497
03:43:48 Epoch 133 Test Acc: 68.53
03:43:51 Epoch 133  EMA Test Acc: 69.04
Loss   4.75 Loss_Lx   4.38 Loss_Lu 0.00498
03:45:38 Epoch 134 Test Acc: 68.13
03:45:41 Epoch 134  EMA Test Acc: 69.72
Loss   4.74 Loss_Lx   4.37 Loss_Lu 0.00496
03:47:29 Epoch 135 Test Acc: 68.22
03:47:31 Epoch 135  EMA Test Acc: 68.79
Loss   4.71 Loss_Lx   4.33 Loss_Lu 0.00498
03:49:19 Epoch 136 Test Acc: 68.44
03:49:22 Epoch 136  EMA Test Acc: 69.16
Loss   4.68 Loss_Lx   4.31 Loss_Lu 0.00494
03:51:09 Epoch 137 Test Acc: 68.06
03:51:11 Epoch 137  EMA Test Acc: 68.87
Loss   4.73 Loss_Lx   4.36 Loss_Lu 0.00501
03:52:58 Epoch 138 Test Acc: 68.11
03:53:01 Epoch 138  EMA Test Acc: 69.21
Loss   4.72 Loss_Lx   4.34 Loss_Lu 0.00497
03:54:47 Epoch 139 Test Acc: 68.33
03:54:50 Epoch 139  EMA Test Acc: 70.17
Loss   4.65 Loss_Lx   4.28 Loss_Lu 0.00492
03:56:38 Epoch 140 Test Acc: 68.91
03:56:40 Epoch 140  EMA Test Acc: 69.36
Loss   4.67 Loss_Lx   4.30 Loss_Lu 0.00494
03:58:27 Epoch 141 Test Acc: 69.27
03:58:30 Epoch 141  EMA Test Acc: 69.46
Loss   4.65 Loss_Lx   4.27 Loss_Lu 0.00495
04:00:16 Epoch 142 Test Acc: 68.87
04:00:19 Epoch 142  EMA Test Acc: 69.43
Loss   4.63 Loss_Lx   4.27 Loss_Lu 0.00492
04:02:06 Epoch 143 Test Acc: 69.09
04:02:08 Epoch 143  EMA Test Acc: 69.26
Loss   4.60 Loss_Lx   4.23 Loss_Lu 0.00493
04:03:55 Epoch 144 Test Acc: 68.97
04:03:57 Epoch 144  EMA Test Acc: 69.32
Loss   4.61 Loss_Lx   4.24 Loss_Lu 0.00493
04:05:44 Epoch 145 Test Acc: 69.35
04:05:47 Epoch 145  EMA Test Acc: 69.72
Loss   4.57 Loss_Lx   4.21 Loss_Lu 0.00491
04:07:34 Epoch 146 Test Acc: 69.22
04:07:36 Epoch 146  EMA Test Acc: 70.49
Loss   4.57 Loss_Lx   4.20 Loss_Lu 0.00493
04:09:23 Epoch 147 Test Acc: 69.18
04:09:26 Epoch 147  EMA Test Acc: 69.22
Loss   4.53 Loss_Lx   4.16 Loss_Lu 0.00493
04:11:12 Epoch 148 Test Acc: 68.87
04:11:15 Epoch 148  EMA Test Acc: 69.32
Loss   4.59 Loss_Lx   4.22 Loss_Lu 0.00492
04:13:02 Epoch 149 Test Acc: 68.97
04:13:05 Epoch 149  EMA Test Acc: 69.56
Loss   3.42 Loss_Lx   3.09 Loss_Lu 0.00431
04:14:50 Epoch 150 Test Acc: 70.82
04:14:53 Epoch 150  EMA Test Acc: 71.13
Loss   3.22 Loss_Lx   2.91 Loss_Lu 0.00418
04:16:38 Epoch 151 Test Acc: 69.72
04:16:41 Epoch 151  EMA Test Acc: 70.31
Loss   3.30 Loss_Lx   2.99 Loss_Lu 0.00420
04:18:26 Epoch 152 Test Acc: 70.49
04:18:29 Epoch 152  EMA Test Acc: 70.1
Loss   3.49 Loss_Lx   3.17 Loss_Lu 0.00430
04:20:14 Epoch 153 Test Acc: 69.74
04:20:17 Epoch 153  EMA Test Acc: 70.66
Loss   3.25 Loss_Lx   2.94 Loss_Lu 0.00413
04:22:02 Epoch 154 Test Acc: 70.17
04:22:04 Epoch 154  EMA Test Acc: 71.42
Loss   3.28 Loss_Lx   2.97 Loss_Lu 0.00415
04:23:50 Epoch 155 Test Acc: 70.68
04:23:52 Epoch 155  EMA Test Acc: 71.37
Loss   3.38 Loss_Lx   3.06 Loss_Lu 0.00423
04:25:37 Epoch 156 Test Acc: 69.97
04:25:40 Epoch 156  EMA Test Acc: 70.61
Loss   3.39 Loss_Lx   3.07 Loss_Lu 0.00427
04:27:26 Epoch 157 Test Acc: 71.04
04:27:28 Epoch 157  EMA Test Acc: 71.17
Loss   3.27 Loss_Lx   2.96 Loss_Lu 0.00416
04:29:13 Epoch 158 Test Acc: 70.82
04:29:16 Epoch 158  EMA Test Acc: 71.16
Loss   3.17 Loss_Lx   2.87 Loss_Lu 0.00409
04:31:02 Epoch 159 Test Acc: 70.15
04:31:04 Epoch 159  EMA Test Acc: 71.26
Loss   3.10 Loss_Lx   2.80 Loss_Lu 0.00397
04:32:50 Epoch 160 Test Acc: 71.04
04:32:52 Epoch 160  EMA Test Acc: 71.52
Loss   3.30 Loss_Lx   2.99 Loss_Lu 0.00412
04:34:38 Epoch 161 Test Acc: 70.94
04:34:40 Epoch 161  EMA Test Acc: 71.65
Loss   3.16 Loss_Lx   2.85 Loss_Lu 0.00405
04:36:26 Epoch 162 Test Acc: 71.04
04:36:29 Epoch 162  EMA Test Acc: 71.39
Loss   3.19 Loss_Lx   2.88 Loss_Lu 0.00406
04:38:14 Epoch 163 Test Acc: 70.91
04:38:16 Epoch 163  EMA Test Acc: 71.18
Loss   3.29 Loss_Lx   2.98 Loss_Lu 0.00415
04:40:01 Epoch 164 Test Acc: 70.27
04:40:04 Epoch 164  EMA Test Acc: 71.83
Loss   3.11 Loss_Lx   2.81 Loss_Lu 0.00398
04:41:50 Epoch 165 Test Acc: 71.07
04:41:52 Epoch 165  EMA Test Acc: 71.67
Loss   3.09 Loss_Lx   2.79 Loss_Lu 0.00396
04:43:38 Epoch 166 Test Acc: 71.07
04:43:40 Epoch 166  EMA Test Acc: 71.68
Loss   3.18 Loss_Lx   2.88 Loss_Lu 0.00402
04:45:26 Epoch 167 Test Acc: 71.15
04:45:28 Epoch 167  EMA Test Acc: 71.47
Loss   3.26 Loss_Lx   2.95 Loss_Lu 0.00406
04:47:14 Epoch 168 Test Acc: 70.96
04:47:16 Epoch 168  EMA Test Acc: 71.64
Loss   3.18 Loss_Lx   2.88 Loss_Lu 0.00399
04:49:02 Epoch 169 Test Acc: 71.33
04:49:04 Epoch 169  EMA Test Acc: 71.49
Loss   3.17 Loss_Lx   2.86 Loss_Lu 0.00402
04:50:49 Epoch 170 Test Acc: 71.45
04:50:52 Epoch 170  EMA Test Acc: 72.0
Loss   3.02 Loss_Lx   2.73 Loss_Lu 0.00388
04:52:38 Epoch 171 Test Acc: 71.12
04:52:40 Epoch 171  EMA Test Acc: 71.93
Loss   3.11 Loss_Lx   2.82 Loss_Lu 0.00392
04:54:26 Epoch 172 Test Acc: 71.08
04:54:29 Epoch 172  EMA Test Acc: 72.05
Loss   3.09 Loss_Lx   2.79 Loss_Lu 0.00392
04:56:15 Epoch 173 Test Acc: 71.37
04:56:17 Epoch 173  EMA Test Acc: 71.89
Loss   3.17 Loss_Lx   2.87 Loss_Lu 0.00399
04:58:04 Epoch 174 Test Acc: 71.28
04:58:06 Epoch 174  EMA Test Acc: 71.54
Loss   3.20 Loss_Lx   2.90 Loss_Lu 0.00399
04:59:53 Epoch 175 Test Acc: 71.22
04:59:55 Epoch 175  EMA Test Acc: 71.81
Loss   3.12 Loss_Lx   2.82 Loss_Lu 0.00394
05:01:41 Epoch 176 Test Acc: 71.59
05:01:44 Epoch 176  EMA Test Acc: 71.94
Loss   3.13 Loss_Lx   2.84 Loss_Lu 0.00392
05:03:30 Epoch 177 Test Acc: 71.31
05:03:32 Epoch 177  EMA Test Acc: 71.56
Loss   3.05 Loss_Lx   2.76 Loss_Lu 0.00387
05:05:18 Epoch 178 Test Acc: 71.76
05:05:21 Epoch 178  EMA Test Acc: 71.34
Loss   3.07 Loss_Lx   2.78 Loss_Lu 0.00389
05:07:07 Epoch 179 Test Acc: 71.55
05:07:10 Epoch 179  EMA Test Acc: 71.85
Loss   3.02 Loss_Lx   2.73 Loss_Lu 0.00385
05:08:56 Epoch 180 Test Acc: 71.86
05:08:58 Epoch 180  EMA Test Acc: 72.0
Loss   3.02 Loss_Lx   2.73 Loss_Lu 0.00386
05:10:45 Epoch 181 Test Acc: 71.7
05:10:48 Epoch 181  EMA Test Acc: 71.65
Loss   3.09 Loss_Lx   2.80 Loss_Lu 0.00390
05:12:34 Epoch 182 Test Acc: 71.43
05:12:36 Epoch 182  EMA Test Acc: 71.49
Loss   2.99 Loss_Lx   2.70 Loss_Lu 0.00379
05:14:22 Epoch 183 Test Acc: 71.55
05:14:25 Epoch 183  EMA Test Acc: 71.74
Loss   2.88 Loss_Lx   2.60 Loss_Lu 0.00368
05:16:10 Epoch 184 Test Acc: 71.77
05:16:13 Epoch 184  EMA Test Acc: 72.09
Loss   3.02 Loss_Lx   2.73 Loss_Lu 0.00383
05:17:59 Epoch 185 Test Acc: 71.43
05:18:02 Epoch 185  EMA Test Acc: 71.88
Loss   2.93 Loss_Lx   2.65 Loss_Lu 0.00373
05:19:48 Epoch 186 Test Acc: 71.56
05:19:50 Epoch 186  EMA Test Acc: 72.21
Loss   3.14 Loss_Lx   2.84 Loss_Lu 0.00393
05:21:36 Epoch 187 Test Acc: 71.85
05:21:38 Epoch 187  EMA Test Acc: 72.33
Loss   2.95 Loss_Lx   2.67 Loss_Lu 0.00376
05:23:24 Epoch 188 Test Acc: 72.03
05:23:27 Epoch 188  EMA Test Acc: 72.07
Loss   2.95 Loss_Lx   2.66 Loss_Lu 0.00377
05:25:12 Epoch 189 Test Acc: 72.02
05:25:15 Epoch 189  EMA Test Acc: 71.91
Loss   2.98 Loss_Lx   2.69 Loss_Lu 0.00379
05:27:00 Epoch 190 Test Acc: 71.75
05:27:03 Epoch 190  EMA Test Acc: 71.74
Loss   2.99 Loss_Lx   2.71 Loss_Lu 0.00376
05:28:49 Epoch 191 Test Acc: 71.63
05:28:51 Epoch 191  EMA Test Acc: 72.2
Loss   3.00 Loss_Lx   2.71 Loss_Lu 0.00378
05:30:37 Epoch 192 Test Acc: 72.01
05:30:39 Epoch 192  EMA Test Acc: 71.93
Loss   2.74 Loss_Lx   2.47 Loss_Lu 0.00355
05:32:25 Epoch 193 Test Acc: 71.56
05:32:28 Epoch 193  EMA Test Acc: 72.09
Loss   2.95 Loss_Lx   2.67 Loss_Lu 0.00376
05:34:13 Epoch 194 Test Acc: 71.83
05:34:16 Epoch 194  EMA Test Acc: 72.24
Loss   2.93 Loss_Lx   2.66 Loss_Lu 0.00368
05:36:02 Epoch 195 Test Acc: 71.95
05:36:05 Epoch 195  EMA Test Acc: 71.81
Loss   3.00 Loss_Lx   2.72 Loss_Lu 0.00375
05:37:51 Epoch 196 Test Acc: 72.2
05:37:53 Epoch 196  EMA Test Acc: 72.09
Loss   2.92 Loss_Lx   2.65 Loss_Lu 0.00365
05:39:39 Epoch 197 Test Acc: 72.5
05:39:42 Epoch 197  EMA Test Acc: 72.32
Loss   2.87 Loss_Lx   2.60 Loss_Lu 0.00361
05:41:28 Epoch 198 Test Acc: 72.09
05:41:30 Epoch 198  EMA Test Acc: 71.86
Loss   2.81 Loss_Lx   2.55 Loss_Lu 0.00359
05:43:16 Epoch 199 Test Acc: 72.3
05:43:19 Epoch 199  EMA Test Acc: 72.15
Loss   2.73 Loss_Lx   2.47 Loss_Lu 0.00348
05:45:05 Epoch 200 Test Acc: 72.19
05:45:07 Epoch 200  EMA Test Acc: 71.68
Loss   2.88 Loss_Lx   2.61 Loss_Lu 0.00362
05:46:53 Epoch 201 Test Acc: 72.26
05:46:56 Epoch 201  EMA Test Acc: 72.6
Loss   2.93 Loss_Lx   2.65 Loss_Lu 0.00366
05:48:42 Epoch 202 Test Acc: 72.83
05:48:44 Epoch 202  EMA Test Acc: 72.2
Loss   2.85 Loss_Lx   2.59 Loss_Lu 0.00358
05:50:31 Epoch 203 Test Acc: 72.12
05:50:33 Epoch 203  EMA Test Acc: 72.36
Loss   2.81 Loss_Lx   2.55 Loss_Lu 0.00355
05:52:19 Epoch 204 Test Acc: 72.45
05:52:22 Epoch 204  EMA Test Acc: 72.87
Loss   2.91 Loss_Lx   2.64 Loss_Lu 0.00364
05:54:08 Epoch 205 Test Acc: 72.48
05:54:10 Epoch 205  EMA Test Acc: 72.29
Loss   2.93 Loss_Lx   2.66 Loss_Lu 0.00368
05:55:56 Epoch 206 Test Acc: 72.34
05:55:59 Epoch 206  EMA Test Acc: 72.27
Loss   2.85 Loss_Lx   2.58 Loss_Lu 0.00353
05:57:45 Epoch 207 Test Acc: 72.53
05:57:47 Epoch 207  EMA Test Acc: 72.78
Loss   2.84 Loss_Lx   2.58 Loss_Lu 0.00355
05:59:33 Epoch 208 Test Acc: 72.24
05:59:36 Epoch 208  EMA Test Acc: 72.52
Loss   2.80 Loss_Lx   2.54 Loss_Lu 0.00348
06:01:22 Epoch 209 Test Acc: 71.78
06:01:24 Epoch 209  EMA Test Acc: 72.8
Loss   2.78 Loss_Lx   2.52 Loss_Lu 0.00348
06:03:10 Epoch 210 Test Acc: 72.54
06:03:13 Epoch 210  EMA Test Acc: 72.02
Loss   2.70 Loss_Lx   2.45 Loss_Lu 0.00343
06:04:59 Epoch 211 Test Acc: 72.32
06:05:01 Epoch 211  EMA Test Acc: 72.18
Loss   2.68 Loss_Lx   2.43 Loss_Lu 0.00334
06:06:47 Epoch 212 Test Acc: 72.05
06:06:50 Epoch 212  EMA Test Acc: 72.24
Loss   2.87 Loss_Lx   2.60 Loss_Lu 0.00358
06:08:36 Epoch 213 Test Acc: 72.46
06:08:39 Epoch 213  EMA Test Acc: 72.63
Loss   2.73 Loss_Lx   2.47 Loss_Lu 0.00344
06:10:24 Epoch 214 Test Acc: 72.24
06:10:27 Epoch 214  EMA Test Acc: 72.54
Loss   2.78 Loss_Lx   2.52 Loss_Lu 0.00345
06:12:13 Epoch 215 Test Acc: 72.12
06:12:15 Epoch 215  EMA Test Acc: 72.68
Loss   2.73 Loss_Lx   2.48 Loss_Lu 0.00342
06:14:01 Epoch 216 Test Acc: 72.14
06:14:04 Epoch 216  EMA Test Acc: 72.82
Loss   2.82 Loss_Lx   2.56 Loss_Lu 0.00351
06:15:49 Epoch 217 Test Acc: 72.7
06:15:52 Epoch 217  EMA Test Acc: 72.69
Loss   2.71 Loss_Lx   2.46 Loss_Lu 0.00337
06:17:38 Epoch 218 Test Acc: 72.37
06:17:40 Epoch 218  EMA Test Acc: 72.36
Loss   2.67 Loss_Lx   2.42 Loss_Lu 0.00333
06:19:26 Epoch 219 Test Acc: 72.35
06:19:29 Epoch 219  EMA Test Acc: 72.53
Loss   2.77 Loss_Lx   2.51 Loss_Lu 0.00346
06:21:15 Epoch 220 Test Acc: 72.48
06:21:17 Epoch 220  EMA Test Acc: 72.34
Loss   2.76 Loss_Lx   2.50 Loss_Lu 0.00342
06:23:03 Epoch 221 Test Acc: 72.29
06:23:05 Epoch 221  EMA Test Acc: 72.67
Loss   2.70 Loss_Lx   2.45 Loss_Lu 0.00333
06:24:51 Epoch 222 Test Acc: 72.57
06:24:54 Epoch 222  EMA Test Acc: 72.59
Loss   2.88 Loss_Lx   2.61 Loss_Lu 0.00357
06:26:40 Epoch 223 Test Acc: 72.15
06:26:43 Epoch 223  EMA Test Acc: 72.29
Loss   2.69 Loss_Lx   2.45 Loss_Lu 0.00331
06:28:28 Epoch 224 Test Acc: 72.43
06:28:31 Epoch 224  EMA Test Acc: 72.39
Loss   2.65 Loss_Lx   2.40 Loss_Lu 0.00331
06:30:17 Epoch 225 Test Acc: 72.35
06:30:19 Epoch 225  EMA Test Acc: 72.28
Loss   2.79 Loss_Lx   2.53 Loss_Lu 0.00341
06:32:05 Epoch 226 Test Acc: 72.36
06:32:08 Epoch 226  EMA Test Acc: 72.88
Loss   2.67 Loss_Lx   2.43 Loss_Lu 0.00330
06:33:53 Epoch 227 Test Acc: 72.57
06:33:56 Epoch 227  EMA Test Acc: 72.39
Loss   2.70 Loss_Lx   2.45 Loss_Lu 0.00334
06:35:42 Epoch 228 Test Acc: 72.5
06:35:44 Epoch 228  EMA Test Acc: 72.48
Loss   2.78 Loss_Lx   2.52 Loss_Lu 0.00344
06:37:30 Epoch 229 Test Acc: 72.61
06:37:33 Epoch 229  EMA Test Acc: 72.63
Loss   2.71 Loss_Lx   2.46 Loss_Lu 0.00331
06:39:19 Epoch 230 Test Acc: 72.65
06:39:22 Epoch 230  EMA Test Acc: 72.55
Loss   2.79 Loss_Lx   2.53 Loss_Lu 0.00342
06:41:07 Epoch 231 Test Acc: 72.41
06:41:10 Epoch 231  EMA Test Acc: 72.95
Loss   2.67 Loss_Lx   2.43 Loss_Lu 0.00330
06:42:56 Epoch 232 Test Acc: 72.5
06:42:58 Epoch 232  EMA Test Acc: 72.64
Loss   2.69 Loss_Lx   2.44 Loss_Lu 0.00329
06:44:44 Epoch 233 Test Acc: 72.69
06:44:46 Epoch 233  EMA Test Acc: 72.62
Loss   2.83 Loss_Lx   2.57 Loss_Lu 0.00343
06:46:32 Epoch 234 Test Acc: 72.62
06:46:34 Epoch 234  EMA Test Acc: 72.45
Loss   2.70 Loss_Lx   2.45 Loss_Lu 0.00329
06:48:20 Epoch 235 Test Acc: 72.31
06:48:23 Epoch 235  EMA Test Acc: 72.44
Loss   2.64 Loss_Lx   2.39 Loss_Lu 0.00326
06:50:08 Epoch 236 Test Acc: 72.43
06:50:11 Epoch 236  EMA Test Acc: 72.71
Loss   2.73 Loss_Lx   2.48 Loss_Lu 0.00337
06:51:57 Epoch 237 Test Acc: 72.92
06:52:00 Epoch 237  EMA Test Acc: 72.85
Loss   2.75 Loss_Lx   2.49 Loss_Lu 0.00334
06:53:45 Epoch 238 Test Acc: 72.67
06:53:48 Epoch 238  EMA Test Acc: 72.73
Loss   2.63 Loss_Lx   2.39 Loss_Lu 0.00322
06:55:34 Epoch 239 Test Acc: 72.54
06:55:37 Epoch 239  EMA Test Acc: 72.69
Loss   2.63 Loss_Lx   2.38 Loss_Lu 0.00321
06:57:22 Epoch 240 Test Acc: 72.99
06:57:25 Epoch 240  EMA Test Acc: 72.74
Loss   2.76 Loss_Lx   2.51 Loss_Lu 0.00334
06:59:10 Epoch 241 Test Acc: 72.65
06:59:13 Epoch 241  EMA Test Acc: 73.04
Loss   2.71 Loss_Lx   2.46 Loss_Lu 0.00332
07:00:58 Epoch 242 Test Acc: 72.65
07:01:01 Epoch 242  EMA Test Acc: 72.64
Loss   2.76 Loss_Lx   2.51 Loss_Lu 0.00336
07:02:47 Epoch 243 Test Acc: 72.43
07:02:49 Epoch 243  EMA Test Acc: 72.6
Loss   2.68 Loss_Lx   2.44 Loss_Lu 0.00320
07:04:35 Epoch 244 Test Acc: 72.52
07:04:37 Epoch 244  EMA Test Acc: 72.57
Loss   2.72 Loss_Lx   2.47 Loss_Lu 0.00329
07:06:23 Epoch 245 Test Acc: 73.0
07:06:26 Epoch 245  EMA Test Acc: 72.94
Loss   2.75 Loss_Lx   2.50 Loss_Lu 0.00338
07:08:11 Epoch 246 Test Acc: 72.81
07:08:14 Epoch 246  EMA Test Acc: 72.9
Loss   2.64 Loss_Lx   2.40 Loss_Lu 0.00323
07:09:59 Epoch 247 Test Acc: 72.8
07:10:01 Epoch 247  EMA Test Acc: 72.77
Loss   2.59 Loss_Lx   2.35 Loss_Lu 0.00318
07:11:47 Epoch 248 Test Acc: 72.85
07:11:49 Epoch 248  EMA Test Acc: 72.86
Loss   2.78 Loss_Lx   2.53 Loss_Lu 0.00336
07:13:35 Epoch 249 Test Acc: 73.02
07:13:37 Epoch 249  EMA Test Acc: 72.8
Loss   2.55 Loss_Lx   2.32 Loss_Lu 0.00311
07:15:22 Epoch 250 Test Acc: 72.94
07:15:25 Epoch 250  EMA Test Acc: 73.26
Loss   2.65 Loss_Lx   2.41 Loss_Lu 0.00320
07:17:10 Epoch 251 Test Acc: 72.65
07:17:13 Epoch 251  EMA Test Acc: 72.95
Loss   2.59 Loss_Lx   2.36 Loss_Lu 0.00313
07:18:58 Epoch 252 Test Acc: 72.77
07:19:01 Epoch 252  EMA Test Acc: 72.96
Loss   2.61 Loss_Lx   2.38 Loss_Lu 0.00318
07:20:46 Epoch 253 Test Acc: 72.74
07:20:48 Epoch 253  EMA Test Acc: 72.82
Loss   2.73 Loss_Lx   2.48 Loss_Lu 0.00333
07:22:34 Epoch 254 Test Acc: 72.73
07:22:37 Epoch 254  EMA Test Acc: 72.82
Loss   2.59 Loss_Lx   2.36 Loss_Lu 0.00316
07:24:22 Epoch 255 Test Acc: 72.74
07:24:25 Epoch 255  EMA Test Acc: 72.8
Loss   2.66 Loss_Lx   2.42 Loss_Lu 0.00324
07:26:10 Epoch 256 Test Acc: 72.86
07:26:13 Epoch 256  EMA Test Acc: 72.76
Loss   2.62 Loss_Lx   2.38 Loss_Lu 0.00321
07:27:58 Epoch 257 Test Acc: 72.85
07:28:01 Epoch 257  EMA Test Acc: 72.71
Loss   2.66 Loss_Lx   2.42 Loss_Lu 0.00326
07:29:46 Epoch 258 Test Acc: 72.84
07:29:48 Epoch 258  EMA Test Acc: 72.87
Loss   2.66 Loss_Lx   2.42 Loss_Lu 0.00318
07:31:34 Epoch 259 Test Acc: 72.57
07:31:36 Epoch 259  EMA Test Acc: 72.58
Loss   2.55 Loss_Lx   2.32 Loss_Lu 0.00311
07:33:22 Epoch 260 Test Acc: 72.7
07:33:24 Epoch 260  EMA Test Acc: 72.71
Loss   2.64 Loss_Lx   2.40 Loss_Lu 0.00318
07:35:10 Epoch 261 Test Acc: 73.06
07:35:12 Epoch 261  EMA Test Acc: 73.15
Loss   2.69 Loss_Lx   2.45 Loss_Lu 0.00328
07:36:57 Epoch 262 Test Acc: 72.84
07:37:00 Epoch 262  EMA Test Acc: 73.0
Loss   2.72 Loss_Lx   2.47 Loss_Lu 0.00328
07:38:45 Epoch 263 Test Acc: 72.51
07:38:48 Epoch 263  EMA Test Acc: 72.67
Loss   2.71 Loss_Lx   2.46 Loss_Lu 0.00324
07:40:33 Epoch 264 Test Acc: 72.49
07:40:36 Epoch 264  EMA Test Acc: 72.79
Loss   2.72 Loss_Lx   2.47 Loss_Lu 0.00328
07:42:21 Epoch 265 Test Acc: 72.41
07:42:24 Epoch 265  EMA Test Acc: 72.87
Loss   2.51 Loss_Lx   2.28 Loss_Lu 0.00301
07:44:09 Epoch 266 Test Acc: 72.61
07:44:12 Epoch 266  EMA Test Acc: 72.79
Loss   2.56 Loss_Lx   2.32 Loss_Lu 0.00309
07:45:57 Epoch 267 Test Acc: 72.77
07:46:00 Epoch 267  EMA Test Acc: 72.44
Loss   2.65 Loss_Lx   2.41 Loss_Lu 0.00317
07:47:46 Epoch 268 Test Acc: 72.57
07:47:49 Epoch 268  EMA Test Acc: 72.88
Loss   2.59 Loss_Lx   2.36 Loss_Lu 0.00314
07:49:34 Epoch 269 Test Acc: 72.77
07:49:37 Epoch 269  EMA Test Acc: 72.7
Loss   2.70 Loss_Lx   2.46 Loss_Lu 0.00325
07:51:24 Epoch 270 Test Acc: 72.61
07:51:27 Epoch 270  EMA Test Acc: 72.8
Loss   2.75 Loss_Lx   2.50 Loss_Lu 0.00331
07:53:12 Epoch 271 Test Acc: 72.68
07:53:15 Epoch 271  EMA Test Acc: 72.76
Loss   2.72 Loss_Lx   2.48 Loss_Lu 0.00325
07:55:02 Epoch 272 Test Acc: 72.91
07:55:04 Epoch 272  EMA Test Acc: 72.83
Loss   2.67 Loss_Lx   2.43 Loss_Lu 0.00321
07:56:49 Epoch 273 Test Acc: 72.71
07:56:52 Epoch 273  EMA Test Acc: 72.9
Loss   2.69 Loss_Lx   2.44 Loss_Lu 0.00323
07:58:39 Epoch 274 Test Acc: 72.43
07:58:42 Epoch 274  EMA Test Acc: 72.8
Loss   2.61 Loss_Lx   2.38 Loss_Lu 0.00313
08:00:27 Epoch 275 Test Acc: 72.71
08:00:30 Epoch 275  EMA Test Acc: 72.75
Loss   2.57 Loss_Lx   2.34 Loss_Lu 0.00310
08:02:15 Epoch 276 Test Acc: 72.72
08:02:18 Epoch 276  EMA Test Acc: 72.84
Loss   2.61 Loss_Lx   2.37 Loss_Lu 0.00316
08:04:04 Epoch 277 Test Acc: 72.74
08:04:07 Epoch 277  EMA Test Acc: 72.88
Loss   2.55 Loss_Lx   2.32 Loss_Lu 0.00307
08:05:53 Epoch 278 Test Acc: 72.81
08:05:56 Epoch 278  EMA Test Acc: 72.72
Loss   2.68 Loss_Lx   2.44 Loss_Lu 0.00320
08:07:41 Epoch 279 Test Acc: 72.83
08:07:44 Epoch 279  EMA Test Acc: 72.43
Loss   2.62 Loss_Lx   2.39 Loss_Lu 0.00316
08:09:30 Epoch 280 Test Acc: 72.51
08:09:32 Epoch 280  EMA Test Acc: 72.75
Loss   2.61 Loss_Lx   2.37 Loss_Lu 0.00316
08:11:18 Epoch 281 Test Acc: 72.49
08:11:20 Epoch 281  EMA Test Acc: 72.63
Loss   2.69 Loss_Lx   2.45 Loss_Lu 0.00320
08:13:07 Epoch 282 Test Acc: 72.8
08:13:10 Epoch 282  EMA Test Acc: 72.7
Loss   2.61 Loss_Lx   2.37 Loss_Lu 0.00314
08:14:55 Epoch 283 Test Acc: 72.53
08:14:57 Epoch 283  EMA Test Acc: 72.54
Loss   2.57 Loss_Lx   2.34 Loss_Lu 0.00308
08:16:44 Epoch 284 Test Acc: 72.53
08:16:46 Epoch 284  EMA Test Acc: 73.01
Loss   2.73 Loss_Lx   2.48 Loss_Lu 0.00326
08:18:33 Epoch 285 Test Acc: 72.44
08:18:36 Epoch 285  EMA Test Acc: 72.62
Loss   2.58 Loss_Lx   2.35 Loss_Lu 0.00312
08:20:21 Epoch 286 Test Acc: 72.6
08:20:24 Epoch 286  EMA Test Acc: 72.74
Loss   2.53 Loss_Lx   2.30 Loss_Lu 0.00311
08:22:10 Epoch 287 Test Acc: 72.73
08:22:12 Epoch 287  EMA Test Acc: 72.84
Loss   2.66 Loss_Lx   2.42 Loss_Lu 0.00320
08:23:58 Epoch 288 Test Acc: 72.59
08:24:00 Epoch 288  EMA Test Acc: 72.56
Loss   2.46 Loss_Lx   2.24 Loss_Lu 0.00300
08:25:47 Epoch 289 Test Acc: 72.71
08:25:49 Epoch 289  EMA Test Acc: 72.91
Loss   2.60 Loss_Lx   2.37 Loss_Lu 0.00313
08:27:36 Epoch 290 Test Acc: 72.78
08:27:39 Epoch 290  EMA Test Acc: 72.67
Loss   2.58 Loss_Lx   2.35 Loss_Lu 0.00306
08:29:24 Epoch 291 Test Acc: 72.67
08:29:27 Epoch 291  EMA Test Acc: 72.7
Loss   2.64 Loss_Lx   2.41 Loss_Lu 0.00317
08:31:13 Epoch 292 Test Acc: 72.83
08:31:15 Epoch 292  EMA Test Acc: 72.64
Loss   2.62 Loss_Lx   2.39 Loss_Lu 0.00312
08:33:00 Epoch 293 Test Acc: 72.9
08:33:03 Epoch 293  EMA Test Acc: 73.26
Loss   2.57 Loss_Lx   2.33 Loss_Lu 0.00310
08:34:48 Epoch 294 Test Acc: 72.63
08:34:51 Epoch 294  EMA Test Acc: 72.83
Loss   2.58 Loss_Lx   2.35 Loss_Lu 0.00310
08:36:37 Epoch 295 Test Acc: 72.82
08:36:39 Epoch 295  EMA Test Acc: 73.3
Loss   2.64 Loss_Lx   2.41 Loss_Lu 0.00313
08:38:25 Epoch 296 Test Acc: 72.59
08:38:28 Epoch 296  EMA Test Acc: 72.71
Loss   2.60 Loss_Lx   2.36 Loss_Lu 0.00313
08:40:13 Epoch 297 Test Acc: 72.61
08:40:15 Epoch 297  EMA Test Acc: 72.94
Loss   2.67 Loss_Lx   2.42 Loss_Lu 0.00324
08:42:01 Epoch 298 Test Acc: 72.72
08:42:04 Epoch 298  EMA Test Acc: 72.81
Loss   2.66 Loss_Lx   2.43 Loss_Lu 0.00318
08:43:50 Epoch 299 Test Acc: 73.1
08:43:53 Epoch 299  EMA Test Acc: 72.92
08:43:53 Best Test Acc: 73.30078887939453
