Sun Jul 10 00:14:24 2022       
+-----------------------------------------------------------------------------+
| NVIDIA-SMI 515.48.07    Driver Version: 515.48.07    CUDA Version: 11.7     |
|-------------------------------+----------------------+----------------------+
| GPU  Name        Persistence-M| Bus-Id        Disp.A | Volatile Uncorr. ECC |
| Fan  Temp  Perf  Pwr:Usage/Cap|         Memory-Usage | GPU-Util  Compute M. |
|                               |                      |               MIG M. |
|===============================+======================+======================|
|   0  NVIDIA A100-SXM...  Off  | 00000000:39:00.0 Off |                    0 |
| N/A   38C    P0    84W / 400W |   1920MiB / 81920MiB |      0%      Default |
|                               |                      |             Disabled |
+-------------------------------+----------------------+----------------------+
|   1  NVIDIA A100-SXM...  Off  | 00000000:3E:00.0 Off |                    0 |
| N/A   40C    P0   209W / 400W |   2172MiB / 81920MiB |     65%      Default |
|                               |                      |             Disabled |
+-------------------------------+----------------------+----------------------+
|   2  NVIDIA A100-SXM...  Off  | 00000000:4D:00.0 Off |                    0 |
| N/A   32C    P0    68W / 400W |      7MiB / 81920MiB |      0%      Default |
|                               |                      |             Disabled |
+-------------------------------+----------------------+----------------------+
|   3  NVIDIA A100-SXM...  Off  | 00000000:53:00.0 Off |                    0 |
| N/A   40C    P0    86W / 400W |   2082MiB / 81920MiB |      0%      Default |
|                               |                      |             Disabled |
+-------------------------------+----------------------+----------------------+
|   4  NVIDIA A100-SXM...  Off  | 00000000:8A:00.0 Off |                    0 |
| N/A   36C    P0    71W / 400W |      7MiB / 81920MiB |      0%      Default |
|                               |                      |             Disabled |
+-------------------------------+----------------------+----------------------+
|   5  NVIDIA A100-SXM...  Off  | 00000000:8E:00.0 Off |                    0 |
| N/A   32C    P0    68W / 400W |      7MiB / 81920MiB |      0%      Default |
|                               |                      |             Disabled |
+-------------------------------+----------------------+----------------------+
|   6  NVIDIA A100-SXM...  Off  | 00000000:A8:00.0 Off |                    0 |
| N/A   31C    P0    74W / 400W |      7MiB / 81920MiB |      0%      Default |
|                               |                      |             Disabled |
+-------------------------------+----------------------+----------------------+
|   7  NVIDIA A100-SXM...  Off  | 00000000:AB:00.0 Off |                    0 |
| N/A   34C    P0    71W / 400W |      7MiB / 81920MiB |      0%      Default |
|                               |                      |             Disabled |
+-------------------------------+----------------------+----------------------+
                                                                               
+-----------------------------------------------------------------------------+
| Processes:                                                                  |
|  GPU   GI   CI        PID   Type   Process name                  GPU Memory |
|        ID   ID                                                   Usage      |
|=============================================================================|
|    0   N/A  N/A      3443      G   /usr/lib/xorg/Xorg                  4MiB |
|    0   N/A  N/A   3018211      C   ...a/envs/hy39/bin/python3.9     1913MiB |
|    1   N/A  N/A      3443      G   /usr/lib/xorg/Xorg                  4MiB |
|    1   N/A  N/A   2879116      C   python                           2165MiB |
|    2   N/A  N/A      3443      G   /usr/lib/xorg/Xorg                  4MiB |
|    3   N/A  N/A      3443      G   /usr/lib/xorg/Xorg                  4MiB |
|    3   N/A  N/A   1254267      C   python                           2075MiB |
|    4   N/A  N/A      3443      G   /usr/lib/xorg/Xorg                  4MiB |
|    5   N/A  N/A      3443      G   /usr/lib/xorg/Xorg                  4MiB |
|    6   N/A  N/A      3443      G   /usr/lib/xorg/Xorg                  4MiB |
|    7   N/A  N/A      3443      G   /usr/lib/xorg/Xorg                  4MiB |
+-----------------------------------------------------------------------------+
Namespace(PES_lr=0.0001, T=0.5, T1=0, T2=5, alpha=4, batch_size=128, data_path='./data', data_percent=1, dataset='CIFAR100', ema=0.997, lambda_u=0, lr=0.02, noise_type='aggre_label', num_epochs=300, optim='cos', seed=4, weight_decay=0.0005)
Files already downloaded and verified
Files already downloaded and verified
Train Epoch: [0][  0/390]	Time   0.10	Data   0.00	Loss   8.64	Acc@1   4.89
00:15:22 Epoch 0 Test Acc: 9.01
00:15:25 Epoch 0  EMA Test Acc: 0.98
Train Epoch: [1][  0/390]	Time   0.10	Data   0.00	Loss   8.04	Acc@1   8.89
00:16:07 Epoch 1 Test Acc: 13.78
00:16:10 Epoch 1  EMA Test Acc: 9.07
Train Epoch: [2][  0/390]	Time   0.10	Data   0.00	Loss   7.54	Acc@1  12.81
00:16:52 Epoch 2 Test Acc: 19.1
00:16:54 Epoch 2  EMA Test Acc: 11.13
Train Epoch: [3][  0/390]	Time   0.10	Data   0.00	Loss   7.02	Acc@1  17.28
00:17:37 Epoch 3 Test Acc: 23.08
00:17:39 Epoch 3  EMA Test Acc: 17.26
Train Epoch: [4][  0/390]	Time   0.10	Data   0.00	Loss   6.57	Acc@1  21.55
00:18:22 Epoch 4 Test Acc: 28.05
00:18:24 Epoch 4  EMA Test Acc: 27.23
Train Epoch: [5][  0/390]	Time   0.10	Data   0.00	Loss   6.19	Acc@1  25.16
00:19:06 Epoch 5 Test Acc: 31.46
00:19:09 Epoch 5  EMA Test Acc: 30.59
Train Epoch: [6][  0/390]	Time   0.10	Data   0.00	Loss   5.90	Acc@1  28.07
00:19:51 Epoch 6 Test Acc: 34.68
00:19:53 Epoch 6  EMA Test Acc: 38.02
Train Epoch: [7][  0/390]	Time   0.10	Data   0.00	Loss   5.65	Acc@1  30.91
00:20:35 Epoch 7 Test Acc: 40.41
00:20:38 Epoch 7  EMA Test Acc: 39.83
Train Epoch: [8][  0/390]	Time   0.10	Data   0.00	Loss   5.46	Acc@1  33.03
00:21:20 Epoch 8 Test Acc: 41.5
00:21:23 Epoch 8  EMA Test Acc: 44.5
Train Epoch: [9][  0/390]	Time   0.10	Data   0.00	Loss   5.28	Acc@1  34.86
00:22:05 Epoch 9 Test Acc: 42.46
00:22:08 Epoch 9  EMA Test Acc: 43.57
Train Epoch: [10][  0/390]	Time   0.10	Data   0.00	Loss   5.16	Acc@1  36.10
00:22:49 Epoch 10 Test Acc: 46.1
00:22:52 Epoch 10  EMA Test Acc: 45.45
Train Epoch: [11][  0/390]	Time   0.10	Data   0.00	Loss   5.03	Acc@1  37.62
00:23:34 Epoch 11 Test Acc: 45.45
00:23:37 Epoch 11  EMA Test Acc: 48.41
Train Epoch: [12][  0/390]	Time   0.10	Data   0.00	Loss   4.93	Acc@1  39.01
00:24:19 Epoch 12 Test Acc: 47.84
00:24:22 Epoch 12  EMA Test Acc: 51.12
Train Epoch: [13][  0/390]	Time   0.10	Data   0.00	Loss   4.84	Acc@1  39.89
00:25:04 Epoch 13 Test Acc: 47.04
00:25:07 Epoch 13  EMA Test Acc: 52.49
Train Epoch: [14][  0/390]	Time   0.10	Data   0.00	Loss   4.74	Acc@1  41.05
00:25:49 Epoch 14 Test Acc: 48.96
00:25:52 Epoch 14  EMA Test Acc: 52.14
Train Epoch: [15][  0/390]	Time   0.10	Data   0.00	Loss   4.65	Acc@1  41.87
00:26:34 Epoch 15 Test Acc: 49.98
00:26:36 Epoch 15  EMA Test Acc: 53.01
Train Epoch: [16][  0/390]	Time   0.10	Data   0.00	Loss   4.60	Acc@1  42.43
00:27:19 Epoch 16 Test Acc: 51.33
00:27:21 Epoch 16  EMA Test Acc: 55.4
Train Epoch: [17][  0/390]	Time   0.10	Data   0.00	Loss   4.49	Acc@1  43.60
00:28:04 Epoch 17 Test Acc: 48.31
00:28:06 Epoch 17  EMA Test Acc: 54.12
Train Epoch: [18][  0/390]	Time   0.10	Data   0.00	Loss   4.43	Acc@1  44.64
00:28:48 Epoch 18 Test Acc: 51.81
00:28:51 Epoch 18  EMA Test Acc: 55.72
Train Epoch: [19][  0/390]	Time   0.10	Data   0.00	Loss   4.37	Acc@1  45.26
00:29:33 Epoch 19 Test Acc: 53.37
00:29:36 Epoch 19  EMA Test Acc: 57.44
Train Epoch: [20][  0/390]	Time   0.10	Data   0.00	Loss   4.31	Acc@1  45.95
00:30:18 Epoch 20 Test Acc: 53.24
00:30:21 Epoch 20  EMA Test Acc: 56.33
Train Epoch: [21][  0/390]	Time   0.10	Data   0.00	Loss   4.25	Acc@1  46.43
00:31:03 Epoch 21 Test Acc: 52.8
00:31:06 Epoch 21  EMA Test Acc: 56.71
Train Epoch: [22][  0/390]	Time   0.10	Data   0.00	Loss   4.18	Acc@1  47.09
00:31:48 Epoch 22 Test Acc: 52.72
00:31:51 Epoch 22  EMA Test Acc: 55.8
Train Epoch: [23][  0/390]	Time   0.10	Data   0.00	Loss   4.15	Acc@1  47.42
00:32:33 Epoch 23 Test Acc: 53.8
00:32:35 Epoch 23  EMA Test Acc: 57.26
Train Epoch: [24][  0/390]	Time   0.10	Data   0.00	Loss   4.07	Acc@1  48.24
00:33:18 Epoch 24 Test Acc: 53.69
00:33:20 Epoch 24  EMA Test Acc: 57.09
Train Epoch: [25][  0/390]	Time   0.10	Data   0.00	Loss   4.01	Acc@1  48.82
00:34:03 Epoch 25 Test Acc: 52.92
00:34:05 Epoch 25  EMA Test Acc: 57.5
Train Epoch: [26][  0/390]	Time   0.10	Data   0.00	Loss   3.97	Acc@1  49.26
00:34:47 Epoch 26 Test Acc: 52.64
00:34:50 Epoch 26  EMA Test Acc: 56.73
Train Epoch: [27][  0/390]	Time   0.10	Data   0.00	Loss   3.91	Acc@1  49.71
00:35:32 Epoch 27 Test Acc: 54.13
00:35:35 Epoch 27  EMA Test Acc: 56.93
Train Epoch: [28][  0/390]	Time   0.10	Data   0.00	Loss   3.88	Acc@1  50.14
00:36:17 Epoch 28 Test Acc: 53.18
00:36:20 Epoch 28  EMA Test Acc: 58.31
Train Epoch: [29][  0/390]	Time   0.10	Data   0.00	Loss   3.82	Acc@1  50.50
00:37:02 Epoch 29 Test Acc: 54.07
00:37:04 Epoch 29  EMA Test Acc: 57.68
Train Epoch: [30][  0/390]	Time   0.10	Data   0.00	Loss   3.78	Acc@1  51.24
00:37:47 Epoch 30 Test Acc: 52.82
00:37:49 Epoch 30  EMA Test Acc: 58.65
Train Epoch: [31][  0/390]	Time   0.10	Data   0.00	Loss   3.73	Acc@1  51.50
00:38:31 Epoch 31 Test Acc: 54.47
00:38:34 Epoch 31  EMA Test Acc: 57.67
Train Epoch: [32][  0/390]	Time   0.10	Data   0.00	Loss   3.70	Acc@1  51.93
00:39:16 Epoch 32 Test Acc: 53.54
00:39:19 Epoch 32  EMA Test Acc: 60.75
Train Epoch: [33][  0/390]	Time   0.10	Data   0.00	Loss   3.64	Acc@1  52.53
00:40:01 Epoch 33 Test Acc: 53.82
00:40:04 Epoch 33  EMA Test Acc: 59.08
Train Epoch: [34][  0/390]	Time   0.10	Data   0.00	Loss   3.59	Acc@1  52.91
00:40:46 Epoch 34 Test Acc: 53.58
00:40:49 Epoch 34  EMA Test Acc: 59.56
re-initalize the final layer
Train Epoch: [0][  0/390]	Time   0.05	Data   0.00	Loss   6.82	Acc@1  38.56
00:41:10 Epoch 0 Test Acc: 54.77
Train Epoch: [1][  0/390]	Time   0.05	Data   0.00	Loss   5.22	Acc@1  52.39
00:41:30 Epoch 1 Test Acc: 57.14
Train Epoch: [2][  0/390]	Time   0.05	Data   0.00	Loss   4.65	Acc@1  54.55
00:41:52 Epoch 2 Test Acc: 57.93
Train Epoch: [3][  0/390]	Time   0.05	Data   0.00	Loss   4.30	Acc@1  55.24
00:42:13 Epoch 3 Test Acc: 57.55
Train Epoch: [4][  0/390]	Time   0.05	Data   0.00	Loss   4.04	Acc@1  56.12
00:42:33 Epoch 4 Test Acc: 57.61
Loss   6.51 Loss_Lx   6.50 Loss_Lu 0.00434
00:44:18 Epoch 35 Test Acc: 57.8
00:44:21 Epoch 35  EMA Test Acc: 54.45
Loss   6.17 Loss_Lx   6.13 Loss_Lu 0.00450
00:46:09 Epoch 36 Test Acc: 58.64
00:46:11 Epoch 36  EMA Test Acc: 58.09
Loss   5.97 Loss_Lx   5.91 Loss_Lu 0.00469
00:47:59 Epoch 37 Test Acc: 60.09
00:48:02 Epoch 37  EMA Test Acc: 59.12
Loss   5.99 Loss_Lx   5.91 Loss_Lu 0.00476
00:49:49 Epoch 38 Test Acc: 59.79
00:49:52 Epoch 38  EMA Test Acc: 58.56
Loss   5.88 Loss_Lx   5.78 Loss_Lu 0.00481
00:51:39 Epoch 39 Test Acc: 58.79
00:51:42 Epoch 39  EMA Test Acc: 59.97
Loss   5.83 Loss_Lx   5.71 Loss_Lu 0.00484
00:53:29 Epoch 40 Test Acc: 60.36
00:53:32 Epoch 40  EMA Test Acc: 61.16
Loss   5.95 Loss_Lx   5.80 Loss_Lu 0.00487
00:55:19 Epoch 41 Test Acc: 59.49
00:55:22 Epoch 41  EMA Test Acc: 60.49
Loss   5.83 Loss_Lx   5.65 Loss_Lu 0.00490
00:57:09 Epoch 42 Test Acc: 60.02
00:57:12 Epoch 42  EMA Test Acc: 60.07
Loss   5.93 Loss_Lx   5.73 Loss_Lu 0.00492
00:58:59 Epoch 43 Test Acc: 60.12
00:59:02 Epoch 43  EMA Test Acc: 61.82
Loss   5.84 Loss_Lx   5.62 Loss_Lu 0.00494
01:00:49 Epoch 44 Test Acc: 60.11
01:00:52 Epoch 44  EMA Test Acc: 61.51
Loss   5.89 Loss_Lx   5.65 Loss_Lu 0.00492
01:02:39 Epoch 45 Test Acc: 60.53
01:02:42 Epoch 45  EMA Test Acc: 60.2
Loss   6.02 Loss_Lx   5.76 Loss_Lu 0.00492
01:04:29 Epoch 46 Test Acc: 59.86
01:04:32 Epoch 46  EMA Test Acc: 60.11
Loss   5.87 Loss_Lx   5.58 Loss_Lu 0.00495
01:06:19 Epoch 47 Test Acc: 59.55
01:06:22 Epoch 47  EMA Test Acc: 60.09
Loss   5.94 Loss_Lx   5.62 Loss_Lu 0.00492
01:08:09 Epoch 48 Test Acc: 60.17
01:08:12 Epoch 48  EMA Test Acc: 60.76
Loss   5.97 Loss_Lx   5.64 Loss_Lu 0.00493
01:10:00 Epoch 49 Test Acc: 60.19
01:10:02 Epoch 49  EMA Test Acc: 60.15
Loss   5.91 Loss_Lx   5.55 Loss_Lu 0.00491
01:11:50 Epoch 50 Test Acc: 59.87
01:11:53 Epoch 50  EMA Test Acc: 61.46
Loss   5.92 Loss_Lx   5.55 Loss_Lu 0.00492
01:13:40 Epoch 51 Test Acc: 60.64
01:13:43 Epoch 51  EMA Test Acc: 61.67
Loss   5.85 Loss_Lx   5.48 Loss_Lu 0.00496
01:15:30 Epoch 52 Test Acc: 60.97
01:15:33 Epoch 52  EMA Test Acc: 61.91
Loss   5.81 Loss_Lx   5.44 Loss_Lu 0.00494
01:17:20 Epoch 53 Test Acc: 61.3
01:17:23 Epoch 53  EMA Test Acc: 62.45
Loss   5.77 Loss_Lx   5.40 Loss_Lu 0.00494
01:19:10 Epoch 54 Test Acc: 60.52
01:19:13 Epoch 54  EMA Test Acc: 62.73
Loss   5.73 Loss_Lx   5.36 Loss_Lu 0.00493
01:21:00 Epoch 55 Test Acc: 60.38
01:21:03 Epoch 55  EMA Test Acc: 61.6
Loss   5.73 Loss_Lx   5.36 Loss_Lu 0.00491
01:22:51 Epoch 56 Test Acc: 61.43
01:22:53 Epoch 56  EMA Test Acc: 60.79
Loss   5.76 Loss_Lx   5.39 Loss_Lu 0.00495
01:24:41 Epoch 57 Test Acc: 61.78
01:24:43 Epoch 57  EMA Test Acc: 63.35
Loss   5.77 Loss_Lx   5.40 Loss_Lu 0.00494
01:26:31 Epoch 58 Test Acc: 60.47
01:26:33 Epoch 58  EMA Test Acc: 63.27
Loss   5.74 Loss_Lx   5.37 Loss_Lu 0.00495
01:28:20 Epoch 59 Test Acc: 61.45
01:28:23 Epoch 59  EMA Test Acc: 64.34
Loss   5.78 Loss_Lx   5.41 Loss_Lu 0.00495
01:30:10 Epoch 60 Test Acc: 61.0
01:30:12 Epoch 60  EMA Test Acc: 61.66
Loss   5.72 Loss_Lx   5.35 Loss_Lu 0.00494
01:32:00 Epoch 61 Test Acc: 60.94
01:32:02 Epoch 61  EMA Test Acc: 62.85
Loss   5.62 Loss_Lx   5.25 Loss_Lu 0.00495
01:33:50 Epoch 62 Test Acc: 61.63
01:33:52 Epoch 62  EMA Test Acc: 63.22
Loss   5.61 Loss_Lx   5.24 Loss_Lu 0.00494
01:35:40 Epoch 63 Test Acc: 61.41
01:35:43 Epoch 63  EMA Test Acc: 62.99
Loss   5.58 Loss_Lx   5.20 Loss_Lu 0.00496
01:37:30 Epoch 64 Test Acc: 61.73
01:37:33 Epoch 64  EMA Test Acc: 64.07
Loss   5.58 Loss_Lx   5.21 Loss_Lu 0.00495
01:39:20 Epoch 65 Test Acc: 62.29
01:39:23 Epoch 65  EMA Test Acc: 63.81
Loss   5.59 Loss_Lx   5.22 Loss_Lu 0.00496
01:41:10 Epoch 66 Test Acc: 63.0
01:41:13 Epoch 66  EMA Test Acc: 62.51
Loss   5.57 Loss_Lx   5.20 Loss_Lu 0.00495
01:43:00 Epoch 67 Test Acc: 63.25
01:43:03 Epoch 67  EMA Test Acc: 63.51
Loss   5.55 Loss_Lx   5.18 Loss_Lu 0.00496
01:44:50 Epoch 68 Test Acc: 61.77
01:44:53 Epoch 68  EMA Test Acc: 63.05
Loss   5.50 Loss_Lx   5.12 Loss_Lu 0.00499
01:46:40 Epoch 69 Test Acc: 62.17
01:46:43 Epoch 69  EMA Test Acc: 64.12
Loss   5.52 Loss_Lx   5.15 Loss_Lu 0.00495
01:48:30 Epoch 70 Test Acc: 63.23
01:48:33 Epoch 70  EMA Test Acc: 65.03
Loss   5.52 Loss_Lx   5.14 Loss_Lu 0.00497
01:50:20 Epoch 71 Test Acc: 62.66
01:50:23 Epoch 71  EMA Test Acc: 65.18
Loss   5.50 Loss_Lx   5.12 Loss_Lu 0.00498
01:52:10 Epoch 72 Test Acc: 63.95
01:52:13 Epoch 72  EMA Test Acc: 65.05
Loss   5.53 Loss_Lx   5.16 Loss_Lu 0.00501
01:54:01 Epoch 73 Test Acc: 63.15
01:54:03 Epoch 73  EMA Test Acc: 64.19
Loss   5.45 Loss_Lx   5.07 Loss_Lu 0.00499
01:55:51 Epoch 74 Test Acc: 63.46
01:55:53 Epoch 74  EMA Test Acc: 64.69
Loss   5.38 Loss_Lx   5.01 Loss_Lu 0.00499
01:57:41 Epoch 75 Test Acc: 63.25
01:57:43 Epoch 75  EMA Test Acc: 64.85
Loss   5.42 Loss_Lx   5.05 Loss_Lu 0.00498
01:59:31 Epoch 76 Test Acc: 63.64
01:59:33 Epoch 76  EMA Test Acc: 64.4
Loss   5.37 Loss_Lx   5.00 Loss_Lu 0.00498
02:01:21 Epoch 77 Test Acc: 63.74
02:01:23 Epoch 77  EMA Test Acc: 65.04
Loss   5.36 Loss_Lx   4.99 Loss_Lu 0.00497
02:03:11 Epoch 78 Test Acc: 63.67
02:03:13 Epoch 78  EMA Test Acc: 65.17
Loss   5.38 Loss_Lx   5.00 Loss_Lu 0.00500
02:05:01 Epoch 79 Test Acc: 63.66
02:05:03 Epoch 79  EMA Test Acc: 64.79
Loss   5.34 Loss_Lx   4.97 Loss_Lu 0.00499
02:06:51 Epoch 80 Test Acc: 63.59
02:06:53 Epoch 80  EMA Test Acc: 65.33
Loss   5.37 Loss_Lx   4.99 Loss_Lu 0.00501
02:08:41 Epoch 81 Test Acc: 63.85
02:08:43 Epoch 81  EMA Test Acc: 65.34
Loss   5.22 Loss_Lx   4.85 Loss_Lu 0.00494
02:10:31 Epoch 82 Test Acc: 64.54
02:10:33 Epoch 82  EMA Test Acc: 65.05
Loss   5.32 Loss_Lx   4.95 Loss_Lu 0.00501
02:12:21 Epoch 83 Test Acc: 63.79
02:12:23 Epoch 83  EMA Test Acc: 66.19
Loss   5.31 Loss_Lx   4.93 Loss_Lu 0.00500
02:14:10 Epoch 84 Test Acc: 64.89
02:14:13 Epoch 84  EMA Test Acc: 66.3
Loss   5.29 Loss_Lx   4.91 Loss_Lu 0.00497
02:16:01 Epoch 85 Test Acc: 64.28
02:16:03 Epoch 85  EMA Test Acc: 66.03
Loss   5.29 Loss_Lx   4.92 Loss_Lu 0.00500
02:17:51 Epoch 86 Test Acc: 64.93
02:17:53 Epoch 86  EMA Test Acc: 65.7
Loss   5.20 Loss_Lx   4.83 Loss_Lu 0.00497
02:19:41 Epoch 87 Test Acc: 64.63
02:19:43 Epoch 87  EMA Test Acc: 65.92
Loss   5.25 Loss_Lx   4.87 Loss_Lu 0.00501
02:21:31 Epoch 88 Test Acc: 64.56
02:21:33 Epoch 88  EMA Test Acc: 65.94
Loss   5.20 Loss_Lx   4.83 Loss_Lu 0.00499
02:23:20 Epoch 89 Test Acc: 65.25
02:23:23 Epoch 89  EMA Test Acc: 67.1
Loss   5.22 Loss_Lx   4.85 Loss_Lu 0.00500
02:25:10 Epoch 90 Test Acc: 65.26
02:25:13 Epoch 90  EMA Test Acc: 65.46
Loss   5.21 Loss_Lx   4.84 Loss_Lu 0.00500
02:27:00 Epoch 91 Test Acc: 65.1
02:27:03 Epoch 91  EMA Test Acc: 66.62
Loss   5.21 Loss_Lx   4.84 Loss_Lu 0.00498
02:28:50 Epoch 92 Test Acc: 65.07
02:28:52 Epoch 92  EMA Test Acc: 65.3
Loss   5.16 Loss_Lx   4.79 Loss_Lu 0.00498
02:30:39 Epoch 93 Test Acc: 64.83
02:30:42 Epoch 93  EMA Test Acc: 66.38
Loss   5.16 Loss_Lx   4.79 Loss_Lu 0.00495
02:32:29 Epoch 94 Test Acc: 65.93
02:32:32 Epoch 94  EMA Test Acc: 66.85
Loss   5.13 Loss_Lx   4.76 Loss_Lu 0.00499
02:34:19 Epoch 95 Test Acc: 64.83
02:34:21 Epoch 95  EMA Test Acc: 66.1
Loss   5.13 Loss_Lx   4.76 Loss_Lu 0.00498
02:36:09 Epoch 96 Test Acc: 65.43
02:36:11 Epoch 96  EMA Test Acc: 65.85
Loss   5.09 Loss_Lx   4.72 Loss_Lu 0.00498
02:37:58 Epoch 97 Test Acc: 65.22
02:38:01 Epoch 97  EMA Test Acc: 67.01
Loss   5.16 Loss_Lx   4.79 Loss_Lu 0.00497
02:39:48 Epoch 98 Test Acc: 65.39
02:39:51 Epoch 98  EMA Test Acc: 65.42
Loss   5.09 Loss_Lx   4.71 Loss_Lu 0.00498
02:41:38 Epoch 99 Test Acc: 65.25
02:41:40 Epoch 99  EMA Test Acc: 65.85
Loss   5.11 Loss_Lx   4.74 Loss_Lu 0.00497
02:43:27 Epoch 100 Test Acc: 65.77
02:43:30 Epoch 100  EMA Test Acc: 67.05
Loss   5.07 Loss_Lx   4.69 Loss_Lu 0.00498
02:45:17 Epoch 101 Test Acc: 66.04
02:45:19 Epoch 101  EMA Test Acc: 67.27
Loss   4.99 Loss_Lx   4.62 Loss_Lu 0.00496
02:47:07 Epoch 102 Test Acc: 66.07
02:47:09 Epoch 102  EMA Test Acc: 66.25
Loss   5.06 Loss_Lx   4.68 Loss_Lu 0.00497
02:48:56 Epoch 103 Test Acc: 65.06
02:48:59 Epoch 103  EMA Test Acc: 66.46
Loss   5.00 Loss_Lx   4.63 Loss_Lu 0.00498
02:50:46 Epoch 104 Test Acc: 66.05
02:50:48 Epoch 104  EMA Test Acc: 67.62
Loss   5.02 Loss_Lx   4.65 Loss_Lu 0.00495
02:52:35 Epoch 105 Test Acc: 65.88
02:52:38 Epoch 105  EMA Test Acc: 67.46
Loss   4.98 Loss_Lx   4.61 Loss_Lu 0.00496
02:54:25 Epoch 106 Test Acc: 66.59
02:54:28 Epoch 106  EMA Test Acc: 67.01
Loss   5.00 Loss_Lx   4.63 Loss_Lu 0.00494
02:56:15 Epoch 107 Test Acc: 66.75
02:56:18 Epoch 107  EMA Test Acc: 67.23
Loss   5.03 Loss_Lx   4.66 Loss_Lu 0.00500
02:58:05 Epoch 108 Test Acc: 66.37
02:58:07 Epoch 108  EMA Test Acc: 66.73
Loss   4.91 Loss_Lx   4.54 Loss_Lu 0.00495
02:59:55 Epoch 109 Test Acc: 66.35
02:59:58 Epoch 109  EMA Test Acc: 67.05
Loss   4.94 Loss_Lx   4.57 Loss_Lu 0.00495
03:01:45 Epoch 110 Test Acc: 66.02
03:01:47 Epoch 110  EMA Test Acc: 65.62
Loss   4.93 Loss_Lx   4.56 Loss_Lu 0.00496
03:03:34 Epoch 111 Test Acc: 66.47
03:03:37 Epoch 111  EMA Test Acc: 66.51
Loss   4.90 Loss_Lx   4.53 Loss_Lu 0.00494
03:05:24 Epoch 112 Test Acc: 66.51
03:05:27 Epoch 112  EMA Test Acc: 67.32
Loss   4.89 Loss_Lx   4.52 Loss_Lu 0.00497
03:07:13 Epoch 113 Test Acc: 66.65
03:07:16 Epoch 113  EMA Test Acc: 65.8
Loss   4.93 Loss_Lx   4.55 Loss_Lu 0.00500
03:09:03 Epoch 114 Test Acc: 66.85
03:09:06 Epoch 114  EMA Test Acc: 67.45
Loss   4.90 Loss_Lx   4.53 Loss_Lu 0.00494
03:10:52 Epoch 115 Test Acc: 66.76
03:10:55 Epoch 115  EMA Test Acc: 67.17
Loss   4.91 Loss_Lx   4.53 Loss_Lu 0.00497
03:12:41 Epoch 116 Test Acc: 66.47
03:12:44 Epoch 116  EMA Test Acc: 68.12
Loss   4.82 Loss_Lx   4.46 Loss_Lu 0.00493
03:14:30 Epoch 117 Test Acc: 66.64
03:14:33 Epoch 117  EMA Test Acc: 67.84
Loss   4.84 Loss_Lx   4.47 Loss_Lu 0.00492
03:16:19 Epoch 118 Test Acc: 66.52
03:16:22 Epoch 118  EMA Test Acc: 68.17
Loss   4.84 Loss_Lx   4.47 Loss_Lu 0.00491
03:18:08 Epoch 119 Test Acc: 66.57
03:18:11 Epoch 119  EMA Test Acc: 67.96
Loss   4.83 Loss_Lx   4.46 Loss_Lu 0.00492
03:19:57 Epoch 120 Test Acc: 66.6
03:19:59 Epoch 120  EMA Test Acc: 68.81
Loss   4.83 Loss_Lx   4.46 Loss_Lu 0.00492
03:21:45 Epoch 121 Test Acc: 67.5
03:21:48 Epoch 121  EMA Test Acc: 68.36
Loss   4.87 Loss_Lx   4.50 Loss_Lu 0.00498
03:23:34 Epoch 122 Test Acc: 67.54
03:23:37 Epoch 122  EMA Test Acc: 67.94
Loss   4.90 Loss_Lx   4.53 Loss_Lu 0.00497
03:25:23 Epoch 123 Test Acc: 67.39
03:25:26 Epoch 123  EMA Test Acc: 67.76
Loss   4.76 Loss_Lx   4.39 Loss_Lu 0.00489
03:27:12 Epoch 124 Test Acc: 66.82
03:27:15 Epoch 124  EMA Test Acc: 68.33
Loss   4.78 Loss_Lx   4.41 Loss_Lu 0.00491
03:29:01 Epoch 125 Test Acc: 68.0
03:29:04 Epoch 125  EMA Test Acc: 67.68
Loss   4.82 Loss_Lx   4.45 Loss_Lu 0.00492
03:30:50 Epoch 126 Test Acc: 68.44
03:30:53 Epoch 126  EMA Test Acc: 68.05
Loss   4.76 Loss_Lx   4.39 Loss_Lu 0.00492
03:32:40 Epoch 127 Test Acc: 67.81
03:32:43 Epoch 127  EMA Test Acc: 67.09
Loss   4.72 Loss_Lx   4.35 Loss_Lu 0.00490
03:34:30 Epoch 128 Test Acc: 67.89
03:34:33 Epoch 128  EMA Test Acc: 68.59
Loss   4.82 Loss_Lx   4.45 Loss_Lu 0.00492
03:36:21 Epoch 129 Test Acc: 67.57
03:36:24 Epoch 129  EMA Test Acc: 68.52
Loss   4.73 Loss_Lx   4.36 Loss_Lu 0.00490
03:38:11 Epoch 130 Test Acc: 68.03
03:38:14 Epoch 130  EMA Test Acc: 69.31
Loss   4.77 Loss_Lx   4.40 Loss_Lu 0.00491
03:40:02 Epoch 131 Test Acc: 67.93
03:40:04 Epoch 131  EMA Test Acc: 68.9
Loss   4.72 Loss_Lx   4.35 Loss_Lu 0.00491
03:41:52 Epoch 132 Test Acc: 67.91
03:41:55 Epoch 132  EMA Test Acc: 69.41
Loss   4.70 Loss_Lx   4.33 Loss_Lu 0.00489
03:43:42 Epoch 133 Test Acc: 68.12
03:43:45 Epoch 133  EMA Test Acc: 69.26
Loss   4.67 Loss_Lx   4.31 Loss_Lu 0.00487
03:45:33 Epoch 134 Test Acc: 67.84
03:45:35 Epoch 134  EMA Test Acc: 69.47
Loss   4.62 Loss_Lx   4.26 Loss_Lu 0.00485
03:47:23 Epoch 135 Test Acc: 68.81
03:47:26 Epoch 135  EMA Test Acc: 69.68
Loss   4.63 Loss_Lx   4.27 Loss_Lu 0.00485
03:49:12 Epoch 136 Test Acc: 67.97
03:49:15 Epoch 136  EMA Test Acc: 69.05
Loss   4.63 Loss_Lx   4.26 Loss_Lu 0.00488
03:51:03 Epoch 137 Test Acc: 68.51
03:51:05 Epoch 137  EMA Test Acc: 68.54
Loss   4.64 Loss_Lx   4.28 Loss_Lu 0.00488
03:52:53 Epoch 138 Test Acc: 68.42
03:52:55 Epoch 138  EMA Test Acc: 67.49
Loss   4.63 Loss_Lx   4.26 Loss_Lu 0.00489
03:54:43 Epoch 139 Test Acc: 68.74
03:54:46 Epoch 139  EMA Test Acc: 69.44
Loss   4.60 Loss_Lx   4.23 Loss_Lu 0.00486
03:56:33 Epoch 140 Test Acc: 68.52
03:56:35 Epoch 140  EMA Test Acc: 69.36
Loss   4.60 Loss_Lx   4.23 Loss_Lu 0.00490
03:58:22 Epoch 141 Test Acc: 69.45
03:58:24 Epoch 141  EMA Test Acc: 69.05
Loss   4.56 Loss_Lx   4.20 Loss_Lu 0.00485
04:00:11 Epoch 142 Test Acc: 68.42
04:00:14 Epoch 142  EMA Test Acc: 69.55
Loss   4.58 Loss_Lx   4.21 Loss_Lu 0.00489
04:02:00 Epoch 143 Test Acc: 68.67
04:02:03 Epoch 143  EMA Test Acc: 70.06
Loss   4.52 Loss_Lx   4.16 Loss_Lu 0.00481
04:03:50 Epoch 144 Test Acc: 69.09
04:03:52 Epoch 144  EMA Test Acc: 69.22
Loss   4.55 Loss_Lx   4.19 Loss_Lu 0.00485
04:05:39 Epoch 145 Test Acc: 69.36
04:05:41 Epoch 145  EMA Test Acc: 69.99
Loss   4.57 Loss_Lx   4.21 Loss_Lu 0.00486
04:07:28 Epoch 146 Test Acc: 69.39
04:07:31 Epoch 146  EMA Test Acc: 69.92
Loss   4.53 Loss_Lx   4.16 Loss_Lu 0.00483
04:09:17 Epoch 147 Test Acc: 69.58
04:09:20 Epoch 147  EMA Test Acc: 69.31
Loss   4.56 Loss_Lx   4.20 Loss_Lu 0.00482
04:11:06 Epoch 148 Test Acc: 69.58
04:11:09 Epoch 148  EMA Test Acc: 70.34
Loss   4.51 Loss_Lx   4.14 Loss_Lu 0.00483
04:12:56 Epoch 149 Test Acc: 68.86
04:12:59 Epoch 149  EMA Test Acc: 70.3
Loss   3.37 Loss_Lx   3.06 Loss_Lu 0.00417
04:14:45 Epoch 150 Test Acc: 70.0
04:14:47 Epoch 150  EMA Test Acc: 70.3
Loss   3.24 Loss_Lx   2.93 Loss_Lu 0.00410
04:16:33 Epoch 151 Test Acc: 70.26
04:16:35 Epoch 151  EMA Test Acc: 70.96
Loss   3.20 Loss_Lx   2.90 Loss_Lu 0.00402
04:18:20 Epoch 152 Test Acc: 70.05
04:18:23 Epoch 152  EMA Test Acc: 71.36
Loss   3.27 Loss_Lx   2.96 Loss_Lu 0.00407
04:20:09 Epoch 153 Test Acc: 69.79
04:20:11 Epoch 153  EMA Test Acc: 70.85
Loss   3.18 Loss_Lx   2.89 Loss_Lu 0.00399
04:21:56 Epoch 154 Test Acc: 70.57
04:21:59 Epoch 154  EMA Test Acc: 71.24
Loss   3.27 Loss_Lx   2.96 Loss_Lu 0.00408
04:23:44 Epoch 155 Test Acc: 70.44
04:23:46 Epoch 155  EMA Test Acc: 71.0
Loss   3.27 Loss_Lx   2.96 Loss_Lu 0.00406
04:25:32 Epoch 156 Test Acc: 70.18
04:25:35 Epoch 156  EMA Test Acc: 70.83
Loss   3.30 Loss_Lx   2.99 Loss_Lu 0.00408
04:27:20 Epoch 157 Test Acc: 70.71
04:27:22 Epoch 157  EMA Test Acc: 71.26
Loss   3.20 Loss_Lx   2.90 Loss_Lu 0.00399
04:29:07 Epoch 158 Test Acc: 70.23
04:29:10 Epoch 158  EMA Test Acc: 71.05
Loss   3.19 Loss_Lx   2.90 Loss_Lu 0.00398
04:30:56 Epoch 159 Test Acc: 70.76
04:30:58 Epoch 159  EMA Test Acc: 70.7
Loss   3.22 Loss_Lx   2.92 Loss_Lu 0.00399
04:32:44 Epoch 160 Test Acc: 70.26
04:32:46 Epoch 160  EMA Test Acc: 71.03
Loss   3.15 Loss_Lx   2.86 Loss_Lu 0.00395
04:34:31 Epoch 161 Test Acc: 71.22
04:34:34 Epoch 161  EMA Test Acc: 71.02
Loss   3.10 Loss_Lx   2.81 Loss_Lu 0.00389
04:36:19 Epoch 162 Test Acc: 70.47
04:36:22 Epoch 162  EMA Test Acc: 71.34
Loss   3.12 Loss_Lx   2.82 Loss_Lu 0.00392
04:38:07 Epoch 163 Test Acc: 70.39
04:38:10 Epoch 163  EMA Test Acc: 71.51
Loss   3.07 Loss_Lx   2.78 Loss_Lu 0.00386
04:39:55 Epoch 164 Test Acc: 71.13
04:39:58 Epoch 164  EMA Test Acc: 70.58
Loss   3.28 Loss_Lx   2.97 Loss_Lu 0.00405
04:41:43 Epoch 165 Test Acc: 71.06
04:41:46 Epoch 165  EMA Test Acc: 70.76
Loss   3.19 Loss_Lx   2.89 Loss_Lu 0.00399
04:43:31 Epoch 166 Test Acc: 71.26
04:43:33 Epoch 166  EMA Test Acc: 71.98
Loss   3.14 Loss_Lx   2.84 Loss_Lu 0.00392
04:45:18 Epoch 167 Test Acc: 70.94
04:45:21 Epoch 167  EMA Test Acc: 71.7
Loss   3.12 Loss_Lx   2.82 Loss_Lu 0.00389
04:47:06 Epoch 168 Test Acc: 70.62
04:47:09 Epoch 168  EMA Test Acc: 70.81
Loss   3.04 Loss_Lx   2.75 Loss_Lu 0.00379
04:48:54 Epoch 169 Test Acc: 70.91
04:48:56 Epoch 169  EMA Test Acc: 71.69
Loss   3.23 Loss_Lx   2.93 Loss_Lu 0.00399
04:50:42 Epoch 170 Test Acc: 71.14
04:50:44 Epoch 170  EMA Test Acc: 71.4
Loss   3.14 Loss_Lx   2.85 Loss_Lu 0.00391
04:52:30 Epoch 171 Test Acc: 71.39
04:52:32 Epoch 171  EMA Test Acc: 71.04
Loss   3.12 Loss_Lx   2.83 Loss_Lu 0.00390
04:54:17 Epoch 172 Test Acc: 71.0
04:54:19 Epoch 172  EMA Test Acc: 72.04
Loss   3.04 Loss_Lx   2.75 Loss_Lu 0.00383
04:56:05 Epoch 173 Test Acc: 70.94
04:56:08 Epoch 173  EMA Test Acc: 71.04
Loss   3.11 Loss_Lx   2.82 Loss_Lu 0.00385
04:57:54 Epoch 174 Test Acc: 71.96
04:57:57 Epoch 174  EMA Test Acc: 71.46
Loss   2.89 Loss_Lx   2.61 Loss_Lu 0.00370
04:59:43 Epoch 175 Test Acc: 71.03
04:59:46 Epoch 175  EMA Test Acc: 72.29
Loss   3.07 Loss_Lx   2.78 Loss_Lu 0.00383
05:01:32 Epoch 176 Test Acc: 71.48
05:01:34 Epoch 176  EMA Test Acc: 71.86
Loss   2.96 Loss_Lx   2.68 Loss_Lu 0.00375
05:03:20 Epoch 177 Test Acc: 71.66
05:03:23 Epoch 177  EMA Test Acc: 72.01
Loss   3.11 Loss_Lx   2.82 Loss_Lu 0.00382
05:05:09 Epoch 178 Test Acc: 71.86
05:05:12 Epoch 178  EMA Test Acc: 72.0
Loss   3.05 Loss_Lx   2.77 Loss_Lu 0.00380
05:06:57 Epoch 179 Test Acc: 71.77
05:07:00 Epoch 179  EMA Test Acc: 71.85
Loss   3.09 Loss_Lx   2.81 Loss_Lu 0.00385
05:08:46 Epoch 180 Test Acc: 72.12
05:08:48 Epoch 180  EMA Test Acc: 72.07
Loss   3.04 Loss_Lx   2.75 Loss_Lu 0.00380
05:10:35 Epoch 181 Test Acc: 71.74
05:10:37 Epoch 181  EMA Test Acc: 71.77
Loss   2.93 Loss_Lx   2.65 Loss_Lu 0.00370
05:12:23 Epoch 182 Test Acc: 71.88
05:12:26 Epoch 182  EMA Test Acc: 72.17
Loss   2.92 Loss_Lx   2.64 Loss_Lu 0.00370
05:14:12 Epoch 183 Test Acc: 71.71
05:14:15 Epoch 183  EMA Test Acc: 72.5
Loss   2.91 Loss_Lx   2.64 Loss_Lu 0.00369
05:16:01 Epoch 184 Test Acc: 71.94
05:16:03 Epoch 184  EMA Test Acc: 72.2
Loss   3.07 Loss_Lx   2.78 Loss_Lu 0.00380
05:17:50 Epoch 185 Test Acc: 71.61
05:17:52 Epoch 185  EMA Test Acc: 72.56
Loss   2.93 Loss_Lx   2.65 Loss_Lu 0.00366
05:19:38 Epoch 186 Test Acc: 71.93
05:19:41 Epoch 186  EMA Test Acc: 72.24
Loss   2.96 Loss_Lx   2.68 Loss_Lu 0.00371
05:21:27 Epoch 187 Test Acc: 72.38
05:21:29 Epoch 187  EMA Test Acc: 72.07
Loss   2.79 Loss_Lx   2.52 Loss_Lu 0.00352
05:23:15 Epoch 188 Test Acc: 72.08
05:23:18 Epoch 188  EMA Test Acc: 72.15
Loss   2.81 Loss_Lx   2.54 Loss_Lu 0.00352
05:25:04 Epoch 189 Test Acc: 72.14
05:25:06 Epoch 189  EMA Test Acc: 72.48
Loss   2.89 Loss_Lx   2.62 Loss_Lu 0.00359
05:26:52 Epoch 190 Test Acc: 72.53
05:26:55 Epoch 190  EMA Test Acc: 72.16
Loss   2.94 Loss_Lx   2.67 Loss_Lu 0.00362
05:28:41 Epoch 191 Test Acc: 71.9
05:28:43 Epoch 191  EMA Test Acc: 72.58
Loss   3.01 Loss_Lx   2.73 Loss_Lu 0.00373
05:30:29 Epoch 192 Test Acc: 72.23
05:30:32 Epoch 192  EMA Test Acc: 71.86
Loss   2.84 Loss_Lx   2.57 Loss_Lu 0.00358
05:32:17 Epoch 193 Test Acc: 72.23
05:32:20 Epoch 193  EMA Test Acc: 72.48
Loss   2.99 Loss_Lx   2.71 Loss_Lu 0.00371
05:34:05 Epoch 194 Test Acc: 71.93
05:34:08 Epoch 194  EMA Test Acc: 72.36
Loss   2.97 Loss_Lx   2.69 Loss_Lu 0.00366
05:35:53 Epoch 195 Test Acc: 72.12
05:35:56 Epoch 195  EMA Test Acc: 72.47
Loss   2.93 Loss_Lx   2.66 Loss_Lu 0.00363
05:37:42 Epoch 196 Test Acc: 72.35
05:37:44 Epoch 196  EMA Test Acc: 72.52
Loss   2.92 Loss_Lx   2.65 Loss_Lu 0.00362
05:39:30 Epoch 197 Test Acc: 71.83
05:39:33 Epoch 197  EMA Test Acc: 72.74
Loss   2.91 Loss_Lx   2.64 Loss_Lu 0.00364
05:41:19 Epoch 198 Test Acc: 72.38
05:41:21 Epoch 198  EMA Test Acc: 72.65
Loss   2.86 Loss_Lx   2.59 Loss_Lu 0.00358
05:43:07 Epoch 199 Test Acc: 72.05
05:43:10 Epoch 199  EMA Test Acc: 71.92
Loss   2.89 Loss_Lx   2.62 Loss_Lu 0.00360
05:44:55 Epoch 200 Test Acc: 72.39
05:44:58 Epoch 200  EMA Test Acc: 72.21
Loss   2.73 Loss_Lx   2.47 Loss_Lu 0.00343
05:46:44 Epoch 201 Test Acc: 72.33
05:46:46 Epoch 201  EMA Test Acc: 72.36
Loss   2.87 Loss_Lx   2.60 Loss_Lu 0.00357
05:48:32 Epoch 202 Test Acc: 72.14
05:48:35 Epoch 202  EMA Test Acc: 72.66
Loss   2.88 Loss_Lx   2.61 Loss_Lu 0.00357
05:50:21 Epoch 203 Test Acc: 72.16
05:50:24 Epoch 203  EMA Test Acc: 72.41
Loss   2.78 Loss_Lx   2.52 Loss_Lu 0.00348
05:52:10 Epoch 204 Test Acc: 72.31
05:52:12 Epoch 204  EMA Test Acc: 72.68
Loss   2.78 Loss_Lx   2.52 Loss_Lu 0.00348
05:53:58 Epoch 205 Test Acc: 71.94
05:54:01 Epoch 205  EMA Test Acc: 72.48
Loss   2.85 Loss_Lx   2.59 Loss_Lu 0.00350
05:55:47 Epoch 206 Test Acc: 72.27
05:55:50 Epoch 206  EMA Test Acc: 72.36
Loss   2.79 Loss_Lx   2.53 Loss_Lu 0.00342
05:57:36 Epoch 207 Test Acc: 72.4
05:57:38 Epoch 207  EMA Test Acc: 72.39
Loss   2.65 Loss_Lx   2.41 Loss_Lu 0.00327
05:59:24 Epoch 208 Test Acc: 72.47
05:59:27 Epoch 208  EMA Test Acc: 72.71
Loss   2.80 Loss_Lx   2.54 Loss_Lu 0.00343
06:01:13 Epoch 209 Test Acc: 71.8
06:01:16 Epoch 209  EMA Test Acc: 72.08
Loss   2.76 Loss_Lx   2.50 Loss_Lu 0.00343
06:03:02 Epoch 210 Test Acc: 72.29
06:03:04 Epoch 210  EMA Test Acc: 72.16
Loss   2.72 Loss_Lx   2.47 Loss_Lu 0.00338
06:04:50 Epoch 211 Test Acc: 72.5
06:04:53 Epoch 211  EMA Test Acc: 72.57
Loss   2.88 Loss_Lx   2.61 Loss_Lu 0.00354
06:06:39 Epoch 212 Test Acc: 72.45
06:06:42 Epoch 212  EMA Test Acc: 72.63
Loss   2.92 Loss_Lx   2.66 Loss_Lu 0.00355
06:08:28 Epoch 213 Test Acc: 72.5
06:08:30 Epoch 213  EMA Test Acc: 72.59
Loss   2.77 Loss_Lx   2.51 Loss_Lu 0.00343
06:10:16 Epoch 214 Test Acc: 72.39
06:10:19 Epoch 214  EMA Test Acc: 72.18
Loss   2.81 Loss_Lx   2.55 Loss_Lu 0.00344
06:12:05 Epoch 215 Test Acc: 72.48
06:12:08 Epoch 215  EMA Test Acc: 72.34
Loss   2.79 Loss_Lx   2.53 Loss_Lu 0.00345
06:13:54 Epoch 216 Test Acc: 72.43
06:13:56 Epoch 216  EMA Test Acc: 72.25
Loss   2.66 Loss_Lx   2.42 Loss_Lu 0.00327
06:15:42 Epoch 217 Test Acc: 72.61
06:15:45 Epoch 217  EMA Test Acc: 72.77
Loss   2.68 Loss_Lx   2.43 Loss_Lu 0.00332
06:17:31 Epoch 218 Test Acc: 72.64
06:17:34 Epoch 218  EMA Test Acc: 72.56
Loss   2.68 Loss_Lx   2.43 Loss_Lu 0.00331
06:19:19 Epoch 219 Test Acc: 72.95
06:19:22 Epoch 219  EMA Test Acc: 72.67
Loss   2.89 Loss_Lx   2.63 Loss_Lu 0.00352
06:21:08 Epoch 220 Test Acc: 72.57
06:21:11 Epoch 220  EMA Test Acc: 72.91
Loss   2.69 Loss_Lx   2.44 Loss_Lu 0.00332
06:22:57 Epoch 221 Test Acc: 72.52
06:23:00 Epoch 221  EMA Test Acc: 72.6
Loss   2.67 Loss_Lx   2.43 Loss_Lu 0.00327
06:24:45 Epoch 222 Test Acc: 72.64
06:24:48 Epoch 222  EMA Test Acc: 72.5
Loss   2.76 Loss_Lx   2.51 Loss_Lu 0.00338
06:26:34 Epoch 223 Test Acc: 72.85
06:26:37 Epoch 223  EMA Test Acc: 72.93
Loss   2.73 Loss_Lx   2.48 Loss_Lu 0.00333
06:28:23 Epoch 224 Test Acc: 72.57
06:28:25 Epoch 224  EMA Test Acc: 72.67
Loss   2.68 Loss_Lx   2.43 Loss_Lu 0.00328
06:30:11 Epoch 225 Test Acc: 72.39
06:30:14 Epoch 225  EMA Test Acc: 72.67
Loss   2.87 Loss_Lx   2.60 Loss_Lu 0.00347
06:32:00 Epoch 226 Test Acc: 72.44
06:32:03 Epoch 226  EMA Test Acc: 72.7
Loss   2.74 Loss_Lx   2.48 Loss_Lu 0.00336
06:33:49 Epoch 227 Test Acc: 72.64
06:33:51 Epoch 227  EMA Test Acc: 72.71
Loss   2.57 Loss_Lx   2.34 Loss_Lu 0.00316
06:35:37 Epoch 228 Test Acc: 72.69
06:35:40 Epoch 228  EMA Test Acc: 72.91
Loss   2.70 Loss_Lx   2.46 Loss_Lu 0.00325
06:37:26 Epoch 229 Test Acc: 72.12
06:37:29 Epoch 229  EMA Test Acc: 72.89
Loss   2.71 Loss_Lx   2.47 Loss_Lu 0.00330
06:39:15 Epoch 230 Test Acc: 72.39
06:39:17 Epoch 230  EMA Test Acc: 72.28
Loss   2.77 Loss_Lx   2.51 Loss_Lu 0.00336
06:41:03 Epoch 231 Test Acc: 72.38
06:41:06 Epoch 231  EMA Test Acc: 72.51
Loss   2.70 Loss_Lx   2.45 Loss_Lu 0.00327
06:42:52 Epoch 232 Test Acc: 72.38
06:42:55 Epoch 232  EMA Test Acc: 72.45
Loss   2.62 Loss_Lx   2.38 Loss_Lu 0.00319
06:44:41 Epoch 233 Test Acc: 72.58
06:44:43 Epoch 233  EMA Test Acc: 72.55
Loss   2.62 Loss_Lx   2.37 Loss_Lu 0.00321
06:46:29 Epoch 234 Test Acc: 72.56
06:46:32 Epoch 234  EMA Test Acc: 72.42
Loss   2.68 Loss_Lx   2.43 Loss_Lu 0.00323
06:48:18 Epoch 235 Test Acc: 72.58
06:48:21 Epoch 235  EMA Test Acc: 73.0
Loss   2.67 Loss_Lx   2.43 Loss_Lu 0.00323
06:50:07 Epoch 236 Test Acc: 72.24
06:50:09 Epoch 236  EMA Test Acc: 72.7
Loss   2.60 Loss_Lx   2.37 Loss_Lu 0.00314
06:51:55 Epoch 237 Test Acc: 72.4
06:51:58 Epoch 237  EMA Test Acc: 72.26
Loss   2.69 Loss_Lx   2.44 Loss_Lu 0.00324
06:53:44 Epoch 238 Test Acc: 72.32
06:53:46 Epoch 238  EMA Test Acc: 72.37
Loss   2.64 Loss_Lx   2.40 Loss_Lu 0.00319
06:55:32 Epoch 239 Test Acc: 72.57
06:55:35 Epoch 239  EMA Test Acc: 72.7
Loss   2.62 Loss_Lx   2.38 Loss_Lu 0.00319
06:57:21 Epoch 240 Test Acc: 72.72
06:57:23 Epoch 240  EMA Test Acc: 72.59
Loss   2.68 Loss_Lx   2.44 Loss_Lu 0.00322
06:59:09 Epoch 241 Test Acc: 72.48
06:59:12 Epoch 241  EMA Test Acc: 72.74
Loss   2.67 Loss_Lx   2.43 Loss_Lu 0.00322
07:00:58 Epoch 242 Test Acc: 72.5
07:01:00 Epoch 242  EMA Test Acc: 72.73
Loss   2.67 Loss_Lx   2.43 Loss_Lu 0.00319
07:02:47 Epoch 243 Test Acc: 72.72
07:02:49 Epoch 243  EMA Test Acc: 72.43
Loss   2.68 Loss_Lx   2.44 Loss_Lu 0.00323
07:04:35 Epoch 244 Test Acc: 72.62
07:04:38 Epoch 244  EMA Test Acc: 72.41
Loss   2.85 Loss_Lx   2.59 Loss_Lu 0.00344
07:06:24 Epoch 245 Test Acc: 72.56
07:06:27 Epoch 245  EMA Test Acc: 72.42
Loss   2.62 Loss_Lx   2.38 Loss_Lu 0.00320
07:08:12 Epoch 246 Test Acc: 72.91
07:08:15 Epoch 246  EMA Test Acc: 72.75
Loss   2.58 Loss_Lx   2.34 Loss_Lu 0.00312
07:10:01 Epoch 247 Test Acc: 73.16
07:10:04 Epoch 247  EMA Test Acc: 73.01
Loss   2.64 Loss_Lx   2.40 Loss_Lu 0.00317
07:11:50 Epoch 248 Test Acc: 72.78
07:11:52 Epoch 248  EMA Test Acc: 72.61
Loss   2.71 Loss_Lx   2.47 Loss_Lu 0.00325
07:13:38 Epoch 249 Test Acc: 72.84
07:13:41 Epoch 249  EMA Test Acc: 72.53
Loss   2.61 Loss_Lx   2.37 Loss_Lu 0.00316
07:15:27 Epoch 250 Test Acc: 73.07
07:15:30 Epoch 250  EMA Test Acc: 72.82
Loss   2.51 Loss_Lx   2.28 Loss_Lu 0.00307
07:17:16 Epoch 251 Test Acc: 72.56
07:17:19 Epoch 251  EMA Test Acc: 72.62
Loss   2.71 Loss_Lx   2.46 Loss_Lu 0.00326
07:19:04 Epoch 252 Test Acc: 72.9
07:19:07 Epoch 252  EMA Test Acc: 72.42
Loss   2.61 Loss_Lx   2.38 Loss_Lu 0.00314
07:20:53 Epoch 253 Test Acc: 73.12
07:20:55 Epoch 253  EMA Test Acc: 73.14
Loss   2.57 Loss_Lx   2.34 Loss_Lu 0.00310
07:22:42 Epoch 254 Test Acc: 72.58
07:22:44 Epoch 254  EMA Test Acc: 72.71
Loss   2.58 Loss_Lx   2.34 Loss_Lu 0.00313
07:24:30 Epoch 255 Test Acc: 72.87
07:24:32 Epoch 255  EMA Test Acc: 72.84
Loss   2.64 Loss_Lx   2.40 Loss_Lu 0.00315
07:26:18 Epoch 256 Test Acc: 72.66
07:26:21 Epoch 256  EMA Test Acc: 72.7
Loss   2.53 Loss_Lx   2.30 Loss_Lu 0.00305
07:28:07 Epoch 257 Test Acc: 72.8
07:28:10 Epoch 257  EMA Test Acc: 72.72
Loss   2.59 Loss_Lx   2.36 Loss_Lu 0.00313
07:29:55 Epoch 258 Test Acc: 72.81
07:29:58 Epoch 258  EMA Test Acc: 72.96
Loss   2.59 Loss_Lx   2.36 Loss_Lu 0.00312
07:31:44 Epoch 259 Test Acc: 72.7
07:31:46 Epoch 259  EMA Test Acc: 72.94
Loss   2.77 Loss_Lx   2.52 Loss_Lu 0.00331
07:33:32 Epoch 260 Test Acc: 73.12
07:33:35 Epoch 260  EMA Test Acc: 73.18
Loss   2.68 Loss_Lx   2.44 Loss_Lu 0.00322
07:35:20 Epoch 261 Test Acc: 72.98
07:35:23 Epoch 261  EMA Test Acc: 72.68
Loss   2.52 Loss_Lx   2.29 Loss_Lu 0.00302
07:37:09 Epoch 262 Test Acc: 73.05
07:37:12 Epoch 262  EMA Test Acc: 72.93
Loss   2.58 Loss_Lx   2.35 Loss_Lu 0.00309
07:38:57 Epoch 263 Test Acc: 72.9
07:39:00 Epoch 263  EMA Test Acc: 73.04
Loss   2.64 Loss_Lx   2.40 Loss_Lu 0.00317
07:40:46 Epoch 264 Test Acc: 72.94
07:40:48 Epoch 264  EMA Test Acc: 73.08
Loss   2.67 Loss_Lx   2.43 Loss_Lu 0.00321
07:42:34 Epoch 265 Test Acc: 72.92
07:42:37 Epoch 265  EMA Test Acc: 73.2
Loss   2.72 Loss_Lx   2.47 Loss_Lu 0.00328
07:44:23 Epoch 266 Test Acc: 72.93
07:44:25 Epoch 266  EMA Test Acc: 73.07
Loss   2.64 Loss_Lx   2.40 Loss_Lu 0.00318
07:46:11 Epoch 267 Test Acc: 72.62
07:46:14 Epoch 267  EMA Test Acc: 72.76
Loss   2.62 Loss_Lx   2.38 Loss_Lu 0.00313
07:48:00 Epoch 268 Test Acc: 72.69
07:48:03 Epoch 268  EMA Test Acc: 72.68
Loss   2.53 Loss_Lx   2.30 Loss_Lu 0.00302
07:49:49 Epoch 269 Test Acc: 72.94
07:49:51 Epoch 269  EMA Test Acc: 72.78
Loss   2.54 Loss_Lx   2.31 Loss_Lu 0.00305
07:51:37 Epoch 270 Test Acc: 73.02
07:51:40 Epoch 270  EMA Test Acc: 72.86
Loss   2.67 Loss_Lx   2.43 Loss_Lu 0.00320
07:53:26 Epoch 271 Test Acc: 73.02
07:53:28 Epoch 271  EMA Test Acc: 73.14
Loss   2.65 Loss_Lx   2.41 Loss_Lu 0.00317
07:55:14 Epoch 272 Test Acc: 73.16
07:55:17 Epoch 272  EMA Test Acc: 73.11
Loss   2.65 Loss_Lx   2.41 Loss_Lu 0.00316
07:57:03 Epoch 273 Test Acc: 73.14
07:57:05 Epoch 273  EMA Test Acc: 73.04
Loss   2.54 Loss_Lx   2.31 Loss_Lu 0.00297
07:58:51 Epoch 274 Test Acc: 73.17
07:58:54 Epoch 274  EMA Test Acc: 73.11
Loss   2.62 Loss_Lx   2.39 Loss_Lu 0.00313
08:00:40 Epoch 275 Test Acc: 72.81
08:00:42 Epoch 275  EMA Test Acc: 72.89
Loss   2.66 Loss_Lx   2.43 Loss_Lu 0.00316
08:02:28 Epoch 276 Test Acc: 73.15
08:02:31 Epoch 276  EMA Test Acc: 73.01
Loss   2.62 Loss_Lx   2.39 Loss_Lu 0.00310
08:04:18 Epoch 277 Test Acc: 72.99
08:04:21 Epoch 277  EMA Test Acc: 72.7
Loss   2.49 Loss_Lx   2.27 Loss_Lu 0.00298
08:06:06 Epoch 278 Test Acc: 72.81
08:06:09 Epoch 278  EMA Test Acc: 73.11
Loss   2.68 Loss_Lx   2.44 Loss_Lu 0.00318
08:07:55 Epoch 279 Test Acc: 73.03
08:07:57 Epoch 279  EMA Test Acc: 73.34
Loss   2.56 Loss_Lx   2.33 Loss_Lu 0.00307
08:09:44 Epoch 280 Test Acc: 72.79
08:09:47 Epoch 280  EMA Test Acc: 72.58
Loss   2.78 Loss_Lx   2.53 Loss_Lu 0.00331
08:11:32 Epoch 281 Test Acc: 72.9
08:11:35 Epoch 281  EMA Test Acc: 72.72
Loss   2.55 Loss_Lx   2.32 Loss_Lu 0.00308
08:13:21 Epoch 282 Test Acc: 73.01
08:13:24 Epoch 282  EMA Test Acc: 72.97
Loss   2.64 Loss_Lx   2.41 Loss_Lu 0.00309
08:15:10 Epoch 283 Test Acc: 73.12
08:15:12 Epoch 283  EMA Test Acc: 72.74
Loss   2.54 Loss_Lx   2.31 Loss_Lu 0.00305
08:16:59 Epoch 284 Test Acc: 73.12
08:17:01 Epoch 284  EMA Test Acc: 72.98
Loss   2.63 Loss_Lx   2.40 Loss_Lu 0.00313
08:18:47 Epoch 285 Test Acc: 73.1
08:18:50 Epoch 285  EMA Test Acc: 73.06
Loss   2.70 Loss_Lx   2.46 Loss_Lu 0.00321
08:20:35 Epoch 286 Test Acc: 72.92
08:20:38 Epoch 286  EMA Test Acc: 73.07
Loss   2.62 Loss_Lx   2.39 Loss_Lu 0.00307
08:22:24 Epoch 287 Test Acc: 72.77
08:22:27 Epoch 287  EMA Test Acc: 72.91
Loss   2.62 Loss_Lx   2.39 Loss_Lu 0.00310
08:24:13 Epoch 288 Test Acc: 72.55
08:24:16 Epoch 288  EMA Test Acc: 72.59
Loss   2.59 Loss_Lx   2.36 Loss_Lu 0.00307
08:26:01 Epoch 289 Test Acc: 72.81
08:26:04 Epoch 289  EMA Test Acc: 72.67
Loss   2.61 Loss_Lx   2.38 Loss_Lu 0.00308
08:27:50 Epoch 290 Test Acc: 72.85
08:27:52 Epoch 290  EMA Test Acc: 72.92
Loss   2.60 Loss_Lx   2.37 Loss_Lu 0.00310
08:29:38 Epoch 291 Test Acc: 72.81
08:29:41 Epoch 291  EMA Test Acc: 73.2
Loss   2.51 Loss_Lx   2.28 Loss_Lu 0.00300
08:31:28 Epoch 292 Test Acc: 73.04
08:31:30 Epoch 292  EMA Test Acc: 72.86
Loss   2.67 Loss_Lx   2.43 Loss_Lu 0.00317
08:33:16 Epoch 293 Test Acc: 72.74
08:33:19 Epoch 293  EMA Test Acc: 72.76
Loss   2.65 Loss_Lx   2.41 Loss_Lu 0.00313
08:35:05 Epoch 294 Test Acc: 72.59
08:35:07 Epoch 294  EMA Test Acc: 72.99
Loss   2.58 Loss_Lx   2.35 Loss_Lu 0.00307
08:36:53 Epoch 295 Test Acc: 72.91
08:36:56 Epoch 295  EMA Test Acc: 72.72
Loss   2.66 Loss_Lx   2.42 Loss_Lu 0.00318
08:38:41 Epoch 296 Test Acc: 72.71
08:38:44 Epoch 296  EMA Test Acc: 72.72
Loss   2.48 Loss_Lx   2.26 Loss_Lu 0.00296
08:40:30 Epoch 297 Test Acc: 73.22
08:40:32 Epoch 297  EMA Test Acc: 73.24
Loss   2.47 Loss_Lx   2.26 Loss_Lu 0.00289
08:42:18 Epoch 298 Test Acc: 72.89
08:42:21 Epoch 298  EMA Test Acc: 72.74
Loss   2.62 Loss_Lx   2.39 Loss_Lu 0.00309
08:44:08 Epoch 299 Test Acc: 73.11
08:44:10 Epoch 299  EMA Test Acc: 73.14
08:44:10 Best Test Acc: 73.33985137939453
