Sun Jul 10 00:14:24 2022       
+-----------------------------------------------------------------------------+
| NVIDIA-SMI 515.48.07    Driver Version: 515.48.07    CUDA Version: 11.7     |
|-------------------------------+----------------------+----------------------+
| GPU  Name        Persistence-M| Bus-Id        Disp.A | Volatile Uncorr. ECC |
| Fan  Temp  Perf  Pwr:Usage/Cap|         Memory-Usage | GPU-Util  Compute M. |
|                               |                      |               MIG M. |
|===============================+======================+======================|
|   0  NVIDIA A100-SXM...  Off  | 00000000:39:00.0 Off |                    0 |
| N/A   38C    P0    84W / 400W |   1920MiB / 81920MiB |      0%      Default |
|                               |                      |             Disabled |
+-------------------------------+----------------------+----------------------+
|   1  NVIDIA A100-SXM...  Off  | 00000000:3E:00.0 Off |                    0 |
| N/A   40C    P0   209W / 400W |   2172MiB / 81920MiB |     65%      Default |
|                               |                      |             Disabled |
+-------------------------------+----------------------+----------------------+
|   2  NVIDIA A100-SXM...  Off  | 00000000:4D:00.0 Off |                    0 |
| N/A   32C    P0    68W / 400W |      7MiB / 81920MiB |      0%      Default |
|                               |                      |             Disabled |
+-------------------------------+----------------------+----------------------+
|   3  NVIDIA A100-SXM...  Off  | 00000000:53:00.0 Off |                    0 |
| N/A   40C    P0    86W / 400W |   2082MiB / 81920MiB |      0%      Default |
|                               |                      |             Disabled |
+-------------------------------+----------------------+----------------------+
|   4  NVIDIA A100-SXM...  Off  | 00000000:8A:00.0 Off |                    0 |
| N/A   36C    P0    71W / 400W |      7MiB / 81920MiB |      0%      Default |
|                               |                      |             Disabled |
+-------------------------------+----------------------+----------------------+
|   5  NVIDIA A100-SXM...  Off  | 00000000:8E:00.0 Off |                    0 |
| N/A   32C    P0    68W / 400W |      7MiB / 81920MiB |      0%      Default |
|                               |                      |             Disabled |
+-------------------------------+----------------------+----------------------+
|   6  NVIDIA A100-SXM...  Off  | 00000000:A8:00.0 Off |                    0 |
| N/A   31C    P0    74W / 400W |      7MiB / 81920MiB |      0%      Default |
|                               |                      |             Disabled |
+-------------------------------+----------------------+----------------------+
|   7  NVIDIA A100-SXM...  Off  | 00000000:AB:00.0 Off |                    0 |
| N/A   34C    P0    71W / 400W |      7MiB / 81920MiB |      0%      Default |
|                               |                      |             Disabled |
+-------------------------------+----------------------+----------------------+
                                                                               
+-----------------------------------------------------------------------------+
| Processes:                                                                  |
|  GPU   GI   CI        PID   Type   Process name                  GPU Memory |
|        ID   ID                                                   Usage      |
|=============================================================================|
|    0   N/A  N/A      3443      G   /usr/lib/xorg/Xorg                  4MiB |
|    0   N/A  N/A   3018211      C   ...a/envs/hy39/bin/python3.9     1913MiB |
|    1   N/A  N/A      3443      G   /usr/lib/xorg/Xorg                  4MiB |
|    1   N/A  N/A   2879116      C   python                           2165MiB |
|    2   N/A  N/A      3443      G   /usr/lib/xorg/Xorg                  4MiB |
|    3   N/A  N/A      3443      G   /usr/lib/xorg/Xorg                  4MiB |
|    3   N/A  N/A   1254267      C   python                           2075MiB |
|    4   N/A  N/A      3443      G   /usr/lib/xorg/Xorg                  4MiB |
|    5   N/A  N/A      3443      G   /usr/lib/xorg/Xorg                  4MiB |
|    6   N/A  N/A      3443      G   /usr/lib/xorg/Xorg                  4MiB |
|    7   N/A  N/A      3443      G   /usr/lib/xorg/Xorg                  4MiB |
+-----------------------------------------------------------------------------+
Namespace(PES_lr=0.0001, T=0.5, T1=0, T2=5, alpha=4, batch_size=128, data_path='./data', data_percent=1, dataset='CIFAR100', ema=0.997, lambda_u=0, lr=0.02, noise_type='aggre_label', num_epochs=300, optim='cos', seed=1, weight_decay=0.0005)
Files already downloaded and verified
Files already downloaded and verified
Train Epoch: [0][  0/390]	Time   0.10	Data   0.00	Loss   8.61	Acc@1   5.26
00:15:23 Epoch 0 Test Acc: 9.99
00:15:26 Epoch 0  EMA Test Acc: 1.66
Train Epoch: [1][  0/390]	Time   0.10	Data   0.00	Loss   7.95	Acc@1   9.80
00:16:08 Epoch 1 Test Acc: 14.73
00:16:10 Epoch 1  EMA Test Acc: 7.31
Train Epoch: [2][  0/390]	Time   0.10	Data   0.00	Loss   7.46	Acc@1  13.70
00:16:53 Epoch 2 Test Acc: 20.36
00:16:55 Epoch 2  EMA Test Acc: 11.41
Train Epoch: [3][  0/390]	Time   0.10	Data   0.00	Loss   6.85	Acc@1  18.94
00:17:38 Epoch 3 Test Acc: 25.66
00:17:40 Epoch 3  EMA Test Acc: 21.02
Train Epoch: [4][  0/390]	Time   0.10	Data   0.00	Loss   6.41	Acc@1  23.16
00:18:23 Epoch 4 Test Acc: 31.97
00:18:25 Epoch 4  EMA Test Acc: 25.18
Train Epoch: [5][  0/390]	Time   0.10	Data   0.00	Loss   6.05	Acc@1  26.39
00:19:08 Epoch 5 Test Acc: 31.82
00:19:11 Epoch 5  EMA Test Acc: 34.61
Train Epoch: [6][  0/390]	Time   0.10	Data   0.00	Loss   5.79	Acc@1  29.51
00:19:53 Epoch 6 Test Acc: 38.47
00:19:56 Epoch 6  EMA Test Acc: 38.18
Train Epoch: [7][  0/390]	Time   0.10	Data   0.00	Loss   5.57	Acc@1  31.65
00:20:38 Epoch 7 Test Acc: 40.22
00:20:41 Epoch 7  EMA Test Acc: 42.02
Train Epoch: [8][  0/390]	Time   0.10	Data   0.00	Loss   5.39	Acc@1  33.75
00:21:23 Epoch 8 Test Acc: 40.09
00:21:25 Epoch 8  EMA Test Acc: 46.04
Train Epoch: [9][  0/390]	Time   0.10	Data   0.00	Loss   5.24	Acc@1  35.47
00:22:07 Epoch 9 Test Acc: 43.73
00:22:10 Epoch 9  EMA Test Acc: 45.71
Train Epoch: [10][  0/390]	Time   0.10	Data   0.00	Loss   5.12	Acc@1  36.68
00:22:52 Epoch 10 Test Acc: 45.37
00:22:55 Epoch 10  EMA Test Acc: 46.55
Train Epoch: [11][  0/390]	Time   0.10	Data   0.00	Loss   5.02	Acc@1  37.91
00:23:37 Epoch 11 Test Acc: 46.17
00:23:40 Epoch 11  EMA Test Acc: 50.6
Train Epoch: [12][  0/390]	Time   0.10	Data   0.00	Loss   4.91	Acc@1  39.18
00:24:23 Epoch 12 Test Acc: 47.39
00:24:25 Epoch 12  EMA Test Acc: 52.24
Train Epoch: [13][  0/390]	Time   0.10	Data   0.00	Loss   4.80	Acc@1  40.47
00:25:08 Epoch 13 Test Acc: 48.92
00:25:10 Epoch 13  EMA Test Acc: 51.45
Train Epoch: [14][  0/390]	Time   0.10	Data   0.00	Loss   4.74	Acc@1  40.98
00:25:53 Epoch 14 Test Acc: 49.41
00:25:56 Epoch 14  EMA Test Acc: 52.82
Train Epoch: [15][  0/390]	Time   0.10	Data   0.00	Loss   4.63	Acc@1  42.17
00:26:38 Epoch 15 Test Acc: 51.24
00:26:41 Epoch 15  EMA Test Acc: 54.22
Train Epoch: [16][  0/390]	Time   0.10	Data   0.00	Loss   4.56	Acc@1  42.76
00:27:23 Epoch 16 Test Acc: 50.36
00:27:26 Epoch 16  EMA Test Acc: 55.41
Train Epoch: [17][  0/390]	Time   0.10	Data   0.00	Loss   4.48	Acc@1  43.71
00:28:08 Epoch 17 Test Acc: 50.96
00:28:11 Epoch 17  EMA Test Acc: 54.19
Train Epoch: [18][  0/390]	Time   0.10	Data   0.00	Loss   4.42	Acc@1  44.63
00:28:53 Epoch 18 Test Acc: 51.17
00:28:56 Epoch 18  EMA Test Acc: 57.58
Train Epoch: [19][  0/390]	Time   0.10	Data   0.00	Loss   4.34	Acc@1  45.26
00:29:38 Epoch 19 Test Acc: 52.2
00:29:41 Epoch 19  EMA Test Acc: 56.21
Train Epoch: [20][  0/390]	Time   0.10	Data   0.00	Loss   4.28	Acc@1  46.17
00:30:24 Epoch 20 Test Acc: 53.87
00:30:26 Epoch 20  EMA Test Acc: 56.03
Train Epoch: [21][  0/390]	Time   0.10	Data   0.00	Loss   4.22	Acc@1  46.55
00:31:09 Epoch 21 Test Acc: 52.64
00:31:11 Epoch 21  EMA Test Acc: 57.6
Train Epoch: [22][  0/390]	Time   0.10	Data   0.00	Loss   4.17	Acc@1  47.09
00:31:54 Epoch 22 Test Acc: 54.35
00:31:56 Epoch 22  EMA Test Acc: 58.1
Train Epoch: [23][  0/390]	Time   0.10	Data   0.00	Loss   4.10	Acc@1  47.86
00:32:39 Epoch 23 Test Acc: 55.78
00:32:42 Epoch 23  EMA Test Acc: 55.45
Train Epoch: [24][  0/390]	Time   0.10	Data   0.00	Loss   4.05	Acc@1  48.48
00:33:24 Epoch 24 Test Acc: 54.58
00:33:27 Epoch 24  EMA Test Acc: 58.12
Train Epoch: [25][  0/390]	Time   0.10	Data   0.00	Loss   4.01	Acc@1  48.92
00:34:09 Epoch 25 Test Acc: 54.1
00:34:12 Epoch 25  EMA Test Acc: 58.34
Train Epoch: [26][  0/390]	Time   0.10	Data   0.00	Loss   3.94	Acc@1  49.46
00:34:54 Epoch 26 Test Acc: 53.42
00:34:57 Epoch 26  EMA Test Acc: 59.5
Train Epoch: [27][  0/390]	Time   0.10	Data   0.00	Loss   3.90	Acc@1  49.97
00:35:39 Epoch 27 Test Acc: 53.2
00:35:42 Epoch 27  EMA Test Acc: 59.06
Train Epoch: [28][  0/390]	Time   0.10	Data   0.00	Loss   3.85	Acc@1  50.30
00:36:24 Epoch 28 Test Acc: 54.71
00:36:27 Epoch 28  EMA Test Acc: 58.96
Train Epoch: [29][  0/390]	Time   0.10	Data   0.00	Loss   3.81	Acc@1  50.67
00:37:09 Epoch 29 Test Acc: 52.55
00:37:12 Epoch 29  EMA Test Acc: 59.76
Train Epoch: [30][  0/390]	Time   0.10	Data   0.00	Loss   3.76	Acc@1  51.20
00:37:54 Epoch 30 Test Acc: 54.64
00:37:57 Epoch 30  EMA Test Acc: 59.64
Train Epoch: [31][  0/390]	Time   0.10	Data   0.00	Loss   3.71	Acc@1  52.01
00:38:40 Epoch 31 Test Acc: 54.34
00:38:42 Epoch 31  EMA Test Acc: 60.78
Train Epoch: [32][  0/390]	Time   0.10	Data   0.00	Loss   3.65	Acc@1  52.40
00:39:25 Epoch 32 Test Acc: 53.08
00:39:27 Epoch 32  EMA Test Acc: 59.49
Train Epoch: [33][  0/390]	Time   0.10	Data   0.00	Loss   3.61	Acc@1  52.85
00:40:09 Epoch 33 Test Acc: 52.56
00:40:12 Epoch 33  EMA Test Acc: 59.05
Train Epoch: [34][  0/390]	Time   0.10	Data   0.00	Loss   3.57	Acc@1  53.14
00:40:55 Epoch 34 Test Acc: 53.89
00:40:57 Epoch 34  EMA Test Acc: 58.98
re-initalize the final layer
Train Epoch: [0][  0/390]	Time   0.05	Data   0.00	Loss   6.81	Acc@1  39.07
00:41:19 Epoch 0 Test Acc: 54.56
Train Epoch: [1][  0/390]	Time   0.05	Data   0.00	Loss   5.21	Acc@1  52.78
00:41:41 Epoch 1 Test Acc: 57.37
Train Epoch: [2][  0/390]	Time   0.05	Data   0.00	Loss   4.64	Acc@1  54.73
00:42:03 Epoch 2 Test Acc: 58.35
Train Epoch: [3][  0/390]	Time   0.05	Data   0.00	Loss   4.27	Acc@1  55.90
00:42:24 Epoch 3 Test Acc: 58.23
Train Epoch: [4][  0/390]	Time   0.05	Data   0.00	Loss   4.01	Acc@1  56.66
00:42:46 Epoch 4 Test Acc: 58.4
Loss   6.41 Loss_Lx   6.40 Loss_Lu 0.00441
00:44:32 Epoch 35 Test Acc: 59.69
00:44:35 Epoch 35  EMA Test Acc: 56.57
Loss   6.17 Loss_Lx   6.14 Loss_Lu 0.00455
00:46:22 Epoch 36 Test Acc: 59.93
00:46:25 Epoch 36  EMA Test Acc: 57.77
Loss   6.03 Loss_Lx   5.97 Loss_Lu 0.00467
00:48:12 Epoch 37 Test Acc: 58.9
00:48:15 Epoch 37  EMA Test Acc: 57.9
Loss   6.00 Loss_Lx   5.93 Loss_Lu 0.00477
00:50:02 Epoch 38 Test Acc: 59.84
00:50:05 Epoch 38  EMA Test Acc: 59.38
Loss   5.94 Loss_Lx   5.84 Loss_Lu 0.00484
00:51:53 Epoch 39 Test Acc: 60.2
00:51:56 Epoch 39  EMA Test Acc: 60.37
Loss   5.92 Loss_Lx   5.79 Loss_Lu 0.00490
00:53:43 Epoch 40 Test Acc: 59.96
00:53:46 Epoch 40  EMA Test Acc: 60.27
Loss   5.99 Loss_Lx   5.84 Loss_Lu 0.00488
00:55:34 Epoch 41 Test Acc: 59.31
00:55:36 Epoch 41  EMA Test Acc: 61.32
Loss   5.99 Loss_Lx   5.81 Loss_Lu 0.00494
00:57:24 Epoch 42 Test Acc: 61.1
00:57:27 Epoch 42  EMA Test Acc: 59.83
Loss   5.99 Loss_Lx   5.79 Loss_Lu 0.00494
00:59:15 Epoch 43 Test Acc: 58.96
00:59:18 Epoch 43  EMA Test Acc: 60.29
Loss   6.07 Loss_Lx   5.85 Loss_Lu 0.00493
01:01:06 Epoch 44 Test Acc: 61.25
01:01:08 Epoch 44  EMA Test Acc: 60.62
Loss   6.02 Loss_Lx   5.78 Loss_Lu 0.00494
01:02:56 Epoch 45 Test Acc: 60.24
01:02:59 Epoch 45  EMA Test Acc: 61.3
Loss   5.99 Loss_Lx   5.72 Loss_Lu 0.00497
01:04:47 Epoch 46 Test Acc: 59.71
01:04:50 Epoch 46  EMA Test Acc: 61.72
Loss   5.93 Loss_Lx   5.64 Loss_Lu 0.00497
01:06:38 Epoch 47 Test Acc: 59.76
01:06:41 Epoch 47  EMA Test Acc: 59.78
Loss   6.07 Loss_Lx   5.75 Loss_Lu 0.00500
01:08:29 Epoch 48 Test Acc: 61.15
01:08:31 Epoch 48  EMA Test Acc: 60.38
Loss   5.94 Loss_Lx   5.60 Loss_Lu 0.00499
01:10:18 Epoch 49 Test Acc: 60.51
01:10:21 Epoch 49  EMA Test Acc: 61.97
Loss   5.99 Loss_Lx   5.62 Loss_Lu 0.00500
01:12:08 Epoch 50 Test Acc: 59.26
01:12:11 Epoch 50  EMA Test Acc: 61.65
Loss   5.98 Loss_Lx   5.60 Loss_Lu 0.00499
01:13:58 Epoch 51 Test Acc: 61.3
01:14:01 Epoch 51  EMA Test Acc: 61.83
Loss   5.92 Loss_Lx   5.54 Loss_Lu 0.00498
01:15:49 Epoch 52 Test Acc: 61.53
01:15:52 Epoch 52  EMA Test Acc: 61.68
Loss   6.05 Loss_Lx   5.67 Loss_Lu 0.00496
01:17:39 Epoch 53 Test Acc: 60.61
01:17:42 Epoch 53  EMA Test Acc: 62.26
Loss   5.86 Loss_Lx   5.49 Loss_Lu 0.00496
01:19:29 Epoch 54 Test Acc: 61.35
01:19:32 Epoch 54  EMA Test Acc: 63.02
Loss   5.82 Loss_Lx   5.44 Loss_Lu 0.00499
01:21:20 Epoch 55 Test Acc: 61.87
01:21:22 Epoch 55  EMA Test Acc: 61.28
Loss   5.85 Loss_Lx   5.48 Loss_Lu 0.00501
01:23:10 Epoch 56 Test Acc: 60.2
01:23:13 Epoch 56  EMA Test Acc: 62.57
Loss   5.84 Loss_Lx   5.46 Loss_Lu 0.00501
01:25:01 Epoch 57 Test Acc: 61.03
01:25:04 Epoch 57  EMA Test Acc: 61.9
Loss   5.77 Loss_Lx   5.39 Loss_Lu 0.00502
01:26:51 Epoch 58 Test Acc: 60.63
01:26:54 Epoch 58  EMA Test Acc: 62.65
Loss   5.72 Loss_Lx   5.35 Loss_Lu 0.00499
01:28:41 Epoch 59 Test Acc: 61.64
01:28:44 Epoch 59  EMA Test Acc: 62.51
Loss   5.79 Loss_Lx   5.42 Loss_Lu 0.00498
01:30:31 Epoch 60 Test Acc: 61.45
01:30:34 Epoch 60  EMA Test Acc: 60.33
Loss   5.75 Loss_Lx   5.38 Loss_Lu 0.00502
01:32:22 Epoch 61 Test Acc: 61.84
01:32:24 Epoch 61  EMA Test Acc: 61.41
Loss   5.71 Loss_Lx   5.34 Loss_Lu 0.00499
01:34:12 Epoch 62 Test Acc: 62.45
01:34:15 Epoch 62  EMA Test Acc: 62.27
Loss   5.65 Loss_Lx   5.28 Loss_Lu 0.00498
01:36:02 Epoch 63 Test Acc: 61.87
01:36:05 Epoch 63  EMA Test Acc: 62.86
Loss   5.70 Loss_Lx   5.33 Loss_Lu 0.00502
01:37:53 Epoch 64 Test Acc: 62.21
01:37:55 Epoch 64  EMA Test Acc: 62.74
Loss   5.62 Loss_Lx   5.24 Loss_Lu 0.00500
01:39:43 Epoch 65 Test Acc: 62.32
01:39:46 Epoch 65  EMA Test Acc: 63.24
Loss   5.68 Loss_Lx   5.30 Loss_Lu 0.00502
01:41:33 Epoch 66 Test Acc: 62.3
01:41:36 Epoch 66  EMA Test Acc: 65.11
Loss   5.58 Loss_Lx   5.20 Loss_Lu 0.00501
01:43:23 Epoch 67 Test Acc: 62.42
01:43:26 Epoch 67  EMA Test Acc: 64.53
Loss   5.54 Loss_Lx   5.17 Loss_Lu 0.00502
01:45:13 Epoch 68 Test Acc: 63.86
01:45:16 Epoch 68  EMA Test Acc: 63.51
Loss   5.61 Loss_Lx   5.23 Loss_Lu 0.00505
01:47:03 Epoch 69 Test Acc: 63.44
01:47:06 Epoch 69  EMA Test Acc: 63.87
Loss   5.63 Loss_Lx   5.25 Loss_Lu 0.00503
01:48:54 Epoch 70 Test Acc: 63.06
01:48:56 Epoch 70  EMA Test Acc: 65.85
Loss   5.61 Loss_Lx   5.23 Loss_Lu 0.00505
01:50:43 Epoch 71 Test Acc: 62.44
01:50:46 Epoch 71  EMA Test Acc: 63.54
Loss   5.56 Loss_Lx   5.18 Loss_Lu 0.00501
01:52:34 Epoch 72 Test Acc: 64.25
01:52:36 Epoch 72  EMA Test Acc: 64.01
Loss   5.49 Loss_Lx   5.11 Loss_Lu 0.00504
01:54:23 Epoch 73 Test Acc: 63.37
01:54:26 Epoch 73  EMA Test Acc: 64.75
Loss   5.48 Loss_Lx   5.10 Loss_Lu 0.00505
01:56:14 Epoch 74 Test Acc: 63.35
01:56:16 Epoch 74  EMA Test Acc: 64.39
Loss   5.46 Loss_Lx   5.08 Loss_Lu 0.00504
01:58:04 Epoch 75 Test Acc: 63.59
01:58:07 Epoch 75  EMA Test Acc: 64.38
Loss   5.45 Loss_Lx   5.07 Loss_Lu 0.00501
01:59:54 Epoch 76 Test Acc: 63.25
01:59:57 Epoch 76  EMA Test Acc: 64.4
Loss   5.46 Loss_Lx   5.08 Loss_Lu 0.00506
02:01:44 Epoch 77 Test Acc: 63.92
02:01:47 Epoch 77  EMA Test Acc: 65.46
Loss   5.37 Loss_Lx   5.00 Loss_Lu 0.00505
02:03:35 Epoch 78 Test Acc: 63.42
02:03:37 Epoch 78  EMA Test Acc: 64.97
Loss   5.40 Loss_Lx   5.02 Loss_Lu 0.00503
02:05:25 Epoch 79 Test Acc: 63.5
02:05:28 Epoch 79  EMA Test Acc: 65.39
Loss   5.47 Loss_Lx   5.09 Loss_Lu 0.00505
02:07:15 Epoch 80 Test Acc: 64.39
02:07:18 Epoch 80  EMA Test Acc: 65.28
Loss   5.34 Loss_Lx   4.96 Loss_Lu 0.00504
02:09:05 Epoch 81 Test Acc: 63.23
02:09:08 Epoch 81  EMA Test Acc: 64.96
Loss   5.35 Loss_Lx   4.97 Loss_Lu 0.00505
02:10:55 Epoch 82 Test Acc: 64.41
02:10:58 Epoch 82  EMA Test Acc: 64.87
Loss   5.35 Loss_Lx   4.97 Loss_Lu 0.00509
02:12:45 Epoch 83 Test Acc: 63.72
02:12:48 Epoch 83  EMA Test Acc: 65.68
Loss   5.34 Loss_Lx   4.97 Loss_Lu 0.00505
02:14:36 Epoch 84 Test Acc: 64.3
02:14:38 Epoch 84  EMA Test Acc: 65.4
Loss   5.41 Loss_Lx   5.03 Loss_Lu 0.00510
02:16:25 Epoch 85 Test Acc: 64.0
02:16:28 Epoch 85  EMA Test Acc: 65.51
Loss   5.42 Loss_Lx   5.04 Loss_Lu 0.00508
02:18:16 Epoch 86 Test Acc: 64.31
02:18:19 Epoch 86  EMA Test Acc: 65.35
Loss   5.42 Loss_Lx   5.04 Loss_Lu 0.00507
02:20:06 Epoch 87 Test Acc: 64.81
02:20:09 Epoch 87  EMA Test Acc: 65.1
Loss   5.29 Loss_Lx   4.91 Loss_Lu 0.00506
02:21:56 Epoch 88 Test Acc: 64.67
02:21:59 Epoch 88  EMA Test Acc: 65.8
Loss   5.38 Loss_Lx   5.00 Loss_Lu 0.00510
02:23:46 Epoch 89 Test Acc: 64.05
02:23:49 Epoch 89  EMA Test Acc: 66.22
Loss   5.31 Loss_Lx   4.93 Loss_Lu 0.00505
02:25:37 Epoch 90 Test Acc: 65.22
02:25:39 Epoch 90  EMA Test Acc: 66.53
Loss   5.29 Loss_Lx   4.91 Loss_Lu 0.00506
02:27:27 Epoch 91 Test Acc: 64.8
02:27:29 Epoch 91  EMA Test Acc: 64.88
Loss   5.24 Loss_Lx   4.87 Loss_Lu 0.00503
02:29:17 Epoch 92 Test Acc: 64.17
02:29:20 Epoch 92  EMA Test Acc: 64.26
Loss   5.26 Loss_Lx   4.88 Loss_Lu 0.00508
02:31:07 Epoch 93 Test Acc: 64.56
02:31:10 Epoch 93  EMA Test Acc: 66.79
Loss   5.21 Loss_Lx   4.83 Loss_Lu 0.00502
02:32:57 Epoch 94 Test Acc: 65.61
02:33:00 Epoch 94  EMA Test Acc: 66.76
Loss   5.24 Loss_Lx   4.86 Loss_Lu 0.00505
02:34:47 Epoch 95 Test Acc: 65.3
02:34:50 Epoch 95  EMA Test Acc: 64.15
Loss   5.24 Loss_Lx   4.86 Loss_Lu 0.00508
02:36:37 Epoch 96 Test Acc: 64.28
02:36:40 Epoch 96  EMA Test Acc: 66.4
Loss   5.17 Loss_Lx   4.79 Loss_Lu 0.00506
02:38:27 Epoch 97 Test Acc: 65.18
02:38:30 Epoch 97  EMA Test Acc: 66.27
Loss   5.17 Loss_Lx   4.79 Loss_Lu 0.00506
02:40:17 Epoch 98 Test Acc: 65.78
02:40:20 Epoch 98  EMA Test Acc: 66.79
Loss   5.12 Loss_Lx   4.74 Loss_Lu 0.00504
02:42:07 Epoch 99 Test Acc: 65.66
02:42:10 Epoch 99  EMA Test Acc: 66.65
Loss   5.21 Loss_Lx   4.83 Loss_Lu 0.00505
02:43:56 Epoch 100 Test Acc: 65.17
02:43:59 Epoch 100  EMA Test Acc: 65.55
Loss   5.13 Loss_Lx   4.75 Loss_Lu 0.00503
02:45:46 Epoch 101 Test Acc: 65.36
02:45:49 Epoch 101  EMA Test Acc: 66.75
Loss   5.19 Loss_Lx   4.81 Loss_Lu 0.00505
02:47:36 Epoch 102 Test Acc: 65.28
02:47:39 Epoch 102  EMA Test Acc: 67.02
Loss   5.10 Loss_Lx   4.72 Loss_Lu 0.00503
02:49:26 Epoch 103 Test Acc: 65.5
02:49:29 Epoch 103  EMA Test Acc: 67.17
Loss   5.16 Loss_Lx   4.78 Loss_Lu 0.00507
02:51:16 Epoch 104 Test Acc: 64.85
02:51:18 Epoch 104  EMA Test Acc: 66.84
Loss   5.08 Loss_Lx   4.71 Loss_Lu 0.00502
02:53:06 Epoch 105 Test Acc: 66.1
02:53:08 Epoch 105  EMA Test Acc: 65.37
Loss   5.07 Loss_Lx   4.70 Loss_Lu 0.00499
02:54:55 Epoch 106 Test Acc: 66.12
02:54:58 Epoch 106  EMA Test Acc: 67.26
Loss   5.04 Loss_Lx   4.67 Loss_Lu 0.00503
02:56:44 Epoch 107 Test Acc: 66.36
02:56:47 Epoch 107  EMA Test Acc: 67.5
Loss   5.03 Loss_Lx   4.65 Loss_Lu 0.00501
02:58:33 Epoch 108 Test Acc: 65.46
02:58:36 Epoch 108  EMA Test Acc: 67.63
Loss   5.02 Loss_Lx   4.65 Loss_Lu 0.00502
03:00:22 Epoch 109 Test Acc: 66.68
03:00:25 Epoch 109  EMA Test Acc: 67.63
Loss   4.99 Loss_Lx   4.62 Loss_Lu 0.00500
03:02:12 Epoch 110 Test Acc: 66.68
03:02:14 Epoch 110  EMA Test Acc: 68.01
Loss   5.05 Loss_Lx   4.67 Loss_Lu 0.00508
03:04:01 Epoch 111 Test Acc: 66.06
03:04:04 Epoch 111  EMA Test Acc: 66.71
Loss   4.97 Loss_Lx   4.59 Loss_Lu 0.00503
03:05:50 Epoch 112 Test Acc: 65.73
03:05:53 Epoch 112  EMA Test Acc: 67.84
Loss   5.01 Loss_Lx   4.63 Loss_Lu 0.00504
03:07:40 Epoch 113 Test Acc: 66.52
03:07:42 Epoch 113  EMA Test Acc: 66.86
Loss   4.96 Loss_Lx   4.59 Loss_Lu 0.00502
03:09:29 Epoch 114 Test Acc: 65.75
03:09:32 Epoch 114  EMA Test Acc: 67.36
Loss   4.95 Loss_Lx   4.58 Loss_Lu 0.00502
03:11:18 Epoch 115 Test Acc: 66.78
03:11:21 Epoch 115  EMA Test Acc: 67.75
Loss   4.99 Loss_Lx   4.61 Loss_Lu 0.00505
03:13:07 Epoch 116 Test Acc: 66.01
03:13:10 Epoch 116  EMA Test Acc: 67.44
Loss   4.96 Loss_Lx   4.59 Loss_Lu 0.00503
03:14:57 Epoch 117 Test Acc: 66.87
03:14:59 Epoch 117  EMA Test Acc: 66.87
Loss   4.91 Loss_Lx   4.54 Loss_Lu 0.00500
03:16:46 Epoch 118 Test Acc: 67.12
03:16:49 Epoch 118  EMA Test Acc: 67.74
Loss   4.94 Loss_Lx   4.57 Loss_Lu 0.00503
03:18:35 Epoch 119 Test Acc: 67.09
03:18:38 Epoch 119  EMA Test Acc: 68.53
Loss   4.93 Loss_Lx   4.56 Loss_Lu 0.00503
03:20:26 Epoch 120 Test Acc: 67.13
03:20:29 Epoch 120  EMA Test Acc: 68.81
Loss   4.88 Loss_Lx   4.51 Loss_Lu 0.00498
03:22:16 Epoch 121 Test Acc: 66.92
03:22:19 Epoch 121  EMA Test Acc: 67.0
Loss   4.92 Loss_Lx   4.55 Loss_Lu 0.00502
03:24:05 Epoch 122 Test Acc: 67.14
03:24:08 Epoch 122  EMA Test Acc: 66.02
Loss   4.87 Loss_Lx   4.49 Loss_Lu 0.00499
03:25:55 Epoch 123 Test Acc: 67.56
03:25:57 Epoch 123  EMA Test Acc: 67.78
Loss   4.86 Loss_Lx   4.48 Loss_Lu 0.00499
03:27:44 Epoch 124 Test Acc: 68.01
03:27:47 Epoch 124  EMA Test Acc: 67.84
Loss   4.82 Loss_Lx   4.45 Loss_Lu 0.00497
03:29:33 Epoch 125 Test Acc: 67.23
03:29:36 Epoch 125  EMA Test Acc: 67.99
Loss   4.83 Loss_Lx   4.46 Loss_Lu 0.00499
03:31:24 Epoch 126 Test Acc: 67.45
03:31:26 Epoch 126  EMA Test Acc: 68.4
Loss   4.84 Loss_Lx   4.46 Loss_Lu 0.00498
03:33:14 Epoch 127 Test Acc: 67.22
03:33:17 Epoch 127  EMA Test Acc: 68.06
Loss   4.75 Loss_Lx   4.38 Loss_Lu 0.00495
03:35:05 Epoch 128 Test Acc: 67.8
03:35:08 Epoch 128  EMA Test Acc: 67.75
Loss   4.81 Loss_Lx   4.44 Loss_Lu 0.00496
03:36:55 Epoch 129 Test Acc: 68.12
03:36:58 Epoch 129  EMA Test Acc: 68.05
Loss   4.78 Loss_Lx   4.41 Loss_Lu 0.00496
03:38:46 Epoch 130 Test Acc: 67.87
03:38:49 Epoch 130  EMA Test Acc: 68.67
Loss   4.76 Loss_Lx   4.39 Loss_Lu 0.00499
03:40:37 Epoch 131 Test Acc: 67.01
03:40:39 Epoch 131  EMA Test Acc: 68.67
Loss   4.82 Loss_Lx   4.44 Loss_Lu 0.00501
03:42:27 Epoch 132 Test Acc: 68.91
03:42:29 Epoch 132  EMA Test Acc: 68.67
Loss   4.78 Loss_Lx   4.41 Loss_Lu 0.00495
03:44:17 Epoch 133 Test Acc: 68.14
03:44:20 Epoch 133  EMA Test Acc: 68.11
Loss   4.75 Loss_Lx   4.38 Loss_Lu 0.00496
03:46:08 Epoch 134 Test Acc: 68.03
03:46:10 Epoch 134  EMA Test Acc: 68.71
Loss   4.72 Loss_Lx   4.35 Loss_Lu 0.00494
03:47:57 Epoch 135 Test Acc: 67.84
03:48:00 Epoch 135  EMA Test Acc: 68.75
Loss   4.70 Loss_Lx   4.33 Loss_Lu 0.00498
03:49:47 Epoch 136 Test Acc: 68.46
03:49:50 Epoch 136  EMA Test Acc: 67.71
Loss   4.74 Loss_Lx   4.36 Loss_Lu 0.00496
03:51:37 Epoch 137 Test Acc: 67.93
03:51:40 Epoch 137  EMA Test Acc: 67.36
Loss   4.69 Loss_Lx   4.32 Loss_Lu 0.00494
03:53:28 Epoch 138 Test Acc: 68.54
03:53:31 Epoch 138  EMA Test Acc: 68.66
Loss   4.65 Loss_Lx   4.28 Loss_Lu 0.00495
03:55:18 Epoch 139 Test Acc: 68.16
03:55:20 Epoch 139  EMA Test Acc: 69.16
Loss   4.68 Loss_Lx   4.31 Loss_Lu 0.00495
03:57:07 Epoch 140 Test Acc: 68.59
03:57:10 Epoch 140  EMA Test Acc: 69.0
Loss   4.60 Loss_Lx   4.23 Loss_Lu 0.00490
03:58:57 Epoch 141 Test Acc: 68.42
03:58:59 Epoch 141  EMA Test Acc: 68.82
Loss   4.60 Loss_Lx   4.23 Loss_Lu 0.00494
04:00:46 Epoch 142 Test Acc: 68.78
04:00:49 Epoch 142  EMA Test Acc: 69.63
Loss   4.69 Loss_Lx   4.32 Loss_Lu 0.00495
04:02:36 Epoch 143 Test Acc: 68.59
04:02:38 Epoch 143  EMA Test Acc: 68.59
Loss   4.64 Loss_Lx   4.27 Loss_Lu 0.00493
04:04:25 Epoch 144 Test Acc: 68.97
04:04:28 Epoch 144  EMA Test Acc: 68.5
Loss   4.59 Loss_Lx   4.23 Loss_Lu 0.00491
04:06:15 Epoch 145 Test Acc: 68.36
04:06:17 Epoch 145  EMA Test Acc: 68.81
Loss   4.64 Loss_Lx   4.27 Loss_Lu 0.00493
04:08:04 Epoch 146 Test Acc: 68.41
04:08:07 Epoch 146  EMA Test Acc: 68.7
Loss   4.61 Loss_Lx   4.24 Loss_Lu 0.00490
04:09:54 Epoch 147 Test Acc: 68.85
04:09:57 Epoch 147  EMA Test Acc: 68.08
Loss   4.57 Loss_Lx   4.20 Loss_Lu 0.00491
04:11:44 Epoch 148 Test Acc: 68.71
04:11:46 Epoch 148  EMA Test Acc: 69.25
Loss   4.53 Loss_Lx   4.17 Loss_Lu 0.00489
04:13:32 Epoch 149 Test Acc: 68.61
04:13:34 Epoch 149  EMA Test Acc: 69.4
Loss   3.41 Loss_Lx   3.09 Loss_Lu 0.00423
04:15:20 Epoch 150 Test Acc: 70.05
04:15:23 Epoch 150  EMA Test Acc: 69.77
Loss   3.18 Loss_Lx   2.88 Loss_Lu 0.00411
04:17:08 Epoch 151 Test Acc: 69.79
04:17:11 Epoch 151  EMA Test Acc: 70.62
Loss   3.30 Loss_Lx   2.98 Loss_Lu 0.00418
04:18:56 Epoch 152 Test Acc: 69.82
04:18:59 Epoch 152  EMA Test Acc: 69.81
Loss   3.25 Loss_Lx   2.94 Loss_Lu 0.00413
04:20:44 Epoch 153 Test Acc: 69.64
04:20:47 Epoch 153  EMA Test Acc: 70.26
Loss   3.23 Loss_Lx   2.92 Loss_Lu 0.00410
04:22:32 Epoch 154 Test Acc: 69.66
04:22:35 Epoch 154  EMA Test Acc: 71.11
Loss   3.35 Loss_Lx   3.03 Loss_Lu 0.00416
04:24:20 Epoch 155 Test Acc: 69.91
04:24:23 Epoch 155  EMA Test Acc: 70.52
Loss   3.22 Loss_Lx   2.92 Loss_Lu 0.00404
04:26:08 Epoch 156 Test Acc: 70.17
04:26:11 Epoch 156  EMA Test Acc: 70.61
Loss   3.25 Loss_Lx   2.95 Loss_Lu 0.00410
04:27:57 Epoch 157 Test Acc: 70.72
04:28:00 Epoch 157  EMA Test Acc: 70.85
Loss   3.33 Loss_Lx   3.02 Loss_Lu 0.00417
04:29:45 Epoch 158 Test Acc: 70.41
04:29:48 Epoch 158  EMA Test Acc: 71.31
Loss   3.24 Loss_Lx   2.94 Loss_Lu 0.00405
04:31:33 Epoch 159 Test Acc: 70.32
04:31:36 Epoch 159  EMA Test Acc: 70.89
Loss   3.33 Loss_Lx   3.02 Loss_Lu 0.00414
04:33:22 Epoch 160 Test Acc: 70.19
04:33:24 Epoch 160  EMA Test Acc: 70.84
Loss   3.30 Loss_Lx   2.99 Loss_Lu 0.00412
04:35:10 Epoch 161 Test Acc: 70.3
04:35:13 Epoch 161  EMA Test Acc: 70.72
Loss   3.15 Loss_Lx   2.85 Loss_Lu 0.00393
04:36:58 Epoch 162 Test Acc: 70.59
04:37:01 Epoch 162  EMA Test Acc: 70.88
Loss   3.07 Loss_Lx   2.78 Loss_Lu 0.00392
04:38:46 Epoch 163 Test Acc: 70.15
04:38:49 Epoch 163  EMA Test Acc: 70.8
Loss   3.24 Loss_Lx   2.94 Loss_Lu 0.00404
04:40:35 Epoch 164 Test Acc: 70.9
04:40:37 Epoch 164  EMA Test Acc: 70.77
Loss   3.11 Loss_Lx   2.81 Loss_Lu 0.00394
04:42:23 Epoch 165 Test Acc: 71.44
04:42:26 Epoch 165  EMA Test Acc: 70.98
Loss   3.24 Loss_Lx   2.94 Loss_Lu 0.00405
04:44:11 Epoch 166 Test Acc: 70.78
04:44:14 Epoch 166  EMA Test Acc: 71.39
Loss   3.17 Loss_Lx   2.87 Loss_Lu 0.00398
04:46:00 Epoch 167 Test Acc: 70.37
04:46:02 Epoch 167  EMA Test Acc: 70.88
Loss   3.14 Loss_Lx   2.84 Loss_Lu 0.00395
04:47:47 Epoch 168 Test Acc: 70.97
04:47:50 Epoch 168  EMA Test Acc: 71.62
Loss   3.22 Loss_Lx   2.93 Loss_Lu 0.00399
04:49:36 Epoch 169 Test Acc: 71.01
04:49:38 Epoch 169  EMA Test Acc: 72.02
Loss   3.15 Loss_Lx   2.85 Loss_Lu 0.00395
04:51:25 Epoch 170 Test Acc: 70.91
04:51:27 Epoch 170  EMA Test Acc: 71.32
Loss   3.06 Loss_Lx   2.76 Loss_Lu 0.00392
04:53:14 Epoch 171 Test Acc: 70.91
04:53:16 Epoch 171  EMA Test Acc: 71.2
Loss   3.04 Loss_Lx   2.75 Loss_Lu 0.00386
04:55:02 Epoch 172 Test Acc: 71.09
04:55:05 Epoch 172  EMA Test Acc: 71.5
Loss   3.06 Loss_Lx   2.77 Loss_Lu 0.00386
04:56:51 Epoch 173 Test Acc: 71.07
04:56:54 Epoch 173  EMA Test Acc: 71.36
Loss   3.04 Loss_Lx   2.75 Loss_Lu 0.00387
04:58:40 Epoch 174 Test Acc: 71.73
04:58:42 Epoch 174  EMA Test Acc: 71.93
Loss   3.11 Loss_Lx   2.82 Loss_Lu 0.00389
05:00:29 Epoch 175 Test Acc: 71.79
05:00:31 Epoch 175  EMA Test Acc: 71.47
Loss   3.11 Loss_Lx   2.82 Loss_Lu 0.00393
05:02:17 Epoch 176 Test Acc: 70.77
05:02:20 Epoch 176  EMA Test Acc: 72.22
Loss   3.07 Loss_Lx   2.78 Loss_Lu 0.00387
05:04:06 Epoch 177 Test Acc: 71.85
05:04:09 Epoch 177  EMA Test Acc: 71.74
Loss   3.20 Loss_Lx   2.90 Loss_Lu 0.00394
05:05:55 Epoch 178 Test Acc: 70.85
05:05:58 Epoch 178  EMA Test Acc: 71.49
Loss   3.03 Loss_Lx   2.75 Loss_Lu 0.00377
05:07:44 Epoch 179 Test Acc: 71.38
05:07:46 Epoch 179  EMA Test Acc: 72.01
Loss   2.99 Loss_Lx   2.71 Loss_Lu 0.00376
05:09:32 Epoch 180 Test Acc: 71.31
05:09:34 Epoch 180  EMA Test Acc: 72.27
Loss   3.15 Loss_Lx   2.86 Loss_Lu 0.00387
05:11:20 Epoch 181 Test Acc: 71.67
05:11:23 Epoch 181  EMA Test Acc: 71.88
Loss   3.08 Loss_Lx   2.79 Loss_Lu 0.00384
05:13:08 Epoch 182 Test Acc: 71.59
05:13:11 Epoch 182  EMA Test Acc: 71.74
Loss   2.93 Loss_Lx   2.65 Loss_Lu 0.00376
05:14:57 Epoch 183 Test Acc: 71.27
05:14:59 Epoch 183  EMA Test Acc: 71.9
Loss   2.88 Loss_Lx   2.61 Loss_Lu 0.00363
05:16:45 Epoch 184 Test Acc: 71.72
05:16:48 Epoch 184  EMA Test Acc: 71.99
Loss   3.04 Loss_Lx   2.75 Loss_Lu 0.00374
05:18:34 Epoch 185 Test Acc: 71.28
05:18:36 Epoch 185  EMA Test Acc: 71.82
Loss   3.02 Loss_Lx   2.74 Loss_Lu 0.00373
05:20:22 Epoch 186 Test Acc: 71.34
05:20:25 Epoch 186  EMA Test Acc: 71.49
Loss   3.01 Loss_Lx   2.73 Loss_Lu 0.00379
05:22:11 Epoch 187 Test Acc: 71.29
05:22:14 Epoch 187  EMA Test Acc: 71.88
Loss   2.98 Loss_Lx   2.70 Loss_Lu 0.00376
05:24:00 Epoch 188 Test Acc: 71.5
05:24:03 Epoch 188  EMA Test Acc: 71.51
Loss   2.99 Loss_Lx   2.70 Loss_Lu 0.00376
05:25:48 Epoch 189 Test Acc: 71.2
05:25:51 Epoch 189  EMA Test Acc: 72.17
Loss   2.91 Loss_Lx   2.64 Loss_Lu 0.00364
05:27:38 Epoch 190 Test Acc: 71.91
05:27:40 Epoch 190  EMA Test Acc: 71.74
Loss   3.04 Loss_Lx   2.76 Loss_Lu 0.00377
05:29:26 Epoch 191 Test Acc: 71.05
05:29:29 Epoch 191  EMA Test Acc: 71.88
Loss   2.92 Loss_Lx   2.65 Loss_Lu 0.00367
05:31:15 Epoch 192 Test Acc: 71.72
05:31:18 Epoch 192  EMA Test Acc: 71.94
Loss   2.96 Loss_Lx   2.69 Loss_Lu 0.00369
05:33:04 Epoch 193 Test Acc: 71.22
05:33:06 Epoch 193  EMA Test Acc: 71.92
Loss   2.99 Loss_Lx   2.71 Loss_Lu 0.00374
05:34:53 Epoch 194 Test Acc: 71.84
05:34:55 Epoch 194  EMA Test Acc: 71.79
Loss   3.03 Loss_Lx   2.75 Loss_Lu 0.00377
05:36:41 Epoch 195 Test Acc: 71.79
05:36:44 Epoch 195  EMA Test Acc: 72.04
Loss   3.00 Loss_Lx   2.72 Loss_Lu 0.00376
05:38:30 Epoch 196 Test Acc: 71.52
05:38:33 Epoch 196  EMA Test Acc: 72.17
Loss   3.02 Loss_Lx   2.74 Loss_Lu 0.00373
05:40:19 Epoch 197 Test Acc: 71.81
05:40:22 Epoch 197  EMA Test Acc: 72.0
Loss   2.82 Loss_Lx   2.56 Loss_Lu 0.00355
05:42:08 Epoch 198 Test Acc: 71.8
05:42:10 Epoch 198  EMA Test Acc: 71.81
Loss   3.08 Loss_Lx   2.80 Loss_Lu 0.00378
05:43:56 Epoch 199 Test Acc: 71.68
05:43:59 Epoch 199  EMA Test Acc: 72.1
Loss   2.77 Loss_Lx   2.51 Loss_Lu 0.00352
05:45:45 Epoch 200 Test Acc: 71.98
05:45:48 Epoch 200  EMA Test Acc: 72.53
Loss   2.78 Loss_Lx   2.52 Loss_Lu 0.00349
05:47:34 Epoch 201 Test Acc: 72.39
05:47:37 Epoch 201  EMA Test Acc: 71.75
Loss   2.87 Loss_Lx   2.60 Loss_Lu 0.00353
05:49:23 Epoch 202 Test Acc: 71.89
05:49:25 Epoch 202  EMA Test Acc: 71.93
Loss   2.91 Loss_Lx   2.64 Loss_Lu 0.00364
05:51:11 Epoch 203 Test Acc: 72.35
05:51:14 Epoch 203  EMA Test Acc: 72.4
Loss   2.88 Loss_Lx   2.62 Loss_Lu 0.00356
05:53:00 Epoch 204 Test Acc: 72.22
05:53:03 Epoch 204  EMA Test Acc: 72.03
Loss   2.67 Loss_Lx   2.42 Loss_Lu 0.00336
05:54:49 Epoch 205 Test Acc: 72.03
05:54:51 Epoch 205  EMA Test Acc: 71.63
Loss   2.78 Loss_Lx   2.52 Loss_Lu 0.00343
05:56:37 Epoch 206 Test Acc: 71.78
05:56:40 Epoch 206  EMA Test Acc: 72.0
Loss   2.83 Loss_Lx   2.57 Loss_Lu 0.00349
05:58:26 Epoch 207 Test Acc: 72.11
05:58:29 Epoch 207  EMA Test Acc: 71.87
Loss   2.89 Loss_Lx   2.62 Loss_Lu 0.00355
06:00:15 Epoch 208 Test Acc: 72.01
06:00:18 Epoch 208  EMA Test Acc: 72.27
Loss   2.92 Loss_Lx   2.65 Loss_Lu 0.00357
06:02:04 Epoch 209 Test Acc: 71.9
06:02:06 Epoch 209  EMA Test Acc: 71.92
Loss   2.88 Loss_Lx   2.61 Loss_Lu 0.00356
06:03:52 Epoch 210 Test Acc: 71.59
06:03:55 Epoch 210  EMA Test Acc: 71.88
Loss   2.79 Loss_Lx   2.53 Loss_Lu 0.00343
06:05:40 Epoch 211 Test Acc: 71.98
06:05:43 Epoch 211  EMA Test Acc: 72.01
Loss   2.85 Loss_Lx   2.59 Loss_Lu 0.00349
06:07:29 Epoch 212 Test Acc: 72.53
06:07:32 Epoch 212  EMA Test Acc: 72.51
Loss   2.89 Loss_Lx   2.62 Loss_Lu 0.00355
06:09:17 Epoch 213 Test Acc: 72.61
06:09:20 Epoch 213  EMA Test Acc: 72.21
Loss   2.67 Loss_Lx   2.42 Loss_Lu 0.00333
06:11:06 Epoch 214 Test Acc: 72.5
06:11:09 Epoch 214  EMA Test Acc: 72.61
Loss   2.83 Loss_Lx   2.57 Loss_Lu 0.00345
06:12:54 Epoch 215 Test Acc: 72.3
06:12:57 Epoch 215  EMA Test Acc: 72.21
Loss   2.79 Loss_Lx   2.53 Loss_Lu 0.00343
06:14:42 Epoch 216 Test Acc: 72.48
06:14:45 Epoch 216  EMA Test Acc: 72.15
Loss   2.79 Loss_Lx   2.53 Loss_Lu 0.00348
06:16:31 Epoch 217 Test Acc: 72.29
06:16:33 Epoch 217  EMA Test Acc: 72.01
Loss   2.79 Loss_Lx   2.53 Loss_Lu 0.00344
06:18:19 Epoch 218 Test Acc: 72.16
06:18:21 Epoch 218  EMA Test Acc: 72.14
Loss   2.69 Loss_Lx   2.44 Loss_Lu 0.00331
06:20:07 Epoch 219 Test Acc: 72.5
06:20:09 Epoch 219  EMA Test Acc: 72.7
Loss   2.77 Loss_Lx   2.51 Loss_Lu 0.00339
06:21:55 Epoch 220 Test Acc: 72.34
06:21:58 Epoch 220  EMA Test Acc: 72.31
Loss   2.79 Loss_Lx   2.53 Loss_Lu 0.00346
06:23:43 Epoch 221 Test Acc: 72.17
06:23:46 Epoch 221  EMA Test Acc: 72.48
Loss   2.79 Loss_Lx   2.54 Loss_Lu 0.00339
06:25:31 Epoch 222 Test Acc: 72.69
06:25:34 Epoch 222  EMA Test Acc: 72.53
Loss   2.85 Loss_Lx   2.59 Loss_Lu 0.00348
06:27:19 Epoch 223 Test Acc: 72.35
06:27:22 Epoch 223  EMA Test Acc: 72.3
Loss   2.74 Loss_Lx   2.49 Loss_Lu 0.00334
06:29:07 Epoch 224 Test Acc: 72.52
06:29:10 Epoch 224  EMA Test Acc: 72.9
Loss   2.77 Loss_Lx   2.52 Loss_Lu 0.00333
06:30:55 Epoch 225 Test Acc: 72.2
06:30:58 Epoch 225  EMA Test Acc: 72.56
Loss   2.80 Loss_Lx   2.55 Loss_Lu 0.00343
06:32:43 Epoch 226 Test Acc: 72.47
06:32:46 Epoch 226  EMA Test Acc: 72.53
Loss   2.75 Loss_Lx   2.50 Loss_Lu 0.00336
06:34:31 Epoch 227 Test Acc: 72.9
06:34:34 Epoch 227  EMA Test Acc: 72.85
Loss   2.74 Loss_Lx   2.49 Loss_Lu 0.00329
06:36:19 Epoch 228 Test Acc: 72.77
06:36:22 Epoch 228  EMA Test Acc: 72.71
Loss   2.77 Loss_Lx   2.52 Loss_Lu 0.00336
06:38:07 Epoch 229 Test Acc: 72.86
06:38:10 Epoch 229  EMA Test Acc: 72.47
Loss   2.79 Loss_Lx   2.54 Loss_Lu 0.00340
06:39:56 Epoch 230 Test Acc: 72.57
06:39:59 Epoch 230  EMA Test Acc: 72.56
Loss   2.72 Loss_Lx   2.47 Loss_Lu 0.00332
06:41:45 Epoch 231 Test Acc: 72.77
06:41:47 Epoch 231  EMA Test Acc: 72.87
Loss   2.67 Loss_Lx   2.43 Loss_Lu 0.00324
06:43:33 Epoch 232 Test Acc: 72.96
06:43:36 Epoch 232  EMA Test Acc: 72.52
Loss   2.76 Loss_Lx   2.50 Loss_Lu 0.00338
06:45:21 Epoch 233 Test Acc: 72.71
06:45:24 Epoch 233  EMA Test Acc: 72.65
Loss   2.74 Loss_Lx   2.49 Loss_Lu 0.00333
06:47:09 Epoch 234 Test Acc: 72.41
06:47:12 Epoch 234  EMA Test Acc: 72.67
Loss   2.69 Loss_Lx   2.44 Loss_Lu 0.00325
06:48:58 Epoch 235 Test Acc: 72.41
06:49:01 Epoch 235  EMA Test Acc: 72.61
Loss   2.67 Loss_Lx   2.43 Loss_Lu 0.00324
06:50:46 Epoch 236 Test Acc: 72.39
06:50:49 Epoch 236  EMA Test Acc: 72.84
Loss   2.71 Loss_Lx   2.46 Loss_Lu 0.00325
06:52:35 Epoch 237 Test Acc: 72.7
06:52:38 Epoch 237  EMA Test Acc: 72.89
Loss   2.66 Loss_Lx   2.42 Loss_Lu 0.00320
06:54:24 Epoch 238 Test Acc: 72.87
06:54:26 Epoch 238  EMA Test Acc: 72.96
Loss   2.64 Loss_Lx   2.40 Loss_Lu 0.00321
06:56:12 Epoch 239 Test Acc: 72.9
06:56:15 Epoch 239  EMA Test Acc: 72.92
Loss   2.73 Loss_Lx   2.49 Loss_Lu 0.00330
06:58:01 Epoch 240 Test Acc: 72.72
06:58:04 Epoch 240  EMA Test Acc: 72.88
Loss   2.72 Loss_Lx   2.48 Loss_Lu 0.00329
06:59:50 Epoch 241 Test Acc: 72.97
06:59:53 Epoch 241  EMA Test Acc: 72.89
Loss   2.64 Loss_Lx   2.40 Loss_Lu 0.00320
07:01:39 Epoch 242 Test Acc: 72.69
07:01:42 Epoch 242  EMA Test Acc: 73.23
Loss   2.66 Loss_Lx   2.42 Loss_Lu 0.00326
07:03:28 Epoch 243 Test Acc: 72.9
07:03:30 Epoch 243  EMA Test Acc: 72.65
Loss   2.58 Loss_Lx   2.34 Loss_Lu 0.00314
07:05:16 Epoch 244 Test Acc: 72.82
07:05:19 Epoch 244  EMA Test Acc: 73.28
Loss   2.68 Loss_Lx   2.44 Loss_Lu 0.00325
07:07:05 Epoch 245 Test Acc: 72.64
07:07:08 Epoch 245  EMA Test Acc: 72.95
Loss   2.61 Loss_Lx   2.37 Loss_Lu 0.00318
07:08:54 Epoch 246 Test Acc: 72.54
07:08:57 Epoch 246  EMA Test Acc: 72.25
Loss   2.80 Loss_Lx   2.55 Loss_Lu 0.00340
07:10:43 Epoch 247 Test Acc: 72.77
07:10:45 Epoch 247  EMA Test Acc: 72.82
Loss   2.68 Loss_Lx   2.44 Loss_Lu 0.00323
07:12:31 Epoch 248 Test Acc: 72.71
07:12:34 Epoch 248  EMA Test Acc: 72.82
Loss   2.71 Loss_Lx   2.47 Loss_Lu 0.00329
07:14:20 Epoch 249 Test Acc: 72.63
07:14:22 Epoch 249  EMA Test Acc: 72.82
Loss   2.66 Loss_Lx   2.42 Loss_Lu 0.00319
07:16:08 Epoch 250 Test Acc: 73.14
07:16:11 Epoch 250  EMA Test Acc: 72.79
Loss   2.75 Loss_Lx   2.50 Loss_Lu 0.00331
07:17:57 Epoch 251 Test Acc: 73.06
07:17:59 Epoch 251  EMA Test Acc: 72.72
Loss   2.59 Loss_Lx   2.35 Loss_Lu 0.00310
07:19:46 Epoch 252 Test Acc: 72.96
07:19:48 Epoch 252  EMA Test Acc: 72.89
Loss   2.69 Loss_Lx   2.45 Loss_Lu 0.00328
07:21:34 Epoch 253 Test Acc: 73.15
07:21:37 Epoch 253  EMA Test Acc: 73.0
Loss   2.69 Loss_Lx   2.44 Loss_Lu 0.00325
07:23:23 Epoch 254 Test Acc: 72.77
07:23:26 Epoch 254  EMA Test Acc: 73.2
Loss   2.59 Loss_Lx   2.35 Loss_Lu 0.00310
07:25:11 Epoch 255 Test Acc: 72.72
07:25:14 Epoch 255  EMA Test Acc: 72.73
Loss   2.69 Loss_Lx   2.45 Loss_Lu 0.00324
07:27:00 Epoch 256 Test Acc: 72.71
07:27:03 Epoch 256  EMA Test Acc: 72.52
Loss   2.71 Loss_Lx   2.47 Loss_Lu 0.00327
07:28:49 Epoch 257 Test Acc: 72.97
07:28:52 Epoch 257  EMA Test Acc: 72.8
Loss   2.59 Loss_Lx   2.35 Loss_Lu 0.00316
07:30:38 Epoch 258 Test Acc: 72.83
07:30:41 Epoch 258  EMA Test Acc: 72.82
Loss   2.68 Loss_Lx   2.44 Loss_Lu 0.00323
07:32:27 Epoch 259 Test Acc: 72.87
07:32:29 Epoch 259  EMA Test Acc: 73.03
Loss   2.60 Loss_Lx   2.37 Loss_Lu 0.00313
07:34:16 Epoch 260 Test Acc: 73.05
07:34:18 Epoch 260  EMA Test Acc: 73.18
Loss   2.76 Loss_Lx   2.52 Loss_Lu 0.00329
07:36:04 Epoch 261 Test Acc: 72.65
07:36:07 Epoch 261  EMA Test Acc: 72.57
Loss   2.72 Loss_Lx   2.48 Loss_Lu 0.00323
07:37:53 Epoch 262 Test Acc: 72.99
07:37:55 Epoch 262  EMA Test Acc: 72.79
Loss   2.67 Loss_Lx   2.43 Loss_Lu 0.00322
07:39:41 Epoch 263 Test Acc: 72.45
07:39:44 Epoch 263  EMA Test Acc: 72.62
Loss   2.71 Loss_Lx   2.46 Loss_Lu 0.00327
07:41:30 Epoch 264 Test Acc: 72.74
07:41:33 Epoch 264  EMA Test Acc: 72.97
Loss   2.56 Loss_Lx   2.33 Loss_Lu 0.00308
07:43:19 Epoch 265 Test Acc: 72.58
07:43:21 Epoch 265  EMA Test Acc: 72.84
Loss   2.53 Loss_Lx   2.31 Loss_Lu 0.00300
07:45:08 Epoch 266 Test Acc: 72.96
07:45:10 Epoch 266  EMA Test Acc: 73.05
Loss   2.58 Loss_Lx   2.35 Loss_Lu 0.00313
07:46:56 Epoch 267 Test Acc: 73.09
07:46:59 Epoch 267  EMA Test Acc: 72.91
Loss   2.64 Loss_Lx   2.41 Loss_Lu 0.00315
07:48:45 Epoch 268 Test Acc: 72.79
07:48:48 Epoch 268  EMA Test Acc: 72.78
Loss   2.81 Loss_Lx   2.55 Loss_Lu 0.00334
07:50:33 Epoch 269 Test Acc: 72.76
07:50:36 Epoch 269  EMA Test Acc: 72.76
Loss   2.58 Loss_Lx   2.35 Loss_Lu 0.00306
07:52:22 Epoch 270 Test Acc: 72.77
07:52:25 Epoch 270  EMA Test Acc: 72.6
Loss   2.67 Loss_Lx   2.43 Loss_Lu 0.00316
07:54:11 Epoch 271 Test Acc: 72.76
07:54:14 Epoch 271  EMA Test Acc: 72.74
Loss   2.61 Loss_Lx   2.37 Loss_Lu 0.00312
07:55:59 Epoch 272 Test Acc: 72.63
07:56:02 Epoch 272  EMA Test Acc: 72.75
Loss   2.61 Loss_Lx   2.38 Loss_Lu 0.00312
07:57:48 Epoch 273 Test Acc: 73.09
07:57:51 Epoch 273  EMA Test Acc: 72.86
Loss   2.61 Loss_Lx   2.38 Loss_Lu 0.00308
07:59:37 Epoch 274 Test Acc: 72.92
07:59:39 Epoch 274  EMA Test Acc: 72.86
Loss   2.71 Loss_Lx   2.47 Loss_Lu 0.00323
08:01:25 Epoch 275 Test Acc: 72.82
08:01:28 Epoch 275  EMA Test Acc: 72.86
Loss   2.68 Loss_Lx   2.44 Loss_Lu 0.00322
08:03:14 Epoch 276 Test Acc: 72.64
08:03:17 Epoch 276  EMA Test Acc: 72.79
Loss   2.67 Loss_Lx   2.43 Loss_Lu 0.00318
08:05:03 Epoch 277 Test Acc: 73.0
08:05:05 Epoch 277  EMA Test Acc: 72.99
Loss   2.58 Loss_Lx   2.35 Loss_Lu 0.00312
08:06:51 Epoch 278 Test Acc: 72.71
08:06:54 Epoch 278  EMA Test Acc: 72.55
Loss   2.50 Loss_Lx   2.27 Loss_Lu 0.00301
08:08:40 Epoch 279 Test Acc: 72.79
08:08:43 Epoch 279  EMA Test Acc: 72.94
Loss   2.67 Loss_Lx   2.42 Loss_Lu 0.00322
08:10:29 Epoch 280 Test Acc: 73.0
08:10:32 Epoch 280  EMA Test Acc: 73.16
Loss   2.66 Loss_Lx   2.42 Loss_Lu 0.00316
08:12:18 Epoch 281 Test Acc: 72.98
08:12:21 Epoch 281  EMA Test Acc: 73.06
Loss   2.69 Loss_Lx   2.45 Loss_Lu 0.00322
08:14:06 Epoch 282 Test Acc: 72.99
08:14:09 Epoch 282  EMA Test Acc: 72.98
Loss   2.65 Loss_Lx   2.41 Loss_Lu 0.00311
08:15:55 Epoch 283 Test Acc: 73.03
08:15:58 Epoch 283  EMA Test Acc: 72.94
Loss   2.59 Loss_Lx   2.36 Loss_Lu 0.00312
08:17:44 Epoch 284 Test Acc: 72.86
08:17:46 Epoch 284  EMA Test Acc: 73.01
Loss   2.55 Loss_Lx   2.32 Loss_Lu 0.00305
08:19:32 Epoch 285 Test Acc: 72.56
08:19:35 Epoch 285  EMA Test Acc: 72.89
Loss   2.56 Loss_Lx   2.33 Loss_Lu 0.00304
08:21:21 Epoch 286 Test Acc: 72.72
08:21:24 Epoch 286  EMA Test Acc: 72.9
Loss   2.65 Loss_Lx   2.42 Loss_Lu 0.00315
08:23:10 Epoch 287 Test Acc: 72.89
08:23:13 Epoch 287  EMA Test Acc: 72.69
Loss   2.61 Loss_Lx   2.38 Loss_Lu 0.00316
08:24:59 Epoch 288 Test Acc: 72.92
08:25:01 Epoch 288  EMA Test Acc: 72.97
Loss   2.66 Loss_Lx   2.42 Loss_Lu 0.00321
08:26:47 Epoch 289 Test Acc: 72.76
08:26:50 Epoch 289  EMA Test Acc: 72.56
Loss   2.70 Loss_Lx   2.46 Loss_Lu 0.00320
08:28:36 Epoch 290 Test Acc: 72.88
08:28:38 Epoch 290  EMA Test Acc: 72.82
Loss   2.65 Loss_Lx   2.41 Loss_Lu 0.00314
08:30:24 Epoch 291 Test Acc: 72.94
08:30:27 Epoch 291  EMA Test Acc: 72.88
Loss   2.67 Loss_Lx   2.43 Loss_Lu 0.00322
08:32:13 Epoch 292 Test Acc: 72.88
08:32:16 Epoch 292  EMA Test Acc: 72.72
Loss   2.44 Loss_Lx   2.22 Loss_Lu 0.00290
08:34:02 Epoch 293 Test Acc: 73.2
08:34:05 Epoch 293  EMA Test Acc: 73.09
Loss   2.41 Loss_Lx   2.20 Loss_Lu 0.00290
08:35:51 Epoch 294 Test Acc: 72.91
08:35:53 Epoch 294  EMA Test Acc: 72.96
Loss   2.67 Loss_Lx   2.44 Loss_Lu 0.00316
08:37:39 Epoch 295 Test Acc: 73.25
08:37:42 Epoch 295  EMA Test Acc: 73.1
Loss   2.65 Loss_Lx   2.42 Loss_Lu 0.00311
08:39:28 Epoch 296 Test Acc: 72.91
08:39:30 Epoch 296  EMA Test Acc: 73.14
Loss   2.55 Loss_Lx   2.32 Loss_Lu 0.00306
08:41:16 Epoch 297 Test Acc: 73.06
08:41:19 Epoch 297  EMA Test Acc: 72.92
Loss   2.61 Loss_Lx   2.38 Loss_Lu 0.00307
08:43:05 Epoch 298 Test Acc: 72.96
08:43:08 Epoch 298  EMA Test Acc: 73.0
Loss   2.50 Loss_Lx   2.27 Loss_Lu 0.00296
08:44:54 Epoch 299 Test Acc: 73.08
08:44:56 Epoch 299  EMA Test Acc: 72.81
08:44:56 Best Test Acc: 73.28125762939453
