Sun Jul 10 00:14:24 2022       
+-----------------------------------------------------------------------------+
| NVIDIA-SMI 515.48.07    Driver Version: 515.48.07    CUDA Version: 11.7     |
|-------------------------------+----------------------+----------------------+
| GPU  Name        Persistence-M| Bus-Id        Disp.A | Volatile Uncorr. ECC |
| Fan  Temp  Perf  Pwr:Usage/Cap|         Memory-Usage | GPU-Util  Compute M. |
|                               |                      |               MIG M. |
|===============================+======================+======================|
|   0  NVIDIA A100-SXM...  Off  | 00000000:39:00.0 Off |                    0 |
| N/A   38C    P0    84W / 400W |   1920MiB / 81920MiB |      0%      Default |
|                               |                      |             Disabled |
+-------------------------------+----------------------+----------------------+
|   1  NVIDIA A100-SXM...  Off  | 00000000:3E:00.0 Off |                    0 |
| N/A   40C    P0   209W / 400W |   2172MiB / 81920MiB |     65%      Default |
|                               |                      |             Disabled |
+-------------------------------+----------------------+----------------------+
|   2  NVIDIA A100-SXM...  Off  | 00000000:4D:00.0 Off |                    0 |
| N/A   32C    P0    68W / 400W |      7MiB / 81920MiB |      0%      Default |
|                               |                      |             Disabled |
+-------------------------------+----------------------+----------------------+
|   3  NVIDIA A100-SXM...  Off  | 00000000:53:00.0 Off |                    0 |
| N/A   40C    P0    86W / 400W |   2082MiB / 81920MiB |      0%      Default |
|                               |                      |             Disabled |
+-------------------------------+----------------------+----------------------+
|   4  NVIDIA A100-SXM...  Off  | 00000000:8A:00.0 Off |                    0 |
| N/A   36C    P0    71W / 400W |      7MiB / 81920MiB |      0%      Default |
|                               |                      |             Disabled |
+-------------------------------+----------------------+----------------------+
|   5  NVIDIA A100-SXM...  Off  | 00000000:8E:00.0 Off |                    0 |
| N/A   32C    P0    68W / 400W |      7MiB / 81920MiB |      0%      Default |
|                               |                      |             Disabled |
+-------------------------------+----------------------+----------------------+
|   6  NVIDIA A100-SXM...  Off  | 00000000:A8:00.0 Off |                    0 |
| N/A   30C    P0    67W / 400W |      7MiB / 81920MiB |      0%      Default |
|                               |                      |             Disabled |
+-------------------------------+----------------------+----------------------+
|   7  NVIDIA A100-SXM...  Off  | 00000000:AB:00.0 Off |                    0 |
| N/A   34C    P0    71W / 400W |      7MiB / 81920MiB |      0%      Default |
|                               |                      |             Disabled |
+-------------------------------+----------------------+----------------------+
                                                                               
+-----------------------------------------------------------------------------+
| Processes:                                                                  |
|  GPU   GI   CI        PID   Type   Process name                  GPU Memory |
|        ID   ID                                                   Usage      |
|=============================================================================|
|    0   N/A  N/A      3443      G   /usr/lib/xorg/Xorg                  4MiB |
|    0   N/A  N/A   3018211      C   ...a/envs/hy39/bin/python3.9     1913MiB |
|    1   N/A  N/A      3443      G   /usr/lib/xorg/Xorg                  4MiB |
|    1   N/A  N/A   2879116      C   python                           2165MiB |
|    2   N/A  N/A      3443      G   /usr/lib/xorg/Xorg                  4MiB |
|    3   N/A  N/A      3443      G   /usr/lib/xorg/Xorg                  4MiB |
|    3   N/A  N/A   1254267      C   python                           2075MiB |
|    4   N/A  N/A      3443      G   /usr/lib/xorg/Xorg                  4MiB |
|    5   N/A  N/A      3443      G   /usr/lib/xorg/Xorg                  4MiB |
|    6   N/A  N/A      3443      G   /usr/lib/xorg/Xorg                  4MiB |
|    7   N/A  N/A      3443      G   /usr/lib/xorg/Xorg                  4MiB |
+-----------------------------------------------------------------------------+
Namespace(PES_lr=0.0001, T=0.5, T1=0, T2=5, alpha=4, batch_size=128, data_path='./data', data_percent=1, dataset='CIFAR100', ema=0.997, lambda_u=0, lr=0.02, noise_type='aggre_label', num_epochs=300, optim='cos', seed=2, weight_decay=0.0005)
Files already downloaded and verified
Files already downloaded and verified
Train Epoch: [0][  0/390]	Time   0.10	Data   0.00	Loss   8.56	Acc@1   5.42
00:15:22 Epoch 0 Test Acc: 6.6
00:15:25 Epoch 0  EMA Test Acc: 1.24
Train Epoch: [1][  0/390]	Time   0.10	Data   0.00	Loss   7.98	Acc@1   9.07
00:16:07 Epoch 1 Test Acc: 13.92
00:16:09 Epoch 1  EMA Test Acc: 7.11
Train Epoch: [2][  0/390]	Time   0.10	Data   0.00	Loss   7.50	Acc@1  13.39
00:16:51 Epoch 2 Test Acc: 19.39
00:16:54 Epoch 2  EMA Test Acc: 12.95
Train Epoch: [3][  0/390]	Time   0.10	Data   0.00	Loss   7.02	Acc@1  17.27
00:17:36 Epoch 3 Test Acc: 24.67
00:17:39 Epoch 3  EMA Test Acc: 18.0
Train Epoch: [4][  0/390]	Time   0.10	Data   0.00	Loss   6.60	Acc@1  21.45
00:18:21 Epoch 4 Test Acc: 28.16
00:18:24 Epoch 4  EMA Test Acc: 23.79
Train Epoch: [5][  0/390]	Time   0.10	Data   0.00	Loss   6.24	Acc@1  24.70
00:19:05 Epoch 5 Test Acc: 32.42
00:19:08 Epoch 5  EMA Test Acc: 30.13
Train Epoch: [6][  0/390]	Time   0.10	Data   0.00	Loss   5.91	Acc@1  28.20
00:19:50 Epoch 6 Test Acc: 36.61
00:19:53 Epoch 6  EMA Test Acc: 34.79
Train Epoch: [7][  0/390]	Time   0.10	Data   0.00	Loss   5.70	Acc@1  30.47
00:20:35 Epoch 7 Test Acc: 41.09
00:20:38 Epoch 7  EMA Test Acc: 39.32
Train Epoch: [8][  0/390]	Time   0.10	Data   0.00	Loss   5.47	Acc@1  33.03
00:21:20 Epoch 8 Test Acc: 42.0
00:21:22 Epoch 8  EMA Test Acc: 42.38
Train Epoch: [9][  0/390]	Time   0.10	Data   0.00	Loss   5.28	Acc@1  35.11
00:22:04 Epoch 9 Test Acc: 42.1
00:22:07 Epoch 9  EMA Test Acc: 46.88
Train Epoch: [10][  0/390]	Time   0.10	Data   0.00	Loss   5.12	Acc@1  36.71
00:22:49 Epoch 10 Test Acc: 44.89
00:22:52 Epoch 10  EMA Test Acc: 47.36
Train Epoch: [11][  0/390]	Time   0.10	Data   0.00	Loss   5.05	Acc@1  37.52
00:23:34 Epoch 11 Test Acc: 46.68
00:23:36 Epoch 11  EMA Test Acc: 45.74
Train Epoch: [12][  0/390]	Time   0.10	Data   0.00	Loss   4.91	Acc@1  39.05
00:24:19 Epoch 12 Test Acc: 46.14
00:24:21 Epoch 12  EMA Test Acc: 52.94
Train Epoch: [13][  0/390]	Time   0.10	Data   0.00	Loss   4.80	Acc@1  40.56
00:25:04 Epoch 13 Test Acc: 50.2
00:25:06 Epoch 13  EMA Test Acc: 52.06
Train Epoch: [14][  0/390]	Time   0.10	Data   0.00	Loss   4.72	Acc@1  41.08
00:25:49 Epoch 14 Test Acc: 52.01
00:25:51 Epoch 14  EMA Test Acc: 51.29
Train Epoch: [15][  0/390]	Time   0.10	Data   0.00	Loss   4.64	Acc@1  42.06
00:26:34 Epoch 15 Test Acc: 49.64
00:26:36 Epoch 15  EMA Test Acc: 55.42
Train Epoch: [16][  0/390]	Time   0.10	Data   0.00	Loss   4.54	Acc@1  43.50
00:27:18 Epoch 16 Test Acc: 51.09
00:27:21 Epoch 16  EMA Test Acc: 55.74
Train Epoch: [17][  0/390]	Time   0.10	Data   0.00	Loss   4.48	Acc@1  44.02
00:28:03 Epoch 17 Test Acc: 50.5
00:28:05 Epoch 17  EMA Test Acc: 55.04
Train Epoch: [18][  0/390]	Time   0.10	Data   0.00	Loss   4.41	Acc@1  44.44
00:28:48 Epoch 18 Test Acc: 50.79
00:28:50 Epoch 18  EMA Test Acc: 54.21
Train Epoch: [19][  0/390]	Time   0.10	Data   0.00	Loss   4.33	Acc@1  45.75
00:29:32 Epoch 19 Test Acc: 51.71
00:29:35 Epoch 19  EMA Test Acc: 55.93
Train Epoch: [20][  0/390]	Time   0.10	Data   0.00	Loss   4.28	Acc@1  45.96
00:30:17 Epoch 20 Test Acc: 52.29
00:30:20 Epoch 20  EMA Test Acc: 54.68
Train Epoch: [21][  0/390]	Time   0.10	Data   0.00	Loss   4.23	Acc@1  46.37
00:31:02 Epoch 21 Test Acc: 54.29
00:31:05 Epoch 21  EMA Test Acc: 55.86
Train Epoch: [22][  0/390]	Time   0.10	Data   0.00	Loss   4.16	Acc@1  47.05
00:31:47 Epoch 22 Test Acc: 53.87
00:31:49 Epoch 22  EMA Test Acc: 56.5
Train Epoch: [23][  0/390]	Time   0.10	Data   0.00	Loss   4.10	Acc@1  47.88
00:32:32 Epoch 23 Test Acc: 53.68
00:32:34 Epoch 23  EMA Test Acc: 58.65
Train Epoch: [24][  0/390]	Time   0.10	Data   0.00	Loss   4.05	Acc@1  48.49
00:33:16 Epoch 24 Test Acc: 52.51
00:33:19 Epoch 24  EMA Test Acc: 57.78
Train Epoch: [25][  0/390]	Time   0.10	Data   0.00	Loss   4.00	Acc@1  49.11
00:34:01 Epoch 25 Test Acc: 53.37
00:34:04 Epoch 25  EMA Test Acc: 55.94
Train Epoch: [26][  0/390]	Time   0.10	Data   0.00	Loss   3.94	Acc@1  49.60
00:34:46 Epoch 26 Test Acc: 54.27
00:34:49 Epoch 26  EMA Test Acc: 57.78
Train Epoch: [27][  0/390]	Time   0.10	Data   0.00	Loss   3.89	Acc@1  49.95
00:35:31 Epoch 27 Test Acc: 54.47
00:35:33 Epoch 27  EMA Test Acc: 58.51
Train Epoch: [28][  0/390]	Time   0.10	Data   0.00	Loss   3.84	Acc@1  50.57
00:36:15 Epoch 28 Test Acc: 55.3
00:36:18 Epoch 28  EMA Test Acc: 59.03
Train Epoch: [29][  0/390]	Time   0.10	Data   0.00	Loss   3.80	Acc@1  50.73
00:37:00 Epoch 29 Test Acc: 54.04
00:37:03 Epoch 29  EMA Test Acc: 58.99
Train Epoch: [30][  0/390]	Time   0.10	Data   0.00	Loss   3.74	Acc@1  51.69
00:37:45 Epoch 30 Test Acc: 53.28
00:37:48 Epoch 30  EMA Test Acc: 59.08
Train Epoch: [31][  0/390]	Time   0.10	Data   0.00	Loss   3.69	Acc@1  51.97
00:38:30 Epoch 31 Test Acc: 54.05
00:38:32 Epoch 31  EMA Test Acc: 59.32
Train Epoch: [32][  0/390]	Time   0.10	Data   0.00	Loss   3.66	Acc@1  52.24
00:39:15 Epoch 32 Test Acc: 51.13
00:39:17 Epoch 32  EMA Test Acc: 58.61
Train Epoch: [33][  0/390]	Time   0.10	Data   0.00	Loss   3.58	Acc@1  52.93
00:39:59 Epoch 33 Test Acc: 52.82
00:40:02 Epoch 33  EMA Test Acc: 57.59
Train Epoch: [34][  0/390]	Time   0.10	Data   0.00	Loss   3.55	Acc@1  53.25
00:40:44 Epoch 34 Test Acc: 51.86
00:40:47 Epoch 34  EMA Test Acc: 59.15
re-initalize the final layer
Train Epoch: [0][  0/390]	Time   0.05	Data   0.00	Loss   6.84	Acc@1  38.40
00:41:08 Epoch 0 Test Acc: 54.64
Train Epoch: [1][  0/390]	Time   0.05	Data   0.00	Loss   5.23	Acc@1  52.89
00:41:29 Epoch 1 Test Acc: 56.83
Train Epoch: [2][  0/390]	Time   0.05	Data   0.00	Loss   4.68	Acc@1  54.46
00:41:50 Epoch 2 Test Acc: 57.59
Train Epoch: [3][  0/390]	Time   0.05	Data   0.00	Loss   4.30	Acc@1  55.79
00:42:11 Epoch 3 Test Acc: 57.84
Train Epoch: [4][  0/390]	Time   0.05	Data   0.00	Loss   4.05	Acc@1  56.53
00:42:32 Epoch 4 Test Acc: 57.86
Loss   6.45 Loss_Lx   6.44 Loss_Lu 0.00436
00:44:17 Epoch 35 Test Acc: 57.94
00:44:19 Epoch 35  EMA Test Acc: 55.29
Loss   6.20 Loss_Lx   6.17 Loss_Lu 0.00453
00:46:06 Epoch 36 Test Acc: 58.66
00:46:09 Epoch 36  EMA Test Acc: 56.07
Loss   5.98 Loss_Lx   5.92 Loss_Lu 0.00466
00:47:56 Epoch 37 Test Acc: 57.96
00:47:58 Epoch 37  EMA Test Acc: 58.68
Loss   6.09 Loss_Lx   6.02 Loss_Lu 0.00475
00:49:46 Epoch 38 Test Acc: 59.88
00:49:48 Epoch 38  EMA Test Acc: 59.42
Loss   6.00 Loss_Lx   5.90 Loss_Lu 0.00481
00:51:35 Epoch 39 Test Acc: 59.51
00:51:38 Epoch 39  EMA Test Acc: 56.24
Loss   6.00 Loss_Lx   5.88 Loss_Lu 0.00483
00:53:25 Epoch 40 Test Acc: 59.33
00:53:28 Epoch 40  EMA Test Acc: 59.43
Loss   6.00 Loss_Lx   5.85 Loss_Lu 0.00485
00:55:15 Epoch 41 Test Acc: 60.24
00:55:18 Epoch 41  EMA Test Acc: 58.14
Loss   5.97 Loss_Lx   5.80 Loss_Lu 0.00487
00:57:05 Epoch 42 Test Acc: 61.11
00:57:07 Epoch 42  EMA Test Acc: 59.89
Loss   5.95 Loss_Lx   5.75 Loss_Lu 0.00491
00:58:55 Epoch 43 Test Acc: 59.44
00:58:58 Epoch 43  EMA Test Acc: 59.83
Loss   5.95 Loss_Lx   5.74 Loss_Lu 0.00487
01:00:45 Epoch 44 Test Acc: 59.96
01:00:47 Epoch 44  EMA Test Acc: 58.64
Loss   5.89 Loss_Lx   5.65 Loss_Lu 0.00491
01:02:35 Epoch 45 Test Acc: 59.02
01:02:38 Epoch 45  EMA Test Acc: 61.05
Loss   5.92 Loss_Lx   5.65 Loss_Lu 0.00492
01:04:25 Epoch 46 Test Acc: 60.64
01:04:28 Epoch 46  EMA Test Acc: 61.29
Loss   5.91 Loss_Lx   5.62 Loss_Lu 0.00492
01:06:15 Epoch 47 Test Acc: 60.51
01:06:18 Epoch 47  EMA Test Acc: 61.9
Loss   5.86 Loss_Lx   5.54 Loss_Lu 0.00496
01:08:06 Epoch 48 Test Acc: 59.57
01:08:09 Epoch 48  EMA Test Acc: 60.85
Loss   6.05 Loss_Lx   5.71 Loss_Lu 0.00497
01:09:55 Epoch 49 Test Acc: 59.63
01:09:58 Epoch 49  EMA Test Acc: 62.07
Loss   5.86 Loss_Lx   5.50 Loss_Lu 0.00493
01:11:45 Epoch 50 Test Acc: 60.01
01:11:48 Epoch 50  EMA Test Acc: 59.96
Loss   5.88 Loss_Lx   5.51 Loss_Lu 0.00494
01:13:35 Epoch 51 Test Acc: 59.97
01:13:38 Epoch 51  EMA Test Acc: 63.45
Loss   5.84 Loss_Lx   5.47 Loss_Lu 0.00494
01:15:26 Epoch 52 Test Acc: 60.05
01:15:29 Epoch 52  EMA Test Acc: 62.12
Loss   5.87 Loss_Lx   5.50 Loss_Lu 0.00495
01:17:16 Epoch 53 Test Acc: 61.38
01:17:19 Epoch 53  EMA Test Acc: 63.2
Loss   5.80 Loss_Lx   5.43 Loss_Lu 0.00496
01:19:06 Epoch 54 Test Acc: 61.22
01:19:09 Epoch 54  EMA Test Acc: 62.79
Loss   5.69 Loss_Lx   5.32 Loss_Lu 0.00494
01:20:56 Epoch 55 Test Acc: 60.93
01:20:58 Epoch 55  EMA Test Acc: 62.31
Loss   5.79 Loss_Lx   5.42 Loss_Lu 0.00496
01:22:45 Epoch 56 Test Acc: 61.92
01:22:48 Epoch 56  EMA Test Acc: 63.4
Loss   5.71 Loss_Lx   5.34 Loss_Lu 0.00496
01:24:35 Epoch 57 Test Acc: 61.37
01:24:38 Epoch 57  EMA Test Acc: 61.11
Loss   5.65 Loss_Lx   5.28 Loss_Lu 0.00497
01:26:25 Epoch 58 Test Acc: 61.66
01:26:28 Epoch 58  EMA Test Acc: 61.23
Loss   5.65 Loss_Lx   5.28 Loss_Lu 0.00497
01:28:15 Epoch 59 Test Acc: 62.0
01:28:18 Epoch 59  EMA Test Acc: 62.95
Loss   5.67 Loss_Lx   5.30 Loss_Lu 0.00496
01:30:06 Epoch 60 Test Acc: 62.0
01:30:08 Epoch 60  EMA Test Acc: 63.43
Loss   5.76 Loss_Lx   5.38 Loss_Lu 0.00498
01:31:56 Epoch 61 Test Acc: 60.78
01:31:59 Epoch 61  EMA Test Acc: 62.14
Loss   5.72 Loss_Lx   5.35 Loss_Lu 0.00499
01:33:46 Epoch 62 Test Acc: 61.59
01:33:49 Epoch 62  EMA Test Acc: 64.14
Loss   5.62 Loss_Lx   5.25 Loss_Lu 0.00498
01:35:36 Epoch 63 Test Acc: 61.99
01:35:39 Epoch 63  EMA Test Acc: 63.76
Loss   5.57 Loss_Lx   5.20 Loss_Lu 0.00495
01:37:26 Epoch 64 Test Acc: 61.34
01:37:29 Epoch 64  EMA Test Acc: 64.2
Loss   5.71 Loss_Lx   5.33 Loss_Lu 0.00501
01:39:16 Epoch 65 Test Acc: 63.21
01:39:19 Epoch 65  EMA Test Acc: 63.56
Loss   5.60 Loss_Lx   5.23 Loss_Lu 0.00496
01:41:06 Epoch 66 Test Acc: 62.4
01:41:08 Epoch 66  EMA Test Acc: 63.61
Loss   5.60 Loss_Lx   5.22 Loss_Lu 0.00500
01:42:56 Epoch 67 Test Acc: 62.73
01:42:59 Epoch 67  EMA Test Acc: 63.06
Loss   5.54 Loss_Lx   5.17 Loss_Lu 0.00495
01:44:46 Epoch 68 Test Acc: 62.17
01:44:48 Epoch 68  EMA Test Acc: 63.58
Loss   5.47 Loss_Lx   5.09 Loss_Lu 0.00496
01:46:36 Epoch 69 Test Acc: 63.79
01:46:38 Epoch 69  EMA Test Acc: 64.57
Loss   5.52 Loss_Lx   5.15 Loss_Lu 0.00499
01:48:26 Epoch 70 Test Acc: 61.95
01:48:28 Epoch 70  EMA Test Acc: 63.6
Loss   5.51 Loss_Lx   5.13 Loss_Lu 0.00500
01:50:17 Epoch 71 Test Acc: 62.32
01:50:20 Epoch 71  EMA Test Acc: 64.64
Loss   5.52 Loss_Lx   5.15 Loss_Lu 0.00497
01:52:07 Epoch 72 Test Acc: 62.57
01:52:09 Epoch 72  EMA Test Acc: 64.13
Loss   5.52 Loss_Lx   5.14 Loss_Lu 0.00503
01:53:56 Epoch 73 Test Acc: 63.03
01:53:59 Epoch 73  EMA Test Acc: 64.36
Loss   5.46 Loss_Lx   5.09 Loss_Lu 0.00499
01:55:46 Epoch 74 Test Acc: 63.28
01:55:49 Epoch 74  EMA Test Acc: 64.66
Loss   5.42 Loss_Lx   5.04 Loss_Lu 0.00499
01:57:37 Epoch 75 Test Acc: 62.71
01:57:39 Epoch 75  EMA Test Acc: 64.33
Loss   5.43 Loss_Lx   5.06 Loss_Lu 0.00499
01:59:27 Epoch 76 Test Acc: 62.83
01:59:29 Epoch 76  EMA Test Acc: 64.84
Loss   5.47 Loss_Lx   5.10 Loss_Lu 0.00500
02:01:17 Epoch 77 Test Acc: 64.18
02:01:19 Epoch 77  EMA Test Acc: 65.37
Loss   5.41 Loss_Lx   5.04 Loss_Lu 0.00498
02:03:06 Epoch 78 Test Acc: 63.8
02:03:09 Epoch 78  EMA Test Acc: 65.6
Loss   5.40 Loss_Lx   5.03 Loss_Lu 0.00502
02:04:56 Epoch 79 Test Acc: 63.78
02:04:59 Epoch 79  EMA Test Acc: 64.55
Loss   5.35 Loss_Lx   4.97 Loss_Lu 0.00499
02:06:46 Epoch 80 Test Acc: 62.71
02:06:49 Epoch 80  EMA Test Acc: 64.85
Loss   5.35 Loss_Lx   4.97 Loss_Lu 0.00498
02:08:36 Epoch 81 Test Acc: 63.43
02:08:39 Epoch 81  EMA Test Acc: 64.95
Loss   5.25 Loss_Lx   4.88 Loss_Lu 0.00495
02:10:26 Epoch 82 Test Acc: 63.85
02:10:29 Epoch 82  EMA Test Acc: 64.95
Loss   5.27 Loss_Lx   4.90 Loss_Lu 0.00497
02:12:15 Epoch 83 Test Acc: 64.2
02:12:18 Epoch 83  EMA Test Acc: 66.18
Loss   5.33 Loss_Lx   4.95 Loss_Lu 0.00499
02:14:05 Epoch 84 Test Acc: 64.76
02:14:08 Epoch 84  EMA Test Acc: 66.39
Loss   5.30 Loss_Lx   4.93 Loss_Lu 0.00502
02:15:55 Epoch 85 Test Acc: 63.96
02:15:58 Epoch 85  EMA Test Acc: 65.73
Loss   5.32 Loss_Lx   4.95 Loss_Lu 0.00500
02:17:45 Epoch 86 Test Acc: 64.92
02:17:48 Epoch 86  EMA Test Acc: 65.24
Loss   5.34 Loss_Lx   4.96 Loss_Lu 0.00504
02:19:35 Epoch 87 Test Acc: 64.17
02:19:38 Epoch 87  EMA Test Acc: 65.38
Loss   5.24 Loss_Lx   4.87 Loss_Lu 0.00501
02:21:25 Epoch 88 Test Acc: 64.93
02:21:28 Epoch 88  EMA Test Acc: 65.86
Loss   5.22 Loss_Lx   4.85 Loss_Lu 0.00501
02:23:15 Epoch 89 Test Acc: 65.38
02:23:17 Epoch 89  EMA Test Acc: 65.97
Loss   5.16 Loss_Lx   4.79 Loss_Lu 0.00498
02:25:05 Epoch 90 Test Acc: 64.87
02:25:07 Epoch 90  EMA Test Acc: 65.04
Loss   5.21 Loss_Lx   4.84 Loss_Lu 0.00500
02:26:54 Epoch 91 Test Acc: 64.33
02:26:57 Epoch 91  EMA Test Acc: 65.38
Loss   5.19 Loss_Lx   4.82 Loss_Lu 0.00500
02:28:44 Epoch 92 Test Acc: 64.67
02:28:47 Epoch 92  EMA Test Acc: 66.15
Loss   5.21 Loss_Lx   4.83 Loss_Lu 0.00503
02:30:35 Epoch 93 Test Acc: 64.74
02:30:37 Epoch 93  EMA Test Acc: 66.05
Loss   5.13 Loss_Lx   4.76 Loss_Lu 0.00498
02:32:25 Epoch 94 Test Acc: 64.34
02:32:27 Epoch 94  EMA Test Acc: 65.84
Loss   5.18 Loss_Lx   4.81 Loss_Lu 0.00503
02:34:14 Epoch 95 Test Acc: 64.39
02:34:17 Epoch 95  EMA Test Acc: 66.99
Loss   5.16 Loss_Lx   4.79 Loss_Lu 0.00500
02:36:04 Epoch 96 Test Acc: 64.81
02:36:07 Epoch 96  EMA Test Acc: 66.72
Loss   5.07 Loss_Lx   4.70 Loss_Lu 0.00499
02:37:54 Epoch 97 Test Acc: 65.63
02:37:57 Epoch 97  EMA Test Acc: 66.38
Loss   5.15 Loss_Lx   4.78 Loss_Lu 0.00499
02:39:44 Epoch 98 Test Acc: 65.04
02:39:46 Epoch 98  EMA Test Acc: 66.38
Loss   5.13 Loss_Lx   4.75 Loss_Lu 0.00499
02:41:33 Epoch 99 Test Acc: 66.13
02:41:36 Epoch 99  EMA Test Acc: 66.58
Loss   5.12 Loss_Lx   4.75 Loss_Lu 0.00500
02:43:23 Epoch 100 Test Acc: 65.72
02:43:26 Epoch 100  EMA Test Acc: 67.27
Loss   5.09 Loss_Lx   4.72 Loss_Lu 0.00499
02:45:13 Epoch 101 Test Acc: 65.42
02:45:15 Epoch 101  EMA Test Acc: 67.82
Loss   5.09 Loss_Lx   4.71 Loss_Lu 0.00501
02:47:03 Epoch 102 Test Acc: 65.77
02:47:05 Epoch 102  EMA Test Acc: 66.53
Loss   5.02 Loss_Lx   4.64 Loss_Lu 0.00498
02:48:53 Epoch 103 Test Acc: 66.17
02:48:55 Epoch 103  EMA Test Acc: 67.36
Loss   5.03 Loss_Lx   4.66 Loss_Lu 0.00499
02:50:42 Epoch 104 Test Acc: 65.68
02:50:45 Epoch 104  EMA Test Acc: 66.9
Loss   5.01 Loss_Lx   4.64 Loss_Lu 0.00501
02:52:32 Epoch 105 Test Acc: 65.34
02:52:34 Epoch 105  EMA Test Acc: 67.69
Loss   5.04 Loss_Lx   4.66 Loss_Lu 0.00501
02:54:21 Epoch 106 Test Acc: 65.77
02:54:24 Epoch 106  EMA Test Acc: 66.15
Loss   4.99 Loss_Lx   4.62 Loss_Lu 0.00498
02:56:10 Epoch 107 Test Acc: 66.14
02:56:13 Epoch 107  EMA Test Acc: 66.63
Loss   5.02 Loss_Lx   4.64 Loss_Lu 0.00500
02:58:00 Epoch 108 Test Acc: 65.98
02:58:02 Epoch 108  EMA Test Acc: 66.68
Loss   5.02 Loss_Lx   4.65 Loss_Lu 0.00497
02:59:50 Epoch 109 Test Acc: 65.46
02:59:52 Epoch 109  EMA Test Acc: 66.75
Loss   4.94 Loss_Lx   4.57 Loss_Lu 0.00497
03:01:39 Epoch 110 Test Acc: 66.85
03:01:41 Epoch 110  EMA Test Acc: 67.84
Loss   5.02 Loss_Lx   4.64 Loss_Lu 0.00501
03:03:28 Epoch 111 Test Acc: 65.81
03:03:31 Epoch 111  EMA Test Acc: 67.21
Loss   4.94 Loss_Lx   4.56 Loss_Lu 0.00496
03:05:17 Epoch 112 Test Acc: 65.32
03:05:20 Epoch 112  EMA Test Acc: 67.35
Loss   4.86 Loss_Lx   4.49 Loss_Lu 0.00494
03:07:07 Epoch 113 Test Acc: 66.63
03:07:09 Epoch 113  EMA Test Acc: 67.26
Loss   4.92 Loss_Lx   4.54 Loss_Lu 0.00499
03:08:56 Epoch 114 Test Acc: 66.43
03:08:59 Epoch 114  EMA Test Acc: 67.13
Loss   4.92 Loss_Lx   4.54 Loss_Lu 0.00499
03:10:45 Epoch 115 Test Acc: 66.94
03:10:48 Epoch 115  EMA Test Acc: 67.82
Loss   4.88 Loss_Lx   4.51 Loss_Lu 0.00496
03:12:34 Epoch 116 Test Acc: 67.1
03:12:37 Epoch 116  EMA Test Acc: 67.99
Loss   4.88 Loss_Lx   4.50 Loss_Lu 0.00495
03:14:23 Epoch 117 Test Acc: 66.68
03:14:25 Epoch 117  EMA Test Acc: 68.07
Loss   4.82 Loss_Lx   4.45 Loss_Lu 0.00492
03:16:13 Epoch 118 Test Acc: 67.05
03:16:15 Epoch 118  EMA Test Acc: 67.6
Loss   4.88 Loss_Lx   4.51 Loss_Lu 0.00496
03:18:01 Epoch 119 Test Acc: 66.65
03:18:04 Epoch 119  EMA Test Acc: 67.09
Loss   4.89 Loss_Lx   4.52 Loss_Lu 0.00498
03:19:51 Epoch 120 Test Acc: 67.29
03:19:53 Epoch 120  EMA Test Acc: 68.5
Loss   4.81 Loss_Lx   4.44 Loss_Lu 0.00495
03:21:42 Epoch 121 Test Acc: 66.95
03:21:45 Epoch 121  EMA Test Acc: 67.77
Loss   4.85 Loss_Lx   4.48 Loss_Lu 0.00498
03:23:31 Epoch 122 Test Acc: 67.07
03:23:34 Epoch 122  EMA Test Acc: 66.97
Loss   4.80 Loss_Lx   4.43 Loss_Lu 0.00496
03:25:21 Epoch 123 Test Acc: 66.92
03:25:23 Epoch 123  EMA Test Acc: 67.98
Loss   4.82 Loss_Lx   4.45 Loss_Lu 0.00494
03:27:11 Epoch 124 Test Acc: 67.64
03:27:13 Epoch 124  EMA Test Acc: 66.92
Loss   4.75 Loss_Lx   4.38 Loss_Lu 0.00491
03:29:00 Epoch 125 Test Acc: 66.91
03:29:03 Epoch 125  EMA Test Acc: 67.48
Loss   4.78 Loss_Lx   4.41 Loss_Lu 0.00494
03:30:48 Epoch 126 Test Acc: 67.28
03:30:51 Epoch 126  EMA Test Acc: 67.51
Loss   4.81 Loss_Lx   4.44 Loss_Lu 0.00494
03:32:37 Epoch 127 Test Acc: 67.57
03:32:39 Epoch 127  EMA Test Acc: 67.22
Loss   4.79 Loss_Lx   4.42 Loss_Lu 0.00495
03:34:26 Epoch 128 Test Acc: 67.89
03:34:29 Epoch 128  EMA Test Acc: 68.13
Loss   4.79 Loss_Lx   4.42 Loss_Lu 0.00498
03:36:16 Epoch 129 Test Acc: 67.49
03:36:19 Epoch 129  EMA Test Acc: 67.84
Loss   4.75 Loss_Lx   4.38 Loss_Lu 0.00495
03:38:06 Epoch 130 Test Acc: 67.08
03:38:09 Epoch 130  EMA Test Acc: 69.5
Loss   4.73 Loss_Lx   4.36 Loss_Lu 0.00491
03:39:56 Epoch 131 Test Acc: 67.31
03:39:59 Epoch 131  EMA Test Acc: 68.59
Loss   4.71 Loss_Lx   4.35 Loss_Lu 0.00490
03:41:46 Epoch 132 Test Acc: 67.49
03:41:49 Epoch 132  EMA Test Acc: 67.59
Loss   4.71 Loss_Lx   4.34 Loss_Lu 0.00492
03:43:36 Epoch 133 Test Acc: 67.4
03:43:39 Epoch 133  EMA Test Acc: 67.95
Loss   4.68 Loss_Lx   4.31 Loss_Lu 0.00491
03:45:26 Epoch 134 Test Acc: 68.09
03:45:29 Epoch 134  EMA Test Acc: 68.55
Loss   4.65 Loss_Lx   4.28 Loss_Lu 0.00491
03:47:16 Epoch 135 Test Acc: 67.97
03:47:19 Epoch 135  EMA Test Acc: 69.13
Loss   4.72 Loss_Lx   4.35 Loss_Lu 0.00490
03:49:05 Epoch 136 Test Acc: 67.28
03:49:08 Epoch 136  EMA Test Acc: 69.23
Loss   4.65 Loss_Lx   4.28 Loss_Lu 0.00492
03:50:55 Epoch 137 Test Acc: 68.67
03:50:57 Epoch 137  EMA Test Acc: 68.52
Loss   4.63 Loss_Lx   4.26 Loss_Lu 0.00493
03:52:44 Epoch 138 Test Acc: 68.23
03:52:46 Epoch 138  EMA Test Acc: 69.64
Loss   4.68 Loss_Lx   4.31 Loss_Lu 0.00494
03:54:33 Epoch 139 Test Acc: 67.87
03:54:35 Epoch 139  EMA Test Acc: 69.37
Loss   4.61 Loss_Lx   4.24 Loss_Lu 0.00491
03:56:22 Epoch 140 Test Acc: 68.13
03:56:24 Epoch 140  EMA Test Acc: 69.05
Loss   4.61 Loss_Lx   4.25 Loss_Lu 0.00488
03:58:11 Epoch 141 Test Acc: 68.0
03:58:13 Epoch 141  EMA Test Acc: 68.12
Loss   4.61 Loss_Lx   4.24 Loss_Lu 0.00491
04:00:00 Epoch 142 Test Acc: 68.27
04:00:03 Epoch 142  EMA Test Acc: 68.28
Loss   4.62 Loss_Lx   4.25 Loss_Lu 0.00493
04:01:49 Epoch 143 Test Acc: 68.33
04:01:52 Epoch 143  EMA Test Acc: 68.87
Loss   4.52 Loss_Lx   4.15 Loss_Lu 0.00483
04:03:39 Epoch 144 Test Acc: 68.47
04:03:42 Epoch 144  EMA Test Acc: 69.71
Loss   4.54 Loss_Lx   4.17 Loss_Lu 0.00486
04:05:29 Epoch 145 Test Acc: 69.29
04:05:31 Epoch 145  EMA Test Acc: 69.34
Loss   4.58 Loss_Lx   4.21 Loss_Lu 0.00490
04:07:18 Epoch 146 Test Acc: 68.67
04:07:20 Epoch 146  EMA Test Acc: 69.33
Loss   4.53 Loss_Lx   4.16 Loss_Lu 0.00487
04:09:06 Epoch 147 Test Acc: 68.04
04:09:09 Epoch 147  EMA Test Acc: 68.31
Loss   4.58 Loss_Lx   4.21 Loss_Lu 0.00490
04:10:56 Epoch 148 Test Acc: 68.11
04:10:58 Epoch 148  EMA Test Acc: 69.11
Loss   4.44 Loss_Lx   4.08 Loss_Lu 0.00482
04:12:45 Epoch 149 Test Acc: 68.77
04:12:48 Epoch 149  EMA Test Acc: 69.22
Loss   3.13 Loss_Lx   2.83 Loss_Lu 0.00405
04:14:34 Epoch 150 Test Acc: 69.48
04:14:36 Epoch 150  EMA Test Acc: 69.49
Loss   3.26 Loss_Lx   2.95 Loss_Lu 0.00416
04:16:22 Epoch 151 Test Acc: 69.66
04:16:24 Epoch 151  EMA Test Acc: 70.05
Loss   3.20 Loss_Lx   2.90 Loss_Lu 0.00409
04:18:10 Epoch 152 Test Acc: 70.05
04:18:12 Epoch 152  EMA Test Acc: 69.89
Loss   3.25 Loss_Lx   2.94 Loss_Lu 0.00407
04:19:58 Epoch 153 Test Acc: 69.98
04:20:01 Epoch 153  EMA Test Acc: 70.0
Loss   3.26 Loss_Lx   2.95 Loss_Lu 0.00409
04:21:45 Epoch 154 Test Acc: 69.72
04:21:48 Epoch 154  EMA Test Acc: 70.21
Loss   3.28 Loss_Lx   2.97 Loss_Lu 0.00408
04:23:33 Epoch 155 Test Acc: 69.8
04:23:36 Epoch 155  EMA Test Acc: 70.92
Loss   3.33 Loss_Lx   3.02 Loss_Lu 0.00416
04:25:21 Epoch 156 Test Acc: 69.77
04:25:24 Epoch 156  EMA Test Acc: 70.21
Loss   3.31 Loss_Lx   3.00 Loss_Lu 0.00414
04:27:09 Epoch 157 Test Acc: 69.74
04:27:12 Epoch 157  EMA Test Acc: 70.37
Loss   3.23 Loss_Lx   2.92 Loss_Lu 0.00406
04:28:57 Epoch 158 Test Acc: 70.75
04:29:00 Epoch 158  EMA Test Acc: 70.51
Loss   3.25 Loss_Lx   2.95 Loss_Lu 0.00406
04:30:45 Epoch 159 Test Acc: 70.75
04:30:47 Epoch 159  EMA Test Acc: 70.99
Loss   3.23 Loss_Lx   2.92 Loss_Lu 0.00404
04:32:32 Epoch 160 Test Acc: 70.27
04:32:35 Epoch 160  EMA Test Acc: 71.26
Loss   3.05 Loss_Lx   2.76 Loss_Lu 0.00393
04:34:21 Epoch 161 Test Acc: 70.23
04:34:23 Epoch 161  EMA Test Acc: 70.7
Loss   3.18 Loss_Lx   2.88 Loss_Lu 0.00403
04:36:08 Epoch 162 Test Acc: 69.66
04:36:11 Epoch 162  EMA Test Acc: 70.2
Loss   3.14 Loss_Lx   2.84 Loss_Lu 0.00395
04:37:56 Epoch 163 Test Acc: 70.84
04:37:59 Epoch 163  EMA Test Acc: 70.62
Loss   3.18 Loss_Lx   2.88 Loss_Lu 0.00399
04:39:44 Epoch 164 Test Acc: 70.87
04:39:46 Epoch 164  EMA Test Acc: 71.43
Loss   3.04 Loss_Lx   2.75 Loss_Lu 0.00392
04:41:32 Epoch 165 Test Acc: 70.84
04:41:35 Epoch 165  EMA Test Acc: 71.41
Loss   3.18 Loss_Lx   2.89 Loss_Lu 0.00398
04:43:19 Epoch 166 Test Acc: 71.57
04:43:22 Epoch 166  EMA Test Acc: 71.54
Loss   3.15 Loss_Lx   2.85 Loss_Lu 0.00395
04:45:07 Epoch 167 Test Acc: 70.55
04:45:10 Epoch 167  EMA Test Acc: 71.65
Loss   3.23 Loss_Lx   2.93 Loss_Lu 0.00404
04:46:55 Epoch 168 Test Acc: 70.87
04:46:58 Epoch 168  EMA Test Acc: 71.51
Loss   3.06 Loss_Lx   2.77 Loss_Lu 0.00387
04:48:43 Epoch 169 Test Acc: 70.82
04:48:46 Epoch 169  EMA Test Acc: 71.61
Loss   3.06 Loss_Lx   2.77 Loss_Lu 0.00383
04:50:31 Epoch 170 Test Acc: 71.35
04:50:33 Epoch 170  EMA Test Acc: 72.12
Loss   2.95 Loss_Lx   2.67 Loss_Lu 0.00374
04:52:20 Epoch 171 Test Acc: 71.04
04:52:23 Epoch 171  EMA Test Acc: 71.01
Loss   3.00 Loss_Lx   2.71 Loss_Lu 0.00382
04:54:07 Epoch 172 Test Acc: 70.63
04:54:10 Epoch 172  EMA Test Acc: 70.91
Loss   3.09 Loss_Lx   2.80 Loss_Lu 0.00389
04:55:56 Epoch 173 Test Acc: 71.1
04:55:58 Epoch 173  EMA Test Acc: 71.9
Loss   2.93 Loss_Lx   2.65 Loss_Lu 0.00374
04:57:44 Epoch 174 Test Acc: 70.81
04:57:47 Epoch 174  EMA Test Acc: 71.5
Loss   3.09 Loss_Lx   2.80 Loss_Lu 0.00387
04:59:33 Epoch 175 Test Acc: 71.45
04:59:35 Epoch 175  EMA Test Acc: 71.08
Loss   3.02 Loss_Lx   2.74 Loss_Lu 0.00381
05:01:21 Epoch 176 Test Acc: 71.46
05:01:23 Epoch 176  EMA Test Acc: 71.57
Loss   2.96 Loss_Lx   2.68 Loss_Lu 0.00374
05:03:10 Epoch 177 Test Acc: 70.98
05:03:12 Epoch 177  EMA Test Acc: 71.77
Loss   3.01 Loss_Lx   2.72 Loss_Lu 0.00380
05:04:58 Epoch 178 Test Acc: 71.46
05:05:01 Epoch 178  EMA Test Acc: 71.12
Loss   3.01 Loss_Lx   2.72 Loss_Lu 0.00381
05:06:46 Epoch 179 Test Acc: 71.65
05:06:49 Epoch 179  EMA Test Acc: 71.91
Loss   3.04 Loss_Lx   2.75 Loss_Lu 0.00383
05:08:35 Epoch 180 Test Acc: 71.01
05:08:37 Epoch 180  EMA Test Acc: 71.19
Loss   3.01 Loss_Lx   2.72 Loss_Lu 0.00375
05:10:24 Epoch 181 Test Acc: 71.58
05:10:26 Epoch 181  EMA Test Acc: 72.17
Loss   2.92 Loss_Lx   2.65 Loss_Lu 0.00370
05:12:12 Epoch 182 Test Acc: 71.23
05:12:14 Epoch 182  EMA Test Acc: 71.02
Loss   2.91 Loss_Lx   2.63 Loss_Lu 0.00368
05:14:00 Epoch 183 Test Acc: 71.27
05:14:02 Epoch 183  EMA Test Acc: 71.43
Loss   3.04 Loss_Lx   2.75 Loss_Lu 0.00382
05:15:48 Epoch 184 Test Acc: 71.1
05:15:51 Epoch 184  EMA Test Acc: 71.61
Loss   2.98 Loss_Lx   2.70 Loss_Lu 0.00371
05:17:37 Epoch 185 Test Acc: 71.26
05:17:39 Epoch 185  EMA Test Acc: 72.1
Loss   3.00 Loss_Lx   2.72 Loss_Lu 0.00373
05:19:25 Epoch 186 Test Acc: 71.84
05:19:27 Epoch 186  EMA Test Acc: 71.92
Loss   2.83 Loss_Lx   2.56 Loss_Lu 0.00356
05:21:13 Epoch 187 Test Acc: 71.96
05:21:16 Epoch 187  EMA Test Acc: 72.09
Loss   2.95 Loss_Lx   2.68 Loss_Lu 0.00367
05:23:01 Epoch 188 Test Acc: 71.6
05:23:04 Epoch 188  EMA Test Acc: 71.69
Loss   2.99 Loss_Lx   2.71 Loss_Lu 0.00375
05:24:49 Epoch 189 Test Acc: 71.5
05:24:51 Epoch 189  EMA Test Acc: 71.83
Loss   2.90 Loss_Lx   2.63 Loss_Lu 0.00363
05:26:36 Epoch 190 Test Acc: 71.6
05:26:39 Epoch 190  EMA Test Acc: 71.88
Loss   2.85 Loss_Lx   2.58 Loss_Lu 0.00358
05:28:25 Epoch 191 Test Acc: 71.7
05:28:28 Epoch 191  EMA Test Acc: 71.83
Loss   2.83 Loss_Lx   2.56 Loss_Lu 0.00359
05:30:13 Epoch 192 Test Acc: 71.94
05:30:16 Epoch 192  EMA Test Acc: 71.43
Loss   2.92 Loss_Lx   2.64 Loss_Lu 0.00366
05:32:02 Epoch 193 Test Acc: 71.83
05:32:05 Epoch 193  EMA Test Acc: 72.04
Loss   2.88 Loss_Lx   2.60 Loss_Lu 0.00362
05:33:51 Epoch 194 Test Acc: 71.85
05:33:53 Epoch 194  EMA Test Acc: 72.29
Loss   2.86 Loss_Lx   2.59 Loss_Lu 0.00362
05:35:39 Epoch 195 Test Acc: 72.0
05:35:41 Epoch 195  EMA Test Acc: 72.46
Loss   2.89 Loss_Lx   2.62 Loss_Lu 0.00365
05:37:27 Epoch 196 Test Acc: 71.85
05:37:29 Epoch 196  EMA Test Acc: 72.18
Loss   2.68 Loss_Lx   2.42 Loss_Lu 0.00344
05:39:15 Epoch 197 Test Acc: 71.91
05:39:18 Epoch 197  EMA Test Acc: 72.42
Loss   3.07 Loss_Lx   2.78 Loss_Lu 0.00379
05:41:03 Epoch 198 Test Acc: 71.71
05:41:06 Epoch 198  EMA Test Acc: 72.38
Loss   2.82 Loss_Lx   2.55 Loss_Lu 0.00351
05:42:52 Epoch 199 Test Acc: 71.8
05:42:54 Epoch 199  EMA Test Acc: 71.56
Loss   2.92 Loss_Lx   2.65 Loss_Lu 0.00364
05:44:40 Epoch 200 Test Acc: 71.44
05:44:43 Epoch 200  EMA Test Acc: 72.26
Loss   2.88 Loss_Lx   2.61 Loss_Lu 0.00355
05:46:28 Epoch 201 Test Acc: 71.66
05:46:31 Epoch 201  EMA Test Acc: 72.41
Loss   2.83 Loss_Lx   2.56 Loss_Lu 0.00354
05:48:17 Epoch 202 Test Acc: 72.39
05:48:19 Epoch 202  EMA Test Acc: 72.05
Loss   2.72 Loss_Lx   2.46 Loss_Lu 0.00341
05:50:05 Epoch 203 Test Acc: 72.2
05:50:08 Epoch 203  EMA Test Acc: 72.04
Loss   2.81 Loss_Lx   2.55 Loss_Lu 0.00350
05:51:54 Epoch 204 Test Acc: 72.24
05:51:56 Epoch 204  EMA Test Acc: 72.29
Loss   2.85 Loss_Lx   2.58 Loss_Lu 0.00353
05:53:42 Epoch 205 Test Acc: 72.37
05:53:44 Epoch 205  EMA Test Acc: 72.1
Loss   2.83 Loss_Lx   2.56 Loss_Lu 0.00350
05:55:30 Epoch 206 Test Acc: 71.9
05:55:33 Epoch 206  EMA Test Acc: 72.07
Loss   2.85 Loss_Lx   2.58 Loss_Lu 0.00351
05:57:18 Epoch 207 Test Acc: 72.6
05:57:21 Epoch 207  EMA Test Acc: 72.22
Loss   2.81 Loss_Lx   2.55 Loss_Lu 0.00345
05:59:06 Epoch 208 Test Acc: 72.36
05:59:09 Epoch 208  EMA Test Acc: 72.46
Loss   2.80 Loss_Lx   2.54 Loss_Lu 0.00345
06:00:55 Epoch 209 Test Acc: 72.21
06:00:58 Epoch 209  EMA Test Acc: 72.28
Loss   2.76 Loss_Lx   2.50 Loss_Lu 0.00340
06:02:43 Epoch 210 Test Acc: 72.18
06:02:46 Epoch 210  EMA Test Acc: 72.25
Loss   2.85 Loss_Lx   2.59 Loss_Lu 0.00350
06:04:32 Epoch 211 Test Acc: 72.0
06:04:35 Epoch 211  EMA Test Acc: 72.4
Loss   2.74 Loss_Lx   2.49 Loss_Lu 0.00336
06:06:20 Epoch 212 Test Acc: 72.71
06:06:23 Epoch 212  EMA Test Acc: 72.69
Loss   2.93 Loss_Lx   2.67 Loss_Lu 0.00356
06:08:09 Epoch 213 Test Acc: 72.0
06:08:11 Epoch 213  EMA Test Acc: 72.54
Loss   2.69 Loss_Lx   2.44 Loss_Lu 0.00330
06:09:57 Epoch 214 Test Acc: 72.42
06:10:00 Epoch 214  EMA Test Acc: 72.09
Loss   2.77 Loss_Lx   2.51 Loss_Lu 0.00343
06:11:46 Epoch 215 Test Acc: 72.43
06:11:48 Epoch 215  EMA Test Acc: 72.3
Loss   2.63 Loss_Lx   2.38 Loss_Lu 0.00327
06:13:35 Epoch 216 Test Acc: 72.69
06:13:37 Epoch 216  EMA Test Acc: 72.88
Loss   2.74 Loss_Lx   2.49 Loss_Lu 0.00333
06:15:23 Epoch 217 Test Acc: 71.68
06:15:26 Epoch 217  EMA Test Acc: 72.23
Loss   2.72 Loss_Lx   2.47 Loss_Lu 0.00331
06:17:12 Epoch 218 Test Acc: 72.07
06:17:15 Epoch 218  EMA Test Acc: 72.34
Loss   2.74 Loss_Lx   2.49 Loss_Lu 0.00335
06:19:00 Epoch 219 Test Acc: 72.25
06:19:03 Epoch 219  EMA Test Acc: 72.17
Loss   2.81 Loss_Lx   2.55 Loss_Lu 0.00340
06:20:49 Epoch 220 Test Acc: 72.35
06:20:52 Epoch 220  EMA Test Acc: 72.68
Loss   2.76 Loss_Lx   2.51 Loss_Lu 0.00338
06:22:38 Epoch 221 Test Acc: 72.51
06:22:40 Epoch 221  EMA Test Acc: 72.67
Loss   2.73 Loss_Lx   2.48 Loss_Lu 0.00332
06:24:26 Epoch 222 Test Acc: 72.47
06:24:29 Epoch 222  EMA Test Acc: 72.88
Loss   2.80 Loss_Lx   2.55 Loss_Lu 0.00340
06:26:15 Epoch 223 Test Acc: 72.03
06:26:18 Epoch 223  EMA Test Acc: 72.06
Loss   2.76 Loss_Lx   2.51 Loss_Lu 0.00337
06:28:03 Epoch 224 Test Acc: 72.58
06:28:06 Epoch 224  EMA Test Acc: 72.44
Loss   2.83 Loss_Lx   2.57 Loss_Lu 0.00347
06:29:52 Epoch 225 Test Acc: 72.64
06:29:54 Epoch 225  EMA Test Acc: 72.8
Loss   2.75 Loss_Lx   2.50 Loss_Lu 0.00334
06:31:40 Epoch 226 Test Acc: 72.73
06:31:43 Epoch 226  EMA Test Acc: 72.54
Loss   2.63 Loss_Lx   2.39 Loss_Lu 0.00322
06:33:29 Epoch 227 Test Acc: 72.33
06:33:31 Epoch 227  EMA Test Acc: 72.83
Loss   2.72 Loss_Lx   2.47 Loss_Lu 0.00330
06:35:18 Epoch 228 Test Acc: 72.54
06:35:20 Epoch 228  EMA Test Acc: 72.72
Loss   2.67 Loss_Lx   2.42 Loss_Lu 0.00326
06:37:06 Epoch 229 Test Acc: 72.6
06:37:09 Epoch 229  EMA Test Acc: 72.79
Loss   2.71 Loss_Lx   2.46 Loss_Lu 0.00331
06:38:55 Epoch 230 Test Acc: 72.48
06:38:58 Epoch 230  EMA Test Acc: 72.6
Loss   2.65 Loss_Lx   2.41 Loss_Lu 0.00325
06:40:44 Epoch 231 Test Acc: 72.2
06:40:47 Epoch 231  EMA Test Acc: 72.37
Loss   2.67 Loss_Lx   2.43 Loss_Lu 0.00328
06:42:32 Epoch 232 Test Acc: 72.61
06:42:35 Epoch 232  EMA Test Acc: 72.28
Loss   2.67 Loss_Lx   2.42 Loss_Lu 0.00326
06:44:20 Epoch 233 Test Acc: 72.48
06:44:23 Epoch 233  EMA Test Acc: 72.58
Loss   2.75 Loss_Lx   2.50 Loss_Lu 0.00330
06:46:09 Epoch 234 Test Acc: 72.69
06:46:12 Epoch 234  EMA Test Acc: 72.49
Loss   2.55 Loss_Lx   2.31 Loss_Lu 0.00311
06:47:57 Epoch 235 Test Acc: 72.3
06:48:00 Epoch 235  EMA Test Acc: 72.29
Loss   2.69 Loss_Lx   2.45 Loss_Lu 0.00322
06:49:46 Epoch 236 Test Acc: 72.61
06:49:48 Epoch 236  EMA Test Acc: 72.71
Loss   2.65 Loss_Lx   2.41 Loss_Lu 0.00321
06:51:35 Epoch 237 Test Acc: 72.61
06:51:37 Epoch 237  EMA Test Acc: 72.92
Loss   2.66 Loss_Lx   2.42 Loss_Lu 0.00319
06:53:23 Epoch 238 Test Acc: 72.87
06:53:26 Epoch 238  EMA Test Acc: 72.87
Loss   2.74 Loss_Lx   2.50 Loss_Lu 0.00330
06:55:12 Epoch 239 Test Acc: 72.44
06:55:15 Epoch 239  EMA Test Acc: 72.46
Loss   2.57 Loss_Lx   2.33 Loss_Lu 0.00311
06:57:01 Epoch 240 Test Acc: 72.45
06:57:03 Epoch 240  EMA Test Acc: 72.43
Loss   2.63 Loss_Lx   2.39 Loss_Lu 0.00316
06:58:50 Epoch 241 Test Acc: 72.71
06:58:52 Epoch 241  EMA Test Acc: 72.52
Loss   2.63 Loss_Lx   2.39 Loss_Lu 0.00317
07:00:39 Epoch 242 Test Acc: 72.74
07:00:42 Epoch 242  EMA Test Acc: 72.79
Loss   2.61 Loss_Lx   2.37 Loss_Lu 0.00318
07:02:28 Epoch 243 Test Acc: 72.91
07:02:31 Epoch 243  EMA Test Acc: 72.5
Loss   2.64 Loss_Lx   2.40 Loss_Lu 0.00318
07:04:17 Epoch 244 Test Acc: 72.92
07:04:20 Epoch 244  EMA Test Acc: 72.72
Loss   2.61 Loss_Lx   2.37 Loss_Lu 0.00314
07:06:05 Epoch 245 Test Acc: 72.74
07:06:08 Epoch 245  EMA Test Acc: 72.88
Loss   2.56 Loss_Lx   2.33 Loss_Lu 0.00311
07:07:54 Epoch 246 Test Acc: 72.66
07:07:57 Epoch 246  EMA Test Acc: 72.71
Loss   2.46 Loss_Lx   2.24 Loss_Lu 0.00293
07:09:42 Epoch 247 Test Acc: 72.73
07:09:45 Epoch 247  EMA Test Acc: 72.71
Loss   2.64 Loss_Lx   2.40 Loss_Lu 0.00315
07:11:32 Epoch 248 Test Acc: 73.06
07:11:34 Epoch 248  EMA Test Acc: 72.83
Loss   2.57 Loss_Lx   2.33 Loss_Lu 0.00313
07:13:20 Epoch 249 Test Acc: 72.62
07:13:23 Epoch 249  EMA Test Acc: 72.78
Loss   2.65 Loss_Lx   2.41 Loss_Lu 0.00318
07:15:09 Epoch 250 Test Acc: 72.46
07:15:11 Epoch 250  EMA Test Acc: 72.7
Loss   2.65 Loss_Lx   2.41 Loss_Lu 0.00317
07:16:57 Epoch 251 Test Acc: 72.89
07:17:00 Epoch 251  EMA Test Acc: 72.7
Loss   2.71 Loss_Lx   2.47 Loss_Lu 0.00322
07:18:46 Epoch 252 Test Acc: 72.61
07:18:49 Epoch 252  EMA Test Acc: 72.61
Loss   2.68 Loss_Lx   2.43 Loss_Lu 0.00323
07:20:35 Epoch 253 Test Acc: 72.57
07:20:37 Epoch 253  EMA Test Acc: 72.83
Loss   2.61 Loss_Lx   2.38 Loss_Lu 0.00316
07:22:24 Epoch 254 Test Acc: 72.68
07:22:26 Epoch 254  EMA Test Acc: 73.12
Loss   2.62 Loss_Lx   2.38 Loss_Lu 0.00318
07:24:12 Epoch 255 Test Acc: 72.73
07:24:15 Epoch 255  EMA Test Acc: 72.51
Loss   2.67 Loss_Lx   2.43 Loss_Lu 0.00318
07:26:00 Epoch 256 Test Acc: 72.58
07:26:03 Epoch 256  EMA Test Acc: 72.98
Loss   2.52 Loss_Lx   2.29 Loss_Lu 0.00302
07:27:48 Epoch 257 Test Acc: 72.74
07:27:51 Epoch 257  EMA Test Acc: 72.61
Loss   2.75 Loss_Lx   2.50 Loss_Lu 0.00328
07:29:36 Epoch 258 Test Acc: 73.07
07:29:39 Epoch 258  EMA Test Acc: 72.68
Loss   2.62 Loss_Lx   2.39 Loss_Lu 0.00312
07:31:25 Epoch 259 Test Acc: 72.95
07:31:28 Epoch 259  EMA Test Acc: 73.0
Loss   2.66 Loss_Lx   2.42 Loss_Lu 0.00322
07:33:13 Epoch 260 Test Acc: 72.88
07:33:15 Epoch 260  EMA Test Acc: 72.79
Loss   2.53 Loss_Lx   2.30 Loss_Lu 0.00304
07:35:01 Epoch 261 Test Acc: 72.73
07:35:04 Epoch 261  EMA Test Acc: 72.73
Loss   2.64 Loss_Lx   2.40 Loss_Lu 0.00315
07:36:52 Epoch 262 Test Acc: 72.75
07:36:54 Epoch 262  EMA Test Acc: 72.81
Loss   2.63 Loss_Lx   2.39 Loss_Lu 0.00319
07:38:40 Epoch 263 Test Acc: 72.71
07:38:42 Epoch 263  EMA Test Acc: 72.73
Loss   2.71 Loss_Lx   2.46 Loss_Lu 0.00329
07:40:28 Epoch 264 Test Acc: 72.89
07:40:31 Epoch 264  EMA Test Acc: 72.59
Loss   2.65 Loss_Lx   2.42 Loss_Lu 0.00316
07:42:17 Epoch 265 Test Acc: 73.05
07:42:20 Epoch 265  EMA Test Acc: 72.99
Loss   2.56 Loss_Lx   2.33 Loss_Lu 0.00307
07:44:06 Epoch 266 Test Acc: 73.0
07:44:09 Epoch 266  EMA Test Acc: 73.12
Loss   2.67 Loss_Lx   2.43 Loss_Lu 0.00318
07:45:56 Epoch 267 Test Acc: 72.83
07:45:58 Epoch 267  EMA Test Acc: 73.04
Loss   2.59 Loss_Lx   2.35 Loss_Lu 0.00310
07:47:46 Epoch 268 Test Acc: 72.85
07:47:49 Epoch 268  EMA Test Acc: 72.87
Loss   2.54 Loss_Lx   2.31 Loss_Lu 0.00304
07:49:35 Epoch 269 Test Acc: 72.91
07:49:37 Epoch 269  EMA Test Acc: 73.01
Loss   2.66 Loss_Lx   2.42 Loss_Lu 0.00320
07:51:24 Epoch 270 Test Acc: 72.66
07:51:27 Epoch 270  EMA Test Acc: 72.87
Loss   2.61 Loss_Lx   2.37 Loss_Lu 0.00314
07:53:13 Epoch 271 Test Acc: 72.64
07:53:15 Epoch 271  EMA Test Acc: 72.77
Loss   2.68 Loss_Lx   2.45 Loss_Lu 0.00316
07:55:02 Epoch 272 Test Acc: 72.68
07:55:04 Epoch 272  EMA Test Acc: 72.69
Loss   2.61 Loss_Lx   2.38 Loss_Lu 0.00315
07:56:50 Epoch 273 Test Acc: 72.94
07:56:53 Epoch 273  EMA Test Acc: 72.87
Loss   2.68 Loss_Lx   2.44 Loss_Lu 0.00320
07:58:40 Epoch 274 Test Acc: 72.9
07:58:42 Epoch 274  EMA Test Acc: 72.87
Loss   2.68 Loss_Lx   2.44 Loss_Lu 0.00318
08:00:28 Epoch 275 Test Acc: 73.04
08:00:31 Epoch 275  EMA Test Acc: 72.87
Loss   2.64 Loss_Lx   2.41 Loss_Lu 0.00310
08:02:16 Epoch 276 Test Acc: 72.79
08:02:19 Epoch 276  EMA Test Acc: 72.88
Loss   2.64 Loss_Lx   2.41 Loss_Lu 0.00310
08:04:06 Epoch 277 Test Acc: 73.18
08:04:08 Epoch 277  EMA Test Acc: 73.12
Loss   2.63 Loss_Lx   2.40 Loss_Lu 0.00312
08:05:54 Epoch 278 Test Acc: 72.9
08:05:56 Epoch 278  EMA Test Acc: 72.87
Loss   2.62 Loss_Lx   2.39 Loss_Lu 0.00315
08:07:42 Epoch 279 Test Acc: 72.8
08:07:44 Epoch 279  EMA Test Acc: 72.98
Loss   2.66 Loss_Lx   2.42 Loss_Lu 0.00319
08:09:30 Epoch 280 Test Acc: 72.73
08:09:32 Epoch 280  EMA Test Acc: 72.91
Loss   2.63 Loss_Lx   2.40 Loss_Lu 0.00310
08:11:18 Epoch 281 Test Acc: 73.21
08:11:21 Epoch 281  EMA Test Acc: 73.07
Loss   2.74 Loss_Lx   2.49 Loss_Lu 0.00326
08:13:07 Epoch 282 Test Acc: 72.9
08:13:09 Epoch 282  EMA Test Acc: 72.91
Loss   2.61 Loss_Lx   2.38 Loss_Lu 0.00306
08:14:55 Epoch 283 Test Acc: 72.82
08:14:57 Epoch 283  EMA Test Acc: 73.08
Loss   2.53 Loss_Lx   2.30 Loss_Lu 0.00304
08:16:44 Epoch 284 Test Acc: 72.79
08:16:47 Epoch 284  EMA Test Acc: 72.85
Loss   2.60 Loss_Lx   2.37 Loss_Lu 0.00312
08:18:34 Epoch 285 Test Acc: 72.8
08:18:36 Epoch 285  EMA Test Acc: 72.66
Loss   2.53 Loss_Lx   2.30 Loss_Lu 0.00300
08:20:22 Epoch 286 Test Acc: 72.97
08:20:24 Epoch 286  EMA Test Acc: 72.76
Loss   2.76 Loss_Lx   2.51 Loss_Lu 0.00328
08:22:10 Epoch 287 Test Acc: 72.82
08:22:13 Epoch 287  EMA Test Acc: 73.06
Loss   2.59 Loss_Lx   2.36 Loss_Lu 0.00309
08:23:58 Epoch 288 Test Acc: 72.47
08:24:01 Epoch 288  EMA Test Acc: 72.47
Loss   2.67 Loss_Lx   2.43 Loss_Lu 0.00321
08:25:47 Epoch 289 Test Acc: 72.71
08:25:50 Epoch 289  EMA Test Acc: 72.83
Loss   2.65 Loss_Lx   2.41 Loss_Lu 0.00315
08:27:37 Epoch 290 Test Acc: 72.63
08:27:39 Epoch 290  EMA Test Acc: 72.54
Loss   2.59 Loss_Lx   2.36 Loss_Lu 0.00307
08:29:24 Epoch 291 Test Acc: 72.71
08:29:27 Epoch 291  EMA Test Acc: 72.32
Loss   2.47 Loss_Lx   2.25 Loss_Lu 0.00293
08:31:13 Epoch 292 Test Acc: 72.84
08:31:16 Epoch 292  EMA Test Acc: 72.8
Loss   2.74 Loss_Lx   2.50 Loss_Lu 0.00323
08:33:01 Epoch 293 Test Acc: 72.6
08:33:04 Epoch 293  EMA Test Acc: 72.58
Loss   2.55 Loss_Lx   2.32 Loss_Lu 0.00307
08:34:49 Epoch 294 Test Acc: 72.87
08:34:52 Epoch 294  EMA Test Acc: 72.77
Loss   2.48 Loss_Lx   2.26 Loss_Lu 0.00292
08:36:37 Epoch 295 Test Acc: 72.69
08:36:40 Epoch 295  EMA Test Acc: 72.94
Loss   2.53 Loss_Lx   2.30 Loss_Lu 0.00298
08:38:26 Epoch 296 Test Acc: 72.39
08:38:29 Epoch 296  EMA Test Acc: 72.6
Loss   2.63 Loss_Lx   2.39 Loss_Lu 0.00315
08:40:14 Epoch 297 Test Acc: 72.52
08:40:16 Epoch 297  EMA Test Acc: 72.5
Loss   2.63 Loss_Lx   2.40 Loss_Lu 0.00311
08:42:01 Epoch 298 Test Acc: 73.06
08:42:04 Epoch 298  EMA Test Acc: 73.18
Loss   2.67 Loss_Lx   2.43 Loss_Lu 0.00316
08:43:50 Epoch 299 Test Acc: 72.53
08:43:53 Epoch 299  EMA Test Acc: 72.36
08:43:53 Best Test Acc: 73.21289825439453
