Mon Jul 11 14:06:17 2022       
+-----------------------------------------------------------------------------+
| NVIDIA-SMI 515.48.07    Driver Version: 515.48.07    CUDA Version: 11.7     |
|-------------------------------+----------------------+----------------------+
| GPU  Name        Persistence-M| Bus-Id        Disp.A | Volatile Uncorr. ECC |
| Fan  Temp  Perf  Pwr:Usage/Cap|         Memory-Usage | GPU-Util  Compute M. |
|                               |                      |               MIG M. |
|===============================+======================+======================|
|   0  NVIDIA A100-SXM...  Off  | 00000000:6B:00.0 Off |                    0 |
| N/A   32C    P0    79W / 400W |      4MiB / 81920MiB |      0%   E. Process |
|                               |                      |             Disabled |
+-------------------------------+----------------------+----------------------+
|   1  NVIDIA A100-SXM...  Off  | 00000000:71:00.0 Off |                    0 |
| N/A   35C    P0    68W / 400W |      4MiB / 81920MiB |      0%   E. Process |
|                               |                      |             Disabled |
+-------------------------------+----------------------+----------------------+
|   2  NVIDIA A100-SXM...  Off  | 00000000:8A:00.0 Off |                    0 |
| N/A   34C    P0    71W / 400W |      4MiB / 81920MiB |      0%   E. Process |
|                               |                      |             Disabled |
+-------------------------------+----------------------+----------------------+
|   3  NVIDIA A100-SXM...  Off  | 00000000:8E:00.0 Off |                    0 |
| N/A   31C    P0    69W / 400W |      4MiB / 81920MiB |      0%   E. Process |
|                               |                      |             Disabled |
+-------------------------------+----------------------+----------------------+
|   4  NVIDIA A100-SXM...  Off  | 00000000:A8:00.0 Off |                    0 |
| N/A   30C    P0    74W / 400W |      4MiB / 81920MiB |      0%   E. Process |
|                               |                      |             Disabled |
+-------------------------------+----------------------+----------------------+
                                                                               
+-----------------------------------------------------------------------------+
| Processes:                                                                  |
|  GPU   GI   CI        PID   Type   Process name                  GPU Memory |
|        ID   ID                                                   Usage      |
|=============================================================================|
|    0   N/A  N/A      3513      G   /usr/lib/xorg/Xorg                  4MiB |
|    1   N/A  N/A      3513      G   /usr/lib/xorg/Xorg                  4MiB |
|    2   N/A  N/A      3513      G   /usr/lib/xorg/Xorg                  4MiB |
|    3   N/A  N/A      3513      G   /usr/lib/xorg/Xorg                  4MiB |
|    4   N/A  N/A      3513      G   /usr/lib/xorg/Xorg                  4MiB |
+-----------------------------------------------------------------------------+
Namespace(PES_lr=0.0001, T=0.5, T1=0, T2=5, alpha=4, batch_size=128, data_path='./data', data_percent=1, dataset='CIFAR10', ema=0.997, lambda_u=0, lr=0.02, noise_type='random_label1', num_epochs=300, optim='cos', seed=5, weight_decay=0.0005)
Files already downloaded and verified
Files already downloaded and verified
Train Epoch: [0][  0/390]	Time   0.11	Data   0.00	Loss   3.88	Acc@1  30.02
14:07:13 Epoch 0 Test Acc: 38.49
14:07:16 Epoch 0  EMA Test Acc: 19.3
Train Epoch: [1][  0/390]	Time   0.10	Data   0.00	Loss   3.25	Acc@1  43.75
14:07:59 Epoch 1 Test Acc: 56.84
14:08:01 Epoch 1  EMA Test Acc: 31.03
Train Epoch: [2][  0/390]	Time   0.10	Data   0.00	Loss   2.86	Acc@1  51.97
14:08:44 Epoch 2 Test Acc: 66.21
14:08:47 Epoch 2  EMA Test Acc: 40.68
Train Epoch: [3][  0/390]	Time   0.10	Data   0.00	Loss   2.65	Acc@1  56.80
14:09:30 Epoch 3 Test Acc: 69.16
14:09:32 Epoch 3  EMA Test Acc: 59.52
Train Epoch: [4][  0/390]	Time   0.10	Data   0.00	Loss   2.47	Acc@1  60.94
14:10:15 Epoch 4 Test Acc: 67.19
14:10:18 Epoch 4  EMA Test Acc: 69.95
Train Epoch: [5][  0/390]	Time   0.10	Data   0.00	Loss   2.37	Acc@1  62.91
14:11:01 Epoch 5 Test Acc: 76.22
14:11:03 Epoch 5  EMA Test Acc: 71.24
Train Epoch: [6][  0/390]	Time   0.10	Data   0.00	Loss   2.28	Acc@1  65.04
14:11:46 Epoch 6 Test Acc: 77.09
14:11:49 Epoch 6  EMA Test Acc: 80.0
Train Epoch: [7][  0/390]	Time   0.10	Data   0.00	Loss   2.20	Acc@1  66.23
14:12:32 Epoch 7 Test Acc: 79.7
14:12:34 Epoch 7  EMA Test Acc: 77.36
Train Epoch: [8][  0/390]	Time   0.10	Data   0.00	Loss   2.15	Acc@1  67.55
14:13:17 Epoch 8 Test Acc: 78.9
14:13:19 Epoch 8  EMA Test Acc: 78.93
Train Epoch: [9][  0/390]	Time   0.10	Data   0.00	Loss   2.10	Acc@1  68.43
14:14:02 Epoch 9 Test Acc: 80.79
14:14:05 Epoch 9  EMA Test Acc: 79.4
Train Epoch: [10][  0/390]	Time   0.10	Data   0.00	Loss   2.06	Acc@1  69.17
14:14:47 Epoch 10 Test Acc: 80.69
14:14:50 Epoch 10  EMA Test Acc: 82.04
Train Epoch: [11][  0/390]	Time   0.10	Data   0.00	Loss   2.03	Acc@1  69.59
14:15:33 Epoch 11 Test Acc: 81.47
14:15:35 Epoch 11  EMA Test Acc: 82.44
Train Epoch: [12][  0/390]	Time   0.10	Data   0.00	Loss   2.00	Acc@1  70.35
14:16:18 Epoch 12 Test Acc: 83.32
14:16:21 Epoch 12  EMA Test Acc: 84.15
Train Epoch: [13][  0/390]	Time   0.10	Data   0.00	Loss   1.98	Acc@1  70.83
14:17:04 Epoch 13 Test Acc: 80.75
14:17:07 Epoch 13  EMA Test Acc: 81.27
Train Epoch: [14][  0/390]	Time   0.10	Data   0.00	Loss   1.95	Acc@1  71.31
14:17:49 Epoch 14 Test Acc: 84.77
14:17:52 Epoch 14  EMA Test Acc: 82.92
Train Epoch: [15][  0/390]	Time   0.10	Data   0.00	Loss   1.92	Acc@1  71.91
14:18:35 Epoch 15 Test Acc: 85.27
14:18:37 Epoch 15  EMA Test Acc: 85.75
Train Epoch: [16][  0/390]	Time   0.10	Data   0.00	Loss   1.90	Acc@1  72.52
14:19:20 Epoch 16 Test Acc: 83.12
14:19:23 Epoch 16  EMA Test Acc: 83.66
Train Epoch: [17][  0/390]	Time   0.10	Data   0.00	Loss   1.88	Acc@1  72.52
14:20:05 Epoch 17 Test Acc: 81.27
14:20:08 Epoch 17  EMA Test Acc: 87.11
Train Epoch: [18][  0/390]	Time   0.10	Data   0.00	Loss   1.87	Acc@1  72.75
14:20:51 Epoch 18 Test Acc: 85.02
14:20:53 Epoch 18  EMA Test Acc: 81.4
Train Epoch: [19][  0/390]	Time   0.10	Data   0.00	Loss   1.85	Acc@1  73.35
14:21:36 Epoch 19 Test Acc: 86.32
14:21:38 Epoch 19  EMA Test Acc: 87.32
re-initalize the final layer
Train Epoch: [0][  0/390]	Time   0.05	Data   0.00	Loss   2.84	Acc@1  72.65
14:21:59 Epoch 0 Test Acc: 87.01
Train Epoch: [1][  0/390]	Time   0.05	Data   0.00	Loss   2.07	Acc@1  74.79
14:22:20 Epoch 1 Test Acc: 87.43
Train Epoch: [2][  0/390]	Time   0.05	Data   0.00	Loss   1.86	Acc@1  74.93
14:22:41 Epoch 2 Test Acc: 87.27
Train Epoch: [3][  0/390]	Time   0.05	Data   0.00	Loss   1.79	Acc@1  74.97
14:23:02 Epoch 3 Test Acc: 87.2
Train Epoch: [4][  0/390]	Time   0.05	Data   0.00	Loss   1.77	Acc@1  74.99
14:23:23 Epoch 4 Test Acc: 87.2
Loss   3.02 Loss_Lx   3.02 Loss_Lu 0.03993
14:25:07 Epoch 20 Test Acc: 86.15
14:25:09 Epoch 20  EMA Test Acc: 80.5
Loss   2.92 Loss_Lx   2.90 Loss_Lu 0.03743
14:26:53 Epoch 21 Test Acc: 86.89
14:26:55 Epoch 21  EMA Test Acc: 81.95
Loss   2.87 Loss_Lx   2.84 Loss_Lu 0.03718
14:28:40 Epoch 22 Test Acc: 87.12
14:28:42 Epoch 22  EMA Test Acc: 81.62
Loss   2.85 Loss_Lx   2.81 Loss_Lu 0.03574
14:30:26 Epoch 23 Test Acc: 86.73
14:30:29 Epoch 23  EMA Test Acc: 83.94
Loss   2.84 Loss_Lx   2.79 Loss_Lu 0.03596
14:32:13 Epoch 24 Test Acc: 87.01
14:32:16 Epoch 24  EMA Test Acc: 82.28
Loss   2.80 Loss_Lx   2.74 Loss_Lu 0.03408
14:34:00 Epoch 25 Test Acc: 86.2
14:34:03 Epoch 25  EMA Test Acc: 82.29
Loss   2.79 Loss_Lx   2.72 Loss_Lu 0.03430
14:35:47 Epoch 26 Test Acc: 86.21
14:35:49 Epoch 26  EMA Test Acc: 81.4
Loss   2.80 Loss_Lx   2.72 Loss_Lu 0.03409
14:37:34 Epoch 27 Test Acc: 86.53
14:37:36 Epoch 27  EMA Test Acc: 87.0
Loss   2.75 Loss_Lx   2.66 Loss_Lu 0.03334
14:39:20 Epoch 28 Test Acc: 85.52
14:39:23 Epoch 28  EMA Test Acc: 85.08
Loss   2.75 Loss_Lx   2.65 Loss_Lu 0.03343
14:41:07 Epoch 29 Test Acc: 87.37
14:41:10 Epoch 29  EMA Test Acc: 86.81
Loss   2.77 Loss_Lx   2.66 Loss_Lu 0.03299
14:42:54 Epoch 30 Test Acc: 88.23
14:42:56 Epoch 30  EMA Test Acc: 86.95
Loss   2.77 Loss_Lx   2.65 Loss_Lu 0.03272
14:44:41 Epoch 31 Test Acc: 88.33
14:44:43 Epoch 31  EMA Test Acc: 88.54
Loss   2.76 Loss_Lx   2.64 Loss_Lu 0.03277
14:46:28 Epoch 32 Test Acc: 88.07
14:46:31 Epoch 32  EMA Test Acc: 88.18
Loss   2.74 Loss_Lx   2.61 Loss_Lu 0.03227
14:48:15 Epoch 33 Test Acc: 87.89
14:48:18 Epoch 33  EMA Test Acc: 86.82
Loss   2.74 Loss_Lx   2.59 Loss_Lu 0.03235
14:50:02 Epoch 34 Test Acc: 88.64
14:50:04 Epoch 34  EMA Test Acc: 85.91
Loss   2.76 Loss_Lx   2.60 Loss_Lu 0.03213
14:51:49 Epoch 35 Test Acc: 88.55
14:51:52 Epoch 35  EMA Test Acc: 87.92
Loss   2.74 Loss_Lx   2.58 Loss_Lu 0.03198
14:53:36 Epoch 36 Test Acc: 88.17
14:53:39 Epoch 36  EMA Test Acc: 87.8
Loss   2.70 Loss_Lx   2.54 Loss_Lu 0.03198
14:55:23 Epoch 37 Test Acc: 87.29
14:55:26 Epoch 37  EMA Test Acc: 87.59
Loss   2.73 Loss_Lx   2.57 Loss_Lu 0.03198
14:57:11 Epoch 38 Test Acc: 88.8
14:57:13 Epoch 38  EMA Test Acc: 88.13
Loss   2.68 Loss_Lx   2.52 Loss_Lu 0.03181
14:58:58 Epoch 39 Test Acc: 89.38
14:59:01 Epoch 39  EMA Test Acc: 87.71
Loss   2.69 Loss_Lx   2.53 Loss_Lu 0.03191
15:00:46 Epoch 40 Test Acc: 89.36
15:00:49 Epoch 40  EMA Test Acc: 86.78
Loss   2.69 Loss_Lx   2.53 Loss_Lu 0.03221
15:02:34 Epoch 41 Test Acc: 89.21
15:02:36 Epoch 41  EMA Test Acc: 89.95
Loss   2.66 Loss_Lx   2.50 Loss_Lu 0.03171
15:04:21 Epoch 42 Test Acc: 89.8
15:04:24 Epoch 42  EMA Test Acc: 88.9
Loss   2.66 Loss_Lx   2.50 Loss_Lu 0.03211
15:06:09 Epoch 43 Test Acc: 90.41
15:06:11 Epoch 43  EMA Test Acc: 90.66
Loss   2.68 Loss_Lx   2.52 Loss_Lu 0.03194
15:07:57 Epoch 44 Test Acc: 89.78
15:08:00 Epoch 44  EMA Test Acc: 91.37
Loss   2.65 Loss_Lx   2.49 Loss_Lu 0.03208
15:09:45 Epoch 45 Test Acc: 90.37
15:09:47 Epoch 45  EMA Test Acc: 90.26
Loss   2.62 Loss_Lx   2.46 Loss_Lu 0.03135
15:11:32 Epoch 46 Test Acc: 90.33
15:11:35 Epoch 46  EMA Test Acc: 90.29
Loss   2.62 Loss_Lx   2.46 Loss_Lu 0.03170
15:13:20 Epoch 47 Test Acc: 90.11
15:13:22 Epoch 47  EMA Test Acc: 91.49
Loss   2.64 Loss_Lx   2.48 Loss_Lu 0.03172
15:15:07 Epoch 48 Test Acc: 90.18
15:15:10 Epoch 48  EMA Test Acc: 91.1
Loss   2.62 Loss_Lx   2.46 Loss_Lu 0.03180
15:16:54 Epoch 49 Test Acc: 90.83
15:16:57 Epoch 49  EMA Test Acc: 91.57
Loss   2.59 Loss_Lx   2.44 Loss_Lu 0.03143
15:18:42 Epoch 50 Test Acc: 90.3
15:18:44 Epoch 50  EMA Test Acc: 91.25
Loss   2.61 Loss_Lx   2.46 Loss_Lu 0.03178
15:20:30 Epoch 51 Test Acc: 90.16
15:20:33 Epoch 51  EMA Test Acc: 91.57
Loss   2.60 Loss_Lx   2.44 Loss_Lu 0.03144
15:22:19 Epoch 52 Test Acc: 90.19
15:22:22 Epoch 52  EMA Test Acc: 92.07
Loss   2.59 Loss_Lx   2.44 Loss_Lu 0.03125
15:24:07 Epoch 53 Test Acc: 91.39
15:24:10 Epoch 53  EMA Test Acc: 91.28
Loss   2.59 Loss_Lx   2.43 Loss_Lu 0.03158
15:25:55 Epoch 54 Test Acc: 90.88
15:25:58 Epoch 54  EMA Test Acc: 92.18
Loss   2.60 Loss_Lx   2.44 Loss_Lu 0.03129
15:27:44 Epoch 55 Test Acc: 91.13
15:27:47 Epoch 55  EMA Test Acc: 89.74
Loss   2.56 Loss_Lx   2.40 Loss_Lu 0.03103
15:29:33 Epoch 56 Test Acc: 91.1
15:29:36 Epoch 56  EMA Test Acc: 91.8
Loss   2.57 Loss_Lx   2.41 Loss_Lu 0.03108
15:31:22 Epoch 57 Test Acc: 91.11
15:31:24 Epoch 57  EMA Test Acc: 91.34
Loss   2.57 Loss_Lx   2.41 Loss_Lu 0.03151
15:33:10 Epoch 58 Test Acc: 91.15
15:33:12 Epoch 58  EMA Test Acc: 90.57
Loss   2.56 Loss_Lx   2.40 Loss_Lu 0.03114
15:34:58 Epoch 59 Test Acc: 91.61
15:35:01 Epoch 59  EMA Test Acc: 91.89
Loss   2.53 Loss_Lx   2.38 Loss_Lu 0.03103
15:36:47 Epoch 60 Test Acc: 91.16
15:36:50 Epoch 60  EMA Test Acc: 92.54
Loss   2.56 Loss_Lx   2.41 Loss_Lu 0.03104
15:38:35 Epoch 61 Test Acc: 90.6
15:38:38 Epoch 61  EMA Test Acc: 92.0
Loss   2.57 Loss_Lx   2.41 Loss_Lu 0.03143
15:40:24 Epoch 62 Test Acc: 90.58
15:40:27 Epoch 62  EMA Test Acc: 91.85
Loss   2.54 Loss_Lx   2.38 Loss_Lu 0.03109
15:42:13 Epoch 63 Test Acc: 90.93
15:42:16 Epoch 63  EMA Test Acc: 91.35
Loss   2.54 Loss_Lx   2.38 Loss_Lu 0.03111
15:44:02 Epoch 64 Test Acc: 90.52
15:44:05 Epoch 64  EMA Test Acc: 91.73
Loss   2.54 Loss_Lx   2.38 Loss_Lu 0.03121
15:45:51 Epoch 65 Test Acc: 90.53
15:45:53 Epoch 65  EMA Test Acc: 92.32
Loss   2.51 Loss_Lx   2.36 Loss_Lu 0.03080
15:47:40 Epoch 66 Test Acc: 91.58
15:47:42 Epoch 66  EMA Test Acc: 92.01
Loss   2.51 Loss_Lx   2.36 Loss_Lu 0.03089
15:49:28 Epoch 67 Test Acc: 91.76
15:49:31 Epoch 67  EMA Test Acc: 92.23
Loss   2.53 Loss_Lx   2.37 Loss_Lu 0.03093
15:51:16 Epoch 68 Test Acc: 90.97
15:51:19 Epoch 68  EMA Test Acc: 92.11
Loss   2.52 Loss_Lx   2.36 Loss_Lu 0.03097
15:53:05 Epoch 69 Test Acc: 91.21
15:53:08 Epoch 69  EMA Test Acc: 91.74
Loss   2.51 Loss_Lx   2.36 Loss_Lu 0.03058
15:54:53 Epoch 70 Test Acc: 91.28
15:54:56 Epoch 70  EMA Test Acc: 91.96
Loss   2.50 Loss_Lx   2.35 Loss_Lu 0.03090
15:56:41 Epoch 71 Test Acc: 90.98
15:56:44 Epoch 71  EMA Test Acc: 92.72
Loss   2.50 Loss_Lx   2.34 Loss_Lu 0.03123
15:58:30 Epoch 72 Test Acc: 92.14
15:58:33 Epoch 72  EMA Test Acc: 92.07
Loss   2.51 Loss_Lx   2.35 Loss_Lu 0.03074
16:00:18 Epoch 73 Test Acc: 92.16
16:00:21 Epoch 73  EMA Test Acc: 92.35
Loss   2.50 Loss_Lx   2.34 Loss_Lu 0.03088
16:02:07 Epoch 74 Test Acc: 91.58
16:02:09 Epoch 74  EMA Test Acc: 92.59
Loss   2.50 Loss_Lx   2.35 Loss_Lu 0.03057
16:03:55 Epoch 75 Test Acc: 91.71
16:03:58 Epoch 75  EMA Test Acc: 93.24
Loss   2.49 Loss_Lx   2.34 Loss_Lu 0.03051
16:05:44 Epoch 76 Test Acc: 92.03
16:05:47 Epoch 76  EMA Test Acc: 91.11
Loss   2.48 Loss_Lx   2.33 Loss_Lu 0.03033
16:07:33 Epoch 77 Test Acc: 92.6
16:07:36 Epoch 77  EMA Test Acc: 92.97
Loss   2.46 Loss_Lx   2.31 Loss_Lu 0.03047
16:09:21 Epoch 78 Test Acc: 91.57
16:09:24 Epoch 78  EMA Test Acc: 93.46
Loss   2.48 Loss_Lx   2.32 Loss_Lu 0.03050
16:11:09 Epoch 79 Test Acc: 92.06
16:11:12 Epoch 79  EMA Test Acc: 92.94
Loss   2.50 Loss_Lx   2.34 Loss_Lu 0.03053
16:12:58 Epoch 80 Test Acc: 92.37
16:13:01 Epoch 80  EMA Test Acc: 93.06
Loss   2.49 Loss_Lx   2.33 Loss_Lu 0.03039
16:14:46 Epoch 81 Test Acc: 92.74
16:14:49 Epoch 81  EMA Test Acc: 92.85
Loss   2.45 Loss_Lx   2.30 Loss_Lu 0.03054
16:16:35 Epoch 82 Test Acc: 92.66
16:16:38 Epoch 82  EMA Test Acc: 93.17
Loss   2.44 Loss_Lx   2.29 Loss_Lu 0.03017
16:18:23 Epoch 83 Test Acc: 91.73
16:18:26 Epoch 83  EMA Test Acc: 92.99
Loss   2.46 Loss_Lx   2.31 Loss_Lu 0.03048
16:20:12 Epoch 84 Test Acc: 91.2
16:20:14 Epoch 84  EMA Test Acc: 92.46
Loss   2.44 Loss_Lx   2.29 Loss_Lu 0.03037
16:22:00 Epoch 85 Test Acc: 92.65
16:22:02 Epoch 85  EMA Test Acc: 93.13
Loss   2.45 Loss_Lx   2.30 Loss_Lu 0.03020
16:23:48 Epoch 86 Test Acc: 91.94
16:23:51 Epoch 86  EMA Test Acc: 92.46
Loss   2.46 Loss_Lx   2.31 Loss_Lu 0.03061
16:25:37 Epoch 87 Test Acc: 91.95
16:25:39 Epoch 87  EMA Test Acc: 93.7
Loss   2.43 Loss_Lx   2.28 Loss_Lu 0.02984
16:27:25 Epoch 88 Test Acc: 91.9
16:27:28 Epoch 88  EMA Test Acc: 93.11
Loss   2.44 Loss_Lx   2.28 Loss_Lu 0.03016
16:29:13 Epoch 89 Test Acc: 91.99
16:29:15 Epoch 89  EMA Test Acc: 92.91
Loss   2.42 Loss_Lx   2.27 Loss_Lu 0.03019
16:31:01 Epoch 90 Test Acc: 92.32
16:31:04 Epoch 90  EMA Test Acc: 93.6
Loss   2.42 Loss_Lx   2.26 Loss_Lu 0.03019
16:32:49 Epoch 91 Test Acc: 92.85
16:32:52 Epoch 91  EMA Test Acc: 93.85
Loss   2.43 Loss_Lx   2.28 Loss_Lu 0.02986
16:34:37 Epoch 92 Test Acc: 92.63
16:34:40 Epoch 92  EMA Test Acc: 93.44
Loss   2.42 Loss_Lx   2.27 Loss_Lu 0.02989
16:36:25 Epoch 93 Test Acc: 92.66
16:36:28 Epoch 93  EMA Test Acc: 93.14
Loss   2.44 Loss_Lx   2.29 Loss_Lu 0.03010
16:38:13 Epoch 94 Test Acc: 92.69
16:38:16 Epoch 94  EMA Test Acc: 92.97
Loss   2.41 Loss_Lx   2.25 Loss_Lu 0.03041
16:40:02 Epoch 95 Test Acc: 92.79
16:40:04 Epoch 95  EMA Test Acc: 92.7
Loss   2.40 Loss_Lx   2.25 Loss_Lu 0.02981
16:41:50 Epoch 96 Test Acc: 92.19
16:41:53 Epoch 96  EMA Test Acc: 92.86
Loss   2.40 Loss_Lx   2.25 Loss_Lu 0.03001
16:43:38 Epoch 97 Test Acc: 91.88
16:43:41 Epoch 97  EMA Test Acc: 92.32
Loss   2.42 Loss_Lx   2.27 Loss_Lu 0.03022
16:45:27 Epoch 98 Test Acc: 92.64
16:45:29 Epoch 98  EMA Test Acc: 92.51
Loss   2.44 Loss_Lx   2.29 Loss_Lu 0.03050
16:47:15 Epoch 99 Test Acc: 92.86
16:47:17 Epoch 99  EMA Test Acc: 92.55
Loss   2.44 Loss_Lx   2.29 Loss_Lu 0.03035
16:49:02 Epoch 100 Test Acc: 91.84
16:49:05 Epoch 100  EMA Test Acc: 93.64
Loss   2.40 Loss_Lx   2.25 Loss_Lu 0.02961
16:50:51 Epoch 101 Test Acc: 91.56
16:50:54 Epoch 101  EMA Test Acc: 93.74
Loss   2.39 Loss_Lx   2.24 Loss_Lu 0.02967
16:52:39 Epoch 102 Test Acc: 93.1
16:52:42 Epoch 102  EMA Test Acc: 93.9
Loss   2.40 Loss_Lx   2.25 Loss_Lu 0.02981
16:54:27 Epoch 103 Test Acc: 93.19
16:54:30 Epoch 103  EMA Test Acc: 92.44
Loss   2.39 Loss_Lx   2.24 Loss_Lu 0.02982
16:56:15 Epoch 104 Test Acc: 93.27
16:56:18 Epoch 104  EMA Test Acc: 93.53
Loss   2.39 Loss_Lx   2.24 Loss_Lu 0.02961
16:58:03 Epoch 105 Test Acc: 93.18
16:58:05 Epoch 105  EMA Test Acc: 93.68
Loss   2.36 Loss_Lx   2.22 Loss_Lu 0.02923
16:59:51 Epoch 106 Test Acc: 92.86
16:59:53 Epoch 106  EMA Test Acc: 93.69
Loss   2.37 Loss_Lx   2.22 Loss_Lu 0.02943
17:01:39 Epoch 107 Test Acc: 91.62
17:01:41 Epoch 107  EMA Test Acc: 93.54
Loss   2.38 Loss_Lx   2.23 Loss_Lu 0.02926
17:03:27 Epoch 108 Test Acc: 92.6
17:03:29 Epoch 108  EMA Test Acc: 92.66
Loss   2.38 Loss_Lx   2.23 Loss_Lu 0.02948
17:05:15 Epoch 109 Test Acc: 92.51
17:05:18 Epoch 109  EMA Test Acc: 94.2
Loss   2.36 Loss_Lx   2.22 Loss_Lu 0.02896
17:07:03 Epoch 110 Test Acc: 92.91
17:07:06 Epoch 110  EMA Test Acc: 93.38
Loss   2.36 Loss_Lx   2.21 Loss_Lu 0.02903
17:08:51 Epoch 111 Test Acc: 92.46
17:08:53 Epoch 111  EMA Test Acc: 92.69
Loss   2.37 Loss_Lx   2.22 Loss_Lu 0.02963
17:10:39 Epoch 112 Test Acc: 92.37
17:10:41 Epoch 112  EMA Test Acc: 93.63
Loss   2.35 Loss_Lx   2.20 Loss_Lu 0.02912
17:12:27 Epoch 113 Test Acc: 93.27
17:12:29 Epoch 113  EMA Test Acc: 93.95
Loss   2.34 Loss_Lx   2.19 Loss_Lu 0.02920
17:14:15 Epoch 114 Test Acc: 93.21
17:14:17 Epoch 114  EMA Test Acc: 94.06
Loss   2.34 Loss_Lx   2.20 Loss_Lu 0.02883
17:16:03 Epoch 115 Test Acc: 93.28
17:16:05 Epoch 115  EMA Test Acc: 93.98
Loss   2.36 Loss_Lx   2.22 Loss_Lu 0.02912
17:17:51 Epoch 116 Test Acc: 92.99
17:17:53 Epoch 116  EMA Test Acc: 93.63
Loss   2.35 Loss_Lx   2.21 Loss_Lu 0.02886
17:19:39 Epoch 117 Test Acc: 92.96
17:19:42 Epoch 117  EMA Test Acc: 93.8
Loss   2.37 Loss_Lx   2.22 Loss_Lu 0.02965
17:21:28 Epoch 118 Test Acc: 93.39
17:21:31 Epoch 118  EMA Test Acc: 93.84
Loss   2.38 Loss_Lx   2.23 Loss_Lu 0.02933
17:23:15 Epoch 119 Test Acc: 93.07
17:23:18 Epoch 119  EMA Test Acc: 94.3
Loss   2.37 Loss_Lx   2.22 Loss_Lu 0.02947
17:25:03 Epoch 120 Test Acc: 93.1
17:25:06 Epoch 120  EMA Test Acc: 92.71
Loss   2.35 Loss_Lx   2.21 Loss_Lu 0.02918
17:26:51 Epoch 121 Test Acc: 93.01
17:26:54 Epoch 121  EMA Test Acc: 93.85
Loss   2.32 Loss_Lx   2.18 Loss_Lu 0.02850
17:28:39 Epoch 122 Test Acc: 93.25
17:28:42 Epoch 122  EMA Test Acc: 93.67
Loss   2.36 Loss_Lx   2.21 Loss_Lu 0.02935
17:30:27 Epoch 123 Test Acc: 93.14
17:30:30 Epoch 123  EMA Test Acc: 93.79
Loss   2.30 Loss_Lx   2.16 Loss_Lu 0.02836
17:32:16 Epoch 124 Test Acc: 93.39
17:32:18 Epoch 124  EMA Test Acc: 93.55
Loss   2.33 Loss_Lx   2.19 Loss_Lu 0.02873
17:34:04 Epoch 125 Test Acc: 93.79
17:34:07 Epoch 125  EMA Test Acc: 94.42
Loss   2.34 Loss_Lx   2.20 Loss_Lu 0.02864
17:35:52 Epoch 126 Test Acc: 93.62
17:35:54 Epoch 126  EMA Test Acc: 93.92
Loss   2.30 Loss_Lx   2.16 Loss_Lu 0.02831
17:37:40 Epoch 127 Test Acc: 93.05
17:37:43 Epoch 127  EMA Test Acc: 94.0
Loss   2.32 Loss_Lx   2.17 Loss_Lu 0.02833
17:39:27 Epoch 128 Test Acc: 93.75
17:39:30 Epoch 128  EMA Test Acc: 93.13
Loss   2.29 Loss_Lx   2.15 Loss_Lu 0.02851
17:41:15 Epoch 129 Test Acc: 93.37
17:41:18 Epoch 129  EMA Test Acc: 93.91
Loss   2.32 Loss_Lx   2.18 Loss_Lu 0.02830
17:43:03 Epoch 130 Test Acc: 93.29
17:43:05 Epoch 130  EMA Test Acc: 93.86
Loss   2.30 Loss_Lx   2.16 Loss_Lu 0.02832
17:44:51 Epoch 131 Test Acc: 93.72
17:44:53 Epoch 131  EMA Test Acc: 93.67
Loss   2.30 Loss_Lx   2.16 Loss_Lu 0.02840
17:46:39 Epoch 132 Test Acc: 93.36
17:46:41 Epoch 132  EMA Test Acc: 93.79
Loss   2.32 Loss_Lx   2.18 Loss_Lu 0.02869
17:48:27 Epoch 133 Test Acc: 92.64
17:48:29 Epoch 133  EMA Test Acc: 93.7
Loss   2.33 Loss_Lx   2.19 Loss_Lu 0.02875
17:50:14 Epoch 134 Test Acc: 93.72
17:50:17 Epoch 134  EMA Test Acc: 94.4
Loss   2.28 Loss_Lx   2.14 Loss_Lu 0.02777
17:52:03 Epoch 135 Test Acc: 94.28
17:52:05 Epoch 135  EMA Test Acc: 93.97
Loss   2.29 Loss_Lx   2.15 Loss_Lu 0.02806
17:53:51 Epoch 136 Test Acc: 93.46
17:53:54 Epoch 136  EMA Test Acc: 93.58
Loss   2.30 Loss_Lx   2.16 Loss_Lu 0.02848
17:55:40 Epoch 137 Test Acc: 93.55
17:55:42 Epoch 137  EMA Test Acc: 93.8
Loss   2.30 Loss_Lx   2.16 Loss_Lu 0.02822
17:57:27 Epoch 138 Test Acc: 94.06
17:57:30 Epoch 138  EMA Test Acc: 94.76
Loss   2.26 Loss_Lx   2.12 Loss_Lu 0.02747
17:59:16 Epoch 139 Test Acc: 93.0
17:59:19 Epoch 139  EMA Test Acc: 94.12
Loss   2.30 Loss_Lx   2.16 Loss_Lu 0.02813
18:01:05 Epoch 140 Test Acc: 93.88
18:01:08 Epoch 140  EMA Test Acc: 94.19
Loss   2.28 Loss_Lx   2.14 Loss_Lu 0.02786
18:02:54 Epoch 141 Test Acc: 93.29
18:02:57 Epoch 141  EMA Test Acc: 94.5
Loss   2.27 Loss_Lx   2.13 Loss_Lu 0.02804
18:04:43 Epoch 142 Test Acc: 93.48
18:04:45 Epoch 142  EMA Test Acc: 94.16
Loss   2.26 Loss_Lx   2.12 Loss_Lu 0.02761
18:06:31 Epoch 143 Test Acc: 93.31
18:06:34 Epoch 143  EMA Test Acc: 94.64
Loss   2.26 Loss_Lx   2.12 Loss_Lu 0.02738
18:08:20 Epoch 144 Test Acc: 93.51
18:08:22 Epoch 144  EMA Test Acc: 94.38
Loss   2.27 Loss_Lx   2.13 Loss_Lu 0.02801
18:10:08 Epoch 145 Test Acc: 94.17
18:10:11 Epoch 145  EMA Test Acc: 94.18
Loss   2.27 Loss_Lx   2.13 Loss_Lu 0.02837
18:11:57 Epoch 146 Test Acc: 93.88
18:12:00 Epoch 146  EMA Test Acc: 94.68
Loss   2.27 Loss_Lx   2.13 Loss_Lu 0.02758
18:13:45 Epoch 147 Test Acc: 93.28
18:13:48 Epoch 147  EMA Test Acc: 94.83
Loss   2.26 Loss_Lx   2.12 Loss_Lu 0.02763
18:15:34 Epoch 148 Test Acc: 93.77
18:15:37 Epoch 148  EMA Test Acc: 94.38
Loss   2.27 Loss_Lx   2.13 Loss_Lu 0.02796
18:17:23 Epoch 149 Test Acc: 93.82
18:17:25 Epoch 149  EMA Test Acc: 94.73
Loss   1.75 Loss_Lx   1.64 Loss_Lu 0.02272
18:19:11 Epoch 150 Test Acc: 94.36
18:19:14 Epoch 150  EMA Test Acc: 94.09
Loss   1.73 Loss_Lx   1.61 Loss_Lu 0.02256
18:21:00 Epoch 151 Test Acc: 93.29
18:21:03 Epoch 151  EMA Test Acc: 94.36
Loss   1.69 Loss_Lx   1.58 Loss_Lu 0.02245
18:22:49 Epoch 152 Test Acc: 93.92
18:22:51 Epoch 152  EMA Test Acc: 93.54
Loss   1.74 Loss_Lx   1.62 Loss_Lu 0.02282
18:24:37 Epoch 153 Test Acc: 94.08
18:24:40 Epoch 153  EMA Test Acc: 94.63
Loss   1.68 Loss_Lx   1.57 Loss_Lu 0.02201
18:26:26 Epoch 154 Test Acc: 93.64
18:26:29 Epoch 154  EMA Test Acc: 93.8
Loss   1.77 Loss_Lx   1.65 Loss_Lu 0.02297
18:28:15 Epoch 155 Test Acc: 93.94
18:28:17 Epoch 155  EMA Test Acc: 94.21
Loss   1.68 Loss_Lx   1.57 Loss_Lu 0.02186
18:30:03 Epoch 156 Test Acc: 93.5
18:30:06 Epoch 156  EMA Test Acc: 94.41
Loss   1.71 Loss_Lx   1.60 Loss_Lu 0.02255
18:31:51 Epoch 157 Test Acc: 93.77
18:31:54 Epoch 157  EMA Test Acc: 93.5
Loss   1.68 Loss_Lx   1.57 Loss_Lu 0.02258
18:33:40 Epoch 158 Test Acc: 93.2
18:33:43 Epoch 158  EMA Test Acc: 94.14
Loss   1.66 Loss_Lx   1.55 Loss_Lu 0.02201
18:35:28 Epoch 159 Test Acc: 93.84
18:35:31 Epoch 159  EMA Test Acc: 94.41
Loss   1.72 Loss_Lx   1.61 Loss_Lu 0.02290
18:37:17 Epoch 160 Test Acc: 94.24
18:37:19 Epoch 160  EMA Test Acc: 94.59
Loss   1.68 Loss_Lx   1.57 Loss_Lu 0.02198
18:39:05 Epoch 161 Test Acc: 93.91
18:39:08 Epoch 161  EMA Test Acc: 95.02
Loss   1.66 Loss_Lx   1.55 Loss_Lu 0.02142
18:40:54 Epoch 162 Test Acc: 94.16
18:40:57 Epoch 162  EMA Test Acc: 94.76
Loss   1.71 Loss_Lx   1.60 Loss_Lu 0.02179
18:42:42 Epoch 163 Test Acc: 94.3
18:42:45 Epoch 163  EMA Test Acc: 94.76
Loss   1.62 Loss_Lx   1.52 Loss_Lu 0.02129
18:44:31 Epoch 164 Test Acc: 93.4
18:44:33 Epoch 164  EMA Test Acc: 95.11
Loss   1.68 Loss_Lx   1.57 Loss_Lu 0.02140
18:46:19 Epoch 165 Test Acc: 94.08
18:46:22 Epoch 165  EMA Test Acc: 94.34
Loss   1.72 Loss_Lx   1.61 Loss_Lu 0.02192
18:48:08 Epoch 166 Test Acc: 93.92
18:48:10 Epoch 166  EMA Test Acc: 95.05
Loss   1.66 Loss_Lx   1.55 Loss_Lu 0.02155
18:49:56 Epoch 167 Test Acc: 93.53
18:49:59 Epoch 167  EMA Test Acc: 94.3
Loss   1.62 Loss_Lx   1.52 Loss_Lu 0.02109
18:51:45 Epoch 168 Test Acc: 94.36
18:51:48 Epoch 168  EMA Test Acc: 94.42
Loss   1.63 Loss_Lx   1.53 Loss_Lu 0.02050
18:53:33 Epoch 169 Test Acc: 94.1
18:53:36 Epoch 169  EMA Test Acc: 94.25
Loss   1.64 Loss_Lx   1.53 Loss_Lu 0.02116
18:55:22 Epoch 170 Test Acc: 94.38
18:55:25 Epoch 170  EMA Test Acc: 94.97
Loss   1.70 Loss_Lx   1.59 Loss_Lu 0.02206
18:57:10 Epoch 171 Test Acc: 93.63
18:57:13 Epoch 171  EMA Test Acc: 95.2
Loss   1.62 Loss_Lx   1.52 Loss_Lu 0.02053
18:58:59 Epoch 172 Test Acc: 94.43
18:59:02 Epoch 172  EMA Test Acc: 95.11
Loss   1.68 Loss_Lx   1.57 Loss_Lu 0.02112
19:00:48 Epoch 173 Test Acc: 94.27
19:00:50 Epoch 173  EMA Test Acc: 94.99
Loss   1.61 Loss_Lx   1.51 Loss_Lu 0.02021
19:02:36 Epoch 174 Test Acc: 94.13
19:02:39 Epoch 174  EMA Test Acc: 94.68
Loss   1.67 Loss_Lx   1.56 Loss_Lu 0.02132
19:04:25 Epoch 175 Test Acc: 94.68
19:04:27 Epoch 175  EMA Test Acc: 95.21
Loss   1.63 Loss_Lx   1.53 Loss_Lu 0.02003
19:06:13 Epoch 176 Test Acc: 94.09
19:06:16 Epoch 176  EMA Test Acc: 94.72
Loss   1.67 Loss_Lx   1.57 Loss_Lu 0.02060
19:08:01 Epoch 177 Test Acc: 94.48
19:08:04 Epoch 177  EMA Test Acc: 94.96
Loss   1.67 Loss_Lx   1.56 Loss_Lu 0.02124
19:09:50 Epoch 178 Test Acc: 93.87
19:09:53 Epoch 178  EMA Test Acc: 94.36
Loss   1.63 Loss_Lx   1.52 Loss_Lu 0.02043
19:11:38 Epoch 179 Test Acc: 94.25
19:11:41 Epoch 179  EMA Test Acc: 94.78
Loss   1.61 Loss_Lx   1.51 Loss_Lu 0.01977
19:13:27 Epoch 180 Test Acc: 94.49
19:13:29 Epoch 180  EMA Test Acc: 94.96
Loss   1.63 Loss_Lx   1.53 Loss_Lu 0.01992
19:15:14 Epoch 181 Test Acc: 94.15
19:15:17 Epoch 181  EMA Test Acc: 94.89
Loss   1.68 Loss_Lx   1.58 Loss_Lu 0.02049
19:17:02 Epoch 182 Test Acc: 94.27
19:17:05 Epoch 182  EMA Test Acc: 95.06
Loss   1.60 Loss_Lx   1.50 Loss_Lu 0.01985
19:18:51 Epoch 183 Test Acc: 94.07
19:18:54 Epoch 183  EMA Test Acc: 94.65
Loss   1.66 Loss_Lx   1.56 Loss_Lu 0.02037
19:20:40 Epoch 184 Test Acc: 94.35
19:20:43 Epoch 184  EMA Test Acc: 94.48
Loss   1.68 Loss_Lx   1.58 Loss_Lu 0.02070
19:22:29 Epoch 185 Test Acc: 93.91
19:22:31 Epoch 185  EMA Test Acc: 94.76
Loss   1.63 Loss_Lx   1.53 Loss_Lu 0.01993
19:24:17 Epoch 186 Test Acc: 94.21
19:24:20 Epoch 186  EMA Test Acc: 94.85
Loss   1.57 Loss_Lx   1.47 Loss_Lu 0.01916
19:26:06 Epoch 187 Test Acc: 94.13
19:26:09 Epoch 187  EMA Test Acc: 95.08
Loss   1.62 Loss_Lx   1.52 Loss_Lu 0.01957
19:27:54 Epoch 188 Test Acc: 94.82
19:27:57 Epoch 188  EMA Test Acc: 94.89
Loss   1.48 Loss_Lx   1.39 Loss_Lu 0.01800
19:29:44 Epoch 189 Test Acc: 94.27
19:29:46 Epoch 189  EMA Test Acc: 95.25
Loss   1.57 Loss_Lx   1.47 Loss_Lu 0.01920
19:31:33 Epoch 190 Test Acc: 94.59
19:31:36 Epoch 190  EMA Test Acc: 94.92
Loss   1.65 Loss_Lx   1.55 Loss_Lu 0.02039
19:33:22 Epoch 191 Test Acc: 94.07
19:33:24 Epoch 191  EMA Test Acc: 94.46
Loss   1.58 Loss_Lx   1.49 Loss_Lu 0.01867
19:35:10 Epoch 192 Test Acc: 94.28
19:35:13 Epoch 192  EMA Test Acc: 94.84
Loss   1.60 Loss_Lx   1.51 Loss_Lu 0.01940
19:36:59 Epoch 193 Test Acc: 94.15
19:37:02 Epoch 193  EMA Test Acc: 95.07
Loss   1.55 Loss_Lx   1.46 Loss_Lu 0.01839
19:38:48 Epoch 194 Test Acc: 94.89
19:38:51 Epoch 194  EMA Test Acc: 94.52
Loss   1.61 Loss_Lx   1.51 Loss_Lu 0.01989
19:40:37 Epoch 195 Test Acc: 94.37
19:40:40 Epoch 195  EMA Test Acc: 94.72
Loss   1.56 Loss_Lx   1.47 Loss_Lu 0.01875
19:42:26 Epoch 196 Test Acc: 94.27
19:42:28 Epoch 196  EMA Test Acc: 95.21
Loss   1.62 Loss_Lx   1.52 Loss_Lu 0.01925
19:44:14 Epoch 197 Test Acc: 94.76
19:44:17 Epoch 197  EMA Test Acc: 95.18
Loss   1.55 Loss_Lx   1.46 Loss_Lu 0.01854
19:46:03 Epoch 198 Test Acc: 94.57
19:46:06 Epoch 198  EMA Test Acc: 95.21
Loss   1.56 Loss_Lx   1.47 Loss_Lu 0.01895
19:47:52 Epoch 199 Test Acc: 94.54
19:47:54 Epoch 199  EMA Test Acc: 95.28
Loss   1.56 Loss_Lx   1.46 Loss_Lu 0.01866
19:49:41 Epoch 200 Test Acc: 94.67
19:49:43 Epoch 200  EMA Test Acc: 94.81
Loss   1.50 Loss_Lx   1.42 Loss_Lu 0.01707
19:51:30 Epoch 201 Test Acc: 94.94
19:51:32 Epoch 201  EMA Test Acc: 94.57
Loss   1.53 Loss_Lx   1.44 Loss_Lu 0.01817
19:53:18 Epoch 202 Test Acc: 94.5
19:53:21 Epoch 202  EMA Test Acc: 94.68
Loss   1.59 Loss_Lx   1.50 Loss_Lu 0.01928
19:55:07 Epoch 203 Test Acc: 94.54
19:55:10 Epoch 203  EMA Test Acc: 95.57
Loss   1.52 Loss_Lx   1.43 Loss_Lu 0.01765
19:56:56 Epoch 204 Test Acc: 94.74
19:56:59 Epoch 204  EMA Test Acc: 94.82
Loss   1.57 Loss_Lx   1.48 Loss_Lu 0.01821
19:58:45 Epoch 205 Test Acc: 94.46
19:58:47 Epoch 205  EMA Test Acc: 95.11
Loss   1.50 Loss_Lx   1.41 Loss_Lu 0.01756
20:00:34 Epoch 206 Test Acc: 94.81
20:00:36 Epoch 206  EMA Test Acc: 95.01
Loss   1.54 Loss_Lx   1.46 Loss_Lu 0.01756
20:02:22 Epoch 207 Test Acc: 94.99
20:02:24 Epoch 207  EMA Test Acc: 95.15
Loss   1.59 Loss_Lx   1.50 Loss_Lu 0.01822
20:04:10 Epoch 208 Test Acc: 94.74
20:04:13 Epoch 208  EMA Test Acc: 95.18
Loss   1.57 Loss_Lx   1.48 Loss_Lu 0.01820
20:05:59 Epoch 209 Test Acc: 94.72
20:06:02 Epoch 209  EMA Test Acc: 94.84
Loss   1.57 Loss_Lx   1.48 Loss_Lu 0.01802
20:07:48 Epoch 210 Test Acc: 95.21
20:07:50 Epoch 210  EMA Test Acc: 94.94
Loss   1.48 Loss_Lx   1.39 Loss_Lu 0.01689
20:09:36 Epoch 211 Test Acc: 95.07
20:09:39 Epoch 211  EMA Test Acc: 95.01
Loss   1.54 Loss_Lx   1.45 Loss_Lu 0.01719
20:11:24 Epoch 212 Test Acc: 94.38
20:11:27 Epoch 212  EMA Test Acc: 95.31
Loss   1.60 Loss_Lx   1.51 Loss_Lu 0.01794
20:13:13 Epoch 213 Test Acc: 95.05
20:13:15 Epoch 213  EMA Test Acc: 95.24
Loss   1.51 Loss_Lx   1.43 Loss_Lu 0.01712
20:15:01 Epoch 214 Test Acc: 94.53
20:15:04 Epoch 214  EMA Test Acc: 95.43
Loss   1.51 Loss_Lx   1.42 Loss_Lu 0.01687
20:16:51 Epoch 215 Test Acc: 94.7
20:16:53 Epoch 215  EMA Test Acc: 95.43
Loss   1.51 Loss_Lx   1.43 Loss_Lu 0.01719
20:18:39 Epoch 216 Test Acc: 94.84
20:18:42 Epoch 216  EMA Test Acc: 95.41
Loss   1.51 Loss_Lx   1.43 Loss_Lu 0.01686
20:20:28 Epoch 217 Test Acc: 94.83
20:20:31 Epoch 217  EMA Test Acc: 95.08
Loss   1.49 Loss_Lx   1.41 Loss_Lu 0.01682
20:22:17 Epoch 218 Test Acc: 95.02
20:22:20 Epoch 218  EMA Test Acc: 95.24
Loss   1.54 Loss_Lx   1.45 Loss_Lu 0.01737
20:24:05 Epoch 219 Test Acc: 94.73
20:24:08 Epoch 219  EMA Test Acc: 95.33
Loss   1.50 Loss_Lx   1.42 Loss_Lu 0.01661
20:25:54 Epoch 220 Test Acc: 95.13
20:25:57 Epoch 220  EMA Test Acc: 95.28
Loss   1.49 Loss_Lx   1.41 Loss_Lu 0.01624
20:27:42 Epoch 221 Test Acc: 94.86
20:27:45 Epoch 221  EMA Test Acc: 95.16
Loss   1.50 Loss_Lx   1.42 Loss_Lu 0.01644
20:29:31 Epoch 222 Test Acc: 94.91
20:29:34 Epoch 222  EMA Test Acc: 95.28
Loss   1.48 Loss_Lx   1.40 Loss_Lu 0.01665
20:31:20 Epoch 223 Test Acc: 94.45
20:31:22 Epoch 223  EMA Test Acc: 94.48
Loss   1.48 Loss_Lx   1.40 Loss_Lu 0.01613
20:33:08 Epoch 224 Test Acc: 95.38
20:33:11 Epoch 224  EMA Test Acc: 95.13
Loss   1.47 Loss_Lx   1.39 Loss_Lu 0.01594
20:34:57 Epoch 225 Test Acc: 95.16
20:35:00 Epoch 225  EMA Test Acc: 95.57
Loss   1.42 Loss_Lx   1.35 Loss_Lu 0.01526
20:36:46 Epoch 226 Test Acc: 95.26
20:36:48 Epoch 226  EMA Test Acc: 95.11
Loss   1.45 Loss_Lx   1.37 Loss_Lu 0.01550
20:38:34 Epoch 227 Test Acc: 95.0
20:38:37 Epoch 227  EMA Test Acc: 95.33
Loss   1.46 Loss_Lx   1.38 Loss_Lu 0.01589
20:40:23 Epoch 228 Test Acc: 95.09
20:40:25 Epoch 228  EMA Test Acc: 95.27
Loss   1.49 Loss_Lx   1.41 Loss_Lu 0.01620
20:42:12 Epoch 229 Test Acc: 95.11
20:42:14 Epoch 229  EMA Test Acc: 95.3
Loss   1.46 Loss_Lx   1.38 Loss_Lu 0.01572
20:44:00 Epoch 230 Test Acc: 94.91
20:44:03 Epoch 230  EMA Test Acc: 95.45
Loss   1.50 Loss_Lx   1.42 Loss_Lu 0.01586
20:45:49 Epoch 231 Test Acc: 94.98
20:45:51 Epoch 231  EMA Test Acc: 95.5
Loss   1.47 Loss_Lx   1.40 Loss_Lu 0.01557
20:47:38 Epoch 232 Test Acc: 95.29
20:47:40 Epoch 232  EMA Test Acc: 95.34
Loss   1.40 Loss_Lx   1.33 Loss_Lu 0.01453
20:49:27 Epoch 233 Test Acc: 95.1
20:49:29 Epoch 233  EMA Test Acc: 95.61
Loss   1.41 Loss_Lx   1.34 Loss_Lu 0.01476
20:51:15 Epoch 234 Test Acc: 95.05
20:51:18 Epoch 234  EMA Test Acc: 95.67
Loss   1.43 Loss_Lx   1.36 Loss_Lu 0.01487
20:53:04 Epoch 235 Test Acc: 95.51
20:53:07 Epoch 235  EMA Test Acc: 95.68
Loss   1.41 Loss_Lx   1.34 Loss_Lu 0.01453
20:54:53 Epoch 236 Test Acc: 95.08
20:54:56 Epoch 236  EMA Test Acc: 95.6
Loss   1.47 Loss_Lx   1.39 Loss_Lu 0.01491
20:56:42 Epoch 237 Test Acc: 95.11
20:56:45 Epoch 237  EMA Test Acc: 95.41
Loss   1.49 Loss_Lx   1.41 Loss_Lu 0.01538
20:58:31 Epoch 238 Test Acc: 95.07
20:58:33 Epoch 238  EMA Test Acc: 95.34
Loss   1.39 Loss_Lx   1.32 Loss_Lu 0.01416
21:00:20 Epoch 239 Test Acc: 94.93
21:00:22 Epoch 239  EMA Test Acc: 95.42
Loss   1.42 Loss_Lx   1.35 Loss_Lu 0.01421
21:02:08 Epoch 240 Test Acc: 95.53
21:02:11 Epoch 240  EMA Test Acc: 95.21
Loss   1.43 Loss_Lx   1.36 Loss_Lu 0.01464
21:03:58 Epoch 241 Test Acc: 95.38
21:04:00 Epoch 241  EMA Test Acc: 95.5
Loss   1.37 Loss_Lx   1.31 Loss_Lu 0.01358
21:05:46 Epoch 242 Test Acc: 95.48
21:05:49 Epoch 242  EMA Test Acc: 95.36
Loss   1.42 Loss_Lx   1.35 Loss_Lu 0.01413
21:07:35 Epoch 243 Test Acc: 95.5
21:07:38 Epoch 243  EMA Test Acc: 95.83
Loss   1.41 Loss_Lx   1.34 Loss_Lu 0.01392
21:09:24 Epoch 244 Test Acc: 95.53
21:09:26 Epoch 244  EMA Test Acc: 95.67
Loss   1.48 Loss_Lx   1.40 Loss_Lu 0.01468
21:11:12 Epoch 245 Test Acc: 95.28
21:11:15 Epoch 245  EMA Test Acc: 95.56
Loss   1.42 Loss_Lx   1.35 Loss_Lu 0.01412
21:13:00 Epoch 246 Test Acc: 95.31
21:13:03 Epoch 246  EMA Test Acc: 95.41
Loss   1.44 Loss_Lx   1.37 Loss_Lu 0.01405
21:14:49 Epoch 247 Test Acc: 95.29
21:14:51 Epoch 247  EMA Test Acc: 95.38
Loss   1.32 Loss_Lx   1.25 Loss_Lu 0.01250
21:16:37 Epoch 248 Test Acc: 95.54
21:16:40 Epoch 248  EMA Test Acc: 95.41
Loss   1.39 Loss_Lx   1.32 Loss_Lu 0.01395
21:18:26 Epoch 249 Test Acc: 95.49
21:18:28 Epoch 249  EMA Test Acc: 95.68
Loss   1.40 Loss_Lx   1.33 Loss_Lu 0.01382
21:20:14 Epoch 250 Test Acc: 95.6
21:20:17 Epoch 250  EMA Test Acc: 95.44
Loss   1.41 Loss_Lx   1.34 Loss_Lu 0.01399
21:22:03 Epoch 251 Test Acc: 95.73
21:22:06 Epoch 251  EMA Test Acc: 95.45
Loss   1.29 Loss_Lx   1.23 Loss_Lu 0.01204
21:23:51 Epoch 252 Test Acc: 95.3
21:23:54 Epoch 252  EMA Test Acc: 95.73
Loss   1.35 Loss_Lx   1.29 Loss_Lu 0.01289
21:25:39 Epoch 253 Test Acc: 95.62
21:25:42 Epoch 253  EMA Test Acc: 95.6
Loss   1.39 Loss_Lx   1.32 Loss_Lu 0.01368
21:27:27 Epoch 254 Test Acc: 95.54
21:27:29 Epoch 254  EMA Test Acc: 95.8
Loss   1.39 Loss_Lx   1.33 Loss_Lu 0.01313
21:29:15 Epoch 255 Test Acc: 95.54
21:29:17 Epoch 255  EMA Test Acc: 95.55
Loss   1.34 Loss_Lx   1.28 Loss_Lu 0.01245
21:31:02 Epoch 256 Test Acc: 95.42
21:31:05 Epoch 256  EMA Test Acc: 95.64
Loss   1.34 Loss_Lx   1.28 Loss_Lu 0.01254
21:32:50 Epoch 257 Test Acc: 95.51
21:32:53 Epoch 257  EMA Test Acc: 95.48
Loss   1.38 Loss_Lx   1.31 Loss_Lu 0.01317
21:34:39 Epoch 258 Test Acc: 95.51
21:34:41 Epoch 258  EMA Test Acc: 95.66
Loss   1.35 Loss_Lx   1.29 Loss_Lu 0.01252
21:36:26 Epoch 259 Test Acc: 95.59
21:36:29 Epoch 259  EMA Test Acc: 95.58
Loss   1.39 Loss_Lx   1.32 Loss_Lu 0.01262
21:38:14 Epoch 260 Test Acc: 95.8
21:38:17 Epoch 260  EMA Test Acc: 95.94
Loss   1.41 Loss_Lx   1.35 Loss_Lu 0.01297
21:40:03 Epoch 261 Test Acc: 95.73
21:40:05 Epoch 261  EMA Test Acc: 95.87
Loss   1.35 Loss_Lx   1.29 Loss_Lu 0.01279
21:41:50 Epoch 262 Test Acc: 95.75
21:41:53 Epoch 262  EMA Test Acc: 95.72
Loss   1.39 Loss_Lx   1.32 Loss_Lu 0.01309
21:43:38 Epoch 263 Test Acc: 95.77
21:43:41 Epoch 263  EMA Test Acc: 95.95
Loss   1.40 Loss_Lx   1.33 Loss_Lu 0.01348
21:45:26 Epoch 264 Test Acc: 95.59
21:45:29 Epoch 264  EMA Test Acc: 95.71
Loss   1.38 Loss_Lx   1.32 Loss_Lu 0.01297
21:47:14 Epoch 265 Test Acc: 95.61
21:47:17 Epoch 265  EMA Test Acc: 95.54
Loss   1.36 Loss_Lx   1.30 Loss_Lu 0.01225
21:49:02 Epoch 266 Test Acc: 95.74
21:49:05 Epoch 266  EMA Test Acc: 95.78
Loss   1.37 Loss_Lx   1.31 Loss_Lu 0.01284
21:50:50 Epoch 267 Test Acc: 95.64
21:50:53 Epoch 267  EMA Test Acc: 95.86
Loss   1.33 Loss_Lx   1.27 Loss_Lu 0.01209
21:52:38 Epoch 268 Test Acc: 95.81
21:52:41 Epoch 268  EMA Test Acc: 95.85
Loss   1.42 Loss_Lx   1.35 Loss_Lu 0.01335
21:54:26 Epoch 269 Test Acc: 95.49
21:54:29 Epoch 269  EMA Test Acc: 95.64
Loss   1.39 Loss_Lx   1.33 Loss_Lu 0.01220
21:56:14 Epoch 270 Test Acc: 95.65
21:56:17 Epoch 270  EMA Test Acc: 95.88
Loss   1.37 Loss_Lx   1.31 Loss_Lu 0.01233
21:58:02 Epoch 271 Test Acc: 95.75
21:58:05 Epoch 271  EMA Test Acc: 95.77
Loss   1.39 Loss_Lx   1.33 Loss_Lu 0.01249
21:59:50 Epoch 272 Test Acc: 95.53
21:59:53 Epoch 272  EMA Test Acc: 95.72
Loss   1.41 Loss_Lx   1.34 Loss_Lu 0.01287
22:01:38 Epoch 273 Test Acc: 95.73
22:01:41 Epoch 273  EMA Test Acc: 95.71
Loss   1.38 Loss_Lx   1.32 Loss_Lu 0.01263
22:03:26 Epoch 274 Test Acc: 96.0
22:03:28 Epoch 274  EMA Test Acc: 95.74
Loss   1.30 Loss_Lx   1.24 Loss_Lu 0.01183
22:05:14 Epoch 275 Test Acc: 95.66
22:05:16 Epoch 275  EMA Test Acc: 95.8
Loss   1.34 Loss_Lx   1.28 Loss_Lu 0.01200
22:07:02 Epoch 276 Test Acc: 95.77
22:07:05 Epoch 276  EMA Test Acc: 95.62
Loss   1.32 Loss_Lx   1.26 Loss_Lu 0.01193
22:08:50 Epoch 277 Test Acc: 95.68
22:08:53 Epoch 277  EMA Test Acc: 95.76
Loss   1.39 Loss_Lx   1.33 Loss_Lu 0.01267
22:10:38 Epoch 278 Test Acc: 95.74
22:10:41 Epoch 278  EMA Test Acc: 95.76
Loss   1.30 Loss_Lx   1.24 Loss_Lu 0.01119
22:12:26 Epoch 279 Test Acc: 95.9
22:12:29 Epoch 279  EMA Test Acc: 95.78
Loss   1.28 Loss_Lx   1.23 Loss_Lu 0.01103
22:14:14 Epoch 280 Test Acc: 95.63
22:14:17 Epoch 280  EMA Test Acc: 95.69
Loss   1.35 Loss_Lx   1.29 Loss_Lu 0.01192
22:16:02 Epoch 281 Test Acc: 95.67
22:16:05 Epoch 281  EMA Test Acc: 95.75
Loss   1.34 Loss_Lx   1.28 Loss_Lu 0.01170
22:17:51 Epoch 282 Test Acc: 95.81
22:17:53 Epoch 282  EMA Test Acc: 95.72
Loss   1.37 Loss_Lx   1.31 Loss_Lu 0.01239
22:19:38 Epoch 283 Test Acc: 95.8
22:19:41 Epoch 283  EMA Test Acc: 95.96
Loss   1.33 Loss_Lx   1.27 Loss_Lu 0.01173
22:21:26 Epoch 284 Test Acc: 95.56
22:21:29 Epoch 284  EMA Test Acc: 95.7
Loss   1.34 Loss_Lx   1.28 Loss_Lu 0.01152
22:23:14 Epoch 285 Test Acc: 95.69
22:23:16 Epoch 285  EMA Test Acc: 95.6
Loss   1.32 Loss_Lx   1.26 Loss_Lu 0.01144
22:25:02 Epoch 286 Test Acc: 95.68
22:25:04 Epoch 286  EMA Test Acc: 95.61
Loss   1.35 Loss_Lx   1.29 Loss_Lu 0.01191
22:26:50 Epoch 287 Test Acc: 95.67
22:26:52 Epoch 287  EMA Test Acc: 95.67
Loss   1.31 Loss_Lx   1.25 Loss_Lu 0.01148
22:28:38 Epoch 288 Test Acc: 95.7
22:28:40 Epoch 288  EMA Test Acc: 95.81
Loss   1.31 Loss_Lx   1.26 Loss_Lu 0.01127
22:30:26 Epoch 289 Test Acc: 95.83
22:30:28 Epoch 289  EMA Test Acc: 95.74
Loss   1.33 Loss_Lx   1.28 Loss_Lu 0.01115
22:32:14 Epoch 290 Test Acc: 95.88
22:32:16 Epoch 290  EMA Test Acc: 95.93
Loss   1.34 Loss_Lx   1.28 Loss_Lu 0.01159
22:34:01 Epoch 291 Test Acc: 95.77
22:34:03 Epoch 291  EMA Test Acc: 95.68
Loss   1.31 Loss_Lx   1.26 Loss_Lu 0.01122
22:35:47 Epoch 292 Test Acc: 95.87
22:35:49 Epoch 292  EMA Test Acc: 95.88
Loss   1.31 Loss_Lx   1.26 Loss_Lu 0.01159
22:37:33 Epoch 293 Test Acc: 95.91
22:37:35 Epoch 293  EMA Test Acc: 95.78
Loss   1.35 Loss_Lx   1.29 Loss_Lu 0.01200
22:39:18 Epoch 294 Test Acc: 95.72
22:39:21 Epoch 294  EMA Test Acc: 95.72
Loss   1.32 Loss_Lx   1.27 Loss_Lu 0.01109
22:41:04 Epoch 295 Test Acc: 95.97
22:41:07 Epoch 295  EMA Test Acc: 95.89
Loss   1.31 Loss_Lx   1.25 Loss_Lu 0.01123
22:42:50 Epoch 296 Test Acc: 95.61
22:42:53 Epoch 296  EMA Test Acc: 95.59
Loss   1.34 Loss_Lx   1.28 Loss_Lu 0.01185
22:44:36 Epoch 297 Test Acc: 95.77
22:44:39 Epoch 297  EMA Test Acc: 95.89
Loss   1.35 Loss_Lx   1.29 Loss_Lu 0.01184
22:46:22 Epoch 298 Test Acc: 95.83
22:46:25 Epoch 298  EMA Test Acc: 95.88
Loss   1.27 Loss_Lx   1.21 Loss_Lu 0.01077
22:48:07 Epoch 299 Test Acc: 95.8
22:48:10 Epoch 299  EMA Test Acc: 95.89
22:48:10 Best Test Acc: 95.99610137939453
