Mon Jul 11 14:06:17 2022       
+-----------------------------------------------------------------------------+
| NVIDIA-SMI 515.48.07    Driver Version: 515.48.07    CUDA Version: 11.7     |
|-------------------------------+----------------------+----------------------+
| GPU  Name        Persistence-M| Bus-Id        Disp.A | Volatile Uncorr. ECC |
| Fan  Temp  Perf  Pwr:Usage/Cap|         Memory-Usage | GPU-Util  Compute M. |
|                               |                      |               MIG M. |
|===============================+======================+======================|
|   0  NVIDIA A100-SXM...  Off  | 00000000:6B:00.0 Off |                    0 |
| N/A   32C    P0    70W / 400W |      4MiB / 81920MiB |      0%   E. Process |
|                               |                      |             Disabled |
+-------------------------------+----------------------+----------------------+
|   1  NVIDIA A100-SXM...  Off  | 00000000:71:00.0 Off |                    0 |
| N/A   35C    P0    68W / 400W |      4MiB / 81920MiB |      0%   E. Process |
|                               |                      |             Disabled |
+-------------------------------+----------------------+----------------------+
|   2  NVIDIA A100-SXM...  Off  | 00000000:8A:00.0 Off |                    0 |
| N/A   33C    P0    71W / 400W |      4MiB / 81920MiB |      0%   E. Process |
|                               |                      |             Disabled |
+-------------------------------+----------------------+----------------------+
|   3  NVIDIA A100-SXM...  Off  | 00000000:8E:00.0 Off |                    0 |
| N/A   31C    P0    64W / 400W |      4MiB / 81920MiB |      0%   E. Process |
|                               |                      |             Disabled |
+-------------------------------+----------------------+----------------------+
|   4  NVIDIA A100-SXM...  Off  | 00000000:A8:00.0 Off |                    0 |
| N/A   30C    P0    65W / 400W |      4MiB / 81920MiB |      0%   E. Process |
|                               |                      |             Disabled |
+-------------------------------+----------------------+----------------------+
                                                                               
+-----------------------------------------------------------------------------+
| Processes:                                                                  |
|  GPU   GI   CI        PID   Type   Process name                  GPU Memory |
|        ID   ID                                                   Usage      |
|=============================================================================|
|    0   N/A  N/A      3513      G   /usr/lib/xorg/Xorg                  4MiB |
|    1   N/A  N/A      3513      G   /usr/lib/xorg/Xorg                  4MiB |
|    2   N/A  N/A      3513      G   /usr/lib/xorg/Xorg                  4MiB |
|    3   N/A  N/A      3513      G   /usr/lib/xorg/Xorg                  4MiB |
|    4   N/A  N/A      3513      G   /usr/lib/xorg/Xorg                  4MiB |
+-----------------------------------------------------------------------------+
Namespace(PES_lr=0.0001, T=0.5, T1=0, T2=5, alpha=4, batch_size=128, data_path='./data', data_percent=1, dataset='CIFAR10', ema=0.997, lambda_u=0, lr=0.02, noise_type='random_label1', num_epochs=300, optim='cos', seed=1, weight_decay=0.0005)
Files already downloaded and verified
Files already downloaded and verified
Train Epoch: [0][  0/390]	Time   0.11	Data   0.00	Loss   3.90	Acc@1  29.61
14:07:14 Epoch 0 Test Acc: 43.63
14:07:16 Epoch 0  EMA Test Acc: 16.05
Train Epoch: [1][  0/390]	Time   0.10	Data   0.00	Loss   3.26	Acc@1  43.82
14:07:59 Epoch 1 Test Acc: 57.36
14:08:02 Epoch 1  EMA Test Acc: 28.31
Train Epoch: [2][  0/390]	Time   0.10	Data   0.00	Loss   2.87	Acc@1  52.08
14:08:45 Epoch 2 Test Acc: 65.35
14:08:48 Epoch 2  EMA Test Acc: 34.55
Train Epoch: [3][  0/390]	Time   0.10	Data   0.00	Loss   2.65	Acc@1  57.23
14:09:31 Epoch 3 Test Acc: 69.34
14:09:33 Epoch 3  EMA Test Acc: 53.13
Train Epoch: [4][  0/390]	Time   0.10	Data   0.00	Loss   2.48	Acc@1  60.46
14:10:16 Epoch 4 Test Acc: 72.96
14:10:19 Epoch 4  EMA Test Acc: 68.85
Train Epoch: [5][  0/390]	Time   0.10	Data   0.00	Loss   2.34	Acc@1  63.61
14:11:02 Epoch 5 Test Acc: 73.14
14:11:05 Epoch 5  EMA Test Acc: 75.03
Train Epoch: [6][  0/390]	Time   0.10	Data   0.00	Loss   2.26	Acc@1  65.17
14:11:48 Epoch 6 Test Acc: 77.34
14:11:51 Epoch 6  EMA Test Acc: 73.93
Train Epoch: [7][  0/390]	Time   0.10	Data   0.00	Loss   2.19	Acc@1  66.51
14:12:34 Epoch 7 Test Acc: 74.03
14:12:36 Epoch 7  EMA Test Acc: 74.39
Train Epoch: [8][  0/390]	Time   0.10	Data   0.00	Loss   2.15	Acc@1  67.49
14:13:19 Epoch 8 Test Acc: 79.02
14:13:22 Epoch 8  EMA Test Acc: 78.2
Train Epoch: [9][  0/390]	Time   0.10	Data   0.00	Loss   2.10	Acc@1  68.50
14:14:05 Epoch 9 Test Acc: 80.79
14:14:07 Epoch 9  EMA Test Acc: 81.58
Train Epoch: [10][  0/390]	Time   0.10	Data   0.00	Loss   2.06	Acc@1  69.19
14:14:51 Epoch 10 Test Acc: 78.59
14:14:53 Epoch 10  EMA Test Acc: 83.63
Train Epoch: [11][  0/390]	Time   0.10	Data   0.00	Loss   2.03	Acc@1  69.70
14:15:37 Epoch 11 Test Acc: 81.24
14:15:39 Epoch 11  EMA Test Acc: 79.69
Train Epoch: [12][  0/390]	Time   0.10	Data   0.00	Loss   1.99	Acc@1  70.54
14:16:22 Epoch 12 Test Acc: 83.24
14:16:25 Epoch 12  EMA Test Acc: 82.61
Train Epoch: [13][  0/390]	Time   0.10	Data   0.00	Loss   1.96	Acc@1  71.22
14:17:07 Epoch 13 Test Acc: 82.3
14:17:10 Epoch 13  EMA Test Acc: 85.42
Train Epoch: [14][  0/390]	Time   0.10	Data   0.00	Loss   1.94	Acc@1  71.42
14:17:53 Epoch 14 Test Acc: 80.45
14:17:56 Epoch 14  EMA Test Acc: 83.17
Train Epoch: [15][  0/390]	Time   0.10	Data   0.00	Loss   1.92	Acc@1  71.99
14:18:38 Epoch 15 Test Acc: 82.3
14:18:41 Epoch 15  EMA Test Acc: 85.71
Train Epoch: [16][  0/390]	Time   0.10	Data   0.00	Loss   1.89	Acc@1  72.48
14:19:24 Epoch 16 Test Acc: 83.43
14:19:27 Epoch 16  EMA Test Acc: 85.8
Train Epoch: [17][  0/390]	Time   0.10	Data   0.00	Loss   1.88	Acc@1  72.53
14:20:10 Epoch 17 Test Acc: 82.48
14:20:12 Epoch 17  EMA Test Acc: 86.3
Train Epoch: [18][  0/390]	Time   0.10	Data   0.00	Loss   1.86	Acc@1  73.01
14:20:55 Epoch 18 Test Acc: 84.03
14:20:58 Epoch 18  EMA Test Acc: 86.97
Train Epoch: [19][  0/390]	Time   0.10	Data   0.00	Loss   1.85	Acc@1  73.41
14:21:41 Epoch 19 Test Acc: 82.77
14:21:44 Epoch 19  EMA Test Acc: 87.5
re-initalize the final layer
Train Epoch: [0][  0/390]	Time   0.05	Data   0.00	Loss   2.82	Acc@1  72.36
14:22:06 Epoch 0 Test Acc: 87.22
Train Epoch: [1][  0/390]	Time   0.05	Data   0.00	Loss   2.07	Acc@1  74.97
14:22:27 Epoch 1 Test Acc: 87.57
Train Epoch: [2][  0/390]	Time   0.05	Data   0.00	Loss   1.86	Acc@1  75.04
14:22:49 Epoch 2 Test Acc: 87.56
Train Epoch: [3][  0/390]	Time   0.05	Data   0.00	Loss   1.80	Acc@1  74.86
14:23:10 Epoch 3 Test Acc: 87.57
Train Epoch: [4][  0/390]	Time   0.05	Data   0.00	Loss   1.76	Acc@1  75.04
14:23:32 Epoch 4 Test Acc: 87.64
Loss   3.00 Loss_Lx   3.00 Loss_Lu 0.03834
14:25:17 Epoch 20 Test Acc: 86.91
14:25:20 Epoch 20  EMA Test Acc: 79.54
Loss   2.90 Loss_Lx   2.88 Loss_Lu 0.03642
14:27:05 Epoch 21 Test Acc: 86.35
14:27:08 Epoch 21  EMA Test Acc: 83.44
Loss   2.82 Loss_Lx   2.80 Loss_Lu 0.03568
14:28:53 Epoch 22 Test Acc: 86.47
14:28:55 Epoch 22  EMA Test Acc: 85.4
Loss   2.82 Loss_Lx   2.78 Loss_Lu 0.03503
14:30:40 Epoch 23 Test Acc: 87.1
14:30:42 Epoch 23  EMA Test Acc: 84.59
Loss   2.79 Loss_Lx   2.74 Loss_Lu 0.03448
14:32:27 Epoch 24 Test Acc: 87.24
14:32:30 Epoch 24  EMA Test Acc: 85.08
Loss   2.78 Loss_Lx   2.72 Loss_Lu 0.03445
14:34:15 Epoch 25 Test Acc: 87.08
14:34:17 Epoch 25  EMA Test Acc: 87.34
Loss   2.81 Loss_Lx   2.74 Loss_Lu 0.03370
14:36:04 Epoch 26 Test Acc: 87.54
14:36:06 Epoch 26  EMA Test Acc: 85.21
Loss   2.79 Loss_Lx   2.71 Loss_Lu 0.03347
14:37:51 Epoch 27 Test Acc: 87.34
14:37:54 Epoch 27  EMA Test Acc: 87.72
Loss   2.78 Loss_Lx   2.70 Loss_Lu 0.03305
14:39:39 Epoch 28 Test Acc: 87.23
14:39:41 Epoch 28  EMA Test Acc: 85.76
Loss   2.77 Loss_Lx   2.68 Loss_Lu 0.03282
14:41:26 Epoch 29 Test Acc: 88.13
14:41:29 Epoch 29  EMA Test Acc: 85.43
Loss   2.77 Loss_Lx   2.66 Loss_Lu 0.03293
14:43:14 Epoch 30 Test Acc: 87.91
14:43:16 Epoch 30  EMA Test Acc: 87.3
Loss   2.74 Loss_Lx   2.63 Loss_Lu 0.03265
14:45:01 Epoch 31 Test Acc: 87.33
14:45:03 Epoch 31  EMA Test Acc: 84.61
Loss   2.75 Loss_Lx   2.63 Loss_Lu 0.03252
14:46:49 Epoch 32 Test Acc: 87.71
14:46:51 Epoch 32  EMA Test Acc: 89.01
Loss   2.77 Loss_Lx   2.63 Loss_Lu 0.03232
14:48:36 Epoch 33 Test Acc: 86.99
14:48:39 Epoch 33  EMA Test Acc: 88.48
Loss   2.72 Loss_Lx   2.58 Loss_Lu 0.03222
14:50:24 Epoch 34 Test Acc: 87.76
14:50:27 Epoch 34  EMA Test Acc: 89.3
Loss   2.75 Loss_Lx   2.60 Loss_Lu 0.03249
14:52:14 Epoch 35 Test Acc: 88.41
14:52:16 Epoch 35  EMA Test Acc: 85.25
Loss   2.73 Loss_Lx   2.57 Loss_Lu 0.03203
14:54:03 Epoch 36 Test Acc: 88.07
14:54:05 Epoch 36  EMA Test Acc: 88.7
Loss   2.72 Loss_Lx   2.56 Loss_Lu 0.03203
14:55:52 Epoch 37 Test Acc: 88.77
14:55:54 Epoch 37  EMA Test Acc: 88.3
Loss   2.76 Loss_Lx   2.60 Loss_Lu 0.03207
14:57:41 Epoch 38 Test Acc: 88.55
14:57:43 Epoch 38  EMA Test Acc: 88.61
Loss   2.70 Loss_Lx   2.54 Loss_Lu 0.03148
14:59:29 Epoch 39 Test Acc: 88.78
14:59:32 Epoch 39  EMA Test Acc: 88.78
Loss   2.69 Loss_Lx   2.53 Loss_Lu 0.03194
15:01:18 Epoch 40 Test Acc: 89.55
15:01:21 Epoch 40  EMA Test Acc: 89.85
Loss   2.69 Loss_Lx   2.53 Loss_Lu 0.03163
15:03:06 Epoch 41 Test Acc: 90.02
15:03:09 Epoch 41  EMA Test Acc: 89.67
Loss   2.69 Loss_Lx   2.53 Loss_Lu 0.03186
15:04:55 Epoch 42 Test Acc: 89.06
15:04:58 Epoch 42  EMA Test Acc: 90.09
Loss   2.66 Loss_Lx   2.50 Loss_Lu 0.03182
15:06:44 Epoch 43 Test Acc: 89.69
15:06:47 Epoch 43  EMA Test Acc: 89.79
Loss   2.65 Loss_Lx   2.49 Loss_Lu 0.03155
15:08:33 Epoch 44 Test Acc: 87.6
15:08:35 Epoch 44  EMA Test Acc: 90.87
Loss   2.66 Loss_Lx   2.50 Loss_Lu 0.03197
15:10:22 Epoch 45 Test Acc: 90.42
15:10:24 Epoch 45  EMA Test Acc: 89.94
Loss   2.66 Loss_Lx   2.50 Loss_Lu 0.03148
15:12:10 Epoch 46 Test Acc: 89.77
15:12:13 Epoch 46  EMA Test Acc: 89.84
Loss   2.64 Loss_Lx   2.49 Loss_Lu 0.03159
15:13:59 Epoch 47 Test Acc: 90.11
15:14:02 Epoch 47  EMA Test Acc: 89.27
Loss   2.61 Loss_Lx   2.45 Loss_Lu 0.03139
15:15:48 Epoch 48 Test Acc: 90.01
15:15:50 Epoch 48  EMA Test Acc: 89.94
Loss   2.65 Loss_Lx   2.49 Loss_Lu 0.03184
15:17:36 Epoch 49 Test Acc: 90.41
15:17:39 Epoch 49  EMA Test Acc: 89.67
Loss   2.61 Loss_Lx   2.46 Loss_Lu 0.03125
15:19:24 Epoch 50 Test Acc: 90.25
15:19:27 Epoch 50  EMA Test Acc: 91.02
Loss   2.62 Loss_Lx   2.46 Loss_Lu 0.03184
15:21:13 Epoch 51 Test Acc: 90.67
15:21:15 Epoch 51  EMA Test Acc: 90.55
Loss   2.58 Loss_Lx   2.43 Loss_Lu 0.03083
15:23:01 Epoch 52 Test Acc: 89.31
15:23:04 Epoch 52  EMA Test Acc: 91.29
Loss   2.57 Loss_Lx   2.42 Loss_Lu 0.03112
15:24:49 Epoch 53 Test Acc: 90.65
15:24:52 Epoch 53  EMA Test Acc: 92.15
Loss   2.61 Loss_Lx   2.45 Loss_Lu 0.03141
15:26:38 Epoch 54 Test Acc: 90.06
15:26:40 Epoch 54  EMA Test Acc: 90.59
Loss   2.60 Loss_Lx   2.44 Loss_Lu 0.03117
15:28:26 Epoch 55 Test Acc: 90.37
15:28:28 Epoch 55  EMA Test Acc: 89.99
Loss   2.61 Loss_Lx   2.45 Loss_Lu 0.03162
15:30:14 Epoch 56 Test Acc: 90.99
15:30:17 Epoch 56  EMA Test Acc: 91.67
Loss   2.58 Loss_Lx   2.42 Loss_Lu 0.03117
15:32:02 Epoch 57 Test Acc: 91.15
15:32:04 Epoch 57  EMA Test Acc: 92.1
Loss   2.56 Loss_Lx   2.40 Loss_Lu 0.03110
15:33:50 Epoch 58 Test Acc: 90.28
15:33:53 Epoch 58  EMA Test Acc: 91.88
Loss   2.55 Loss_Lx   2.39 Loss_Lu 0.03106
15:35:38 Epoch 59 Test Acc: 89.94
15:35:40 Epoch 59  EMA Test Acc: 91.95
Loss   2.55 Loss_Lx   2.39 Loss_Lu 0.03096
15:37:26 Epoch 60 Test Acc: 90.95
15:37:29 Epoch 60  EMA Test Acc: 91.13
Loss   2.55 Loss_Lx   2.40 Loss_Lu 0.03110
15:39:15 Epoch 61 Test Acc: 90.91
15:39:17 Epoch 61  EMA Test Acc: 90.74
Loss   2.55 Loss_Lx   2.39 Loss_Lu 0.03114
15:41:03 Epoch 62 Test Acc: 91.1
15:41:05 Epoch 62  EMA Test Acc: 92.7
Loss   2.54 Loss_Lx   2.38 Loss_Lu 0.03085
15:42:51 Epoch 63 Test Acc: 91.58
15:42:53 Epoch 63  EMA Test Acc: 92.5
Loss   2.53 Loss_Lx   2.37 Loss_Lu 0.03083
15:44:39 Epoch 64 Test Acc: 91.68
15:44:42 Epoch 64  EMA Test Acc: 91.49
Loss   2.55 Loss_Lx   2.40 Loss_Lu 0.03084
15:46:28 Epoch 65 Test Acc: 90.62
15:46:30 Epoch 65  EMA Test Acc: 92.02
Loss   2.52 Loss_Lx   2.37 Loss_Lu 0.03068
15:48:16 Epoch 66 Test Acc: 91.18
15:48:18 Epoch 66  EMA Test Acc: 92.47
Loss   2.54 Loss_Lx   2.38 Loss_Lu 0.03119
15:50:04 Epoch 67 Test Acc: 91.57
15:50:06 Epoch 67  EMA Test Acc: 92.11
Loss   2.50 Loss_Lx   2.35 Loss_Lu 0.03069
15:51:52 Epoch 68 Test Acc: 91.7
15:51:54 Epoch 68  EMA Test Acc: 91.94
Loss   2.51 Loss_Lx   2.36 Loss_Lu 0.03071
15:53:40 Epoch 69 Test Acc: 91.96
15:53:43 Epoch 69  EMA Test Acc: 91.09
Loss   2.55 Loss_Lx   2.39 Loss_Lu 0.03132
15:55:29 Epoch 70 Test Acc: 91.16
15:55:31 Epoch 70  EMA Test Acc: 92.74
Loss   2.55 Loss_Lx   2.39 Loss_Lu 0.03112
15:57:17 Epoch 71 Test Acc: 90.97
15:57:20 Epoch 71  EMA Test Acc: 91.27
Loss   2.54 Loss_Lx   2.39 Loss_Lu 0.03125
15:59:05 Epoch 72 Test Acc: 90.99
15:59:08 Epoch 72  EMA Test Acc: 92.56
Loss   2.49 Loss_Lx   2.34 Loss_Lu 0.03077
16:00:53 Epoch 73 Test Acc: 90.81
16:00:56 Epoch 73  EMA Test Acc: 92.1
Loss   2.53 Loss_Lx   2.38 Loss_Lu 0.03091
16:02:42 Epoch 74 Test Acc: 91.46
16:02:44 Epoch 74  EMA Test Acc: 93.09
Loss   2.50 Loss_Lx   2.35 Loss_Lu 0.03062
16:04:30 Epoch 75 Test Acc: 90.21
16:04:33 Epoch 75  EMA Test Acc: 92.18
Loss   2.49 Loss_Lx   2.34 Loss_Lu 0.03077
16:06:18 Epoch 76 Test Acc: 91.68
16:06:21 Epoch 76  EMA Test Acc: 92.21
Loss   2.48 Loss_Lx   2.33 Loss_Lu 0.03054
16:08:07 Epoch 77 Test Acc: 90.83
16:08:09 Epoch 77  EMA Test Acc: 91.86
Loss   2.48 Loss_Lx   2.33 Loss_Lu 0.03098
16:09:55 Epoch 78 Test Acc: 91.17
16:09:58 Epoch 78  EMA Test Acc: 92.33
Loss   2.47 Loss_Lx   2.32 Loss_Lu 0.03033
16:11:43 Epoch 79 Test Acc: 91.38
16:11:46 Epoch 79  EMA Test Acc: 92.85
Loss   2.48 Loss_Lx   2.33 Loss_Lu 0.03051
16:13:31 Epoch 80 Test Acc: 92.43
16:13:34 Epoch 80  EMA Test Acc: 92.87
Loss   2.49 Loss_Lx   2.33 Loss_Lu 0.03075
16:15:19 Epoch 81 Test Acc: 91.93
16:15:22 Epoch 81  EMA Test Acc: 91.88
Loss   2.46 Loss_Lx   2.31 Loss_Lu 0.03061
16:17:07 Epoch 82 Test Acc: 91.05
16:17:10 Epoch 82  EMA Test Acc: 92.31
Loss   2.47 Loss_Lx   2.31 Loss_Lu 0.03067
16:18:56 Epoch 83 Test Acc: 91.58
16:18:58 Epoch 83  EMA Test Acc: 93.32
Loss   2.45 Loss_Lx   2.30 Loss_Lu 0.03028
16:20:44 Epoch 84 Test Acc: 92.37
16:20:47 Epoch 84  EMA Test Acc: 92.68
Loss   2.48 Loss_Lx   2.33 Loss_Lu 0.03037
16:22:32 Epoch 85 Test Acc: 91.32
16:22:34 Epoch 85  EMA Test Acc: 93.73
Loss   2.45 Loss_Lx   2.30 Loss_Lu 0.03029
16:24:20 Epoch 86 Test Acc: 92.33
16:24:22 Epoch 86  EMA Test Acc: 92.08
Loss   2.47 Loss_Lx   2.31 Loss_Lu 0.03058
16:26:07 Epoch 87 Test Acc: 92.27
16:26:10 Epoch 87  EMA Test Acc: 93.54
Loss   2.45 Loss_Lx   2.30 Loss_Lu 0.03000
16:27:55 Epoch 88 Test Acc: 92.57
16:27:58 Epoch 88  EMA Test Acc: 92.65
Loss   2.46 Loss_Lx   2.31 Loss_Lu 0.03029
16:29:43 Epoch 89 Test Acc: 91.41
16:29:46 Epoch 89  EMA Test Acc: 93.47
Loss   2.44 Loss_Lx   2.29 Loss_Lu 0.02964
16:31:31 Epoch 90 Test Acc: 92.28
16:31:33 Epoch 90  EMA Test Acc: 92.48
Loss   2.43 Loss_Lx   2.28 Loss_Lu 0.02986
16:33:19 Epoch 91 Test Acc: 92.74
16:33:22 Epoch 91  EMA Test Acc: 93.57
Loss   2.42 Loss_Lx   2.27 Loss_Lu 0.02980
16:35:07 Epoch 92 Test Acc: 92.53
16:35:10 Epoch 92  EMA Test Acc: 93.53
Loss   2.43 Loss_Lx   2.28 Loss_Lu 0.02976
16:36:55 Epoch 93 Test Acc: 92.19
16:36:57 Epoch 93  EMA Test Acc: 92.22
Loss   2.42 Loss_Lx   2.27 Loss_Lu 0.02991
16:38:43 Epoch 94 Test Acc: 92.47
16:38:45 Epoch 94  EMA Test Acc: 93.47
Loss   2.41 Loss_Lx   2.26 Loss_Lu 0.02953
16:40:30 Epoch 95 Test Acc: 93.04
16:40:33 Epoch 95  EMA Test Acc: 93.65
Loss   2.44 Loss_Lx   2.29 Loss_Lu 0.02996
16:42:18 Epoch 96 Test Acc: 92.15
16:42:21 Epoch 96  EMA Test Acc: 92.93
Loss   2.42 Loss_Lx   2.27 Loss_Lu 0.02971
16:44:07 Epoch 97 Test Acc: 92.02
16:44:09 Epoch 97  EMA Test Acc: 93.46
Loss   2.42 Loss_Lx   2.27 Loss_Lu 0.02983
16:45:55 Epoch 98 Test Acc: 92.1
16:45:57 Epoch 98  EMA Test Acc: 93.45
Loss   2.41 Loss_Lx   2.26 Loss_Lu 0.02980
16:47:42 Epoch 99 Test Acc: 93.0
16:47:45 Epoch 99  EMA Test Acc: 93.22
Loss   2.41 Loss_Lx   2.26 Loss_Lu 0.02978
16:49:30 Epoch 100 Test Acc: 92.56
16:49:32 Epoch 100  EMA Test Acc: 93.22
Loss   2.42 Loss_Lx   2.27 Loss_Lu 0.02985
16:51:18 Epoch 101 Test Acc: 92.34
16:51:20 Epoch 101  EMA Test Acc: 93.39
Loss   2.41 Loss_Lx   2.27 Loss_Lu 0.02964
16:53:05 Epoch 102 Test Acc: 91.94
16:53:08 Epoch 102  EMA Test Acc: 93.54
Loss   2.39 Loss_Lx   2.24 Loss_Lu 0.02944
16:54:53 Epoch 103 Test Acc: 92.28
16:54:55 Epoch 103  EMA Test Acc: 92.75
Loss   2.42 Loss_Lx   2.27 Loss_Lu 0.02995
16:56:40 Epoch 104 Test Acc: 92.95
16:56:43 Epoch 104  EMA Test Acc: 92.71
Loss   2.40 Loss_Lx   2.25 Loss_Lu 0.02942
16:58:28 Epoch 105 Test Acc: 93.38
16:58:30 Epoch 105  EMA Test Acc: 93.56
Loss   2.39 Loss_Lx   2.24 Loss_Lu 0.02980
17:00:15 Epoch 106 Test Acc: 92.19
17:00:18 Epoch 106  EMA Test Acc: 92.98
Loss   2.40 Loss_Lx   2.25 Loss_Lu 0.02963
17:02:03 Epoch 107 Test Acc: 92.55
17:02:06 Epoch 107  EMA Test Acc: 93.4
Loss   2.38 Loss_Lx   2.24 Loss_Lu 0.02939
17:03:51 Epoch 108 Test Acc: 92.5
17:03:54 Epoch 108  EMA Test Acc: 93.97
Loss   2.38 Loss_Lx   2.24 Loss_Lu 0.02914
17:05:39 Epoch 109 Test Acc: 93.17
17:05:42 Epoch 109  EMA Test Acc: 93.19
Loss   2.36 Loss_Lx   2.21 Loss_Lu 0.02915
17:07:27 Epoch 110 Test Acc: 92.81
17:07:29 Epoch 110  EMA Test Acc: 94.08
Loss   2.39 Loss_Lx   2.24 Loss_Lu 0.02922
17:09:14 Epoch 111 Test Acc: 93.21
17:09:17 Epoch 111  EMA Test Acc: 94.08
Loss   2.38 Loss_Lx   2.23 Loss_Lu 0.02945
17:11:02 Epoch 112 Test Acc: 92.2
17:11:04 Epoch 112  EMA Test Acc: 93.92
Loss   2.35 Loss_Lx   2.21 Loss_Lu 0.02914
17:12:49 Epoch 113 Test Acc: 93.1
17:12:52 Epoch 113  EMA Test Acc: 93.65
Loss   2.37 Loss_Lx   2.22 Loss_Lu 0.02918
17:14:37 Epoch 114 Test Acc: 93.22
17:14:40 Epoch 114  EMA Test Acc: 94.01
Loss   2.34 Loss_Lx   2.20 Loss_Lu 0.02903
17:16:25 Epoch 115 Test Acc: 92.84
17:16:27 Epoch 115  EMA Test Acc: 93.72
Loss   2.35 Loss_Lx   2.21 Loss_Lu 0.02879
17:18:12 Epoch 116 Test Acc: 92.54
17:18:15 Epoch 116  EMA Test Acc: 93.96
Loss   2.38 Loss_Lx   2.23 Loss_Lu 0.02982
17:20:01 Epoch 117 Test Acc: 92.81
17:20:04 Epoch 117  EMA Test Acc: 93.23
Loss   2.36 Loss_Lx   2.21 Loss_Lu 0.02946
17:21:49 Epoch 118 Test Acc: 93.44
17:21:52 Epoch 118  EMA Test Acc: 92.85
Loss   2.34 Loss_Lx   2.20 Loss_Lu 0.02899
17:23:37 Epoch 119 Test Acc: 93.01
17:23:40 Epoch 119  EMA Test Acc: 93.8
Loss   2.35 Loss_Lx   2.20 Loss_Lu 0.02935
17:25:26 Epoch 120 Test Acc: 92.44
17:25:28 Epoch 120  EMA Test Acc: 93.96
Loss   2.34 Loss_Lx   2.20 Loss_Lu 0.02869
17:27:14 Epoch 121 Test Acc: 93.03
17:27:16 Epoch 121  EMA Test Acc: 93.68
Loss   2.35 Loss_Lx   2.20 Loss_Lu 0.02888
17:29:02 Epoch 122 Test Acc: 93.01
17:29:04 Epoch 122  EMA Test Acc: 93.97
Loss   2.33 Loss_Lx   2.19 Loss_Lu 0.02870
17:30:50 Epoch 123 Test Acc: 93.24
17:30:52 Epoch 123  EMA Test Acc: 94.0
Loss   2.32 Loss_Lx   2.18 Loss_Lu 0.02860
17:32:37 Epoch 124 Test Acc: 93.46
17:32:40 Epoch 124  EMA Test Acc: 94.0
Loss   2.34 Loss_Lx   2.20 Loss_Lu 0.02890
17:34:26 Epoch 125 Test Acc: 93.13
17:34:28 Epoch 125  EMA Test Acc: 93.95
Loss   2.32 Loss_Lx   2.17 Loss_Lu 0.02850
17:36:14 Epoch 126 Test Acc: 93.11
17:36:16 Epoch 126  EMA Test Acc: 94.04
Loss   2.32 Loss_Lx   2.18 Loss_Lu 0.02878
17:38:01 Epoch 127 Test Acc: 93.62
17:38:04 Epoch 127  EMA Test Acc: 94.34
Loss   2.35 Loss_Lx   2.20 Loss_Lu 0.02880
17:39:49 Epoch 128 Test Acc: 93.45
17:39:51 Epoch 128  EMA Test Acc: 94.43
Loss   2.33 Loss_Lx   2.19 Loss_Lu 0.02833
17:41:37 Epoch 129 Test Acc: 93.08
17:41:40 Epoch 129  EMA Test Acc: 94.13
Loss   2.31 Loss_Lx   2.17 Loss_Lu 0.02825
17:43:24 Epoch 130 Test Acc: 93.34
17:43:27 Epoch 130  EMA Test Acc: 94.2
Loss   2.34 Loss_Lx   2.20 Loss_Lu 0.02913
17:45:12 Epoch 131 Test Acc: 93.51
17:45:15 Epoch 131  EMA Test Acc: 94.35
Loss   2.32 Loss_Lx   2.18 Loss_Lu 0.02882
17:47:00 Epoch 132 Test Acc: 92.63
17:47:03 Epoch 132  EMA Test Acc: 94.38
Loss   2.31 Loss_Lx   2.17 Loss_Lu 0.02801
17:48:48 Epoch 133 Test Acc: 93.53
17:48:51 Epoch 133  EMA Test Acc: 94.09
Loss   2.30 Loss_Lx   2.16 Loss_Lu 0.02840
17:50:35 Epoch 134 Test Acc: 93.77
17:50:38 Epoch 134  EMA Test Acc: 92.76
Loss   2.34 Loss_Lx   2.19 Loss_Lu 0.02898
17:52:23 Epoch 135 Test Acc: 93.66
17:52:26 Epoch 135  EMA Test Acc: 93.87
Loss   2.30 Loss_Lx   2.16 Loss_Lu 0.02833
17:54:11 Epoch 136 Test Acc: 93.35
17:54:13 Epoch 136  EMA Test Acc: 94.52
Loss   2.31 Loss_Lx   2.17 Loss_Lu 0.02799
17:56:00 Epoch 137 Test Acc: 93.25
17:56:02 Epoch 137  EMA Test Acc: 94.74
Loss   2.30 Loss_Lx   2.16 Loss_Lu 0.02807
17:57:48 Epoch 138 Test Acc: 93.65
17:57:51 Epoch 138  EMA Test Acc: 94.63
Loss   2.29 Loss_Lx   2.15 Loss_Lu 0.02786
17:59:37 Epoch 139 Test Acc: 93.53
17:59:39 Epoch 139  EMA Test Acc: 94.41
Loss   2.31 Loss_Lx   2.17 Loss_Lu 0.02810
18:01:25 Epoch 140 Test Acc: 93.37
18:01:27 Epoch 140  EMA Test Acc: 93.75
Loss   2.29 Loss_Lx   2.15 Loss_Lu 0.02812
18:03:13 Epoch 141 Test Acc: 93.46
18:03:15 Epoch 141  EMA Test Acc: 94.55
Loss   2.27 Loss_Lx   2.13 Loss_Lu 0.02775
18:05:01 Epoch 142 Test Acc: 93.82
18:05:03 Epoch 142  EMA Test Acc: 94.49
Loss   2.27 Loss_Lx   2.13 Loss_Lu 0.02798
18:06:49 Epoch 143 Test Acc: 93.85
18:06:52 Epoch 143  EMA Test Acc: 94.5
Loss   2.28 Loss_Lx   2.13 Loss_Lu 0.02828
18:08:38 Epoch 144 Test Acc: 94.18
18:08:40 Epoch 144  EMA Test Acc: 94.73
Loss   2.28 Loss_Lx   2.14 Loss_Lu 0.02793
18:10:26 Epoch 145 Test Acc: 93.94
18:10:29 Epoch 145  EMA Test Acc: 94.4
Loss   2.25 Loss_Lx   2.12 Loss_Lu 0.02775
18:12:15 Epoch 146 Test Acc: 94.1
18:12:17 Epoch 146  EMA Test Acc: 94.26
Loss   2.26 Loss_Lx   2.12 Loss_Lu 0.02767
18:14:03 Epoch 147 Test Acc: 93.97
18:14:06 Epoch 147  EMA Test Acc: 94.13
Loss   2.28 Loss_Lx   2.14 Loss_Lu 0.02782
18:15:51 Epoch 148 Test Acc: 93.99
18:15:54 Epoch 148  EMA Test Acc: 94.27
Loss   2.27 Loss_Lx   2.13 Loss_Lu 0.02802
18:17:40 Epoch 149 Test Acc: 93.49
18:17:42 Epoch 149  EMA Test Acc: 94.65
Loss   1.71 Loss_Lx   1.60 Loss_Lu 0.02207
18:19:28 Epoch 150 Test Acc: 93.53
18:19:30 Epoch 150  EMA Test Acc: 93.87
Loss   1.63 Loss_Lx   1.52 Loss_Lu 0.02189
18:21:16 Epoch 151 Test Acc: 93.63
18:21:18 Epoch 151  EMA Test Acc: 94.01
Loss   1.70 Loss_Lx   1.59 Loss_Lu 0.02225
18:23:04 Epoch 152 Test Acc: 93.15
18:23:07 Epoch 152  EMA Test Acc: 94.53
Loss   1.68 Loss_Lx   1.57 Loss_Lu 0.02232
18:24:53 Epoch 153 Test Acc: 93.56
18:24:55 Epoch 153  EMA Test Acc: 94.06
Loss   1.72 Loss_Lx   1.61 Loss_Lu 0.02234
18:26:41 Epoch 154 Test Acc: 92.56
18:26:44 Epoch 154  EMA Test Acc: 94.82
Loss   1.71 Loss_Lx   1.60 Loss_Lu 0.02210
18:28:29 Epoch 155 Test Acc: 93.43
18:28:32 Epoch 155  EMA Test Acc: 94.49
Loss   1.76 Loss_Lx   1.64 Loss_Lu 0.02288
18:30:17 Epoch 156 Test Acc: 93.39
18:30:20 Epoch 156  EMA Test Acc: 94.34
Loss   1.66 Loss_Lx   1.55 Loss_Lu 0.02194
18:32:05 Epoch 157 Test Acc: 93.51
18:32:08 Epoch 157  EMA Test Acc: 94.5
Loss   1.67 Loss_Lx   1.56 Loss_Lu 0.02152
18:33:53 Epoch 158 Test Acc: 93.9
18:33:55 Epoch 158  EMA Test Acc: 93.74
Loss   1.72 Loss_Lx   1.61 Loss_Lu 0.02244
18:35:41 Epoch 159 Test Acc: 93.6
18:35:44 Epoch 159  EMA Test Acc: 94.62
Loss   1.65 Loss_Lx   1.54 Loss_Lu 0.02121
18:37:29 Epoch 160 Test Acc: 93.6
18:37:32 Epoch 160  EMA Test Acc: 94.8
Loss   1.69 Loss_Lx   1.58 Loss_Lu 0.02252
18:39:17 Epoch 161 Test Acc: 93.74
18:39:20 Epoch 161  EMA Test Acc: 94.2
Loss   1.62 Loss_Lx   1.51 Loss_Lu 0.02149
18:41:05 Epoch 162 Test Acc: 92.72
18:41:07 Epoch 162  EMA Test Acc: 95.01
Loss   1.73 Loss_Lx   1.62 Loss_Lu 0.02216
18:42:53 Epoch 163 Test Acc: 94.21
18:42:56 Epoch 163  EMA Test Acc: 95.16
Loss   1.73 Loss_Lx   1.63 Loss_Lu 0.02178
18:44:41 Epoch 164 Test Acc: 94.16
18:44:44 Epoch 164  EMA Test Acc: 95.02
Loss   1.68 Loss_Lx   1.57 Loss_Lu 0.02194
18:46:30 Epoch 165 Test Acc: 94.0
18:46:32 Epoch 165  EMA Test Acc: 94.72
Loss   1.70 Loss_Lx   1.59 Loss_Lu 0.02216
18:48:18 Epoch 166 Test Acc: 93.96
18:48:21 Epoch 166  EMA Test Acc: 94.43
Loss   1.66 Loss_Lx   1.56 Loss_Lu 0.02145
18:50:06 Epoch 167 Test Acc: 94.07
18:50:09 Epoch 167  EMA Test Acc: 94.58
Loss   1.66 Loss_Lx   1.56 Loss_Lu 0.02182
18:51:55 Epoch 168 Test Acc: 94.26
18:51:57 Epoch 168  EMA Test Acc: 93.37
Loss   1.66 Loss_Lx   1.55 Loss_Lu 0.02160
18:53:43 Epoch 169 Test Acc: 93.96
18:53:45 Epoch 169  EMA Test Acc: 94.79
Loss   1.65 Loss_Lx   1.55 Loss_Lu 0.02146
18:55:31 Epoch 170 Test Acc: 94.34
18:55:34 Epoch 170  EMA Test Acc: 94.25
Loss   1.67 Loss_Lx   1.56 Loss_Lu 0.02134
18:57:19 Epoch 171 Test Acc: 94.44
18:57:22 Epoch 171  EMA Test Acc: 95.21
Loss   1.68 Loss_Lx   1.58 Loss_Lu 0.02165
18:59:08 Epoch 172 Test Acc: 94.2
18:59:10 Epoch 172  EMA Test Acc: 94.82
Loss   1.62 Loss_Lx   1.52 Loss_Lu 0.02047
19:00:56 Epoch 173 Test Acc: 94.34
19:00:59 Epoch 173  EMA Test Acc: 94.98
Loss   1.68 Loss_Lx   1.58 Loss_Lu 0.02107
19:02:44 Epoch 174 Test Acc: 94.46
19:02:47 Epoch 174  EMA Test Acc: 94.89
Loss   1.66 Loss_Lx   1.56 Loss_Lu 0.02061
19:04:32 Epoch 175 Test Acc: 94.33
19:04:35 Epoch 175  EMA Test Acc: 94.79
Loss   1.59 Loss_Lx   1.49 Loss_Lu 0.02062
19:06:21 Epoch 176 Test Acc: 94.33
19:06:23 Epoch 176  EMA Test Acc: 94.76
Loss   1.66 Loss_Lx   1.56 Loss_Lu 0.02053
19:08:08 Epoch 177 Test Acc: 93.65
19:08:11 Epoch 177  EMA Test Acc: 94.82
Loss   1.57 Loss_Lx   1.47 Loss_Lu 0.01998
19:09:56 Epoch 178 Test Acc: 94.44
19:09:59 Epoch 178  EMA Test Acc: 95.11
Loss   1.60 Loss_Lx   1.50 Loss_Lu 0.01969
19:11:44 Epoch 179 Test Acc: 94.65
19:11:47 Epoch 179  EMA Test Acc: 94.94
Loss   1.62 Loss_Lx   1.52 Loss_Lu 0.02009
19:13:32 Epoch 180 Test Acc: 93.51
19:13:35 Epoch 180  EMA Test Acc: 95.26
Loss   1.61 Loss_Lx   1.51 Loss_Lu 0.02015
19:15:20 Epoch 181 Test Acc: 94.97
19:15:23 Epoch 181  EMA Test Acc: 94.99
Loss   1.65 Loss_Lx   1.55 Loss_Lu 0.02066
19:17:08 Epoch 182 Test Acc: 94.52
19:17:11 Epoch 182  EMA Test Acc: 95.09
Loss   1.57 Loss_Lx   1.47 Loss_Lu 0.01980
19:18:57 Epoch 183 Test Acc: 94.01
19:19:00 Epoch 183  EMA Test Acc: 95.04
Loss   1.63 Loss_Lx   1.53 Loss_Lu 0.02004
19:20:45 Epoch 184 Test Acc: 94.99
19:20:48 Epoch 184  EMA Test Acc: 95.17
Loss   1.62 Loss_Lx   1.52 Loss_Lu 0.02045
19:22:34 Epoch 185 Test Acc: 94.58
19:22:37 Epoch 185  EMA Test Acc: 95.11
Loss   1.62 Loss_Lx   1.52 Loss_Lu 0.01982
19:24:23 Epoch 186 Test Acc: 94.5
19:24:25 Epoch 186  EMA Test Acc: 95.14
Loss   1.70 Loss_Lx   1.60 Loss_Lu 0.02054
19:26:11 Epoch 187 Test Acc: 94.42
19:26:14 Epoch 187  EMA Test Acc: 95.13
Loss   1.61 Loss_Lx   1.51 Loss_Lu 0.01913
19:27:59 Epoch 188 Test Acc: 94.31
19:28:02 Epoch 188  EMA Test Acc: 94.75
Loss   1.63 Loss_Lx   1.53 Loss_Lu 0.01897
19:29:48 Epoch 189 Test Acc: 94.76
19:29:51 Epoch 189  EMA Test Acc: 95.01
Loss   1.58 Loss_Lx   1.49 Loss_Lu 0.01889
19:31:37 Epoch 190 Test Acc: 94.83
19:31:39 Epoch 190  EMA Test Acc: 95.3
Loss   1.57 Loss_Lx   1.48 Loss_Lu 0.01936
19:33:25 Epoch 191 Test Acc: 94.54
19:33:28 Epoch 191  EMA Test Acc: 94.24
Loss   1.58 Loss_Lx   1.49 Loss_Lu 0.01925
19:35:13 Epoch 192 Test Acc: 94.3
19:35:16 Epoch 192  EMA Test Acc: 95.47
Loss   1.64 Loss_Lx   1.54 Loss_Lu 0.01972
19:37:02 Epoch 193 Test Acc: 94.4
19:37:05 Epoch 193  EMA Test Acc: 95.14
Loss   1.53 Loss_Lx   1.43 Loss_Lu 0.01838
19:38:51 Epoch 194 Test Acc: 95.11
19:38:53 Epoch 194  EMA Test Acc: 94.91
Loss   1.64 Loss_Lx   1.54 Loss_Lu 0.01999
19:40:39 Epoch 195 Test Acc: 95.02
19:40:42 Epoch 195  EMA Test Acc: 95.08
Loss   1.50 Loss_Lx   1.41 Loss_Lu 0.01775
19:42:27 Epoch 196 Test Acc: 94.56
19:42:30 Epoch 196  EMA Test Acc: 94.86
Loss   1.55 Loss_Lx   1.46 Loss_Lu 0.01804
19:44:16 Epoch 197 Test Acc: 94.74
19:44:19 Epoch 197  EMA Test Acc: 95.05
Loss   1.59 Loss_Lx   1.49 Loss_Lu 0.01856
19:46:04 Epoch 198 Test Acc: 94.66
19:46:07 Epoch 198  EMA Test Acc: 94.97
Loss   1.59 Loss_Lx   1.50 Loss_Lu 0.01867
19:47:53 Epoch 199 Test Acc: 94.46
19:47:55 Epoch 199  EMA Test Acc: 95.18
Loss   1.60 Loss_Lx   1.50 Loss_Lu 0.01867
19:49:41 Epoch 200 Test Acc: 94.48
19:49:44 Epoch 200  EMA Test Acc: 95.53
Loss   1.65 Loss_Lx   1.55 Loss_Lu 0.01938
19:51:30 Epoch 201 Test Acc: 95.06
19:51:32 Epoch 201  EMA Test Acc: 95.64
Loss   1.53 Loss_Lx   1.44 Loss_Lu 0.01754
19:53:19 Epoch 202 Test Acc: 95.25
19:53:21 Epoch 202  EMA Test Acc: 95.33
Loss   1.61 Loss_Lx   1.52 Loss_Lu 0.01799
19:55:07 Epoch 203 Test Acc: 95.15
19:55:09 Epoch 203  EMA Test Acc: 95.12
Loss   1.60 Loss_Lx   1.51 Loss_Lu 0.01825
19:56:56 Epoch 204 Test Acc: 94.92
19:56:58 Epoch 204  EMA Test Acc: 95.09
Loss   1.55 Loss_Lx   1.46 Loss_Lu 0.01761
19:58:44 Epoch 205 Test Acc: 95.12
19:58:47 Epoch 205  EMA Test Acc: 95.31
Loss   1.58 Loss_Lx   1.49 Loss_Lu 0.01786
20:00:32 Epoch 206 Test Acc: 94.38
20:00:35 Epoch 206  EMA Test Acc: 95.3
Loss   1.54 Loss_Lx   1.45 Loss_Lu 0.01770
20:02:21 Epoch 207 Test Acc: 94.32
20:02:23 Epoch 207  EMA Test Acc: 95.41
Loss   1.61 Loss_Lx   1.52 Loss_Lu 0.01860
20:04:10 Epoch 208 Test Acc: 95.28
20:04:12 Epoch 208  EMA Test Acc: 95.2
Loss   1.55 Loss_Lx   1.46 Loss_Lu 0.01802
20:05:58 Epoch 209 Test Acc: 94.57
20:06:00 Epoch 209  EMA Test Acc: 94.72
Loss   1.49 Loss_Lx   1.41 Loss_Lu 0.01725
20:07:46 Epoch 210 Test Acc: 94.75
20:07:49 Epoch 210  EMA Test Acc: 95.55
Loss   1.57 Loss_Lx   1.48 Loss_Lu 0.01791
20:09:35 Epoch 211 Test Acc: 95.1
20:09:37 Epoch 211  EMA Test Acc: 95.28
Loss   1.55 Loss_Lx   1.47 Loss_Lu 0.01767
20:11:23 Epoch 212 Test Acc: 94.88
20:11:26 Epoch 212  EMA Test Acc: 95.39
Loss   1.49 Loss_Lx   1.41 Loss_Lu 0.01718
20:13:11 Epoch 213 Test Acc: 95.35
20:13:14 Epoch 213  EMA Test Acc: 95.21
Loss   1.52 Loss_Lx   1.43 Loss_Lu 0.01719
20:14:59 Epoch 214 Test Acc: 94.7
20:15:02 Epoch 214  EMA Test Acc: 95.64
Loss   1.58 Loss_Lx   1.49 Loss_Lu 0.01802
20:16:49 Epoch 215 Test Acc: 95.34
20:16:51 Epoch 215  EMA Test Acc: 95.81
Loss   1.51 Loss_Lx   1.43 Loss_Lu 0.01674
20:18:38 Epoch 216 Test Acc: 95.36
20:18:40 Epoch 216  EMA Test Acc: 95.6
Loss   1.52 Loss_Lx   1.43 Loss_Lu 0.01756
20:20:27 Epoch 217 Test Acc: 95.16
20:20:29 Epoch 217  EMA Test Acc: 95.49
Loss   1.54 Loss_Lx   1.45 Loss_Lu 0.01748
20:22:15 Epoch 218 Test Acc: 95.3
20:22:17 Epoch 218  EMA Test Acc: 95.73
Loss   1.53 Loss_Lx   1.45 Loss_Lu 0.01699
20:24:03 Epoch 219 Test Acc: 95.19
20:24:05 Epoch 219  EMA Test Acc: 95.59
Loss   1.58 Loss_Lx   1.49 Loss_Lu 0.01755
20:25:51 Epoch 220 Test Acc: 95.04
20:25:53 Epoch 220  EMA Test Acc: 95.71
Loss   1.48 Loss_Lx   1.40 Loss_Lu 0.01633
20:27:39 Epoch 221 Test Acc: 95.04
20:27:42 Epoch 221  EMA Test Acc: 95.13
Loss   1.47 Loss_Lx   1.39 Loss_Lu 0.01638
20:29:27 Epoch 222 Test Acc: 95.27
20:29:30 Epoch 222  EMA Test Acc: 95.45
Loss   1.51 Loss_Lx   1.43 Loss_Lu 0.01666
20:31:16 Epoch 223 Test Acc: 94.79
20:31:18 Epoch 223  EMA Test Acc: 95.22
Loss   1.49 Loss_Lx   1.41 Loss_Lu 0.01714
20:33:04 Epoch 224 Test Acc: 94.69
20:33:07 Epoch 224  EMA Test Acc: 95.05
Loss   1.53 Loss_Lx   1.45 Loss_Lu 0.01740
20:34:53 Epoch 225 Test Acc: 95.18
20:34:55 Epoch 225  EMA Test Acc: 95.58
Loss   1.54 Loss_Lx   1.46 Loss_Lu 0.01645
20:36:41 Epoch 226 Test Acc: 95.28
20:36:43 Epoch 226  EMA Test Acc: 95.54
Loss   1.47 Loss_Lx   1.39 Loss_Lu 0.01583
20:38:29 Epoch 227 Test Acc: 95.23
20:38:32 Epoch 227  EMA Test Acc: 95.63
Loss   1.48 Loss_Lx   1.40 Loss_Lu 0.01590
20:40:17 Epoch 228 Test Acc: 95.21
20:40:20 Epoch 228  EMA Test Acc: 95.47
Loss   1.51 Loss_Lx   1.43 Loss_Lu 0.01613
20:42:06 Epoch 229 Test Acc: 95.37
20:42:08 Epoch 229  EMA Test Acc: 95.21
Loss   1.45 Loss_Lx   1.37 Loss_Lu 0.01559
20:43:54 Epoch 230 Test Acc: 95.22
20:43:57 Epoch 230  EMA Test Acc: 95.59
Loss   1.48 Loss_Lx   1.40 Loss_Lu 0.01593
20:45:43 Epoch 231 Test Acc: 95.39
20:45:45 Epoch 231  EMA Test Acc: 95.39
Loss   1.47 Loss_Lx   1.40 Loss_Lu 0.01558
20:47:31 Epoch 232 Test Acc: 95.53
20:47:34 Epoch 232  EMA Test Acc: 95.37
Loss   1.45 Loss_Lx   1.37 Loss_Lu 0.01514
20:49:20 Epoch 233 Test Acc: 95.46
20:49:22 Epoch 233  EMA Test Acc: 95.67
Loss   1.50 Loss_Lx   1.42 Loss_Lu 0.01566
20:51:08 Epoch 234 Test Acc: 95.44
20:51:11 Epoch 234  EMA Test Acc: 95.67
Loss   1.49 Loss_Lx   1.41 Loss_Lu 0.01556
20:52:57 Epoch 235 Test Acc: 95.34
20:52:59 Epoch 235  EMA Test Acc: 95.82
Loss   1.44 Loss_Lx   1.37 Loss_Lu 0.01477
20:54:46 Epoch 236 Test Acc: 95.19
20:54:48 Epoch 236  EMA Test Acc: 95.73
Loss   1.47 Loss_Lx   1.40 Loss_Lu 0.01513
20:56:34 Epoch 237 Test Acc: 95.54
20:56:37 Epoch 237  EMA Test Acc: 95.59
Loss   1.46 Loss_Lx   1.39 Loss_Lu 0.01457
20:58:22 Epoch 238 Test Acc: 95.62
20:58:25 Epoch 238  EMA Test Acc: 95.58
Loss   1.44 Loss_Lx   1.37 Loss_Lu 0.01453
21:00:11 Epoch 239 Test Acc: 95.54
21:00:14 Epoch 239  EMA Test Acc: 95.85
Loss   1.46 Loss_Lx   1.38 Loss_Lu 0.01479
21:02:00 Epoch 240 Test Acc: 95.42
21:02:02 Epoch 240  EMA Test Acc: 95.6
Loss   1.46 Loss_Lx   1.39 Loss_Lu 0.01479
21:03:48 Epoch 241 Test Acc: 95.64
21:03:51 Epoch 241  EMA Test Acc: 95.73
Loss   1.44 Loss_Lx   1.37 Loss_Lu 0.01441
21:05:37 Epoch 242 Test Acc: 95.49
21:05:39 Epoch 242  EMA Test Acc: 95.63
Loss   1.44 Loss_Lx   1.37 Loss_Lu 0.01475
21:07:26 Epoch 243 Test Acc: 95.52
21:07:28 Epoch 243  EMA Test Acc: 95.62
Loss   1.36 Loss_Lx   1.29 Loss_Lu 0.01331
21:09:13 Epoch 244 Test Acc: 95.49
21:09:16 Epoch 244  EMA Test Acc: 95.37
Loss   1.44 Loss_Lx   1.36 Loss_Lu 0.01454
21:11:01 Epoch 245 Test Acc: 95.5
21:11:03 Epoch 245  EMA Test Acc: 95.51
Loss   1.41 Loss_Lx   1.34 Loss_Lu 0.01391
21:12:49 Epoch 246 Test Acc: 95.43
21:12:52 Epoch 246  EMA Test Acc: 95.62
Loss   1.46 Loss_Lx   1.38 Loss_Lu 0.01427
21:14:38 Epoch 247 Test Acc: 95.43
21:14:40 Epoch 247  EMA Test Acc: 95.33
Loss   1.41 Loss_Lx   1.35 Loss_Lu 0.01357
21:16:26 Epoch 248 Test Acc: 95.55
21:16:28 Epoch 248  EMA Test Acc: 95.53
Loss   1.38 Loss_Lx   1.31 Loss_Lu 0.01368
21:18:15 Epoch 249 Test Acc: 95.47
21:18:17 Epoch 249  EMA Test Acc: 95.7
Loss   1.40 Loss_Lx   1.33 Loss_Lu 0.01347
21:20:02 Epoch 250 Test Acc: 95.78
21:20:05 Epoch 250  EMA Test Acc: 95.41
Loss   1.36 Loss_Lx   1.29 Loss_Lu 0.01315
21:21:50 Epoch 251 Test Acc: 95.46
21:21:53 Epoch 251  EMA Test Acc: 95.76
Loss   1.38 Loss_Lx   1.32 Loss_Lu 0.01290
21:23:38 Epoch 252 Test Acc: 95.55
21:23:41 Epoch 252  EMA Test Acc: 95.73
Loss   1.46 Loss_Lx   1.39 Loss_Lu 0.01433
21:25:26 Epoch 253 Test Acc: 95.8
21:25:28 Epoch 253  EMA Test Acc: 95.8
Loss   1.33 Loss_Lx   1.27 Loss_Lu 0.01305
21:27:14 Epoch 254 Test Acc: 95.27
21:27:16 Epoch 254  EMA Test Acc: 95.53
Loss   1.40 Loss_Lx   1.33 Loss_Lu 0.01349
21:29:01 Epoch 255 Test Acc: 95.64
21:29:04 Epoch 255  EMA Test Acc: 95.79
Loss   1.39 Loss_Lx   1.33 Loss_Lu 0.01329
21:30:49 Epoch 256 Test Acc: 95.96
21:30:52 Epoch 256  EMA Test Acc: 95.89
Loss   1.36 Loss_Lx   1.29 Loss_Lu 0.01321
21:32:38 Epoch 257 Test Acc: 95.47
21:32:40 Epoch 257  EMA Test Acc: 95.79
Loss   1.35 Loss_Lx   1.28 Loss_Lu 0.01262
21:34:25 Epoch 258 Test Acc: 95.81
21:34:28 Epoch 258  EMA Test Acc: 95.64
Loss   1.38 Loss_Lx   1.31 Loss_Lu 0.01342
21:36:13 Epoch 259 Test Acc: 95.69
21:36:16 Epoch 259  EMA Test Acc: 96.02
Loss   1.37 Loss_Lx   1.30 Loss_Lu 0.01334
21:38:01 Epoch 260 Test Acc: 95.98
21:38:04 Epoch 260  EMA Test Acc: 95.79
Loss   1.37 Loss_Lx   1.31 Loss_Lu 0.01276
21:39:49 Epoch 261 Test Acc: 95.69
21:39:52 Epoch 261  EMA Test Acc: 95.91
Loss   1.36 Loss_Lx   1.30 Loss_Lu 0.01261
21:41:37 Epoch 262 Test Acc: 95.91
21:41:39 Epoch 262  EMA Test Acc: 96.01
Loss   1.28 Loss_Lx   1.22 Loss_Lu 0.01189
21:43:24 Epoch 263 Test Acc: 95.95
21:43:27 Epoch 263  EMA Test Acc: 95.95
Loss   1.37 Loss_Lx   1.31 Loss_Lu 0.01220
21:45:12 Epoch 264 Test Acc: 95.87
21:45:15 Epoch 264  EMA Test Acc: 95.83
Loss   1.36 Loss_Lx   1.30 Loss_Lu 0.01255
21:47:00 Epoch 265 Test Acc: 96.08
21:47:03 Epoch 265  EMA Test Acc: 96.0
Loss   1.38 Loss_Lx   1.31 Loss_Lu 0.01287
21:48:48 Epoch 266 Test Acc: 95.83
21:48:50 Epoch 266  EMA Test Acc: 96.06
Loss   1.35 Loss_Lx   1.29 Loss_Lu 0.01225
21:50:36 Epoch 267 Test Acc: 95.87
21:50:38 Epoch 267  EMA Test Acc: 95.95
Loss   1.39 Loss_Lx   1.32 Loss_Lu 0.01261
21:52:23 Epoch 268 Test Acc: 95.77
21:52:26 Epoch 268  EMA Test Acc: 95.83
Loss   1.37 Loss_Lx   1.31 Loss_Lu 0.01208
21:54:11 Epoch 269 Test Acc: 95.92
21:54:14 Epoch 269  EMA Test Acc: 95.98
Loss   1.37 Loss_Lx   1.30 Loss_Lu 0.01261
21:55:59 Epoch 270 Test Acc: 96.06
21:56:02 Epoch 270  EMA Test Acc: 95.86
Loss   1.30 Loss_Lx   1.24 Loss_Lu 0.01171
21:57:47 Epoch 271 Test Acc: 96.04
21:57:49 Epoch 271  EMA Test Acc: 96.0
Loss   1.31 Loss_Lx   1.25 Loss_Lu 0.01162
21:59:34 Epoch 272 Test Acc: 96.01
21:59:37 Epoch 272  EMA Test Acc: 96.05
Loss   1.44 Loss_Lx   1.37 Loss_Lu 0.01319
22:01:22 Epoch 273 Test Acc: 95.93
22:01:25 Epoch 273  EMA Test Acc: 96.03
Loss   1.36 Loss_Lx   1.30 Loss_Lu 0.01245
22:03:10 Epoch 274 Test Acc: 95.75
22:03:12 Epoch 274  EMA Test Acc: 95.71
Loss   1.31 Loss_Lx   1.25 Loss_Lu 0.01160
22:04:57 Epoch 275 Test Acc: 95.96
22:04:59 Epoch 275  EMA Test Acc: 95.83
Loss   1.31 Loss_Lx   1.25 Loss_Lu 0.01162
22:06:45 Epoch 276 Test Acc: 95.86
22:06:47 Epoch 276  EMA Test Acc: 95.88
Loss   1.30 Loss_Lx   1.25 Loss_Lu 0.01122
22:08:33 Epoch 277 Test Acc: 95.91
22:08:35 Epoch 277  EMA Test Acc: 96.04
Loss   1.35 Loss_Lx   1.29 Loss_Lu 0.01190
22:10:21 Epoch 278 Test Acc: 96.08
22:10:23 Epoch 278  EMA Test Acc: 96.09
Loss   1.37 Loss_Lx   1.31 Loss_Lu 0.01237
22:12:09 Epoch 279 Test Acc: 96.06
22:12:11 Epoch 279  EMA Test Acc: 96.04
Loss   1.37 Loss_Lx   1.31 Loss_Lu 0.01222
22:13:56 Epoch 280 Test Acc: 96.04
22:13:59 Epoch 280  EMA Test Acc: 95.97
Loss   1.39 Loss_Lx   1.33 Loss_Lu 0.01211
22:15:44 Epoch 281 Test Acc: 95.89
22:15:46 Epoch 281  EMA Test Acc: 95.99
Loss   1.31 Loss_Lx   1.25 Loss_Lu 0.01145
22:17:32 Epoch 282 Test Acc: 95.84
22:17:34 Epoch 282  EMA Test Acc: 95.92
Loss   1.34 Loss_Lx   1.28 Loss_Lu 0.01174
22:19:20 Epoch 283 Test Acc: 95.96
22:19:22 Epoch 283  EMA Test Acc: 96.04
Loss   1.36 Loss_Lx   1.30 Loss_Lu 0.01203
22:21:08 Epoch 284 Test Acc: 96.05
22:21:10 Epoch 284  EMA Test Acc: 95.98
Loss   1.37 Loss_Lx   1.31 Loss_Lu 0.01203
22:22:55 Epoch 285 Test Acc: 96.0
22:22:58 Epoch 285  EMA Test Acc: 96.06
Loss   1.35 Loss_Lx   1.29 Loss_Lu 0.01188
22:24:43 Epoch 286 Test Acc: 95.98
22:24:46 Epoch 286  EMA Test Acc: 95.88
Loss   1.35 Loss_Lx   1.29 Loss_Lu 0.01217
22:26:31 Epoch 287 Test Acc: 96.05
22:26:33 Epoch 287  EMA Test Acc: 96.03
Loss   1.34 Loss_Lx   1.28 Loss_Lu 0.01172
22:28:18 Epoch 288 Test Acc: 96.03
22:28:21 Epoch 288  EMA Test Acc: 95.96
Loss   1.35 Loss_Lx   1.29 Loss_Lu 0.01211
22:30:06 Epoch 289 Test Acc: 95.98
22:30:09 Epoch 289  EMA Test Acc: 96.0
Loss   1.38 Loss_Lx   1.32 Loss_Lu 0.01246
22:31:54 Epoch 290 Test Acc: 96.03
22:31:57 Epoch 290  EMA Test Acc: 95.95
Loss   1.30 Loss_Lx   1.24 Loss_Lu 0.01146
22:33:41 Epoch 291 Test Acc: 96.12
22:33:44 Epoch 291  EMA Test Acc: 96.06
Loss   1.35 Loss_Lx   1.29 Loss_Lu 0.01185
22:35:27 Epoch 292 Test Acc: 96.08
22:35:30 Epoch 292  EMA Test Acc: 96.07
Loss   1.38 Loss_Lx   1.32 Loss_Lu 0.01219
22:37:13 Epoch 293 Test Acc: 95.95
22:37:16 Epoch 293  EMA Test Acc: 96.05
Loss   1.36 Loss_Lx   1.30 Loss_Lu 0.01206
22:38:59 Epoch 294 Test Acc: 96.11
22:39:01 Epoch 294  EMA Test Acc: 96.15
Loss   1.33 Loss_Lx   1.27 Loss_Lu 0.01141
22:40:45 Epoch 295 Test Acc: 96.09
22:40:47 Epoch 295  EMA Test Acc: 96.06
Loss   1.32 Loss_Lx   1.26 Loss_Lu 0.01139
22:42:30 Epoch 296 Test Acc: 95.95
22:42:33 Epoch 296  EMA Test Acc: 96.04
Loss   1.28 Loss_Lx   1.22 Loss_Lu 0.01062
22:44:16 Epoch 297 Test Acc: 95.9
22:44:18 Epoch 297  EMA Test Acc: 95.95
Loss   1.35 Loss_Lx   1.29 Loss_Lu 0.01149
22:46:01 Epoch 298 Test Acc: 95.97
22:46:04 Epoch 298  EMA Test Acc: 96.03
Loss   1.31 Loss_Lx   1.25 Loss_Lu 0.01118
22:47:47 Epoch 299 Test Acc: 95.99
22:47:50 Epoch 299  EMA Test Acc: 96.04
22:47:50 Best Test Acc: 96.15235137939453
