Sun Jul 10 09:56:27 2022       
+-----------------------------------------------------------------------------+
| NVIDIA-SMI 515.48.07    Driver Version: 515.48.07    CUDA Version: 11.7     |
|-------------------------------+----------------------+----------------------+
| GPU  Name        Persistence-M| Bus-Id        Disp.A | Volatile Uncorr. ECC |
| Fan  Temp  Perf  Pwr:Usage/Cap|         Memory-Usage | GPU-Util  Compute M. |
|                               |                      |               MIG M. |
|===============================+======================+======================|
|   0  NVIDIA A100-SXM...  Off  | 00000000:A8:00.0 Off |                    0 |
| N/A   29C    P0    68W / 400W |      4MiB / 81920MiB |      0%   E. Process |
|                               |                      |             Disabled |
+-------------------------------+----------------------+----------------------+
|   1  NVIDIA A100-SXM...  Off  | 00000000:AB:00.0 Off |                    0 |
| N/A   32C    P0    63W / 400W |      4MiB / 81920MiB |      0%   E. Process |
|                               |                      |             Disabled |
+-------------------------------+----------------------+----------------------+
                                                                               
+-----------------------------------------------------------------------------+
| Processes:                                                                  |
|  GPU   GI   CI        PID   Type   Process name                  GPU Memory |
|        ID   ID                                                   Usage      |
|=============================================================================|
|    0   N/A  N/A      3513      G   /usr/lib/xorg/Xorg                  4MiB |
|    1   N/A  N/A      3513      G   /usr/lib/xorg/Xorg                  4MiB |
+-----------------------------------------------------------------------------+
Namespace(PES_lr=0.0001, T=0.5, T1=0, T2=5, alpha=4, batch_size=128, data_path='./data', data_percent=1, dataset='CIFAR10', ema=0.997, lambda_u=0, lr=0.02, noise_type='random_label2', num_epochs=300, optim='cos', seed=2, weight_decay=0.0005)
Files already downloaded and verified
Files already downloaded and verified
Train Epoch: [0][  0/390]	Time   0.10	Data   0.00	Loss   3.89	Acc@1  29.81
09:57:17 Epoch 0 Test Acc: 41.64
09:57:20 Epoch 0  EMA Test Acc: 16.79
Train Epoch: [1][  0/390]	Time   0.10	Data   0.00	Loss   3.24	Acc@1  44.02
09:58:03 Epoch 1 Test Acc: 54.43
09:58:05 Epoch 1  EMA Test Acc: 29.39
Train Epoch: [2][  0/390]	Time   0.10	Data   0.00	Loss   2.93	Acc@1  51.33
09:58:48 Epoch 2 Test Acc: 65.05
09:58:50 Epoch 2  EMA Test Acc: 55.41
Train Epoch: [3][  0/390]	Time   0.10	Data   0.00	Loss   2.70	Acc@1  56.14
09:59:33 Epoch 3 Test Acc: 70.59
09:59:36 Epoch 3  EMA Test Acc: 54.01
Train Epoch: [4][  0/390]	Time   0.10	Data   0.00	Loss   2.52	Acc@1  60.09
10:00:18 Epoch 4 Test Acc: 71.83
10:00:21 Epoch 4  EMA Test Acc: 70.62
Train Epoch: [5][  0/390]	Time   0.10	Data   0.00	Loss   2.42	Acc@1  62.43
10:01:03 Epoch 5 Test Acc: 68.21
10:01:06 Epoch 5  EMA Test Acc: 76.04
Train Epoch: [6][  0/390]	Time   0.10	Data   0.00	Loss   2.34	Acc@1  64.12
10:01:48 Epoch 6 Test Acc: 73.83
10:01:51 Epoch 6  EMA Test Acc: 73.6
Train Epoch: [7][  0/390]	Time   0.10	Data   0.00	Loss   2.26	Acc@1  65.55
10:02:34 Epoch 7 Test Acc: 77.23
10:02:36 Epoch 7  EMA Test Acc: 76.23
Train Epoch: [8][  0/390]	Time   0.10	Data   0.00	Loss   2.22	Acc@1  66.55
10:03:19 Epoch 8 Test Acc: 77.15
10:03:21 Epoch 8  EMA Test Acc: 77.32
Train Epoch: [9][  0/390]	Time   0.10	Data   0.00	Loss   2.16	Acc@1  67.59
10:04:04 Epoch 9 Test Acc: 77.55
10:04:06 Epoch 9  EMA Test Acc: 81.0
Train Epoch: [10][  0/390]	Time   0.10	Data   0.00	Loss   2.13	Acc@1  68.05
10:04:49 Epoch 10 Test Acc: 80.31
10:04:51 Epoch 10  EMA Test Acc: 81.63
Train Epoch: [11][  0/390]	Time   0.10	Data   0.00	Loss   2.09	Acc@1  69.17
10:05:34 Epoch 11 Test Acc: 81.3
10:05:37 Epoch 11  EMA Test Acc: 82.53
Train Epoch: [12][  0/390]	Time   0.10	Data   0.00	Loss   2.07	Acc@1  69.54
10:06:19 Epoch 12 Test Acc: 82.89
10:06:22 Epoch 12  EMA Test Acc: 74.14
Train Epoch: [13][  0/390]	Time   0.10	Data   0.00	Loss   2.04	Acc@1  69.95
10:07:04 Epoch 13 Test Acc: 81.34
10:07:07 Epoch 13  EMA Test Acc: 85.27
Train Epoch: [14][  0/390]	Time   0.10	Data   0.00	Loss   2.01	Acc@1  70.52
10:07:49 Epoch 14 Test Acc: 82.25
10:07:52 Epoch 14  EMA Test Acc: 82.71
Train Epoch: [15][  0/390]	Time   0.10	Data   0.00	Loss   1.99	Acc@1  70.97
10:08:34 Epoch 15 Test Acc: 82.29
10:08:37 Epoch 15  EMA Test Acc: 83.78
Train Epoch: [16][  0/390]	Time   0.10	Data   0.00	Loss   1.98	Acc@1  71.12
10:09:19 Epoch 16 Test Acc: 82.32
10:09:22 Epoch 16  EMA Test Acc: 84.92
Train Epoch: [17][  0/390]	Time   0.10	Data   0.00	Loss   1.96	Acc@1  71.63
10:10:05 Epoch 17 Test Acc: 84.04
10:10:07 Epoch 17  EMA Test Acc: 83.59
Train Epoch: [18][  0/390]	Time   0.10	Data   0.00	Loss   1.94	Acc@1  72.01
10:10:50 Epoch 18 Test Acc: 83.01
10:10:52 Epoch 18  EMA Test Acc: 84.16
Train Epoch: [19][  0/390]	Time   0.10	Data   0.00	Loss   1.92	Acc@1  72.36
10:11:35 Epoch 19 Test Acc: 83.98
10:11:37 Epoch 19  EMA Test Acc: 80.27
re-initalize the final layer
Train Epoch: [0][  0/390]	Time   0.05	Data   0.00	Loss   2.93	Acc@1  71.33
10:11:58 Epoch 0 Test Acc: 87.12
Train Epoch: [1][  0/390]	Time   0.05	Data   0.00	Loss   2.18	Acc@1  73.57
10:12:19 Epoch 1 Test Acc: 87.3
Train Epoch: [2][  0/390]	Time   0.05	Data   0.00	Loss   1.97	Acc@1  73.38
10:12:40 Epoch 2 Test Acc: 87.27
Train Epoch: [3][  0/390]	Time   0.05	Data   0.00	Loss   1.90	Acc@1  73.56
10:13:01 Epoch 3 Test Acc: 87.25
Train Epoch: [4][  0/390]	Time   0.05	Data   0.00	Loss   1.87	Acc@1  73.48
10:13:22 Epoch 4 Test Acc: 87.1
Loss   3.01 Loss_Lx   3.01 Loss_Lu 0.03762
10:15:07 Epoch 20 Test Acc: 86.65
10:15:09 Epoch 20  EMA Test Acc: 83.21
Loss   2.91 Loss_Lx   2.90 Loss_Lu 0.03613
10:16:54 Epoch 21 Test Acc: 86.51
10:16:57 Epoch 21  EMA Test Acc: 85.04
Loss   2.84 Loss_Lx   2.82 Loss_Lu 0.03516
10:18:41 Epoch 22 Test Acc: 86.97
10:18:44 Epoch 22  EMA Test Acc: 85.11
Loss   2.87 Loss_Lx   2.83 Loss_Lu 0.03481
10:20:29 Epoch 23 Test Acc: 86.91
10:20:31 Epoch 23  EMA Test Acc: 84.17
Loss   2.82 Loss_Lx   2.77 Loss_Lu 0.03368
10:22:15 Epoch 24 Test Acc: 86.68
10:22:18 Epoch 24  EMA Test Acc: 86.61
Loss   2.81 Loss_Lx   2.75 Loss_Lu 0.03351
10:24:02 Epoch 25 Test Acc: 85.97
10:24:04 Epoch 25  EMA Test Acc: 86.64
Loss   2.81 Loss_Lx   2.74 Loss_Lu 0.03320
10:25:49 Epoch 26 Test Acc: 87.52
10:25:52 Epoch 26  EMA Test Acc: 85.48
Loss   2.78 Loss_Lx   2.70 Loss_Lu 0.03262
10:27:36 Epoch 27 Test Acc: 88.23
10:27:38 Epoch 27  EMA Test Acc: 82.77
Loss   2.75 Loss_Lx   2.67 Loss_Lu 0.03286
10:29:23 Epoch 28 Test Acc: 86.88
10:29:26 Epoch 28  EMA Test Acc: 87.17
Loss   2.77 Loss_Lx   2.67 Loss_Lu 0.03241
10:31:10 Epoch 29 Test Acc: 87.56
10:31:13 Epoch 29  EMA Test Acc: 86.47
Loss   2.75 Loss_Lx   2.64 Loss_Lu 0.03215
10:32:57 Epoch 30 Test Acc: 87.68
10:33:00 Epoch 30  EMA Test Acc: 86.88
Loss   2.75 Loss_Lx   2.64 Loss_Lu 0.03231
10:34:44 Epoch 31 Test Acc: 87.82
10:34:47 Epoch 31  EMA Test Acc: 88.44
Loss   2.74 Loss_Lx   2.62 Loss_Lu 0.03221
10:36:32 Epoch 32 Test Acc: 87.73
10:36:34 Epoch 32  EMA Test Acc: 86.19
Loss   2.73 Loss_Lx   2.60 Loss_Lu 0.03214
10:38:19 Epoch 33 Test Acc: 87.4
10:38:21 Epoch 33  EMA Test Acc: 84.31
Loss   2.78 Loss_Lx   2.63 Loss_Lu 0.03221
10:40:05 Epoch 34 Test Acc: 88.23
10:40:08 Epoch 34  EMA Test Acc: 88.75
Loss   2.72 Loss_Lx   2.57 Loss_Lu 0.03142
10:41:53 Epoch 35 Test Acc: 88.43
10:41:55 Epoch 35  EMA Test Acc: 89.57
Loss   2.75 Loss_Lx   2.59 Loss_Lu 0.03172
10:43:40 Epoch 36 Test Acc: 88.83
10:43:43 Epoch 36  EMA Test Acc: 89.59
Loss   2.73 Loss_Lx   2.57 Loss_Lu 0.03156
10:45:27 Epoch 37 Test Acc: 90.06
10:45:30 Epoch 37  EMA Test Acc: 89.51
Loss   2.72 Loss_Lx   2.57 Loss_Lu 0.03149
10:47:14 Epoch 38 Test Acc: 89.64
10:47:16 Epoch 38  EMA Test Acc: 88.69
Loss   2.71 Loss_Lx   2.55 Loss_Lu 0.03168
10:49:01 Epoch 39 Test Acc: 88.5
10:49:04 Epoch 39  EMA Test Acc: 90.11
Loss   2.66 Loss_Lx   2.50 Loss_Lu 0.03122
10:50:49 Epoch 40 Test Acc: 89.67
10:50:51 Epoch 40  EMA Test Acc: 88.56
Loss   2.71 Loss_Lx   2.55 Loss_Lu 0.03210
10:52:36 Epoch 41 Test Acc: 89.44
10:52:38 Epoch 41  EMA Test Acc: 89.86
Loss   2.67 Loss_Lx   2.51 Loss_Lu 0.03119
10:54:23 Epoch 42 Test Acc: 89.97
10:54:25 Epoch 42  EMA Test Acc: 89.86
Loss   2.65 Loss_Lx   2.49 Loss_Lu 0.03137
10:56:10 Epoch 43 Test Acc: 90.29
10:56:12 Epoch 43  EMA Test Acc: 90.26
Loss   2.64 Loss_Lx   2.48 Loss_Lu 0.03118
10:57:57 Epoch 44 Test Acc: 90.26
10:57:59 Epoch 44  EMA Test Acc: 90.92
Loss   2.62 Loss_Lx   2.47 Loss_Lu 0.03082
10:59:44 Epoch 45 Test Acc: 89.78
10:59:46 Epoch 45  EMA Test Acc: 91.24
Loss   2.66 Loss_Lx   2.50 Loss_Lu 0.03187
11:01:31 Epoch 46 Test Acc: 89.67
11:01:33 Epoch 46  EMA Test Acc: 90.86
Loss   2.65 Loss_Lx   2.49 Loss_Lu 0.03149
11:03:18 Epoch 47 Test Acc: 90.2
11:03:20 Epoch 47  EMA Test Acc: 88.62
Loss   2.63 Loss_Lx   2.47 Loss_Lu 0.03150
11:05:05 Epoch 48 Test Acc: 89.63
11:05:07 Epoch 48  EMA Test Acc: 89.9
Loss   2.60 Loss_Lx   2.45 Loss_Lu 0.03103
11:06:52 Epoch 49 Test Acc: 90.59
11:06:54 Epoch 49  EMA Test Acc: 89.54
Loss   2.66 Loss_Lx   2.50 Loss_Lu 0.03166
11:08:38 Epoch 50 Test Acc: 90.56
11:08:41 Epoch 50  EMA Test Acc: 91.58
Loss   2.61 Loss_Lx   2.46 Loss_Lu 0.03116
11:10:25 Epoch 51 Test Acc: 91.37
11:10:28 Epoch 51  EMA Test Acc: 88.7
Loss   2.61 Loss_Lx   2.45 Loss_Lu 0.03090
11:12:12 Epoch 52 Test Acc: 90.46
11:12:15 Epoch 52  EMA Test Acc: 92.03
Loss   2.58 Loss_Lx   2.43 Loss_Lu 0.03075
11:13:59 Epoch 53 Test Acc: 90.63
11:14:01 Epoch 53  EMA Test Acc: 91.18
Loss   2.55 Loss_Lx   2.40 Loss_Lu 0.03057
11:15:46 Epoch 54 Test Acc: 90.96
11:15:49 Epoch 54  EMA Test Acc: 91.16
Loss   2.58 Loss_Lx   2.42 Loss_Lu 0.03105
11:17:33 Epoch 55 Test Acc: 90.63
11:17:36 Epoch 55  EMA Test Acc: 91.17
Loss   2.57 Loss_Lx   2.42 Loss_Lu 0.03051
11:19:20 Epoch 56 Test Acc: 90.91
11:19:23 Epoch 56  EMA Test Acc: 89.95
Loss   2.58 Loss_Lx   2.42 Loss_Lu 0.03112
11:21:07 Epoch 57 Test Acc: 91.27
11:21:10 Epoch 57  EMA Test Acc: 90.5
Loss   2.58 Loss_Lx   2.42 Loss_Lu 0.03090
11:22:54 Epoch 58 Test Acc: 91.4
11:22:57 Epoch 58  EMA Test Acc: 92.4
Loss   2.54 Loss_Lx   2.39 Loss_Lu 0.03075
11:24:41 Epoch 59 Test Acc: 91.71
11:24:44 Epoch 59  EMA Test Acc: 91.87
Loss   2.54 Loss_Lx   2.38 Loss_Lu 0.03046
11:26:28 Epoch 60 Test Acc: 91.45
11:26:31 Epoch 60  EMA Test Acc: 92.2
Loss   2.56 Loss_Lx   2.40 Loss_Lu 0.03037
11:28:15 Epoch 61 Test Acc: 91.82
11:28:18 Epoch 61  EMA Test Acc: 92.1
Loss   2.56 Loss_Lx   2.41 Loss_Lu 0.03087
11:30:02 Epoch 62 Test Acc: 91.39
11:30:05 Epoch 62  EMA Test Acc: 92.05
Loss   2.53 Loss_Lx   2.38 Loss_Lu 0.03046
11:31:49 Epoch 63 Test Acc: 91.63
11:31:52 Epoch 63  EMA Test Acc: 91.91
Loss   2.54 Loss_Lx   2.39 Loss_Lu 0.03081
11:33:37 Epoch 64 Test Acc: 91.62
11:33:39 Epoch 64  EMA Test Acc: 92.46
Loss   2.52 Loss_Lx   2.36 Loss_Lu 0.03070
11:35:23 Epoch 65 Test Acc: 91.39
11:35:26 Epoch 65  EMA Test Acc: 91.35
Loss   2.52 Loss_Lx   2.37 Loss_Lu 0.03018
11:37:11 Epoch 66 Test Acc: 90.99
11:37:13 Epoch 66  EMA Test Acc: 92.75
Loss   2.47 Loss_Lx   2.32 Loss_Lu 0.02956
11:38:58 Epoch 67 Test Acc: 91.24
11:39:00 Epoch 67  EMA Test Acc: 92.82
Loss   2.47 Loss_Lx   2.33 Loss_Lu 0.02971
11:40:45 Epoch 68 Test Acc: 90.96
11:40:47 Epoch 68  EMA Test Acc: 92.73
Loss   2.51 Loss_Lx   2.36 Loss_Lu 0.03090
11:42:31 Epoch 69 Test Acc: 92.36
11:42:34 Epoch 69  EMA Test Acc: 92.1
Loss   2.50 Loss_Lx   2.35 Loss_Lu 0.03063
11:44:18 Epoch 70 Test Acc: 92.11
11:44:21 Epoch 70  EMA Test Acc: 91.76
Loss   2.49 Loss_Lx   2.34 Loss_Lu 0.03023
11:46:05 Epoch 71 Test Acc: 91.68
11:46:08 Epoch 71  EMA Test Acc: 93.19
Loss   2.51 Loss_Lx   2.36 Loss_Lu 0.03017
11:47:53 Epoch 72 Test Acc: 91.83
11:47:55 Epoch 72  EMA Test Acc: 92.73
Loss   2.47 Loss_Lx   2.32 Loss_Lu 0.03010
11:49:40 Epoch 73 Test Acc: 91.11
11:49:42 Epoch 73  EMA Test Acc: 92.68
Loss   2.47 Loss_Lx   2.32 Loss_Lu 0.03005
11:51:27 Epoch 74 Test Acc: 92.28
11:51:30 Epoch 74  EMA Test Acc: 91.74
Loss   2.46 Loss_Lx   2.31 Loss_Lu 0.02990
11:53:14 Epoch 75 Test Acc: 91.45
11:53:17 Epoch 75  EMA Test Acc: 93.28
Loss   2.46 Loss_Lx   2.31 Loss_Lu 0.03003
11:55:01 Epoch 76 Test Acc: 92.64
11:55:04 Epoch 76  EMA Test Acc: 92.48
Loss   2.46 Loss_Lx   2.31 Loss_Lu 0.03027
11:56:48 Epoch 77 Test Acc: 92.16
11:56:50 Epoch 77  EMA Test Acc: 92.52
Loss   2.46 Loss_Lx   2.31 Loss_Lu 0.03003
11:58:35 Epoch 78 Test Acc: 91.96
11:58:38 Epoch 78  EMA Test Acc: 92.96
Loss   2.46 Loss_Lx   2.31 Loss_Lu 0.03023
12:00:22 Epoch 79 Test Acc: 91.8
12:00:25 Epoch 79  EMA Test Acc: 93.74
Loss   2.46 Loss_Lx   2.31 Loss_Lu 0.03000
12:02:09 Epoch 80 Test Acc: 93.1
12:02:12 Epoch 80  EMA Test Acc: 92.71
Loss   2.46 Loss_Lx   2.30 Loss_Lu 0.03053
12:03:57 Epoch 81 Test Acc: 92.61
12:03:59 Epoch 81  EMA Test Acc: 92.92
Loss   2.42 Loss_Lx   2.27 Loss_Lu 0.02962
12:05:44 Epoch 82 Test Acc: 93.29
12:05:46 Epoch 82  EMA Test Acc: 93.54
Loss   2.46 Loss_Lx   2.31 Loss_Lu 0.02977
12:07:30 Epoch 83 Test Acc: 92.34
12:07:33 Epoch 83  EMA Test Acc: 92.52
Loss   2.43 Loss_Lx   2.27 Loss_Lu 0.03018
12:09:17 Epoch 84 Test Acc: 92.48
12:09:20 Epoch 84  EMA Test Acc: 92.25
Loss   2.45 Loss_Lx   2.30 Loss_Lu 0.02998
12:11:04 Epoch 85 Test Acc: 92.63
12:11:07 Epoch 85  EMA Test Acc: 93.09
Loss   2.42 Loss_Lx   2.27 Loss_Lu 0.02998
12:12:52 Epoch 86 Test Acc: 92.33
12:12:54 Epoch 86  EMA Test Acc: 93.77
Loss   2.44 Loss_Lx   2.29 Loss_Lu 0.02961
12:14:39 Epoch 87 Test Acc: 92.97
12:14:42 Epoch 87  EMA Test Acc: 93.4
Loss   2.41 Loss_Lx   2.26 Loss_Lu 0.02942
12:16:25 Epoch 88 Test Acc: 92.66
12:16:28 Epoch 88  EMA Test Acc: 93.96
Loss   2.39 Loss_Lx   2.25 Loss_Lu 0.02944
12:18:12 Epoch 89 Test Acc: 92.54
12:18:15 Epoch 89  EMA Test Acc: 93.48
Loss   2.41 Loss_Lx   2.26 Loss_Lu 0.02953
12:19:59 Epoch 90 Test Acc: 92.58
12:20:02 Epoch 90  EMA Test Acc: 92.94
Loss   2.42 Loss_Lx   2.27 Loss_Lu 0.02950
12:21:46 Epoch 91 Test Acc: 92.15
12:21:49 Epoch 91  EMA Test Acc: 93.45
Loss   2.39 Loss_Lx   2.24 Loss_Lu 0.02936
12:23:33 Epoch 92 Test Acc: 93.27
12:23:36 Epoch 92  EMA Test Acc: 92.86
Loss   2.39 Loss_Lx   2.25 Loss_Lu 0.02928
12:25:21 Epoch 93 Test Acc: 92.54
12:25:23 Epoch 93  EMA Test Acc: 93.62
Loss   2.40 Loss_Lx   2.25 Loss_Lu 0.02935
12:27:07 Epoch 94 Test Acc: 93.32
12:27:09 Epoch 94  EMA Test Acc: 92.96
Loss   2.38 Loss_Lx   2.23 Loss_Lu 0.02896
12:28:54 Epoch 95 Test Acc: 92.55
12:28:56 Epoch 95  EMA Test Acc: 94.02
Loss   2.42 Loss_Lx   2.27 Loss_Lu 0.02976
12:30:41 Epoch 96 Test Acc: 93.45
12:30:43 Epoch 96  EMA Test Acc: 93.35
Loss   2.38 Loss_Lx   2.23 Loss_Lu 0.02929
12:32:27 Epoch 97 Test Acc: 93.32
12:32:30 Epoch 97  EMA Test Acc: 93.95
Loss   2.34 Loss_Lx   2.20 Loss_Lu 0.02875
12:34:14 Epoch 98 Test Acc: 93.11
12:34:17 Epoch 98  EMA Test Acc: 94.38
Loss   2.37 Loss_Lx   2.22 Loss_Lu 0.02866
12:36:01 Epoch 99 Test Acc: 93.35
12:36:04 Epoch 99  EMA Test Acc: 93.55
Loss   2.36 Loss_Lx   2.22 Loss_Lu 0.02887
12:37:49 Epoch 100 Test Acc: 93.38
12:37:51 Epoch 100  EMA Test Acc: 93.52
Loss   2.35 Loss_Lx   2.21 Loss_Lu 0.02898
12:39:36 Epoch 101 Test Acc: 93.29
12:39:38 Epoch 101  EMA Test Acc: 93.5
Loss   2.35 Loss_Lx   2.21 Loss_Lu 0.02839
12:41:23 Epoch 102 Test Acc: 93.34
12:41:25 Epoch 102  EMA Test Acc: 93.63
Loss   2.34 Loss_Lx   2.20 Loss_Lu 0.02861
12:43:10 Epoch 103 Test Acc: 93.17
12:43:12 Epoch 103  EMA Test Acc: 93.01
Loss   2.36 Loss_Lx   2.21 Loss_Lu 0.02950
12:44:57 Epoch 104 Test Acc: 93.38
12:44:59 Epoch 104  EMA Test Acc: 94.3
Loss   2.36 Loss_Lx   2.21 Loss_Lu 0.02866
12:46:44 Epoch 105 Test Acc: 92.56
12:46:46 Epoch 105  EMA Test Acc: 94.17
Loss   2.34 Loss_Lx   2.19 Loss_Lu 0.02890
12:48:30 Epoch 106 Test Acc: 93.54
12:48:33 Epoch 106  EMA Test Acc: 93.69
Loss   2.34 Loss_Lx   2.19 Loss_Lu 0.02857
12:50:17 Epoch 107 Test Acc: 93.51
12:50:20 Epoch 107  EMA Test Acc: 92.99
Loss   2.34 Loss_Lx   2.20 Loss_Lu 0.02877
12:52:04 Epoch 108 Test Acc: 93.38
12:52:07 Epoch 108  EMA Test Acc: 94.4
Loss   2.33 Loss_Lx   2.19 Loss_Lu 0.02796
12:53:50 Epoch 109 Test Acc: 93.58
12:53:53 Epoch 109  EMA Test Acc: 94.41
Loss   2.30 Loss_Lx   2.16 Loss_Lu 0.02786
12:55:37 Epoch 110 Test Acc: 93.3
12:55:40 Epoch 110  EMA Test Acc: 93.83
Loss   2.32 Loss_Lx   2.18 Loss_Lu 0.02859
12:57:24 Epoch 111 Test Acc: 93.64
12:57:27 Epoch 111  EMA Test Acc: 94.39
Loss   2.33 Loss_Lx   2.18 Loss_Lu 0.02868
12:59:11 Epoch 112 Test Acc: 93.66
12:59:13 Epoch 112  EMA Test Acc: 94.43
Loss   2.32 Loss_Lx   2.18 Loss_Lu 0.02823
13:00:57 Epoch 113 Test Acc: 93.45
13:00:59 Epoch 113  EMA Test Acc: 93.44
Loss   2.33 Loss_Lx   2.19 Loss_Lu 0.02854
13:02:44 Epoch 114 Test Acc: 93.54
13:02:46 Epoch 114  EMA Test Acc: 94.0
Loss   2.31 Loss_Lx   2.17 Loss_Lu 0.02829
13:04:30 Epoch 115 Test Acc: 93.69
13:04:33 Epoch 115  EMA Test Acc: 94.54
Loss   2.30 Loss_Lx   2.16 Loss_Lu 0.02835
13:06:17 Epoch 116 Test Acc: 93.92
13:06:20 Epoch 116  EMA Test Acc: 94.47
Loss   2.29 Loss_Lx   2.15 Loss_Lu 0.02767
13:08:04 Epoch 117 Test Acc: 92.91
13:08:07 Epoch 117  EMA Test Acc: 94.46
Loss   2.30 Loss_Lx   2.16 Loss_Lu 0.02785
13:09:51 Epoch 118 Test Acc: 93.92
13:09:53 Epoch 118  EMA Test Acc: 94.4
Loss   2.29 Loss_Lx   2.16 Loss_Lu 0.02788
13:11:37 Epoch 119 Test Acc: 93.41
13:11:40 Epoch 119  EMA Test Acc: 94.12
Loss   2.28 Loss_Lx   2.14 Loss_Lu 0.02789
13:13:25 Epoch 120 Test Acc: 94.03
13:13:27 Epoch 120  EMA Test Acc: 93.99
Loss   2.31 Loss_Lx   2.17 Loss_Lu 0.02842
13:15:12 Epoch 121 Test Acc: 93.87
13:15:14 Epoch 121  EMA Test Acc: 94.56
Loss   2.28 Loss_Lx   2.14 Loss_Lu 0.02758
13:16:58 Epoch 122 Test Acc: 93.98
13:17:01 Epoch 122  EMA Test Acc: 94.49
Loss   2.27 Loss_Lx   2.13 Loss_Lu 0.02774
13:18:45 Epoch 123 Test Acc: 94.11
13:18:47 Epoch 123  EMA Test Acc: 94.68
Loss   2.28 Loss_Lx   2.14 Loss_Lu 0.02774
13:20:32 Epoch 124 Test Acc: 93.72
13:20:34 Epoch 124  EMA Test Acc: 94.51
Loss   2.25 Loss_Lx   2.12 Loss_Lu 0.02740
13:22:18 Epoch 125 Test Acc: 93.47
13:22:21 Epoch 125  EMA Test Acc: 93.96
Loss   2.26 Loss_Lx   2.13 Loss_Lu 0.02757
13:24:05 Epoch 126 Test Acc: 93.96
13:24:08 Epoch 126  EMA Test Acc: 94.67
Loss   2.26 Loss_Lx   2.12 Loss_Lu 0.02741
13:25:52 Epoch 127 Test Acc: 93.79
13:25:54 Epoch 127  EMA Test Acc: 94.14
Loss   2.28 Loss_Lx   2.15 Loss_Lu 0.02753
13:27:38 Epoch 128 Test Acc: 93.86
13:27:41 Epoch 128  EMA Test Acc: 94.17
Loss   2.23 Loss_Lx   2.09 Loss_Lu 0.02707
13:29:25 Epoch 129 Test Acc: 93.64
13:29:28 Epoch 129  EMA Test Acc: 94.41
Loss   2.24 Loss_Lx   2.10 Loss_Lu 0.02696
13:31:12 Epoch 130 Test Acc: 93.81
13:31:15 Epoch 130  EMA Test Acc: 94.19
Loss   2.26 Loss_Lx   2.12 Loss_Lu 0.02747
13:32:59 Epoch 131 Test Acc: 94.01
13:33:01 Epoch 131  EMA Test Acc: 94.38
Loss   2.24 Loss_Lx   2.10 Loss_Lu 0.02697
13:34:46 Epoch 132 Test Acc: 94.27
13:34:48 Epoch 132  EMA Test Acc: 94.7
Loss   2.25 Loss_Lx   2.12 Loss_Lu 0.02719
13:36:33 Epoch 133 Test Acc: 94.58
13:36:35 Epoch 133  EMA Test Acc: 94.72
Loss   2.20 Loss_Lx   2.07 Loss_Lu 0.02658
13:38:19 Epoch 134 Test Acc: 94.56
13:38:22 Epoch 134  EMA Test Acc: 94.4
Loss   2.23 Loss_Lx   2.09 Loss_Lu 0.02701
13:40:06 Epoch 135 Test Acc: 94.01
13:40:08 Epoch 135  EMA Test Acc: 94.96
Loss   2.21 Loss_Lx   2.07 Loss_Lu 0.02656
13:41:53 Epoch 136 Test Acc: 94.14
13:41:55 Epoch 136  EMA Test Acc: 95.08
Loss   2.22 Loss_Lx   2.09 Loss_Lu 0.02666
13:43:39 Epoch 137 Test Acc: 94.38
13:43:42 Epoch 137  EMA Test Acc: 94.81
Loss   2.19 Loss_Lx   2.06 Loss_Lu 0.02623
13:45:26 Epoch 138 Test Acc: 94.14
13:45:29 Epoch 138  EMA Test Acc: 94.26
Loss   2.18 Loss_Lx   2.05 Loss_Lu 0.02619
13:47:13 Epoch 139 Test Acc: 94.23
13:47:15 Epoch 139  EMA Test Acc: 94.94
Loss   2.19 Loss_Lx   2.06 Loss_Lu 0.02624
13:49:00 Epoch 140 Test Acc: 93.77
13:49:02 Epoch 140  EMA Test Acc: 94.78
Loss   2.19 Loss_Lx   2.06 Loss_Lu 0.02635
13:50:47 Epoch 141 Test Acc: 94.08
13:50:49 Epoch 141  EMA Test Acc: 94.19
Loss   2.20 Loss_Lx   2.07 Loss_Lu 0.02583
13:52:33 Epoch 142 Test Acc: 94.57
13:52:36 Epoch 142  EMA Test Acc: 94.74
Loss   2.18 Loss_Lx   2.05 Loss_Lu 0.02592
13:54:20 Epoch 143 Test Acc: 94.5
13:54:23 Epoch 143  EMA Test Acc: 94.79
Loss   2.19 Loss_Lx   2.06 Loss_Lu 0.02611
13:56:07 Epoch 144 Test Acc: 94.66
13:56:09 Epoch 144  EMA Test Acc: 94.87
Loss   2.18 Loss_Lx   2.06 Loss_Lu 0.02595
13:57:54 Epoch 145 Test Acc: 94.33
13:57:56 Epoch 145  EMA Test Acc: 94.87
Loss   2.14 Loss_Lx   2.01 Loss_Lu 0.02548
13:59:41 Epoch 146 Test Acc: 94.34
13:59:43 Epoch 146  EMA Test Acc: 94.77
Loss   2.19 Loss_Lx   2.06 Loss_Lu 0.02575
14:01:28 Epoch 147 Test Acc: 94.8
14:01:30 Epoch 147  EMA Test Acc: 94.71
Loss   2.15 Loss_Lx   2.02 Loss_Lu 0.02550
14:03:15 Epoch 148 Test Acc: 94.7
14:03:17 Epoch 148  EMA Test Acc: 95.07
Loss   2.17 Loss_Lx   2.05 Loss_Lu 0.02548
14:05:01 Epoch 149 Test Acc: 94.26
14:05:04 Epoch 149  EMA Test Acc: 94.9
Loss   1.53 Loss_Lx   1.44 Loss_Lu 0.01920
14:06:48 Epoch 150 Test Acc: 94.73
14:06:51 Epoch 150  EMA Test Acc: 94.78
Loss   1.61 Loss_Lx   1.52 Loss_Lu 0.01989
14:08:35 Epoch 151 Test Acc: 94.57
14:08:37 Epoch 151  EMA Test Acc: 94.92
Loss   1.55 Loss_Lx   1.45 Loss_Lu 0.01910
14:10:22 Epoch 152 Test Acc: 94.63
14:10:24 Epoch 152  EMA Test Acc: 95.3
Loss   1.58 Loss_Lx   1.48 Loss_Lu 0.01914
14:12:09 Epoch 153 Test Acc: 94.77
14:12:12 Epoch 153  EMA Test Acc: 94.74
Loss   1.64 Loss_Lx   1.53 Loss_Lu 0.02056
14:13:56 Epoch 154 Test Acc: 94.57
14:13:59 Epoch 154  EMA Test Acc: 95.07
Loss   1.53 Loss_Lx   1.44 Loss_Lu 0.01882
14:15:44 Epoch 155 Test Acc: 94.23
14:15:46 Epoch 155  EMA Test Acc: 95.32
Loss   1.54 Loss_Lx   1.45 Loss_Lu 0.01882
14:17:31 Epoch 156 Test Acc: 94.7
14:17:34 Epoch 156  EMA Test Acc: 95.42
Loss   1.57 Loss_Lx   1.48 Loss_Lu 0.01922
14:19:18 Epoch 157 Test Acc: 94.68
14:19:21 Epoch 157  EMA Test Acc: 94.95
Loss   1.60 Loss_Lx   1.50 Loss_Lu 0.01939
14:21:05 Epoch 158 Test Acc: 94.56
14:21:08 Epoch 158  EMA Test Acc: 94.35
Loss   1.56 Loss_Lx   1.47 Loss_Lu 0.01894
14:22:53 Epoch 159 Test Acc: 95.07
14:22:55 Epoch 159  EMA Test Acc: 94.87
Loss   1.53 Loss_Lx   1.44 Loss_Lu 0.01891
14:24:40 Epoch 160 Test Acc: 94.84
14:24:43 Epoch 160  EMA Test Acc: 95.18
Loss   1.53 Loss_Lx   1.43 Loss_Lu 0.01830
14:26:27 Epoch 161 Test Acc: 94.92
14:26:30 Epoch 161  EMA Test Acc: 94.95
Loss   1.59 Loss_Lx   1.50 Loss_Lu 0.01868
14:28:14 Epoch 162 Test Acc: 94.99
14:28:17 Epoch 162  EMA Test Acc: 94.87
Loss   1.52 Loss_Lx   1.43 Loss_Lu 0.01788
14:30:02 Epoch 163 Test Acc: 94.97
14:30:04 Epoch 163  EMA Test Acc: 95.2
Loss   1.57 Loss_Lx   1.48 Loss_Lu 0.01863
14:31:49 Epoch 164 Test Acc: 94.86
14:31:52 Epoch 164  EMA Test Acc: 95.18
Loss   1.49 Loss_Lx   1.40 Loss_Lu 0.01748
14:33:37 Epoch 165 Test Acc: 94.79
14:33:39 Epoch 165  EMA Test Acc: 95.54
Loss   1.56 Loss_Lx   1.47 Loss_Lu 0.01832
14:35:24 Epoch 166 Test Acc: 94.38
14:35:27 Epoch 166  EMA Test Acc: 95.31
Loss   1.53 Loss_Lx   1.44 Loss_Lu 0.01791
14:37:11 Epoch 167 Test Acc: 94.82
14:37:14 Epoch 167  EMA Test Acc: 95.49
Loss   1.52 Loss_Lx   1.43 Loss_Lu 0.01791
14:38:59 Epoch 168 Test Acc: 94.86
14:39:01 Epoch 168  EMA Test Acc: 95.05
Loss   1.53 Loss_Lx   1.45 Loss_Lu 0.01796
14:40:46 Epoch 169 Test Acc: 94.92
14:40:49 Epoch 169  EMA Test Acc: 95.28
Loss   1.48 Loss_Lx   1.40 Loss_Lu 0.01734
14:42:34 Epoch 170 Test Acc: 95.01
14:42:36 Epoch 170  EMA Test Acc: 95.14
Loss   1.49 Loss_Lx   1.41 Loss_Lu 0.01701
14:44:21 Epoch 171 Test Acc: 95.29
14:44:23 Epoch 171  EMA Test Acc: 95.54
Loss   1.52 Loss_Lx   1.43 Loss_Lu 0.01707
14:46:08 Epoch 172 Test Acc: 95.22
14:46:10 Epoch 172  EMA Test Acc: 95.29
Loss   1.53 Loss_Lx   1.44 Loss_Lu 0.01753
14:47:54 Epoch 173 Test Acc: 94.94
14:47:57 Epoch 173  EMA Test Acc: 95.46
Loss   1.51 Loss_Lx   1.43 Loss_Lu 0.01735
14:49:41 Epoch 174 Test Acc: 94.98
14:49:44 Epoch 174  EMA Test Acc: 94.99
Loss   1.43 Loss_Lx   1.35 Loss_Lu 0.01612
14:51:28 Epoch 175 Test Acc: 94.72
14:51:31 Epoch 175  EMA Test Acc: 95.38
Loss   1.55 Loss_Lx   1.46 Loss_Lu 0.01762
14:53:16 Epoch 176 Test Acc: 95.12
14:53:18 Epoch 176  EMA Test Acc: 95.22
Loss   1.54 Loss_Lx   1.45 Loss_Lu 0.01732
14:55:03 Epoch 177 Test Acc: 94.93
14:55:05 Epoch 177  EMA Test Acc: 95.31
Loss   1.56 Loss_Lx   1.47 Loss_Lu 0.01744
14:56:50 Epoch 178 Test Acc: 95.21
14:56:53 Epoch 178  EMA Test Acc: 95.49
Loss   1.57 Loss_Lx   1.48 Loss_Lu 0.01771
14:58:38 Epoch 179 Test Acc: 94.79
14:58:40 Epoch 179  EMA Test Acc: 95.09
Loss   1.46 Loss_Lx   1.38 Loss_Lu 0.01625
15:00:25 Epoch 180 Test Acc: 94.68
15:00:27 Epoch 180  EMA Test Acc: 95.47
Loss   1.51 Loss_Lx   1.42 Loss_Lu 0.01689
15:02:13 Epoch 181 Test Acc: 95.3
15:02:15 Epoch 181  EMA Test Acc: 95.34
Loss   1.44 Loss_Lx   1.36 Loss_Lu 0.01570
15:04:00 Epoch 182 Test Acc: 95.03
15:04:02 Epoch 182  EMA Test Acc: 95.35
Loss   1.47 Loss_Lx   1.39 Loss_Lu 0.01617
15:05:47 Epoch 183 Test Acc: 95.27
15:05:50 Epoch 183  EMA Test Acc: 95.24
Loss   1.46 Loss_Lx   1.38 Loss_Lu 0.01592
15:07:35 Epoch 184 Test Acc: 95.07
15:07:37 Epoch 184  EMA Test Acc: 95.3
Loss   1.48 Loss_Lx   1.40 Loss_Lu 0.01605
15:09:22 Epoch 185 Test Acc: 95.47
15:09:25 Epoch 185  EMA Test Acc: 95.48
Loss   1.47 Loss_Lx   1.39 Loss_Lu 0.01654
15:11:09 Epoch 186 Test Acc: 95.29
15:11:12 Epoch 186  EMA Test Acc: 95.27
Loss   1.42 Loss_Lx   1.34 Loss_Lu 0.01537
15:12:56 Epoch 187 Test Acc: 95.15
15:12:59 Epoch 187  EMA Test Acc: 95.28
Loss   1.47 Loss_Lx   1.39 Loss_Lu 0.01573
15:14:44 Epoch 188 Test Acc: 95.04
15:14:46 Epoch 188  EMA Test Acc: 95.49
Loss   1.51 Loss_Lx   1.43 Loss_Lu 0.01603
15:16:31 Epoch 189 Test Acc: 95.21
15:16:33 Epoch 189  EMA Test Acc: 95.46
Loss   1.44 Loss_Lx   1.36 Loss_Lu 0.01581
15:18:18 Epoch 190 Test Acc: 95.28
15:18:21 Epoch 190  EMA Test Acc: 95.53
Loss   1.52 Loss_Lx   1.44 Loss_Lu 0.01613
15:20:05 Epoch 191 Test Acc: 95.3
15:20:08 Epoch 191  EMA Test Acc: 95.65
Loss   1.47 Loss_Lx   1.39 Loss_Lu 0.01584
15:21:53 Epoch 192 Test Acc: 95.19
15:21:55 Epoch 192  EMA Test Acc: 95.33
Loss   1.42 Loss_Lx   1.34 Loss_Lu 0.01484
15:23:40 Epoch 193 Test Acc: 95.35
15:23:42 Epoch 193  EMA Test Acc: 95.29
Loss   1.40 Loss_Lx   1.32 Loss_Lu 0.01482
15:25:27 Epoch 194 Test Acc: 95.52
15:25:30 Epoch 194  EMA Test Acc: 95.64
Loss   1.46 Loss_Lx   1.38 Loss_Lu 0.01549
15:27:15 Epoch 195 Test Acc: 95.49
15:27:17 Epoch 195  EMA Test Acc: 95.68
Loss   1.48 Loss_Lx   1.40 Loss_Lu 0.01572
15:29:02 Epoch 196 Test Acc: 95.6
15:29:05 Epoch 196  EMA Test Acc: 95.7
Loss   1.40 Loss_Lx   1.33 Loss_Lu 0.01435
15:30:50 Epoch 197 Test Acc: 95.63
15:30:52 Epoch 197  EMA Test Acc: 95.58
Loss   1.44 Loss_Lx   1.37 Loss_Lu 0.01481
15:32:37 Epoch 198 Test Acc: 95.39
15:32:39 Epoch 198  EMA Test Acc: 95.64
Loss   1.42 Loss_Lx   1.34 Loss_Lu 0.01480
15:34:24 Epoch 199 Test Acc: 95.61
15:34:27 Epoch 199  EMA Test Acc: 95.49
Loss   1.42 Loss_Lx   1.35 Loss_Lu 0.01463
15:36:12 Epoch 200 Test Acc: 95.27
15:36:14 Epoch 200  EMA Test Acc: 95.49
Loss   1.46 Loss_Lx   1.38 Loss_Lu 0.01528
15:37:59 Epoch 201 Test Acc: 95.49
15:38:01 Epoch 201  EMA Test Acc: 95.44
Loss   1.46 Loss_Lx   1.39 Loss_Lu 0.01492
15:39:46 Epoch 202 Test Acc: 95.14
15:39:49 Epoch 202  EMA Test Acc: 95.53
Loss   1.42 Loss_Lx   1.34 Loss_Lu 0.01458
15:41:34 Epoch 203 Test Acc: 95.22
15:41:36 Epoch 203  EMA Test Acc: 95.64
Loss   1.43 Loss_Lx   1.36 Loss_Lu 0.01472
15:43:21 Epoch 204 Test Acc: 95.19
15:43:23 Epoch 204  EMA Test Acc: 95.7
Loss   1.37 Loss_Lx   1.30 Loss_Lu 0.01390
15:45:08 Epoch 205 Test Acc: 95.38
15:45:11 Epoch 205  EMA Test Acc: 95.41
Loss   1.43 Loss_Lx   1.35 Loss_Lu 0.01480
15:46:55 Epoch 206 Test Acc: 95.7
15:46:58 Epoch 206  EMA Test Acc: 95.62
Loss   1.40 Loss_Lx   1.33 Loss_Lu 0.01396
15:48:43 Epoch 207 Test Acc: 95.46
15:48:45 Epoch 207  EMA Test Acc: 95.48
Loss   1.40 Loss_Lx   1.33 Loss_Lu 0.01419
15:50:30 Epoch 208 Test Acc: 95.75
15:50:32 Epoch 208  EMA Test Acc: 95.5
Loss   1.41 Loss_Lx   1.34 Loss_Lu 0.01427
15:52:17 Epoch 209 Test Acc: 95.75
15:52:20 Epoch 209  EMA Test Acc: 95.52
Loss   1.40 Loss_Lx   1.33 Loss_Lu 0.01444
15:54:05 Epoch 210 Test Acc: 95.98
15:54:07 Epoch 210  EMA Test Acc: 95.71
Loss   1.44 Loss_Lx   1.37 Loss_Lu 0.01474
15:55:52 Epoch 211 Test Acc: 95.52
15:55:54 Epoch 211  EMA Test Acc: 95.58
Loss   1.40 Loss_Lx   1.33 Loss_Lu 0.01427
15:57:39 Epoch 212 Test Acc: 95.78
15:57:42 Epoch 212  EMA Test Acc: 95.75
Loss   1.37 Loss_Lx   1.30 Loss_Lu 0.01360
15:59:26 Epoch 213 Test Acc: 95.79
15:59:29 Epoch 213  EMA Test Acc: 95.75
Loss   1.42 Loss_Lx   1.35 Loss_Lu 0.01418
16:01:13 Epoch 214 Test Acc: 95.62
16:01:16 Epoch 214  EMA Test Acc: 95.45
Loss   1.39 Loss_Lx   1.32 Loss_Lu 0.01348
16:03:01 Epoch 215 Test Acc: 95.75
16:03:03 Epoch 215  EMA Test Acc: 95.63
Loss   1.36 Loss_Lx   1.29 Loss_Lu 0.01279
16:04:48 Epoch 216 Test Acc: 95.49
16:04:51 Epoch 216  EMA Test Acc: 95.71
Loss   1.40 Loss_Lx   1.33 Loss_Lu 0.01375
16:06:36 Epoch 217 Test Acc: 95.81
16:06:38 Epoch 217  EMA Test Acc: 95.51
Loss   1.38 Loss_Lx   1.32 Loss_Lu 0.01333
16:08:23 Epoch 218 Test Acc: 95.59
16:08:26 Epoch 218  EMA Test Acc: 95.62
Loss   1.40 Loss_Lx   1.33 Loss_Lu 0.01391
16:10:10 Epoch 219 Test Acc: 95.48
16:10:13 Epoch 219  EMA Test Acc: 95.76
Loss   1.39 Loss_Lx   1.33 Loss_Lu 0.01339
16:11:58 Epoch 220 Test Acc: 95.61
16:12:00 Epoch 220  EMA Test Acc: 95.78
Loss   1.37 Loss_Lx   1.30 Loss_Lu 0.01324
16:13:45 Epoch 221 Test Acc: 95.9
16:13:48 Epoch 221  EMA Test Acc: 95.62
Loss   1.39 Loss_Lx   1.32 Loss_Lu 0.01344
16:15:32 Epoch 222 Test Acc: 95.79
16:15:35 Epoch 222  EMA Test Acc: 95.73
Loss   1.30 Loss_Lx   1.24 Loss_Lu 0.01258
16:17:19 Epoch 223 Test Acc: 95.64
16:17:22 Epoch 223  EMA Test Acc: 95.57
Loss   1.32 Loss_Lx   1.26 Loss_Lu 0.01262
16:19:07 Epoch 224 Test Acc: 95.44
16:19:10 Epoch 224  EMA Test Acc: 95.66
Loss   1.34 Loss_Lx   1.28 Loss_Lu 0.01266
16:20:54 Epoch 225 Test Acc: 95.69
16:20:57 Epoch 225  EMA Test Acc: 95.62
Loss   1.34 Loss_Lx   1.27 Loss_Lu 0.01309
16:22:41 Epoch 226 Test Acc: 95.82
16:22:44 Epoch 226  EMA Test Acc: 95.66
Loss   1.34 Loss_Lx   1.27 Loss_Lu 0.01311
16:24:29 Epoch 227 Test Acc: 95.91
16:24:31 Epoch 227  EMA Test Acc: 95.98
Loss   1.35 Loss_Lx   1.28 Loss_Lu 0.01300
16:26:16 Epoch 228 Test Acc: 95.75
16:26:18 Epoch 228  EMA Test Acc: 95.86
Loss   1.40 Loss_Lx   1.34 Loss_Lu 0.01355
16:28:03 Epoch 229 Test Acc: 95.68
16:28:06 Epoch 229  EMA Test Acc: 95.86
Loss   1.37 Loss_Lx   1.31 Loss_Lu 0.01288
16:29:51 Epoch 230 Test Acc: 95.8
16:29:53 Epoch 230  EMA Test Acc: 95.76
Loss   1.38 Loss_Lx   1.31 Loss_Lu 0.01282
16:31:38 Epoch 231 Test Acc: 95.65
16:31:41 Epoch 231  EMA Test Acc: 95.72
Loss   1.37 Loss_Lx   1.31 Loss_Lu 0.01302
16:33:25 Epoch 232 Test Acc: 95.66
16:33:28 Epoch 232  EMA Test Acc: 95.61
Loss   1.36 Loss_Lx   1.29 Loss_Lu 0.01263
16:35:13 Epoch 233 Test Acc: 95.83
16:35:15 Epoch 233  EMA Test Acc: 95.66
Loss   1.40 Loss_Lx   1.34 Loss_Lu 0.01338
16:37:00 Epoch 234 Test Acc: 95.94
16:37:03 Epoch 234  EMA Test Acc: 95.9
Loss   1.30 Loss_Lx   1.25 Loss_Lu 0.01182
16:38:48 Epoch 235 Test Acc: 95.81
16:38:50 Epoch 235  EMA Test Acc: 96.05
Loss   1.33 Loss_Lx   1.27 Loss_Lu 0.01240
16:40:35 Epoch 236 Test Acc: 95.78
16:40:37 Epoch 236  EMA Test Acc: 95.84
Loss   1.37 Loss_Lx   1.30 Loss_Lu 0.01292
16:42:22 Epoch 237 Test Acc: 95.74
16:42:25 Epoch 237  EMA Test Acc: 95.91
Loss   1.39 Loss_Lx   1.32 Loss_Lu 0.01326
16:44:10 Epoch 238 Test Acc: 95.77
16:44:12 Epoch 238  EMA Test Acc: 95.8
Loss   1.31 Loss_Lx   1.25 Loss_Lu 0.01197
16:45:57 Epoch 239 Test Acc: 95.9
16:46:00 Epoch 239  EMA Test Acc: 95.8
Loss   1.39 Loss_Lx   1.33 Loss_Lu 0.01296
16:47:45 Epoch 240 Test Acc: 95.86
16:47:47 Epoch 240  EMA Test Acc: 95.99
Loss   1.34 Loss_Lx   1.28 Loss_Lu 0.01228
16:49:32 Epoch 241 Test Acc: 95.96
16:49:34 Epoch 241  EMA Test Acc: 95.7
Loss   1.36 Loss_Lx   1.29 Loss_Lu 0.01286
16:51:19 Epoch 242 Test Acc: 95.73
16:51:21 Epoch 242  EMA Test Acc: 95.84
Loss   1.36 Loss_Lx   1.29 Loss_Lu 0.01244
16:53:06 Epoch 243 Test Acc: 95.96
16:53:08 Epoch 243  EMA Test Acc: 95.79
Loss   1.38 Loss_Lx   1.32 Loss_Lu 0.01273
16:54:53 Epoch 244 Test Acc: 96.03
16:54:55 Epoch 244  EMA Test Acc: 95.79
Loss   1.35 Loss_Lx   1.29 Loss_Lu 0.01236
16:56:40 Epoch 245 Test Acc: 95.77
16:56:42 Epoch 245  EMA Test Acc: 95.87
Loss   1.34 Loss_Lx   1.28 Loss_Lu 0.01217
16:58:27 Epoch 246 Test Acc: 95.83
16:58:29 Epoch 246  EMA Test Acc: 95.84
Loss   1.31 Loss_Lx   1.25 Loss_Lu 0.01176
17:00:14 Epoch 247 Test Acc: 95.71
17:00:16 Epoch 247  EMA Test Acc: 95.83
Loss   1.43 Loss_Lx   1.36 Loss_Lu 0.01337
17:02:01 Epoch 248 Test Acc: 95.72
17:02:03 Epoch 248  EMA Test Acc: 95.84
Loss   1.30 Loss_Lx   1.24 Loss_Lu 0.01159
17:03:48 Epoch 249 Test Acc: 95.94
17:03:50 Epoch 249  EMA Test Acc: 95.83
Loss   1.34 Loss_Lx   1.28 Loss_Lu 0.01231
17:05:35 Epoch 250 Test Acc: 95.89
17:05:37 Epoch 250  EMA Test Acc: 95.8
Loss   1.34 Loss_Lx   1.28 Loss_Lu 0.01219
17:07:22 Epoch 251 Test Acc: 95.73
17:07:24 Epoch 251  EMA Test Acc: 95.94
Loss   1.40 Loss_Lx   1.34 Loss_Lu 0.01321
17:09:09 Epoch 252 Test Acc: 96.16
17:09:11 Epoch 252  EMA Test Acc: 95.95
Loss   1.36 Loss_Lx   1.30 Loss_Lu 0.01221
17:10:56 Epoch 253 Test Acc: 95.58
17:10:59 Epoch 253  EMA Test Acc: 95.92
Loss   1.35 Loss_Lx   1.29 Loss_Lu 0.01217
17:12:44 Epoch 254 Test Acc: 95.83
17:12:47 Epoch 254  EMA Test Acc: 95.76
Loss   1.36 Loss_Lx   1.30 Loss_Lu 0.01245
17:14:31 Epoch 255 Test Acc: 95.63
17:14:33 Epoch 255  EMA Test Acc: 95.7
Loss   1.33 Loss_Lx   1.27 Loss_Lu 0.01176
17:16:18 Epoch 256 Test Acc: 95.95
17:16:21 Epoch 256  EMA Test Acc: 95.83
Loss   1.36 Loss_Lx   1.30 Loss_Lu 0.01234
17:18:05 Epoch 257 Test Acc: 95.96
17:18:08 Epoch 257  EMA Test Acc: 95.97
Loss   1.35 Loss_Lx   1.29 Loss_Lu 0.01204
17:19:52 Epoch 258 Test Acc: 95.9
17:19:55 Epoch 258  EMA Test Acc: 95.84
Loss   1.38 Loss_Lx   1.32 Loss_Lu 0.01268
17:21:39 Epoch 259 Test Acc: 95.87
17:21:41 Epoch 259  EMA Test Acc: 95.83
Loss   1.42 Loss_Lx   1.35 Loss_Lu 0.01332
17:23:26 Epoch 260 Test Acc: 95.9
17:23:28 Epoch 260  EMA Test Acc: 96.0
Loss   1.36 Loss_Lx   1.29 Loss_Lu 0.01267
17:25:12 Epoch 261 Test Acc: 95.88
17:25:15 Epoch 261  EMA Test Acc: 95.71
Loss   1.28 Loss_Lx   1.23 Loss_Lu 0.01102
17:27:00 Epoch 262 Test Acc: 96.05
17:27:02 Epoch 262  EMA Test Acc: 96.03
Loss   1.32 Loss_Lx   1.26 Loss_Lu 0.01168
17:28:47 Epoch 263 Test Acc: 95.89
17:28:50 Epoch 263  EMA Test Acc: 95.69
Loss   1.29 Loss_Lx   1.23 Loss_Lu 0.01139
17:30:34 Epoch 264 Test Acc: 96.05
17:30:36 Epoch 264  EMA Test Acc: 96.01
Loss   1.38 Loss_Lx   1.32 Loss_Lu 0.01253
17:32:21 Epoch 265 Test Acc: 96.05
17:32:24 Epoch 265  EMA Test Acc: 95.96
Loss   1.32 Loss_Lx   1.26 Loss_Lu 0.01198
17:34:08 Epoch 266 Test Acc: 95.79
17:34:10 Epoch 266  EMA Test Acc: 96.02
Loss   1.35 Loss_Lx   1.29 Loss_Lu 0.01244
17:35:55 Epoch 267 Test Acc: 95.77
17:35:58 Epoch 267  EMA Test Acc: 95.85
Loss   1.31 Loss_Lx   1.25 Loss_Lu 0.01188
17:37:42 Epoch 268 Test Acc: 95.82
17:37:45 Epoch 268  EMA Test Acc: 95.73
Loss   1.32 Loss_Lx   1.26 Loss_Lu 0.01170
17:39:29 Epoch 269 Test Acc: 95.85
17:39:31 Epoch 269  EMA Test Acc: 95.97
Loss   1.35 Loss_Lx   1.29 Loss_Lu 0.01204
17:41:16 Epoch 270 Test Acc: 95.62
17:41:18 Epoch 270  EMA Test Acc: 95.82
Loss   1.43 Loss_Lx   1.36 Loss_Lu 0.01319
17:43:03 Epoch 271 Test Acc: 95.62
17:43:06 Epoch 271  EMA Test Acc: 95.6
Loss   1.33 Loss_Lx   1.27 Loss_Lu 0.01213
17:44:50 Epoch 272 Test Acc: 95.73
17:44:53 Epoch 272  EMA Test Acc: 95.65
Loss   1.31 Loss_Lx   1.25 Loss_Lu 0.01179
17:46:37 Epoch 273 Test Acc: 95.81
17:46:40 Epoch 273  EMA Test Acc: 95.77
Loss   1.33 Loss_Lx   1.27 Loss_Lu 0.01187
17:48:24 Epoch 274 Test Acc: 95.87
17:48:27 Epoch 274  EMA Test Acc: 95.68
Loss   1.31 Loss_Lx   1.25 Loss_Lu 0.01171
17:50:12 Epoch 275 Test Acc: 96.0
17:50:14 Epoch 275  EMA Test Acc: 95.94
Loss   1.38 Loss_Lx   1.32 Loss_Lu 0.01276
17:51:59 Epoch 276 Test Acc: 95.76
17:52:01 Epoch 276  EMA Test Acc: 95.67
Loss   1.30 Loss_Lx   1.24 Loss_Lu 0.01149
17:53:46 Epoch 277 Test Acc: 95.65
17:53:48 Epoch 277  EMA Test Acc: 95.59
Loss   1.32 Loss_Lx   1.26 Loss_Lu 0.01158
17:55:33 Epoch 278 Test Acc: 95.77
17:55:35 Epoch 278  EMA Test Acc: 95.67
Loss   1.32 Loss_Lx   1.26 Loss_Lu 0.01197
17:57:20 Epoch 279 Test Acc: 95.62
17:57:22 Epoch 279  EMA Test Acc: 95.7
Loss   1.35 Loss_Lx   1.29 Loss_Lu 0.01218
17:59:07 Epoch 280 Test Acc: 95.9
17:59:09 Epoch 280  EMA Test Acc: 95.92
Loss   1.30 Loss_Lx   1.24 Loss_Lu 0.01164
18:00:54 Epoch 281 Test Acc: 95.9
18:00:56 Epoch 281  EMA Test Acc: 95.97
Loss   1.39 Loss_Lx   1.33 Loss_Lu 0.01250
18:02:41 Epoch 282 Test Acc: 95.99
18:02:43 Epoch 282  EMA Test Acc: 95.83
Loss   1.36 Loss_Lx   1.30 Loss_Lu 0.01243
18:04:28 Epoch 283 Test Acc: 96.07
18:04:30 Epoch 283  EMA Test Acc: 96.04
Loss   1.31 Loss_Lx   1.25 Loss_Lu 0.01129
18:06:15 Epoch 284 Test Acc: 95.96
18:06:18 Epoch 284  EMA Test Acc: 95.9
Loss   1.37 Loss_Lx   1.31 Loss_Lu 0.01230
18:08:02 Epoch 285 Test Acc: 95.79
18:08:05 Epoch 285  EMA Test Acc: 95.9
Loss   1.38 Loss_Lx   1.32 Loss_Lu 0.01228
18:09:49 Epoch 286 Test Acc: 95.87
18:09:52 Epoch 286  EMA Test Acc: 95.77
Loss   1.32 Loss_Lx   1.26 Loss_Lu 0.01172
18:11:36 Epoch 287 Test Acc: 96.06
18:11:39 Epoch 287  EMA Test Acc: 96.04
Loss   1.33 Loss_Lx   1.27 Loss_Lu 0.01203
18:13:23 Epoch 288 Test Acc: 95.97
18:13:26 Epoch 288  EMA Test Acc: 95.98
Loss   1.38 Loss_Lx   1.32 Loss_Lu 0.01191
18:15:10 Epoch 289 Test Acc: 95.98
18:15:13 Epoch 289  EMA Test Acc: 95.99
Loss   1.28 Loss_Lx   1.22 Loss_Lu 0.01116
18:16:58 Epoch 290 Test Acc: 95.95
18:17:00 Epoch 290  EMA Test Acc: 95.71
Loss   1.35 Loss_Lx   1.29 Loss_Lu 0.01202
18:18:45 Epoch 291 Test Acc: 95.72
18:18:47 Epoch 291  EMA Test Acc: 95.8
Loss   1.33 Loss_Lx   1.27 Loss_Lu 0.01168
18:20:32 Epoch 292 Test Acc: 95.88
18:20:35 Epoch 292  EMA Test Acc: 95.84
Loss   1.29 Loss_Lx   1.23 Loss_Lu 0.01155
18:22:19 Epoch 293 Test Acc: 95.82
18:22:22 Epoch 293  EMA Test Acc: 95.86
Loss   1.32 Loss_Lx   1.26 Loss_Lu 0.01160
18:24:06 Epoch 294 Test Acc: 95.93
18:24:08 Epoch 294  EMA Test Acc: 95.8
Loss   1.32 Loss_Lx   1.26 Loss_Lu 0.01183
18:25:53 Epoch 295 Test Acc: 95.78
18:25:56 Epoch 295  EMA Test Acc: 95.78
Loss   1.35 Loss_Lx   1.29 Loss_Lu 0.01188
18:27:40 Epoch 296 Test Acc: 95.95
18:27:43 Epoch 296  EMA Test Acc: 95.81
Loss   1.30 Loss_Lx   1.24 Loss_Lu 0.01130
18:29:27 Epoch 297 Test Acc: 95.87
18:29:30 Epoch 297  EMA Test Acc: 95.85
Loss   1.28 Loss_Lx   1.22 Loss_Lu 0.01140
18:31:14 Epoch 298 Test Acc: 95.71
18:31:17 Epoch 298  EMA Test Acc: 95.9
Loss   1.31 Loss_Lx   1.26 Loss_Lu 0.01151
18:33:01 Epoch 299 Test Acc: 96.0
18:33:03 Epoch 299  EMA Test Acc: 95.82
18:33:03 Best Test Acc: 96.16211700439453
