Sun Jul 10 10:02:16 2022       
+-----------------------------------------------------------------------------+
| NVIDIA-SMI 515.48.07    Driver Version: 515.48.07    CUDA Version: 11.7     |
|-------------------------------+----------------------+----------------------+
| GPU  Name        Persistence-M| Bus-Id        Disp.A | Volatile Uncorr. ECC |
| Fan  Temp  Perf  Pwr:Usage/Cap|         Memory-Usage | GPU-Util  Compute M. |
|                               |                      |               MIG M. |
|===============================+======================+======================|
|   0  NVIDIA A100-SXM...  Off  | 00000000:51:00.0 Off |                    0 |
| N/A   55C    P0   260W / 400W |   9897MiB / 81920MiB |    100%      Default |
|                               |                      |             Disabled |
+-------------------------------+----------------------+----------------------+
|   1  NVIDIA A100-SXM...  Off  | 00000000:56:00.0 Off |                    0 |
| N/A   29C    P0    68W / 400W |      4MiB / 81920MiB |      0%      Default |
|                               |                      |             Disabled |
+-------------------------------+----------------------+----------------------+
|   2  NVIDIA A100-SXM...  Off  | 00000000:6B:00.0 Off |                    0 |
| N/A   30C    P0    68W / 400W |      4MiB / 81920MiB |      0%      Default |
|                               |                      |             Disabled |
+-------------------------------+----------------------+----------------------+
|   3  NVIDIA A100-SXM...  Off  | 00000000:71:00.0 Off |                    0 |
| N/A   33C    P0    69W / 400W |      4MiB / 81920MiB |      0%      Default |
|                               |                      |             Disabled |
+-------------------------------+----------------------+----------------------+
|   4  NVIDIA A100-SXM...  Off  | 00000000:8A:00.0 Off |                    0 |
| N/A   71C    P0   326W / 400W |  11447MiB / 81920MiB |    100%      Default |
|                               |                      |             Disabled |
+-------------------------------+----------------------+----------------------+
|   5  NVIDIA A100-SXM...  Off  | 00000000:8E:00.0 Off |                    0 |
| N/A   53C    P0   272W / 400W |  11447MiB / 81920MiB |    100%      Default |
|                               |                      |             Disabled |
+-------------------------------+----------------------+----------------------+
|   6  NVIDIA A100-SXM...  Off  | 00000000:A8:00.0 Off |                    0 |
| N/A   61C    P0   296W / 400W |  11449MiB / 81920MiB |    100%      Default |
|                               |                      |             Disabled |
+-------------------------------+----------------------+----------------------+
|   7  NVIDIA A100-SXM...  Off  | 00000000:AB:00.0 Off |                    0 |
| N/A   69C    P0   327W / 400W |  11449MiB / 81920MiB |    100%      Default |
|                               |                      |             Disabled |
+-------------------------------+----------------------+----------------------+
                                                                               
+-----------------------------------------------------------------------------+
| Processes:                                                                  |
|  GPU   GI   CI        PID   Type   Process name                  GPU Memory |
|        ID   ID                                                   Usage      |
|=============================================================================|
|    0   N/A  N/A      3532      G   /usr/lib/xorg/Xorg                  4MiB |
|    0   N/A  N/A   3615542      C   python                           4155MiB |
|    0   N/A  N/A   3670694      C   python                           5721MiB |
|    1   N/A  N/A      3532      G   /usr/lib/xorg/Xorg                  4MiB |
|    2   N/A  N/A      3532      G   /usr/lib/xorg/Xorg                  4MiB |
|    3   N/A  N/A      3532      G   /usr/lib/xorg/Xorg                  4MiB |
|    4   N/A  N/A      3532      G   /usr/lib/xorg/Xorg                  4MiB |
|    4   N/A  N/A   3670698      C   python                           5719MiB |
|    4   N/A  N/A   3670702      C   python                           5721MiB |
|    5   N/A  N/A      3532      G   /usr/lib/xorg/Xorg                  4MiB |
|    5   N/A  N/A   3670699      C   python                           5721MiB |
|    5   N/A  N/A   3670703      C   python                           5719MiB |
|    6   N/A  N/A      3532      G   /usr/lib/xorg/Xorg                  4MiB |
|    6   N/A  N/A   3670700      C   python                           5721MiB |
|    6   N/A  N/A   3670704      C   python                           5721MiB |
|    7   N/A  N/A      3532      G   /usr/lib/xorg/Xorg                  4MiB |
|    7   N/A  N/A   3670701      C   python                           5721MiB |
|    7   N/A  N/A   3670705      C   python                           5721MiB |
+-----------------------------------------------------------------------------+
Namespace(PES_lr=0.0001, T=0.5, T1=0, T2=5, alpha=4, batch_size=128, data_path='./data', data_percent=1, dataset='CIFAR10', ema=0.997, lambda_u=0, lr=0.02, noise_type='aggre_label', num_epochs=300, optim='cos', seed=4, weight_decay=0.0005)
Files already downloaded and verified
Files already downloaded and verified
Train Epoch: [0][  0/390]	Time   0.10	Data   0.00	Loss   3.72	Acc@1  32.77
10:03:15 Epoch 0 Test Acc: 43.65
10:03:18 Epoch 0  EMA Test Acc: 10.4
Train Epoch: [1][  0/390]	Time   0.10	Data   0.00	Loss   2.89	Acc@1  49.55
10:04:00 Epoch 1 Test Acc: 61.07
10:04:02 Epoch 1  EMA Test Acc: 22.4
Train Epoch: [2][  0/390]	Time   0.10	Data   0.00	Loss   2.43	Acc@1  58.97
10:04:44 Epoch 2 Test Acc: 64.04
10:04:47 Epoch 2  EMA Test Acc: 59.21
Train Epoch: [3][  0/390]	Time   0.10	Data   0.00	Loss   2.12	Acc@1  64.92
10:05:29 Epoch 3 Test Acc: 73.23
10:05:31 Epoch 3  EMA Test Acc: 70.95
Train Epoch: [4][  0/390]	Time   0.10	Data   0.00	Loss   1.93	Acc@1  68.52
10:06:13 Epoch 4 Test Acc: 77.41
10:06:16 Epoch 4  EMA Test Acc: 77.12
Train Epoch: [5][  0/390]	Time   0.10	Data   0.00	Loss   1.80	Acc@1  71.00
10:06:58 Epoch 5 Test Acc: 77.93
10:07:00 Epoch 5  EMA Test Acc: 77.89
Train Epoch: [6][  0/390]	Time   0.10	Data   0.00	Loss   1.71	Acc@1  72.84
10:07:42 Epoch 6 Test Acc: 76.03
10:07:45 Epoch 6  EMA Test Acc: 76.75
Train Epoch: [7][  0/390]	Time   0.10	Data   0.00	Loss   1.64	Acc@1  74.07
10:08:27 Epoch 7 Test Acc: 80.81
10:08:29 Epoch 7  EMA Test Acc: 82.72
Train Epoch: [8][  0/390]	Time   0.10	Data   0.00	Loss   1.57	Acc@1  75.36
10:09:11 Epoch 8 Test Acc: 81.95
10:09:14 Epoch 8  EMA Test Acc: 81.94
Train Epoch: [9][  0/390]	Time   0.10	Data   0.00	Loss   1.52	Acc@1  76.31
10:09:56 Epoch 9 Test Acc: 81.21
10:09:58 Epoch 9  EMA Test Acc: 85.63
Train Epoch: [10][  0/390]	Time   0.10	Data   0.00	Loss   1.48	Acc@1  76.69
10:10:40 Epoch 10 Test Acc: 84.1
10:10:43 Epoch 10  EMA Test Acc: 81.29
Train Epoch: [11][  0/390]	Time   0.10	Data   0.00	Loss   1.44	Acc@1  77.69
10:11:25 Epoch 11 Test Acc: 83.2
10:11:27 Epoch 11  EMA Test Acc: 86.26
Train Epoch: [12][  0/390]	Time   0.10	Data   0.00	Loss   1.40	Acc@1  78.30
10:12:09 Epoch 12 Test Acc: 84.63
10:12:12 Epoch 12  EMA Test Acc: 83.4
Train Epoch: [13][  0/390]	Time   0.10	Data   0.00	Loss   1.37	Acc@1  78.90
10:12:54 Epoch 13 Test Acc: 79.4
10:12:56 Epoch 13  EMA Test Acc: 81.2
Train Epoch: [14][  0/390]	Time   0.10	Data   0.00	Loss   1.33	Acc@1  79.61
10:13:38 Epoch 14 Test Acc: 82.66
10:13:41 Epoch 14  EMA Test Acc: 87.17
Train Epoch: [15][  0/390]	Time   0.10	Data   0.00	Loss   1.31	Acc@1  79.99
10:14:23 Epoch 15 Test Acc: 85.34
10:14:26 Epoch 15  EMA Test Acc: 88.12
Train Epoch: [16][  0/390]	Time   0.10	Data   0.00	Loss   1.29	Acc@1  80.17
10:15:08 Epoch 16 Test Acc: 85.55
10:15:10 Epoch 16  EMA Test Acc: 85.55
Train Epoch: [17][  0/390]	Time   0.10	Data   0.00	Loss   1.27	Acc@1  80.49
10:15:52 Epoch 17 Test Acc: 86.29
10:15:55 Epoch 17  EMA Test Acc: 88.49
Train Epoch: [18][  0/390]	Time   0.10	Data   0.00	Loss   1.25	Acc@1  81.05
10:16:37 Epoch 18 Test Acc: 85.75
10:16:39 Epoch 18  EMA Test Acc: 86.14
Train Epoch: [19][  0/390]	Time   0.10	Data   0.00	Loss   1.23	Acc@1  81.36
10:17:21 Epoch 19 Test Acc: 86.05
10:17:24 Epoch 19  EMA Test Acc: 87.93
re-initalize the final layer
Train Epoch: [0][  0/390]	Time   0.05	Data   0.00	Loss   2.39	Acc@1  80.13
10:17:44 Epoch 0 Test Acc: 88.06
Train Epoch: [1][  0/390]	Time   0.05	Data   0.00	Loss   1.53	Acc@1  82.85
10:18:04 Epoch 1 Test Acc: 88.28
Train Epoch: [2][  0/390]	Time   0.05	Data   0.00	Loss   1.32	Acc@1  82.80
10:18:25 Epoch 2 Test Acc: 88.3
Train Epoch: [3][  0/390]	Time   0.05	Data   0.00	Loss   1.24	Acc@1  82.79
10:18:45 Epoch 3 Test Acc: 88.33
Train Epoch: [4][  0/390]	Time   0.05	Data   0.00	Loss   1.20	Acc@1  82.78
10:19:06 Epoch 4 Test Acc: 88.2
Loss   3.01 Loss_Lx   3.00 Loss_Lu 0.03973
10:20:49 Epoch 20 Test Acc: 88.56
10:20:51 Epoch 20  EMA Test Acc: 78.36
Loss   2.88 Loss_Lx   2.87 Loss_Lu 0.03789
10:22:35 Epoch 21 Test Acc: 87.61
10:22:37 Epoch 21  EMA Test Acc: 83.62
Loss   2.79 Loss_Lx   2.76 Loss_Lu 0.03705
10:24:20 Epoch 22 Test Acc: 88.54
10:24:22 Epoch 22  EMA Test Acc: 79.26
Loss   2.81 Loss_Lx   2.76 Loss_Lu 0.03681
10:26:06 Epoch 23 Test Acc: 88.3
10:26:08 Epoch 23  EMA Test Acc: 83.92
Loss   2.78 Loss_Lx   2.73 Loss_Lu 0.03602
10:27:52 Epoch 24 Test Acc: 87.09
10:27:54 Epoch 24  EMA Test Acc: 82.77
Loss   2.75 Loss_Lx   2.69 Loss_Lu 0.03494
10:29:38 Epoch 25 Test Acc: 87.79
10:29:40 Epoch 25  EMA Test Acc: 85.99
Loss   2.76 Loss_Lx   2.68 Loss_Lu 0.03535
10:31:23 Epoch 26 Test Acc: 88.43
10:31:26 Epoch 26  EMA Test Acc: 83.23
Loss   2.73 Loss_Lx   2.65 Loss_Lu 0.03497
10:33:09 Epoch 27 Test Acc: 88.83
10:33:12 Epoch 27  EMA Test Acc: 87.25
Loss   2.75 Loss_Lx   2.66 Loss_Lu 0.03480
10:34:55 Epoch 28 Test Acc: 87.89
10:34:58 Epoch 28  EMA Test Acc: 83.68
Loss   2.74 Loss_Lx   2.64 Loss_Lu 0.03403
10:36:41 Epoch 29 Test Acc: 87.45
10:36:43 Epoch 29  EMA Test Acc: 86.28
Loss   2.74 Loss_Lx   2.63 Loss_Lu 0.03441
10:38:26 Epoch 30 Test Acc: 88.58
10:38:29 Epoch 30  EMA Test Acc: 84.32
Loss   2.78 Loss_Lx   2.66 Loss_Lu 0.03412
10:40:12 Epoch 31 Test Acc: 88.25
10:40:15 Epoch 31  EMA Test Acc: 87.72
Loss   2.73 Loss_Lx   2.60 Loss_Lu 0.03400
10:41:58 Epoch 32 Test Acc: 88.4
10:42:01 Epoch 32  EMA Test Acc: 86.41
Loss   2.74 Loss_Lx   2.60 Loss_Lu 0.03370
10:43:44 Epoch 33 Test Acc: 88.32
10:43:47 Epoch 33  EMA Test Acc: 86.35
Loss   2.75 Loss_Lx   2.60 Loss_Lu 0.03334
10:45:30 Epoch 34 Test Acc: 88.31
10:45:33 Epoch 34  EMA Test Acc: 87.38
Loss   2.73 Loss_Lx   2.57 Loss_Lu 0.03338
10:47:16 Epoch 35 Test Acc: 88.11
10:47:19 Epoch 35  EMA Test Acc: 88.27
Loss   2.74 Loss_Lx   2.58 Loss_Lu 0.03310
10:49:02 Epoch 36 Test Acc: 88.54
10:49:05 Epoch 36  EMA Test Acc: 88.23
Loss   2.72 Loss_Lx   2.56 Loss_Lu 0.03272
10:50:48 Epoch 37 Test Acc: 88.62
10:50:50 Epoch 37  EMA Test Acc: 88.07
Loss   2.71 Loss_Lx   2.55 Loss_Lu 0.03281
10:52:33 Epoch 38 Test Acc: 89.29
10:52:35 Epoch 38  EMA Test Acc: 84.91
Loss   2.67 Loss_Lx   2.51 Loss_Lu 0.03294
10:54:18 Epoch 39 Test Acc: 89.49
10:54:21 Epoch 39  EMA Test Acc: 89.06
Loss   2.67 Loss_Lx   2.51 Loss_Lu 0.03273
10:56:04 Epoch 40 Test Acc: 89.63
10:56:07 Epoch 40  EMA Test Acc: 88.88
Loss   2.66 Loss_Lx   2.49 Loss_Lu 0.03248
10:57:50 Epoch 41 Test Acc: 88.74
10:57:53 Epoch 41  EMA Test Acc: 90.14
Loss   2.67 Loss_Lx   2.50 Loss_Lu 0.03280
10:59:36 Epoch 42 Test Acc: 89.37
10:59:39 Epoch 42  EMA Test Acc: 86.57
Loss   2.68 Loss_Lx   2.52 Loss_Lu 0.03286
11:01:22 Epoch 43 Test Acc: 90.45
11:01:24 Epoch 43  EMA Test Acc: 88.25
Loss   2.67 Loss_Lx   2.50 Loss_Lu 0.03283
11:03:08 Epoch 44 Test Acc: 89.78
11:03:10 Epoch 44  EMA Test Acc: 90.0
Loss   2.67 Loss_Lx   2.51 Loss_Lu 0.03274
11:04:54 Epoch 45 Test Acc: 89.09
11:04:56 Epoch 45  EMA Test Acc: 87.69
Loss   2.64 Loss_Lx   2.48 Loss_Lu 0.03257
11:06:39 Epoch 46 Test Acc: 90.37
11:06:42 Epoch 46  EMA Test Acc: 89.86
Loss   2.62 Loss_Lx   2.46 Loss_Lu 0.03271
11:08:25 Epoch 47 Test Acc: 89.55
11:08:27 Epoch 47  EMA Test Acc: 90.3
Loss   2.62 Loss_Lx   2.46 Loss_Lu 0.03258
11:10:10 Epoch 48 Test Acc: 90.51
11:10:13 Epoch 48  EMA Test Acc: 88.01
Loss   2.61 Loss_Lx   2.45 Loss_Lu 0.03263
11:11:56 Epoch 49 Test Acc: 90.41
11:11:59 Epoch 49  EMA Test Acc: 90.14
Loss   2.60 Loss_Lx   2.43 Loss_Lu 0.03259
11:13:43 Epoch 50 Test Acc: 90.66
11:13:45 Epoch 50  EMA Test Acc: 90.28
Loss   2.61 Loss_Lx   2.45 Loss_Lu 0.03213
11:15:28 Epoch 51 Test Acc: 89.81
11:15:31 Epoch 51  EMA Test Acc: 91.0
Loss   2.58 Loss_Lx   2.42 Loss_Lu 0.03271
11:17:14 Epoch 52 Test Acc: 90.26
11:17:17 Epoch 52  EMA Test Acc: 87.95
Loss   2.58 Loss_Lx   2.41 Loss_Lu 0.03248
11:19:00 Epoch 53 Test Acc: 89.75
11:19:02 Epoch 53  EMA Test Acc: 89.68
Loss   2.56 Loss_Lx   2.40 Loss_Lu 0.03227
11:20:46 Epoch 54 Test Acc: 90.95
11:20:48 Epoch 54  EMA Test Acc: 89.91
Loss   2.56 Loss_Lx   2.40 Loss_Lu 0.03252
11:22:32 Epoch 55 Test Acc: 90.81
11:22:34 Epoch 55  EMA Test Acc: 89.97
Loss   2.58 Loss_Lx   2.42 Loss_Lu 0.03282
11:24:18 Epoch 56 Test Acc: 91.3
11:24:20 Epoch 56  EMA Test Acc: 91.26
Loss   2.56 Loss_Lx   2.40 Loss_Lu 0.03263
11:26:04 Epoch 57 Test Acc: 90.91
11:26:06 Epoch 57  EMA Test Acc: 89.19
Loss   2.58 Loss_Lx   2.42 Loss_Lu 0.03224
11:27:49 Epoch 58 Test Acc: 90.89
11:27:52 Epoch 58  EMA Test Acc: 91.96
Loss   2.57 Loss_Lx   2.41 Loss_Lu 0.03205
11:29:35 Epoch 59 Test Acc: 90.32
11:29:37 Epoch 59  EMA Test Acc: 91.14
Loss   2.53 Loss_Lx   2.37 Loss_Lu 0.03189
11:31:21 Epoch 60 Test Acc: 91.14
11:31:24 Epoch 60  EMA Test Acc: 91.83
Loss   2.54 Loss_Lx   2.38 Loss_Lu 0.03222
11:33:07 Epoch 61 Test Acc: 90.86
11:33:09 Epoch 61  EMA Test Acc: 89.66
Loss   2.53 Loss_Lx   2.37 Loss_Lu 0.03185
11:34:53 Epoch 62 Test Acc: 91.48
11:34:55 Epoch 62  EMA Test Acc: 92.22
Loss   2.54 Loss_Lx   2.38 Loss_Lu 0.03237
11:36:39 Epoch 63 Test Acc: 91.12
11:36:41 Epoch 63  EMA Test Acc: 91.96
Loss   2.53 Loss_Lx   2.37 Loss_Lu 0.03259
11:38:24 Epoch 64 Test Acc: 90.97
11:38:27 Epoch 64  EMA Test Acc: 92.36
Loss   2.52 Loss_Lx   2.36 Loss_Lu 0.03171
11:40:10 Epoch 65 Test Acc: 89.96
11:40:12 Epoch 65  EMA Test Acc: 92.28
Loss   2.52 Loss_Lx   2.37 Loss_Lu 0.03177
11:41:56 Epoch 66 Test Acc: 89.94
11:41:58 Epoch 66  EMA Test Acc: 92.22
Loss   2.48 Loss_Lx   2.32 Loss_Lu 0.03135
11:43:41 Epoch 67 Test Acc: 90.84
11:43:44 Epoch 67  EMA Test Acc: 91.15
Loss   2.52 Loss_Lx   2.36 Loss_Lu 0.03181
11:45:27 Epoch 68 Test Acc: 91.84
11:45:30 Epoch 68  EMA Test Acc: 91.51
Loss   2.52 Loss_Lx   2.36 Loss_Lu 0.03231
11:47:13 Epoch 69 Test Acc: 91.22
11:47:15 Epoch 69  EMA Test Acc: 91.69
Loss   2.49 Loss_Lx   2.33 Loss_Lu 0.03174
11:48:59 Epoch 70 Test Acc: 91.86
11:49:01 Epoch 70  EMA Test Acc: 92.1
Loss   2.50 Loss_Lx   2.34 Loss_Lu 0.03225
11:50:44 Epoch 71 Test Acc: 90.92
11:50:47 Epoch 71  EMA Test Acc: 92.29
Loss   2.48 Loss_Lx   2.32 Loss_Lu 0.03171
11:52:30 Epoch 72 Test Acc: 91.77
11:52:32 Epoch 72  EMA Test Acc: 93.09
Loss   2.49 Loss_Lx   2.33 Loss_Lu 0.03204
11:54:15 Epoch 73 Test Acc: 91.52
11:54:17 Epoch 73  EMA Test Acc: 93.28
Loss   2.47 Loss_Lx   2.32 Loss_Lu 0.03108
11:56:01 Epoch 74 Test Acc: 91.33
11:56:03 Epoch 74  EMA Test Acc: 93.14
Loss   2.48 Loss_Lx   2.32 Loss_Lu 0.03210
11:57:47 Epoch 75 Test Acc: 90.81
11:57:49 Epoch 75  EMA Test Acc: 91.98
Loss   2.47 Loss_Lx   2.31 Loss_Lu 0.03157
11:59:33 Epoch 76 Test Acc: 91.48
11:59:35 Epoch 76  EMA Test Acc: 92.85
Loss   2.48 Loss_Lx   2.32 Loss_Lu 0.03198
12:01:19 Epoch 77 Test Acc: 92.06
12:01:21 Epoch 77  EMA Test Acc: 92.97
Loss   2.44 Loss_Lx   2.29 Loss_Lu 0.03168
12:03:05 Epoch 78 Test Acc: 91.73
12:03:07 Epoch 78  EMA Test Acc: 92.75
Loss   2.46 Loss_Lx   2.30 Loss_Lu 0.03166
12:04:51 Epoch 79 Test Acc: 91.83
12:04:53 Epoch 79  EMA Test Acc: 92.34
Loss   2.45 Loss_Lx   2.29 Loss_Lu 0.03170
12:06:37 Epoch 80 Test Acc: 91.3
12:06:39 Epoch 80  EMA Test Acc: 92.92
Loss   2.45 Loss_Lx   2.29 Loss_Lu 0.03167
12:08:23 Epoch 81 Test Acc: 91.85
12:08:25 Epoch 81  EMA Test Acc: 92.49
Loss   2.43 Loss_Lx   2.27 Loss_Lu 0.03149
12:10:08 Epoch 82 Test Acc: 91.62
12:10:11 Epoch 82  EMA Test Acc: 92.99
Loss   2.44 Loss_Lx   2.28 Loss_Lu 0.03158
12:11:54 Epoch 83 Test Acc: 90.23
12:11:57 Epoch 83  EMA Test Acc: 93.32
Loss   2.43 Loss_Lx   2.28 Loss_Lu 0.03171
12:13:40 Epoch 84 Test Acc: 91.62
12:13:43 Epoch 84  EMA Test Acc: 93.22
Loss   2.44 Loss_Lx   2.28 Loss_Lu 0.03213
12:15:26 Epoch 85 Test Acc: 92.49
12:15:29 Epoch 85  EMA Test Acc: 93.37
Loss   2.44 Loss_Lx   2.28 Loss_Lu 0.03159
12:17:12 Epoch 86 Test Acc: 91.94
12:17:15 Epoch 86  EMA Test Acc: 93.03
Loss   2.40 Loss_Lx   2.24 Loss_Lu 0.03101
12:18:58 Epoch 87 Test Acc: 92.39
12:19:01 Epoch 87  EMA Test Acc: 92.87
Loss   2.43 Loss_Lx   2.26 Loss_Lu 0.03209
12:20:44 Epoch 88 Test Acc: 91.67
12:20:47 Epoch 88  EMA Test Acc: 92.75
Loss   2.42 Loss_Lx   2.26 Loss_Lu 0.03186
12:22:30 Epoch 89 Test Acc: 92.51
12:22:33 Epoch 89  EMA Test Acc: 92.69
Loss   2.40 Loss_Lx   2.25 Loss_Lu 0.03152
12:24:16 Epoch 90 Test Acc: 92.7
12:24:19 Epoch 90  EMA Test Acc: 92.15
Loss   2.40 Loss_Lx   2.25 Loss_Lu 0.03145
12:26:02 Epoch 91 Test Acc: 91.77
12:26:04 Epoch 91  EMA Test Acc: 93.14
Loss   2.40 Loss_Lx   2.24 Loss_Lu 0.03113
12:27:48 Epoch 92 Test Acc: 92.11
12:27:50 Epoch 92  EMA Test Acc: 93.67
Loss   2.42 Loss_Lx   2.26 Loss_Lu 0.03140
12:29:34 Epoch 93 Test Acc: 92.75
12:29:36 Epoch 93  EMA Test Acc: 92.52
Loss   2.37 Loss_Lx   2.21 Loss_Lu 0.03140
12:31:19 Epoch 94 Test Acc: 92.61
12:31:21 Epoch 94  EMA Test Acc: 92.45
Loss   2.38 Loss_Lx   2.22 Loss_Lu 0.03139
12:33:05 Epoch 95 Test Acc: 92.57
12:33:07 Epoch 95  EMA Test Acc: 93.14
Loss   2.38 Loss_Lx   2.22 Loss_Lu 0.03134
12:34:51 Epoch 96 Test Acc: 92.67
12:34:53 Epoch 96  EMA Test Acc: 92.18
Loss   2.36 Loss_Lx   2.20 Loss_Lu 0.03124
12:36:37 Epoch 97 Test Acc: 92.09
12:36:39 Epoch 97  EMA Test Acc: 93.43
Loss   2.39 Loss_Lx   2.23 Loss_Lu 0.03162
12:38:23 Epoch 98 Test Acc: 92.93
12:38:25 Epoch 98  EMA Test Acc: 93.61
Loss   2.38 Loss_Lx   2.22 Loss_Lu 0.03143
12:40:08 Epoch 99 Test Acc: 92.26
12:40:11 Epoch 99  EMA Test Acc: 93.49
Loss   2.37 Loss_Lx   2.22 Loss_Lu 0.03120
12:41:54 Epoch 100 Test Acc: 92.24
12:41:56 Epoch 100  EMA Test Acc: 92.97
Loss   2.38 Loss_Lx   2.22 Loss_Lu 0.03163
12:43:40 Epoch 101 Test Acc: 92.76
12:43:42 Epoch 101  EMA Test Acc: 92.95
Loss   2.36 Loss_Lx   2.20 Loss_Lu 0.03154
12:45:26 Epoch 102 Test Acc: 92.74
12:45:28 Epoch 102  EMA Test Acc: 92.37
Loss   2.34 Loss_Lx   2.19 Loss_Lu 0.03111
12:47:11 Epoch 103 Test Acc: 92.38
12:47:14 Epoch 103  EMA Test Acc: 93.63
Loss   2.34 Loss_Lx   2.19 Loss_Lu 0.03141
12:48:57 Epoch 104 Test Acc: 92.71
12:49:00 Epoch 104  EMA Test Acc: 92.93
Loss   2.36 Loss_Lx   2.20 Loss_Lu 0.03121
12:50:43 Epoch 105 Test Acc: 93.41
12:50:46 Epoch 105  EMA Test Acc: 93.62
Loss   2.35 Loss_Lx   2.19 Loss_Lu 0.03163
12:52:29 Epoch 106 Test Acc: 93.25
12:52:32 Epoch 106  EMA Test Acc: 93.54
Loss   2.37 Loss_Lx   2.22 Loss_Lu 0.03167
12:54:15 Epoch 107 Test Acc: 92.75
12:54:17 Epoch 107  EMA Test Acc: 93.44
Loss   2.37 Loss_Lx   2.21 Loss_Lu 0.03162
12:56:00 Epoch 108 Test Acc: 93.35
12:56:03 Epoch 108  EMA Test Acc: 93.13
Loss   2.33 Loss_Lx   2.17 Loss_Lu 0.03115
12:57:46 Epoch 109 Test Acc: 92.41
12:57:48 Epoch 109  EMA Test Acc: 94.2
Loss   2.34 Loss_Lx   2.18 Loss_Lu 0.03082
12:59:31 Epoch 110 Test Acc: 93.3
12:59:34 Epoch 110  EMA Test Acc: 93.5
Loss   2.35 Loss_Lx   2.19 Loss_Lu 0.03177
13:01:17 Epoch 111 Test Acc: 93.38
13:01:19 Epoch 111  EMA Test Acc: 93.13
Loss   2.31 Loss_Lx   2.16 Loss_Lu 0.03088
13:03:03 Epoch 112 Test Acc: 92.6
13:03:05 Epoch 112  EMA Test Acc: 94.2
Loss   2.31 Loss_Lx   2.16 Loss_Lu 0.03127
13:04:49 Epoch 113 Test Acc: 92.63
13:04:51 Epoch 113  EMA Test Acc: 93.65
Loss   2.34 Loss_Lx   2.19 Loss_Lu 0.03122
13:06:34 Epoch 114 Test Acc: 93.34
13:06:37 Epoch 114  EMA Test Acc: 94.38
Loss   2.31 Loss_Lx   2.16 Loss_Lu 0.03048
13:08:20 Epoch 115 Test Acc: 93.67
13:08:23 Epoch 115  EMA Test Acc: 93.98
Loss   2.32 Loss_Lx   2.17 Loss_Lu 0.03081
13:10:06 Epoch 116 Test Acc: 93.46
13:10:09 Epoch 116  EMA Test Acc: 94.56
Loss   2.32 Loss_Lx   2.17 Loss_Lu 0.03111
13:11:52 Epoch 117 Test Acc: 93.54
13:11:55 Epoch 117  EMA Test Acc: 92.58
Loss   2.30 Loss_Lx   2.15 Loss_Lu 0.03047
13:13:38 Epoch 118 Test Acc: 93.29
13:13:40 Epoch 118  EMA Test Acc: 94.29
Loss   2.29 Loss_Lx   2.14 Loss_Lu 0.03052
13:15:24 Epoch 119 Test Acc: 92.89
13:15:26 Epoch 119  EMA Test Acc: 93.8
Loss   2.28 Loss_Lx   2.12 Loss_Lu 0.03094
13:17:09 Epoch 120 Test Acc: 92.98
13:17:12 Epoch 120  EMA Test Acc: 94.19
Loss   2.29 Loss_Lx   2.13 Loss_Lu 0.03082
13:18:55 Epoch 121 Test Acc: 93.29
13:18:58 Epoch 121  EMA Test Acc: 94.09
Loss   2.28 Loss_Lx   2.12 Loss_Lu 0.03041
13:20:41 Epoch 122 Test Acc: 93.82
13:20:44 Epoch 122  EMA Test Acc: 93.66
Loss   2.29 Loss_Lx   2.13 Loss_Lu 0.03074
13:22:27 Epoch 123 Test Acc: 93.34
13:22:30 Epoch 123  EMA Test Acc: 93.92
Loss   2.29 Loss_Lx   2.13 Loss_Lu 0.03077
13:24:13 Epoch 124 Test Acc: 93.01
13:24:16 Epoch 124  EMA Test Acc: 94.14
Loss   2.28 Loss_Lx   2.12 Loss_Lu 0.03119
13:25:58 Epoch 125 Test Acc: 93.5
13:26:01 Epoch 125  EMA Test Acc: 93.61
Loss   2.27 Loss_Lx   2.11 Loss_Lu 0.03072
13:27:45 Epoch 126 Test Acc: 94.0
13:27:47 Epoch 126  EMA Test Acc: 93.87
Loss   2.25 Loss_Lx   2.10 Loss_Lu 0.03045
13:29:30 Epoch 127 Test Acc: 93.76
13:29:33 Epoch 127  EMA Test Acc: 94.61
Loss   2.26 Loss_Lx   2.11 Loss_Lu 0.03045
13:31:16 Epoch 128 Test Acc: 93.44
13:31:18 Epoch 128  EMA Test Acc: 93.63
Loss   2.24 Loss_Lx   2.09 Loss_Lu 0.03006
13:33:01 Epoch 129 Test Acc: 92.96
13:33:04 Epoch 129  EMA Test Acc: 94.56
Loss   2.26 Loss_Lx   2.11 Loss_Lu 0.03027
13:34:47 Epoch 130 Test Acc: 94.03
13:34:49 Epoch 130  EMA Test Acc: 93.07
Loss   2.27 Loss_Lx   2.11 Loss_Lu 0.03089
13:36:32 Epoch 131 Test Acc: 93.96
13:36:34 Epoch 131  EMA Test Acc: 94.8
Loss   2.26 Loss_Lx   2.10 Loss_Lu 0.03053
13:38:18 Epoch 132 Test Acc: 94.12
13:38:20 Epoch 132  EMA Test Acc: 94.36
Loss   2.26 Loss_Lx   2.11 Loss_Lu 0.03043
13:40:04 Epoch 133 Test Acc: 93.49
13:40:06 Epoch 133  EMA Test Acc: 93.85
Loss   2.25 Loss_Lx   2.09 Loss_Lu 0.03032
13:41:50 Epoch 134 Test Acc: 93.94
13:41:52 Epoch 134  EMA Test Acc: 93.84
Loss   2.21 Loss_Lx   2.06 Loss_Lu 0.02928
13:43:35 Epoch 135 Test Acc: 92.99
13:43:38 Epoch 135  EMA Test Acc: 94.09
Loss   2.23 Loss_Lx   2.08 Loss_Lu 0.02994
13:45:21 Epoch 136 Test Acc: 93.22
13:45:23 Epoch 136  EMA Test Acc: 94.3
Loss   2.24 Loss_Lx   2.09 Loss_Lu 0.02990
13:47:07 Epoch 137 Test Acc: 93.96
13:47:09 Epoch 137  EMA Test Acc: 94.6
Loss   2.21 Loss_Lx   2.06 Loss_Lu 0.02978
13:48:52 Epoch 138 Test Acc: 93.72
13:48:55 Epoch 138  EMA Test Acc: 94.64
Loss   2.22 Loss_Lx   2.07 Loss_Lu 0.03007
13:50:38 Epoch 139 Test Acc: 94.28
13:50:41 Epoch 139  EMA Test Acc: 94.07
Loss   2.20 Loss_Lx   2.05 Loss_Lu 0.02969
13:52:23 Epoch 140 Test Acc: 94.09
13:52:26 Epoch 140  EMA Test Acc: 93.77
Loss   2.22 Loss_Lx   2.07 Loss_Lu 0.02931
13:54:09 Epoch 141 Test Acc: 94.07
13:54:11 Epoch 141  EMA Test Acc: 93.78
Loss   2.20 Loss_Lx   2.05 Loss_Lu 0.02911
13:55:54 Epoch 142 Test Acc: 94.28
13:55:57 Epoch 142  EMA Test Acc: 94.15
Loss   2.20 Loss_Lx   2.05 Loss_Lu 0.02985
13:57:40 Epoch 143 Test Acc: 94.06
13:57:43 Epoch 143  EMA Test Acc: 94.63
Loss   2.19 Loss_Lx   2.05 Loss_Lu 0.02906
13:59:26 Epoch 144 Test Acc: 93.94
13:59:29 Epoch 144  EMA Test Acc: 94.38
Loss   2.19 Loss_Lx   2.04 Loss_Lu 0.02985
14:01:12 Epoch 145 Test Acc: 94.31
14:01:14 Epoch 145  EMA Test Acc: 93.5
Loss   2.19 Loss_Lx   2.04 Loss_Lu 0.02929
14:02:58 Epoch 146 Test Acc: 93.9
14:03:00 Epoch 146  EMA Test Acc: 94.38
Loss   2.18 Loss_Lx   2.04 Loss_Lu 0.02878
14:04:44 Epoch 147 Test Acc: 93.81
14:04:46 Epoch 147  EMA Test Acc: 93.92
Loss   2.18 Loss_Lx   2.04 Loss_Lu 0.02884
14:06:29 Epoch 148 Test Acc: 93.43
14:06:32 Epoch 148  EMA Test Acc: 94.54
Loss   2.18 Loss_Lx   2.04 Loss_Lu 0.02903
14:08:15 Epoch 149 Test Acc: 94.13
14:08:18 Epoch 149  EMA Test Acc: 94.82
Loss   1.65 Loss_Lx   1.53 Loss_Lu 0.02491
14:10:01 Epoch 150 Test Acc: 93.47
14:10:03 Epoch 150  EMA Test Acc: 94.11
Loss   1.62 Loss_Lx   1.50 Loss_Lu 0.02492
14:11:46 Epoch 151 Test Acc: 93.92
14:11:49 Epoch 151  EMA Test Acc: 94.14
Loss   1.64 Loss_Lx   1.52 Loss_Lu 0.02489
14:13:32 Epoch 152 Test Acc: 93.61
14:13:35 Epoch 152  EMA Test Acc: 94.56
Loss   1.55 Loss_Lx   1.43 Loss_Lu 0.02404
14:15:18 Epoch 153 Test Acc: 93.05
14:15:21 Epoch 153  EMA Test Acc: 94.72
Loss   1.61 Loss_Lx   1.49 Loss_Lu 0.02426
14:17:04 Epoch 154 Test Acc: 94.18
14:17:06 Epoch 154  EMA Test Acc: 94.36
Loss   1.58 Loss_Lx   1.46 Loss_Lu 0.02432
14:18:50 Epoch 155 Test Acc: 93.62
14:18:52 Epoch 155  EMA Test Acc: 94.3
Loss   1.67 Loss_Lx   1.54 Loss_Lu 0.02497
14:20:35 Epoch 156 Test Acc: 93.87
14:20:38 Epoch 156  EMA Test Acc: 94.62
Loss   1.61 Loss_Lx   1.49 Loss_Lu 0.02408
14:22:21 Epoch 157 Test Acc: 94.42
14:22:24 Epoch 157  EMA Test Acc: 94.57
Loss   1.67 Loss_Lx   1.54 Loss_Lu 0.02497
14:24:07 Epoch 158 Test Acc: 93.98
14:24:09 Epoch 158  EMA Test Acc: 94.1
Loss   1.62 Loss_Lx   1.50 Loss_Lu 0.02480
14:25:53 Epoch 159 Test Acc: 93.88
14:25:55 Epoch 159  EMA Test Acc: 93.79
Loss   1.57 Loss_Lx   1.45 Loss_Lu 0.02345
14:27:38 Epoch 160 Test Acc: 93.94
14:27:41 Epoch 160  EMA Test Acc: 93.89
Loss   1.57 Loss_Lx   1.45 Loss_Lu 0.02381
14:29:24 Epoch 161 Test Acc: 94.14
14:29:27 Epoch 161  EMA Test Acc: 94.7
Loss   1.58 Loss_Lx   1.46 Loss_Lu 0.02376
14:31:10 Epoch 162 Test Acc: 94.3
14:31:12 Epoch 162  EMA Test Acc: 94.46
Loss   1.62 Loss_Lx   1.49 Loss_Lu 0.02427
14:32:55 Epoch 163 Test Acc: 94.54
14:32:58 Epoch 163  EMA Test Acc: 93.88
Loss   1.58 Loss_Lx   1.47 Loss_Lu 0.02292
14:34:41 Epoch 164 Test Acc: 94.63
14:34:43 Epoch 164  EMA Test Acc: 94.84
Loss   1.57 Loss_Lx   1.45 Loss_Lu 0.02320
14:36:26 Epoch 165 Test Acc: 94.68
14:36:29 Epoch 165  EMA Test Acc: 94.65
Loss   1.53 Loss_Lx   1.41 Loss_Lu 0.02298
14:38:12 Epoch 166 Test Acc: 94.09
14:38:14 Epoch 166  EMA Test Acc: 94.56
Loss   1.53 Loss_Lx   1.41 Loss_Lu 0.02284
14:39:58 Epoch 167 Test Acc: 94.06
14:40:00 Epoch 167  EMA Test Acc: 94.85
Loss   1.54 Loss_Lx   1.43 Loss_Lu 0.02344
14:41:49 Epoch 168 Test Acc: 93.87
14:41:51 Epoch 168  EMA Test Acc: 94.63
Loss   1.58 Loss_Lx   1.46 Loss_Lu 0.02305
14:43:43 Epoch 169 Test Acc: 94.38
14:43:45 Epoch 169  EMA Test Acc: 94.98
Loss   1.61 Loss_Lx   1.49 Loss_Lu 0.02368
14:45:37 Epoch 170 Test Acc: 94.54
14:45:40 Epoch 170  EMA Test Acc: 94.65
Loss   1.56 Loss_Lx   1.44 Loss_Lu 0.02307
14:47:31 Epoch 171 Test Acc: 94.02
14:47:33 Epoch 171  EMA Test Acc: 94.38
Loss   1.58 Loss_Lx   1.47 Loss_Lu 0.02256
14:49:24 Epoch 172 Test Acc: 94.65
14:49:27 Epoch 172  EMA Test Acc: 94.87
Loss   1.58 Loss_Lx   1.48 Loss_Lu 0.02170
14:51:18 Epoch 173 Test Acc: 94.65
14:51:20 Epoch 173  EMA Test Acc: 94.75
Loss   1.56 Loss_Lx   1.45 Loss_Lu 0.02243
14:53:11 Epoch 174 Test Acc: 94.38
14:53:14 Epoch 174  EMA Test Acc: 94.65
Loss   1.58 Loss_Lx   1.46 Loss_Lu 0.02233
14:55:04 Epoch 175 Test Acc: 94.15
14:55:07 Epoch 175  EMA Test Acc: 95.13
Loss   1.54 Loss_Lx   1.43 Loss_Lu 0.02090
14:56:58 Epoch 176 Test Acc: 94.54
14:57:01 Epoch 176  EMA Test Acc: 95.02
Loss   1.56 Loss_Lx   1.45 Loss_Lu 0.02209
14:58:52 Epoch 177 Test Acc: 94.67
14:58:55 Epoch 177  EMA Test Acc: 94.47
Loss   1.54 Loss_Lx   1.43 Loss_Lu 0.02123
15:00:45 Epoch 178 Test Acc: 94.76
15:00:48 Epoch 178  EMA Test Acc: 94.44
Loss   1.48 Loss_Lx   1.38 Loss_Lu 0.02035
15:02:39 Epoch 179 Test Acc: 94.9
15:02:42 Epoch 179  EMA Test Acc: 94.63
Loss   1.54 Loss_Lx   1.43 Loss_Lu 0.02135
15:04:33 Epoch 180 Test Acc: 94.11
15:04:36 Epoch 180  EMA Test Acc: 94.38
Loss   1.53 Loss_Lx   1.42 Loss_Lu 0.02063
15:06:26 Epoch 181 Test Acc: 94.83
15:06:29 Epoch 181  EMA Test Acc: 94.7
Loss   1.51 Loss_Lx   1.40 Loss_Lu 0.02067
15:08:20 Epoch 182 Test Acc: 94.65
15:08:22 Epoch 182  EMA Test Acc: 94.86
Loss   1.49 Loss_Lx   1.38 Loss_Lu 0.02050
15:10:13 Epoch 183 Test Acc: 94.81
15:10:16 Epoch 183  EMA Test Acc: 95.07
Loss   1.51 Loss_Lx   1.41 Loss_Lu 0.02042
15:12:07 Epoch 184 Test Acc: 94.57
15:12:10 Epoch 184  EMA Test Acc: 94.84
Loss   1.52 Loss_Lx   1.42 Loss_Lu 0.02070
15:14:01 Epoch 185 Test Acc: 94.53
15:14:04 Epoch 185  EMA Test Acc: 94.88
Loss   1.42 Loss_Lx   1.32 Loss_Lu 0.01875
15:15:55 Epoch 186 Test Acc: 94.45
15:15:58 Epoch 186  EMA Test Acc: 94.74
Loss   1.50 Loss_Lx   1.40 Loss_Lu 0.02009
15:17:50 Epoch 187 Test Acc: 94.55
15:17:52 Epoch 187  EMA Test Acc: 94.59
Loss   1.46 Loss_Lx   1.37 Loss_Lu 0.01937
15:19:43 Epoch 188 Test Acc: 94.51
15:19:45 Epoch 188  EMA Test Acc: 94.84
Loss   1.46 Loss_Lx   1.37 Loss_Lu 0.01924
15:21:36 Epoch 189 Test Acc: 94.66
15:21:39 Epoch 189  EMA Test Acc: 94.62
Loss   1.51 Loss_Lx   1.41 Loss_Lu 0.01961
15:23:30 Epoch 190 Test Acc: 94.57
15:23:33 Epoch 190  EMA Test Acc: 94.76
Loss   1.56 Loss_Lx   1.47 Loss_Lu 0.01957
15:25:24 Epoch 191 Test Acc: 94.95
15:25:27 Epoch 191  EMA Test Acc: 95.2
Loss   1.50 Loss_Lx   1.40 Loss_Lu 0.01959
15:27:18 Epoch 192 Test Acc: 94.8
15:27:21 Epoch 192  EMA Test Acc: 94.99
Loss   1.50 Loss_Lx   1.40 Loss_Lu 0.01933
15:29:11 Epoch 193 Test Acc: 94.72
15:29:14 Epoch 193  EMA Test Acc: 94.52
Loss   1.46 Loss_Lx   1.36 Loss_Lu 0.01847
15:31:05 Epoch 194 Test Acc: 94.91
15:31:08 Epoch 194  EMA Test Acc: 95.1
Loss   1.45 Loss_Lx   1.36 Loss_Lu 0.01835
15:32:59 Epoch 195 Test Acc: 95.01
15:33:02 Epoch 195  EMA Test Acc: 94.61
Loss   1.44 Loss_Lx   1.35 Loss_Lu 0.01770
15:34:52 Epoch 196 Test Acc: 94.24
15:34:55 Epoch 196  EMA Test Acc: 94.9
Loss   1.42 Loss_Lx   1.33 Loss_Lu 0.01727
15:36:46 Epoch 197 Test Acc: 94.96
15:36:48 Epoch 197  EMA Test Acc: 95.11
Loss   1.55 Loss_Lx   1.45 Loss_Lu 0.01980
15:38:39 Epoch 198 Test Acc: 94.79
15:38:41 Epoch 198  EMA Test Acc: 95.03
Loss   1.40 Loss_Lx   1.32 Loss_Lu 0.01711
15:40:32 Epoch 199 Test Acc: 94.89
15:40:35 Epoch 199  EMA Test Acc: 94.78
Loss   1.45 Loss_Lx   1.35 Loss_Lu 0.01839
15:42:26 Epoch 200 Test Acc: 94.71
15:42:28 Epoch 200  EMA Test Acc: 95.04
Loss   1.47 Loss_Lx   1.38 Loss_Lu 0.01879
15:44:19 Epoch 201 Test Acc: 94.94
15:44:22 Epoch 201  EMA Test Acc: 95.11
Loss   1.44 Loss_Lx   1.35 Loss_Lu 0.01795
15:46:13 Epoch 202 Test Acc: 95.0
15:46:15 Epoch 202  EMA Test Acc: 95.2
Loss   1.42 Loss_Lx   1.34 Loss_Lu 0.01768
15:48:06 Epoch 203 Test Acc: 94.87
15:48:08 Epoch 203  EMA Test Acc: 94.83
Loss   1.52 Loss_Lx   1.42 Loss_Lu 0.01866
15:49:59 Epoch 204 Test Acc: 94.94
15:50:02 Epoch 204  EMA Test Acc: 94.98
Loss   1.46 Loss_Lx   1.37 Loss_Lu 0.01796
15:51:52 Epoch 205 Test Acc: 94.93
15:51:55 Epoch 205  EMA Test Acc: 94.98
Loss   1.38 Loss_Lx   1.30 Loss_Lu 0.01618
15:53:45 Epoch 206 Test Acc: 94.66
15:53:48 Epoch 206  EMA Test Acc: 95.2
Loss   1.41 Loss_Lx   1.32 Loss_Lu 0.01684
15:55:39 Epoch 207 Test Acc: 95.3
15:55:41 Epoch 207  EMA Test Acc: 95.07
Loss   1.45 Loss_Lx   1.36 Loss_Lu 0.01724
15:57:32 Epoch 208 Test Acc: 95.21
15:57:35 Epoch 208  EMA Test Acc: 95.01
Loss   1.47 Loss_Lx   1.38 Loss_Lu 0.01759
15:59:26 Epoch 209 Test Acc: 94.73
15:59:29 Epoch 209  EMA Test Acc: 95.3
Loss   1.40 Loss_Lx   1.31 Loss_Lu 0.01644
16:01:19 Epoch 210 Test Acc: 94.79
16:01:22 Epoch 210  EMA Test Acc: 94.81
Loss   1.40 Loss_Lx   1.31 Loss_Lu 0.01652
16:03:13 Epoch 211 Test Acc: 94.91
16:03:15 Epoch 211  EMA Test Acc: 95.15
Loss   1.39 Loss_Lx   1.31 Loss_Lu 0.01599
16:05:06 Epoch 212 Test Acc: 95.12
16:05:09 Epoch 212  EMA Test Acc: 94.96
Loss   1.40 Loss_Lx   1.32 Loss_Lu 0.01696
16:07:00 Epoch 213 Test Acc: 95.14
16:07:03 Epoch 213  EMA Test Acc: 95.35
Loss   1.42 Loss_Lx   1.34 Loss_Lu 0.01627
16:08:54 Epoch 214 Test Acc: 94.9
16:08:57 Epoch 214  EMA Test Acc: 95.15
Loss   1.38 Loss_Lx   1.30 Loss_Lu 0.01565
16:10:48 Epoch 215 Test Acc: 95.13
16:10:50 Epoch 215  EMA Test Acc: 95.21
Loss   1.38 Loss_Lx   1.30 Loss_Lu 0.01653
16:12:41 Epoch 216 Test Acc: 95.21
16:12:44 Epoch 216  EMA Test Acc: 95.58
Loss   1.42 Loss_Lx   1.34 Loss_Lu 0.01672
16:14:35 Epoch 217 Test Acc: 95.21
16:14:38 Epoch 217  EMA Test Acc: 95.29
Loss   1.35 Loss_Lx   1.28 Loss_Lu 0.01573
16:16:29 Epoch 218 Test Acc: 95.08
16:16:31 Epoch 218  EMA Test Acc: 95.09
Loss   1.42 Loss_Lx   1.34 Loss_Lu 0.01618
16:18:22 Epoch 219 Test Acc: 95.04
16:18:25 Epoch 219  EMA Test Acc: 95.17
Loss   1.42 Loss_Lx   1.34 Loss_Lu 0.01600
16:20:16 Epoch 220 Test Acc: 95.38
16:20:18 Epoch 220  EMA Test Acc: 95.21
Loss   1.40 Loss_Lx   1.32 Loss_Lu 0.01602
16:22:09 Epoch 221 Test Acc: 95.1
16:22:12 Epoch 221  EMA Test Acc: 95.57
Loss   1.41 Loss_Lx   1.33 Loss_Lu 0.01598
16:24:03 Epoch 222 Test Acc: 95.22
16:24:05 Epoch 222  EMA Test Acc: 95.2
Loss   1.49 Loss_Lx   1.40 Loss_Lu 0.01752
16:25:56 Epoch 223 Test Acc: 95.17
16:25:59 Epoch 223  EMA Test Acc: 95.08
Loss   1.36 Loss_Lx   1.29 Loss_Lu 0.01538
16:27:50 Epoch 224 Test Acc: 95.05
16:27:52 Epoch 224  EMA Test Acc: 95.37
Loss   1.38 Loss_Lx   1.31 Loss_Lu 0.01517
16:29:43 Epoch 225 Test Acc: 95.02
16:29:46 Epoch 225  EMA Test Acc: 95.12
Loss   1.36 Loss_Lx   1.28 Loss_Lu 0.01547
16:31:37 Epoch 226 Test Acc: 95.49
16:31:39 Epoch 226  EMA Test Acc: 95.39
Loss   1.45 Loss_Lx   1.37 Loss_Lu 0.01644
16:33:30 Epoch 227 Test Acc: 95.09
16:33:32 Epoch 227  EMA Test Acc: 94.98
Loss   1.35 Loss_Lx   1.27 Loss_Lu 0.01546
16:35:23 Epoch 228 Test Acc: 95.1
16:35:26 Epoch 228  EMA Test Acc: 95.28
Loss   1.35 Loss_Lx   1.27 Loss_Lu 0.01466
16:37:16 Epoch 229 Test Acc: 94.99
16:37:19 Epoch 229  EMA Test Acc: 94.96
Loss   1.38 Loss_Lx   1.31 Loss_Lu 0.01546
16:39:10 Epoch 230 Test Acc: 95.02
16:39:13 Epoch 230  EMA Test Acc: 95.29
Loss   1.38 Loss_Lx   1.30 Loss_Lu 0.01521
16:41:04 Epoch 231 Test Acc: 95.45
16:41:06 Epoch 231  EMA Test Acc: 95.5
Loss   1.35 Loss_Lx   1.28 Loss_Lu 0.01461
16:42:58 Epoch 232 Test Acc: 95.28
16:43:00 Epoch 232  EMA Test Acc: 95.18
Loss   1.36 Loss_Lx   1.29 Loss_Lu 0.01537
16:44:51 Epoch 233 Test Acc: 95.12
16:44:54 Epoch 233  EMA Test Acc: 95.3
Loss   1.35 Loss_Lx   1.28 Loss_Lu 0.01447
16:46:44 Epoch 234 Test Acc: 95.21
16:46:47 Epoch 234  EMA Test Acc: 95.2
Loss   1.33 Loss_Lx   1.26 Loss_Lu 0.01463
16:48:37 Epoch 235 Test Acc: 95.16
16:48:40 Epoch 235  EMA Test Acc: 95.16
Loss   1.37 Loss_Lx   1.29 Loss_Lu 0.01503
16:50:31 Epoch 236 Test Acc: 95.09
16:50:34 Epoch 236  EMA Test Acc: 95.12
Loss   1.34 Loss_Lx   1.27 Loss_Lu 0.01462
16:52:24 Epoch 237 Test Acc: 95.26
16:52:27 Epoch 237  EMA Test Acc: 95.26
Loss   1.43 Loss_Lx   1.35 Loss_Lu 0.01556
16:54:19 Epoch 238 Test Acc: 95.51
16:54:22 Epoch 238  EMA Test Acc: 95.56
Loss   1.39 Loss_Lx   1.32 Loss_Lu 0.01496
16:56:13 Epoch 239 Test Acc: 95.3
16:56:16 Epoch 239  EMA Test Acc: 95.38
Loss   1.33 Loss_Lx   1.26 Loss_Lu 0.01390
16:58:08 Epoch 240 Test Acc: 95.38
16:58:11 Epoch 240  EMA Test Acc: 95.54
Loss   1.36 Loss_Lx   1.29 Loss_Lu 0.01445
17:00:02 Epoch 241 Test Acc: 95.13
17:00:05 Epoch 241  EMA Test Acc: 95.26
Loss   1.35 Loss_Lx   1.28 Loss_Lu 0.01450
17:01:56 Epoch 242 Test Acc: 95.01
17:01:59 Epoch 242  EMA Test Acc: 95.05
Loss   1.40 Loss_Lx   1.32 Loss_Lu 0.01509
17:03:51 Epoch 243 Test Acc: 95.23
17:03:53 Epoch 243  EMA Test Acc: 95.41
Loss   1.43 Loss_Lx   1.35 Loss_Lu 0.01647
17:05:44 Epoch 244 Test Acc: 95.41
17:05:47 Epoch 244  EMA Test Acc: 95.43
Loss   1.37 Loss_Lx   1.30 Loss_Lu 0.01479
17:07:38 Epoch 245 Test Acc: 95.33
17:07:40 Epoch 245  EMA Test Acc: 95.01
Loss   1.35 Loss_Lx   1.28 Loss_Lu 0.01404
17:09:32 Epoch 246 Test Acc: 95.42
17:09:35 Epoch 246  EMA Test Acc: 95.37
Loss   1.34 Loss_Lx   1.27 Loss_Lu 0.01425
17:11:26 Epoch 247 Test Acc: 95.27
17:11:29 Epoch 247  EMA Test Acc: 95.4
Loss   1.30 Loss_Lx   1.22 Loss_Lu 0.01431
17:13:20 Epoch 248 Test Acc: 95.36
17:13:23 Epoch 248  EMA Test Acc: 95.27
Loss   1.38 Loss_Lx   1.30 Loss_Lu 0.01460
17:15:14 Epoch 249 Test Acc: 95.35
17:15:17 Epoch 249  EMA Test Acc: 95.32
Loss   1.39 Loss_Lx   1.32 Loss_Lu 0.01473
17:17:09 Epoch 250 Test Acc: 95.44
17:17:12 Epoch 250  EMA Test Acc: 95.37
Loss   1.37 Loss_Lx   1.30 Loss_Lu 0.01494
17:19:03 Epoch 251 Test Acc: 95.5
17:19:06 Epoch 251  EMA Test Acc: 95.65
Loss   1.34 Loss_Lx   1.27 Loss_Lu 0.01400
17:20:58 Epoch 252 Test Acc: 95.34
17:21:01 Epoch 252  EMA Test Acc: 95.5
Loss   1.35 Loss_Lx   1.28 Loss_Lu 0.01428
17:22:52 Epoch 253 Test Acc: 95.27
17:22:55 Epoch 253  EMA Test Acc: 95.2
Loss   1.36 Loss_Lx   1.28 Loss_Lu 0.01422
17:24:45 Epoch 254 Test Acc: 95.3
17:24:48 Epoch 254  EMA Test Acc: 95.36
Loss   1.38 Loss_Lx   1.30 Loss_Lu 0.01491
17:26:39 Epoch 255 Test Acc: 95.53
17:26:42 Epoch 255  EMA Test Acc: 95.49
Loss   1.33 Loss_Lx   1.26 Loss_Lu 0.01400
17:28:35 Epoch 256 Test Acc: 95.4
17:28:38 Epoch 256  EMA Test Acc: 95.37
Loss   1.36 Loss_Lx   1.29 Loss_Lu 0.01390
17:30:29 Epoch 257 Test Acc: 95.56
17:30:32 Epoch 257  EMA Test Acc: 95.6
Loss   1.34 Loss_Lx   1.27 Loss_Lu 0.01429
17:32:28 Epoch 258 Test Acc: 95.52
17:32:31 Epoch 258  EMA Test Acc: 95.47
Loss   1.41 Loss_Lx   1.34 Loss_Lu 0.01535
17:34:30 Epoch 259 Test Acc: 95.3
17:34:32 Epoch 259  EMA Test Acc: 95.31
Loss   1.33 Loss_Lx   1.26 Loss_Lu 0.01428
17:36:26 Epoch 260 Test Acc: 95.61
17:36:29 Epoch 260  EMA Test Acc: 95.62
Loss   1.37 Loss_Lx   1.30 Loss_Lu 0.01453
17:38:20 Epoch 261 Test Acc: 95.38
17:38:23 Epoch 261  EMA Test Acc: 95.34
Loss   1.33 Loss_Lx   1.26 Loss_Lu 0.01369
17:40:14 Epoch 262 Test Acc: 95.54
17:40:17 Epoch 262  EMA Test Acc: 95.57
Loss   1.36 Loss_Lx   1.29 Loss_Lu 0.01435
17:42:09 Epoch 263 Test Acc: 95.64
17:42:11 Epoch 263  EMA Test Acc: 95.67
Loss   1.40 Loss_Lx   1.33 Loss_Lu 0.01457
17:44:02 Epoch 264 Test Acc: 95.42
17:44:05 Epoch 264  EMA Test Acc: 95.55
Loss   1.38 Loss_Lx   1.31 Loss_Lu 0.01401
17:45:56 Epoch 265 Test Acc: 95.44
17:45:59 Epoch 265  EMA Test Acc: 95.35
Loss   1.36 Loss_Lx   1.29 Loss_Lu 0.01433
17:47:50 Epoch 266 Test Acc: 95.54
17:47:52 Epoch 266  EMA Test Acc: 95.48
Loss   1.33 Loss_Lx   1.26 Loss_Lu 0.01364
17:49:44 Epoch 267 Test Acc: 95.54
17:49:47 Epoch 267  EMA Test Acc: 95.58
Loss   1.34 Loss_Lx   1.27 Loss_Lu 0.01373
17:51:38 Epoch 268 Test Acc: 95.43
17:51:41 Epoch 268  EMA Test Acc: 95.54
Loss   1.35 Loss_Lx   1.28 Loss_Lu 0.01412
17:53:32 Epoch 269 Test Acc: 95.51
17:53:35 Epoch 269  EMA Test Acc: 95.47
Loss   1.31 Loss_Lx   1.25 Loss_Lu 0.01312
17:55:27 Epoch 270 Test Acc: 95.57
17:55:29 Epoch 270  EMA Test Acc: 95.47
Loss   1.36 Loss_Lx   1.29 Loss_Lu 0.01415
17:57:21 Epoch 271 Test Acc: 95.47
17:57:24 Epoch 271  EMA Test Acc: 95.62
Loss   1.39 Loss_Lx   1.32 Loss_Lu 0.01423
17:59:15 Epoch 272 Test Acc: 95.39
17:59:18 Epoch 272  EMA Test Acc: 95.29
Loss   1.35 Loss_Lx   1.28 Loss_Lu 0.01384
18:01:10 Epoch 273 Test Acc: 95.56
18:01:13 Epoch 273  EMA Test Acc: 95.38
Loss   1.36 Loss_Lx   1.29 Loss_Lu 0.01455
18:03:04 Epoch 274 Test Acc: 95.48
18:03:07 Epoch 274  EMA Test Acc: 95.45
Loss   1.33 Loss_Lx   1.26 Loss_Lu 0.01354
18:04:58 Epoch 275 Test Acc: 95.44
18:05:01 Epoch 275  EMA Test Acc: 95.47
Loss   1.28 Loss_Lx   1.22 Loss_Lu 0.01294
18:06:52 Epoch 276 Test Acc: 95.37
18:06:55 Epoch 276  EMA Test Acc: 95.38
Loss   1.32 Loss_Lx   1.25 Loss_Lu 0.01328
18:08:47 Epoch 277 Test Acc: 95.17
18:08:49 Epoch 277  EMA Test Acc: 95.13
Loss   1.35 Loss_Lx   1.28 Loss_Lu 0.01408
18:10:40 Epoch 278 Test Acc: 95.52
18:10:43 Epoch 278  EMA Test Acc: 95.58
Loss   1.31 Loss_Lx   1.25 Loss_Lu 0.01339
18:12:35 Epoch 279 Test Acc: 95.55
18:12:37 Epoch 279  EMA Test Acc: 95.3
Loss   1.33 Loss_Lx   1.26 Loss_Lu 0.01358
18:14:28 Epoch 280 Test Acc: 95.25
18:14:31 Epoch 280  EMA Test Acc: 95.28
Loss   1.37 Loss_Lx   1.30 Loss_Lu 0.01375
18:16:22 Epoch 281 Test Acc: 95.44
18:16:24 Epoch 281  EMA Test Acc: 95.42
Loss   1.34 Loss_Lx   1.27 Loss_Lu 0.01420
18:18:15 Epoch 282 Test Acc: 95.36
18:18:18 Epoch 282  EMA Test Acc: 95.48
Loss   1.33 Loss_Lx   1.26 Loss_Lu 0.01385
18:20:08 Epoch 283 Test Acc: 95.47
18:20:11 Epoch 283  EMA Test Acc: 95.39
Loss   1.36 Loss_Lx   1.29 Loss_Lu 0.01356
18:22:01 Epoch 284 Test Acc: 95.43
18:22:04 Epoch 284  EMA Test Acc: 95.38
Loss   1.33 Loss_Lx   1.26 Loss_Lu 0.01439
18:23:54 Epoch 285 Test Acc: 95.44
18:23:57 Epoch 285  EMA Test Acc: 95.48
Loss   1.33 Loss_Lx   1.27 Loss_Lu 0.01379
18:25:47 Epoch 286 Test Acc: 95.37
18:25:50 Epoch 286  EMA Test Acc: 95.51
Loss   1.32 Loss_Lx   1.25 Loss_Lu 0.01361
18:27:40 Epoch 287 Test Acc: 95.58
18:27:43 Epoch 287  EMA Test Acc: 95.35
Loss   1.32 Loss_Lx   1.25 Loss_Lu 0.01368
18:29:33 Epoch 288 Test Acc: 95.51
18:29:36 Epoch 288  EMA Test Acc: 95.45
Loss   1.33 Loss_Lx   1.26 Loss_Lu 0.01397
18:31:27 Epoch 289 Test Acc: 95.44
18:31:29 Epoch 289  EMA Test Acc: 95.5
Loss   1.33 Loss_Lx   1.27 Loss_Lu 0.01301
18:33:20 Epoch 290 Test Acc: 95.47
18:33:23 Epoch 290  EMA Test Acc: 95.63
Loss   1.38 Loss_Lx   1.31 Loss_Lu 0.01438
18:35:14 Epoch 291 Test Acc: 95.58
18:35:16 Epoch 291  EMA Test Acc: 95.47
Loss   1.32 Loss_Lx   1.25 Loss_Lu 0.01319
18:37:06 Epoch 292 Test Acc: 95.32
18:37:09 Epoch 292  EMA Test Acc: 95.41
Loss   1.34 Loss_Lx   1.27 Loss_Lu 0.01341
18:39:00 Epoch 293 Test Acc: 95.43
18:39:02 Epoch 293  EMA Test Acc: 95.42
Loss   1.37 Loss_Lx   1.30 Loss_Lu 0.01365
18:40:53 Epoch 294 Test Acc: 95.39
18:40:55 Epoch 294  EMA Test Acc: 95.52
Loss   1.39 Loss_Lx   1.32 Loss_Lu 0.01456
18:42:46 Epoch 295 Test Acc: 95.38
18:42:49 Epoch 295  EMA Test Acc: 95.28
Loss   1.42 Loss_Lx   1.34 Loss_Lu 0.01488
18:44:40 Epoch 296 Test Acc: 95.57
18:44:42 Epoch 296  EMA Test Acc: 95.63
Loss   1.31 Loss_Lx   1.24 Loss_Lu 0.01364
18:46:32 Epoch 297 Test Acc: 95.49
18:46:35 Epoch 297  EMA Test Acc: 95.52
Loss   1.39 Loss_Lx   1.32 Loss_Lu 0.01460
18:48:24 Epoch 298 Test Acc: 95.59
18:48:27 Epoch 298  EMA Test Acc: 95.47
Loss   1.34 Loss_Lx   1.27 Loss_Lu 0.01374
18:50:17 Epoch 299 Test Acc: 95.43
18:50:20 Epoch 299  EMA Test Acc: 95.44
18:50:20 Best Test Acc: 95.67383575439453
