Sun Jul 10 09:44:59 2022       
+-----------------------------------------------------------------------------+
| NVIDIA-SMI 515.48.07    Driver Version: 515.48.07    CUDA Version: 11.7     |
|-------------------------------+----------------------+----------------------+
| GPU  Name        Persistence-M| Bus-Id        Disp.A | Volatile Uncorr. ECC |
| Fan  Temp  Perf  Pwr:Usage/Cap|         Memory-Usage | GPU-Util  Compute M. |
|                               |                      |               MIG M. |
|===============================+======================+======================|
|   0  NVIDIA A100-SXM...  Off  | 00000000:39:00.0 Off |                    0 |
| N/A   47C    P0    76W / 400W |   1920MiB / 81920MiB |      0%      Default |
|                               |                      |             Disabled |
+-------------------------------+----------------------+----------------------+
|   1  NVIDIA A100-SXM...  Off  | 00000000:3E:00.0 Off |                    0 |
| N/A   59C    P0   237W / 400W |   7905MiB / 81920MiB |     99%      Default |
|                               |                      |             Disabled |
+-------------------------------+----------------------+----------------------+
|   2  NVIDIA A100-SXM...  Off  | 00000000:4D:00.0 Off |                    0 |
| N/A   32C    P0    66W / 400W |      7MiB / 81920MiB |      0%      Default |
|                               |                      |             Disabled |
+-------------------------------+----------------------+----------------------+
|   3  NVIDIA A100-SXM...  Off  | 00000000:53:00.0 Off |                    0 |
| N/A   65C    P0   255W / 400W |   7815MiB / 81920MiB |     99%      Default |
|                               |                      |             Disabled |
+-------------------------------+----------------------+----------------------+
|   4  NVIDIA A100-SXM...  Off  | 00000000:8A:00.0 Off |                    0 |
| N/A   36C    P0    67W / 400W |      7MiB / 81920MiB |      0%      Default |
|                               |                      |             Disabled |
+-------------------------------+----------------------+----------------------+
|   5  NVIDIA A100-SXM...  Off  | 00000000:8E:00.0 Off |                    0 |
| N/A   32C    P0    64W / 400W |      7MiB / 81920MiB |      0%      Default |
|                               |                      |             Disabled |
+-------------------------------+----------------------+----------------------+
|   6  NVIDIA A100-SXM...  Off  | 00000000:A8:00.0 Off |                    0 |
| N/A   30C    P0    63W / 400W |      7MiB / 81920MiB |      0%      Default |
|                               |                      |             Disabled |
+-------------------------------+----------------------+----------------------+
|   7  NVIDIA A100-SXM...  Off  | 00000000:AB:00.0 Off |                    0 |
| N/A   34C    P0    65W / 400W |      7MiB / 81920MiB |      0%      Default |
|                               |                      |             Disabled |
+-------------------------------+----------------------+----------------------+
                                                                               
+-----------------------------------------------------------------------------+
| Processes:                                                                  |
|  GPU   GI   CI        PID   Type   Process name                  GPU Memory |
|        ID   ID                                                   Usage      |
|=============================================================================|
|    0   N/A  N/A      3443      G   /usr/lib/xorg/Xorg                  4MiB |
|    0   N/A  N/A   3018211      C   ...a/envs/hy39/bin/python3.9     1913MiB |
|    1   N/A  N/A      3443      G   /usr/lib/xorg/Xorg                  4MiB |
|    1   N/A  N/A    484228      C   python                           5733MiB |
|    1   N/A  N/A   2879116      C   python                           2165MiB |
|    2   N/A  N/A      3443      G   /usr/lib/xorg/Xorg                  4MiB |
|    3   N/A  N/A      3443      G   /usr/lib/xorg/Xorg                  4MiB |
|    3   N/A  N/A    484230      C   python                           5733MiB |
|    3   N/A  N/A   1254267      C   python                           2075MiB |
|    4   N/A  N/A      3443      G   /usr/lib/xorg/Xorg                  4MiB |
|    5   N/A  N/A      3443      G   /usr/lib/xorg/Xorg                  4MiB |
|    6   N/A  N/A      3443      G   /usr/lib/xorg/Xorg                  4MiB |
|    7   N/A  N/A      3443      G   /usr/lib/xorg/Xorg                  4MiB |
+-----------------------------------------------------------------------------+
Namespace(PES_lr=0.0001, T=0.5, T1=0, T2=5, alpha=4, batch_size=128, data_path='./data', data_percent=1, dataset='CIFAR10', ema=0.997, lambda_u=0, lr=0.02, noise_type='worse_label', num_epochs=300, optim='cos', seed=1, weight_decay=0.0005)
Files already downloaded and verified
Files already downloaded and verified
Train Epoch: [0][  0/390]	Time   0.10	Data   0.00	Loss   4.28	Acc@1  22.24
09:45:57 Epoch 0 Test Acc: 34.92
09:45:59 Epoch 0  EMA Test Acc: 19.93
Train Epoch: [1][  0/390]	Time   0.10	Data   0.00	Loss   3.97	Acc@1  28.48
09:46:41 Epoch 1 Test Acc: 43.15
09:46:44 Epoch 1  EMA Test Acc: 26.9
Train Epoch: [2][  0/390]	Time   0.10	Data   0.00	Loss   3.77	Acc@1  33.56
09:47:26 Epoch 2 Test Acc: 49.36
09:47:29 Epoch 2  EMA Test Acc: 39.77
Train Epoch: [3][  0/390]	Time   0.10	Data   0.00	Loss   3.62	Acc@1  36.98
09:48:11 Epoch 3 Test Acc: 55.28
09:48:13 Epoch 3  EMA Test Acc: 30.85
Train Epoch: [4][  0/390]	Time   0.10	Data   0.00	Loss   3.49	Acc@1  40.54
09:48:55 Epoch 4 Test Acc: 57.23
09:48:58 Epoch 4  EMA Test Acc: 53.78
Train Epoch: [5][  0/390]	Time   0.10	Data   0.00	Loss   3.40	Acc@1  42.68
09:49:40 Epoch 5 Test Acc: 62.05
09:49:43 Epoch 5  EMA Test Acc: 57.28
Train Epoch: [6][  0/390]	Time   0.10	Data   0.00	Loss   3.32	Acc@1  44.80
09:50:24 Epoch 6 Test Acc: 65.66
09:50:27 Epoch 6  EMA Test Acc: 60.83
Train Epoch: [7][  0/390]	Time   0.10	Data   0.00	Loss   3.27	Acc@1  46.00
09:51:09 Epoch 7 Test Acc: 62.6
09:51:12 Epoch 7  EMA Test Acc: 66.96
Train Epoch: [8][  0/390]	Time   0.10	Data   0.00	Loss   3.22	Acc@1  47.32
09:51:54 Epoch 8 Test Acc: 66.96
09:51:56 Epoch 8  EMA Test Acc: 69.13
Train Epoch: [9][  0/390]	Time   0.10	Data   0.00	Loss   3.18	Acc@1  48.56
09:52:38 Epoch 9 Test Acc: 68.2
09:52:41 Epoch 9  EMA Test Acc: 70.12
Train Epoch: [10][  0/390]	Time   0.10	Data   0.00	Loss   3.14	Acc@1  49.39
09:53:23 Epoch 10 Test Acc: 69.06
09:53:25 Epoch 10  EMA Test Acc: 73.31
Train Epoch: [11][  0/390]	Time   0.10	Data   0.00	Loss   3.11	Acc@1  50.13
09:54:07 Epoch 11 Test Acc: 71.87
09:54:10 Epoch 11  EMA Test Acc: 72.29
Train Epoch: [12][  0/390]	Time   0.10	Data   0.00	Loss   3.08	Acc@1  50.73
09:54:52 Epoch 12 Test Acc: 71.12
09:54:54 Epoch 12  EMA Test Acc: 72.77
Train Epoch: [13][  0/390]	Time   0.10	Data   0.00	Loss   3.05	Acc@1  51.50
09:55:36 Epoch 13 Test Acc: 73.08
09:55:39 Epoch 13  EMA Test Acc: 74.11
Train Epoch: [14][  0/390]	Time   0.10	Data   0.00	Loss   3.03	Acc@1  52.04
09:56:21 Epoch 14 Test Acc: 77.35
09:56:24 Epoch 14  EMA Test Acc: 71.8
Train Epoch: [15][  0/390]	Time   0.10	Data   0.00	Loss   3.02	Acc@1  52.30
09:57:06 Epoch 15 Test Acc: 75.32
09:57:08 Epoch 15  EMA Test Acc: 76.02
Train Epoch: [16][  0/390]	Time   0.10	Data   0.00	Loss   3.00	Acc@1  52.70
09:57:50 Epoch 16 Test Acc: 71.96
09:57:53 Epoch 16  EMA Test Acc: 77.25
Train Epoch: [17][  0/390]	Time   0.10	Data   0.00	Loss   2.98	Acc@1  53.12
09:58:35 Epoch 17 Test Acc: 75.76
09:58:37 Epoch 17  EMA Test Acc: 79.39
Train Epoch: [18][  0/390]	Time   0.10	Data   0.00	Loss   2.97	Acc@1  53.33
09:59:20 Epoch 18 Test Acc: 75.94
09:59:22 Epoch 18  EMA Test Acc: 76.57
Train Epoch: [19][  0/390]	Time   0.10	Data   0.00	Loss   2.95	Acc@1  53.81
10:00:04 Epoch 19 Test Acc: 78.07
10:00:07 Epoch 19  EMA Test Acc: 79.72
re-initalize the final layer
Train Epoch: [0][  0/390]	Time   0.05	Data   0.00	Loss   3.55	Acc@1  53.45
10:00:28 Epoch 0 Test Acc: 78.91
Train Epoch: [1][  0/390]	Time   0.05	Data   0.00	Loss   3.08	Acc@1  55.15
10:00:48 Epoch 1 Test Acc: 80.04
Train Epoch: [2][  0/390]	Time   0.05	Data   0.00	Loss   2.95	Acc@1  55.21
10:01:09 Epoch 2 Test Acc: 80.0
Train Epoch: [3][  0/390]	Time   0.05	Data   0.00	Loss   2.91	Acc@1  54.88
10:01:30 Epoch 3 Test Acc: 80.21
Train Epoch: [4][  0/390]	Time   0.05	Data   0.00	Loss   2.90	Acc@1  55.13
10:01:51 Epoch 4 Test Acc: 80.19
Loss   3.15 Loss_Lx   3.14 Loss_Lu 0.03580
10:03:37 Epoch 20 Test Acc: 80.54
10:03:40 Epoch 20  EMA Test Acc: 74.43
Loss   3.04 Loss_Lx   3.03 Loss_Lu 0.03392
10:05:27 Epoch 21 Test Acc: 80.29
10:05:30 Epoch 21  EMA Test Acc: 74.96
Loss   2.96 Loss_Lx   2.94 Loss_Lu 0.03338
10:07:16 Epoch 22 Test Acc: 79.29
10:07:19 Epoch 22  EMA Test Acc: 77.2
Loss   2.96 Loss_Lx   2.92 Loss_Lu 0.03287
10:09:06 Epoch 23 Test Acc: 79.78
10:09:09 Epoch 23  EMA Test Acc: 79.92
Loss   2.93 Loss_Lx   2.89 Loss_Lu 0.03239
10:10:55 Epoch 24 Test Acc: 80.55
10:10:58 Epoch 24  EMA Test Acc: 80.16
Loss   2.92 Loss_Lx   2.86 Loss_Lu 0.03219
10:12:45 Epoch 25 Test Acc: 81.12
10:12:48 Epoch 25  EMA Test Acc: 81.77
Loss   2.94 Loss_Lx   2.88 Loss_Lu 0.03175
10:14:34 Epoch 26 Test Acc: 81.3
10:14:37 Epoch 26  EMA Test Acc: 80.05
Loss   2.91 Loss_Lx   2.83 Loss_Lu 0.03143
10:16:24 Epoch 27 Test Acc: 82.37
10:16:26 Epoch 27  EMA Test Acc: 79.26
Loss   2.90 Loss_Lx   2.82 Loss_Lu 0.03144
10:18:13 Epoch 28 Test Acc: 81.34
10:18:15 Epoch 28  EMA Test Acc: 75.11
Loss   2.90 Loss_Lx   2.80 Loss_Lu 0.03100
10:20:02 Epoch 29 Test Acc: 82.63
10:20:05 Epoch 29  EMA Test Acc: 80.96
Loss   2.87 Loss_Lx   2.77 Loss_Lu 0.03125
10:21:52 Epoch 30 Test Acc: 83.4
10:21:55 Epoch 30  EMA Test Acc: 80.26
Loss   2.85 Loss_Lx   2.73 Loss_Lu 0.03076
10:23:42 Epoch 31 Test Acc: 83.11
10:23:44 Epoch 31  EMA Test Acc: 79.63
Loss   2.84 Loss_Lx   2.72 Loss_Lu 0.03060
10:25:31 Epoch 32 Test Acc: 83.65
10:25:34 Epoch 32  EMA Test Acc: 83.53
Loss   2.88 Loss_Lx   2.75 Loss_Lu 0.03062
10:27:20 Epoch 33 Test Acc: 83.32
10:27:23 Epoch 33  EMA Test Acc: 85.93
Loss   2.80 Loss_Lx   2.66 Loss_Lu 0.03050
10:29:09 Epoch 34 Test Acc: 83.82
10:29:12 Epoch 34  EMA Test Acc: 84.06
Loss   2.84 Loss_Lx   2.69 Loss_Lu 0.03043
10:30:59 Epoch 35 Test Acc: 84.65
10:31:01 Epoch 35  EMA Test Acc: 84.05
Loss   2.82 Loss_Lx   2.66 Loss_Lu 0.03035
10:32:48 Epoch 36 Test Acc: 85.46
10:32:50 Epoch 36  EMA Test Acc: 84.76
Loss   2.79 Loss_Lx   2.64 Loss_Lu 0.03007
10:34:37 Epoch 37 Test Acc: 86.52
10:34:40 Epoch 37  EMA Test Acc: 86.08
Loss   2.84 Loss_Lx   2.69 Loss_Lu 0.03044
10:36:26 Epoch 38 Test Acc: 86.23
10:36:28 Epoch 38  EMA Test Acc: 86.09
Loss   2.77 Loss_Lx   2.62 Loss_Lu 0.02996
10:38:14 Epoch 39 Test Acc: 86.49
10:38:17 Epoch 39  EMA Test Acc: 86.16
Loss   2.76 Loss_Lx   2.61 Loss_Lu 0.02987
10:40:04 Epoch 40 Test Acc: 86.81
10:40:06 Epoch 40  EMA Test Acc: 87.59
Loss   2.76 Loss_Lx   2.61 Loss_Lu 0.03011
10:41:53 Epoch 41 Test Acc: 86.27
10:41:55 Epoch 41  EMA Test Acc: 87.5
Loss   2.76 Loss_Lx   2.61 Loss_Lu 0.03029
10:43:40 Epoch 42 Test Acc: 87.27
10:43:43 Epoch 42  EMA Test Acc: 87.68
Loss   2.72 Loss_Lx   2.57 Loss_Lu 0.03009
10:45:29 Epoch 43 Test Acc: 86.88
10:45:32 Epoch 43  EMA Test Acc: 87.24
Loss   2.72 Loss_Lx   2.57 Loss_Lu 0.02982
10:47:17 Epoch 44 Test Acc: 87.51
10:47:20 Epoch 44  EMA Test Acc: 85.96
Loss   2.71 Loss_Lx   2.56 Loss_Lu 0.02981
10:49:06 Epoch 45 Test Acc: 87.7
10:49:08 Epoch 45  EMA Test Acc: 83.99
Loss   2.73 Loss_Lx   2.58 Loss_Lu 0.02999
10:50:56 Epoch 46 Test Acc: 87.16
10:50:58 Epoch 46  EMA Test Acc: 87.42
Loss   2.72 Loss_Lx   2.57 Loss_Lu 0.02987
10:52:45 Epoch 47 Test Acc: 86.8
10:52:48 Epoch 47  EMA Test Acc: 86.54
Loss   2.68 Loss_Lx   2.53 Loss_Lu 0.02973
10:54:34 Epoch 48 Test Acc: 87.33
10:54:36 Epoch 48  EMA Test Acc: 87.83
Loss   2.68 Loss_Lx   2.53 Loss_Lu 0.02997
10:56:22 Epoch 49 Test Acc: 87.32
10:56:24 Epoch 49  EMA Test Acc: 87.58
Loss   2.68 Loss_Lx   2.53 Loss_Lu 0.02972
10:58:12 Epoch 50 Test Acc: 87.36
10:58:14 Epoch 50  EMA Test Acc: 89.01
Loss   2.67 Loss_Lx   2.53 Loss_Lu 0.02994
11:00:02 Epoch 51 Test Acc: 87.99
11:00:04 Epoch 51  EMA Test Acc: 87.54
Loss   2.65 Loss_Lx   2.51 Loss_Lu 0.02946
11:01:51 Epoch 52 Test Acc: 89.08
11:01:54 Epoch 52  EMA Test Acc: 89.16
Loss   2.63 Loss_Lx   2.48 Loss_Lu 0.02972
11:03:40 Epoch 53 Test Acc: 86.76
11:03:43 Epoch 53  EMA Test Acc: 89.4
Loss   2.67 Loss_Lx   2.52 Loss_Lu 0.03001
11:05:29 Epoch 54 Test Acc: 87.29
11:05:32 Epoch 54  EMA Test Acc: 89.09
Loss   2.67 Loss_Lx   2.52 Loss_Lu 0.02977
11:07:18 Epoch 55 Test Acc: 88.96
11:07:21 Epoch 55  EMA Test Acc: 89.02
Loss   2.66 Loss_Lx   2.51 Loss_Lu 0.02993
11:09:09 Epoch 56 Test Acc: 88.74
11:09:11 Epoch 56  EMA Test Acc: 89.78
Loss   2.64 Loss_Lx   2.49 Loss_Lu 0.02953
11:10:58 Epoch 57 Test Acc: 88.9
11:11:01 Epoch 57  EMA Test Acc: 89.19
Loss   2.63 Loss_Lx   2.48 Loss_Lu 0.02964
11:12:47 Epoch 58 Test Acc: 88.58
11:12:50 Epoch 58  EMA Test Acc: 90.3
Loss   2.61 Loss_Lx   2.46 Loss_Lu 0.02951
11:14:37 Epoch 59 Test Acc: 89.54
11:14:39 Epoch 59  EMA Test Acc: 90.25
Loss   2.59 Loss_Lx   2.44 Loss_Lu 0.02966
11:16:26 Epoch 60 Test Acc: 89.12
11:16:28 Epoch 60  EMA Test Acc: 85.78
Loss   2.58 Loss_Lx   2.44 Loss_Lu 0.02940
11:18:14 Epoch 61 Test Acc: 90.19
11:18:17 Epoch 61  EMA Test Acc: 90.4
Loss   2.60 Loss_Lx   2.45 Loss_Lu 0.02961
11:20:03 Epoch 62 Test Acc: 89.32
11:20:06 Epoch 62  EMA Test Acc: 90.13
Loss   2.58 Loss_Lx   2.44 Loss_Lu 0.02934
11:21:52 Epoch 63 Test Acc: 89.36
11:21:55 Epoch 63  EMA Test Acc: 90.18
Loss   2.57 Loss_Lx   2.43 Loss_Lu 0.02915
11:23:39 Epoch 64 Test Acc: 89.2
11:23:42 Epoch 64  EMA Test Acc: 90.05
Loss   2.60 Loss_Lx   2.45 Loss_Lu 0.02988
11:25:27 Epoch 65 Test Acc: 90.24
11:25:30 Epoch 65  EMA Test Acc: 90.56
Loss   2.57 Loss_Lx   2.43 Loss_Lu 0.02936
11:27:15 Epoch 66 Test Acc: 89.61
11:27:18 Epoch 66  EMA Test Acc: 89.92
Loss   2.57 Loss_Lx   2.43 Loss_Lu 0.02956
11:29:05 Epoch 67 Test Acc: 90.0
11:29:07 Epoch 67  EMA Test Acc: 89.76
Loss   2.55 Loss_Lx   2.40 Loss_Lu 0.02931
11:30:53 Epoch 68 Test Acc: 90.02
11:30:56 Epoch 68  EMA Test Acc: 90.9
Loss   2.55 Loss_Lx   2.40 Loss_Lu 0.02940
11:32:41 Epoch 69 Test Acc: 90.14
11:32:43 Epoch 69  EMA Test Acc: 89.28
Loss   2.58 Loss_Lx   2.43 Loss_Lu 0.02961
11:34:30 Epoch 70 Test Acc: 88.77
11:34:32 Epoch 70  EMA Test Acc: 90.08
Loss   2.58 Loss_Lx   2.43 Loss_Lu 0.03004
11:36:18 Epoch 71 Test Acc: 90.43
11:36:21 Epoch 71  EMA Test Acc: 89.85
Loss   2.57 Loss_Lx   2.42 Loss_Lu 0.02954
11:38:07 Epoch 72 Test Acc: 89.88
11:38:10 Epoch 72  EMA Test Acc: 91.21
Loss   2.53 Loss_Lx   2.39 Loss_Lu 0.02923
11:39:54 Epoch 73 Test Acc: 89.86
11:39:57 Epoch 73  EMA Test Acc: 90.26
Loss   2.56 Loss_Lx   2.41 Loss_Lu 0.02987
11:41:43 Epoch 74 Test Acc: 89.84
11:41:46 Epoch 74  EMA Test Acc: 90.67
Loss   2.54 Loss_Lx   2.39 Loss_Lu 0.02918
11:43:32 Epoch 75 Test Acc: 90.2
11:43:35 Epoch 75  EMA Test Acc: 90.73
Loss   2.52 Loss_Lx   2.37 Loss_Lu 0.02901
11:45:21 Epoch 76 Test Acc: 90.63
11:45:23 Epoch 76  EMA Test Acc: 91.46
Loss   2.52 Loss_Lx   2.37 Loss_Lu 0.02915
11:47:08 Epoch 77 Test Acc: 90.05
11:47:11 Epoch 77  EMA Test Acc: 91.5
Loss   2.53 Loss_Lx   2.38 Loss_Lu 0.02896
11:48:56 Epoch 78 Test Acc: 90.38
11:48:58 Epoch 78  EMA Test Acc: 90.8
Loss   2.51 Loss_Lx   2.36 Loss_Lu 0.02897
11:50:43 Epoch 79 Test Acc: 90.73
11:50:46 Epoch 79  EMA Test Acc: 92.16
Loss   2.51 Loss_Lx   2.37 Loss_Lu 0.02937
11:52:30 Epoch 80 Test Acc: 90.12
11:52:33 Epoch 80  EMA Test Acc: 90.0
Loss   2.51 Loss_Lx   2.36 Loss_Lu 0.02907
11:54:19 Epoch 81 Test Acc: 91.37
11:54:22 Epoch 81  EMA Test Acc: 90.34
Loss   2.48 Loss_Lx   2.34 Loss_Lu 0.02847
11:56:07 Epoch 82 Test Acc: 90.85
11:56:09 Epoch 82  EMA Test Acc: 92.05
Loss   2.49 Loss_Lx   2.35 Loss_Lu 0.02858
11:57:54 Epoch 83 Test Acc: 91.28
11:57:57 Epoch 83  EMA Test Acc: 90.63
Loss   2.47 Loss_Lx   2.33 Loss_Lu 0.02860
11:59:42 Epoch 84 Test Acc: 90.99
11:59:44 Epoch 84  EMA Test Acc: 91.46
Loss   2.50 Loss_Lx   2.36 Loss_Lu 0.02888
12:01:29 Epoch 85 Test Acc: 90.91
12:01:32 Epoch 85  EMA Test Acc: 91.5
Loss   2.48 Loss_Lx   2.34 Loss_Lu 0.02850
12:03:17 Epoch 86 Test Acc: 90.48
12:03:19 Epoch 86  EMA Test Acc: 91.42
Loss   2.49 Loss_Lx   2.35 Loss_Lu 0.02873
12:05:04 Epoch 87 Test Acc: 90.67
12:05:06 Epoch 87  EMA Test Acc: 91.68
Loss   2.48 Loss_Lx   2.34 Loss_Lu 0.02871
12:06:51 Epoch 88 Test Acc: 91.05
12:06:54 Epoch 88  EMA Test Acc: 92.42
Loss   2.48 Loss_Lx   2.34 Loss_Lu 0.02873
12:08:38 Epoch 89 Test Acc: 90.95
12:08:41 Epoch 89  EMA Test Acc: 90.88
Loss   2.46 Loss_Lx   2.32 Loss_Lu 0.02848
12:10:25 Epoch 90 Test Acc: 91.6
12:10:28 Epoch 90  EMA Test Acc: 91.67
Loss   2.45 Loss_Lx   2.30 Loss_Lu 0.02834
12:12:13 Epoch 91 Test Acc: 91.87
12:12:15 Epoch 91  EMA Test Acc: 92.6
Loss   2.44 Loss_Lx   2.30 Loss_Lu 0.02820
12:13:59 Epoch 92 Test Acc: 91.83
12:14:02 Epoch 92  EMA Test Acc: 92.04
Loss   2.43 Loss_Lx   2.29 Loss_Lu 0.02816
12:15:46 Epoch 93 Test Acc: 91.45
12:15:49 Epoch 93  EMA Test Acc: 92.47
Loss   2.43 Loss_Lx   2.29 Loss_Lu 0.02821
12:17:34 Epoch 94 Test Acc: 91.63
12:17:36 Epoch 94  EMA Test Acc: 91.79
Loss   2.42 Loss_Lx   2.28 Loss_Lu 0.02830
12:19:21 Epoch 95 Test Acc: 91.86
12:19:24 Epoch 95  EMA Test Acc: 91.74
Loss   2.46 Loss_Lx   2.32 Loss_Lu 0.02856
12:21:08 Epoch 96 Test Acc: 91.79
12:21:10 Epoch 96  EMA Test Acc: 91.89
Loss   2.41 Loss_Lx   2.27 Loss_Lu 0.02785
12:22:55 Epoch 97 Test Acc: 92.17
12:22:57 Epoch 97  EMA Test Acc: 92.38
Loss   2.43 Loss_Lx   2.29 Loss_Lu 0.02823
12:24:42 Epoch 98 Test Acc: 91.91
12:24:45 Epoch 98  EMA Test Acc: 92.17
Loss   2.42 Loss_Lx   2.28 Loss_Lu 0.02794
12:26:30 Epoch 99 Test Acc: 92.32
12:26:32 Epoch 99  EMA Test Acc: 92.71
Loss   2.42 Loss_Lx   2.28 Loss_Lu 0.02790
12:28:17 Epoch 100 Test Acc: 92.15
12:28:20 Epoch 100  EMA Test Acc: 91.82
Loss   2.42 Loss_Lx   2.28 Loss_Lu 0.02808
12:30:04 Epoch 101 Test Acc: 91.92
12:30:07 Epoch 101  EMA Test Acc: 92.38
Loss   2.41 Loss_Lx   2.27 Loss_Lu 0.02803
12:31:52 Epoch 102 Test Acc: 92.15
12:31:55 Epoch 102  EMA Test Acc: 92.51
Loss   2.39 Loss_Lx   2.26 Loss_Lu 0.02758
12:33:39 Epoch 103 Test Acc: 91.91
12:33:42 Epoch 103  EMA Test Acc: 92.83
Loss   2.41 Loss_Lx   2.27 Loss_Lu 0.02790
12:35:27 Epoch 104 Test Acc: 92.08
12:35:29 Epoch 104  EMA Test Acc: 91.3
Loss   2.41 Loss_Lx   2.27 Loss_Lu 0.02804
12:37:15 Epoch 105 Test Acc: 91.93
12:37:17 Epoch 105  EMA Test Acc: 92.58
Loss   2.39 Loss_Lx   2.25 Loss_Lu 0.02772
12:39:02 Epoch 106 Test Acc: 91.88
12:39:05 Epoch 106  EMA Test Acc: 92.07
Loss   2.41 Loss_Lx   2.27 Loss_Lu 0.02768
12:40:50 Epoch 107 Test Acc: 92.07
12:40:52 Epoch 107  EMA Test Acc: 92.43
Loss   2.38 Loss_Lx   2.24 Loss_Lu 0.02762
12:42:37 Epoch 108 Test Acc: 92.42
12:42:40 Epoch 108  EMA Test Acc: 93.11
Loss   2.38 Loss_Lx   2.24 Loss_Lu 0.02758
12:44:24 Epoch 109 Test Acc: 92.08
12:44:27 Epoch 109  EMA Test Acc: 93.15
Loss   2.38 Loss_Lx   2.24 Loss_Lu 0.02745
12:46:12 Epoch 110 Test Acc: 92.75
12:46:14 Epoch 110  EMA Test Acc: 93.09
Loss   2.37 Loss_Lx   2.24 Loss_Lu 0.02758
12:47:59 Epoch 111 Test Acc: 92.03
12:48:02 Epoch 111  EMA Test Acc: 93.1
Loss   2.37 Loss_Lx   2.23 Loss_Lu 0.02744
12:49:46 Epoch 112 Test Acc: 92.31
12:49:49 Epoch 112  EMA Test Acc: 92.47
Loss   2.34 Loss_Lx   2.21 Loss_Lu 0.02708
12:51:34 Epoch 113 Test Acc: 93.09
12:51:36 Epoch 113  EMA Test Acc: 92.21
Loss   2.36 Loss_Lx   2.22 Loss_Lu 0.02729
12:53:21 Epoch 114 Test Acc: 92.59
12:53:24 Epoch 114  EMA Test Acc: 92.68
Loss   2.34 Loss_Lx   2.21 Loss_Lu 0.02709
12:55:09 Epoch 115 Test Acc: 92.67
12:55:12 Epoch 115  EMA Test Acc: 92.47
Loss   2.34 Loss_Lx   2.20 Loss_Lu 0.02718
12:56:56 Epoch 116 Test Acc: 92.19
12:56:59 Epoch 116  EMA Test Acc: 92.57
Loss   2.37 Loss_Lx   2.23 Loss_Lu 0.02751
12:58:43 Epoch 117 Test Acc: 92.13
12:58:46 Epoch 117  EMA Test Acc: 93.13
Loss   2.34 Loss_Lx   2.21 Loss_Lu 0.02720
13:00:31 Epoch 118 Test Acc: 93.01
13:00:34 Epoch 118  EMA Test Acc: 93.04
Loss   2.33 Loss_Lx   2.19 Loss_Lu 0.02675
13:02:19 Epoch 119 Test Acc: 92.59
13:02:22 Epoch 119  EMA Test Acc: 92.94
Loss   2.33 Loss_Lx   2.20 Loss_Lu 0.02682
13:04:07 Epoch 120 Test Acc: 92.29
13:04:09 Epoch 120  EMA Test Acc: 93.13
Loss   2.34 Loss_Lx   2.20 Loss_Lu 0.02689
13:05:54 Epoch 121 Test Acc: 92.75
13:05:56 Epoch 121  EMA Test Acc: 92.7
Loss   2.33 Loss_Lx   2.20 Loss_Lu 0.02685
13:07:41 Epoch 122 Test Acc: 92.97
13:07:43 Epoch 122  EMA Test Acc: 93.07
Loss   2.31 Loss_Lx   2.18 Loss_Lu 0.02658
13:09:27 Epoch 123 Test Acc: 91.8
13:09:30 Epoch 123  EMA Test Acc: 93.3
Loss   2.31 Loss_Lx   2.17 Loss_Lu 0.02648
13:11:15 Epoch 124 Test Acc: 92.85
13:11:17 Epoch 124  EMA Test Acc: 92.65
Loss   2.31 Loss_Lx   2.18 Loss_Lu 0.02666
13:13:02 Epoch 125 Test Acc: 92.71
13:13:04 Epoch 125  EMA Test Acc: 93.48
Loss   2.28 Loss_Lx   2.15 Loss_Lu 0.02606
13:14:49 Epoch 126 Test Acc: 92.95
13:14:52 Epoch 126  EMA Test Acc: 93.29
Loss   2.28 Loss_Lx   2.15 Loss_Lu 0.02608
13:16:36 Epoch 127 Test Acc: 92.71
13:16:39 Epoch 127  EMA Test Acc: 93.0
Loss   2.32 Loss_Lx   2.19 Loss_Lu 0.02685
13:18:23 Epoch 128 Test Acc: 92.82
13:18:25 Epoch 128  EMA Test Acc: 92.53
Loss   2.29 Loss_Lx   2.16 Loss_Lu 0.02662
13:20:10 Epoch 129 Test Acc: 92.73
13:20:13 Epoch 129  EMA Test Acc: 93.04
Loss   2.28 Loss_Lx   2.15 Loss_Lu 0.02608
13:21:58 Epoch 130 Test Acc: 92.51
13:22:00 Epoch 130  EMA Test Acc: 93.24
Loss   2.31 Loss_Lx   2.17 Loss_Lu 0.02644
13:23:45 Epoch 131 Test Acc: 93.22
13:23:48 Epoch 131  EMA Test Acc: 93.54
Loss   2.28 Loss_Lx   2.15 Loss_Lu 0.02621
13:25:32 Epoch 132 Test Acc: 93.23
13:25:35 Epoch 132  EMA Test Acc: 93.26
Loss   2.26 Loss_Lx   2.13 Loss_Lu 0.02606
13:27:19 Epoch 133 Test Acc: 92.92
13:27:22 Epoch 133  EMA Test Acc: 93.81
Loss   2.26 Loss_Lx   2.13 Loss_Lu 0.02608
13:29:07 Epoch 134 Test Acc: 92.99
13:29:09 Epoch 134  EMA Test Acc: 93.4
Loss   2.30 Loss_Lx   2.17 Loss_Lu 0.02636
13:30:54 Epoch 135 Test Acc: 92.86
13:30:57 Epoch 135  EMA Test Acc: 93.22
Loss   2.26 Loss_Lx   2.13 Loss_Lu 0.02592
13:32:41 Epoch 136 Test Acc: 92.4
13:32:44 Epoch 136  EMA Test Acc: 93.86
Loss   2.28 Loss_Lx   2.15 Loss_Lu 0.02603
13:34:29 Epoch 137 Test Acc: 93.37
13:34:31 Epoch 137  EMA Test Acc: 93.2
Loss   2.26 Loss_Lx   2.13 Loss_Lu 0.02568
13:36:16 Epoch 138 Test Acc: 93.04
13:36:19 Epoch 138  EMA Test Acc: 93.26
Loss   2.25 Loss_Lx   2.12 Loss_Lu 0.02573
13:38:04 Epoch 139 Test Acc: 93.46
13:38:06 Epoch 139  EMA Test Acc: 93.67
Loss   2.27 Loss_Lx   2.14 Loss_Lu 0.02568
13:39:51 Epoch 140 Test Acc: 93.49
13:39:54 Epoch 140  EMA Test Acc: 93.29
Loss   2.25 Loss_Lx   2.12 Loss_Lu 0.02570
13:41:38 Epoch 141 Test Acc: 93.36
13:41:41 Epoch 141  EMA Test Acc: 93.2
Loss   2.21 Loss_Lx   2.09 Loss_Lu 0.02526
13:43:25 Epoch 142 Test Acc: 93.43
13:43:28 Epoch 142  EMA Test Acc: 93.54
Loss   2.24 Loss_Lx   2.11 Loss_Lu 0.02534
13:45:13 Epoch 143 Test Acc: 93.36
13:45:16 Epoch 143  EMA Test Acc: 93.31
Loss   2.22 Loss_Lx   2.10 Loss_Lu 0.02533
13:47:00 Epoch 144 Test Acc: 93.31
13:47:03 Epoch 144  EMA Test Acc: 93.47
Loss   2.24 Loss_Lx   2.11 Loss_Lu 0.02530
13:48:47 Epoch 145 Test Acc: 93.17
13:48:50 Epoch 145  EMA Test Acc: 93.66
Loss   2.21 Loss_Lx   2.09 Loss_Lu 0.02491
13:50:34 Epoch 146 Test Acc: 93.8
13:50:37 Epoch 146  EMA Test Acc: 94.0
Loss   2.21 Loss_Lx   2.09 Loss_Lu 0.02500
13:52:21 Epoch 147 Test Acc: 93.05
13:52:24 Epoch 147  EMA Test Acc: 93.67
Loss   2.23 Loss_Lx   2.10 Loss_Lu 0.02502
13:54:08 Epoch 148 Test Acc: 93.16
13:54:10 Epoch 148  EMA Test Acc: 93.78
Loss   2.22 Loss_Lx   2.10 Loss_Lu 0.02512
13:55:54 Epoch 149 Test Acc: 93.53
13:55:57 Epoch 149  EMA Test Acc: 93.35
Loss   1.65 Loss_Lx   1.55 Loss_Lu 0.01876
13:57:41 Epoch 150 Test Acc: 93.25
13:57:44 Epoch 150  EMA Test Acc: 93.28
Loss   1.56 Loss_Lx   1.47 Loss_Lu 0.01793
13:59:29 Epoch 151 Test Acc: 92.63
13:59:31 Epoch 151  EMA Test Acc: 93.73
Loss   1.63 Loss_Lx   1.54 Loss_Lu 0.01874
14:01:17 Epoch 152 Test Acc: 92.71
14:01:19 Epoch 152  EMA Test Acc: 93.66
Loss   1.61 Loss_Lx   1.52 Loss_Lu 0.01843
14:03:05 Epoch 153 Test Acc: 93.2
14:03:07 Epoch 153  EMA Test Acc: 93.39
Loss   1.66 Loss_Lx   1.56 Loss_Lu 0.01862
14:04:52 Epoch 154 Test Acc: 93.08
14:04:55 Epoch 154  EMA Test Acc: 93.75
Loss   1.62 Loss_Lx   1.53 Loss_Lu 0.01823
14:06:40 Epoch 155 Test Acc: 93.84
14:06:43 Epoch 155  EMA Test Acc: 93.59
Loss   1.68 Loss_Lx   1.59 Loss_Lu 0.01914
14:08:28 Epoch 156 Test Acc: 93.8
14:08:30 Epoch 156  EMA Test Acc: 93.82
Loss   1.57 Loss_Lx   1.48 Loss_Lu 0.01750
14:10:16 Epoch 157 Test Acc: 93.41
14:10:18 Epoch 157  EMA Test Acc: 94.02
Loss   1.59 Loss_Lx   1.50 Loss_Lu 0.01798
14:12:04 Epoch 158 Test Acc: 92.58
14:12:06 Epoch 158  EMA Test Acc: 92.92
Loss   1.65 Loss_Lx   1.56 Loss_Lu 0.01870
14:13:52 Epoch 159 Test Acc: 93.71
14:13:54 Epoch 159  EMA Test Acc: 93.6
Loss   1.58 Loss_Lx   1.49 Loss_Lu 0.01756
14:15:40 Epoch 160 Test Acc: 93.13
14:15:42 Epoch 160  EMA Test Acc: 93.34
Loss   1.60 Loss_Lx   1.51 Loss_Lu 0.01829
14:17:28 Epoch 161 Test Acc: 93.66
14:17:30 Epoch 161  EMA Test Acc: 93.51
Loss   1.53 Loss_Lx   1.44 Loss_Lu 0.01763
14:19:16 Epoch 162 Test Acc: 92.96
14:19:19 Epoch 162  EMA Test Acc: 93.98
Loss   1.64 Loss_Lx   1.55 Loss_Lu 0.01844
14:21:05 Epoch 163 Test Acc: 93.19
14:21:07 Epoch 163  EMA Test Acc: 93.59
Loss   1.65 Loss_Lx   1.56 Loss_Lu 0.01826
14:22:53 Epoch 164 Test Acc: 93.61
14:22:55 Epoch 164  EMA Test Acc: 93.56
Loss   1.59 Loss_Lx   1.50 Loss_Lu 0.01766
14:24:41 Epoch 165 Test Acc: 93.17
14:24:44 Epoch 165  EMA Test Acc: 93.9
Loss   1.62 Loss_Lx   1.53 Loss_Lu 0.01808
14:26:29 Epoch 166 Test Acc: 93.03
14:26:31 Epoch 166  EMA Test Acc: 93.75
Loss   1.57 Loss_Lx   1.49 Loss_Lu 0.01766
14:28:17 Epoch 167 Test Acc: 93.54
14:28:19 Epoch 167  EMA Test Acc: 93.55
Loss   1.57 Loss_Lx   1.48 Loss_Lu 0.01768
14:30:05 Epoch 168 Test Acc: 93.64
14:30:08 Epoch 168  EMA Test Acc: 93.81
Loss   1.57 Loss_Lx   1.48 Loss_Lu 0.01752
14:31:53 Epoch 169 Test Acc: 93.5
14:31:56 Epoch 169  EMA Test Acc: 93.86
Loss   1.56 Loss_Lx   1.47 Loss_Lu 0.01731
14:33:42 Epoch 170 Test Acc: 93.42
14:33:44 Epoch 170  EMA Test Acc: 92.94
Loss   1.58 Loss_Lx   1.49 Loss_Lu 0.01743
14:35:31 Epoch 171 Test Acc: 93.42
14:35:33 Epoch 171  EMA Test Acc: 94.12
Loss   1.58 Loss_Lx   1.49 Loss_Lu 0.01759
14:37:19 Epoch 172 Test Acc: 94.06
14:37:21 Epoch 172  EMA Test Acc: 93.46
Loss   1.53 Loss_Lx   1.45 Loss_Lu 0.01690
14:39:07 Epoch 173 Test Acc: 93.44
14:39:09 Epoch 173  EMA Test Acc: 93.9
Loss   1.59 Loss_Lx   1.50 Loss_Lu 0.01760
14:40:55 Epoch 174 Test Acc: 93.26
14:40:57 Epoch 174  EMA Test Acc: 93.61
Loss   1.58 Loss_Lx   1.49 Loss_Lu 0.01726
14:42:43 Epoch 175 Test Acc: 93.45
14:42:46 Epoch 175  EMA Test Acc: 93.59
Loss   1.50 Loss_Lx   1.42 Loss_Lu 0.01659
14:44:31 Epoch 176 Test Acc: 93.59
14:44:34 Epoch 176  EMA Test Acc: 93.25
Loss   1.57 Loss_Lx   1.48 Loss_Lu 0.01693
14:46:19 Epoch 177 Test Acc: 93.73
14:46:22 Epoch 177  EMA Test Acc: 93.95
Loss   1.47 Loss_Lx   1.39 Loss_Lu 0.01617
14:48:08 Epoch 178 Test Acc: 93.54
14:48:10 Epoch 178  EMA Test Acc: 93.76
Loss   1.52 Loss_Lx   1.44 Loss_Lu 0.01655
14:49:56 Epoch 179 Test Acc: 93.78
14:49:58 Epoch 179  EMA Test Acc: 93.96
Loss   1.53 Loss_Lx   1.44 Loss_Lu 0.01651
14:51:44 Epoch 180 Test Acc: 93.96
14:51:47 Epoch 180  EMA Test Acc: 93.58
Loss   1.52 Loss_Lx   1.43 Loss_Lu 0.01653
14:53:33 Epoch 181 Test Acc: 93.7
14:53:35 Epoch 181  EMA Test Acc: 93.79
Loss   1.54 Loss_Lx   1.46 Loss_Lu 0.01664
14:55:21 Epoch 182 Test Acc: 92.84
14:55:24 Epoch 182  EMA Test Acc: 93.91
Loss   1.47 Loss_Lx   1.39 Loss_Lu 0.01581
14:57:10 Epoch 183 Test Acc: 93.65
14:57:12 Epoch 183  EMA Test Acc: 93.79
Loss   1.52 Loss_Lx   1.44 Loss_Lu 0.01614
14:58:58 Epoch 184 Test Acc: 93.34
14:59:01 Epoch 184  EMA Test Acc: 93.63
Loss   1.52 Loss_Lx   1.44 Loss_Lu 0.01621
15:00:48 Epoch 185 Test Acc: 93.46
15:00:50 Epoch 185  EMA Test Acc: 93.57
Loss   1.52 Loss_Lx   1.44 Loss_Lu 0.01627
15:02:36 Epoch 186 Test Acc: 94.06
15:02:39 Epoch 186  EMA Test Acc: 93.52
Loss   1.59 Loss_Lx   1.51 Loss_Lu 0.01711
15:04:25 Epoch 187 Test Acc: 94.05
15:04:28 Epoch 187  EMA Test Acc: 93.51
Loss   1.50 Loss_Lx   1.42 Loss_Lu 0.01579
15:06:13 Epoch 188 Test Acc: 93.96
15:06:16 Epoch 188  EMA Test Acc: 93.71
Loss   1.53 Loss_Lx   1.45 Loss_Lu 0.01601
15:08:02 Epoch 189 Test Acc: 93.62
15:08:05 Epoch 189  EMA Test Acc: 93.8
Loss   1.48 Loss_Lx   1.40 Loss_Lu 0.01555
15:09:50 Epoch 190 Test Acc: 93.76
15:09:53 Epoch 190  EMA Test Acc: 93.97
Loss   1.47 Loss_Lx   1.39 Loss_Lu 0.01544
15:11:38 Epoch 191 Test Acc: 93.75
15:11:40 Epoch 191  EMA Test Acc: 93.87
Loss   1.47 Loss_Lx   1.39 Loss_Lu 0.01562
15:13:26 Epoch 192 Test Acc: 93.39
15:13:28 Epoch 192  EMA Test Acc: 94.16
Loss   1.53 Loss_Lx   1.45 Loss_Lu 0.01634
15:15:14 Epoch 193 Test Acc: 93.54
15:15:16 Epoch 193  EMA Test Acc: 93.8
Loss   1.43 Loss_Lx   1.36 Loss_Lu 0.01494
15:17:02 Epoch 194 Test Acc: 93.65
15:17:04 Epoch 194  EMA Test Acc: 93.64
Loss   1.54 Loss_Lx   1.45 Loss_Lu 0.01616
15:18:50 Epoch 195 Test Acc: 93.54
15:18:52 Epoch 195  EMA Test Acc: 93.61
Loss   1.40 Loss_Lx   1.33 Loss_Lu 0.01454
15:20:37 Epoch 196 Test Acc: 93.56
15:20:40 Epoch 196  EMA Test Acc: 93.96
Loss   1.45 Loss_Lx   1.38 Loss_Lu 0.01514
15:22:25 Epoch 197 Test Acc: 94.19
15:22:28 Epoch 197  EMA Test Acc: 94.03
Loss   1.49 Loss_Lx   1.42 Loss_Lu 0.01541
15:24:14 Epoch 198 Test Acc: 93.49
15:24:17 Epoch 198  EMA Test Acc: 94.04
Loss   1.50 Loss_Lx   1.42 Loss_Lu 0.01552
15:26:03 Epoch 199 Test Acc: 93.96
15:26:06 Epoch 199  EMA Test Acc: 93.93
Loss   1.50 Loss_Lx   1.42 Loss_Lu 0.01538
15:27:51 Epoch 200 Test Acc: 93.85
15:27:54 Epoch 200  EMA Test Acc: 93.74
Loss   1.54 Loss_Lx   1.46 Loss_Lu 0.01598
15:29:39 Epoch 201 Test Acc: 93.96
15:29:42 Epoch 201  EMA Test Acc: 93.86
Loss   1.43 Loss_Lx   1.36 Loss_Lu 0.01489
15:31:27 Epoch 202 Test Acc: 93.59
15:31:30 Epoch 202  EMA Test Acc: 94.04
Loss   1.51 Loss_Lx   1.43 Loss_Lu 0.01534
15:33:15 Epoch 203 Test Acc: 93.59
15:33:18 Epoch 203  EMA Test Acc: 93.89
Loss   1.50 Loss_Lx   1.42 Loss_Lu 0.01524
15:35:03 Epoch 204 Test Acc: 94.05
15:35:05 Epoch 204  EMA Test Acc: 93.87
Loss   1.44 Loss_Lx   1.37 Loss_Lu 0.01468
15:36:51 Epoch 205 Test Acc: 94.17
15:36:54 Epoch 205  EMA Test Acc: 93.99
Loss   1.48 Loss_Lx   1.40 Loss_Lu 0.01521
15:38:39 Epoch 206 Test Acc: 93.81
15:38:41 Epoch 206  EMA Test Acc: 94.07
Loss   1.44 Loss_Lx   1.37 Loss_Lu 0.01484
15:40:27 Epoch 207 Test Acc: 93.88
15:40:29 Epoch 207  EMA Test Acc: 94.21
Loss   1.51 Loss_Lx   1.44 Loss_Lu 0.01523
15:42:14 Epoch 208 Test Acc: 93.95
15:42:17 Epoch 208  EMA Test Acc: 94.0
Loss   1.45 Loss_Lx   1.38 Loss_Lu 0.01485
15:44:02 Epoch 209 Test Acc: 93.6
15:44:05 Epoch 209  EMA Test Acc: 93.96
Loss   1.40 Loss_Lx   1.33 Loss_Lu 0.01402
15:45:50 Epoch 210 Test Acc: 93.9
15:45:53 Epoch 210  EMA Test Acc: 93.86
Loss   1.47 Loss_Lx   1.39 Loss_Lu 0.01485
15:47:38 Epoch 211 Test Acc: 93.83
15:47:41 Epoch 211  EMA Test Acc: 94.16
Loss   1.46 Loss_Lx   1.39 Loss_Lu 0.01475
15:49:26 Epoch 212 Test Acc: 93.89
15:49:29 Epoch 212  EMA Test Acc: 93.79
Loss   1.40 Loss_Lx   1.33 Loss_Lu 0.01392
15:51:14 Epoch 213 Test Acc: 93.82
15:51:16 Epoch 213  EMA Test Acc: 93.82
Loss   1.43 Loss_Lx   1.35 Loss_Lu 0.01428
15:53:02 Epoch 214 Test Acc: 93.81
15:53:05 Epoch 214  EMA Test Acc: 93.85
Loss   1.49 Loss_Lx   1.41 Loss_Lu 0.01517
15:54:50 Epoch 215 Test Acc: 94.26
15:54:53 Epoch 215  EMA Test Acc: 93.77
Loss   1.41 Loss_Lx   1.34 Loss_Lu 0.01389
15:56:38 Epoch 216 Test Acc: 93.82
15:56:41 Epoch 216  EMA Test Acc: 94.04
Loss   1.43 Loss_Lx   1.36 Loss_Lu 0.01442
15:58:26 Epoch 217 Test Acc: 93.81
15:58:29 Epoch 217  EMA Test Acc: 93.96
Loss   1.45 Loss_Lx   1.38 Loss_Lu 0.01440
16:00:14 Epoch 218 Test Acc: 94.19
16:00:17 Epoch 218  EMA Test Acc: 94.14
Loss   1.44 Loss_Lx   1.37 Loss_Lu 0.01465
16:02:02 Epoch 219 Test Acc: 93.79
16:02:05 Epoch 219  EMA Test Acc: 94.23
Loss   1.48 Loss_Lx   1.40 Loss_Lu 0.01495
16:03:51 Epoch 220 Test Acc: 94.12
16:03:54 Epoch 220  EMA Test Acc: 93.96
Loss   1.40 Loss_Lx   1.33 Loss_Lu 0.01396
16:05:40 Epoch 221 Test Acc: 93.65
16:05:43 Epoch 221  EMA Test Acc: 93.88
Loss   1.39 Loss_Lx   1.32 Loss_Lu 0.01370
16:07:29 Epoch 222 Test Acc: 94.37
16:07:31 Epoch 222  EMA Test Acc: 93.82
Loss   1.43 Loss_Lx   1.35 Loss_Lu 0.01426
16:09:17 Epoch 223 Test Acc: 94.06
16:09:20 Epoch 223  EMA Test Acc: 94.04
Loss   1.40 Loss_Lx   1.33 Loss_Lu 0.01404
16:11:06 Epoch 224 Test Acc: 94.09
16:11:08 Epoch 224  EMA Test Acc: 93.86
Loss   1.45 Loss_Lx   1.38 Loss_Lu 0.01441
16:12:55 Epoch 225 Test Acc: 94.03
16:12:57 Epoch 225  EMA Test Acc: 94.15
Loss   1.46 Loss_Lx   1.38 Loss_Lu 0.01426
16:14:44 Epoch 226 Test Acc: 93.95
16:14:46 Epoch 226  EMA Test Acc: 94.07
Loss   1.39 Loss_Lx   1.33 Loss_Lu 0.01361
16:16:34 Epoch 227 Test Acc: 93.92
16:16:36 Epoch 227  EMA Test Acc: 94.16
Loss   1.40 Loss_Lx   1.33 Loss_Lu 0.01367
16:18:23 Epoch 228 Test Acc: 94.22
16:18:26 Epoch 228  EMA Test Acc: 94.26
Loss   1.43 Loss_Lx   1.36 Loss_Lu 0.01401
16:20:12 Epoch 229 Test Acc: 94.34
16:20:15 Epoch 229  EMA Test Acc: 94.17
Loss   1.39 Loss_Lx   1.32 Loss_Lu 0.01346
16:22:01 Epoch 230 Test Acc: 93.99
16:22:04 Epoch 230  EMA Test Acc: 94.25
Loss   1.40 Loss_Lx   1.33 Loss_Lu 0.01381
16:23:50 Epoch 231 Test Acc: 94.13
16:23:53 Epoch 231  EMA Test Acc: 94.18
Loss   1.40 Loss_Lx   1.34 Loss_Lu 0.01350
16:25:39 Epoch 232 Test Acc: 93.93
16:25:42 Epoch 232  EMA Test Acc: 93.98
Loss   1.39 Loss_Lx   1.32 Loss_Lu 0.01346
16:27:28 Epoch 233 Test Acc: 94.07
16:27:31 Epoch 233  EMA Test Acc: 94.07
Loss   1.43 Loss_Lx   1.36 Loss_Lu 0.01386
16:29:17 Epoch 234 Test Acc: 94.12
16:29:20 Epoch 234  EMA Test Acc: 94.05
Loss   1.42 Loss_Lx   1.35 Loss_Lu 0.01401
16:31:06 Epoch 235 Test Acc: 94.0
16:31:08 Epoch 235  EMA Test Acc: 94.15
Loss   1.38 Loss_Lx   1.31 Loss_Lu 0.01337
16:32:55 Epoch 236 Test Acc: 94.17
16:32:57 Epoch 236  EMA Test Acc: 94.13
Loss   1.42 Loss_Lx   1.36 Loss_Lu 0.01350
16:34:43 Epoch 237 Test Acc: 94.4
16:34:46 Epoch 237  EMA Test Acc: 94.18
Loss   1.41 Loss_Lx   1.34 Loss_Lu 0.01325
16:36:32 Epoch 238 Test Acc: 94.01
16:36:35 Epoch 238  EMA Test Acc: 94.13
Loss   1.38 Loss_Lx   1.32 Loss_Lu 0.01305
16:38:21 Epoch 239 Test Acc: 94.1
16:38:24 Epoch 239  EMA Test Acc: 94.34
Loss   1.41 Loss_Lx   1.34 Loss_Lu 0.01363
16:40:09 Epoch 240 Test Acc: 94.23
16:40:12 Epoch 240  EMA Test Acc: 94.15
Loss   1.42 Loss_Lx   1.35 Loss_Lu 0.01400
16:42:08 Epoch 241 Test Acc: 93.97
16:42:11 Epoch 241  EMA Test Acc: 93.9
Loss   1.39 Loss_Lx   1.32 Loss_Lu 0.01283
16:43:56 Epoch 242 Test Acc: 94.34
16:43:59 Epoch 242  EMA Test Acc: 94.28
Loss   1.40 Loss_Lx   1.33 Loss_Lu 0.01337
16:45:45 Epoch 243 Test Acc: 94.06
16:45:48 Epoch 243  EMA Test Acc: 94.09
Loss   1.31 Loss_Lx   1.25 Loss_Lu 0.01240
16:47:34 Epoch 244 Test Acc: 94.06
16:47:37 Epoch 244  EMA Test Acc: 94.14
Loss   1.39 Loss_Lx   1.32 Loss_Lu 0.01324
16:49:23 Epoch 245 Test Acc: 93.93
16:49:26 Epoch 245  EMA Test Acc: 94.06
Loss   1.37 Loss_Lx   1.31 Loss_Lu 0.01317
16:51:13 Epoch 246 Test Acc: 94.03
16:51:16 Epoch 246  EMA Test Acc: 94.07
Loss   1.42 Loss_Lx   1.35 Loss_Lu 0.01355
16:53:02 Epoch 247 Test Acc: 94.0
16:53:05 Epoch 247  EMA Test Acc: 94.06
Loss   1.39 Loss_Lx   1.32 Loss_Lu 0.01298
16:54:51 Epoch 248 Test Acc: 93.96
16:54:54 Epoch 248  EMA Test Acc: 94.04
Loss   1.35 Loss_Lx   1.28 Loss_Lu 0.01307
16:56:40 Epoch 249 Test Acc: 93.95
16:56:43 Epoch 249  EMA Test Acc: 94.07
Loss   1.37 Loss_Lx   1.31 Loss_Lu 0.01276
16:58:29 Epoch 250 Test Acc: 94.25
16:58:31 Epoch 250  EMA Test Acc: 93.91
Loss   1.33 Loss_Lx   1.27 Loss_Lu 0.01251
17:00:18 Epoch 251 Test Acc: 94.21
17:00:20 Epoch 251  EMA Test Acc: 94.17
Loss   1.36 Loss_Lx   1.29 Loss_Lu 0.01255
17:02:06 Epoch 252 Test Acc: 94.41
17:02:09 Epoch 252  EMA Test Acc: 94.26
Loss   1.44 Loss_Lx   1.37 Loss_Lu 0.01377
17:03:55 Epoch 253 Test Acc: 94.41
17:03:58 Epoch 253  EMA Test Acc: 94.29
Loss   1.32 Loss_Lx   1.26 Loss_Lu 0.01240
17:05:44 Epoch 254 Test Acc: 94.32
17:05:47 Epoch 254  EMA Test Acc: 94.33
Loss   1.39 Loss_Lx   1.32 Loss_Lu 0.01317
17:07:33 Epoch 255 Test Acc: 94.12
17:07:36 Epoch 255  EMA Test Acc: 94.28
Loss   1.39 Loss_Lx   1.32 Loss_Lu 0.01304
17:09:22 Epoch 256 Test Acc: 94.11
17:09:24 Epoch 256  EMA Test Acc: 94.23
Loss   1.35 Loss_Lx   1.28 Loss_Lu 0.01275
17:11:10 Epoch 257 Test Acc: 94.18
17:11:13 Epoch 257  EMA Test Acc: 94.06
Loss   1.33 Loss_Lx   1.27 Loss_Lu 0.01246
17:12:59 Epoch 258 Test Acc: 94.47
17:13:02 Epoch 258  EMA Test Acc: 94.32
Loss   1.37 Loss_Lx   1.31 Loss_Lu 0.01311
17:14:48 Epoch 259 Test Acc: 94.29
17:14:50 Epoch 259  EMA Test Acc: 94.36
Loss   1.36 Loss_Lx   1.30 Loss_Lu 0.01291
17:16:36 Epoch 260 Test Acc: 94.37
17:16:39 Epoch 260  EMA Test Acc: 94.32
Loss   1.37 Loss_Lx   1.30 Loss_Lu 0.01275
17:18:38 Epoch 261 Test Acc: 94.06
17:18:41 Epoch 261  EMA Test Acc: 94.25
Loss   1.35 Loss_Lx   1.28 Loss_Lu 0.01292
17:20:41 Epoch 262 Test Acc: 94.01
17:20:44 Epoch 262  EMA Test Acc: 94.16
Loss   1.29 Loss_Lx   1.23 Loss_Lu 0.01209
17:22:58 Epoch 263 Test Acc: 94.29
17:23:00 Epoch 263  EMA Test Acc: 94.3
Loss   1.37 Loss_Lx   1.31 Loss_Lu 0.01292
17:24:46 Epoch 264 Test Acc: 94.16
17:24:49 Epoch 264  EMA Test Acc: 94.12
Loss   1.36 Loss_Lx   1.30 Loss_Lu 0.01272
17:26:35 Epoch 265 Test Acc: 94.2
17:26:38 Epoch 265  EMA Test Acc: 94.24
Loss   1.38 Loss_Lx   1.32 Loss_Lu 0.01295
17:28:25 Epoch 266 Test Acc: 94.26
17:28:28 Epoch 266  EMA Test Acc: 94.07
Loss   1.36 Loss_Lx   1.30 Loss_Lu 0.01252
17:30:15 Epoch 267 Test Acc: 94.12
17:30:17 Epoch 267  EMA Test Acc: 94.17
Loss   1.39 Loss_Lx   1.33 Loss_Lu 0.01281
17:32:04 Epoch 268 Test Acc: 94.28
17:32:07 Epoch 268  EMA Test Acc: 94.14
Loss   1.38 Loss_Lx   1.31 Loss_Lu 0.01266
17:33:53 Epoch 269 Test Acc: 94.39
17:33:56 Epoch 269  EMA Test Acc: 94.2
Loss   1.39 Loss_Lx   1.32 Loss_Lu 0.01302
17:35:43 Epoch 270 Test Acc: 94.37
17:35:45 Epoch 270  EMA Test Acc: 94.19
Loss   1.31 Loss_Lx   1.25 Loss_Lu 0.01215
17:37:31 Epoch 271 Test Acc: 94.0
17:37:34 Epoch 271  EMA Test Acc: 94.05
Loss   1.32 Loss_Lx   1.26 Loss_Lu 0.01219
17:39:20 Epoch 272 Test Acc: 94.3
17:39:23 Epoch 272  EMA Test Acc: 94.08
Loss   1.45 Loss_Lx   1.38 Loss_Lu 0.01340
17:41:09 Epoch 273 Test Acc: 94.13
17:41:11 Epoch 273  EMA Test Acc: 94.06
Loss   1.38 Loss_Lx   1.31 Loss_Lu 0.01287
17:42:58 Epoch 274 Test Acc: 94.01
17:43:00 Epoch 274  EMA Test Acc: 94.06
Loss   1.32 Loss_Lx   1.26 Loss_Lu 0.01245
17:44:46 Epoch 275 Test Acc: 94.12
17:44:49 Epoch 275  EMA Test Acc: 94.1
Loss   1.32 Loss_Lx   1.26 Loss_Lu 0.01217
17:46:35 Epoch 276 Test Acc: 94.23
17:46:38 Epoch 276  EMA Test Acc: 94.29
Loss   1.32 Loss_Lx   1.26 Loss_Lu 0.01240
17:48:24 Epoch 277 Test Acc: 94.38
17:48:27 Epoch 277  EMA Test Acc: 94.21
Loss   1.37 Loss_Lx   1.30 Loss_Lu 0.01271
17:50:13 Epoch 278 Test Acc: 94.28
17:50:15 Epoch 278  EMA Test Acc: 94.31
Loss   1.39 Loss_Lx   1.33 Loss_Lu 0.01309
17:52:01 Epoch 279 Test Acc: 94.06
17:52:04 Epoch 279  EMA Test Acc: 94.04
Loss   1.40 Loss_Lx   1.33 Loss_Lu 0.01335
17:53:51 Epoch 280 Test Acc: 94.13
17:53:54 Epoch 280  EMA Test Acc: 94.42
Loss   1.42 Loss_Lx   1.36 Loss_Lu 0.01334
17:55:44 Epoch 281 Test Acc: 94.27
17:55:47 Epoch 281  EMA Test Acc: 94.17
Loss   1.34 Loss_Lx   1.28 Loss_Lu 0.01234
17:57:44 Epoch 282 Test Acc: 94.21
17:57:47 Epoch 282  EMA Test Acc: 94.16
Loss   1.38 Loss_Lx   1.31 Loss_Lu 0.01275
17:59:33 Epoch 283 Test Acc: 94.12
17:59:36 Epoch 283  EMA Test Acc: 94.27
Loss   1.38 Loss_Lx   1.32 Loss_Lu 0.01307
18:01:22 Epoch 284 Test Acc: 94.13
18:01:24 Epoch 284  EMA Test Acc: 94.25
Loss   1.40 Loss_Lx   1.34 Loss_Lu 0.01310
18:03:11 Epoch 285 Test Acc: 94.19
18:03:14 Epoch 285  EMA Test Acc: 94.21
Loss   1.39 Loss_Lx   1.32 Loss_Lu 0.01284
18:05:00 Epoch 286 Test Acc: 94.06
18:05:03 Epoch 286  EMA Test Acc: 94.02
Loss   1.39 Loss_Lx   1.32 Loss_Lu 0.01300
18:06:49 Epoch 287 Test Acc: 94.19
18:06:52 Epoch 287  EMA Test Acc: 94.16
Loss   1.38 Loss_Lx   1.31 Loss_Lu 0.01275
18:08:39 Epoch 288 Test Acc: 94.13
18:08:41 Epoch 288  EMA Test Acc: 94.25
Loss   1.38 Loss_Lx   1.32 Loss_Lu 0.01290
18:10:28 Epoch 289 Test Acc: 94.12
18:10:30 Epoch 289  EMA Test Acc: 93.99
Loss   1.42 Loss_Lx   1.35 Loss_Lu 0.01317
18:12:17 Epoch 290 Test Acc: 94.29
18:12:19 Epoch 290  EMA Test Acc: 94.13
Loss   1.34 Loss_Lx   1.27 Loss_Lu 0.01258
18:14:05 Epoch 291 Test Acc: 94.16
18:14:08 Epoch 291  EMA Test Acc: 94.04
Loss   1.39 Loss_Lx   1.32 Loss_Lu 0.01298
18:15:54 Epoch 292 Test Acc: 94.23
18:15:56 Epoch 292  EMA Test Acc: 94.17
Loss   1.42 Loss_Lx   1.36 Loss_Lu 0.01310
18:17:42 Epoch 293 Test Acc: 94.27
18:17:45 Epoch 293  EMA Test Acc: 94.15
Loss   1.41 Loss_Lx   1.34 Loss_Lu 0.01329
18:19:31 Epoch 294 Test Acc: 94.13
18:19:33 Epoch 294  EMA Test Acc: 94.23
Loss   1.38 Loss_Lx   1.32 Loss_Lu 0.01280
18:21:19 Epoch 295 Test Acc: 93.99
18:21:22 Epoch 295  EMA Test Acc: 94.18
Loss   1.35 Loss_Lx   1.29 Loss_Lu 0.01244
18:23:08 Epoch 296 Test Acc: 94.15
18:23:11 Epoch 296  EMA Test Acc: 94.11
Loss   1.31 Loss_Lx   1.25 Loss_Lu 0.01163
18:24:56 Epoch 297 Test Acc: 94.32
18:24:59 Epoch 297  EMA Test Acc: 94.17
Loss   1.40 Loss_Lx   1.33 Loss_Lu 0.01301
18:26:45 Epoch 298 Test Acc: 94.19
18:26:47 Epoch 298  EMA Test Acc: 94.14
Loss   1.35 Loss_Lx   1.29 Loss_Lu 0.01247
18:28:33 Epoch 299 Test Acc: 93.98
18:28:36 Epoch 299  EMA Test Acc: 94.09
18:28:36 Best Test Acc: 94.47266387939453
