Sun Jul 10 09:52:45 2022       
+-----------------------------------------------------------------------------+
| NVIDIA-SMI 515.48.07    Driver Version: 515.48.07    CUDA Version: 11.7     |
|-------------------------------+----------------------+----------------------+
| GPU  Name        Persistence-M| Bus-Id        Disp.A | Volatile Uncorr. ECC |
| Fan  Temp  Perf  Pwr:Usage/Cap|         Memory-Usage | GPU-Util  Compute M. |
|                               |                      |               MIG M. |
|===============================+======================+======================|
|   0  NVIDIA A100-SXM...  Off  | 00000000:6B:00.0 Off |                    0 |
| N/A   32C    P0    70W / 400W |      4MiB / 81920MiB |      0%   E. Process |
|                               |                      |             Disabled |
+-------------------------------+----------------------+----------------------+
|   1  NVIDIA A100-SXM...  Off  | 00000000:71:00.0 Off |                    0 |
| N/A   34C    P0    68W / 400W |      4MiB / 81920MiB |      0%   E. Process |
|                               |                      |             Disabled |
+-------------------------------+----------------------+----------------------+
|   2  NVIDIA A100-SXM...  Off  | 00000000:8A:00.0 Off |                    0 |
| N/A   33C    P0    70W / 400W |      4MiB / 81920MiB |      0%   E. Process |
|                               |                      |             Disabled |
+-------------------------------+----------------------+----------------------+
|   3  NVIDIA A100-SXM...  Off  | 00000000:8E:00.0 Off |                    0 |
| N/A   31C    P0    69W / 400W |      4MiB / 81920MiB |      0%   E. Process |
|                               |                      |             Disabled |
+-------------------------------+----------------------+----------------------+
                                                                               
+-----------------------------------------------------------------------------+
| Processes:                                                                  |
|  GPU   GI   CI        PID   Type   Process name                  GPU Memory |
|        ID   ID                                                   Usage      |
|=============================================================================|
|    0   N/A  N/A      3513      G   /usr/lib/xorg/Xorg                  4MiB |
|    1   N/A  N/A      3513      G   /usr/lib/xorg/Xorg                  4MiB |
|    2   N/A  N/A      3513      G   /usr/lib/xorg/Xorg                  4MiB |
|    3   N/A  N/A      3513      G   /usr/lib/xorg/Xorg                  4MiB |
+-----------------------------------------------------------------------------+
Namespace(PES_lr=0.0001, T=0.5, T1=0, T2=5, alpha=4, batch_size=128, data_path='./data', data_percent=1, dataset='CIFAR10', ema=0.997, lambda_u=0, lr=0.02, noise_type='worse_label', num_epochs=300, optim='cos', seed=5, weight_decay=0.0005)
Files already downloaded and verified
Files already downloaded and verified
Train Epoch: [0][  0/390]	Time   0.11	Data   0.00	Loss   4.19	Acc@1  23.69
09:53:39 Epoch 0 Test Acc: 38.81
09:53:41 Epoch 0  EMA Test Acc: 12.68
Train Epoch: [1][  0/390]	Time   0.10	Data   0.00	Loss   3.81	Acc@1  32.78
09:54:24 Epoch 1 Test Acc: 49.07
09:54:26 Epoch 1  EMA Test Acc: 27.76
Train Epoch: [2][  0/390]	Time   0.10	Data   0.00	Loss   3.63	Acc@1  37.42
09:55:09 Epoch 2 Test Acc: 49.79
09:55:11 Epoch 2  EMA Test Acc: 39.43
Train Epoch: [3][  0/390]	Time   0.10	Data   0.00	Loss   3.49	Acc@1  40.64
09:55:54 Epoch 3 Test Acc: 47.62
09:55:56 Epoch 3  EMA Test Acc: 47.93
Train Epoch: [4][  0/390]	Time   0.10	Data   0.00	Loss   3.40	Acc@1  42.99
09:56:39 Epoch 4 Test Acc: 60.54
09:56:42 Epoch 4  EMA Test Acc: 62.83
Train Epoch: [5][  0/390]	Time   0.10	Data   0.00	Loss   3.31	Acc@1  45.36
09:57:24 Epoch 5 Test Acc: 64.27
09:57:27 Epoch 5  EMA Test Acc: 66.53
Train Epoch: [6][  0/390]	Time   0.10	Data   0.00	Loss   3.25	Acc@1  46.92
09:58:09 Epoch 6 Test Acc: 71.61
09:58:12 Epoch 6  EMA Test Acc: 61.0
Train Epoch: [7][  0/390]	Time   0.10	Data   0.00	Loss   3.22	Acc@1  47.50
09:58:54 Epoch 7 Test Acc: 69.42
09:58:57 Epoch 7  EMA Test Acc: 69.23
Train Epoch: [8][  0/390]	Time   0.10	Data   0.00	Loss   3.16	Acc@1  48.93
09:59:39 Epoch 8 Test Acc: 69.19
09:59:41 Epoch 8  EMA Test Acc: 73.06
Train Epoch: [9][  0/390]	Time   0.10	Data   0.00	Loss   3.14	Acc@1  49.72
10:00:24 Epoch 9 Test Acc: 75.96
10:00:26 Epoch 9  EMA Test Acc: 64.59
Train Epoch: [10][  0/390]	Time   0.10	Data   0.00	Loss   3.09	Acc@1  50.82
10:01:09 Epoch 10 Test Acc: 75.69
10:01:11 Epoch 10  EMA Test Acc: 73.89
Train Epoch: [11][  0/390]	Time   0.10	Data   0.00	Loss   3.06	Acc@1  51.36
10:01:54 Epoch 11 Test Acc: 76.66
10:01:56 Epoch 11  EMA Test Acc: 75.75
Train Epoch: [12][  0/390]	Time   0.10	Data   0.00	Loss   3.04	Acc@1  51.91
10:02:39 Epoch 12 Test Acc: 74.49
10:02:41 Epoch 12  EMA Test Acc: 76.34
Train Epoch: [13][  0/390]	Time   0.10	Data   0.00	Loss   3.01	Acc@1  52.36
10:03:24 Epoch 13 Test Acc: 74.66
10:03:26 Epoch 13  EMA Test Acc: 77.56
Train Epoch: [14][  0/390]	Time   0.10	Data   0.00	Loss   3.01	Acc@1  52.56
10:04:09 Epoch 14 Test Acc: 74.85
10:04:11 Epoch 14  EMA Test Acc: 75.87
Train Epoch: [15][  0/390]	Time   0.10	Data   0.00	Loss   2.98	Acc@1  53.18
10:04:54 Epoch 15 Test Acc: 76.73
10:04:56 Epoch 15  EMA Test Acc: 69.42
Train Epoch: [16][  0/390]	Time   0.10	Data   0.00	Loss   2.97	Acc@1  53.44
10:05:39 Epoch 16 Test Acc: 77.09
10:05:41 Epoch 16  EMA Test Acc: 75.56
Train Epoch: [17][  0/390]	Time   0.10	Data   0.00	Loss   2.96	Acc@1  53.71
10:06:23 Epoch 17 Test Acc: 78.19
10:06:26 Epoch 17  EMA Test Acc: 80.96
Train Epoch: [18][  0/390]	Time   0.10	Data   0.00	Loss   2.94	Acc@1  54.11
10:07:09 Epoch 18 Test Acc: 77.52
10:07:11 Epoch 18  EMA Test Acc: 80.92
Train Epoch: [19][  0/390]	Time   0.10	Data   0.00	Loss   2.94	Acc@1  54.26
10:07:54 Epoch 19 Test Acc: 78.25
10:07:56 Epoch 19  EMA Test Acc: 81.17
re-initalize the final layer
Train Epoch: [0][  0/390]	Time   0.05	Data   0.00	Loss   3.57	Acc@1  53.57
10:08:17 Epoch 0 Test Acc: 81.14
Train Epoch: [1][  0/390]	Time   0.05	Data   0.00	Loss   3.11	Acc@1  55.41
10:08:37 Epoch 1 Test Acc: 81.19
Train Epoch: [2][  0/390]	Time   0.05	Data   0.00	Loss   2.96	Acc@1  55.41
10:08:58 Epoch 2 Test Acc: 81.77
Train Epoch: [3][  0/390]	Time   0.05	Data   0.00	Loss   2.90	Acc@1  55.38
10:09:19 Epoch 3 Test Acc: 81.09
Train Epoch: [4][  0/390]	Time   0.05	Data   0.00	Loss   2.88	Acc@1  55.54
10:09:39 Epoch 4 Test Acc: 81.09
Loss   3.15 Loss_Lx   3.15 Loss_Lu 0.03687
10:11:25 Epoch 20 Test Acc: 78.32
10:11:27 Epoch 20  EMA Test Acc: 80.3
Loss   3.05 Loss_Lx   3.04 Loss_Lu 0.03495
10:13:14 Epoch 21 Test Acc: 79.52
10:13:16 Epoch 21  EMA Test Acc: 78.7
Loss   2.99 Loss_Lx   2.96 Loss_Lu 0.03425
10:15:03 Epoch 22 Test Acc: 81.77
10:15:05 Epoch 22  EMA Test Acc: 78.86
Loss   2.95 Loss_Lx   2.92 Loss_Lu 0.03388
10:16:51 Epoch 23 Test Acc: 81.44
10:16:54 Epoch 23  EMA Test Acc: 77.38
Loss   2.96 Loss_Lx   2.91 Loss_Lu 0.03349
10:18:41 Epoch 24 Test Acc: 80.91
10:18:43 Epoch 24  EMA Test Acc: 79.45
Loss   2.90 Loss_Lx   2.85 Loss_Lu 0.03243
10:20:30 Epoch 25 Test Acc: 81.63
10:20:32 Epoch 25  EMA Test Acc: 80.95
Loss   2.91 Loss_Lx   2.85 Loss_Lu 0.03240
10:22:18 Epoch 26 Test Acc: 81.95
10:22:21 Epoch 26  EMA Test Acc: 80.06
Loss   2.92 Loss_Lx   2.84 Loss_Lu 0.03229
10:24:07 Epoch 27 Test Acc: 81.88
10:24:10 Epoch 27  EMA Test Acc: 77.11
Loss   2.85 Loss_Lx   2.77 Loss_Lu 0.03172
10:25:56 Epoch 28 Test Acc: 82.55
10:25:59 Epoch 28  EMA Test Acc: 82.8
Loss   2.85 Loss_Lx   2.75 Loss_Lu 0.03158
10:27:45 Epoch 29 Test Acc: 82.19
10:27:47 Epoch 29  EMA Test Acc: 80.32
Loss   2.89 Loss_Lx   2.79 Loss_Lu 0.03162
10:29:34 Epoch 30 Test Acc: 83.8
10:29:36 Epoch 30  EMA Test Acc: 82.95
Loss   2.88 Loss_Lx   2.77 Loss_Lu 0.03135
10:31:22 Epoch 31 Test Acc: 84.09
10:31:25 Epoch 31  EMA Test Acc: 83.04
Loss   2.86 Loss_Lx   2.74 Loss_Lu 0.03107
10:33:11 Epoch 32 Test Acc: 84.79
10:33:13 Epoch 32  EMA Test Acc: 83.34
Loss   2.83 Loss_Lx   2.70 Loss_Lu 0.03100
10:35:00 Epoch 33 Test Acc: 84.24
10:35:02 Epoch 33  EMA Test Acc: 84.4
Loss   2.83 Loss_Lx   2.69 Loss_Lu 0.03079
10:36:49 Epoch 34 Test Acc: 83.35
10:36:52 Epoch 34  EMA Test Acc: 86.04
Loss   2.83 Loss_Lx   2.68 Loss_Lu 0.03084
10:38:37 Epoch 35 Test Acc: 85.26
10:38:40 Epoch 35  EMA Test Acc: 80.05
Loss   2.82 Loss_Lx   2.67 Loss_Lu 0.03100
10:40:25 Epoch 36 Test Acc: 85.34
10:40:28 Epoch 36  EMA Test Acc: 86.24
Loss   2.78 Loss_Lx   2.62 Loss_Lu 0.03038
10:42:14 Epoch 37 Test Acc: 86.68
10:42:16 Epoch 37  EMA Test Acc: 86.47
Loss   2.79 Loss_Lx   2.63 Loss_Lu 0.03060
10:44:02 Epoch 38 Test Acc: 87.03
10:44:04 Epoch 38  EMA Test Acc: 87.07
Loss   2.76 Loss_Lx   2.61 Loss_Lu 0.03042
10:45:51 Epoch 39 Test Acc: 86.78
10:45:54 Epoch 39  EMA Test Acc: 87.54
Loss   2.77 Loss_Lx   2.61 Loss_Lu 0.03057
10:47:39 Epoch 40 Test Acc: 86.44
10:47:42 Epoch 40  EMA Test Acc: 87.78
Loss   2.75 Loss_Lx   2.60 Loss_Lu 0.03044
10:49:27 Epoch 41 Test Acc: 86.67
10:49:30 Epoch 41  EMA Test Acc: 87.02
Loss   2.74 Loss_Lx   2.59 Loss_Lu 0.02994
10:51:17 Epoch 42 Test Acc: 87.4
10:51:19 Epoch 42  EMA Test Acc: 85.03
Loss   2.73 Loss_Lx   2.58 Loss_Lu 0.03014
10:53:06 Epoch 43 Test Acc: 87.82
10:53:09 Epoch 43  EMA Test Acc: 86.56
Loss   2.74 Loss_Lx   2.59 Loss_Lu 0.03068
10:54:56 Epoch 44 Test Acc: 86.46
10:54:58 Epoch 44  EMA Test Acc: 88.53
Loss   2.70 Loss_Lx   2.55 Loss_Lu 0.03031
10:56:45 Epoch 45 Test Acc: 87.45
10:56:48 Epoch 45  EMA Test Acc: 85.73
Loss   2.68 Loss_Lx   2.53 Loss_Lu 0.03003
10:58:35 Epoch 46 Test Acc: 87.53
10:58:37 Epoch 46  EMA Test Acc: 87.42
Loss   2.70 Loss_Lx   2.55 Loss_Lu 0.03015
11:00:24 Epoch 47 Test Acc: 88.16
11:00:27 Epoch 47  EMA Test Acc: 89.17
Loss   2.69 Loss_Lx   2.54 Loss_Lu 0.03020
11:02:14 Epoch 48 Test Acc: 87.95
11:02:16 Epoch 48  EMA Test Acc: 89.16
Loss   2.67 Loss_Lx   2.52 Loss_Lu 0.03002
11:04:03 Epoch 49 Test Acc: 89.1
11:04:05 Epoch 49  EMA Test Acc: 89.08
Loss   2.65 Loss_Lx   2.50 Loss_Lu 0.03033
11:05:52 Epoch 50 Test Acc: 88.44
11:05:54 Epoch 50  EMA Test Acc: 89.72
Loss   2.68 Loss_Lx   2.53 Loss_Lu 0.03011
11:07:41 Epoch 51 Test Acc: 88.61
11:07:43 Epoch 51  EMA Test Acc: 88.69
Loss   2.65 Loss_Lx   2.50 Loss_Lu 0.03015
11:09:30 Epoch 52 Test Acc: 86.87
11:09:33 Epoch 52  EMA Test Acc: 89.82
Loss   2.64 Loss_Lx   2.49 Loss_Lu 0.03003
11:11:20 Epoch 53 Test Acc: 88.16
11:11:22 Epoch 53  EMA Test Acc: 89.49
Loss   2.63 Loss_Lx   2.48 Loss_Lu 0.03033
11:13:09 Epoch 54 Test Acc: 88.01
11:13:12 Epoch 54  EMA Test Acc: 90.1
Loss   2.64 Loss_Lx   2.49 Loss_Lu 0.02995
11:14:58 Epoch 55 Test Acc: 89.5
11:15:00 Epoch 55  EMA Test Acc: 89.19
Loss   2.61 Loss_Lx   2.46 Loss_Lu 0.02963
11:16:46 Epoch 56 Test Acc: 89.0
11:16:49 Epoch 56  EMA Test Acc: 90.06
Loss   2.60 Loss_Lx   2.45 Loss_Lu 0.02941
11:18:35 Epoch 57 Test Acc: 89.21
11:18:37 Epoch 57  EMA Test Acc: 89.83
Loss   2.64 Loss_Lx   2.49 Loss_Lu 0.03008
11:20:24 Epoch 58 Test Acc: 88.81
11:20:26 Epoch 58  EMA Test Acc: 90.52
Loss   2.64 Loss_Lx   2.49 Loss_Lu 0.02996
11:22:12 Epoch 59 Test Acc: 89.39
11:22:15 Epoch 59  EMA Test Acc: 89.8
Loss   2.58 Loss_Lx   2.43 Loss_Lu 0.02965
11:24:01 Epoch 60 Test Acc: 89.93
11:24:03 Epoch 60  EMA Test Acc: 91.38
Loss   2.62 Loss_Lx   2.47 Loss_Lu 0.03009
11:25:48 Epoch 61 Test Acc: 90.3
11:25:51 Epoch 61  EMA Test Acc: 90.32
Loss   2.63 Loss_Lx   2.48 Loss_Lu 0.02999
11:27:37 Epoch 62 Test Acc: 88.74
11:27:39 Epoch 62  EMA Test Acc: 90.68
Loss   2.59 Loss_Lx   2.44 Loss_Lu 0.02972
11:29:25 Epoch 63 Test Acc: 90.15
11:29:28 Epoch 63  EMA Test Acc: 89.2
Loss   2.59 Loss_Lx   2.44 Loss_Lu 0.02985
11:31:14 Epoch 64 Test Acc: 90.1
11:31:17 Epoch 64  EMA Test Acc: 90.3
Loss   2.59 Loss_Lx   2.44 Loss_Lu 0.02946
11:33:02 Epoch 65 Test Acc: 89.54
11:33:05 Epoch 65  EMA Test Acc: 90.5
Loss   2.56 Loss_Lx   2.41 Loss_Lu 0.02950
11:34:51 Epoch 66 Test Acc: 90.1
11:34:53 Epoch 66  EMA Test Acc: 90.76
Loss   2.55 Loss_Lx   2.41 Loss_Lu 0.02948
11:36:38 Epoch 67 Test Acc: 90.47
11:36:41 Epoch 67  EMA Test Acc: 91.22
Loss   2.57 Loss_Lx   2.42 Loss_Lu 0.02995
11:38:26 Epoch 68 Test Acc: 90.28
11:38:28 Epoch 68  EMA Test Acc: 90.41
Loss   2.56 Loss_Lx   2.41 Loss_Lu 0.02954
11:40:14 Epoch 69 Test Acc: 90.32
11:40:16 Epoch 69  EMA Test Acc: 91.32
Loss   2.55 Loss_Lx   2.41 Loss_Lu 0.02942
11:42:02 Epoch 70 Test Acc: 89.95
11:42:04 Epoch 70  EMA Test Acc: 91.65
Loss   2.53 Loss_Lx   2.39 Loss_Lu 0.02930
11:43:49 Epoch 71 Test Acc: 90.37
11:43:51 Epoch 71  EMA Test Acc: 91.46
Loss   2.53 Loss_Lx   2.39 Loss_Lu 0.02939
11:45:36 Epoch 72 Test Acc: 90.47
11:45:39 Epoch 72  EMA Test Acc: 90.69
Loss   2.54 Loss_Lx   2.40 Loss_Lu 0.02944
11:47:25 Epoch 73 Test Acc: 90.84
11:47:27 Epoch 73  EMA Test Acc: 90.99
Loss   2.54 Loss_Lx   2.39 Loss_Lu 0.02939
11:49:12 Epoch 74 Test Acc: 90.55
11:49:14 Epoch 74  EMA Test Acc: 91.37
Loss   2.53 Loss_Lx   2.38 Loss_Lu 0.02913
11:50:59 Epoch 75 Test Acc: 90.67
11:51:02 Epoch 75  EMA Test Acc: 91.4
Loss   2.51 Loss_Lx   2.37 Loss_Lu 0.02925
11:52:46 Epoch 76 Test Acc: 91.39
11:52:49 Epoch 76  EMA Test Acc: 91.82
Loss   2.52 Loss_Lx   2.38 Loss_Lu 0.02885
11:54:34 Epoch 77 Test Acc: 90.82
11:54:36 Epoch 77  EMA Test Acc: 90.03
Loss   2.51 Loss_Lx   2.36 Loss_Lu 0.02896
11:56:22 Epoch 78 Test Acc: 90.34
11:56:24 Epoch 78  EMA Test Acc: 90.63
Loss   2.52 Loss_Lx   2.37 Loss_Lu 0.02897
11:58:09 Epoch 79 Test Acc: 90.42
11:58:11 Epoch 79  EMA Test Acc: 91.0
Loss   2.52 Loss_Lx   2.38 Loss_Lu 0.02932
11:59:56 Epoch 80 Test Acc: 90.9
11:59:59 Epoch 80  EMA Test Acc: 91.57
Loss   2.52 Loss_Lx   2.38 Loss_Lu 0.02872
12:01:44 Epoch 81 Test Acc: 90.96
12:01:46 Epoch 81  EMA Test Acc: 91.84
Loss   2.48 Loss_Lx   2.33 Loss_Lu 0.02856
12:03:31 Epoch 82 Test Acc: 89.76
12:03:33 Epoch 82  EMA Test Acc: 91.14
Loss   2.48 Loss_Lx   2.34 Loss_Lu 0.02856
12:05:18 Epoch 83 Test Acc: 90.43
12:05:21 Epoch 83  EMA Test Acc: 90.23
Loss   2.51 Loss_Lx   2.37 Loss_Lu 0.02902
12:07:06 Epoch 84 Test Acc: 90.43
12:07:08 Epoch 84  EMA Test Acc: 91.67
Loss   2.47 Loss_Lx   2.33 Loss_Lu 0.02875
12:08:53 Epoch 85 Test Acc: 91.67
12:08:55 Epoch 85  EMA Test Acc: 92.05
Loss   2.49 Loss_Lx   2.34 Loss_Lu 0.02895
12:10:40 Epoch 86 Test Acc: 91.25
12:10:42 Epoch 86  EMA Test Acc: 91.82
Loss   2.48 Loss_Lx   2.34 Loss_Lu 0.02877
12:12:27 Epoch 87 Test Acc: 90.84
12:12:30 Epoch 87  EMA Test Acc: 91.2
Loss   2.46 Loss_Lx   2.32 Loss_Lu 0.02855
12:14:15 Epoch 88 Test Acc: 91.31
12:14:17 Epoch 88  EMA Test Acc: 91.52
Loss   2.47 Loss_Lx   2.32 Loss_Lu 0.02874
12:16:02 Epoch 89 Test Acc: 91.42
12:16:04 Epoch 89  EMA Test Acc: 92.24
Loss   2.45 Loss_Lx   2.31 Loss_Lu 0.02823
12:17:49 Epoch 90 Test Acc: 91.17
12:17:52 Epoch 90  EMA Test Acc: 92.22
Loss   2.45 Loss_Lx   2.30 Loss_Lu 0.02871
12:19:37 Epoch 91 Test Acc: 91.1
12:19:39 Epoch 91  EMA Test Acc: 90.18
Loss   2.46 Loss_Lx   2.32 Loss_Lu 0.02865
12:21:24 Epoch 92 Test Acc: 91.69
12:21:27 Epoch 92  EMA Test Acc: 90.78
Loss   2.46 Loss_Lx   2.32 Loss_Lu 0.02860
12:23:11 Epoch 93 Test Acc: 91.77
12:23:14 Epoch 93  EMA Test Acc: 91.77
Loss   2.46 Loss_Lx   2.32 Loss_Lu 0.02885
12:24:59 Epoch 94 Test Acc: 91.64
12:25:01 Epoch 94  EMA Test Acc: 91.46
Loss   2.43 Loss_Lx   2.29 Loss_Lu 0.02815
12:26:46 Epoch 95 Test Acc: 92.04
12:26:48 Epoch 95  EMA Test Acc: 91.35
Loss   2.42 Loss_Lx   2.28 Loss_Lu 0.02823
12:28:33 Epoch 96 Test Acc: 91.19
12:28:36 Epoch 96  EMA Test Acc: 91.8
Loss   2.40 Loss_Lx   2.26 Loss_Lu 0.02797
12:30:21 Epoch 97 Test Acc: 91.86
12:30:23 Epoch 97  EMA Test Acc: 92.17
Loss   2.43 Loss_Lx   2.28 Loss_Lu 0.02831
12:32:09 Epoch 98 Test Acc: 91.39
12:32:11 Epoch 98  EMA Test Acc: 92.14
Loss   2.45 Loss_Lx   2.31 Loss_Lu 0.02880
12:33:56 Epoch 99 Test Acc: 91.61
12:33:58 Epoch 99  EMA Test Acc: 90.82
Loss   2.45 Loss_Lx   2.31 Loss_Lu 0.02842
12:35:43 Epoch 100 Test Acc: 91.15
12:35:45 Epoch 100  EMA Test Acc: 92.42
Loss   2.41 Loss_Lx   2.27 Loss_Lu 0.02809
12:37:30 Epoch 101 Test Acc: 91.73
12:37:33 Epoch 101  EMA Test Acc: 92.21
Loss   2.39 Loss_Lx   2.25 Loss_Lu 0.02773
12:39:17 Epoch 102 Test Acc: 91.63
12:39:20 Epoch 102  EMA Test Acc: 92.21
Loss   2.42 Loss_Lx   2.28 Loss_Lu 0.02819
12:41:04 Epoch 103 Test Acc: 91.58
12:41:07 Epoch 103  EMA Test Acc: 92.39
Loss   2.40 Loss_Lx   2.26 Loss_Lu 0.02786
12:42:52 Epoch 104 Test Acc: 91.32
12:42:54 Epoch 104  EMA Test Acc: 92.27
Loss   2.40 Loss_Lx   2.26 Loss_Lu 0.02785
12:44:39 Epoch 105 Test Acc: 92.16
12:44:41 Epoch 105  EMA Test Acc: 92.52
Loss   2.37 Loss_Lx   2.23 Loss_Lu 0.02766
12:46:26 Epoch 106 Test Acc: 92.14
12:46:29 Epoch 106  EMA Test Acc: 92.29
Loss   2.38 Loss_Lx   2.25 Loss_Lu 0.02772
12:48:14 Epoch 107 Test Acc: 91.77
12:48:16 Epoch 107  EMA Test Acc: 91.66
Loss   2.38 Loss_Lx   2.24 Loss_Lu 0.02771
12:50:01 Epoch 108 Test Acc: 91.85
12:50:03 Epoch 108  EMA Test Acc: 92.33
Loss   2.38 Loss_Lx   2.24 Loss_Lu 0.02757
12:51:48 Epoch 109 Test Acc: 92.12
12:51:51 Epoch 109  EMA Test Acc: 92.42
Loss   2.38 Loss_Lx   2.24 Loss_Lu 0.02729
12:53:36 Epoch 110 Test Acc: 92.4
12:53:39 Epoch 110  EMA Test Acc: 92.64
Loss   2.36 Loss_Lx   2.22 Loss_Lu 0.02738
12:55:23 Epoch 111 Test Acc: 92.12
12:55:26 Epoch 111  EMA Test Acc: 92.99
Loss   2.37 Loss_Lx   2.23 Loss_Lu 0.02764
12:57:10 Epoch 112 Test Acc: 92.31
12:57:13 Epoch 112  EMA Test Acc: 92.74
Loss   2.33 Loss_Lx   2.19 Loss_Lu 0.02720
12:58:58 Epoch 113 Test Acc: 92.69
12:59:00 Epoch 113  EMA Test Acc: 93.26
Loss   2.33 Loss_Lx   2.20 Loss_Lu 0.02713
13:00:46 Epoch 114 Test Acc: 91.66
13:00:48 Epoch 114  EMA Test Acc: 92.39
Loss   2.35 Loss_Lx   2.21 Loss_Lu 0.02745
13:02:34 Epoch 115 Test Acc: 92.28
13:02:36 Epoch 115  EMA Test Acc: 92.92
Loss   2.35 Loss_Lx   2.22 Loss_Lu 0.02739
13:04:21 Epoch 116 Test Acc: 92.09
13:04:24 Epoch 116  EMA Test Acc: 92.81
Loss   2.34 Loss_Lx   2.20 Loss_Lu 0.02728
13:06:09 Epoch 117 Test Acc: 92.06
13:06:11 Epoch 117  EMA Test Acc: 93.12
Loss   2.35 Loss_Lx   2.21 Loss_Lu 0.02727
13:07:56 Epoch 118 Test Acc: 92.71
13:07:58 Epoch 118  EMA Test Acc: 92.0
Loss   2.37 Loss_Lx   2.23 Loss_Lu 0.02742
13:09:43 Epoch 119 Test Acc: 92.17
13:09:46 Epoch 119  EMA Test Acc: 92.97
Loss   2.35 Loss_Lx   2.21 Loss_Lu 0.02735
13:11:30 Epoch 120 Test Acc: 92.32
13:11:33 Epoch 120  EMA Test Acc: 92.38
Loss   2.35 Loss_Lx   2.21 Loss_Lu 0.02705
13:13:18 Epoch 121 Test Acc: 91.88
13:13:20 Epoch 121  EMA Test Acc: 92.68
Loss   2.32 Loss_Lx   2.18 Loss_Lu 0.02671
13:15:05 Epoch 122 Test Acc: 92.84
13:15:07 Epoch 122  EMA Test Acc: 92.78
Loss   2.35 Loss_Lx   2.21 Loss_Lu 0.02717
13:16:52 Epoch 123 Test Acc: 92.65
13:16:54 Epoch 123  EMA Test Acc: 92.9
Loss   2.27 Loss_Lx   2.14 Loss_Lu 0.02612
13:18:39 Epoch 124 Test Acc: 92.67
13:18:42 Epoch 124  EMA Test Acc: 93.17
Loss   2.29 Loss_Lx   2.16 Loss_Lu 0.02663
13:20:27 Epoch 125 Test Acc: 92.17
13:20:29 Epoch 125  EMA Test Acc: 92.65
Loss   2.32 Loss_Lx   2.18 Loss_Lu 0.02687
13:22:14 Epoch 126 Test Acc: 92.41
13:22:17 Epoch 126  EMA Test Acc: 92.74
Loss   2.29 Loss_Lx   2.16 Loss_Lu 0.02629
13:24:02 Epoch 127 Test Acc: 92.49
13:24:04 Epoch 127  EMA Test Acc: 92.88
Loss   2.29 Loss_Lx   2.16 Loss_Lu 0.02646
13:25:49 Epoch 128 Test Acc: 92.48
13:25:52 Epoch 128  EMA Test Acc: 93.09
Loss   2.27 Loss_Lx   2.14 Loss_Lu 0.02617
13:27:37 Epoch 129 Test Acc: 92.65
13:27:39 Epoch 129  EMA Test Acc: 92.5
Loss   2.31 Loss_Lx   2.17 Loss_Lu 0.02665
13:29:24 Epoch 130 Test Acc: 93.07
13:29:27 Epoch 130  EMA Test Acc: 93.33
Loss   2.28 Loss_Lx   2.15 Loss_Lu 0.02621
13:31:11 Epoch 131 Test Acc: 92.49
13:31:14 Epoch 131  EMA Test Acc: 93.34
Loss   2.27 Loss_Lx   2.14 Loss_Lu 0.02589
13:32:59 Epoch 132 Test Acc: 93.13
13:33:01 Epoch 132  EMA Test Acc: 92.81
Loss   2.29 Loss_Lx   2.16 Loss_Lu 0.02659
13:34:46 Epoch 133 Test Acc: 92.68
13:34:49 Epoch 133  EMA Test Acc: 93.76
Loss   2.31 Loss_Lx   2.17 Loss_Lu 0.02687
13:36:34 Epoch 134 Test Acc: 93.38
13:36:36 Epoch 134  EMA Test Acc: 93.42
Loss   2.27 Loss_Lx   2.14 Loss_Lu 0.02592
13:38:21 Epoch 135 Test Acc: 92.41
13:38:24 Epoch 135  EMA Test Acc: 93.12
Loss   2.27 Loss_Lx   2.14 Loss_Lu 0.02594
13:40:08 Epoch 136 Test Acc: 92.55
13:40:11 Epoch 136  EMA Test Acc: 93.2
Loss   2.26 Loss_Lx   2.14 Loss_Lu 0.02579
13:41:56 Epoch 137 Test Acc: 93.07
13:41:58 Epoch 137  EMA Test Acc: 93.5
Loss   2.27 Loss_Lx   2.14 Loss_Lu 0.02591
13:43:43 Epoch 138 Test Acc: 92.74
13:43:46 Epoch 138  EMA Test Acc: 93.3
Loss   2.24 Loss_Lx   2.11 Loss_Lu 0.02552
13:45:31 Epoch 139 Test Acc: 92.64
13:45:33 Epoch 139  EMA Test Acc: 93.08
Loss   2.27 Loss_Lx   2.14 Loss_Lu 0.02588
13:47:18 Epoch 140 Test Acc: 92.59
13:47:21 Epoch 140  EMA Test Acc: 93.65
Loss   2.26 Loss_Lx   2.13 Loss_Lu 0.02581
13:49:06 Epoch 141 Test Acc: 93.29
13:49:08 Epoch 141  EMA Test Acc: 93.47
Loss   2.24 Loss_Lx   2.11 Loss_Lu 0.02556
13:50:53 Epoch 142 Test Acc: 93.06
13:50:56 Epoch 142  EMA Test Acc: 93.22
Loss   2.22 Loss_Lx   2.09 Loss_Lu 0.02537
13:52:41 Epoch 143 Test Acc: 92.76
13:52:43 Epoch 143  EMA Test Acc: 93.28
Loss   2.23 Loss_Lx   2.10 Loss_Lu 0.02516
13:54:28 Epoch 144 Test Acc: 92.51
13:54:31 Epoch 144  EMA Test Acc: 93.25
Loss   2.24 Loss_Lx   2.11 Loss_Lu 0.02550
13:56:16 Epoch 145 Test Acc: 93.11
13:56:18 Epoch 145  EMA Test Acc: 93.15
Loss   2.23 Loss_Lx   2.11 Loss_Lu 0.02547
13:58:03 Epoch 146 Test Acc: 93.31
13:58:05 Epoch 146  EMA Test Acc: 93.07
Loss   2.21 Loss_Lx   2.09 Loss_Lu 0.02528
13:59:50 Epoch 147 Test Acc: 92.65
13:59:52 Epoch 147  EMA Test Acc: 93.56
Loss   2.21 Loss_Lx   2.09 Loss_Lu 0.02511
14:01:37 Epoch 148 Test Acc: 93.02
14:01:40 Epoch 148  EMA Test Acc: 93.65
Loss   2.22 Loss_Lx   2.10 Loss_Lu 0.02496
14:03:25 Epoch 149 Test Acc: 93.17
14:03:27 Epoch 149  EMA Test Acc: 93.4
Loss   1.69 Loss_Lx   1.59 Loss_Lu 0.01911
14:05:12 Epoch 150 Test Acc: 93.0
14:05:14 Epoch 150  EMA Test Acc: 93.21
Loss   1.67 Loss_Lx   1.58 Loss_Lu 0.01922
14:06:59 Epoch 151 Test Acc: 92.81
14:07:01 Epoch 151  EMA Test Acc: 93.3
Loss   1.62 Loss_Lx   1.53 Loss_Lu 0.01854
14:08:46 Epoch 152 Test Acc: 92.56
14:08:49 Epoch 152  EMA Test Acc: 93.67
Loss   1.67 Loss_Lx   1.57 Loss_Lu 0.01918
14:10:34 Epoch 153 Test Acc: 93.64
14:10:37 Epoch 153  EMA Test Acc: 93.57
Loss   1.61 Loss_Lx   1.52 Loss_Lu 0.01821
14:12:22 Epoch 154 Test Acc: 92.72
14:12:24 Epoch 154  EMA Test Acc: 93.92
Loss   1.69 Loss_Lx   1.59 Loss_Lu 0.01953
14:14:10 Epoch 155 Test Acc: 93.34
14:14:12 Epoch 155  EMA Test Acc: 93.48
Loss   1.61 Loss_Lx   1.52 Loss_Lu 0.01786
14:15:57 Epoch 156 Test Acc: 93.13
14:16:00 Epoch 156  EMA Test Acc: 93.54
Loss   1.63 Loss_Lx   1.53 Loss_Lu 0.01855
14:17:45 Epoch 157 Test Acc: 92.91
14:17:48 Epoch 157  EMA Test Acc: 92.53
Loss   1.61 Loss_Lx   1.52 Loss_Lu 0.01827
14:19:33 Epoch 158 Test Acc: 93.18
14:19:35 Epoch 158  EMA Test Acc: 93.72
Loss   1.58 Loss_Lx   1.49 Loss_Lu 0.01812
14:21:21 Epoch 159 Test Acc: 93.13
14:21:23 Epoch 159  EMA Test Acc: 93.68
Loss   1.65 Loss_Lx   1.55 Loss_Lu 0.01879
14:23:09 Epoch 160 Test Acc: 93.44
14:23:11 Epoch 160  EMA Test Acc: 93.82
Loss   1.60 Loss_Lx   1.51 Loss_Lu 0.01786
14:24:57 Epoch 161 Test Acc: 93.29
14:24:59 Epoch 161  EMA Test Acc: 93.67
Loss   1.60 Loss_Lx   1.51 Loss_Lu 0.01777
14:26:45 Epoch 162 Test Acc: 93.01
14:26:47 Epoch 162  EMA Test Acc: 93.59
Loss   1.62 Loss_Lx   1.53 Loss_Lu 0.01822
14:28:32 Epoch 163 Test Acc: 93.07
14:28:35 Epoch 163  EMA Test Acc: 93.49
Loss   1.54 Loss_Lx   1.45 Loss_Lu 0.01726
14:30:20 Epoch 164 Test Acc: 92.93
14:30:23 Epoch 164  EMA Test Acc: 93.81
Loss   1.60 Loss_Lx   1.51 Loss_Lu 0.01790
14:32:08 Epoch 165 Test Acc: 93.69
14:32:10 Epoch 165  EMA Test Acc: 94.01
Loss   1.64 Loss_Lx   1.54 Loss_Lu 0.01822
14:33:56 Epoch 166 Test Acc: 93.19
14:33:58 Epoch 166  EMA Test Acc: 94.12
Loss   1.58 Loss_Lx   1.49 Loss_Lu 0.01786
14:35:43 Epoch 167 Test Acc: 93.0
14:35:46 Epoch 167  EMA Test Acc: 93.24
Loss   1.55 Loss_Lx   1.46 Loss_Lu 0.01730
14:37:31 Epoch 168 Test Acc: 93.58
14:37:33 Epoch 168  EMA Test Acc: 93.77
Loss   1.55 Loss_Lx   1.47 Loss_Lu 0.01748
14:39:19 Epoch 169 Test Acc: 93.43
14:39:21 Epoch 169  EMA Test Acc: 93.85
Loss   1.56 Loss_Lx   1.47 Loss_Lu 0.01724
14:41:06 Epoch 170 Test Acc: 93.1
14:41:09 Epoch 170  EMA Test Acc: 93.76
Loss   1.62 Loss_Lx   1.53 Loss_Lu 0.01825
14:42:54 Epoch 171 Test Acc: 93.57
14:42:56 Epoch 171  EMA Test Acc: 94.21
Loss   1.53 Loss_Lx   1.44 Loss_Lu 0.01658
14:44:42 Epoch 172 Test Acc: 93.45
14:44:44 Epoch 172  EMA Test Acc: 94.1
Loss   1.59 Loss_Lx   1.50 Loss_Lu 0.01790
14:46:29 Epoch 173 Test Acc: 93.29
14:46:32 Epoch 173  EMA Test Acc: 93.11
Loss   1.53 Loss_Lx   1.45 Loss_Lu 0.01687
14:48:17 Epoch 174 Test Acc: 93.35
14:48:19 Epoch 174  EMA Test Acc: 93.12
Loss   1.58 Loss_Lx   1.49 Loss_Lu 0.01750
14:50:05 Epoch 175 Test Acc: 93.64
14:50:07 Epoch 175  EMA Test Acc: 93.35
Loss   1.54 Loss_Lx   1.46 Loss_Lu 0.01720
14:51:52 Epoch 176 Test Acc: 93.29
14:51:55 Epoch 176  EMA Test Acc: 93.61
Loss   1.58 Loss_Lx   1.49 Loss_Lu 0.01744
14:53:40 Epoch 177 Test Acc: 93.58
14:53:42 Epoch 177  EMA Test Acc: 93.91
Loss   1.57 Loss_Lx   1.48 Loss_Lu 0.01715
14:55:28 Epoch 178 Test Acc: 93.51
14:55:30 Epoch 178  EMA Test Acc: 93.8
Loss   1.54 Loss_Lx   1.46 Loss_Lu 0.01657
14:57:15 Epoch 179 Test Acc: 93.2
14:57:18 Epoch 179  EMA Test Acc: 93.68
Loss   1.52 Loss_Lx   1.43 Loss_Lu 0.01653
14:59:03 Epoch 180 Test Acc: 93.75
14:59:05 Epoch 180  EMA Test Acc: 93.71
Loss   1.53 Loss_Lx   1.45 Loss_Lu 0.01661
15:00:50 Epoch 181 Test Acc: 93.74
15:00:53 Epoch 181  EMA Test Acc: 93.56
Loss   1.57 Loss_Lx   1.48 Loss_Lu 0.01699
15:02:38 Epoch 182 Test Acc: 93.45
15:02:41 Epoch 182  EMA Test Acc: 93.95
Loss   1.50 Loss_Lx   1.42 Loss_Lu 0.01635
15:04:26 Epoch 183 Test Acc: 93.14
15:04:28 Epoch 183  EMA Test Acc: 93.64
Loss   1.56 Loss_Lx   1.48 Loss_Lu 0.01682
15:06:14 Epoch 184 Test Acc: 93.18
15:06:17 Epoch 184  EMA Test Acc: 93.89
Loss   1.59 Loss_Lx   1.50 Loss_Lu 0.01708
15:08:02 Epoch 185 Test Acc: 93.94
15:08:04 Epoch 185  EMA Test Acc: 93.75
Loss   1.53 Loss_Lx   1.45 Loss_Lu 0.01627
15:09:50 Epoch 186 Test Acc: 93.72
15:09:52 Epoch 186  EMA Test Acc: 93.31
Loss   1.47 Loss_Lx   1.40 Loss_Lu 0.01594
15:11:38 Epoch 187 Test Acc: 93.7
15:11:40 Epoch 187  EMA Test Acc: 93.98
Loss   1.51 Loss_Lx   1.43 Loss_Lu 0.01608
15:13:26 Epoch 188 Test Acc: 93.67
15:13:28 Epoch 188  EMA Test Acc: 93.95
Loss   1.38 Loss_Lx   1.31 Loss_Lu 0.01475
15:15:13 Epoch 189 Test Acc: 92.93
15:15:16 Epoch 189  EMA Test Acc: 94.18
Loss   1.48 Loss_Lx   1.40 Loss_Lu 0.01579
15:17:01 Epoch 190 Test Acc: 93.92
15:17:04 Epoch 190  EMA Test Acc: 93.62
Loss   1.55 Loss_Lx   1.47 Loss_Lu 0.01680
15:18:49 Epoch 191 Test Acc: 93.6
15:18:51 Epoch 191  EMA Test Acc: 93.69
Loss   1.48 Loss_Lx   1.40 Loss_Lu 0.01551
15:20:37 Epoch 192 Test Acc: 93.53
15:20:39 Epoch 192  EMA Test Acc: 94.05
Loss   1.51 Loss_Lx   1.43 Loss_Lu 0.01584
15:22:25 Epoch 193 Test Acc: 93.82
15:22:27 Epoch 193  EMA Test Acc: 93.83
Loss   1.46 Loss_Lx   1.38 Loss_Lu 0.01515
15:24:12 Epoch 194 Test Acc: 93.45
15:24:15 Epoch 194  EMA Test Acc: 94.04
Loss   1.51 Loss_Lx   1.43 Loss_Lu 0.01608
15:26:00 Epoch 195 Test Acc: 93.71
15:26:03 Epoch 195  EMA Test Acc: 93.89
Loss   1.46 Loss_Lx   1.39 Loss_Lu 0.01509
15:27:47 Epoch 196 Test Acc: 93.58
15:27:50 Epoch 196  EMA Test Acc: 93.77
Loss   1.53 Loss_Lx   1.45 Loss_Lu 0.01580
15:29:35 Epoch 197 Test Acc: 93.48
15:29:37 Epoch 197  EMA Test Acc: 94.08
Loss   1.45 Loss_Lx   1.38 Loss_Lu 0.01528
15:31:22 Epoch 198 Test Acc: 94.15
15:31:25 Epoch 198  EMA Test Acc: 94.05
Loss   1.46 Loss_Lx   1.39 Loss_Lu 0.01502
15:33:10 Epoch 199 Test Acc: 93.97
15:33:12 Epoch 199  EMA Test Acc: 93.77
Loss   1.46 Loss_Lx   1.39 Loss_Lu 0.01552
15:34:57 Epoch 200 Test Acc: 94.0
15:35:00 Epoch 200  EMA Test Acc: 93.96
Loss   1.41 Loss_Lx   1.33 Loss_Lu 0.01444
15:36:45 Epoch 201 Test Acc: 93.69
15:36:47 Epoch 201  EMA Test Acc: 93.57
Loss   1.44 Loss_Lx   1.37 Loss_Lu 0.01496
15:38:32 Epoch 202 Test Acc: 93.69
15:38:35 Epoch 202  EMA Test Acc: 93.95
Loss   1.49 Loss_Lx   1.41 Loss_Lu 0.01534
15:40:20 Epoch 203 Test Acc: 94.11
15:40:22 Epoch 203  EMA Test Acc: 94.0
Loss   1.42 Loss_Lx   1.35 Loss_Lu 0.01460
15:42:08 Epoch 204 Test Acc: 93.83
15:42:10 Epoch 204  EMA Test Acc: 93.94
Loss   1.48 Loss_Lx   1.40 Loss_Lu 0.01507
15:43:55 Epoch 205 Test Acc: 93.76
15:43:58 Epoch 205  EMA Test Acc: 93.78
Loss   1.41 Loss_Lx   1.34 Loss_Lu 0.01431
15:45:43 Epoch 206 Test Acc: 93.92
15:45:46 Epoch 206  EMA Test Acc: 93.92
Loss   1.46 Loss_Lx   1.38 Loss_Lu 0.01483
15:47:31 Epoch 207 Test Acc: 93.99
15:47:33 Epoch 207  EMA Test Acc: 94.1
Loss   1.50 Loss_Lx   1.42 Loss_Lu 0.01540
15:49:19 Epoch 208 Test Acc: 93.94
15:49:21 Epoch 208  EMA Test Acc: 93.83
Loss   1.47 Loss_Lx   1.40 Loss_Lu 0.01533
15:51:06 Epoch 209 Test Acc: 94.18
15:51:09 Epoch 209  EMA Test Acc: 94.08
Loss   1.47 Loss_Lx   1.40 Loss_Lu 0.01538
15:52:54 Epoch 210 Test Acc: 93.77
15:52:56 Epoch 210  EMA Test Acc: 93.84
Loss   1.39 Loss_Lx   1.32 Loss_Lu 0.01408
15:54:42 Epoch 211 Test Acc: 93.65
15:54:44 Epoch 211  EMA Test Acc: 94.04
Loss   1.44 Loss_Lx   1.37 Loss_Lu 0.01451
15:56:30 Epoch 212 Test Acc: 93.88
15:56:32 Epoch 212  EMA Test Acc: 93.98
Loss   1.50 Loss_Lx   1.43 Loss_Lu 0.01511
15:58:18 Epoch 213 Test Acc: 93.93
15:58:20 Epoch 213  EMA Test Acc: 93.85
Loss   1.43 Loss_Lx   1.35 Loss_Lu 0.01436
16:00:06 Epoch 214 Test Acc: 93.91
16:00:08 Epoch 214  EMA Test Acc: 93.72
Loss   1.42 Loss_Lx   1.35 Loss_Lu 0.01416
16:01:53 Epoch 215 Test Acc: 93.91
16:01:56 Epoch 215  EMA Test Acc: 93.89
Loss   1.42 Loss_Lx   1.35 Loss_Lu 0.01421
16:03:41 Epoch 216 Test Acc: 93.99
16:03:44 Epoch 216  EMA Test Acc: 93.92
Loss   1.43 Loss_Lx   1.36 Loss_Lu 0.01439
16:05:29 Epoch 217 Test Acc: 93.98
16:05:31 Epoch 217  EMA Test Acc: 93.86
Loss   1.40 Loss_Lx   1.33 Loss_Lu 0.01400
16:07:17 Epoch 218 Test Acc: 93.96
16:07:19 Epoch 218  EMA Test Acc: 93.99
Loss   1.45 Loss_Lx   1.38 Loss_Lu 0.01443
16:09:04 Epoch 219 Test Acc: 93.81
16:09:07 Epoch 219  EMA Test Acc: 93.77
Loss   1.41 Loss_Lx   1.34 Loss_Lu 0.01411
16:10:52 Epoch 220 Test Acc: 94.01
16:10:55 Epoch 220  EMA Test Acc: 93.76
Loss   1.42 Loss_Lx   1.35 Loss_Lu 0.01403
16:12:40 Epoch 221 Test Acc: 94.03
16:12:43 Epoch 221  EMA Test Acc: 94.03
Loss   1.41 Loss_Lx   1.34 Loss_Lu 0.01424
16:14:28 Epoch 222 Test Acc: 93.82
16:14:31 Epoch 222  EMA Test Acc: 93.8
Loss   1.40 Loss_Lx   1.33 Loss_Lu 0.01405
16:16:16 Epoch 223 Test Acc: 93.88
16:16:18 Epoch 223  EMA Test Acc: 93.93
Loss   1.41 Loss_Lx   1.34 Loss_Lu 0.01377
16:18:04 Epoch 224 Test Acc: 94.17
16:18:06 Epoch 224  EMA Test Acc: 94.17
Loss   1.38 Loss_Lx   1.32 Loss_Lu 0.01344
16:19:51 Epoch 225 Test Acc: 93.91
16:19:54 Epoch 225  EMA Test Acc: 94.1
Loss   1.35 Loss_Lx   1.28 Loss_Lu 0.01306
16:21:39 Epoch 226 Test Acc: 93.92
16:21:42 Epoch 226  EMA Test Acc: 94.02
Loss   1.38 Loss_Lx   1.31 Loss_Lu 0.01319
16:23:27 Epoch 227 Test Acc: 93.77
16:23:29 Epoch 227  EMA Test Acc: 93.84
Loss   1.39 Loss_Lx   1.32 Loss_Lu 0.01354
16:25:14 Epoch 228 Test Acc: 93.77
16:25:17 Epoch 228  EMA Test Acc: 93.79
Loss   1.42 Loss_Lx   1.35 Loss_Lu 0.01384
16:27:02 Epoch 229 Test Acc: 93.88
16:27:05 Epoch 229  EMA Test Acc: 93.86
Loss   1.40 Loss_Lx   1.33 Loss_Lu 0.01375
16:28:50 Epoch 230 Test Acc: 94.23
16:28:53 Epoch 230  EMA Test Acc: 93.87
Loss   1.45 Loss_Lx   1.38 Loss_Lu 0.01414
16:30:38 Epoch 231 Test Acc: 93.99
16:30:41 Epoch 231  EMA Test Acc: 93.93
Loss   1.41 Loss_Lx   1.35 Loss_Lu 0.01354
16:32:26 Epoch 232 Test Acc: 93.95
16:32:29 Epoch 232  EMA Test Acc: 94.07
Loss   1.34 Loss_Lx   1.28 Loss_Lu 0.01280
16:34:14 Epoch 233 Test Acc: 93.8
16:34:16 Epoch 233  EMA Test Acc: 93.89
Loss   1.35 Loss_Lx   1.29 Loss_Lu 0.01308
16:36:02 Epoch 234 Test Acc: 94.12
16:36:04 Epoch 234  EMA Test Acc: 93.91
Loss   1.39 Loss_Lx   1.32 Loss_Lu 0.01340
16:37:49 Epoch 235 Test Acc: 93.99
16:37:52 Epoch 235  EMA Test Acc: 93.88
Loss   1.36 Loss_Lx   1.30 Loss_Lu 0.01299
16:39:37 Epoch 236 Test Acc: 93.81
16:39:39 Epoch 236  EMA Test Acc: 94.08
Loss   1.42 Loss_Lx   1.35 Loss_Lu 0.01367
16:41:25 Epoch 237 Test Acc: 94.02
16:41:27 Epoch 237  EMA Test Acc: 93.97
Loss   1.43 Loss_Lx   1.36 Loss_Lu 0.01404
16:43:12 Epoch 238 Test Acc: 93.87
16:43:15 Epoch 238  EMA Test Acc: 94.02
Loss   1.35 Loss_Lx   1.28 Loss_Lu 0.01322
16:45:00 Epoch 239 Test Acc: 93.91
16:45:03 Epoch 239  EMA Test Acc: 94.02
Loss   1.38 Loss_Lx   1.32 Loss_Lu 0.01296
16:46:48 Epoch 240 Test Acc: 94.14
16:46:50 Epoch 240  EMA Test Acc: 94.16
Loss   1.39 Loss_Lx   1.32 Loss_Lu 0.01343
16:48:36 Epoch 241 Test Acc: 94.2
16:48:38 Epoch 241  EMA Test Acc: 94.0
Loss   1.33 Loss_Lx   1.27 Loss_Lu 0.01250
16:50:24 Epoch 242 Test Acc: 94.07
16:50:26 Epoch 242  EMA Test Acc: 94.18
Loss   1.38 Loss_Lx   1.31 Loss_Lu 0.01330
16:52:11 Epoch 243 Test Acc: 94.22
16:52:14 Epoch 243  EMA Test Acc: 94.21
Loss   1.37 Loss_Lx   1.31 Loss_Lu 0.01325
16:53:59 Epoch 244 Test Acc: 93.95
16:54:02 Epoch 244  EMA Test Acc: 94.11
Loss   1.44 Loss_Lx   1.37 Loss_Lu 0.01382
16:55:47 Epoch 245 Test Acc: 94.1
16:55:50 Epoch 245  EMA Test Acc: 93.92
Loss   1.38 Loss_Lx   1.31 Loss_Lu 0.01323
16:57:35 Epoch 246 Test Acc: 94.1
16:57:37 Epoch 246  EMA Test Acc: 94.08
Loss   1.41 Loss_Lx   1.34 Loss_Lu 0.01335
16:59:23 Epoch 247 Test Acc: 94.09
16:59:26 Epoch 247  EMA Test Acc: 94.0
Loss   1.29 Loss_Lx   1.23 Loss_Lu 0.01212
17:01:11 Epoch 248 Test Acc: 93.85
17:01:13 Epoch 248  EMA Test Acc: 94.02
Loss   1.37 Loss_Lx   1.30 Loss_Lu 0.01303
17:02:59 Epoch 249 Test Acc: 93.89
17:03:01 Epoch 249  EMA Test Acc: 93.86
Loss   1.38 Loss_Lx   1.31 Loss_Lu 0.01317
17:04:47 Epoch 250 Test Acc: 93.76
17:04:49 Epoch 250  EMA Test Acc: 94.0
Loss   1.39 Loss_Lx   1.32 Loss_Lu 0.01333
17:06:35 Epoch 251 Test Acc: 94.14
17:06:37 Epoch 251  EMA Test Acc: 94.0
Loss   1.27 Loss_Lx   1.21 Loss_Lu 0.01162
17:08:23 Epoch 252 Test Acc: 94.1
17:08:25 Epoch 252  EMA Test Acc: 93.99
Loss   1.35 Loss_Lx   1.28 Loss_Lu 0.01297
17:10:10 Epoch 253 Test Acc: 93.88
17:10:13 Epoch 253  EMA Test Acc: 93.99
Loss   1.37 Loss_Lx   1.30 Loss_Lu 0.01288
17:11:58 Epoch 254 Test Acc: 94.12
17:12:00 Epoch 254  EMA Test Acc: 94.16
Loss   1.39 Loss_Lx   1.32 Loss_Lu 0.01321
17:13:46 Epoch 255 Test Acc: 94.0
17:13:48 Epoch 255  EMA Test Acc: 94.23
Loss   1.32 Loss_Lx   1.26 Loss_Lu 0.01245
17:15:34 Epoch 256 Test Acc: 94.02
17:15:36 Epoch 256  EMA Test Acc: 94.29
Loss   1.33 Loss_Lx   1.27 Loss_Lu 0.01272
17:17:22 Epoch 257 Test Acc: 94.08
17:17:25 Epoch 257  EMA Test Acc: 94.0
Loss   1.37 Loss_Lx   1.31 Loss_Lu 0.01289
17:19:10 Epoch 258 Test Acc: 94.11
17:19:13 Epoch 258  EMA Test Acc: 94.11
Loss   1.35 Loss_Lx   1.28 Loss_Lu 0.01304
17:20:59 Epoch 259 Test Acc: 94.15
17:21:01 Epoch 259  EMA Test Acc: 94.1
Loss   1.38 Loss_Lx   1.32 Loss_Lu 0.01312
17:22:46 Epoch 260 Test Acc: 94.02
17:22:49 Epoch 260  EMA Test Acc: 94.16
Loss   1.41 Loss_Lx   1.34 Loss_Lu 0.01353
17:24:35 Epoch 261 Test Acc: 94.14
17:24:37 Epoch 261  EMA Test Acc: 94.17
Loss   1.36 Loss_Lx   1.29 Loss_Lu 0.01281
17:26:23 Epoch 262 Test Acc: 94.04
17:26:25 Epoch 262  EMA Test Acc: 94.21
Loss   1.39 Loss_Lx   1.33 Loss_Lu 0.01316
17:28:10 Epoch 263 Test Acc: 94.27
17:28:13 Epoch 263  EMA Test Acc: 94.12
Loss   1.40 Loss_Lx   1.33 Loss_Lu 0.01319
17:29:58 Epoch 264 Test Acc: 94.2
17:30:01 Epoch 264  EMA Test Acc: 94.12
Loss   1.40 Loss_Lx   1.33 Loss_Lu 0.01349
17:31:46 Epoch 265 Test Acc: 94.35
17:31:48 Epoch 265  EMA Test Acc: 94.22
Loss   1.37 Loss_Lx   1.31 Loss_Lu 0.01275
17:33:34 Epoch 266 Test Acc: 94.15
17:33:37 Epoch 266  EMA Test Acc: 94.17
Loss   1.38 Loss_Lx   1.32 Loss_Lu 0.01294
17:35:22 Epoch 267 Test Acc: 94.16
17:35:25 Epoch 267  EMA Test Acc: 94.29
Loss   1.33 Loss_Lx   1.27 Loss_Lu 0.01260
17:37:10 Epoch 268 Test Acc: 94.29
17:37:12 Epoch 268  EMA Test Acc: 94.37
Loss   1.42 Loss_Lx   1.35 Loss_Lu 0.01366
17:38:58 Epoch 269 Test Acc: 94.27
17:39:00 Epoch 269  EMA Test Acc: 94.25
Loss   1.41 Loss_Lx   1.35 Loss_Lu 0.01303
17:40:46 Epoch 270 Test Acc: 94.24
17:40:48 Epoch 270  EMA Test Acc: 94.24
Loss   1.39 Loss_Lx   1.33 Loss_Lu 0.01317
17:42:33 Epoch 271 Test Acc: 94.28
17:42:36 Epoch 271  EMA Test Acc: 94.25
Loss   1.41 Loss_Lx   1.34 Loss_Lu 0.01333
17:44:21 Epoch 272 Test Acc: 94.07
17:44:24 Epoch 272  EMA Test Acc: 94.29
Loss   1.44 Loss_Lx   1.37 Loss_Lu 0.01360
17:46:09 Epoch 273 Test Acc: 94.05
17:46:12 Epoch 273  EMA Test Acc: 94.24
Loss   1.40 Loss_Lx   1.34 Loss_Lu 0.01336
17:47:57 Epoch 274 Test Acc: 94.23
17:48:00 Epoch 274  EMA Test Acc: 94.07
Loss   1.33 Loss_Lx   1.27 Loss_Lu 0.01251
17:49:45 Epoch 275 Test Acc: 94.16
17:49:48 Epoch 275  EMA Test Acc: 94.22
Loss   1.36 Loss_Lx   1.30 Loss_Lu 0.01267
17:51:33 Epoch 276 Test Acc: 94.2
17:51:35 Epoch 276  EMA Test Acc: 94.04
Loss   1.35 Loss_Lx   1.28 Loss_Lu 0.01237
17:53:21 Epoch 277 Test Acc: 94.11
17:53:24 Epoch 277  EMA Test Acc: 94.15
Loss   1.42 Loss_Lx   1.35 Loss_Lu 0.01362
17:55:09 Epoch 278 Test Acc: 94.15
17:55:12 Epoch 278  EMA Test Acc: 94.1
Loss   1.33 Loss_Lx   1.27 Loss_Lu 0.01261
17:56:57 Epoch 279 Test Acc: 94.21
17:57:00 Epoch 279  EMA Test Acc: 94.2
Loss   1.31 Loss_Lx   1.25 Loss_Lu 0.01226
17:58:45 Epoch 280 Test Acc: 94.27
17:58:48 Epoch 280  EMA Test Acc: 94.12
Loss   1.39 Loss_Lx   1.33 Loss_Lu 0.01294
18:00:33 Epoch 281 Test Acc: 94.32
18:00:35 Epoch 281  EMA Test Acc: 94.38
Loss   1.38 Loss_Lx   1.31 Loss_Lu 0.01285
18:02:21 Epoch 282 Test Acc: 94.19
18:02:23 Epoch 282  EMA Test Acc: 94.32
Loss   1.41 Loss_Lx   1.34 Loss_Lu 0.01295
18:04:09 Epoch 283 Test Acc: 94.27
18:04:11 Epoch 283  EMA Test Acc: 94.3
Loss   1.36 Loss_Lx   1.30 Loss_Lu 0.01266
18:05:56 Epoch 284 Test Acc: 94.22
18:05:59 Epoch 284  EMA Test Acc: 94.16
Loss   1.39 Loss_Lx   1.32 Loss_Lu 0.01287
18:07:45 Epoch 285 Test Acc: 93.96
18:07:47 Epoch 285  EMA Test Acc: 94.37
Loss   1.36 Loss_Lx   1.29 Loss_Lu 0.01269
18:09:33 Epoch 286 Test Acc: 94.04
18:09:35 Epoch 286  EMA Test Acc: 94.15
Loss   1.39 Loss_Lx   1.32 Loss_Lu 0.01323
18:11:21 Epoch 287 Test Acc: 94.07
18:11:23 Epoch 287  EMA Test Acc: 94.21
Loss   1.35 Loss_Lx   1.29 Loss_Lu 0.01223
18:13:09 Epoch 288 Test Acc: 94.38
18:13:11 Epoch 288  EMA Test Acc: 94.22
Loss   1.35 Loss_Lx   1.29 Loss_Lu 0.01291
18:14:57 Epoch 289 Test Acc: 94.16
18:14:59 Epoch 289  EMA Test Acc: 94.11
Loss   1.37 Loss_Lx   1.31 Loss_Lu 0.01294
18:16:45 Epoch 290 Test Acc: 94.08
18:16:47 Epoch 290  EMA Test Acc: 94.27
Loss   1.38 Loss_Lx   1.31 Loss_Lu 0.01304
18:18:32 Epoch 291 Test Acc: 94.05
18:18:35 Epoch 291  EMA Test Acc: 94.08
Loss   1.36 Loss_Lx   1.30 Loss_Lu 0.01251
18:20:21 Epoch 292 Test Acc: 94.23
18:20:23 Epoch 292  EMA Test Acc: 94.09
Loss   1.35 Loss_Lx   1.29 Loss_Lu 0.01275
18:22:09 Epoch 293 Test Acc: 94.22
18:22:11 Epoch 293  EMA Test Acc: 94.06
Loss   1.40 Loss_Lx   1.33 Loss_Lu 0.01304
18:23:57 Epoch 294 Test Acc: 94.06
18:23:59 Epoch 294  EMA Test Acc: 94.09
Loss   1.38 Loss_Lx   1.31 Loss_Lu 0.01260
18:25:44 Epoch 295 Test Acc: 94.08
18:25:47 Epoch 295  EMA Test Acc: 94.26
Loss   1.35 Loss_Lx   1.29 Loss_Lu 0.01239
18:27:32 Epoch 296 Test Acc: 94.24
18:27:34 Epoch 296  EMA Test Acc: 94.18
Loss   1.39 Loss_Lx   1.32 Loss_Lu 0.01291
18:29:20 Epoch 297 Test Acc: 94.14
18:29:22 Epoch 297  EMA Test Acc: 93.91
Loss   1.39 Loss_Lx   1.33 Loss_Lu 0.01294
18:31:08 Epoch 298 Test Acc: 94.2
18:31:10 Epoch 298  EMA Test Acc: 94.18
Loss   1.32 Loss_Lx   1.26 Loss_Lu 0.01204
18:32:56 Epoch 299 Test Acc: 94.05
18:32:58 Epoch 299  EMA Test Acc: 94.11
18:32:58 Best Test Acc: 94.38477325439453
