Sun Jul 10 09:52:45 2022       
+-----------------------------------------------------------------------------+
| NVIDIA-SMI 515.48.07    Driver Version: 515.48.07    CUDA Version: 11.7     |
|-------------------------------+----------------------+----------------------+
| GPU  Name        Persistence-M| Bus-Id        Disp.A | Volatile Uncorr. ECC |
| Fan  Temp  Perf  Pwr:Usage/Cap|         Memory-Usage | GPU-Util  Compute M. |
|                               |                      |               MIG M. |
|===============================+======================+======================|
|   0  NVIDIA A100-SXM...  Off  | 00000000:6B:00.0 Off |                    0 |
| N/A   32C    P0    70W / 400W |      4MiB / 81920MiB |      0%   E. Process |
|                               |                      |             Disabled |
+-------------------------------+----------------------+----------------------+
|   1  NVIDIA A100-SXM...  Off  | 00000000:71:00.0 Off |                    0 |
| N/A   34C    P0    68W / 400W |      4MiB / 81920MiB |      0%   E. Process |
|                               |                      |             Disabled |
+-------------------------------+----------------------+----------------------+
|   2  NVIDIA A100-SXM...  Off  | 00000000:8A:00.0 Off |                    0 |
| N/A   33C    P0    70W / 400W |      4MiB / 81920MiB |      0%   E. Process |
|                               |                      |             Disabled |
+-------------------------------+----------------------+----------------------+
|   3  NVIDIA A100-SXM...  Off  | 00000000:8E:00.0 Off |                    0 |
| N/A   31C    P0    69W / 400W |      4MiB / 81920MiB |      0%   E. Process |
|                               |                      |             Disabled |
+-------------------------------+----------------------+----------------------+
                                                                               
+-----------------------------------------------------------------------------+
| Processes:                                                                  |
|  GPU   GI   CI        PID   Type   Process name                  GPU Memory |
|        ID   ID                                                   Usage      |
|=============================================================================|
|    0   N/A  N/A      3513      G   /usr/lib/xorg/Xorg                  4MiB |
|    1   N/A  N/A      3513      G   /usr/lib/xorg/Xorg                  4MiB |
|    2   N/A  N/A      3513      G   /usr/lib/xorg/Xorg                  4MiB |
|    3   N/A  N/A      3513      G   /usr/lib/xorg/Xorg                  4MiB |
+-----------------------------------------------------------------------------+
Namespace(PES_lr=0.0001, T=0.5, T1=0, T2=5, alpha=4, batch_size=128, data_path='./data', data_percent=1, dataset='CIFAR10', ema=0.997, lambda_u=0, lr=0.02, noise_type='worse_label', num_epochs=300, optim='cos', seed=4, weight_decay=0.0005)
Files already downloaded and verified
Files already downloaded and verified
Train Epoch: [0][  0/390]	Time   0.10	Data   0.00	Loss   4.21	Acc@1  23.54
09:53:39 Epoch 0 Test Acc: 33.94
09:53:41 Epoch 0  EMA Test Acc: 10.5
Train Epoch: [1][  0/390]	Time   0.10	Data   0.00	Loss   3.88	Acc@1  30.86
09:54:24 Epoch 1 Test Acc: 39.94
09:54:26 Epoch 1  EMA Test Acc: 31.12
Train Epoch: [2][  0/390]	Time   0.10	Data   0.00	Loss   3.71	Acc@1  35.31
09:55:09 Epoch 2 Test Acc: 50.42
09:55:11 Epoch 2  EMA Test Acc: 18.94
Train Epoch: [3][  0/390]	Time   0.10	Data   0.00	Loss   3.54	Acc@1  39.41
09:55:54 Epoch 3 Test Acc: 61.0
09:55:56 Epoch 3  EMA Test Acc: 48.07
Train Epoch: [4][  0/390]	Time   0.10	Data   0.00	Loss   3.42	Acc@1  42.43
09:56:39 Epoch 4 Test Acc: 61.67
09:56:41 Epoch 4  EMA Test Acc: 59.52
Train Epoch: [5][  0/390]	Time   0.10	Data   0.00	Loss   3.37	Acc@1  43.54
09:57:24 Epoch 5 Test Acc: 65.99
09:57:26 Epoch 5  EMA Test Acc: 59.25
Train Epoch: [6][  0/390]	Time   0.10	Data   0.00	Loss   3.32	Acc@1  45.09
09:58:09 Epoch 6 Test Acc: 54.95
09:58:11 Epoch 6  EMA Test Acc: 63.56
Train Epoch: [7][  0/390]	Time   0.10	Data   0.00	Loss   3.25	Acc@1  46.84
09:58:54 Epoch 7 Test Acc: 68.38
09:58:56 Epoch 7  EMA Test Acc: 71.15
Train Epoch: [8][  0/390]	Time   0.10	Data   0.00	Loss   3.19	Acc@1  48.14
09:59:39 Epoch 8 Test Acc: 72.19
09:59:41 Epoch 8  EMA Test Acc: 68.09
Train Epoch: [9][  0/390]	Time   0.10	Data   0.00	Loss   3.14	Acc@1  49.38
10:00:24 Epoch 9 Test Acc: 69.26
10:00:26 Epoch 9  EMA Test Acc: 72.26
Train Epoch: [10][  0/390]	Time   0.10	Data   0.00	Loss   3.13	Acc@1  49.76
10:01:09 Epoch 10 Test Acc: 70.53
10:01:11 Epoch 10  EMA Test Acc: 73.53
Train Epoch: [11][  0/390]	Time   0.10	Data   0.00	Loss   3.11	Acc@1  50.35
10:01:54 Epoch 11 Test Acc: 74.38
10:01:56 Epoch 11  EMA Test Acc: 73.41
Train Epoch: [12][  0/390]	Time   0.10	Data   0.00	Loss   3.06	Acc@1  51.23
10:02:39 Epoch 12 Test Acc: 76.51
10:02:41 Epoch 12  EMA Test Acc: 77.73
Train Epoch: [13][  0/390]	Time   0.10	Data   0.00	Loss   3.04	Acc@1  51.63
10:03:23 Epoch 13 Test Acc: 73.46
10:03:26 Epoch 13  EMA Test Acc: 72.43
Train Epoch: [14][  0/390]	Time   0.10	Data   0.00	Loss   3.02	Acc@1  52.19
10:04:08 Epoch 14 Test Acc: 74.91
10:04:11 Epoch 14  EMA Test Acc: 75.95
Train Epoch: [15][  0/390]	Time   0.10	Data   0.00	Loss   2.99	Acc@1  52.95
10:04:53 Epoch 15 Test Acc: 76.04
10:04:56 Epoch 15  EMA Test Acc: 70.27
Train Epoch: [16][  0/390]	Time   0.10	Data   0.00	Loss   2.99	Acc@1  53.07
10:05:38 Epoch 16 Test Acc: 75.57
10:05:41 Epoch 16  EMA Test Acc: 77.51
Train Epoch: [17][  0/390]	Time   0.10	Data   0.00	Loss   2.97	Acc@1  53.32
10:06:23 Epoch 17 Test Acc: 75.49
10:06:26 Epoch 17  EMA Test Acc: 79.09
Train Epoch: [18][  0/390]	Time   0.10	Data   0.00	Loss   2.96	Acc@1  53.76
10:07:08 Epoch 18 Test Acc: 76.41
10:07:11 Epoch 18  EMA Test Acc: 78.03
Train Epoch: [19][  0/390]	Time   0.10	Data   0.00	Loss   2.94	Acc@1  54.01
10:07:53 Epoch 19 Test Acc: 76.19
10:07:55 Epoch 19  EMA Test Acc: 80.81
re-initalize the final layer
Train Epoch: [0][  0/390]	Time   0.05	Data   0.00	Loss   3.54	Acc@1  53.43
10:08:17 Epoch 0 Test Acc: 79.15
Train Epoch: [1][  0/390]	Time   0.05	Data   0.00	Loss   3.09	Acc@1  54.79
10:08:38 Epoch 1 Test Acc: 79.96
Train Epoch: [2][  0/390]	Time   0.05	Data   0.00	Loss   2.95	Acc@1  55.11
10:08:59 Epoch 2 Test Acc: 79.51
Train Epoch: [3][  0/390]	Time   0.05	Data   0.00	Loss   2.91	Acc@1  55.14
10:09:21 Epoch 3 Test Acc: 79.58
Train Epoch: [4][  0/390]	Time   0.05	Data   0.00	Loss   2.89	Acc@1  55.14
10:09:42 Epoch 4 Test Acc: 79.78
Loss   3.17 Loss_Lx   3.17 Loss_Lu 0.03632
10:11:28 Epoch 20 Test Acc: 80.18
10:11:31 Epoch 20  EMA Test Acc: 76.99
Loss   3.05 Loss_Lx   3.04 Loss_Lu 0.03462
10:13:17 Epoch 21 Test Acc: 80.96
10:13:20 Epoch 21  EMA Test Acc: 78.72
Loss   2.97 Loss_Lx   2.94 Loss_Lu 0.03362
10:15:06 Epoch 22 Test Acc: 80.74
10:15:08 Epoch 22  EMA Test Acc: 73.78
Loss   2.96 Loss_Lx   2.92 Loss_Lu 0.03331
10:16:55 Epoch 23 Test Acc: 81.61
10:16:57 Epoch 23  EMA Test Acc: 76.42
Loss   2.91 Loss_Lx   2.86 Loss_Lu 0.03274
10:18:44 Epoch 24 Test Acc: 80.21
10:18:46 Epoch 24  EMA Test Acc: 80.36
Loss   2.91 Loss_Lx   2.85 Loss_Lu 0.03236
10:20:33 Epoch 25 Test Acc: 82.99
10:20:35 Epoch 25  EMA Test Acc: 79.59
Loss   2.91 Loss_Lx   2.85 Loss_Lu 0.03280
10:22:21 Epoch 26 Test Acc: 82.35
10:22:24 Epoch 26  EMA Test Acc: 81.41
Loss   2.88 Loss_Lx   2.80 Loss_Lu 0.03193
10:24:10 Epoch 27 Test Acc: 82.42
10:24:13 Epoch 27  EMA Test Acc: 82.37
Loss   2.89 Loss_Lx   2.80 Loss_Lu 0.03204
10:25:59 Epoch 28 Test Acc: 82.66
10:26:01 Epoch 28  EMA Test Acc: 81.18
Loss   2.86 Loss_Lx   2.77 Loss_Lu 0.03152
10:27:47 Epoch 29 Test Acc: 83.04
10:27:50 Epoch 29  EMA Test Acc: 83.62
Loss   2.86 Loss_Lx   2.75 Loss_Lu 0.03156
10:29:36 Epoch 30 Test Acc: 82.91
10:29:39 Epoch 30  EMA Test Acc: 82.71
Loss   2.90 Loss_Lx   2.79 Loss_Lu 0.03151
10:31:25 Epoch 31 Test Acc: 83.62
10:31:27 Epoch 31  EMA Test Acc: 84.08
Loss   2.84 Loss_Lx   2.72 Loss_Lu 0.03079
10:33:14 Epoch 32 Test Acc: 84.16
10:33:16 Epoch 32  EMA Test Acc: 84.16
Loss   2.86 Loss_Lx   2.72 Loss_Lu 0.03155
10:35:03 Epoch 33 Test Acc: 84.41
10:35:05 Epoch 33  EMA Test Acc: 84.18
Loss   2.87 Loss_Lx   2.73 Loss_Lu 0.03130
10:36:51 Epoch 34 Test Acc: 85.11
10:36:54 Epoch 34  EMA Test Acc: 84.82
Loss   2.84 Loss_Lx   2.69 Loss_Lu 0.03074
10:38:40 Epoch 35 Test Acc: 85.08
10:38:42 Epoch 35  EMA Test Acc: 85.67
Loss   2.85 Loss_Lx   2.70 Loss_Lu 0.03069
10:40:28 Epoch 36 Test Acc: 85.97
10:40:31 Epoch 36  EMA Test Acc: 84.16
Loss   2.82 Loss_Lx   2.67 Loss_Lu 0.03063
10:42:16 Epoch 37 Test Acc: 86.38
10:42:19 Epoch 37  EMA Test Acc: 84.85
Loss   2.79 Loss_Lx   2.64 Loss_Lu 0.03069
10:44:04 Epoch 38 Test Acc: 86.34
10:44:07 Epoch 38  EMA Test Acc: 85.14
Loss   2.76 Loss_Lx   2.61 Loss_Lu 0.03036
10:45:52 Epoch 39 Test Acc: 85.86
10:45:55 Epoch 39  EMA Test Acc: 83.93
Loss   2.76 Loss_Lx   2.61 Loss_Lu 0.03040
10:47:41 Epoch 40 Test Acc: 86.76
10:47:43 Epoch 40  EMA Test Acc: 86.48
Loss   2.74 Loss_Lx   2.59 Loss_Lu 0.03014
10:49:28 Epoch 41 Test Acc: 87.15
10:49:31 Epoch 41  EMA Test Acc: 86.72
Loss   2.75 Loss_Lx   2.59 Loss_Lu 0.03047
10:51:18 Epoch 42 Test Acc: 86.83
10:51:20 Epoch 42  EMA Test Acc: 88.11
Loss   2.76 Loss_Lx   2.60 Loss_Lu 0.03063
10:53:07 Epoch 43 Test Acc: 87.78
10:53:10 Epoch 43  EMA Test Acc: 86.84
Loss   2.74 Loss_Lx   2.59 Loss_Lu 0.03052
10:54:57 Epoch 44 Test Acc: 87.55
10:54:59 Epoch 44  EMA Test Acc: 87.18
Loss   2.74 Loss_Lx   2.59 Loss_Lu 0.03044
10:56:46 Epoch 45 Test Acc: 87.04
10:56:48 Epoch 45  EMA Test Acc: 87.26
Loss   2.72 Loss_Lx   2.57 Loss_Lu 0.03038
10:58:35 Epoch 46 Test Acc: 87.95
10:58:38 Epoch 46  EMA Test Acc: 88.04
Loss   2.70 Loss_Lx   2.55 Loss_Lu 0.03019
11:00:25 Epoch 47 Test Acc: 87.34
11:00:27 Epoch 47  EMA Test Acc: 86.13
Loss   2.70 Loss_Lx   2.55 Loss_Lu 0.02990
11:02:14 Epoch 48 Test Acc: 88.31
11:02:17 Epoch 48  EMA Test Acc: 88.89
Loss   2.69 Loss_Lx   2.53 Loss_Lu 0.03032
11:04:04 Epoch 49 Test Acc: 88.23
11:04:06 Epoch 49  EMA Test Acc: 88.45
Loss   2.69 Loss_Lx   2.54 Loss_Lu 0.03028
11:05:53 Epoch 50 Test Acc: 88.25
11:05:55 Epoch 50  EMA Test Acc: 89.57
Loss   2.67 Loss_Lx   2.52 Loss_Lu 0.03027
11:07:42 Epoch 51 Test Acc: 88.0
11:07:44 Epoch 51  EMA Test Acc: 88.8
Loss   2.66 Loss_Lx   2.51 Loss_Lu 0.03012
11:09:32 Epoch 52 Test Acc: 88.99
11:09:34 Epoch 52  EMA Test Acc: 89.6
Loss   2.65 Loss_Lx   2.50 Loss_Lu 0.03025
11:11:21 Epoch 53 Test Acc: 89.38
11:11:23 Epoch 53  EMA Test Acc: 89.74
Loss   2.65 Loss_Lx   2.50 Loss_Lu 0.02993
11:13:09 Epoch 54 Test Acc: 87.4
11:13:12 Epoch 54  EMA Test Acc: 89.92
Loss   2.63 Loss_Lx   2.48 Loss_Lu 0.03049
11:14:58 Epoch 55 Test Acc: 88.5
11:15:01 Epoch 55  EMA Test Acc: 89.78
Loss   2.65 Loss_Lx   2.50 Loss_Lu 0.03056
11:16:47 Epoch 56 Test Acc: 87.68
11:16:49 Epoch 56  EMA Test Acc: 90.07
Loss   2.63 Loss_Lx   2.48 Loss_Lu 0.03031
11:18:35 Epoch 57 Test Acc: 89.76
11:18:38 Epoch 57  EMA Test Acc: 89.93
Loss   2.66 Loss_Lx   2.50 Loss_Lu 0.03072
11:20:24 Epoch 58 Test Acc: 89.23
11:20:26 Epoch 58  EMA Test Acc: 90.1
Loss   2.62 Loss_Lx   2.47 Loss_Lu 0.03023
11:22:12 Epoch 59 Test Acc: 89.82
11:22:15 Epoch 59  EMA Test Acc: 90.69
Loss   2.58 Loss_Lx   2.43 Loss_Lu 0.03004
11:24:01 Epoch 60 Test Acc: 90.02
11:24:03 Epoch 60  EMA Test Acc: 90.4
Loss   2.60 Loss_Lx   2.45 Loss_Lu 0.03008
11:25:49 Epoch 61 Test Acc: 89.76
11:25:52 Epoch 61  EMA Test Acc: 90.14
Loss   2.58 Loss_Lx   2.43 Loss_Lu 0.02998
11:27:38 Epoch 62 Test Acc: 89.79
11:27:40 Epoch 62  EMA Test Acc: 91.1
Loss   2.58 Loss_Lx   2.43 Loss_Lu 0.03017
11:29:26 Epoch 63 Test Acc: 90.32
11:29:29 Epoch 63  EMA Test Acc: 90.59
Loss   2.58 Loss_Lx   2.43 Loss_Lu 0.02994
11:31:15 Epoch 64 Test Acc: 89.62
11:31:17 Epoch 64  EMA Test Acc: 89.05
Loss   2.58 Loss_Lx   2.43 Loss_Lu 0.03006
11:33:03 Epoch 65 Test Acc: 90.07
11:33:06 Epoch 65  EMA Test Acc: 90.87
Loss   2.58 Loss_Lx   2.43 Loss_Lu 0.02985
11:34:50 Epoch 66 Test Acc: 90.53
11:34:53 Epoch 66  EMA Test Acc: 91.36
Loss   2.53 Loss_Lx   2.39 Loss_Lu 0.02925
11:36:38 Epoch 67 Test Acc: 90.77
11:36:40 Epoch 67  EMA Test Acc: 90.95
Loss   2.58 Loss_Lx   2.43 Loss_Lu 0.02994
11:38:25 Epoch 68 Test Acc: 89.82
11:38:28 Epoch 68  EMA Test Acc: 90.83
Loss   2.56 Loss_Lx   2.42 Loss_Lu 0.02964
11:40:13 Epoch 69 Test Acc: 90.16
11:40:15 Epoch 69  EMA Test Acc: 90.76
Loss   2.54 Loss_Lx   2.39 Loss_Lu 0.02955
11:42:00 Epoch 70 Test Acc: 89.86
11:42:03 Epoch 70  EMA Test Acc: 91.14
Loss   2.56 Loss_Lx   2.41 Loss_Lu 0.02974
11:43:48 Epoch 71 Test Acc: 90.5
11:43:50 Epoch 71  EMA Test Acc: 89.6
Loss   2.52 Loss_Lx   2.38 Loss_Lu 0.02920
11:45:36 Epoch 72 Test Acc: 90.67
11:45:38 Epoch 72  EMA Test Acc: 91.3
Loss   2.53 Loss_Lx   2.39 Loss_Lu 0.02938
11:47:23 Epoch 73 Test Acc: 90.21
11:47:25 Epoch 73  EMA Test Acc: 91.1
Loss   2.53 Loss_Lx   2.38 Loss_Lu 0.02941
11:49:10 Epoch 74 Test Acc: 90.65
11:49:12 Epoch 74  EMA Test Acc: 90.89
Loss   2.54 Loss_Lx   2.39 Loss_Lu 0.02960
11:50:57 Epoch 75 Test Acc: 90.9
11:51:00 Epoch 75  EMA Test Acc: 90.74
Loss   2.53 Loss_Lx   2.38 Loss_Lu 0.02916
11:52:44 Epoch 76 Test Acc: 90.59
11:52:47 Epoch 76  EMA Test Acc: 91.39
Loss   2.52 Loss_Lx   2.38 Loss_Lu 0.02943
11:54:32 Epoch 77 Test Acc: 89.91
11:54:34 Epoch 77  EMA Test Acc: 90.82
Loss   2.49 Loss_Lx   2.35 Loss_Lu 0.02936
11:56:20 Epoch 78 Test Acc: 90.73
11:56:22 Epoch 78  EMA Test Acc: 88.59
Loss   2.50 Loss_Lx   2.35 Loss_Lu 0.02901
11:58:07 Epoch 79 Test Acc: 90.11
11:58:10 Epoch 79  EMA Test Acc: 90.96
Loss   2.51 Loss_Lx   2.37 Loss_Lu 0.02890
11:59:55 Epoch 80 Test Acc: 90.7
11:59:57 Epoch 80  EMA Test Acc: 90.39
Loss   2.48 Loss_Lx   2.34 Loss_Lu 0.02914
12:01:42 Epoch 81 Test Acc: 91.37
12:01:44 Epoch 81  EMA Test Acc: 92.15
Loss   2.47 Loss_Lx   2.33 Loss_Lu 0.02869
12:03:29 Epoch 82 Test Acc: 90.85
12:03:31 Epoch 82  EMA Test Acc: 92.06
Loss   2.48 Loss_Lx   2.34 Loss_Lu 0.02905
12:05:16 Epoch 83 Test Acc: 91.17
12:05:18 Epoch 83  EMA Test Acc: 91.75
Loss   2.48 Loss_Lx   2.33 Loss_Lu 0.02908
12:07:03 Epoch 84 Test Acc: 91.09
12:07:06 Epoch 84  EMA Test Acc: 91.92
Loss   2.47 Loss_Lx   2.33 Loss_Lu 0.02887
12:08:51 Epoch 85 Test Acc: 90.54
12:08:53 Epoch 85  EMA Test Acc: 92.4
Loss   2.47 Loss_Lx   2.33 Loss_Lu 0.02879
12:10:38 Epoch 86 Test Acc: 90.66
12:10:40 Epoch 86  EMA Test Acc: 91.9
Loss   2.44 Loss_Lx   2.30 Loss_Lu 0.02849
12:12:24 Epoch 87 Test Acc: 91.91
12:12:27 Epoch 87  EMA Test Acc: 91.43
Loss   2.46 Loss_Lx   2.32 Loss_Lu 0.02865
12:14:11 Epoch 88 Test Acc: 91.19
12:14:14 Epoch 88  EMA Test Acc: 91.58
Loss   2.46 Loss_Lx   2.32 Loss_Lu 0.02865
12:15:58 Epoch 89 Test Acc: 91.72
12:16:01 Epoch 89  EMA Test Acc: 91.7
Loss   2.46 Loss_Lx   2.31 Loss_Lu 0.02863
12:17:45 Epoch 90 Test Acc: 91.46
12:17:48 Epoch 90  EMA Test Acc: 92.41
Loss   2.45 Loss_Lx   2.30 Loss_Lu 0.02851
12:19:32 Epoch 91 Test Acc: 90.99
12:19:35 Epoch 91  EMA Test Acc: 90.71
Loss   2.44 Loss_Lx   2.30 Loss_Lu 0.02823
12:21:19 Epoch 92 Test Acc: 91.3
12:21:22 Epoch 92  EMA Test Acc: 92.5
Loss   2.47 Loss_Lx   2.32 Loss_Lu 0.02849
12:23:06 Epoch 93 Test Acc: 91.35
12:23:09 Epoch 93  EMA Test Acc: 92.31
Loss   2.41 Loss_Lx   2.27 Loss_Lu 0.02800
12:24:53 Epoch 94 Test Acc: 90.87
12:24:56 Epoch 94  EMA Test Acc: 91.69
Loss   2.43 Loss_Lx   2.29 Loss_Lu 0.02841
12:26:40 Epoch 95 Test Acc: 91.39
12:26:43 Epoch 95  EMA Test Acc: 92.5
Loss   2.41 Loss_Lx   2.27 Loss_Lu 0.02813
12:28:28 Epoch 96 Test Acc: 91.9
12:28:30 Epoch 96  EMA Test Acc: 92.26
Loss   2.40 Loss_Lx   2.26 Loss_Lu 0.02770
12:30:15 Epoch 97 Test Acc: 91.69
12:30:18 Epoch 97  EMA Test Acc: 91.49
Loss   2.42 Loss_Lx   2.28 Loss_Lu 0.02795
12:32:03 Epoch 98 Test Acc: 91.71
12:32:05 Epoch 98  EMA Test Acc: 92.05
Loss   2.42 Loss_Lx   2.28 Loss_Lu 0.02827
12:33:50 Epoch 99 Test Acc: 91.17
12:33:53 Epoch 99  EMA Test Acc: 90.66
Loss   2.41 Loss_Lx   2.27 Loss_Lu 0.02840
12:35:37 Epoch 100 Test Acc: 91.48
12:35:40 Epoch 100  EMA Test Acc: 92.29
Loss   2.42 Loss_Lx   2.28 Loss_Lu 0.02816
12:37:24 Epoch 101 Test Acc: 92.14
12:37:27 Epoch 101  EMA Test Acc: 92.29
Loss   2.39 Loss_Lx   2.25 Loss_Lu 0.02761
12:39:11 Epoch 102 Test Acc: 91.22
12:39:14 Epoch 102  EMA Test Acc: 92.07
Loss   2.38 Loss_Lx   2.24 Loss_Lu 0.02765
12:40:58 Epoch 103 Test Acc: 92.06
12:41:01 Epoch 103  EMA Test Acc: 91.18
Loss   2.39 Loss_Lx   2.26 Loss_Lu 0.02750
12:42:45 Epoch 104 Test Acc: 91.94
12:42:48 Epoch 104  EMA Test Acc: 92.22
Loss   2.37 Loss_Lx   2.23 Loss_Lu 0.02760
12:44:33 Epoch 105 Test Acc: 91.94
12:44:35 Epoch 105  EMA Test Acc: 91.64
Loss   2.38 Loss_Lx   2.24 Loss_Lu 0.02783
12:46:20 Epoch 106 Test Acc: 92.12
12:46:22 Epoch 106  EMA Test Acc: 92.81
Loss   2.40 Loss_Lx   2.26 Loss_Lu 0.02794
12:48:07 Epoch 107 Test Acc: 91.72
12:48:10 Epoch 107  EMA Test Acc: 92.99
Loss   2.41 Loss_Lx   2.27 Loss_Lu 0.02803
12:49:55 Epoch 108 Test Acc: 92.17
12:49:57 Epoch 108  EMA Test Acc: 92.9
Loss   2.36 Loss_Lx   2.23 Loss_Lu 0.02730
12:51:42 Epoch 109 Test Acc: 92.37
12:51:45 Epoch 109  EMA Test Acc: 92.91
Loss   2.37 Loss_Lx   2.23 Loss_Lu 0.02726
12:53:30 Epoch 110 Test Acc: 92.18
12:53:32 Epoch 110  EMA Test Acc: 92.94
Loss   2.37 Loss_Lx   2.23 Loss_Lu 0.02734
12:55:17 Epoch 111 Test Acc: 92.16
12:55:20 Epoch 111  EMA Test Acc: 92.76
Loss   2.35 Loss_Lx   2.22 Loss_Lu 0.02735
12:57:05 Epoch 112 Test Acc: 91.88
12:57:07 Epoch 112  EMA Test Acc: 93.34
Loss   2.34 Loss_Lx   2.20 Loss_Lu 0.02709
12:58:52 Epoch 113 Test Acc: 92.28
12:58:54 Epoch 113  EMA Test Acc: 92.58
Loss   2.38 Loss_Lx   2.24 Loss_Lu 0.02772
13:00:39 Epoch 114 Test Acc: 91.89
13:00:42 Epoch 114  EMA Test Acc: 92.71
Loss   2.36 Loss_Lx   2.23 Loss_Lu 0.02698
13:02:27 Epoch 115 Test Acc: 92.64
13:02:29 Epoch 115  EMA Test Acc: 93.1
Loss   2.35 Loss_Lx   2.21 Loss_Lu 0.02729
13:04:14 Epoch 116 Test Acc: 92.41
13:04:17 Epoch 116  EMA Test Acc: 93.46
Loss   2.34 Loss_Lx   2.20 Loss_Lu 0.02706
13:06:02 Epoch 117 Test Acc: 92.42
13:06:04 Epoch 117  EMA Test Acc: 93.19
Loss   2.34 Loss_Lx   2.21 Loss_Lu 0.02718
13:07:49 Epoch 118 Test Acc: 92.58
13:07:51 Epoch 118  EMA Test Acc: 92.73
Loss   2.32 Loss_Lx   2.19 Loss_Lu 0.02679
13:09:36 Epoch 119 Test Acc: 92.66
13:09:38 Epoch 119  EMA Test Acc: 92.71
Loss   2.30 Loss_Lx   2.17 Loss_Lu 0.02670
13:11:23 Epoch 120 Test Acc: 92.32
13:11:26 Epoch 120  EMA Test Acc: 93.08
Loss   2.31 Loss_Lx   2.18 Loss_Lu 0.02668
13:13:11 Epoch 121 Test Acc: 92.63
13:13:13 Epoch 121  EMA Test Acc: 93.29
Loss   2.32 Loss_Lx   2.19 Loss_Lu 0.02657
13:14:58 Epoch 122 Test Acc: 92.75
13:15:00 Epoch 122  EMA Test Acc: 93.27
Loss   2.31 Loss_Lx   2.18 Loss_Lu 0.02664
13:16:45 Epoch 123 Test Acc: 92.22
13:16:48 Epoch 123  EMA Test Acc: 93.3
Loss   2.30 Loss_Lx   2.17 Loss_Lu 0.02666
13:18:33 Epoch 124 Test Acc: 92.64
13:18:35 Epoch 124  EMA Test Acc: 93.08
Loss   2.30 Loss_Lx   2.16 Loss_Lu 0.02650
13:20:20 Epoch 125 Test Acc: 92.63
13:20:22 Epoch 125  EMA Test Acc: 92.78
Loss   2.29 Loss_Lx   2.16 Loss_Lu 0.02663
13:22:08 Epoch 126 Test Acc: 92.87
13:22:10 Epoch 126  EMA Test Acc: 93.14
Loss   2.28 Loss_Lx   2.15 Loss_Lu 0.02628
13:23:55 Epoch 127 Test Acc: 93.25
13:23:57 Epoch 127  EMA Test Acc: 93.19
Loss   2.31 Loss_Lx   2.18 Loss_Lu 0.02651
13:25:41 Epoch 128 Test Acc: 91.99
13:25:44 Epoch 128  EMA Test Acc: 92.97
Loss   2.27 Loss_Lx   2.14 Loss_Lu 0.02578
13:27:29 Epoch 129 Test Acc: 93.29
13:27:31 Epoch 129  EMA Test Acc: 93.59
Loss   2.29 Loss_Lx   2.15 Loss_Lu 0.02651
13:29:16 Epoch 130 Test Acc: 93.2
13:29:19 Epoch 130  EMA Test Acc: 93.41
Loss   2.30 Loss_Lx   2.17 Loss_Lu 0.02614
13:31:03 Epoch 131 Test Acc: 92.6
13:31:06 Epoch 131  EMA Test Acc: 93.46
Loss   2.28 Loss_Lx   2.15 Loss_Lu 0.02606
13:32:51 Epoch 132 Test Acc: 92.8
13:32:53 Epoch 132  EMA Test Acc: 93.39
Loss   2.29 Loss_Lx   2.16 Loss_Lu 0.02638
13:34:38 Epoch 133 Test Acc: 92.77
13:34:40 Epoch 133  EMA Test Acc: 93.54
Loss   2.27 Loss_Lx   2.14 Loss_Lu 0.02603
13:36:25 Epoch 134 Test Acc: 93.11
13:36:28 Epoch 134  EMA Test Acc: 92.71
Loss   2.23 Loss_Lx   2.10 Loss_Lu 0.02537
13:38:13 Epoch 135 Test Acc: 93.51
13:38:15 Epoch 135  EMA Test Acc: 93.51
Loss   2.26 Loss_Lx   2.13 Loss_Lu 0.02554
13:40:00 Epoch 136 Test Acc: 93.06
13:40:02 Epoch 136  EMA Test Acc: 93.58
Loss   2.27 Loss_Lx   2.14 Loss_Lu 0.02628
13:41:47 Epoch 137 Test Acc: 92.69
13:41:49 Epoch 137  EMA Test Acc: 93.58
Loss   2.23 Loss_Lx   2.10 Loss_Lu 0.02562
13:43:34 Epoch 138 Test Acc: 93.65
13:43:37 Epoch 138  EMA Test Acc: 93.75
Loss   2.25 Loss_Lx   2.12 Loss_Lu 0.02561
13:45:22 Epoch 139 Test Acc: 93.02
13:45:25 Epoch 139  EMA Test Acc: 93.95
Loss   2.22 Loss_Lx   2.10 Loss_Lu 0.02538
13:47:09 Epoch 140 Test Acc: 93.39
13:47:12 Epoch 140  EMA Test Acc: 93.41
Loss   2.24 Loss_Lx   2.11 Loss_Lu 0.02559
13:48:57 Epoch 141 Test Acc: 93.21
13:48:59 Epoch 141  EMA Test Acc: 94.07
Loss   2.23 Loss_Lx   2.10 Loss_Lu 0.02539
13:50:44 Epoch 142 Test Acc: 93.54
13:50:47 Epoch 142  EMA Test Acc: 93.08
Loss   2.22 Loss_Lx   2.10 Loss_Lu 0.02550
13:52:32 Epoch 143 Test Acc: 93.56
13:52:34 Epoch 143  EMA Test Acc: 93.64
Loss   2.23 Loss_Lx   2.10 Loss_Lu 0.02500
13:54:19 Epoch 144 Test Acc: 92.71
13:54:22 Epoch 144  EMA Test Acc: 93.62
Loss   2.21 Loss_Lx   2.09 Loss_Lu 0.02517
13:56:06 Epoch 145 Test Acc: 93.25
13:56:09 Epoch 145  EMA Test Acc: 93.7
Loss   2.21 Loss_Lx   2.09 Loss_Lu 0.02503
13:57:54 Epoch 146 Test Acc: 92.94
13:57:56 Epoch 146  EMA Test Acc: 93.06
Loss   2.21 Loss_Lx   2.09 Loss_Lu 0.02527
13:59:41 Epoch 147 Test Acc: 93.68
13:59:43 Epoch 147  EMA Test Acc: 93.56
Loss   2.21 Loss_Lx   2.08 Loss_Lu 0.02496
14:01:28 Epoch 148 Test Acc: 93.33
14:01:30 Epoch 148  EMA Test Acc: 93.23
Loss   2.21 Loss_Lx   2.08 Loss_Lu 0.02491
14:03:15 Epoch 149 Test Acc: 93.58
14:03:17 Epoch 149  EMA Test Acc: 93.85
Loss   1.65 Loss_Lx   1.55 Loss_Lu 0.01844
14:05:01 Epoch 150 Test Acc: 93.39
14:05:04 Epoch 150  EMA Test Acc: 93.94
Loss   1.61 Loss_Lx   1.52 Loss_Lu 0.01833
14:06:48 Epoch 151 Test Acc: 93.27
14:06:50 Epoch 151  EMA Test Acc: 93.87
Loss   1.64 Loss_Lx   1.54 Loss_Lu 0.01883
14:08:35 Epoch 152 Test Acc: 93.13
14:08:37 Epoch 152  EMA Test Acc: 93.97
Loss   1.54 Loss_Lx   1.45 Loss_Lu 0.01784
14:10:22 Epoch 153 Test Acc: 92.83
14:10:25 Epoch 153  EMA Test Acc: 93.55
Loss   1.60 Loss_Lx   1.51 Loss_Lu 0.01834
14:12:10 Epoch 154 Test Acc: 93.61
14:12:12 Epoch 154  EMA Test Acc: 93.44
Loss   1.56 Loss_Lx   1.47 Loss_Lu 0.01814
14:13:57 Epoch 155 Test Acc: 93.31
14:14:00 Epoch 155  EMA Test Acc: 93.96
Loss   1.65 Loss_Lx   1.55 Loss_Lu 0.01856
14:15:46 Epoch 156 Test Acc: 93.21
14:15:48 Epoch 156  EMA Test Acc: 94.01
Loss   1.61 Loss_Lx   1.52 Loss_Lu 0.01831
14:17:33 Epoch 157 Test Acc: 92.71
14:17:36 Epoch 157  EMA Test Acc: 93.53
Loss   1.66 Loss_Lx   1.57 Loss_Lu 0.01901
14:19:21 Epoch 158 Test Acc: 93.26
14:19:24 Epoch 158  EMA Test Acc: 93.17
Loss   1.61 Loss_Lx   1.52 Loss_Lu 0.01840
14:21:09 Epoch 159 Test Acc: 93.33
14:21:12 Epoch 159  EMA Test Acc: 93.73
Loss   1.56 Loss_Lx   1.47 Loss_Lu 0.01766
14:22:57 Epoch 160 Test Acc: 93.68
14:22:59 Epoch 160  EMA Test Acc: 93.89
Loss   1.54 Loss_Lx   1.46 Loss_Lu 0.01734
14:24:44 Epoch 161 Test Acc: 93.77
14:24:47 Epoch 161  EMA Test Acc: 93.73
Loss   1.57 Loss_Lx   1.48 Loss_Lu 0.01754
14:26:32 Epoch 162 Test Acc: 93.58
14:26:35 Epoch 162  EMA Test Acc: 94.24
Loss   1.60 Loss_Lx   1.51 Loss_Lu 0.01809
14:28:20 Epoch 163 Test Acc: 93.31
14:28:22 Epoch 163  EMA Test Acc: 94.43
Loss   1.58 Loss_Lx   1.49 Loss_Lu 0.01793
14:30:07 Epoch 164 Test Acc: 93.21
14:30:10 Epoch 164  EMA Test Acc: 94.21
Loss   1.55 Loss_Lx   1.46 Loss_Lu 0.01750
14:31:55 Epoch 165 Test Acc: 93.78
14:31:57 Epoch 165  EMA Test Acc: 93.92
Loss   1.52 Loss_Lx   1.43 Loss_Lu 0.01715
14:33:42 Epoch 166 Test Acc: 93.63
14:33:45 Epoch 166  EMA Test Acc: 93.94
Loss   1.51 Loss_Lx   1.42 Loss_Lu 0.01670
14:35:30 Epoch 167 Test Acc: 93.54
14:35:32 Epoch 167  EMA Test Acc: 93.91
Loss   1.51 Loss_Lx   1.43 Loss_Lu 0.01687
14:37:17 Epoch 168 Test Acc: 93.83
14:37:20 Epoch 168  EMA Test Acc: 94.1
Loss   1.57 Loss_Lx   1.48 Loss_Lu 0.01734
14:39:05 Epoch 169 Test Acc: 93.55
14:39:07 Epoch 169  EMA Test Acc: 93.33
Loss   1.59 Loss_Lx   1.50 Loss_Lu 0.01744
14:40:52 Epoch 170 Test Acc: 93.49
14:40:55 Epoch 170  EMA Test Acc: 94.2
Loss   1.54 Loss_Lx   1.45 Loss_Lu 0.01704
14:42:40 Epoch 171 Test Acc: 93.3
14:42:42 Epoch 171  EMA Test Acc: 93.84
Loss   1.57 Loss_Lx   1.48 Loss_Lu 0.01729
14:44:28 Epoch 172 Test Acc: 94.0
14:44:30 Epoch 172  EMA Test Acc: 93.79
Loss   1.59 Loss_Lx   1.50 Loss_Lu 0.01737
14:46:15 Epoch 173 Test Acc: 93.63
14:46:17 Epoch 173  EMA Test Acc: 93.83
Loss   1.56 Loss_Lx   1.47 Loss_Lu 0.01700
14:48:03 Epoch 174 Test Acc: 93.64
14:48:05 Epoch 174  EMA Test Acc: 93.77
Loss   1.58 Loss_Lx   1.49 Loss_Lu 0.01708
14:49:50 Epoch 175 Test Acc: 93.43
14:49:53 Epoch 175  EMA Test Acc: 94.1
Loss   1.55 Loss_Lx   1.46 Loss_Lu 0.01706
14:51:38 Epoch 176 Test Acc: 94.07
14:51:40 Epoch 176  EMA Test Acc: 93.68
Loss   1.56 Loss_Lx   1.47 Loss_Lu 0.01684
14:53:25 Epoch 177 Test Acc: 93.32
14:53:28 Epoch 177  EMA Test Acc: 94.2
Loss   1.54 Loss_Lx   1.46 Loss_Lu 0.01704
14:55:13 Epoch 178 Test Acc: 93.68
14:55:15 Epoch 178  EMA Test Acc: 93.97
Loss   1.48 Loss_Lx   1.40 Loss_Lu 0.01579
14:57:00 Epoch 179 Test Acc: 93.73
14:57:03 Epoch 179  EMA Test Acc: 93.95
Loss   1.53 Loss_Lx   1.45 Loss_Lu 0.01642
14:58:48 Epoch 180 Test Acc: 93.25
14:58:51 Epoch 180  EMA Test Acc: 94.07
Loss   1.54 Loss_Lx   1.45 Loss_Lu 0.01641
15:00:36 Epoch 181 Test Acc: 93.8
15:00:38 Epoch 181  EMA Test Acc: 93.89
Loss   1.51 Loss_Lx   1.43 Loss_Lu 0.01614
15:02:23 Epoch 182 Test Acc: 93.91
15:02:26 Epoch 182  EMA Test Acc: 93.44
Loss   1.49 Loss_Lx   1.41 Loss_Lu 0.01597
15:04:11 Epoch 183 Test Acc: 93.97
15:04:14 Epoch 183  EMA Test Acc: 94.02
Loss   1.51 Loss_Lx   1.43 Loss_Lu 0.01609
15:05:59 Epoch 184 Test Acc: 93.52
15:06:01 Epoch 184  EMA Test Acc: 94.2
Loss   1.52 Loss_Lx   1.43 Loss_Lu 0.01618
15:07:46 Epoch 185 Test Acc: 93.75
15:07:49 Epoch 185  EMA Test Acc: 94.18
Loss   1.41 Loss_Lx   1.34 Loss_Lu 0.01514
15:09:34 Epoch 186 Test Acc: 93.59
15:09:37 Epoch 186  EMA Test Acc: 93.95
Loss   1.50 Loss_Lx   1.42 Loss_Lu 0.01578
15:11:22 Epoch 187 Test Acc: 93.16
15:11:25 Epoch 187  EMA Test Acc: 93.96
Loss   1.46 Loss_Lx   1.38 Loss_Lu 0.01553
15:13:10 Epoch 188 Test Acc: 93.32
15:13:12 Epoch 188  EMA Test Acc: 93.88
Loss   1.47 Loss_Lx   1.39 Loss_Lu 0.01547
15:14:57 Epoch 189 Test Acc: 93.67
15:15:00 Epoch 189  EMA Test Acc: 94.21
Loss   1.51 Loss_Lx   1.43 Loss_Lu 0.01614
15:16:45 Epoch 190 Test Acc: 94.24
15:16:48 Epoch 190  EMA Test Acc: 93.91
Loss   1.58 Loss_Lx   1.50 Loss_Lu 0.01652
15:18:33 Epoch 191 Test Acc: 93.88
15:18:35 Epoch 191  EMA Test Acc: 94.0
Loss   1.51 Loss_Lx   1.43 Loss_Lu 0.01600
15:20:21 Epoch 192 Test Acc: 94.09
15:20:23 Epoch 192  EMA Test Acc: 94.05
Loss   1.51 Loss_Lx   1.43 Loss_Lu 0.01574
15:22:08 Epoch 193 Test Acc: 93.53
15:22:11 Epoch 193  EMA Test Acc: 94.1
Loss   1.46 Loss_Lx   1.38 Loss_Lu 0.01560
15:23:56 Epoch 194 Test Acc: 93.95
15:23:58 Epoch 194  EMA Test Acc: 93.53
Loss   1.46 Loss_Lx   1.38 Loss_Lu 0.01496
15:25:44 Epoch 195 Test Acc: 93.59
15:25:46 Epoch 195  EMA Test Acc: 93.72
Loss   1.44 Loss_Lx   1.37 Loss_Lu 0.01489
15:27:32 Epoch 196 Test Acc: 93.72
15:27:34 Epoch 196  EMA Test Acc: 94.04
Loss   1.43 Loss_Lx   1.36 Loss_Lu 0.01462
15:29:19 Epoch 197 Test Acc: 94.06
15:29:22 Epoch 197  EMA Test Acc: 94.33
Loss   1.54 Loss_Lx   1.46 Loss_Lu 0.01611
15:31:07 Epoch 198 Test Acc: 94.07
15:31:10 Epoch 198  EMA Test Acc: 94.11
Loss   1.41 Loss_Lx   1.34 Loss_Lu 0.01466
15:32:55 Epoch 199 Test Acc: 93.95
15:32:57 Epoch 199  EMA Test Acc: 94.03
Loss   1.45 Loss_Lx   1.38 Loss_Lu 0.01513
15:34:42 Epoch 200 Test Acc: 93.92
15:34:45 Epoch 200  EMA Test Acc: 94.04
Loss   1.48 Loss_Lx   1.40 Loss_Lu 0.01536
15:36:30 Epoch 201 Test Acc: 93.89
15:36:33 Epoch 201  EMA Test Acc: 93.92
Loss   1.45 Loss_Lx   1.37 Loss_Lu 0.01514
15:38:18 Epoch 202 Test Acc: 93.82
15:38:20 Epoch 202  EMA Test Acc: 93.81
Loss   1.44 Loss_Lx   1.37 Loss_Lu 0.01477
15:40:06 Epoch 203 Test Acc: 94.0
15:40:08 Epoch 203  EMA Test Acc: 94.01
Loss   1.53 Loss_Lx   1.45 Loss_Lu 0.01574
15:41:54 Epoch 204 Test Acc: 93.96
15:41:56 Epoch 204  EMA Test Acc: 94.03
Loss   1.47 Loss_Lx   1.39 Loss_Lu 0.01512
15:43:41 Epoch 205 Test Acc: 93.66
15:43:44 Epoch 205  EMA Test Acc: 94.14
Loss   1.40 Loss_Lx   1.33 Loss_Lu 0.01410
15:45:29 Epoch 206 Test Acc: 93.86
15:45:32 Epoch 206  EMA Test Acc: 93.96
Loss   1.42 Loss_Lx   1.35 Loss_Lu 0.01410
15:47:17 Epoch 207 Test Acc: 93.77
15:47:19 Epoch 207  EMA Test Acc: 93.98
Loss   1.46 Loss_Lx   1.38 Loss_Lu 0.01470
15:49:05 Epoch 208 Test Acc: 94.2
15:49:07 Epoch 208  EMA Test Acc: 93.98
Loss   1.48 Loss_Lx   1.41 Loss_Lu 0.01511
15:50:53 Epoch 209 Test Acc: 94.14
15:50:55 Epoch 209  EMA Test Acc: 94.13
Loss   1.41 Loss_Lx   1.33 Loss_Lu 0.01421
15:52:40 Epoch 210 Test Acc: 94.14
15:52:43 Epoch 210  EMA Test Acc: 93.91
Loss   1.41 Loss_Lx   1.34 Loss_Lu 0.01417
15:54:28 Epoch 211 Test Acc: 94.13
15:54:30 Epoch 211  EMA Test Acc: 94.25
Loss   1.41 Loss_Lx   1.34 Loss_Lu 0.01380
15:56:15 Epoch 212 Test Acc: 94.02
15:56:18 Epoch 212  EMA Test Acc: 94.23
Loss   1.42 Loss_Lx   1.34 Loss_Lu 0.01424
15:58:03 Epoch 213 Test Acc: 94.01
15:58:05 Epoch 213  EMA Test Acc: 94.27
Loss   1.44 Loss_Lx   1.37 Loss_Lu 0.01437
15:59:50 Epoch 214 Test Acc: 94.2
15:59:53 Epoch 214  EMA Test Acc: 94.0
Loss   1.40 Loss_Lx   1.33 Loss_Lu 0.01392
16:01:38 Epoch 215 Test Acc: 94.28
16:01:40 Epoch 215  EMA Test Acc: 94.29
Loss   1.39 Loss_Lx   1.32 Loss_Lu 0.01406
16:03:25 Epoch 216 Test Acc: 93.98
16:03:27 Epoch 216  EMA Test Acc: 93.96
Loss   1.43 Loss_Lx   1.36 Loss_Lu 0.01429
16:05:12 Epoch 217 Test Acc: 94.29
16:05:15 Epoch 217  EMA Test Acc: 94.05
Loss   1.37 Loss_Lx   1.30 Loss_Lu 0.01341
16:07:00 Epoch 218 Test Acc: 94.01
16:07:02 Epoch 218  EMA Test Acc: 94.18
Loss   1.45 Loss_Lx   1.37 Loss_Lu 0.01425
16:08:47 Epoch 219 Test Acc: 94.38
16:08:50 Epoch 219  EMA Test Acc: 94.3
Loss   1.44 Loss_Lx   1.37 Loss_Lu 0.01403
16:10:35 Epoch 220 Test Acc: 94.17
16:10:37 Epoch 220  EMA Test Acc: 93.99
Loss   1.41 Loss_Lx   1.34 Loss_Lu 0.01372
16:12:22 Epoch 221 Test Acc: 94.24
16:12:25 Epoch 221  EMA Test Acc: 94.24
Loss   1.42 Loss_Lx   1.35 Loss_Lu 0.01413
16:14:10 Epoch 222 Test Acc: 94.47
16:14:12 Epoch 222  EMA Test Acc: 94.31
Loss   1.50 Loss_Lx   1.43 Loss_Lu 0.01490
16:15:57 Epoch 223 Test Acc: 94.1
16:15:59 Epoch 223  EMA Test Acc: 94.22
Loss   1.38 Loss_Lx   1.31 Loss_Lu 0.01362
16:17:44 Epoch 224 Test Acc: 94.03
16:17:47 Epoch 224  EMA Test Acc: 94.29
Loss   1.40 Loss_Lx   1.33 Loss_Lu 0.01366
16:19:31 Epoch 225 Test Acc: 94.07
16:19:34 Epoch 225  EMA Test Acc: 94.06
Loss   1.38 Loss_Lx   1.31 Loss_Lu 0.01330
16:21:19 Epoch 226 Test Acc: 94.28
16:21:21 Epoch 226  EMA Test Acc: 94.06
Loss   1.46 Loss_Lx   1.39 Loss_Lu 0.01454
16:23:06 Epoch 227 Test Acc: 94.0
16:23:08 Epoch 227  EMA Test Acc: 94.13
Loss   1.36 Loss_Lx   1.30 Loss_Lu 0.01339
16:24:53 Epoch 228 Test Acc: 94.3
16:24:56 Epoch 228  EMA Test Acc: 94.18
Loss   1.36 Loss_Lx   1.29 Loss_Lu 0.01312
16:26:41 Epoch 229 Test Acc: 93.98
16:26:43 Epoch 229  EMA Test Acc: 94.37
Loss   1.40 Loss_Lx   1.33 Loss_Lu 0.01367
16:28:28 Epoch 230 Test Acc: 94.1
16:28:31 Epoch 230  EMA Test Acc: 93.94
Loss   1.39 Loss_Lx   1.32 Loss_Lu 0.01327
16:30:16 Epoch 231 Test Acc: 94.17
16:30:18 Epoch 231  EMA Test Acc: 94.23
Loss   1.37 Loss_Lx   1.31 Loss_Lu 0.01308
16:32:03 Epoch 232 Test Acc: 94.24
16:32:06 Epoch 232  EMA Test Acc: 94.2
Loss   1.38 Loss_Lx   1.31 Loss_Lu 0.01300
16:33:51 Epoch 233 Test Acc: 94.16
16:33:53 Epoch 233  EMA Test Acc: 94.19
Loss   1.36 Loss_Lx   1.29 Loss_Lu 0.01306
16:35:38 Epoch 234 Test Acc: 94.41
16:35:41 Epoch 234  EMA Test Acc: 94.08
Loss   1.35 Loss_Lx   1.28 Loss_Lu 0.01302
16:37:26 Epoch 235 Test Acc: 94.3
16:37:28 Epoch 235  EMA Test Acc: 94.32
Loss   1.39 Loss_Lx   1.32 Loss_Lu 0.01347
16:39:13 Epoch 236 Test Acc: 94.18
16:39:16 Epoch 236  EMA Test Acc: 94.22
Loss   1.35 Loss_Lx   1.29 Loss_Lu 0.01280
16:41:01 Epoch 237 Test Acc: 94.31
16:41:03 Epoch 237  EMA Test Acc: 94.28
Loss   1.45 Loss_Lx   1.38 Loss_Lu 0.01390
16:42:48 Epoch 238 Test Acc: 94.18
16:42:51 Epoch 238  EMA Test Acc: 94.14
Loss   1.42 Loss_Lx   1.35 Loss_Lu 0.01402
16:44:36 Epoch 239 Test Acc: 94.38
16:44:38 Epoch 239  EMA Test Acc: 94.42
Loss   1.34 Loss_Lx   1.27 Loss_Lu 0.01261
16:46:24 Epoch 240 Test Acc: 94.34
16:46:26 Epoch 240  EMA Test Acc: 94.44
Loss   1.38 Loss_Lx   1.31 Loss_Lu 0.01307
16:48:11 Epoch 241 Test Acc: 94.23
16:48:14 Epoch 241  EMA Test Acc: 94.15
Loss   1.37 Loss_Lx   1.30 Loss_Lu 0.01312
16:49:59 Epoch 242 Test Acc: 94.23
16:50:02 Epoch 242  EMA Test Acc: 94.39
Loss   1.42 Loss_Lx   1.36 Loss_Lu 0.01349
16:51:48 Epoch 243 Test Acc: 94.24
16:51:50 Epoch 243  EMA Test Acc: 94.27
Loss   1.44 Loss_Lx   1.37 Loss_Lu 0.01413
16:53:36 Epoch 244 Test Acc: 94.14
16:53:38 Epoch 244  EMA Test Acc: 94.16
Loss   1.39 Loss_Lx   1.32 Loss_Lu 0.01326
16:55:23 Epoch 245 Test Acc: 94.45
16:55:26 Epoch 245  EMA Test Acc: 94.29
Loss   1.37 Loss_Lx   1.31 Loss_Lu 0.01284
16:57:11 Epoch 246 Test Acc: 94.32
16:57:14 Epoch 246  EMA Test Acc: 94.28
Loss   1.36 Loss_Lx   1.29 Loss_Lu 0.01300
16:59:00 Epoch 247 Test Acc: 94.47
16:59:02 Epoch 247  EMA Test Acc: 94.51
Loss   1.32 Loss_Lx   1.25 Loss_Lu 0.01219
17:00:47 Epoch 248 Test Acc: 94.39
17:00:50 Epoch 248  EMA Test Acc: 94.25
Loss   1.39 Loss_Lx   1.32 Loss_Lu 0.01338
17:02:35 Epoch 249 Test Acc: 94.24
17:02:38 Epoch 249  EMA Test Acc: 94.33
Loss   1.40 Loss_Lx   1.34 Loss_Lu 0.01342
17:04:23 Epoch 250 Test Acc: 94.19
17:04:26 Epoch 250  EMA Test Acc: 94.34
Loss   1.39 Loss_Lx   1.32 Loss_Lu 0.01344
17:06:11 Epoch 251 Test Acc: 94.23
17:06:14 Epoch 251  EMA Test Acc: 94.34
Loss   1.35 Loss_Lx   1.29 Loss_Lu 0.01277
17:07:59 Epoch 252 Test Acc: 94.29
17:08:02 Epoch 252  EMA Test Acc: 94.58
Loss   1.37 Loss_Lx   1.31 Loss_Lu 0.01304
17:09:47 Epoch 253 Test Acc: 94.18
17:09:49 Epoch 253  EMA Test Acc: 94.24
Loss   1.37 Loss_Lx   1.31 Loss_Lu 0.01292
17:11:35 Epoch 254 Test Acc: 94.38
17:11:38 Epoch 254  EMA Test Acc: 94.37
Loss   1.39 Loss_Lx   1.32 Loss_Lu 0.01315
17:13:24 Epoch 255 Test Acc: 94.41
17:13:26 Epoch 255  EMA Test Acc: 94.39
Loss   1.34 Loss_Lx   1.27 Loss_Lu 0.01239
17:15:11 Epoch 256 Test Acc: 94.3
17:15:14 Epoch 256  EMA Test Acc: 94.27
Loss   1.38 Loss_Lx   1.31 Loss_Lu 0.01284
17:17:00 Epoch 257 Test Acc: 94.33
17:17:02 Epoch 257  EMA Test Acc: 94.34
Loss   1.36 Loss_Lx   1.30 Loss_Lu 0.01282
17:18:48 Epoch 258 Test Acc: 94.24
17:18:50 Epoch 258  EMA Test Acc: 94.34
Loss   1.44 Loss_Lx   1.37 Loss_Lu 0.01375
17:20:35 Epoch 259 Test Acc: 94.42
17:20:38 Epoch 259  EMA Test Acc: 94.3
Loss   1.35 Loss_Lx   1.29 Loss_Lu 0.01296
17:22:23 Epoch 260 Test Acc: 94.3
17:22:26 Epoch 260  EMA Test Acc: 94.32
Loss   1.39 Loss_Lx   1.32 Loss_Lu 0.01302
17:24:11 Epoch 261 Test Acc: 94.27
17:24:13 Epoch 261  EMA Test Acc: 94.23
Loss   1.35 Loss_Lx   1.29 Loss_Lu 0.01242
17:25:59 Epoch 262 Test Acc: 94.24
17:26:01 Epoch 262  EMA Test Acc: 94.3
Loss   1.38 Loss_Lx   1.31 Loss_Lu 0.01298
17:27:46 Epoch 263 Test Acc: 94.21
17:27:49 Epoch 263  EMA Test Acc: 94.34
Loss   1.42 Loss_Lx   1.35 Loss_Lu 0.01339
17:29:34 Epoch 264 Test Acc: 94.16
17:29:37 Epoch 264  EMA Test Acc: 94.33
Loss   1.39 Loss_Lx   1.33 Loss_Lu 0.01306
17:31:22 Epoch 265 Test Acc: 94.17
17:31:25 Epoch 265  EMA Test Acc: 94.22
Loss   1.39 Loss_Lx   1.32 Loss_Lu 0.01283
17:33:10 Epoch 266 Test Acc: 94.35
17:33:13 Epoch 266  EMA Test Acc: 94.37
Loss   1.35 Loss_Lx   1.29 Loss_Lu 0.01268
17:34:58 Epoch 267 Test Acc: 94.29
17:35:01 Epoch 267  EMA Test Acc: 94.39
Loss   1.35 Loss_Lx   1.29 Loss_Lu 0.01245
17:36:46 Epoch 268 Test Acc: 94.5
17:36:49 Epoch 268  EMA Test Acc: 94.43
Loss   1.37 Loss_Lx   1.30 Loss_Lu 0.01280
17:38:34 Epoch 269 Test Acc: 94.17
17:38:37 Epoch 269  EMA Test Acc: 94.28
Loss   1.33 Loss_Lx   1.27 Loss_Lu 0.01229
17:40:22 Epoch 270 Test Acc: 94.2
17:40:24 Epoch 270  EMA Test Acc: 94.3
Loss   1.38 Loss_Lx   1.32 Loss_Lu 0.01297
17:42:10 Epoch 271 Test Acc: 94.19
17:42:12 Epoch 271  EMA Test Acc: 94.21
Loss   1.41 Loss_Lx   1.34 Loss_Lu 0.01333
17:43:58 Epoch 272 Test Acc: 94.3
17:44:00 Epoch 272  EMA Test Acc: 94.35
Loss   1.36 Loss_Lx   1.30 Loss_Lu 0.01274
17:45:46 Epoch 273 Test Acc: 94.46
17:45:48 Epoch 273  EMA Test Acc: 94.16
Loss   1.38 Loss_Lx   1.31 Loss_Lu 0.01321
17:47:34 Epoch 274 Test Acc: 94.36
17:47:36 Epoch 274  EMA Test Acc: 94.28
Loss   1.35 Loss_Lx   1.29 Loss_Lu 0.01233
17:49:22 Epoch 275 Test Acc: 94.24
17:49:24 Epoch 275  EMA Test Acc: 94.2
Loss   1.30 Loss_Lx   1.24 Loss_Lu 0.01201
17:51:10 Epoch 276 Test Acc: 94.29
17:51:12 Epoch 276  EMA Test Acc: 94.35
Loss   1.33 Loss_Lx   1.27 Loss_Lu 0.01235
17:52:58 Epoch 277 Test Acc: 94.34
17:53:00 Epoch 277  EMA Test Acc: 94.37
Loss   1.37 Loss_Lx   1.31 Loss_Lu 0.01309
17:54:45 Epoch 278 Test Acc: 94.1
17:54:48 Epoch 278  EMA Test Acc: 94.2
Loss   1.33 Loss_Lx   1.27 Loss_Lu 0.01258
17:56:33 Epoch 279 Test Acc: 94.23
17:56:36 Epoch 279  EMA Test Acc: 94.31
Loss   1.35 Loss_Lx   1.29 Loss_Lu 0.01246
17:58:21 Epoch 280 Test Acc: 94.26
17:58:24 Epoch 280  EMA Test Acc: 94.2
Loss   1.38 Loss_Lx   1.32 Loss_Lu 0.01272
18:00:09 Epoch 281 Test Acc: 94.3
18:00:12 Epoch 281  EMA Test Acc: 94.21
Loss   1.35 Loss_Lx   1.29 Loss_Lu 0.01268
18:01:57 Epoch 282 Test Acc: 94.48
18:02:00 Epoch 282  EMA Test Acc: 94.22
Loss   1.34 Loss_Lx   1.28 Loss_Lu 0.01283
18:03:45 Epoch 283 Test Acc: 94.25
18:03:48 Epoch 283  EMA Test Acc: 94.38
Loss   1.38 Loss_Lx   1.31 Loss_Lu 0.01283
18:05:33 Epoch 284 Test Acc: 94.08
18:05:36 Epoch 284  EMA Test Acc: 94.34
Loss   1.34 Loss_Lx   1.28 Loss_Lu 0.01278
18:07:21 Epoch 285 Test Acc: 94.51
18:07:24 Epoch 285  EMA Test Acc: 94.51
Loss   1.35 Loss_Lx   1.29 Loss_Lu 0.01239
18:09:09 Epoch 286 Test Acc: 94.4
18:09:12 Epoch 286  EMA Test Acc: 94.32
Loss   1.34 Loss_Lx   1.28 Loss_Lu 0.01259
18:10:57 Epoch 287 Test Acc: 94.3
18:11:00 Epoch 287  EMA Test Acc: 94.39
Loss   1.34 Loss_Lx   1.28 Loss_Lu 0.01263
18:12:45 Epoch 288 Test Acc: 94.28
18:12:48 Epoch 288  EMA Test Acc: 94.29
Loss   1.35 Loss_Lx   1.29 Loss_Lu 0.01257
18:14:34 Epoch 289 Test Acc: 94.49
18:14:36 Epoch 289  EMA Test Acc: 94.28
Loss   1.35 Loss_Lx   1.29 Loss_Lu 0.01221
18:16:22 Epoch 290 Test Acc: 94.34
18:16:24 Epoch 290  EMA Test Acc: 94.41
Loss   1.40 Loss_Lx   1.33 Loss_Lu 0.01283
18:18:10 Epoch 291 Test Acc: 94.13
18:18:12 Epoch 291  EMA Test Acc: 94.25
Loss   1.33 Loss_Lx   1.27 Loss_Lu 0.01221
18:19:57 Epoch 292 Test Acc: 94.19
18:20:00 Epoch 292  EMA Test Acc: 94.3
Loss   1.36 Loss_Lx   1.29 Loss_Lu 0.01256
18:21:45 Epoch 293 Test Acc: 94.38
18:21:48 Epoch 293  EMA Test Acc: 94.45
Loss   1.38 Loss_Lx   1.32 Loss_Lu 0.01300
18:23:33 Epoch 294 Test Acc: 94.38
18:23:36 Epoch 294  EMA Test Acc: 94.4
Loss   1.42 Loss_Lx   1.35 Loss_Lu 0.01306
18:25:21 Epoch 295 Test Acc: 94.42
18:25:24 Epoch 295  EMA Test Acc: 94.48
Loss   1.43 Loss_Lx   1.36 Loss_Lu 0.01335
18:27:10 Epoch 296 Test Acc: 94.56
18:27:12 Epoch 296  EMA Test Acc: 94.36
Loss   1.33 Loss_Lx   1.27 Loss_Lu 0.01237
18:28:57 Epoch 297 Test Acc: 94.52
18:29:00 Epoch 297  EMA Test Acc: 94.49
Loss   1.40 Loss_Lx   1.34 Loss_Lu 0.01293
18:30:45 Epoch 298 Test Acc: 94.4
18:30:48 Epoch 298  EMA Test Acc: 94.4
Loss   1.35 Loss_Lx   1.29 Loss_Lu 0.01263
18:32:33 Epoch 299 Test Acc: 94.39
18:32:35 Epoch 299  EMA Test Acc: 94.31
18:32:35 Best Test Acc: 94.58008575439453
