Sun Jul 10 09:44:59 2022       
+-----------------------------------------------------------------------------+
| NVIDIA-SMI 515.48.07    Driver Version: 515.48.07    CUDA Version: 11.7     |
|-------------------------------+----------------------+----------------------+
| GPU  Name        Persistence-M| Bus-Id        Disp.A | Volatile Uncorr. ECC |
| Fan  Temp  Perf  Pwr:Usage/Cap|         Memory-Usage | GPU-Util  Compute M. |
|                               |                      |               MIG M. |
|===============================+======================+======================|
|   0  NVIDIA A100-SXM...  Off  | 00000000:39:00.0 Off |                    0 |
| N/A   47C    P0    76W / 400W |   1920MiB / 81920MiB |      0%      Default |
|                               |                      |             Disabled |
+-------------------------------+----------------------+----------------------+
|   1  NVIDIA A100-SXM...  Off  | 00000000:3E:00.0 Off |                    0 |
| N/A   57C    P0   223W / 400W |   7905MiB / 81920MiB |    100%      Default |
|                               |                      |             Disabled |
+-------------------------------+----------------------+----------------------+
|   2  NVIDIA A100-SXM...  Off  | 00000000:4D:00.0 Off |                    0 |
| N/A   32C    P0    67W / 400W |      7MiB / 81920MiB |      0%      Default |
|                               |                      |             Disabled |
+-------------------------------+----------------------+----------------------+
|   3  NVIDIA A100-SXM...  Off  | 00000000:53:00.0 Off |                    0 |
| N/A   65C    P0   269W / 400W |   7815MiB / 81920MiB |     99%      Default |
|                               |                      |             Disabled |
+-------------------------------+----------------------+----------------------+
|   4  NVIDIA A100-SXM...  Off  | 00000000:8A:00.0 Off |                    0 |
| N/A   36C    P0    69W / 400W |      7MiB / 81920MiB |      0%      Default |
|                               |                      |             Disabled |
+-------------------------------+----------------------+----------------------+
|   5  NVIDIA A100-SXM...  Off  | 00000000:8E:00.0 Off |                    0 |
| N/A   32C    P0    68W / 400W |      7MiB / 81920MiB |      0%      Default |
|                               |                      |             Disabled |
+-------------------------------+----------------------+----------------------+
|   6  NVIDIA A100-SXM...  Off  | 00000000:A8:00.0 Off |                    0 |
| N/A   31C    P0    74W / 400W |      7MiB / 81920MiB |      0%      Default |
|                               |                      |             Disabled |
+-------------------------------+----------------------+----------------------+
|   7  NVIDIA A100-SXM...  Off  | 00000000:AB:00.0 Off |                    0 |
| N/A   34C    P0    65W / 400W |      7MiB / 81920MiB |      0%      Default |
|                               |                      |             Disabled |
+-------------------------------+----------------------+----------------------+
                                                                               
+-----------------------------------------------------------------------------+
| Processes:                                                                  |
|  GPU   GI   CI        PID   Type   Process name                  GPU Memory |
|        ID   ID                                                   Usage      |
|=============================================================================|
|    0   N/A  N/A      3443      G   /usr/lib/xorg/Xorg                  4MiB |
|    0   N/A  N/A   3018211      C   ...a/envs/hy39/bin/python3.9     1913MiB |
|    1   N/A  N/A      3443      G   /usr/lib/xorg/Xorg                  4MiB |
|    1   N/A  N/A    484228      C   python                           5733MiB |
|    1   N/A  N/A   2879116      C   python                           2165MiB |
|    2   N/A  N/A      3443      G   /usr/lib/xorg/Xorg                  4MiB |
|    3   N/A  N/A      3443      G   /usr/lib/xorg/Xorg                  4MiB |
|    3   N/A  N/A    484230      C   python                           5733MiB |
|    3   N/A  N/A   1254267      C   python                           2075MiB |
|    4   N/A  N/A      3443      G   /usr/lib/xorg/Xorg                  4MiB |
|    5   N/A  N/A      3443      G   /usr/lib/xorg/Xorg                  4MiB |
|    6   N/A  N/A      3443      G   /usr/lib/xorg/Xorg                  4MiB |
|    7   N/A  N/A      3443      G   /usr/lib/xorg/Xorg                  4MiB |
+-----------------------------------------------------------------------------+
Namespace(PES_lr=0.0001, T=0.5, T1=0, T2=5, alpha=4, batch_size=128, data_path='./data', data_percent=1, dataset='CIFAR10', ema=0.997, lambda_u=0, lr=0.02, noise_type='random_label2', num_epochs=300, optim='cos', seed=1, weight_decay=0.0005)
Files already downloaded and verified
Files already downloaded and verified
Train Epoch: [0][  0/390]	Time   0.10	Data   0.00	Loss   4.01	Acc@1  26.96
09:45:57 Epoch 0 Test Acc: 41.06
09:45:59 Epoch 0  EMA Test Acc: 11.36
Train Epoch: [1][  0/390]	Time   0.10	Data   0.00	Loss   3.41	Acc@1  40.01
09:46:41 Epoch 1 Test Acc: 40.88
09:46:44 Epoch 1  EMA Test Acc: 19.32
Train Epoch: [2][  0/390]	Time   0.10	Data   0.00	Loss   3.06	Acc@1  47.68
09:47:26 Epoch 2 Test Acc: 56.99
09:47:29 Epoch 2  EMA Test Acc: 45.75
Train Epoch: [3][  0/390]	Time   0.10	Data   0.00	Loss   2.77	Acc@1  54.44
09:48:11 Epoch 3 Test Acc: 67.85
09:48:13 Epoch 3  EMA Test Acc: 55.5
Train Epoch: [4][  0/390]	Time   0.10	Data   0.00	Loss   2.59	Acc@1  58.32
09:48:55 Epoch 4 Test Acc: 66.93
09:48:58 Epoch 4  EMA Test Acc: 70.21
Train Epoch: [5][  0/390]	Time   0.10	Data   0.00	Loss   2.48	Acc@1  60.98
09:49:40 Epoch 5 Test Acc: 69.11
09:49:42 Epoch 5  EMA Test Acc: 70.85
Train Epoch: [6][  0/390]	Time   0.10	Data   0.00	Loss   2.39	Acc@1  62.91
09:50:24 Epoch 6 Test Acc: 74.44
09:50:27 Epoch 6  EMA Test Acc: 77.7
Train Epoch: [7][  0/390]	Time   0.10	Data   0.00	Loss   2.37	Acc@1  63.59
09:51:09 Epoch 7 Test Acc: 73.01
09:51:12 Epoch 7  EMA Test Acc: 75.44
Train Epoch: [8][  0/390]	Time   0.10	Data   0.00	Loss   2.28	Acc@1  65.12
09:51:54 Epoch 8 Test Acc: 71.82
09:51:56 Epoch 8  EMA Test Acc: 81.6
Train Epoch: [9][  0/390]	Time   0.10	Data   0.00	Loss   2.22	Acc@1  66.43
09:52:38 Epoch 9 Test Acc: 78.07
09:52:41 Epoch 9  EMA Test Acc: 78.92
Train Epoch: [10][  0/390]	Time   0.10	Data   0.00	Loss   2.17	Acc@1  67.37
09:53:23 Epoch 10 Test Acc: 78.06
09:53:25 Epoch 10  EMA Test Acc: 79.72
Train Epoch: [11][  0/390]	Time   0.10	Data   0.00	Loss   2.13	Acc@1  68.32
09:54:07 Epoch 11 Test Acc: 79.97
09:54:10 Epoch 11  EMA Test Acc: 80.63
Train Epoch: [12][  0/390]	Time   0.10	Data   0.00	Loss   2.09	Acc@1  68.98
09:54:52 Epoch 12 Test Acc: 81.0
09:54:54 Epoch 12  EMA Test Acc: 81.43
Train Epoch: [13][  0/390]	Time   0.10	Data   0.00	Loss   2.06	Acc@1  69.55
09:55:36 Epoch 13 Test Acc: 78.51
09:55:39 Epoch 13  EMA Test Acc: 82.31
Train Epoch: [14][  0/390]	Time   0.10	Data   0.00	Loss   2.04	Acc@1  70.00
09:56:21 Epoch 14 Test Acc: 82.68
09:56:24 Epoch 14  EMA Test Acc: 81.49
Train Epoch: [15][  0/390]	Time   0.10	Data   0.00	Loss   2.01	Acc@1  70.50
09:57:06 Epoch 15 Test Acc: 80.27
09:57:08 Epoch 15  EMA Test Acc: 82.54
Train Epoch: [16][  0/390]	Time   0.10	Data   0.00	Loss   1.99	Acc@1  71.01
09:57:50 Epoch 16 Test Acc: 79.66
09:57:53 Epoch 16  EMA Test Acc: 83.19
Train Epoch: [17][  0/390]	Time   0.10	Data   0.00	Loss   1.97	Acc@1  71.38
09:58:35 Epoch 17 Test Acc: 84.73
09:58:37 Epoch 17  EMA Test Acc: 84.8
Train Epoch: [18][  0/390]	Time   0.10	Data   0.00	Loss   1.95	Acc@1  71.77
09:59:19 Epoch 18 Test Acc: 84.78
09:59:22 Epoch 18  EMA Test Acc: 86.53
Train Epoch: [19][  0/390]	Time   0.10	Data   0.00	Loss   1.94	Acc@1  72.03
10:00:04 Epoch 19 Test Acc: 84.88
10:00:07 Epoch 19  EMA Test Acc: 85.74
re-initalize the final layer
Train Epoch: [0][  0/390]	Time   0.05	Data   0.00	Loss   2.90	Acc@1  71.82
10:00:28 Epoch 0 Test Acc: 86.54
Train Epoch: [1][  0/390]	Time   0.05	Data   0.00	Loss   2.15	Acc@1  73.62
10:00:48 Epoch 1 Test Acc: 86.71
Train Epoch: [2][  0/390]	Time   0.05	Data   0.00	Loss   1.95	Acc@1  73.71
10:01:09 Epoch 2 Test Acc: 86.45
Train Epoch: [3][  0/390]	Time   0.05	Data   0.00	Loss   1.89	Acc@1  73.42
10:01:30 Epoch 3 Test Acc: 86.82
Train Epoch: [4][  0/390]	Time   0.05	Data   0.00	Loss   1.87	Acc@1  73.63
10:01:51 Epoch 4 Test Acc: 86.76
Loss   3.01 Loss_Lx   3.00 Loss_Lu 0.03924
10:03:34 Epoch 20 Test Acc: 86.73
10:03:37 Epoch 20  EMA Test Acc: 85.82
Loss   2.93 Loss_Lx   2.91 Loss_Lu 0.03664
10:05:20 Epoch 21 Test Acc: 86.33
10:05:23 Epoch 21  EMA Test Acc: 83.73
Loss   2.85 Loss_Lx   2.82 Loss_Lu 0.03526
10:07:07 Epoch 22 Test Acc: 85.43
10:07:10 Epoch 22  EMA Test Acc: 84.86
Loss   2.85 Loss_Lx   2.81 Loss_Lu 0.03545
10:08:55 Epoch 23 Test Acc: 86.82
10:08:57 Epoch 23  EMA Test Acc: 84.65
Loss   2.81 Loss_Lx   2.76 Loss_Lu 0.03477
10:10:41 Epoch 24 Test Acc: 86.99
10:10:44 Epoch 24  EMA Test Acc: 83.02
Loss   2.79 Loss_Lx   2.73 Loss_Lu 0.03451
10:12:28 Epoch 25 Test Acc: 85.8
10:12:30 Epoch 25  EMA Test Acc: 86.12
Loss   2.82 Loss_Lx   2.75 Loss_Lu 0.03392
10:14:16 Epoch 26 Test Acc: 87.42
10:14:18 Epoch 26  EMA Test Acc: 87.33
Loss   2.79 Loss_Lx   2.71 Loss_Lu 0.03374
10:16:03 Epoch 27 Test Acc: 86.73
10:16:05 Epoch 27  EMA Test Acc: 84.34
Loss   2.80 Loss_Lx   2.71 Loss_Lu 0.03378
10:17:50 Epoch 28 Test Acc: 87.4
10:17:52 Epoch 28  EMA Test Acc: 87.09
Loss   2.79 Loss_Lx   2.69 Loss_Lu 0.03299
10:19:37 Epoch 29 Test Acc: 87.09
10:19:39 Epoch 29  EMA Test Acc: 85.19
Loss   2.79 Loss_Lx   2.69 Loss_Lu 0.03299
10:21:23 Epoch 30 Test Acc: 87.29
10:21:26 Epoch 30  EMA Test Acc: 86.39
Loss   2.75 Loss_Lx   2.64 Loss_Lu 0.03266
10:23:10 Epoch 31 Test Acc: 87.68
10:23:13 Epoch 31  EMA Test Acc: 84.5
Loss   2.76 Loss_Lx   2.63 Loss_Lu 0.03258
10:24:57 Epoch 32 Test Acc: 87.7
10:24:59 Epoch 32  EMA Test Acc: 88.44
Loss   2.78 Loss_Lx   2.64 Loss_Lu 0.03262
10:26:43 Epoch 33 Test Acc: 88.11
10:26:46 Epoch 33  EMA Test Acc: 87.66
Loss   2.71 Loss_Lx   2.57 Loss_Lu 0.03247
10:28:30 Epoch 34 Test Acc: 89.1
10:28:33 Epoch 34  EMA Test Acc: 87.94
Loss   2.76 Loss_Lx   2.60 Loss_Lu 0.03238
10:30:16 Epoch 35 Test Acc: 88.54
10:30:19 Epoch 35  EMA Test Acc: 86.77
Loss   2.74 Loss_Lx   2.59 Loss_Lu 0.03180
10:32:03 Epoch 36 Test Acc: 88.56
10:32:05 Epoch 36  EMA Test Acc: 89.15
Loss   2.72 Loss_Lx   2.56 Loss_Lu 0.03189
10:33:49 Epoch 37 Test Acc: 88.61
10:33:52 Epoch 37  EMA Test Acc: 88.56
Loss   2.76 Loss_Lx   2.60 Loss_Lu 0.03263
10:35:36 Epoch 38 Test Acc: 88.36
10:35:39 Epoch 38  EMA Test Acc: 89.17
Loss   2.71 Loss_Lx   2.55 Loss_Lu 0.03207
10:37:22 Epoch 39 Test Acc: 90.06
10:37:25 Epoch 39  EMA Test Acc: 90.37
Loss   2.69 Loss_Lx   2.53 Loss_Lu 0.03170
10:39:09 Epoch 40 Test Acc: 88.62
10:39:12 Epoch 40  EMA Test Acc: 89.74
Loss   2.69 Loss_Lx   2.53 Loss_Lu 0.03211
10:40:56 Epoch 41 Test Acc: 90.0
10:40:58 Epoch 41  EMA Test Acc: 90.81
Loss   2.70 Loss_Lx   2.54 Loss_Lu 0.03240
10:42:42 Epoch 42 Test Acc: 89.39
10:42:45 Epoch 42  EMA Test Acc: 90.14
Loss   2.66 Loss_Lx   2.50 Loss_Lu 0.03176
10:44:29 Epoch 43 Test Acc: 89.1
10:44:32 Epoch 43  EMA Test Acc: 91.34
Loss   2.65 Loss_Lx   2.49 Loss_Lu 0.03190
10:46:16 Epoch 44 Test Acc: 89.59
10:46:18 Epoch 44  EMA Test Acc: 91.04
Loss   2.65 Loss_Lx   2.50 Loss_Lu 0.03168
10:48:02 Epoch 45 Test Acc: 89.51
10:48:05 Epoch 45  EMA Test Acc: 88.39
Loss   2.65 Loss_Lx   2.49 Loss_Lu 0.03203
10:49:49 Epoch 46 Test Acc: 90.26
10:49:51 Epoch 46  EMA Test Acc: 90.98
Loss   2.64 Loss_Lx   2.48 Loss_Lu 0.03167
10:51:35 Epoch 47 Test Acc: 90.76
10:51:38 Epoch 47  EMA Test Acc: 89.47
Loss   2.61 Loss_Lx   2.45 Loss_Lu 0.03172
10:53:21 Epoch 48 Test Acc: 89.58
10:53:24 Epoch 48  EMA Test Acc: 91.03
Loss   2.63 Loss_Lx   2.47 Loss_Lu 0.03187
10:55:08 Epoch 49 Test Acc: 89.8
10:55:11 Epoch 49  EMA Test Acc: 90.88
Loss   2.60 Loss_Lx   2.44 Loss_Lu 0.03167
10:56:54 Epoch 50 Test Acc: 90.21
10:56:57 Epoch 50  EMA Test Acc: 90.2
Loss   2.61 Loss_Lx   2.45 Loss_Lu 0.03178
10:58:41 Epoch 51 Test Acc: 90.48
10:58:43 Epoch 51  EMA Test Acc: 88.34
Loss   2.56 Loss_Lx   2.41 Loss_Lu 0.03151
11:00:27 Epoch 52 Test Acc: 90.15
11:00:29 Epoch 52  EMA Test Acc: 90.83
Loss   2.56 Loss_Lx   2.40 Loss_Lu 0.03181
11:02:13 Epoch 53 Test Acc: 89.56
11:02:16 Epoch 53  EMA Test Acc: 91.39
Loss   2.60 Loss_Lx   2.44 Loss_Lu 0.03210
11:04:00 Epoch 54 Test Acc: 90.14
11:04:02 Epoch 54  EMA Test Acc: 90.84
Loss   2.59 Loss_Lx   2.43 Loss_Lu 0.03183
11:05:47 Epoch 55 Test Acc: 91.3
11:05:49 Epoch 55  EMA Test Acc: 91.26
Loss   2.59 Loss_Lx   2.43 Loss_Lu 0.03170
11:07:33 Epoch 56 Test Acc: 89.98
11:07:35 Epoch 56  EMA Test Acc: 92.14
Loss   2.56 Loss_Lx   2.40 Loss_Lu 0.03145
11:09:19 Epoch 57 Test Acc: 90.29
11:09:22 Epoch 57  EMA Test Acc: 92.09
Loss   2.55 Loss_Lx   2.39 Loss_Lu 0.03123
11:11:06 Epoch 58 Test Acc: 91.05
11:11:08 Epoch 58  EMA Test Acc: 91.78
Loss   2.54 Loss_Lx   2.39 Loss_Lu 0.03106
11:12:52 Epoch 59 Test Acc: 90.59
11:12:55 Epoch 59  EMA Test Acc: 90.38
Loss   2.53 Loss_Lx   2.38 Loss_Lu 0.03072
11:14:39 Epoch 60 Test Acc: 91.46
11:14:41 Epoch 60  EMA Test Acc: 92.39
Loss   2.54 Loss_Lx   2.38 Loss_Lu 0.03120
11:16:25 Epoch 61 Test Acc: 90.55
11:16:28 Epoch 61  EMA Test Acc: 92.15
Loss   2.53 Loss_Lx   2.38 Loss_Lu 0.03126
11:18:12 Epoch 62 Test Acc: 91.45
11:18:14 Epoch 62  EMA Test Acc: 89.94
Loss   2.52 Loss_Lx   2.36 Loss_Lu 0.03071
11:19:58 Epoch 63 Test Acc: 91.41
11:20:00 Epoch 63  EMA Test Acc: 92.47
Loss   2.50 Loss_Lx   2.35 Loss_Lu 0.03097
11:21:44 Epoch 64 Test Acc: 89.88
11:21:47 Epoch 64  EMA Test Acc: 92.4
Loss   2.53 Loss_Lx   2.38 Loss_Lu 0.03140
11:23:31 Epoch 65 Test Acc: 91.89
11:23:34 Epoch 65  EMA Test Acc: 92.78
Loss   2.50 Loss_Lx   2.34 Loss_Lu 0.03092
11:25:18 Epoch 66 Test Acc: 91.23
11:25:20 Epoch 66  EMA Test Acc: 92.06
Loss   2.51 Loss_Lx   2.36 Loss_Lu 0.03087
11:27:04 Epoch 67 Test Acc: 92.12
11:27:07 Epoch 67  EMA Test Acc: 91.73
Loss   2.49 Loss_Lx   2.34 Loss_Lu 0.03085
11:28:50 Epoch 68 Test Acc: 91.13
11:28:53 Epoch 68  EMA Test Acc: 92.06
Loss   2.49 Loss_Lx   2.34 Loss_Lu 0.03047
11:30:37 Epoch 69 Test Acc: 91.68
11:30:40 Epoch 69  EMA Test Acc: 91.07
Loss   2.52 Loss_Lx   2.36 Loss_Lu 0.03119
11:32:23 Epoch 70 Test Acc: 91.57
11:32:26 Epoch 70  EMA Test Acc: 92.41
Loss   2.51 Loss_Lx   2.36 Loss_Lu 0.03113
11:34:10 Epoch 71 Test Acc: 91.73
11:34:12 Epoch 71  EMA Test Acc: 92.73
Loss   2.52 Loss_Lx   2.36 Loss_Lu 0.03096
11:35:56 Epoch 72 Test Acc: 92.08
11:35:58 Epoch 72  EMA Test Acc: 92.71
Loss   2.48 Loss_Lx   2.33 Loss_Lu 0.03072
11:37:42 Epoch 73 Test Acc: 92.06
11:37:44 Epoch 73  EMA Test Acc: 92.4
Loss   2.51 Loss_Lx   2.35 Loss_Lu 0.03091
11:39:28 Epoch 74 Test Acc: 91.76
11:39:31 Epoch 74  EMA Test Acc: 92.27
Loss   2.48 Loss_Lx   2.33 Loss_Lu 0.03064
11:41:14 Epoch 75 Test Acc: 92.22
11:41:17 Epoch 75  EMA Test Acc: 93.67
Loss   2.46 Loss_Lx   2.31 Loss_Lu 0.03050
11:43:00 Epoch 76 Test Acc: 92.54
11:43:03 Epoch 76  EMA Test Acc: 93.42
Loss   2.46 Loss_Lx   2.31 Loss_Lu 0.03028
11:44:47 Epoch 77 Test Acc: 92.19
11:44:50 Epoch 77  EMA Test Acc: 93.14
Loss   2.46 Loss_Lx   2.31 Loss_Lu 0.03059
11:46:34 Epoch 78 Test Acc: 92.17
11:46:36 Epoch 78  EMA Test Acc: 92.88
Loss   2.45 Loss_Lx   2.30 Loss_Lu 0.03067
11:48:20 Epoch 79 Test Acc: 91.92
11:48:23 Epoch 79  EMA Test Acc: 93.1
Loss   2.46 Loss_Lx   2.31 Loss_Lu 0.03077
11:50:07 Epoch 80 Test Acc: 92.63
11:50:09 Epoch 80  EMA Test Acc: 93.3
Loss   2.46 Loss_Lx   2.31 Loss_Lu 0.03004
11:51:52 Epoch 81 Test Acc: 92.73
11:51:55 Epoch 81  EMA Test Acc: 92.44
Loss   2.45 Loss_Lx   2.30 Loss_Lu 0.02985
11:53:39 Epoch 82 Test Acc: 92.38
11:53:42 Epoch 82  EMA Test Acc: 92.32
Loss   2.44 Loss_Lx   2.28 Loss_Lu 0.03037
11:55:25 Epoch 83 Test Acc: 92.69
11:55:28 Epoch 83  EMA Test Acc: 93.3
Loss   2.43 Loss_Lx   2.28 Loss_Lu 0.02988
11:57:12 Epoch 84 Test Acc: 92.44
11:57:15 Epoch 84  EMA Test Acc: 93.27
Loss   2.44 Loss_Lx   2.29 Loss_Lu 0.03039
11:58:59 Epoch 85 Test Acc: 92.63
11:59:01 Epoch 85  EMA Test Acc: 92.64
Loss   2.42 Loss_Lx   2.27 Loss_Lu 0.03009
12:00:45 Epoch 86 Test Acc: 92.15
12:00:47 Epoch 86  EMA Test Acc: 93.3
Loss   2.42 Loss_Lx   2.27 Loss_Lu 0.02977
12:02:31 Epoch 87 Test Acc: 91.72
12:02:34 Epoch 87  EMA Test Acc: 93.25
Loss   2.42 Loss_Lx   2.27 Loss_Lu 0.03009
12:04:18 Epoch 88 Test Acc: 92.78
12:04:20 Epoch 88  EMA Test Acc: 92.19
Loss   2.41 Loss_Lx   2.27 Loss_Lu 0.02962
12:06:04 Epoch 89 Test Acc: 92.57
12:06:07 Epoch 89  EMA Test Acc: 93.1
Loss   2.40 Loss_Lx   2.25 Loss_Lu 0.02970
12:07:50 Epoch 90 Test Acc: 92.93
12:07:53 Epoch 90  EMA Test Acc: 92.28
Loss   2.39 Loss_Lx   2.24 Loss_Lu 0.03027
12:09:37 Epoch 91 Test Acc: 92.65
12:09:40 Epoch 91  EMA Test Acc: 92.63
Loss   2.38 Loss_Lx   2.23 Loss_Lu 0.02974
12:11:24 Epoch 92 Test Acc: 92.3
12:11:26 Epoch 92  EMA Test Acc: 93.22
Loss   2.38 Loss_Lx   2.23 Loss_Lu 0.02952
12:13:10 Epoch 93 Test Acc: 92.79
12:13:13 Epoch 93  EMA Test Acc: 93.78
Loss   2.38 Loss_Lx   2.23 Loss_Lu 0.02959
12:14:57 Epoch 94 Test Acc: 92.69
12:15:00 Epoch 94  EMA Test Acc: 93.42
Loss   2.37 Loss_Lx   2.22 Loss_Lu 0.02931
12:16:44 Epoch 95 Test Acc: 93.26
12:16:46 Epoch 95  EMA Test Acc: 92.96
Loss   2.40 Loss_Lx   2.25 Loss_Lu 0.03017
12:18:31 Epoch 96 Test Acc: 92.29
12:18:33 Epoch 96  EMA Test Acc: 93.68
Loss   2.36 Loss_Lx   2.21 Loss_Lu 0.02966
12:20:17 Epoch 97 Test Acc: 93.32
12:20:20 Epoch 97  EMA Test Acc: 93.57
Loss   2.37 Loss_Lx   2.23 Loss_Lu 0.02960
12:22:03 Epoch 98 Test Acc: 92.11
12:22:06 Epoch 98  EMA Test Acc: 93.42
Loss   2.36 Loss_Lx   2.21 Loss_Lu 0.02909
12:23:50 Epoch 99 Test Acc: 92.61
12:23:52 Epoch 99  EMA Test Acc: 92.82
Loss   2.35 Loss_Lx   2.21 Loss_Lu 0.02934
12:25:36 Epoch 100 Test Acc: 93.06
12:25:39 Epoch 100  EMA Test Acc: 94.21
Loss   2.36 Loss_Lx   2.22 Loss_Lu 0.02921
12:27:22 Epoch 101 Test Acc: 92.94
12:27:25 Epoch 101  EMA Test Acc: 92.83
Loss   2.36 Loss_Lx   2.21 Loss_Lu 0.02945
12:29:08 Epoch 102 Test Acc: 92.98
12:29:11 Epoch 102  EMA Test Acc: 93.38
Loss   2.34 Loss_Lx   2.19 Loss_Lu 0.02870
12:30:55 Epoch 103 Test Acc: 93.12
12:30:57 Epoch 103  EMA Test Acc: 93.52
Loss   2.35 Loss_Lx   2.21 Loss_Lu 0.02916
12:32:41 Epoch 104 Test Acc: 93.0
12:32:43 Epoch 104  EMA Test Acc: 92.43
Loss   2.35 Loss_Lx   2.21 Loss_Lu 0.02889
12:34:28 Epoch 105 Test Acc: 92.25
12:34:30 Epoch 105  EMA Test Acc: 94.01
Loss   2.33 Loss_Lx   2.19 Loss_Lu 0.02885
12:36:14 Epoch 106 Test Acc: 93.26
12:36:17 Epoch 106  EMA Test Acc: 93.83
Loss   2.35 Loss_Lx   2.20 Loss_Lu 0.02882
12:38:01 Epoch 107 Test Acc: 93.81
12:38:03 Epoch 107  EMA Test Acc: 94.0
Loss   2.31 Loss_Lx   2.17 Loss_Lu 0.02836
12:39:47 Epoch 108 Test Acc: 93.26
12:39:50 Epoch 108  EMA Test Acc: 93.07
Loss   2.32 Loss_Lx   2.18 Loss_Lu 0.02880
12:41:33 Epoch 109 Test Acc: 92.91
12:41:36 Epoch 109  EMA Test Acc: 93.59
Loss   2.31 Loss_Lx   2.16 Loss_Lu 0.02870
12:43:20 Epoch 110 Test Acc: 93.28
12:43:22 Epoch 110  EMA Test Acc: 94.19
Loss   2.32 Loss_Lx   2.17 Loss_Lu 0.02883
12:45:06 Epoch 111 Test Acc: 93.09
12:45:09 Epoch 111  EMA Test Acc: 94.09
Loss   2.32 Loss_Lx   2.17 Loss_Lu 0.02879
12:46:52 Epoch 112 Test Acc: 93.2
12:46:55 Epoch 112  EMA Test Acc: 92.85
Loss   2.28 Loss_Lx   2.14 Loss_Lu 0.02838
12:48:39 Epoch 113 Test Acc: 92.43
12:48:41 Epoch 113  EMA Test Acc: 93.3
Loss   2.31 Loss_Lx   2.17 Loss_Lu 0.02847
12:50:25 Epoch 114 Test Acc: 93.51
12:50:28 Epoch 114  EMA Test Acc: 93.76
Loss   2.28 Loss_Lx   2.14 Loss_Lu 0.02817
12:52:11 Epoch 115 Test Acc: 93.31
12:52:14 Epoch 115  EMA Test Acc: 93.88
Loss   2.30 Loss_Lx   2.16 Loss_Lu 0.02853
12:53:58 Epoch 116 Test Acc: 93.5
12:54:00 Epoch 116  EMA Test Acc: 94.0
Loss   2.31 Loss_Lx   2.17 Loss_Lu 0.02798
12:55:43 Epoch 117 Test Acc: 93.65
12:55:46 Epoch 117  EMA Test Acc: 94.39
Loss   2.30 Loss_Lx   2.16 Loss_Lu 0.02816
12:57:29 Epoch 118 Test Acc: 93.53
12:57:32 Epoch 118  EMA Test Acc: 94.6
Loss   2.27 Loss_Lx   2.14 Loss_Lu 0.02743
12:59:15 Epoch 119 Test Acc: 93.34
12:59:18 Epoch 119  EMA Test Acc: 94.05
Loss   2.27 Loss_Lx   2.14 Loss_Lu 0.02791
13:01:01 Epoch 120 Test Acc: 93.53
13:01:04 Epoch 120  EMA Test Acc: 94.06
Loss   2.27 Loss_Lx   2.13 Loss_Lu 0.02800
13:02:48 Epoch 121 Test Acc: 93.39
13:02:50 Epoch 121  EMA Test Acc: 94.22
Loss   2.28 Loss_Lx   2.14 Loss_Lu 0.02817
13:04:34 Epoch 122 Test Acc: 93.89
13:04:36 Epoch 122  EMA Test Acc: 94.16
Loss   2.26 Loss_Lx   2.12 Loss_Lu 0.02748
13:06:20 Epoch 123 Test Acc: 93.27
13:06:22 Epoch 123  EMA Test Acc: 94.54
Loss   2.25 Loss_Lx   2.11 Loss_Lu 0.02751
13:08:06 Epoch 124 Test Acc: 93.79
13:08:09 Epoch 124  EMA Test Acc: 94.64
Loss   2.26 Loss_Lx   2.12 Loss_Lu 0.02750
13:09:53 Epoch 125 Test Acc: 93.82
13:09:55 Epoch 125  EMA Test Acc: 93.58
Loss   2.23 Loss_Lx   2.09 Loss_Lu 0.02759
13:11:39 Epoch 126 Test Acc: 93.6
13:11:41 Epoch 126  EMA Test Acc: 94.12
Loss   2.23 Loss_Lx   2.10 Loss_Lu 0.02740
13:13:25 Epoch 127 Test Acc: 93.85
13:13:27 Epoch 127  EMA Test Acc: 94.01
Loss   2.27 Loss_Lx   2.13 Loss_Lu 0.02755
13:15:10 Epoch 128 Test Acc: 93.96
13:15:13 Epoch 128  EMA Test Acc: 94.7
Loss   2.23 Loss_Lx   2.10 Loss_Lu 0.02702
13:16:56 Epoch 129 Test Acc: 93.76
13:16:59 Epoch 129  EMA Test Acc: 94.34
Loss   2.23 Loss_Lx   2.10 Loss_Lu 0.02711
13:18:43 Epoch 130 Test Acc: 93.3
13:18:45 Epoch 130  EMA Test Acc: 94.42
Loss   2.26 Loss_Lx   2.12 Loss_Lu 0.02750
13:20:29 Epoch 131 Test Acc: 93.67
13:20:32 Epoch 131  EMA Test Acc: 94.23
Loss   2.22 Loss_Lx   2.09 Loss_Lu 0.02691
13:22:16 Epoch 132 Test Acc: 93.66
13:22:18 Epoch 132  EMA Test Acc: 94.4
Loss   2.23 Loss_Lx   2.09 Loss_Lu 0.02728
13:24:02 Epoch 133 Test Acc: 94.03
13:24:05 Epoch 133  EMA Test Acc: 94.34
Loss   2.21 Loss_Lx   2.07 Loss_Lu 0.02680
13:25:48 Epoch 134 Test Acc: 93.98
13:25:51 Epoch 134  EMA Test Acc: 94.08
Loss   2.24 Loss_Lx   2.11 Loss_Lu 0.02701
13:27:34 Epoch 135 Test Acc: 94.41
13:27:37 Epoch 135  EMA Test Acc: 94.36
Loss   2.20 Loss_Lx   2.07 Loss_Lu 0.02689
13:29:20 Epoch 136 Test Acc: 94.04
13:29:23 Epoch 136  EMA Test Acc: 93.93
Loss   2.22 Loss_Lx   2.08 Loss_Lu 0.02693
13:31:06 Epoch 137 Test Acc: 93.94
13:31:09 Epoch 137  EMA Test Acc: 95.06
Loss   2.21 Loss_Lx   2.07 Loss_Lu 0.02663
13:32:52 Epoch 138 Test Acc: 94.0
13:32:55 Epoch 138  EMA Test Acc: 94.8
Loss   2.18 Loss_Lx   2.05 Loss_Lu 0.02621
13:34:39 Epoch 139 Test Acc: 94.09
13:34:41 Epoch 139  EMA Test Acc: 94.49
Loss   2.21 Loss_Lx   2.07 Loss_Lu 0.02659
13:36:24 Epoch 140 Test Acc: 94.1
13:36:27 Epoch 140  EMA Test Acc: 94.65
Loss   2.19 Loss_Lx   2.06 Loss_Lu 0.02632
13:38:11 Epoch 141 Test Acc: 94.06
13:38:14 Epoch 141  EMA Test Acc: 94.07
Loss   2.17 Loss_Lx   2.03 Loss_Lu 0.02642
13:39:57 Epoch 142 Test Acc: 94.36
13:40:00 Epoch 142  EMA Test Acc: 94.36
Loss   2.18 Loss_Lx   2.05 Loss_Lu 0.02615
13:41:44 Epoch 143 Test Acc: 94.1
13:41:46 Epoch 143  EMA Test Acc: 94.49
Loss   2.17 Loss_Lx   2.04 Loss_Lu 0.02564
13:43:30 Epoch 144 Test Acc: 94.02
13:43:32 Epoch 144  EMA Test Acc: 94.54
Loss   2.18 Loss_Lx   2.05 Loss_Lu 0.02599
13:45:16 Epoch 145 Test Acc: 94.39
13:45:18 Epoch 145  EMA Test Acc: 94.72
Loss   2.15 Loss_Lx   2.02 Loss_Lu 0.02558
13:47:02 Epoch 146 Test Acc: 94.32
13:47:05 Epoch 146  EMA Test Acc: 94.68
Loss   2.15 Loss_Lx   2.03 Loss_Lu 0.02575
13:48:48 Epoch 147 Test Acc: 94.68
13:48:51 Epoch 147  EMA Test Acc: 94.71
Loss   2.17 Loss_Lx   2.04 Loss_Lu 0.02602
13:50:34 Epoch 148 Test Acc: 94.69
13:50:37 Epoch 148  EMA Test Acc: 94.46
Loss   2.16 Loss_Lx   2.03 Loss_Lu 0.02636
13:52:20 Epoch 149 Test Acc: 94.58
13:52:23 Epoch 149  EMA Test Acc: 95.03
Loss   1.61 Loss_Lx   1.52 Loss_Lu 0.01964
13:54:06 Epoch 150 Test Acc: 94.21
13:54:09 Epoch 150  EMA Test Acc: 94.03
Loss   1.51 Loss_Lx   1.41 Loss_Lu 0.01964
13:55:52 Epoch 151 Test Acc: 94.66
13:55:55 Epoch 151  EMA Test Acc: 94.6
Loss   1.60 Loss_Lx   1.50 Loss_Lu 0.02001
13:57:37 Epoch 152 Test Acc: 94.35
13:57:40 Epoch 152  EMA Test Acc: 94.38
Loss   1.57 Loss_Lx   1.47 Loss_Lu 0.01999
13:59:23 Epoch 153 Test Acc: 94.69
13:59:26 Epoch 153  EMA Test Acc: 94.39
Loss   1.60 Loss_Lx   1.50 Loss_Lu 0.01990
14:01:09 Epoch 154 Test Acc: 94.45
14:01:12 Epoch 154  EMA Test Acc: 95.05
Loss   1.58 Loss_Lx   1.49 Loss_Lu 0.01950
14:02:56 Epoch 155 Test Acc: 94.0
14:02:59 Epoch 155  EMA Test Acc: 94.77
Loss   1.64 Loss_Lx   1.54 Loss_Lu 0.01996
14:04:42 Epoch 156 Test Acc: 94.49
14:04:45 Epoch 156  EMA Test Acc: 95.05
Loss   1.53 Loss_Lx   1.43 Loss_Lu 0.01868
14:06:28 Epoch 157 Test Acc: 94.58
14:06:31 Epoch 157  EMA Test Acc: 94.73
Loss   1.54 Loss_Lx   1.44 Loss_Lu 0.01913
14:08:15 Epoch 158 Test Acc: 94.51
14:08:17 Epoch 158  EMA Test Acc: 95.26
Loss   1.61 Loss_Lx   1.51 Loss_Lu 0.01971
14:10:01 Epoch 159 Test Acc: 94.77
14:10:03 Epoch 159  EMA Test Acc: 94.85
Loss   1.53 Loss_Lx   1.44 Loss_Lu 0.01819
14:11:47 Epoch 160 Test Acc: 94.86
14:11:50 Epoch 160  EMA Test Acc: 94.91
Loss   1.56 Loss_Lx   1.47 Loss_Lu 0.01869
14:13:33 Epoch 161 Test Acc: 95.14
14:13:36 Epoch 161  EMA Test Acc: 95.12
Loss   1.50 Loss_Lx   1.40 Loss_Lu 0.01825
14:15:20 Epoch 162 Test Acc: 94.39
14:15:22 Epoch 162  EMA Test Acc: 94.86
Loss   1.60 Loss_Lx   1.50 Loss_Lu 0.01918
14:17:06 Epoch 163 Test Acc: 94.54
14:17:08 Epoch 163  EMA Test Acc: 95.24
Loss   1.61 Loss_Lx   1.51 Loss_Lu 0.01899
14:18:53 Epoch 164 Test Acc: 94.33
14:18:55 Epoch 164  EMA Test Acc: 94.79
Loss   1.54 Loss_Lx   1.45 Loss_Lu 0.01830
14:20:39 Epoch 165 Test Acc: 94.91
14:20:42 Epoch 165  EMA Test Acc: 95.37
Loss   1.57 Loss_Lx   1.48 Loss_Lu 0.01813
14:22:25 Epoch 166 Test Acc: 94.68
14:22:28 Epoch 166  EMA Test Acc: 95.08
Loss   1.53 Loss_Lx   1.44 Loss_Lu 0.01812
14:24:12 Epoch 167 Test Acc: 94.72
14:24:14 Epoch 167  EMA Test Acc: 95.36
Loss   1.52 Loss_Lx   1.43 Loss_Lu 0.01814
14:25:58 Epoch 168 Test Acc: 94.57
14:26:01 Epoch 168  EMA Test Acc: 95.14
Loss   1.53 Loss_Lx   1.44 Loss_Lu 0.01839
14:27:45 Epoch 169 Test Acc: 94.69
14:27:47 Epoch 169  EMA Test Acc: 95.08
Loss   1.52 Loss_Lx   1.43 Loss_Lu 0.01798
14:29:31 Epoch 170 Test Acc: 95.01
14:29:33 Epoch 170  EMA Test Acc: 95.17
Loss   1.52 Loss_Lx   1.43 Loss_Lu 0.01777
14:31:17 Epoch 171 Test Acc: 94.89
14:31:19 Epoch 171  EMA Test Acc: 95.24
Loss   1.54 Loss_Lx   1.45 Loss_Lu 0.01762
14:33:03 Epoch 172 Test Acc: 94.75
14:33:05 Epoch 172  EMA Test Acc: 94.44
Loss   1.49 Loss_Lx   1.40 Loss_Lu 0.01738
14:34:49 Epoch 173 Test Acc: 94.85
14:34:52 Epoch 173  EMA Test Acc: 95.37
Loss   1.54 Loss_Lx   1.45 Loss_Lu 0.01801
14:36:36 Epoch 174 Test Acc: 94.9
14:36:38 Epoch 174  EMA Test Acc: 94.49
Loss   1.52 Loss_Lx   1.43 Loss_Lu 0.01747
14:38:21 Epoch 175 Test Acc: 94.64
14:38:24 Epoch 175  EMA Test Acc: 95.34
Loss   1.45 Loss_Lx   1.36 Loss_Lu 0.01682
14:40:08 Epoch 176 Test Acc: 94.98
14:40:11 Epoch 176  EMA Test Acc: 95.33
Loss   1.51 Loss_Lx   1.43 Loss_Lu 0.01704
14:41:55 Epoch 177 Test Acc: 94.92
14:41:57 Epoch 177  EMA Test Acc: 95.4
Loss   1.43 Loss_Lx   1.35 Loss_Lu 0.01617
14:43:41 Epoch 178 Test Acc: 94.47
14:43:44 Epoch 178  EMA Test Acc: 95.53
Loss   1.46 Loss_Lx   1.38 Loss_Lu 0.01637
14:45:28 Epoch 179 Test Acc: 95.17
14:45:30 Epoch 179  EMA Test Acc: 95.21
Loss   1.49 Loss_Lx   1.40 Loss_Lu 0.01682
14:47:14 Epoch 180 Test Acc: 95.33
14:47:17 Epoch 180  EMA Test Acc: 95.39
Loss   1.47 Loss_Lx   1.38 Loss_Lu 0.01688
14:49:01 Epoch 181 Test Acc: 94.97
14:49:03 Epoch 181  EMA Test Acc: 95.22
Loss   1.49 Loss_Lx   1.41 Loss_Lu 0.01637
14:50:47 Epoch 182 Test Acc: 95.01
14:50:50 Epoch 182  EMA Test Acc: 94.99
Loss   1.43 Loss_Lx   1.35 Loss_Lu 0.01609
14:52:34 Epoch 183 Test Acc: 94.81
14:52:37 Epoch 183  EMA Test Acc: 95.06
Loss   1.47 Loss_Lx   1.39 Loss_Lu 0.01636
14:54:21 Epoch 184 Test Acc: 95.19
14:54:23 Epoch 184  EMA Test Acc: 94.78
Loss   1.47 Loss_Lx   1.39 Loss_Lu 0.01613
14:56:07 Epoch 185 Test Acc: 95.01
14:56:10 Epoch 185  EMA Test Acc: 95.08
Loss   1.47 Loss_Lx   1.39 Loss_Lu 0.01600
14:57:54 Epoch 186 Test Acc: 94.71
14:57:56 Epoch 186  EMA Test Acc: 95.05
Loss   1.55 Loss_Lx   1.46 Loss_Lu 0.01690
14:59:41 Epoch 187 Test Acc: 95.04
14:59:43 Epoch 187  EMA Test Acc: 94.78
Loss   1.46 Loss_Lx   1.38 Loss_Lu 0.01601
15:01:27 Epoch 188 Test Acc: 95.12
15:01:30 Epoch 188  EMA Test Acc: 95.34
Loss   1.47 Loss_Lx   1.39 Loss_Lu 0.01589
15:03:13 Epoch 189 Test Acc: 95.28
15:03:16 Epoch 189  EMA Test Acc: 95.42
Loss   1.43 Loss_Lx   1.35 Loss_Lu 0.01570
15:05:00 Epoch 190 Test Acc: 95.2
15:05:02 Epoch 190  EMA Test Acc: 95.21
Loss   1.43 Loss_Lx   1.35 Loss_Lu 0.01553
15:06:46 Epoch 191 Test Acc: 95.27
15:06:49 Epoch 191  EMA Test Acc: 95.34
Loss   1.42 Loss_Lx   1.35 Loss_Lu 0.01531
15:08:32 Epoch 192 Test Acc: 94.96
15:08:35 Epoch 192  EMA Test Acc: 95.21
Loss   1.48 Loss_Lx   1.40 Loss_Lu 0.01617
15:10:19 Epoch 193 Test Acc: 95.21
15:10:22 Epoch 193  EMA Test Acc: 95.36
Loss   1.38 Loss_Lx   1.31 Loss_Lu 0.01442
15:12:06 Epoch 194 Test Acc: 95.17
15:12:09 Epoch 194  EMA Test Acc: 95.39
Loss   1.49 Loss_Lx   1.41 Loss_Lu 0.01593
15:13:52 Epoch 195 Test Acc: 95.21
15:13:55 Epoch 195  EMA Test Acc: 95.26
Loss   1.36 Loss_Lx   1.29 Loss_Lu 0.01389
15:15:39 Epoch 196 Test Acc: 95.32
15:15:41 Epoch 196  EMA Test Acc: 95.26
Loss   1.40 Loss_Lx   1.33 Loss_Lu 0.01428
15:17:25 Epoch 197 Test Acc: 94.87
15:17:28 Epoch 197  EMA Test Acc: 95.19
Loss   1.44 Loss_Lx   1.37 Loss_Lu 0.01494
15:19:12 Epoch 198 Test Acc: 95.02
15:19:14 Epoch 198  EMA Test Acc: 95.13
Loss   1.45 Loss_Lx   1.37 Loss_Lu 0.01557
15:20:58 Epoch 199 Test Acc: 95.2
15:21:01 Epoch 199  EMA Test Acc: 95.53
Loss   1.44 Loss_Lx   1.37 Loss_Lu 0.01506
15:22:44 Epoch 200 Test Acc: 95.16
15:22:47 Epoch 200  EMA Test Acc: 95.19
Loss   1.49 Loss_Lx   1.41 Loss_Lu 0.01523
15:24:31 Epoch 201 Test Acc: 95.03
15:24:34 Epoch 201  EMA Test Acc: 95.22
Loss   1.38 Loss_Lx   1.32 Loss_Lu 0.01385
15:26:19 Epoch 202 Test Acc: 95.21
15:26:22 Epoch 202  EMA Test Acc: 95.24
Loss   1.46 Loss_Lx   1.38 Loss_Lu 0.01486
15:28:05 Epoch 203 Test Acc: 95.21
15:28:08 Epoch 203  EMA Test Acc: 95.33
Loss   1.46 Loss_Lx   1.38 Loss_Lu 0.01495
15:29:52 Epoch 204 Test Acc: 95.15
15:29:54 Epoch 204  EMA Test Acc: 95.18
Loss   1.40 Loss_Lx   1.33 Loss_Lu 0.01408
15:31:38 Epoch 205 Test Acc: 95.29
15:31:41 Epoch 205  EMA Test Acc: 95.21
Loss   1.44 Loss_Lx   1.37 Loss_Lu 0.01445
15:33:24 Epoch 206 Test Acc: 95.41
15:33:27 Epoch 206  EMA Test Acc: 95.35
Loss   1.39 Loss_Lx   1.32 Loss_Lu 0.01429
15:35:10 Epoch 207 Test Acc: 95.66
15:35:13 Epoch 207  EMA Test Acc: 95.39
Loss   1.46 Loss_Lx   1.39 Loss_Lu 0.01485
15:36:57 Epoch 208 Test Acc: 95.21
15:36:59 Epoch 208  EMA Test Acc: 95.37
Loss   1.41 Loss_Lx   1.34 Loss_Lu 0.01450
15:38:43 Epoch 209 Test Acc: 95.6
15:38:46 Epoch 209  EMA Test Acc: 95.47
Loss   1.35 Loss_Lx   1.28 Loss_Lu 0.01388
15:40:29 Epoch 210 Test Acc: 95.52
15:40:32 Epoch 210  EMA Test Acc: 95.52
Loss   1.42 Loss_Lx   1.35 Loss_Lu 0.01446
15:42:16 Epoch 211 Test Acc: 95.22
15:42:18 Epoch 211  EMA Test Acc: 95.53
Loss   1.41 Loss_Lx   1.34 Loss_Lu 0.01416
15:44:02 Epoch 212 Test Acc: 94.94
15:44:05 Epoch 212  EMA Test Acc: 95.46
Loss   1.36 Loss_Lx   1.29 Loss_Lu 0.01339
15:45:49 Epoch 213 Test Acc: 95.21
15:45:52 Epoch 213  EMA Test Acc: 95.24
Loss   1.37 Loss_Lx   1.30 Loss_Lu 0.01364
15:47:36 Epoch 214 Test Acc: 95.41
15:47:38 Epoch 214  EMA Test Acc: 95.54
Loss   1.44 Loss_Lx   1.37 Loss_Lu 0.01421
15:49:22 Epoch 215 Test Acc: 95.37
15:49:25 Epoch 215  EMA Test Acc: 95.41
Loss   1.37 Loss_Lx   1.30 Loss_Lu 0.01312
15:51:09 Epoch 216 Test Acc: 95.13
15:51:12 Epoch 216  EMA Test Acc: 95.58
Loss   1.38 Loss_Lx   1.32 Loss_Lu 0.01393
15:52:56 Epoch 217 Test Acc: 95.43
15:52:58 Epoch 217  EMA Test Acc: 95.45
Loss   1.41 Loss_Lx   1.34 Loss_Lu 0.01422
15:54:42 Epoch 218 Test Acc: 95.36
15:54:45 Epoch 218  EMA Test Acc: 95.44
Loss   1.39 Loss_Lx   1.32 Loss_Lu 0.01341
15:56:29 Epoch 219 Test Acc: 95.51
15:56:31 Epoch 219  EMA Test Acc: 95.57
Loss   1.44 Loss_Lx   1.37 Loss_Lu 0.01414
15:58:15 Epoch 220 Test Acc: 95.32
15:58:18 Epoch 220  EMA Test Acc: 95.4
Loss   1.35 Loss_Lx   1.29 Loss_Lu 0.01311
16:00:02 Epoch 221 Test Acc: 95.4
16:00:05 Epoch 221  EMA Test Acc: 95.47
Loss   1.35 Loss_Lx   1.28 Loss_Lu 0.01279
16:01:48 Epoch 222 Test Acc: 95.49
16:01:51 Epoch 222  EMA Test Acc: 95.52
Loss   1.38 Loss_Lx   1.32 Loss_Lu 0.01333
16:03:35 Epoch 223 Test Acc: 95.25
16:03:38 Epoch 223  EMA Test Acc: 95.51
Loss   1.36 Loss_Lx   1.29 Loss_Lu 0.01306
16:05:23 Epoch 224 Test Acc: 95.11
16:05:26 Epoch 224  EMA Test Acc: 95.53
Loss   1.40 Loss_Lx   1.33 Loss_Lu 0.01376
16:07:11 Epoch 225 Test Acc: 95.4
16:07:13 Epoch 225  EMA Test Acc: 95.46
Loss   1.42 Loss_Lx   1.35 Loss_Lu 0.01376
16:09:00 Epoch 226 Test Acc: 95.41
16:09:03 Epoch 226  EMA Test Acc: 95.38
Loss   1.35 Loss_Lx   1.29 Loss_Lu 0.01307
16:10:47 Epoch 227 Test Acc: 95.2
16:10:50 Epoch 227  EMA Test Acc: 95.24
Loss   1.35 Loss_Lx   1.29 Loss_Lu 0.01280
16:12:36 Epoch 228 Test Acc: 95.37
16:12:38 Epoch 228  EMA Test Acc: 95.16
Loss   1.39 Loss_Lx   1.33 Loss_Lu 0.01367
16:14:23 Epoch 229 Test Acc: 95.21
16:14:26 Epoch 229  EMA Test Acc: 95.35
Loss   1.34 Loss_Lx   1.28 Loss_Lu 0.01264
16:16:12 Epoch 230 Test Acc: 95.4
16:16:15 Epoch 230  EMA Test Acc: 95.36
Loss   1.36 Loss_Lx   1.29 Loss_Lu 0.01326
16:17:59 Epoch 231 Test Acc: 95.54
16:18:02 Epoch 231  EMA Test Acc: 95.48
Loss   1.36 Loss_Lx   1.30 Loss_Lu 0.01290
16:19:47 Epoch 232 Test Acc: 95.46
16:19:49 Epoch 232  EMA Test Acc: 95.51
Loss   1.35 Loss_Lx   1.28 Loss_Lu 0.01305
16:21:34 Epoch 233 Test Acc: 95.47
16:21:37 Epoch 233  EMA Test Acc: 95.41
Loss   1.39 Loss_Lx   1.32 Loss_Lu 0.01323
16:23:22 Epoch 234 Test Acc: 95.47
16:23:25 Epoch 234  EMA Test Acc: 95.6
Loss   1.38 Loss_Lx   1.32 Loss_Lu 0.01325
16:25:10 Epoch 235 Test Acc: 95.48
16:25:12 Epoch 235  EMA Test Acc: 95.41
Loss   1.34 Loss_Lx   1.28 Loss_Lu 0.01256
16:26:57 Epoch 236 Test Acc: 95.56
16:27:00 Epoch 236  EMA Test Acc: 95.47
Loss   1.38 Loss_Lx   1.31 Loss_Lu 0.01280
16:28:45 Epoch 237 Test Acc: 95.66
16:28:48 Epoch 237  EMA Test Acc: 95.66
Loss   1.37 Loss_Lx   1.30 Loss_Lu 0.01287
16:30:33 Epoch 238 Test Acc: 95.56
16:30:35 Epoch 238  EMA Test Acc: 95.39
Loss   1.35 Loss_Lx   1.29 Loss_Lu 0.01236
16:32:21 Epoch 239 Test Acc: 95.63
16:32:23 Epoch 239  EMA Test Acc: 95.41
Loss   1.37 Loss_Lx   1.30 Loss_Lu 0.01296
16:34:08 Epoch 240 Test Acc: 95.6
16:34:11 Epoch 240  EMA Test Acc: 95.48
Loss   1.37 Loss_Lx   1.31 Loss_Lu 0.01326
16:35:56 Epoch 241 Test Acc: 95.5
16:35:58 Epoch 241  EMA Test Acc: 95.53
Loss   1.35 Loss_Lx   1.29 Loss_Lu 0.01210
16:37:43 Epoch 242 Test Acc: 95.67
16:37:46 Epoch 242  EMA Test Acc: 95.59
Loss   1.35 Loss_Lx   1.29 Loss_Lu 0.01231
16:39:30 Epoch 243 Test Acc: 95.5
16:39:33 Epoch 243  EMA Test Acc: 95.43
Loss   1.28 Loss_Lx   1.22 Loss_Lu 0.01157
16:41:19 Epoch 244 Test Acc: 95.51
16:41:22 Epoch 244  EMA Test Acc: 95.5
Loss   1.35 Loss_Lx   1.29 Loss_Lu 0.01273
16:43:06 Epoch 245 Test Acc: 95.63
16:43:08 Epoch 245  EMA Test Acc: 95.55
Loss   1.33 Loss_Lx   1.27 Loss_Lu 0.01247
16:44:53 Epoch 246 Test Acc: 95.38
16:44:55 Epoch 246  EMA Test Acc: 95.47
Loss   1.37 Loss_Lx   1.31 Loss_Lu 0.01271
16:46:41 Epoch 247 Test Acc: 95.35
16:46:43 Epoch 247  EMA Test Acc: 95.47
Loss   1.34 Loss_Lx   1.28 Loss_Lu 0.01210
16:48:28 Epoch 248 Test Acc: 95.52
16:48:31 Epoch 248  EMA Test Acc: 95.47
Loss   1.30 Loss_Lx   1.24 Loss_Lu 0.01155
16:50:15 Epoch 249 Test Acc: 95.52
16:50:18 Epoch 249  EMA Test Acc: 95.39
Loss   1.33 Loss_Lx   1.27 Loss_Lu 0.01184
16:52:03 Epoch 250 Test Acc: 95.49
16:52:05 Epoch 250  EMA Test Acc: 95.52
Loss   1.29 Loss_Lx   1.23 Loss_Lu 0.01158
16:53:50 Epoch 251 Test Acc: 95.56
16:53:53 Epoch 251  EMA Test Acc: 95.49
Loss   1.31 Loss_Lx   1.25 Loss_Lu 0.01137
16:55:38 Epoch 252 Test Acc: 95.59
16:55:40 Epoch 252  EMA Test Acc: 95.56
Loss   1.39 Loss_Lx   1.32 Loss_Lu 0.01327
16:57:25 Epoch 253 Test Acc: 95.5
16:57:28 Epoch 253  EMA Test Acc: 95.63
Loss   1.28 Loss_Lx   1.22 Loss_Lu 0.01145
16:59:13 Epoch 254 Test Acc: 95.49
16:59:15 Epoch 254  EMA Test Acc: 95.54
Loss   1.34 Loss_Lx   1.28 Loss_Lu 0.01232
17:01:00 Epoch 255 Test Acc: 95.43
17:01:03 Epoch 255  EMA Test Acc: 95.48
Loss   1.34 Loss_Lx   1.28 Loss_Lu 0.01230
17:02:48 Epoch 256 Test Acc: 95.51
17:02:51 Epoch 256  EMA Test Acc: 95.44
Loss   1.30 Loss_Lx   1.24 Loss_Lu 0.01213
17:04:36 Epoch 257 Test Acc: 95.62
17:04:39 Epoch 257  EMA Test Acc: 95.53
Loss   1.29 Loss_Lx   1.24 Loss_Lu 0.01140
17:06:24 Epoch 258 Test Acc: 95.52
17:06:26 Epoch 258  EMA Test Acc: 95.55
Loss   1.33 Loss_Lx   1.27 Loss_Lu 0.01237
17:08:11 Epoch 259 Test Acc: 95.46
17:08:14 Epoch 259  EMA Test Acc: 95.45
Loss   1.32 Loss_Lx   1.26 Loss_Lu 0.01196
17:09:58 Epoch 260 Test Acc: 95.41
17:10:01 Epoch 260  EMA Test Acc: 95.39
Loss   1.32 Loss_Lx   1.26 Loss_Lu 0.01193
17:11:46 Epoch 261 Test Acc: 95.49
17:11:49 Epoch 261  EMA Test Acc: 95.5
Loss   1.31 Loss_Lx   1.25 Loss_Lu 0.01173
17:13:33 Epoch 262 Test Acc: 95.74
17:13:36 Epoch 262  EMA Test Acc: 95.59
Loss   1.25 Loss_Lx   1.19 Loss_Lu 0.01112
17:15:21 Epoch 263 Test Acc: 95.44
17:15:23 Epoch 263  EMA Test Acc: 95.46
Loss   1.33 Loss_Lx   1.27 Loss_Lu 0.01177
17:17:07 Epoch 264 Test Acc: 95.58
17:17:10 Epoch 264  EMA Test Acc: 95.71
Loss   1.31 Loss_Lx   1.26 Loss_Lu 0.01178
17:19:05 Epoch 265 Test Acc: 95.46
17:19:08 Epoch 265  EMA Test Acc: 95.53
Loss   1.33 Loss_Lx   1.28 Loss_Lu 0.01179
17:21:00 Epoch 266 Test Acc: 95.52
17:21:02 Epoch 266  EMA Test Acc: 95.54
Loss   1.32 Loss_Lx   1.26 Loss_Lu 0.01177
17:22:57 Epoch 267 Test Acc: 95.6
17:22:59 Epoch 267  EMA Test Acc: 95.67
Loss   1.34 Loss_Lx   1.28 Loss_Lu 0.01222
17:24:44 Epoch 268 Test Acc: 95.57
17:24:47 Epoch 268  EMA Test Acc: 95.62
Loss   1.34 Loss_Lx   1.28 Loss_Lu 0.01198
17:26:32 Epoch 269 Test Acc: 95.47
17:26:35 Epoch 269  EMA Test Acc: 95.58
Loss   1.34 Loss_Lx   1.28 Loss_Lu 0.01244
17:28:20 Epoch 270 Test Acc: 95.77
17:28:23 Epoch 270  EMA Test Acc: 95.67
Loss   1.27 Loss_Lx   1.22 Loss_Lu 0.01116
17:30:08 Epoch 271 Test Acc: 95.69
17:30:11 Epoch 271  EMA Test Acc: 95.6
Loss   1.28 Loss_Lx   1.22 Loss_Lu 0.01113
17:31:56 Epoch 272 Test Acc: 95.46
17:31:59 Epoch 272  EMA Test Acc: 95.62
Loss   1.41 Loss_Lx   1.35 Loss_Lu 0.01297
17:33:44 Epoch 273 Test Acc: 95.49
17:33:47 Epoch 273  EMA Test Acc: 95.46
Loss   1.34 Loss_Lx   1.28 Loss_Lu 0.01193
17:35:32 Epoch 274 Test Acc: 95.51
17:35:35 Epoch 274  EMA Test Acc: 95.51
Loss   1.29 Loss_Lx   1.23 Loss_Lu 0.01167
17:37:20 Epoch 275 Test Acc: 95.53
17:37:23 Epoch 275  EMA Test Acc: 95.53
Loss   1.29 Loss_Lx   1.23 Loss_Lu 0.01157
17:39:07 Epoch 276 Test Acc: 95.63
17:39:10 Epoch 276  EMA Test Acc: 95.62
Loss   1.29 Loss_Lx   1.23 Loss_Lu 0.01147
17:40:55 Epoch 277 Test Acc: 95.51
17:40:57 Epoch 277  EMA Test Acc: 95.5
Loss   1.32 Loss_Lx   1.26 Loss_Lu 0.01173
17:42:42 Epoch 278 Test Acc: 95.54
17:42:45 Epoch 278  EMA Test Acc: 95.44
Loss   1.34 Loss_Lx   1.28 Loss_Lu 0.01205
17:44:30 Epoch 279 Test Acc: 95.64
17:44:33 Epoch 279  EMA Test Acc: 95.63
Loss   1.35 Loss_Lx   1.29 Loss_Lu 0.01235
17:46:17 Epoch 280 Test Acc: 95.66
17:46:20 Epoch 280  EMA Test Acc: 95.6
Loss   1.37 Loss_Lx   1.31 Loss_Lu 0.01198
17:48:05 Epoch 281 Test Acc: 95.56
17:48:08 Epoch 281  EMA Test Acc: 95.51
Loss   1.29 Loss_Lx   1.24 Loss_Lu 0.01156
17:49:53 Epoch 282 Test Acc: 95.46
17:49:55 Epoch 282  EMA Test Acc: 95.45
Loss   1.33 Loss_Lx   1.28 Loss_Lu 0.01157
17:51:40 Epoch 283 Test Acc: 95.51
17:51:43 Epoch 283  EMA Test Acc: 95.53
Loss   1.34 Loss_Lx   1.28 Loss_Lu 0.01189
17:53:28 Epoch 284 Test Acc: 95.4
17:53:30 Epoch 284  EMA Test Acc: 95.46
Loss   1.36 Loss_Lx   1.30 Loss_Lu 0.01214
17:55:21 Epoch 285 Test Acc: 95.56
17:55:24 Epoch 285  EMA Test Acc: 95.49
Loss   1.34 Loss_Lx   1.28 Loss_Lu 0.01172
17:57:21 Epoch 286 Test Acc: 95.6
17:57:23 Epoch 286  EMA Test Acc: 95.45
Loss   1.35 Loss_Lx   1.29 Loss_Lu 0.01231
17:59:08 Epoch 287 Test Acc: 95.53
17:59:11 Epoch 287  EMA Test Acc: 95.56
Loss   1.34 Loss_Lx   1.28 Loss_Lu 0.01195
18:00:56 Epoch 288 Test Acc: 95.49
18:00:58 Epoch 288  EMA Test Acc: 95.56
Loss   1.34 Loss_Lx   1.28 Loss_Lu 0.01221
18:02:44 Epoch 289 Test Acc: 95.58
18:02:46 Epoch 289  EMA Test Acc: 95.57
Loss   1.36 Loss_Lx   1.30 Loss_Lu 0.01229
18:04:32 Epoch 290 Test Acc: 95.61
18:04:34 Epoch 290  EMA Test Acc: 95.61
Loss   1.30 Loss_Lx   1.24 Loss_Lu 0.01188
18:06:20 Epoch 291 Test Acc: 95.52
18:06:22 Epoch 291  EMA Test Acc: 95.5
Loss   1.34 Loss_Lx   1.28 Loss_Lu 0.01173
18:08:08 Epoch 292 Test Acc: 95.51
18:08:11 Epoch 292  EMA Test Acc: 95.47
Loss   1.38 Loss_Lx   1.32 Loss_Lu 0.01233
18:09:56 Epoch 293 Test Acc: 95.48
18:09:58 Epoch 293  EMA Test Acc: 95.58
Loss   1.36 Loss_Lx   1.30 Loss_Lu 0.01220
18:11:44 Epoch 294 Test Acc: 95.54
18:11:46 Epoch 294  EMA Test Acc: 95.49
Loss   1.33 Loss_Lx   1.27 Loss_Lu 0.01175
18:13:31 Epoch 295 Test Acc: 95.48
18:13:33 Epoch 295  EMA Test Acc: 95.62
Loss   1.31 Loss_Lx   1.26 Loss_Lu 0.01137
18:15:18 Epoch 296 Test Acc: 95.62
18:15:21 Epoch 296  EMA Test Acc: 95.55
Loss   1.28 Loss_Lx   1.22 Loss_Lu 0.01090
18:17:05 Epoch 297 Test Acc: 95.67
18:17:08 Epoch 297  EMA Test Acc: 95.6
Loss   1.36 Loss_Lx   1.30 Loss_Lu 0.01247
18:18:52 Epoch 298 Test Acc: 95.58
18:18:55 Epoch 298  EMA Test Acc: 95.63
Loss   1.31 Loss_Lx   1.25 Loss_Lu 0.01156
18:20:40 Epoch 299 Test Acc: 95.46
18:20:42 Epoch 299  EMA Test Acc: 95.54
18:20:42 Best Test Acc: 95.77149200439453
