Sun Jul 10 10:02:16 2022       
+-----------------------------------------------------------------------------+
| NVIDIA-SMI 515.48.07    Driver Version: 515.48.07    CUDA Version: 11.7     |
|-------------------------------+----------------------+----------------------+
| GPU  Name        Persistence-M| Bus-Id        Disp.A | Volatile Uncorr. ECC |
| Fan  Temp  Perf  Pwr:Usage/Cap|         Memory-Usage | GPU-Util  Compute M. |
|                               |                      |               MIG M. |
|===============================+======================+======================|
|   0  NVIDIA A100-SXM...  Off  | 00000000:51:00.0 Off |                    0 |
| N/A   55C    P0   260W / 400W |   9897MiB / 81920MiB |    100%      Default |
|                               |                      |             Disabled |
+-------------------------------+----------------------+----------------------+
|   1  NVIDIA A100-SXM...  Off  | 00000000:56:00.0 Off |                    0 |
| N/A   29C    P0    68W / 400W |      4MiB / 81920MiB |      0%      Default |
|                               |                      |             Disabled |
+-------------------------------+----------------------+----------------------+
|   2  NVIDIA A100-SXM...  Off  | 00000000:6B:00.0 Off |                    0 |
| N/A   30C    P0    68W / 400W |      4MiB / 81920MiB |      0%      Default |
|                               |                      |             Disabled |
+-------------------------------+----------------------+----------------------+
|   3  NVIDIA A100-SXM...  Off  | 00000000:71:00.0 Off |                    0 |
| N/A   33C    P0    65W / 400W |      4MiB / 81920MiB |      0%      Default |
|                               |                      |             Disabled |
+-------------------------------+----------------------+----------------------+
|   4  NVIDIA A100-SXM...  Off  | 00000000:8A:00.0 Off |                    0 |
| N/A   71C    P0   326W / 400W |  11447MiB / 81920MiB |    100%      Default |
|                               |                      |             Disabled |
+-------------------------------+----------------------+----------------------+
|   5  NVIDIA A100-SXM...  Off  | 00000000:8E:00.0 Off |                    0 |
| N/A   53C    P0   272W / 400W |  11447MiB / 81920MiB |    100%      Default |
|                               |                      |             Disabled |
+-------------------------------+----------------------+----------------------+
|   6  NVIDIA A100-SXM...  Off  | 00000000:A8:00.0 Off |                    0 |
| N/A   61C    P0   296W / 400W |  11449MiB / 81920MiB |     99%      Default |
|                               |                      |             Disabled |
+-------------------------------+----------------------+----------------------+
|   7  NVIDIA A100-SXM...  Off  | 00000000:AB:00.0 Off |                    0 |
| N/A   69C    P0   327W / 400W |  11449MiB / 81920MiB |    100%      Default |
|                               |                      |             Disabled |
+-------------------------------+----------------------+----------------------+
                                                                               
+-----------------------------------------------------------------------------+
| Processes:                                                                  |
|  GPU   GI   CI        PID   Type   Process name                  GPU Memory |
|        ID   ID                                                   Usage      |
|=============================================================================|
|    0   N/A  N/A      3532      G   /usr/lib/xorg/Xorg                  4MiB |
|    0   N/A  N/A   3615542      C   python                           4155MiB |
|    0   N/A  N/A   3670694      C   python                           5721MiB |
|    1   N/A  N/A      3532      G   /usr/lib/xorg/Xorg                  4MiB |
|    2   N/A  N/A      3532      G   /usr/lib/xorg/Xorg                  4MiB |
|    3   N/A  N/A      3532      G   /usr/lib/xorg/Xorg                  4MiB |
|    4   N/A  N/A      3532      G   /usr/lib/xorg/Xorg                  4MiB |
|    4   N/A  N/A   3670698      C   python                           5719MiB |
|    4   N/A  N/A   3670702      C   python                           5721MiB |
|    5   N/A  N/A      3532      G   /usr/lib/xorg/Xorg                  4MiB |
|    5   N/A  N/A   3670699      C   python                           5721MiB |
|    5   N/A  N/A   3670703      C   python                           5719MiB |
|    6   N/A  N/A      3532      G   /usr/lib/xorg/Xorg                  4MiB |
|    6   N/A  N/A   3670700      C   python                           5721MiB |
|    6   N/A  N/A   3670704      C   python                           5721MiB |
|    7   N/A  N/A      3532      G   /usr/lib/xorg/Xorg                  4MiB |
|    7   N/A  N/A   3670701      C   python                           5721MiB |
|    7   N/A  N/A   3670705      C   python                           5721MiB |
+-----------------------------------------------------------------------------+
Namespace(PES_lr=0.0001, T=0.5, T1=0, T2=5, alpha=4, batch_size=128, data_path='./data', data_percent=1, dataset='CIFAR10', ema=0.997, lambda_u=0, lr=0.02, noise_type='aggre_label', num_epochs=300, optim='cos', seed=3, weight_decay=0.0005)
Files already downloaded and verified
Files already downloaded and verified
Train Epoch: [0][  0/390]	Time   0.10	Data   0.00	Loss   3.76	Acc@1  32.22
10:03:15 Epoch 0 Test Acc: 42.42
10:03:18 Epoch 0  EMA Test Acc: 11.07
Train Epoch: [1][  0/390]	Time   0.10	Data   0.00	Loss   2.98	Acc@1  47.30
10:04:00 Epoch 1 Test Acc: 50.58
10:04:03 Epoch 1  EMA Test Acc: 22.97
Train Epoch: [2][  0/390]	Time   0.10	Data   0.00	Loss   2.49	Acc@1  57.54
10:04:45 Epoch 2 Test Acc: 67.81
10:04:47 Epoch 2  EMA Test Acc: 45.38
Train Epoch: [3][  0/390]	Time   0.10	Data   0.00	Loss   2.16	Acc@1  63.86
10:05:29 Epoch 3 Test Acc: 66.41
10:05:32 Epoch 3  EMA Test Acc: 63.81
Train Epoch: [4][  0/390]	Time   0.10	Data   0.00	Loss   1.97	Acc@1  67.81
10:06:14 Epoch 4 Test Acc: 68.48
10:06:17 Epoch 4  EMA Test Acc: 70.55
Train Epoch: [5][  0/390]	Time   0.10	Data   0.00	Loss   1.84	Acc@1  70.17
10:06:59 Epoch 5 Test Acc: 76.27
10:07:01 Epoch 5  EMA Test Acc: 73.75
Train Epoch: [6][  0/390]	Time   0.10	Data   0.00	Loss   1.73	Acc@1  72.30
10:07:44 Epoch 6 Test Acc: 77.57
10:07:46 Epoch 6  EMA Test Acc: 78.39
Train Epoch: [7][  0/390]	Time   0.10	Data   0.00	Loss   1.64	Acc@1  73.97
10:08:28 Epoch 7 Test Acc: 79.68
10:08:31 Epoch 7  EMA Test Acc: 77.2
Train Epoch: [8][  0/390]	Time   0.10	Data   0.00	Loss   1.58	Acc@1  74.85
10:09:13 Epoch 8 Test Acc: 83.18
10:09:15 Epoch 8  EMA Test Acc: 82.24
Train Epoch: [9][  0/390]	Time   0.10	Data   0.00	Loss   1.52	Acc@1  76.19
10:09:58 Epoch 9 Test Acc: 79.53
10:10:00 Epoch 9  EMA Test Acc: 81.66
Train Epoch: [10][  0/390]	Time   0.10	Data   0.00	Loss   1.47	Acc@1  76.88
10:10:42 Epoch 10 Test Acc: 80.33
10:10:45 Epoch 10  EMA Test Acc: 85.19
Train Epoch: [11][  0/390]	Time   0.10	Data   0.00	Loss   1.42	Acc@1  77.74
10:11:27 Epoch 11 Test Acc: 83.66
10:11:30 Epoch 11  EMA Test Acc: 84.79
Train Epoch: [12][  0/390]	Time   0.10	Data   0.00	Loss   1.39	Acc@1  78.44
10:12:12 Epoch 12 Test Acc: 83.36
10:12:14 Epoch 12  EMA Test Acc: 86.6
Train Epoch: [13][  0/390]	Time   0.10	Data   0.00	Loss   1.37	Acc@1  78.84
10:12:56 Epoch 13 Test Acc: 86.33
10:12:59 Epoch 13  EMA Test Acc: 86.08
Train Epoch: [14][  0/390]	Time   0.10	Data   0.00	Loss   1.34	Acc@1  79.37
10:13:41 Epoch 14 Test Acc: 85.09
10:13:44 Epoch 14  EMA Test Acc: 84.38
Train Epoch: [15][  0/390]	Time   0.10	Data   0.00	Loss   1.31	Acc@1  79.96
10:14:26 Epoch 15 Test Acc: 85.21
10:14:29 Epoch 15  EMA Test Acc: 86.34
Train Epoch: [16][  0/390]	Time   0.10	Data   0.00	Loss   1.28	Acc@1  80.40
10:15:11 Epoch 16 Test Acc: 86.78
10:15:13 Epoch 16  EMA Test Acc: 88.26
Train Epoch: [17][  0/390]	Time   0.10	Data   0.00	Loss   1.26	Acc@1  80.85
10:15:56 Epoch 17 Test Acc: 84.63
10:15:58 Epoch 17  EMA Test Acc: 88.54
Train Epoch: [18][  0/390]	Time   0.10	Data   0.00	Loss   1.24	Acc@1  81.04
10:16:40 Epoch 18 Test Acc: 85.82
10:16:43 Epoch 18  EMA Test Acc: 86.73
Train Epoch: [19][  0/390]	Time   0.10	Data   0.00	Loss   1.23	Acc@1  81.21
10:17:25 Epoch 19 Test Acc: 86.65
10:17:27 Epoch 19  EMA Test Acc: 89.46
re-initalize the final layer
Train Epoch: [0][  0/390]	Time   0.05	Data   0.00	Loss   2.34	Acc@1  79.94
10:17:48 Epoch 0 Test Acc: 88.57
Train Epoch: [1][  0/390]	Time   0.05	Data   0.00	Loss   1.51	Acc@1  82.66
10:18:08 Epoch 1 Test Acc: 88.85
Train Epoch: [2][  0/390]	Time   0.05	Data   0.00	Loss   1.31	Acc@1  82.66
10:18:28 Epoch 2 Test Acc: 88.96
Train Epoch: [3][  0/390]	Time   0.05	Data   0.00	Loss   1.23	Acc@1  82.79
10:18:49 Epoch 3 Test Acc: 88.64
Train Epoch: [4][  0/390]	Time   0.05	Data   0.00	Loss   1.19	Acc@1  82.93
10:19:09 Epoch 4 Test Acc: 88.85
Loss   3.00 Loss_Lx   2.99 Loss_Lu 0.04073
10:20:53 Epoch 20 Test Acc: 87.34
10:20:56 Epoch 20  EMA Test Acc: 80.7
Loss   2.89 Loss_Lx   2.87 Loss_Lu 0.03938
10:22:40 Epoch 21 Test Acc: 86.73
10:22:42 Epoch 21  EMA Test Acc: 80.65
Loss   2.82 Loss_Lx   2.79 Loss_Lu 0.03851
10:24:26 Epoch 22 Test Acc: 87.99
10:24:29 Epoch 22  EMA Test Acc: 80.23
Loss   2.82 Loss_Lx   2.78 Loss_Lu 0.03755
10:26:12 Epoch 23 Test Acc: 86.64
10:26:14 Epoch 23  EMA Test Acc: 85.73
Loss   2.79 Loss_Lx   2.73 Loss_Lu 0.03658
10:27:58 Epoch 24 Test Acc: 87.78
10:28:00 Epoch 24  EMA Test Acc: 83.81
Loss   2.79 Loss_Lx   2.72 Loss_Lu 0.03628
10:29:44 Epoch 25 Test Acc: 87.97
10:29:46 Epoch 25  EMA Test Acc: 86.57
Loss   2.76 Loss_Lx   2.69 Loss_Lu 0.03572
10:31:30 Epoch 26 Test Acc: 88.04
10:31:32 Epoch 26  EMA Test Acc: 86.0
Loss   2.75 Loss_Lx   2.67 Loss_Lu 0.03524
10:33:16 Epoch 27 Test Acc: 87.51
10:33:19 Epoch 27  EMA Test Acc: 85.38
Loss   2.76 Loss_Lx   2.67 Loss_Lu 0.03493
10:35:02 Epoch 28 Test Acc: 87.82
10:35:05 Epoch 28  EMA Test Acc: 82.99
Loss   2.75 Loss_Lx   2.65 Loss_Lu 0.03437
10:36:48 Epoch 29 Test Acc: 87.68
10:36:51 Epoch 29  EMA Test Acc: 87.64
Loss   2.72 Loss_Lx   2.61 Loss_Lu 0.03434
10:38:34 Epoch 30 Test Acc: 88.33
10:38:37 Epoch 30  EMA Test Acc: 84.26
Loss   2.72 Loss_Lx   2.60 Loss_Lu 0.03419
10:40:20 Epoch 31 Test Acc: 87.25
10:40:23 Epoch 31  EMA Test Acc: 87.13
Loss   2.76 Loss_Lx   2.63 Loss_Lu 0.03358
10:42:06 Epoch 32 Test Acc: 88.34
10:42:09 Epoch 32  EMA Test Acc: 87.5
Loss   2.74 Loss_Lx   2.60 Loss_Lu 0.03365
10:43:52 Epoch 33 Test Acc: 88.28
10:43:55 Epoch 33  EMA Test Acc: 85.69
Loss   2.75 Loss_Lx   2.60 Loss_Lu 0.03314
10:45:38 Epoch 34 Test Acc: 88.25
10:45:41 Epoch 34  EMA Test Acc: 86.48
Loss   2.72 Loss_Lx   2.56 Loss_Lu 0.03300
10:47:24 Epoch 35 Test Acc: 89.43
10:47:26 Epoch 35  EMA Test Acc: 87.55
Loss   2.73 Loss_Lx   2.56 Loss_Lu 0.03341
10:49:10 Epoch 36 Test Acc: 89.19
10:49:13 Epoch 36  EMA Test Acc: 90.11
Loss   2.72 Loss_Lx   2.56 Loss_Lu 0.03266
10:50:57 Epoch 37 Test Acc: 90.04
10:50:59 Epoch 37  EMA Test Acc: 86.81
Loss   2.72 Loss_Lx   2.56 Loss_Lu 0.03285
10:52:43 Epoch 38 Test Acc: 88.61
10:52:45 Epoch 38  EMA Test Acc: 87.6
Loss   2.69 Loss_Lx   2.53 Loss_Lu 0.03227
10:54:29 Epoch 39 Test Acc: 90.26
10:54:31 Epoch 39  EMA Test Acc: 90.44
Loss   2.67 Loss_Lx   2.51 Loss_Lu 0.03257
10:56:15 Epoch 40 Test Acc: 90.18
10:56:17 Epoch 40  EMA Test Acc: 87.79
Loss   2.70 Loss_Lx   2.53 Loss_Lu 0.03313
10:58:01 Epoch 41 Test Acc: 90.43
10:58:03 Epoch 41  EMA Test Acc: 86.47
Loss   2.65 Loss_Lx   2.48 Loss_Lu 0.03251
10:59:47 Epoch 42 Test Acc: 90.18
10:59:49 Epoch 42  EMA Test Acc: 90.53
Loss   2.67 Loss_Lx   2.51 Loss_Lu 0.03256
11:01:33 Epoch 43 Test Acc: 90.35
11:01:35 Epoch 43  EMA Test Acc: 89.89
Loss   2.67 Loss_Lx   2.50 Loss_Lu 0.03248
11:03:19 Epoch 44 Test Acc: 89.66
11:03:21 Epoch 44  EMA Test Acc: 89.34
Loss   2.62 Loss_Lx   2.46 Loss_Lu 0.03237
11:05:05 Epoch 45 Test Acc: 89.54
11:05:07 Epoch 45  EMA Test Acc: 88.17
Loss   2.62 Loss_Lx   2.45 Loss_Lu 0.03259
11:06:50 Epoch 46 Test Acc: 89.59
11:06:53 Epoch 46  EMA Test Acc: 90.75
Loss   2.65 Loss_Lx   2.49 Loss_Lu 0.03254
11:08:36 Epoch 47 Test Acc: 90.45
11:08:39 Epoch 47  EMA Test Acc: 88.73
Loss   2.60 Loss_Lx   2.44 Loss_Lu 0.03237
11:10:23 Epoch 48 Test Acc: 88.27
11:10:25 Epoch 48  EMA Test Acc: 89.54
Loss   2.61 Loss_Lx   2.45 Loss_Lu 0.03217
11:12:09 Epoch 49 Test Acc: 90.14
11:12:11 Epoch 49  EMA Test Acc: 90.54
Loss   2.61 Loss_Lx   2.45 Loss_Lu 0.03207
11:13:55 Epoch 50 Test Acc: 90.45
11:13:57 Epoch 50  EMA Test Acc: 90.7
Loss   2.61 Loss_Lx   2.45 Loss_Lu 0.03229
11:15:41 Epoch 51 Test Acc: 89.72
11:15:43 Epoch 51  EMA Test Acc: 90.44
Loss   2.61 Loss_Lx   2.45 Loss_Lu 0.03204
11:17:27 Epoch 52 Test Acc: 89.21
11:17:30 Epoch 52  EMA Test Acc: 91.13
Loss   2.60 Loss_Lx   2.44 Loss_Lu 0.03227
11:19:13 Epoch 53 Test Acc: 91.01
11:19:16 Epoch 53  EMA Test Acc: 91.11
Loss   2.59 Loss_Lx   2.43 Loss_Lu 0.03189
11:20:59 Epoch 54 Test Acc: 91.03
11:21:02 Epoch 54  EMA Test Acc: 91.01
Loss   2.57 Loss_Lx   2.41 Loss_Lu 0.03205
11:22:46 Epoch 55 Test Acc: 90.83
11:22:48 Epoch 55  EMA Test Acc: 91.67
Loss   2.58 Loss_Lx   2.42 Loss_Lu 0.03237
11:24:32 Epoch 56 Test Acc: 90.86
11:24:34 Epoch 56  EMA Test Acc: 90.56
Loss   2.56 Loss_Lx   2.41 Loss_Lu 0.03179
11:26:17 Epoch 57 Test Acc: 89.99
11:26:20 Epoch 57  EMA Test Acc: 92.06
Loss   2.55 Loss_Lx   2.39 Loss_Lu 0.03216
11:28:03 Epoch 58 Test Acc: 90.57
11:28:06 Epoch 58  EMA Test Acc: 91.88
Loss   2.57 Loss_Lx   2.41 Loss_Lu 0.03157
11:29:49 Epoch 59 Test Acc: 90.65
11:29:52 Epoch 59  EMA Test Acc: 91.97
Loss   2.54 Loss_Lx   2.38 Loss_Lu 0.03166
11:31:35 Epoch 60 Test Acc: 89.74
11:31:37 Epoch 60  EMA Test Acc: 91.46
Loss   2.53 Loss_Lx   2.37 Loss_Lu 0.03173
11:33:21 Epoch 61 Test Acc: 90.68
11:33:23 Epoch 61  EMA Test Acc: 92.43
Loss   2.53 Loss_Lx   2.37 Loss_Lu 0.03154
11:35:07 Epoch 62 Test Acc: 91.2
11:35:09 Epoch 62  EMA Test Acc: 90.94
Loss   2.53 Loss_Lx   2.37 Loss_Lu 0.03202
11:36:53 Epoch 63 Test Acc: 91.78
11:36:56 Epoch 63  EMA Test Acc: 92.42
Loss   2.53 Loss_Lx   2.37 Loss_Lu 0.03194
11:38:39 Epoch 64 Test Acc: 90.91
11:38:42 Epoch 64  EMA Test Acc: 92.18
Loss   2.54 Loss_Lx   2.38 Loss_Lu 0.03182
11:40:25 Epoch 65 Test Acc: 91.93
11:40:28 Epoch 65  EMA Test Acc: 93.03
Loss   2.54 Loss_Lx   2.38 Loss_Lu 0.03171
11:42:11 Epoch 66 Test Acc: 91.22
11:42:14 Epoch 66  EMA Test Acc: 92.47
Loss   2.51 Loss_Lx   2.35 Loss_Lu 0.03184
11:43:57 Epoch 67 Test Acc: 91.37
11:43:59 Epoch 67  EMA Test Acc: 92.58
Loss   2.52 Loss_Lx   2.37 Loss_Lu 0.03180
11:45:43 Epoch 68 Test Acc: 91.3
11:45:45 Epoch 68  EMA Test Acc: 92.54
Loss   2.52 Loss_Lx   2.36 Loss_Lu 0.03176
11:47:29 Epoch 69 Test Acc: 91.35
11:47:31 Epoch 69  EMA Test Acc: 92.68
Loss   2.50 Loss_Lx   2.34 Loss_Lu 0.03138
11:49:15 Epoch 70 Test Acc: 90.9
11:49:17 Epoch 70  EMA Test Acc: 92.01
Loss   2.51 Loss_Lx   2.35 Loss_Lu 0.03177
11:51:01 Epoch 71 Test Acc: 91.31
11:51:03 Epoch 71  EMA Test Acc: 92.7
Loss   2.50 Loss_Lx   2.33 Loss_Lu 0.03213
11:52:47 Epoch 72 Test Acc: 91.61
11:52:49 Epoch 72  EMA Test Acc: 91.98
Loss   2.48 Loss_Lx   2.32 Loss_Lu 0.03220
11:54:33 Epoch 73 Test Acc: 90.84
11:54:35 Epoch 73  EMA Test Acc: 92.42
Loss   2.49 Loss_Lx   2.33 Loss_Lu 0.03225
11:56:19 Epoch 74 Test Acc: 90.96
11:56:21 Epoch 74  EMA Test Acc: 90.97
Loss   2.46 Loss_Lx   2.31 Loss_Lu 0.03156
11:58:05 Epoch 75 Test Acc: 92.02
11:58:08 Epoch 75  EMA Test Acc: 91.73
Loss   2.46 Loss_Lx   2.31 Loss_Lu 0.03131
11:59:51 Epoch 76 Test Acc: 91.91
11:59:54 Epoch 76  EMA Test Acc: 93.0
Loss   2.48 Loss_Lx   2.33 Loss_Lu 0.03135
12:01:37 Epoch 77 Test Acc: 91.94
12:01:40 Epoch 77  EMA Test Acc: 91.86
Loss   2.47 Loss_Lx   2.31 Loss_Lu 0.03241
12:03:23 Epoch 78 Test Acc: 92.72
12:03:26 Epoch 78  EMA Test Acc: 93.27
Loss   2.46 Loss_Lx   2.30 Loss_Lu 0.03169
12:05:10 Epoch 79 Test Acc: 92.75
12:05:12 Epoch 79  EMA Test Acc: 92.6
Loss   2.47 Loss_Lx   2.31 Loss_Lu 0.03214
12:06:56 Epoch 80 Test Acc: 92.67
12:06:58 Epoch 80  EMA Test Acc: 92.73
Loss   2.45 Loss_Lx   2.29 Loss_Lu 0.03206
12:08:42 Epoch 81 Test Acc: 91.57
12:08:44 Epoch 81  EMA Test Acc: 92.12
Loss   2.47 Loss_Lx   2.32 Loss_Lu 0.03169
12:10:28 Epoch 82 Test Acc: 91.81
12:10:30 Epoch 82  EMA Test Acc: 92.23
Loss   2.47 Loss_Lx   2.31 Loss_Lu 0.03237
12:12:14 Epoch 83 Test Acc: 92.55
12:12:16 Epoch 83  EMA Test Acc: 93.44
Loss   2.46 Loss_Lx   2.30 Loss_Lu 0.03200
12:14:00 Epoch 84 Test Acc: 92.52
12:14:03 Epoch 84  EMA Test Acc: 92.99
Loss   2.43 Loss_Lx   2.27 Loss_Lu 0.03188
12:15:46 Epoch 85 Test Acc: 92.57
12:15:49 Epoch 85  EMA Test Acc: 93.78
Loss   2.42 Loss_Lx   2.27 Loss_Lu 0.03151
12:17:33 Epoch 86 Test Acc: 92.09
12:17:35 Epoch 86  EMA Test Acc: 93.76
Loss   2.42 Loss_Lx   2.26 Loss_Lu 0.03157
12:19:19 Epoch 87 Test Acc: 92.39
12:19:21 Epoch 87  EMA Test Acc: 92.78
Loss   2.42 Loss_Lx   2.26 Loss_Lu 0.03168
12:21:05 Epoch 88 Test Acc: 92.65
12:21:07 Epoch 88  EMA Test Acc: 93.14
Loss   2.41 Loss_Lx   2.24 Loss_Lu 0.03238
12:22:51 Epoch 89 Test Acc: 92.36
12:22:54 Epoch 89  EMA Test Acc: 93.3
Loss   2.42 Loss_Lx   2.26 Loss_Lu 0.03181
12:24:37 Epoch 90 Test Acc: 92.34
12:24:40 Epoch 90  EMA Test Acc: 93.39
Loss   2.41 Loss_Lx   2.25 Loss_Lu 0.03193
12:26:24 Epoch 91 Test Acc: 92.66
12:26:26 Epoch 91  EMA Test Acc: 92.89
Loss   2.42 Loss_Lx   2.26 Loss_Lu 0.03168
12:28:10 Epoch 92 Test Acc: 92.0
12:28:12 Epoch 92  EMA Test Acc: 92.32
Loss   2.39 Loss_Lx   2.23 Loss_Lu 0.03166
12:29:56 Epoch 93 Test Acc: 92.74
12:29:59 Epoch 93  EMA Test Acc: 93.61
Loss   2.40 Loss_Lx   2.24 Loss_Lu 0.03135
12:31:43 Epoch 94 Test Acc: 91.78
12:31:45 Epoch 94  EMA Test Acc: 93.54
Loss   2.38 Loss_Lx   2.22 Loss_Lu 0.03181
12:33:28 Epoch 95 Test Acc: 92.6
12:33:31 Epoch 95  EMA Test Acc: 93.81
Loss   2.39 Loss_Lx   2.23 Loss_Lu 0.03182
12:35:14 Epoch 96 Test Acc: 92.53
12:35:17 Epoch 96  EMA Test Acc: 93.47
Loss   2.42 Loss_Lx   2.25 Loss_Lu 0.03240
12:37:01 Epoch 97 Test Acc: 92.51
12:37:03 Epoch 97  EMA Test Acc: 92.46
Loss   2.39 Loss_Lx   2.23 Loss_Lu 0.03184
12:38:46 Epoch 98 Test Acc: 92.15
12:38:49 Epoch 98  EMA Test Acc: 93.66
Loss   2.39 Loss_Lx   2.23 Loss_Lu 0.03127
12:40:32 Epoch 99 Test Acc: 92.33
12:40:35 Epoch 99  EMA Test Acc: 93.84
Loss   2.39 Loss_Lx   2.24 Loss_Lu 0.03162
12:42:19 Epoch 100 Test Acc: 92.47
12:42:21 Epoch 100  EMA Test Acc: 93.85
Loss   2.38 Loss_Lx   2.22 Loss_Lu 0.03200
12:44:05 Epoch 101 Test Acc: 92.4
12:44:07 Epoch 101  EMA Test Acc: 92.11
Loss   2.34 Loss_Lx   2.19 Loss_Lu 0.03150
12:45:51 Epoch 102 Test Acc: 93.13
12:45:53 Epoch 102  EMA Test Acc: 93.4
Loss   2.37 Loss_Lx   2.21 Loss_Lu 0.03209
12:47:37 Epoch 103 Test Acc: 93.3
12:47:40 Epoch 103  EMA Test Acc: 93.95
Loss   2.35 Loss_Lx   2.19 Loss_Lu 0.03156
12:49:23 Epoch 104 Test Acc: 92.95
12:49:26 Epoch 104  EMA Test Acc: 92.99
Loss   2.36 Loss_Lx   2.20 Loss_Lu 0.03209
12:51:09 Epoch 105 Test Acc: 92.89
12:51:11 Epoch 105  EMA Test Acc: 93.83
Loss   2.36 Loss_Lx   2.21 Loss_Lu 0.03132
12:52:55 Epoch 106 Test Acc: 92.45
12:52:57 Epoch 106  EMA Test Acc: 92.75
Loss   2.35 Loss_Lx   2.19 Loss_Lu 0.03219
12:54:41 Epoch 107 Test Acc: 92.63
12:54:44 Epoch 107  EMA Test Acc: 93.86
Loss   2.35 Loss_Lx   2.19 Loss_Lu 0.03177
12:56:27 Epoch 108 Test Acc: 92.98
12:56:30 Epoch 108  EMA Test Acc: 92.96
Loss   2.32 Loss_Lx   2.16 Loss_Lu 0.03153
12:58:13 Epoch 109 Test Acc: 93.54
12:58:16 Epoch 109  EMA Test Acc: 92.87
Loss   2.36 Loss_Lx   2.20 Loss_Lu 0.03193
12:59:59 Epoch 110 Test Acc: 93.54
13:00:01 Epoch 110  EMA Test Acc: 94.09
Loss   2.33 Loss_Lx   2.17 Loss_Lu 0.03121
13:01:45 Epoch 111 Test Acc: 93.5
13:01:47 Epoch 111  EMA Test Acc: 93.14
Loss   2.32 Loss_Lx   2.16 Loss_Lu 0.03106
13:03:31 Epoch 112 Test Acc: 92.8
13:03:33 Epoch 112  EMA Test Acc: 94.25
Loss   2.32 Loss_Lx   2.17 Loss_Lu 0.03114
13:05:17 Epoch 113 Test Acc: 93.68
13:05:19 Epoch 113  EMA Test Acc: 93.67
Loss   2.31 Loss_Lx   2.16 Loss_Lu 0.03128
13:07:02 Epoch 114 Test Acc: 93.59
13:07:05 Epoch 114  EMA Test Acc: 94.15
Loss   2.33 Loss_Lx   2.17 Loss_Lu 0.03104
13:08:49 Epoch 115 Test Acc: 93.56
13:08:51 Epoch 115  EMA Test Acc: 93.88
Loss   2.30 Loss_Lx   2.14 Loss_Lu 0.03123
13:10:35 Epoch 116 Test Acc: 93.53
13:10:37 Epoch 116  EMA Test Acc: 93.84
Loss   2.31 Loss_Lx   2.16 Loss_Lu 0.03118
13:12:21 Epoch 117 Test Acc: 93.33
13:12:24 Epoch 117  EMA Test Acc: 93.97
Loss   2.30 Loss_Lx   2.15 Loss_Lu 0.03104
13:14:07 Epoch 118 Test Acc: 93.38
13:14:10 Epoch 118  EMA Test Acc: 93.44
Loss   2.30 Loss_Lx   2.15 Loss_Lu 0.03067
13:15:53 Epoch 119 Test Acc: 92.89
13:15:56 Epoch 119  EMA Test Acc: 94.08
Loss   2.30 Loss_Lx   2.14 Loss_Lu 0.03150
13:17:39 Epoch 120 Test Acc: 93.48
13:17:42 Epoch 120  EMA Test Acc: 93.35
Loss   2.29 Loss_Lx   2.13 Loss_Lu 0.03071
13:19:25 Epoch 121 Test Acc: 93.37
13:19:28 Epoch 121  EMA Test Acc: 93.92
Loss   2.29 Loss_Lx   2.14 Loss_Lu 0.03086
13:21:11 Epoch 122 Test Acc: 93.37
13:21:14 Epoch 122  EMA Test Acc: 92.68
Loss   2.30 Loss_Lx   2.15 Loss_Lu 0.03071
13:22:57 Epoch 123 Test Acc: 93.68
13:23:00 Epoch 123  EMA Test Acc: 94.0
Loss   2.29 Loss_Lx   2.14 Loss_Lu 0.03022
13:24:44 Epoch 124 Test Acc: 93.31
13:24:46 Epoch 124  EMA Test Acc: 94.47
Loss   2.28 Loss_Lx   2.13 Loss_Lu 0.03048
13:26:29 Epoch 125 Test Acc: 93.54
13:26:32 Epoch 125  EMA Test Acc: 94.22
Loss   2.27 Loss_Lx   2.12 Loss_Lu 0.03046
13:28:15 Epoch 126 Test Acc: 93.96
13:28:18 Epoch 126  EMA Test Acc: 94.38
Loss   2.28 Loss_Lx   2.13 Loss_Lu 0.03063
13:30:01 Epoch 127 Test Acc: 93.04
13:30:04 Epoch 127  EMA Test Acc: 92.84
Loss   2.27 Loss_Lx   2.11 Loss_Lu 0.03066
13:31:47 Epoch 128 Test Acc: 93.66
13:31:50 Epoch 128  EMA Test Acc: 92.96
Loss   2.26 Loss_Lx   2.10 Loss_Lu 0.03078
13:33:34 Epoch 129 Test Acc: 93.28
13:33:36 Epoch 129  EMA Test Acc: 94.55
Loss   2.27 Loss_Lx   2.11 Loss_Lu 0.03050
13:35:19 Epoch 130 Test Acc: 93.25
13:35:22 Epoch 130  EMA Test Acc: 93.34
Loss   2.25 Loss_Lx   2.10 Loss_Lu 0.03028
13:37:05 Epoch 131 Test Acc: 93.78
13:37:08 Epoch 131  EMA Test Acc: 94.25
Loss   2.24 Loss_Lx   2.09 Loss_Lu 0.03001
13:38:51 Epoch 132 Test Acc: 94.28
13:38:54 Epoch 132  EMA Test Acc: 94.36
Loss   2.23 Loss_Lx   2.08 Loss_Lu 0.03002
13:40:37 Epoch 133 Test Acc: 93.85
13:40:40 Epoch 133  EMA Test Acc: 94.59
Loss   2.26 Loss_Lx   2.10 Loss_Lu 0.03035
13:42:23 Epoch 134 Test Acc: 93.22
13:42:26 Epoch 134  EMA Test Acc: 94.23
Loss   2.22 Loss_Lx   2.06 Loss_Lu 0.03031
13:44:09 Epoch 135 Test Acc: 93.99
13:44:12 Epoch 135  EMA Test Acc: 94.0
Loss   2.22 Loss_Lx   2.07 Loss_Lu 0.03023
13:45:55 Epoch 136 Test Acc: 93.43
13:45:57 Epoch 136  EMA Test Acc: 94.07
Loss   2.23 Loss_Lx   2.07 Loss_Lu 0.03031
13:47:41 Epoch 137 Test Acc: 93.12
13:47:43 Epoch 137  EMA Test Acc: 93.92
Loss   2.21 Loss_Lx   2.06 Loss_Lu 0.02962
13:49:26 Epoch 138 Test Acc: 93.62
13:49:29 Epoch 138  EMA Test Acc: 93.85
Loss   2.20 Loss_Lx   2.05 Loss_Lu 0.03008
13:51:12 Epoch 139 Test Acc: 93.53
13:51:15 Epoch 139  EMA Test Acc: 93.89
Loss   2.21 Loss_Lx   2.06 Loss_Lu 0.02963
13:52:58 Epoch 140 Test Acc: 93.47
13:53:00 Epoch 140  EMA Test Acc: 94.51
Loss   2.23 Loss_Lx   2.08 Loss_Lu 0.03001
13:54:44 Epoch 141 Test Acc: 93.63
13:54:46 Epoch 141  EMA Test Acc: 93.86
Loss   2.20 Loss_Lx   2.06 Loss_Lu 0.02958
13:56:29 Epoch 142 Test Acc: 93.82
13:56:32 Epoch 142  EMA Test Acc: 93.84
Loss   2.19 Loss_Lx   2.04 Loss_Lu 0.02982
13:58:15 Epoch 143 Test Acc: 94.12
13:58:17 Epoch 143  EMA Test Acc: 93.86
Loss   2.18 Loss_Lx   2.03 Loss_Lu 0.02961
14:00:01 Epoch 144 Test Acc: 94.42
14:00:03 Epoch 144  EMA Test Acc: 94.41
Loss   2.18 Loss_Lx   2.03 Loss_Lu 0.02969
14:01:47 Epoch 145 Test Acc: 94.25
14:01:49 Epoch 145  EMA Test Acc: 94.52
Loss   2.18 Loss_Lx   2.04 Loss_Lu 0.02888
14:03:33 Epoch 146 Test Acc: 94.1
14:03:35 Epoch 146  EMA Test Acc: 94.9
Loss   2.18 Loss_Lx   2.03 Loss_Lu 0.02962
14:05:19 Epoch 147 Test Acc: 93.79
14:05:21 Epoch 147  EMA Test Acc: 94.3
Loss   2.18 Loss_Lx   2.03 Loss_Lu 0.02946
14:07:05 Epoch 148 Test Acc: 93.87
14:07:08 Epoch 148  EMA Test Acc: 94.32
Loss   2.18 Loss_Lx   2.03 Loss_Lu 0.02968
14:08:51 Epoch 149 Test Acc: 94.13
14:08:54 Epoch 149  EMA Test Acc: 93.95
Loss   1.65 Loss_Lx   1.52 Loss_Lu 0.02510
14:10:38 Epoch 150 Test Acc: 93.32
14:10:40 Epoch 150  EMA Test Acc: 94.4
Loss   1.63 Loss_Lx   1.51 Loss_Lu 0.02570
14:12:24 Epoch 151 Test Acc: 93.59
14:12:26 Epoch 151  EMA Test Acc: 94.04
Loss   1.67 Loss_Lx   1.54 Loss_Lu 0.02621
14:14:10 Epoch 152 Test Acc: 94.44
14:14:12 Epoch 152  EMA Test Acc: 94.64
Loss   1.69 Loss_Lx   1.56 Loss_Lu 0.02560
14:15:56 Epoch 153 Test Acc: 93.76
14:15:58 Epoch 153  EMA Test Acc: 93.69
Loss   1.65 Loss_Lx   1.52 Loss_Lu 0.02543
14:17:42 Epoch 154 Test Acc: 93.74
14:17:44 Epoch 154  EMA Test Acc: 94.56
Loss   1.66 Loss_Lx   1.54 Loss_Lu 0.02548
14:19:28 Epoch 155 Test Acc: 94.45
14:19:31 Epoch 155  EMA Test Acc: 94.14
Loss   1.61 Loss_Lx   1.49 Loss_Lu 0.02451
14:21:14 Epoch 156 Test Acc: 94.37
14:21:17 Epoch 156  EMA Test Acc: 94.54
Loss   1.64 Loss_Lx   1.51 Loss_Lu 0.02461
14:23:00 Epoch 157 Test Acc: 94.07
14:23:03 Epoch 157  EMA Test Acc: 95.2
Loss   1.60 Loss_Lx   1.47 Loss_Lu 0.02497
14:24:46 Epoch 158 Test Acc: 94.45
14:24:49 Epoch 158  EMA Test Acc: 94.63
Loss   1.61 Loss_Lx   1.49 Loss_Lu 0.02450
14:26:32 Epoch 159 Test Acc: 94.24
14:26:34 Epoch 159  EMA Test Acc: 94.43
Loss   1.62 Loss_Lx   1.50 Loss_Lu 0.02437
14:28:17 Epoch 160 Test Acc: 93.96
14:28:20 Epoch 160  EMA Test Acc: 94.74
Loss   1.58 Loss_Lx   1.46 Loss_Lu 0.02369
14:30:04 Epoch 161 Test Acc: 94.15
14:30:07 Epoch 161  EMA Test Acc: 94.8
Loss   1.53 Loss_Lx   1.42 Loss_Lu 0.02313
14:31:50 Epoch 162 Test Acc: 94.43
14:31:53 Epoch 162  EMA Test Acc: 94.83
Loss   1.61 Loss_Lx   1.49 Loss_Lu 0.02437
14:33:36 Epoch 163 Test Acc: 94.45
14:33:39 Epoch 163  EMA Test Acc: 95.18
Loss   1.58 Loss_Lx   1.46 Loss_Lu 0.02388
14:35:23 Epoch 164 Test Acc: 94.73
14:35:25 Epoch 164  EMA Test Acc: 94.99
Loss   1.65 Loss_Lx   1.53 Loss_Lu 0.02457
14:37:09 Epoch 165 Test Acc: 94.97
14:37:11 Epoch 165  EMA Test Acc: 95.05
Loss   1.59 Loss_Lx   1.47 Loss_Lu 0.02413
14:38:55 Epoch 166 Test Acc: 94.51
14:38:57 Epoch 166  EMA Test Acc: 95.3
Loss   1.55 Loss_Lx   1.43 Loss_Lu 0.02325
14:40:41 Epoch 167 Test Acc: 94.64
14:40:43 Epoch 167  EMA Test Acc: 95.12
Loss   1.58 Loss_Lx   1.47 Loss_Lu 0.02324
14:42:27 Epoch 168 Test Acc: 94.37
14:42:30 Epoch 168  EMA Test Acc: 94.76
Loss   1.59 Loss_Lx   1.48 Loss_Lu 0.02333
14:44:14 Epoch 169 Test Acc: 94.74
14:44:16 Epoch 169  EMA Test Acc: 94.75
Loss   1.58 Loss_Lx   1.46 Loss_Lu 0.02317
14:46:00 Epoch 170 Test Acc: 94.89
14:46:02 Epoch 170  EMA Test Acc: 94.9
Loss   1.50 Loss_Lx   1.39 Loss_Lu 0.02160
14:47:46 Epoch 171 Test Acc: 94.96
14:47:48 Epoch 171  EMA Test Acc: 95.1
Loss   1.56 Loss_Lx   1.45 Loss_Lu 0.02249
14:49:32 Epoch 172 Test Acc: 95.01
14:49:35 Epoch 172  EMA Test Acc: 94.59
Loss   1.55 Loss_Lx   1.44 Loss_Lu 0.02234
14:51:18 Epoch 173 Test Acc: 94.54
14:51:21 Epoch 173  EMA Test Acc: 95.52
Loss   1.60 Loss_Lx   1.49 Loss_Lu 0.02311
14:53:04 Epoch 174 Test Acc: 94.93
14:53:07 Epoch 174  EMA Test Acc: 95.33
Loss   1.54 Loss_Lx   1.43 Loss_Lu 0.02194
14:54:51 Epoch 175 Test Acc: 94.76
14:54:53 Epoch 175  EMA Test Acc: 95.39
Loss   1.55 Loss_Lx   1.44 Loss_Lu 0.02232
14:56:37 Epoch 176 Test Acc: 94.44
14:56:40 Epoch 176  EMA Test Acc: 95.08
Loss   1.49 Loss_Lx   1.38 Loss_Lu 0.02096
14:58:24 Epoch 177 Test Acc: 94.48
14:58:26 Epoch 177  EMA Test Acc: 94.81
Loss   1.48 Loss_Lx   1.37 Loss_Lu 0.02168
15:00:10 Epoch 178 Test Acc: 94.41
15:00:12 Epoch 178  EMA Test Acc: 95.0
Loss   1.53 Loss_Lx   1.42 Loss_Lu 0.02178
15:01:56 Epoch 179 Test Acc: 94.16
15:01:59 Epoch 179  EMA Test Acc: 95.02
Loss   1.56 Loss_Lx   1.45 Loss_Lu 0.02125
15:03:42 Epoch 180 Test Acc: 94.43
15:03:45 Epoch 180  EMA Test Acc: 94.58
Loss   1.52 Loss_Lx   1.42 Loss_Lu 0.02098
15:05:28 Epoch 181 Test Acc: 94.79
15:05:31 Epoch 181  EMA Test Acc: 94.93
Loss   1.49 Loss_Lx   1.39 Loss_Lu 0.02070
15:07:15 Epoch 182 Test Acc: 94.72
15:07:17 Epoch 182  EMA Test Acc: 94.38
Loss   1.53 Loss_Lx   1.43 Loss_Lu 0.02134
15:09:01 Epoch 183 Test Acc: 94.68
15:09:03 Epoch 183  EMA Test Acc: 95.29
Loss   1.56 Loss_Lx   1.46 Loss_Lu 0.02129
15:10:47 Epoch 184 Test Acc: 95.09
15:10:50 Epoch 184  EMA Test Acc: 94.96
Loss   1.51 Loss_Lx   1.41 Loss_Lu 0.02011
15:12:33 Epoch 185 Test Acc: 94.54
15:12:36 Epoch 185  EMA Test Acc: 95.26
Loss   1.50 Loss_Lx   1.40 Loss_Lu 0.02042
15:14:19 Epoch 186 Test Acc: 95.0
15:14:22 Epoch 186  EMA Test Acc: 95.11
Loss   1.52 Loss_Lx   1.42 Loss_Lu 0.01983
15:16:05 Epoch 187 Test Acc: 94.97
15:16:08 Epoch 187  EMA Test Acc: 95.33
Loss   1.46 Loss_Lx   1.36 Loss_Lu 0.01930
15:17:52 Epoch 188 Test Acc: 94.63
15:17:54 Epoch 188  EMA Test Acc: 94.89
Loss   1.42 Loss_Lx   1.33 Loss_Lu 0.01920
15:19:38 Epoch 189 Test Acc: 94.71
15:19:40 Epoch 189  EMA Test Acc: 94.69
Loss   1.44 Loss_Lx   1.34 Loss_Lu 0.01947
15:21:24 Epoch 190 Test Acc: 94.93
15:21:27 Epoch 190  EMA Test Acc: 95.07
Loss   1.51 Loss_Lx   1.41 Loss_Lu 0.01978
15:23:11 Epoch 191 Test Acc: 95.23
15:23:13 Epoch 191  EMA Test Acc: 95.02
Loss   1.43 Loss_Lx   1.34 Loss_Lu 0.01935
15:24:57 Epoch 192 Test Acc: 95.08
15:24:59 Epoch 192  EMA Test Acc: 95.09
Loss   1.48 Loss_Lx   1.38 Loss_Lu 0.01925
15:26:43 Epoch 193 Test Acc: 95.14
15:26:45 Epoch 193  EMA Test Acc: 95.33
Loss   1.44 Loss_Lx   1.35 Loss_Lu 0.01857
15:28:29 Epoch 194 Test Acc: 95.0
15:28:31 Epoch 194  EMA Test Acc: 95.5
Loss   1.49 Loss_Lx   1.39 Loss_Lu 0.01955
15:30:15 Epoch 195 Test Acc: 94.91
15:30:18 Epoch 195  EMA Test Acc: 95.34
Loss   1.44 Loss_Lx   1.34 Loss_Lu 0.01857
15:32:01 Epoch 196 Test Acc: 94.69
15:32:04 Epoch 196  EMA Test Acc: 94.83
Loss   1.42 Loss_Lx   1.33 Loss_Lu 0.01823
15:33:48 Epoch 197 Test Acc: 94.82
15:33:50 Epoch 197  EMA Test Acc: 94.8
Loss   1.48 Loss_Lx   1.38 Loss_Lu 0.01979
15:35:34 Epoch 198 Test Acc: 94.91
15:35:36 Epoch 198  EMA Test Acc: 95.11
Loss   1.45 Loss_Lx   1.36 Loss_Lu 0.01852
15:37:20 Epoch 199 Test Acc: 95.02
15:37:23 Epoch 199  EMA Test Acc: 95.36
Loss   1.41 Loss_Lx   1.32 Loss_Lu 0.01776
15:39:06 Epoch 200 Test Acc: 95.17
15:39:09 Epoch 200  EMA Test Acc: 95.33
Loss   1.54 Loss_Lx   1.44 Loss_Lu 0.01935
15:40:52 Epoch 201 Test Acc: 95.15
15:40:55 Epoch 201  EMA Test Acc: 95.21
Loss   1.43 Loss_Lx   1.34 Loss_Lu 0.01779
15:42:38 Epoch 202 Test Acc: 94.44
15:42:41 Epoch 202  EMA Test Acc: 95.39
Loss   1.41 Loss_Lx   1.32 Loss_Lu 0.01766
15:44:24 Epoch 203 Test Acc: 94.97
15:44:27 Epoch 203  EMA Test Acc: 94.91
Loss   1.45 Loss_Lx   1.36 Loss_Lu 0.01804
15:46:10 Epoch 204 Test Acc: 94.69
15:46:13 Epoch 204  EMA Test Acc: 94.66
Loss   1.44 Loss_Lx   1.35 Loss_Lu 0.01834
15:47:56 Epoch 205 Test Acc: 95.07
15:47:59 Epoch 205  EMA Test Acc: 95.37
Loss   1.40 Loss_Lx   1.32 Loss_Lu 0.01706
15:49:42 Epoch 206 Test Acc: 94.99
15:49:45 Epoch 206  EMA Test Acc: 95.01
Loss   1.45 Loss_Lx   1.36 Loss_Lu 0.01775
15:51:29 Epoch 207 Test Acc: 95.05
15:51:31 Epoch 207  EMA Test Acc: 95.06
Loss   1.43 Loss_Lx   1.35 Loss_Lu 0.01740
15:53:15 Epoch 208 Test Acc: 95.32
15:53:17 Epoch 208  EMA Test Acc: 94.91
Loss   1.47 Loss_Lx   1.38 Loss_Lu 0.01755
15:55:01 Epoch 209 Test Acc: 95.02
15:55:04 Epoch 209  EMA Test Acc: 95.06
Loss   1.41 Loss_Lx   1.32 Loss_Lu 0.01703
15:56:47 Epoch 210 Test Acc: 94.77
15:56:50 Epoch 210  EMA Test Acc: 95.01
Loss   1.39 Loss_Lx   1.31 Loss_Lu 0.01650
15:58:33 Epoch 211 Test Acc: 95.1
15:58:36 Epoch 211  EMA Test Acc: 95.12
Loss   1.49 Loss_Lx   1.40 Loss_Lu 0.01781
16:00:19 Epoch 212 Test Acc: 95.13
16:00:21 Epoch 212  EMA Test Acc: 95.12
Loss   1.42 Loss_Lx   1.34 Loss_Lu 0.01656
16:02:05 Epoch 213 Test Acc: 95.32
16:02:08 Epoch 213  EMA Test Acc: 95.28
Loss   1.38 Loss_Lx   1.30 Loss_Lu 0.01617
16:03:51 Epoch 214 Test Acc: 95.2
16:03:54 Epoch 214  EMA Test Acc: 95.23
Loss   1.45 Loss_Lx   1.37 Loss_Lu 0.01692
16:05:37 Epoch 215 Test Acc: 95.46
16:05:40 Epoch 215  EMA Test Acc: 95.32
Loss   1.43 Loss_Lx   1.35 Loss_Lu 0.01648
16:07:23 Epoch 216 Test Acc: 95.01
16:07:26 Epoch 216  EMA Test Acc: 95.05
Loss   1.39 Loss_Lx   1.30 Loss_Lu 0.01667
16:09:10 Epoch 217 Test Acc: 95.43
16:09:12 Epoch 217  EMA Test Acc: 95.23
Loss   1.38 Loss_Lx   1.30 Loss_Lu 0.01623
16:10:56 Epoch 218 Test Acc: 95.15
16:10:58 Epoch 218  EMA Test Acc: 95.44
Loss   1.42 Loss_Lx   1.34 Loss_Lu 0.01618
16:12:42 Epoch 219 Test Acc: 95.13
16:12:44 Epoch 219  EMA Test Acc: 95.25
Loss   1.43 Loss_Lx   1.34 Loss_Lu 0.01642
16:14:28 Epoch 220 Test Acc: 95.22
16:14:30 Epoch 220  EMA Test Acc: 95.46
Loss   1.44 Loss_Lx   1.35 Loss_Lu 0.01671
16:16:14 Epoch 221 Test Acc: 95.46
16:16:17 Epoch 221  EMA Test Acc: 95.77
Loss   1.40 Loss_Lx   1.32 Loss_Lu 0.01540
16:18:00 Epoch 222 Test Acc: 95.37
16:18:03 Epoch 222  EMA Test Acc: 95.6
Loss   1.41 Loss_Lx   1.33 Loss_Lu 0.01629
16:19:46 Epoch 223 Test Acc: 95.29
16:19:48 Epoch 223  EMA Test Acc: 95.33
Loss   1.43 Loss_Lx   1.35 Loss_Lu 0.01640
16:21:32 Epoch 224 Test Acc: 95.25
16:21:34 Epoch 224  EMA Test Acc: 95.3
Loss   1.36 Loss_Lx   1.28 Loss_Lu 0.01570
16:23:18 Epoch 225 Test Acc: 95.58
16:23:20 Epoch 225  EMA Test Acc: 95.6
Loss   1.35 Loss_Lx   1.27 Loss_Lu 0.01500
16:25:04 Epoch 226 Test Acc: 95.59
16:25:07 Epoch 226  EMA Test Acc: 95.63
Loss   1.43 Loss_Lx   1.35 Loss_Lu 0.01536
16:26:50 Epoch 227 Test Acc: 95.53
16:26:52 Epoch 227  EMA Test Acc: 95.29
Loss   1.35 Loss_Lx   1.28 Loss_Lu 0.01517
16:28:36 Epoch 228 Test Acc: 95.25
16:28:38 Epoch 228  EMA Test Acc: 95.63
Loss   1.36 Loss_Lx   1.29 Loss_Lu 0.01539
16:30:21 Epoch 229 Test Acc: 95.18
16:30:24 Epoch 229  EMA Test Acc: 95.4
Loss   1.36 Loss_Lx   1.29 Loss_Lu 0.01505
16:32:07 Epoch 230 Test Acc: 95.2
16:32:09 Epoch 230  EMA Test Acc: 95.33
Loss   1.34 Loss_Lx   1.27 Loss_Lu 0.01504
16:33:53 Epoch 231 Test Acc: 95.37
16:33:55 Epoch 231  EMA Test Acc: 95.37
Loss   1.43 Loss_Lx   1.35 Loss_Lu 0.01608
16:35:38 Epoch 232 Test Acc: 95.21
16:35:41 Epoch 232  EMA Test Acc: 95.22
Loss   1.35 Loss_Lx   1.28 Loss_Lu 0.01501
16:37:24 Epoch 233 Test Acc: 95.67
16:37:26 Epoch 233  EMA Test Acc: 95.38
Loss   1.38 Loss_Lx   1.31 Loss_Lu 0.01528
16:39:09 Epoch 234 Test Acc: 95.43
16:39:12 Epoch 234  EMA Test Acc: 95.36
Loss   1.35 Loss_Lx   1.27 Loss_Lu 0.01514
16:40:55 Epoch 235 Test Acc: 95.69
16:40:58 Epoch 235  EMA Test Acc: 95.53
Loss   1.40 Loss_Lx   1.32 Loss_Lu 0.01560
16:42:41 Epoch 236 Test Acc: 95.58
16:42:43 Epoch 236  EMA Test Acc: 95.74
Loss   1.37 Loss_Lx   1.30 Loss_Lu 0.01532
16:44:26 Epoch 237 Test Acc: 95.56
16:44:29 Epoch 237  EMA Test Acc: 95.59
Loss   1.30 Loss_Lx   1.24 Loss_Lu 0.01369
16:46:12 Epoch 238 Test Acc: 95.39
16:46:14 Epoch 238  EMA Test Acc: 95.69
Loss   1.37 Loss_Lx   1.30 Loss_Lu 0.01444
16:47:58 Epoch 239 Test Acc: 95.17
16:48:00 Epoch 239  EMA Test Acc: 95.34
Loss   1.40 Loss_Lx   1.32 Loss_Lu 0.01522
16:49:44 Epoch 240 Test Acc: 95.23
16:49:46 Epoch 240  EMA Test Acc: 95.31
Loss   1.41 Loss_Lx   1.33 Loss_Lu 0.01529
16:51:29 Epoch 241 Test Acc: 95.55
16:51:32 Epoch 241  EMA Test Acc: 95.25
Loss   1.40 Loss_Lx   1.32 Loss_Lu 0.01515
16:53:15 Epoch 242 Test Acc: 95.48
16:53:18 Epoch 242  EMA Test Acc: 95.31
Loss   1.41 Loss_Lx   1.33 Loss_Lu 0.01527
16:56:21 Epoch 243 Test Acc: 95.42
16:56:25 Epoch 243  EMA Test Acc: 95.24
Loss   1.31 Loss_Lx   1.24 Loss_Lu 0.01410
16:59:36 Epoch 244 Test Acc: 95.48
16:59:41 Epoch 244  EMA Test Acc: 95.52
Loss   1.32 Loss_Lx   1.24 Loss_Lu 0.01414
17:02:51 Epoch 245 Test Acc: 95.39
17:02:56 Epoch 245  EMA Test Acc: 95.42
Loss   1.37 Loss_Lx   1.29 Loss_Lu 0.01446
17:06:09 Epoch 246 Test Acc: 95.42
17:06:13 Epoch 246  EMA Test Acc: 95.22
Loss   1.35 Loss_Lx   1.28 Loss_Lu 0.01434
17:09:25 Epoch 247 Test Acc: 95.57
17:09:30 Epoch 247  EMA Test Acc: 95.54
Loss   1.38 Loss_Lx   1.31 Loss_Lu 0.01480
17:12:40 Epoch 248 Test Acc: 95.41
17:12:44 Epoch 248  EMA Test Acc: 95.57
Loss   1.42 Loss_Lx   1.34 Loss_Lu 0.01569
17:15:56 Epoch 249 Test Acc: 95.57
17:16:01 Epoch 249  EMA Test Acc: 95.59
Loss   1.41 Loss_Lx   1.33 Loss_Lu 0.01544
17:19:12 Epoch 250 Test Acc: 95.48
17:19:17 Epoch 250  EMA Test Acc: 95.39
Loss   1.36 Loss_Lx   1.29 Loss_Lu 0.01471
17:22:28 Epoch 251 Test Acc: 95.52
17:22:32 Epoch 251  EMA Test Acc: 95.5
Loss   1.40 Loss_Lx   1.33 Loss_Lu 0.01491
17:25:48 Epoch 252 Test Acc: 95.44
17:25:53 Epoch 252  EMA Test Acc: 95.61
Loss   1.36 Loss_Lx   1.28 Loss_Lu 0.01473
17:29:02 Epoch 253 Test Acc: 95.44
17:29:07 Epoch 253  EMA Test Acc: 95.38
Loss   1.35 Loss_Lx   1.28 Loss_Lu 0.01483
17:31:55 Epoch 254 Test Acc: 95.39
17:31:57 Epoch 254  EMA Test Acc: 95.53
Loss   1.32 Loss_Lx   1.25 Loss_Lu 0.01418
17:33:51 Epoch 255 Test Acc: 95.62
17:33:53 Epoch 255  EMA Test Acc: 95.59
Loss   1.32 Loss_Lx   1.25 Loss_Lu 0.01397
17:35:56 Epoch 256 Test Acc: 95.12
17:36:01 Epoch 256  EMA Test Acc: 95.5
Loss   1.36 Loss_Lx   1.29 Loss_Lu 0.01479
17:39:24 Epoch 257 Test Acc: 95.62
17:39:28 Epoch 257  EMA Test Acc: 95.43
Loss   1.37 Loss_Lx   1.30 Loss_Lu 0.01477
17:42:43 Epoch 258 Test Acc: 95.46
17:42:46 Epoch 258  EMA Test Acc: 95.57
Loss   1.36 Loss_Lx   1.28 Loss_Lu 0.01471
17:46:03 Epoch 259 Test Acc: 95.3
17:46:07 Epoch 259  EMA Test Acc: 95.38
Loss   1.35 Loss_Lx   1.28 Loss_Lu 0.01395
17:49:24 Epoch 260 Test Acc: 95.69
17:49:29 Epoch 260  EMA Test Acc: 95.54
Loss   1.35 Loss_Lx   1.28 Loss_Lu 0.01441
17:52:44 Epoch 261 Test Acc: 95.5
17:52:48 Epoch 261  EMA Test Acc: 95.47
Loss   1.35 Loss_Lx   1.28 Loss_Lu 0.01395
17:56:07 Epoch 262 Test Acc: 95.55
17:56:11 Epoch 262  EMA Test Acc: 95.31
Loss   1.37 Loss_Lx   1.30 Loss_Lu 0.01460
17:59:30 Epoch 263 Test Acc: 95.35
17:59:34 Epoch 263  EMA Test Acc: 95.62
Loss   1.33 Loss_Lx   1.26 Loss_Lu 0.01396
18:02:49 Epoch 264 Test Acc: 95.28
18:02:53 Epoch 264  EMA Test Acc: 95.23
Loss   1.30 Loss_Lx   1.23 Loss_Lu 0.01404
18:06:09 Epoch 265 Test Acc: 95.2
18:06:14 Epoch 265  EMA Test Acc: 95.35
Loss   1.37 Loss_Lx   1.29 Loss_Lu 0.01430
18:09:32 Epoch 266 Test Acc: 95.24
18:09:37 Epoch 266  EMA Test Acc: 95.36
Loss   1.30 Loss_Lx   1.23 Loss_Lu 0.01393
18:12:50 Epoch 267 Test Acc: 95.54
18:12:55 Epoch 267  EMA Test Acc: 95.31
Loss   1.34 Loss_Lx   1.27 Loss_Lu 0.01369
18:16:15 Epoch 268 Test Acc: 95.37
18:16:20 Epoch 268  EMA Test Acc: 95.45
Loss   1.34 Loss_Lx   1.27 Loss_Lu 0.01407
18:18:50 Epoch 269 Test Acc: 95.71
18:18:52 Epoch 269  EMA Test Acc: 95.39
Loss   1.35 Loss_Lx   1.28 Loss_Lu 0.01410
18:21:28 Epoch 270 Test Acc: 95.35
18:21:33 Epoch 270  EMA Test Acc: 95.6
Loss   1.36 Loss_Lx   1.29 Loss_Lu 0.01398
18:24:49 Epoch 271 Test Acc: 95.53
18:24:54 Epoch 271  EMA Test Acc: 95.43
Loss   1.32 Loss_Lx   1.25 Loss_Lu 0.01369
18:28:13 Epoch 272 Test Acc: 95.45
18:28:18 Epoch 272  EMA Test Acc: 95.36
Loss   1.34 Loss_Lx   1.27 Loss_Lu 0.01389
18:31:37 Epoch 273 Test Acc: 95.53
18:31:42 Epoch 273  EMA Test Acc: 95.55
Loss   1.36 Loss_Lx   1.29 Loss_Lu 0.01399
18:34:58 Epoch 274 Test Acc: 95.59
18:35:03 Epoch 274  EMA Test Acc: 95.7
Loss   1.34 Loss_Lx   1.27 Loss_Lu 0.01416
18:38:22 Epoch 275 Test Acc: 95.23
18:38:26 Epoch 275  EMA Test Acc: 95.25
Loss   1.36 Loss_Lx   1.29 Loss_Lu 0.01454
18:41:45 Epoch 276 Test Acc: 95.7
18:41:49 Epoch 276  EMA Test Acc: 95.46
Loss   1.37 Loss_Lx   1.30 Loss_Lu 0.01459
18:45:04 Epoch 277 Test Acc: 95.48
18:45:09 Epoch 277  EMA Test Acc: 95.49
Loss   1.30 Loss_Lx   1.23 Loss_Lu 0.01368
18:48:27 Epoch 278 Test Acc: 95.45
18:48:32 Epoch 278  EMA Test Acc: 95.57
Loss   1.29 Loss_Lx   1.22 Loss_Lu 0.01281
18:51:50 Epoch 279 Test Acc: 95.49
18:51:55 Epoch 279  EMA Test Acc: 95.37
Loss   1.35 Loss_Lx   1.28 Loss_Lu 0.01395
18:55:10 Epoch 280 Test Acc: 95.58
18:55:15 Epoch 280  EMA Test Acc: 95.48
Loss   1.36 Loss_Lx   1.28 Loss_Lu 0.01473
18:58:32 Epoch 281 Test Acc: 95.2
18:58:37 Epoch 281  EMA Test Acc: 95.55
Loss   1.39 Loss_Lx   1.32 Loss_Lu 0.01397
19:01:44 Epoch 282 Test Acc: 95.47
19:01:46 Epoch 282  EMA Test Acc: 95.63
Loss   1.37 Loss_Lx   1.30 Loss_Lu 0.01447
19:03:48 Epoch 283 Test Acc: 95.46
19:03:53 Epoch 283  EMA Test Acc: 95.52
Loss   1.35 Loss_Lx   1.28 Loss_Lu 0.01379
19:07:08 Epoch 284 Test Acc: 95.3
19:07:13 Epoch 284  EMA Test Acc: 95.41
Loss   1.32 Loss_Lx   1.25 Loss_Lu 0.01350
19:10:30 Epoch 285 Test Acc: 95.61
19:10:35 Epoch 285  EMA Test Acc: 95.53
Loss   1.28 Loss_Lx   1.21 Loss_Lu 0.01302
19:13:53 Epoch 286 Test Acc: 95.33
19:13:57 Epoch 286  EMA Test Acc: 95.53
Loss   1.34 Loss_Lx   1.27 Loss_Lu 0.01357
19:17:13 Epoch 287 Test Acc: 95.35
19:17:17 Epoch 287  EMA Test Acc: 95.39
Loss   1.33 Loss_Lx   1.26 Loss_Lu 0.01334
19:20:35 Epoch 288 Test Acc: 95.18
19:20:40 Epoch 288  EMA Test Acc: 95.16
Loss   1.38 Loss_Lx   1.30 Loss_Lu 0.01455
19:23:58 Epoch 289 Test Acc: 95.32
19:24:03 Epoch 289  EMA Test Acc: 95.31
Loss   1.36 Loss_Lx   1.29 Loss_Lu 0.01399
19:27:18 Epoch 290 Test Acc: 95.49
19:27:22 Epoch 290  EMA Test Acc: 95.55
Loss   1.34 Loss_Lx   1.27 Loss_Lu 0.01407
19:30:40 Epoch 291 Test Acc: 95.38
19:30:45 Epoch 291  EMA Test Acc: 95.35
Loss   1.32 Loss_Lx   1.25 Loss_Lu 0.01359
19:34:02 Epoch 292 Test Acc: 95.43
19:34:07 Epoch 292  EMA Test Acc: 95.48
Loss   1.30 Loss_Lx   1.24 Loss_Lu 0.01334
19:37:22 Epoch 293 Test Acc: 95.54
19:37:27 Epoch 293  EMA Test Acc: 95.61
Loss   1.37 Loss_Lx   1.30 Loss_Lu 0.01427
19:40:46 Epoch 294 Test Acc: 95.56
19:40:50 Epoch 294  EMA Test Acc: 95.65
Loss   1.34 Loss_Lx   1.27 Loss_Lu 0.01391
19:44:07 Epoch 295 Test Acc: 95.4
19:44:11 Epoch 295  EMA Test Acc: 95.6
Loss   1.32 Loss_Lx   1.25 Loss_Lu 0.01311
19:46:33 Epoch 296 Test Acc: 95.4
19:46:36 Epoch 296  EMA Test Acc: 95.5
Loss   1.32 Loss_Lx   1.26 Loss_Lu 0.01344
19:49:25 Epoch 297 Test Acc: 95.44
19:49:30 Epoch 297  EMA Test Acc: 95.32
Loss   1.37 Loss_Lx   1.30 Loss_Lu 0.01395
19:52:47 Epoch 298 Test Acc: 95.45
19:52:52 Epoch 298  EMA Test Acc: 95.62
Loss   1.36 Loss_Lx   1.29 Loss_Lu 0.01391
19:56:07 Epoch 299 Test Acc: 95.49
19:56:11 Epoch 299  EMA Test Acc: 95.59
19:56:11 Best Test Acc: 95.77149200439453
