Mon Jul 11 14:06:17 2022       
+-----------------------------------------------------------------------------+
| NVIDIA-SMI 515.48.07    Driver Version: 515.48.07    CUDA Version: 11.7     |
|-------------------------------+----------------------+----------------------+
| GPU  Name        Persistence-M| Bus-Id        Disp.A | Volatile Uncorr. ECC |
| Fan  Temp  Perf  Pwr:Usage/Cap|         Memory-Usage | GPU-Util  Compute M. |
|                               |                      |               MIG M. |
|===============================+======================+======================|
|   0  NVIDIA A100-SXM...  Off  | 00000000:6B:00.0 Off |                    0 |
| N/A   32C    P0    79W / 400W |      4MiB / 81920MiB |      0%   E. Process |
|                               |                      |             Disabled |
+-------------------------------+----------------------+----------------------+
|   1  NVIDIA A100-SXM...  Off  | 00000000:71:00.0 Off |                    0 |
| N/A   35C    P0    68W / 400W |      4MiB / 81920MiB |      0%   E. Process |
|                               |                      |             Disabled |
+-------------------------------+----------------------+----------------------+
|   2  NVIDIA A100-SXM...  Off  | 00000000:8A:00.0 Off |                    0 |
| N/A   34C    P0    71W / 400W |      4MiB / 81920MiB |      0%   E. Process |
|                               |                      |             Disabled |
+-------------------------------+----------------------+----------------------+
|   3  NVIDIA A100-SXM...  Off  | 00000000:8E:00.0 Off |                    0 |
| N/A   31C    P0    69W / 400W |      4MiB / 81920MiB |      0%   E. Process |
|                               |                      |             Disabled |
+-------------------------------+----------------------+----------------------+
|   4  NVIDIA A100-SXM...  Off  | 00000000:A8:00.0 Off |                    0 |
| N/A   30C    P0    77W / 400W |      4MiB / 81920MiB |      0%   E. Process |
|                               |                      |             Disabled |
+-------------------------------+----------------------+----------------------+
                                                                               
+-----------------------------------------------------------------------------+
| Processes:                                                                  |
|  GPU   GI   CI        PID   Type   Process name                  GPU Memory |
|        ID   ID                                                   Usage      |
|=============================================================================|
|    0   N/A  N/A      3513      G   /usr/lib/xorg/Xorg                  4MiB |
|    1   N/A  N/A      3513      G   /usr/lib/xorg/Xorg                  4MiB |
|    2   N/A  N/A      3513      G   /usr/lib/xorg/Xorg                  4MiB |
|    3   N/A  N/A      3513      G   /usr/lib/xorg/Xorg                  4MiB |
|    4   N/A  N/A      3513      G   /usr/lib/xorg/Xorg                  4MiB |
+-----------------------------------------------------------------------------+
Namespace(PES_lr=0.0001, T=0.5, T1=0, T2=5, alpha=4, batch_size=128, data_path='./data', data_percent=1, dataset='CIFAR10', ema=0.997, lambda_u=0, lr=0.02, noise_type='random_label1', num_epochs=300, optim='cos', seed=2, weight_decay=0.0005)
Files already downloaded and verified
Files already downloaded and verified
Train Epoch: [0][  0/390]	Time   0.10	Data   0.00	Loss   3.92	Acc@1  29.16
14:07:13 Epoch 0 Test Acc: 43.55
14:07:16 Epoch 0  EMA Test Acc: 18.9
Train Epoch: [1][  0/390]	Time   0.10	Data   0.00	Loss   3.32	Acc@1  41.71
14:07:59 Epoch 1 Test Acc: 50.44
14:08:01 Epoch 1  EMA Test Acc: 30.77
Train Epoch: [2][  0/390]	Time   0.10	Data   0.00	Loss   2.95	Acc@1  50.19
14:08:44 Epoch 2 Test Acc: 59.96
14:08:47 Epoch 2  EMA Test Acc: 58.28
Train Epoch: [3][  0/390]	Time   0.10	Data   0.00	Loss   2.71	Acc@1  55.21
14:09:30 Epoch 3 Test Acc: 63.4
14:09:32 Epoch 3  EMA Test Acc: 62.39
Train Epoch: [4][  0/390]	Time   0.10	Data   0.00	Loss   2.54	Acc@1  58.93
14:10:15 Epoch 4 Test Acc: 69.03
14:10:18 Epoch 4  EMA Test Acc: 67.12
Train Epoch: [5][  0/390]	Time   0.10	Data   0.00	Loss   2.42	Acc@1  61.85
14:11:01 Epoch 5 Test Acc: 72.63
14:11:03 Epoch 5  EMA Test Acc: 74.33
Train Epoch: [6][  0/390]	Time   0.10	Data   0.00	Loss   2.30	Acc@1  64.31
14:11:46 Epoch 6 Test Acc: 73.84
14:11:49 Epoch 6  EMA Test Acc: 75.45
Train Epoch: [7][  0/390]	Time   0.10	Data   0.00	Loss   2.23	Acc@1  65.85
14:12:32 Epoch 7 Test Acc: 76.86
14:12:34 Epoch 7  EMA Test Acc: 75.14
Train Epoch: [8][  0/390]	Time   0.10	Data   0.00	Loss   2.19	Acc@1  66.46
14:13:17 Epoch 8 Test Acc: 79.07
14:13:20 Epoch 8  EMA Test Acc: 74.58
Train Epoch: [9][  0/390]	Time   0.10	Data   0.00	Loss   2.13	Acc@1  67.82
14:14:02 Epoch 9 Test Acc: 80.94
14:14:05 Epoch 9  EMA Test Acc: 82.07
Train Epoch: [10][  0/390]	Time   0.10	Data   0.00	Loss   2.07	Acc@1  68.99
14:14:48 Epoch 10 Test Acc: 79.19
14:14:51 Epoch 10  EMA Test Acc: 79.74
Train Epoch: [11][  0/390]	Time   0.10	Data   0.00	Loss   2.04	Acc@1  69.55
14:15:33 Epoch 11 Test Acc: 80.49
14:15:36 Epoch 11  EMA Test Acc: 83.39
Train Epoch: [12][  0/390]	Time   0.10	Data   0.00	Loss   2.01	Acc@1  70.27
14:16:19 Epoch 12 Test Acc: 81.46
14:16:21 Epoch 12  EMA Test Acc: 81.94
Train Epoch: [13][  0/390]	Time   0.10	Data   0.00	Loss   1.98	Acc@1  70.66
14:17:04 Epoch 13 Test Acc: 81.27
14:17:06 Epoch 13  EMA Test Acc: 79.75
Train Epoch: [14][  0/390]	Time   0.10	Data   0.00	Loss   1.95	Acc@1  71.37
14:17:49 Epoch 14 Test Acc: 84.56
14:17:51 Epoch 14  EMA Test Acc: 85.67
Train Epoch: [15][  0/390]	Time   0.10	Data   0.00	Loss   1.92	Acc@1  71.86
14:18:34 Epoch 15 Test Acc: 83.69
14:18:37 Epoch 15  EMA Test Acc: 86.64
Train Epoch: [16][  0/390]	Time   0.10	Data   0.00	Loss   1.90	Acc@1  72.36
14:19:20 Epoch 16 Test Acc: 83.5
14:19:22 Epoch 16  EMA Test Acc: 86.49
Train Epoch: [17][  0/390]	Time   0.10	Data   0.00	Loss   1.89	Acc@1  72.52
14:20:05 Epoch 17 Test Acc: 83.53
14:20:07 Epoch 17  EMA Test Acc: 83.36
Train Epoch: [18][  0/390]	Time   0.10	Data   0.00	Loss   1.86	Acc@1  73.11
14:20:50 Epoch 18 Test Acc: 83.98
14:20:52 Epoch 18  EMA Test Acc: 87.46
Train Epoch: [19][  0/390]	Time   0.10	Data   0.00	Loss   1.85	Acc@1  73.34
14:21:35 Epoch 19 Test Acc: 83.12
14:21:38 Epoch 19  EMA Test Acc: 86.94
re-initalize the final layer
Train Epoch: [0][  0/390]	Time   0.05	Data   0.00	Loss   2.81	Acc@1  73.01
14:21:58 Epoch 0 Test Acc: 86.63
Train Epoch: [1][  0/390]	Time   0.05	Data   0.00	Loss   2.05	Acc@1  75.06
14:22:19 Epoch 1 Test Acc: 86.89
Train Epoch: [2][  0/390]	Time   0.05	Data   0.00	Loss   1.85	Acc@1  75.16
14:22:39 Epoch 2 Test Acc: 87.19
Train Epoch: [3][  0/390]	Time   0.05	Data   0.00	Loss   1.79	Acc@1  75.13
14:23:00 Epoch 3 Test Acc: 86.93
Train Epoch: [4][  0/390]	Time   0.05	Data   0.00	Loss   1.76	Acc@1  75.16
14:23:22 Epoch 4 Test Acc: 86.89
Loss   3.00 Loss_Lx   2.99 Loss_Lu 0.03979
14:25:06 Epoch 20 Test Acc: 86.8
14:25:09 Epoch 20  EMA Test Acc: 80.67
Loss   2.92 Loss_Lx   2.90 Loss_Lu 0.03677
14:26:53 Epoch 21 Test Acc: 86.22
14:26:55 Epoch 21  EMA Test Acc: 84.22
Loss   2.84 Loss_Lx   2.81 Loss_Lu 0.03607
14:28:39 Epoch 22 Test Acc: 87.28
14:28:42 Epoch 22  EMA Test Acc: 85.12
Loss   2.87 Loss_Lx   2.83 Loss_Lu 0.03586
14:30:26 Epoch 23 Test Acc: 86.01
14:30:29 Epoch 23  EMA Test Acc: 84.13
Loss   2.82 Loss_Lx   2.77 Loss_Lu 0.03469
14:32:13 Epoch 24 Test Acc: 87.44
14:32:15 Epoch 24  EMA Test Acc: 84.9
Loss   2.80 Loss_Lx   2.74 Loss_Lu 0.03475
14:33:59 Epoch 25 Test Acc: 85.76
14:34:02 Epoch 25  EMA Test Acc: 83.55
Loss   2.80 Loss_Lx   2.73 Loss_Lu 0.03372
14:35:47 Epoch 26 Test Acc: 87.21
14:35:49 Epoch 26  EMA Test Acc: 83.31
Loss   2.78 Loss_Lx   2.70 Loss_Lu 0.03354
14:37:33 Epoch 27 Test Acc: 87.56
14:37:36 Epoch 27  EMA Test Acc: 85.64
Loss   2.77 Loss_Lx   2.68 Loss_Lu 0.03350
14:39:20 Epoch 28 Test Acc: 88.43
14:39:22 Epoch 28  EMA Test Acc: 86.07
Loss   2.77 Loss_Lx   2.67 Loss_Lu 0.03316
14:41:06 Epoch 29 Test Acc: 88.64
14:41:09 Epoch 29  EMA Test Acc: 86.49
Loss   2.74 Loss_Lx   2.63 Loss_Lu 0.03287
14:42:53 Epoch 30 Test Acc: 88.07
14:42:56 Epoch 30  EMA Test Acc: 85.18
Loss   2.75 Loss_Lx   2.63 Loss_Lu 0.03273
14:44:40 Epoch 31 Test Acc: 88.6
14:44:43 Epoch 31  EMA Test Acc: 87.5
Loss   2.74 Loss_Lx   2.61 Loss_Lu 0.03235
14:46:27 Epoch 32 Test Acc: 88.6
14:46:30 Epoch 32  EMA Test Acc: 86.52
Loss   2.74 Loss_Lx   2.60 Loss_Lu 0.03264
14:48:14 Epoch 33 Test Acc: 89.09
14:48:17 Epoch 33  EMA Test Acc: 87.77
Loss   2.78 Loss_Lx   2.64 Loss_Lu 0.03245
14:50:01 Epoch 34 Test Acc: 88.44
14:50:04 Epoch 34  EMA Test Acc: 87.53
Loss   2.72 Loss_Lx   2.57 Loss_Lu 0.03235
14:51:48 Epoch 35 Test Acc: 88.97
14:51:51 Epoch 35  EMA Test Acc: 88.15
Loss   2.74 Loss_Lx   2.58 Loss_Lu 0.03236
14:53:35 Epoch 36 Test Acc: 89.18
14:53:38 Epoch 36  EMA Test Acc: 89.33
Loss   2.73 Loss_Lx   2.57 Loss_Lu 0.03195
14:55:22 Epoch 37 Test Acc: 88.1
14:55:25 Epoch 37  EMA Test Acc: 87.71
Loss   2.72 Loss_Lx   2.56 Loss_Lu 0.03194
14:57:10 Epoch 38 Test Acc: 87.43
14:57:12 Epoch 38  EMA Test Acc: 89.03
Loss   2.69 Loss_Lx   2.54 Loss_Lu 0.03168
14:58:57 Epoch 39 Test Acc: 88.56
14:59:00 Epoch 39  EMA Test Acc: 87.41
Loss   2.66 Loss_Lx   2.50 Loss_Lu 0.03176
15:00:44 Epoch 40 Test Acc: 89.89
15:00:47 Epoch 40  EMA Test Acc: 89.53
Loss   2.70 Loss_Lx   2.54 Loss_Lu 0.03182
15:02:32 Epoch 41 Test Acc: 90.65
15:02:34 Epoch 41  EMA Test Acc: 88.92
Loss   2.66 Loss_Lx   2.50 Loss_Lu 0.03183
15:04:19 Epoch 42 Test Acc: 89.65
15:04:21 Epoch 42  EMA Test Acc: 89.84
Loss   2.65 Loss_Lx   2.49 Loss_Lu 0.03170
15:06:07 Epoch 43 Test Acc: 90.28
15:06:09 Epoch 43  EMA Test Acc: 90.58
Loss   2.64 Loss_Lx   2.48 Loss_Lu 0.03172
15:07:53 Epoch 44 Test Acc: 88.98
15:07:56 Epoch 44  EMA Test Acc: 89.28
Loss   2.62 Loss_Lx   2.47 Loss_Lu 0.03180
15:09:41 Epoch 45 Test Acc: 89.05
15:09:44 Epoch 45  EMA Test Acc: 90.97
Loss   2.66 Loss_Lx   2.50 Loss_Lu 0.03171
15:11:29 Epoch 46 Test Acc: 89.44
15:11:32 Epoch 46  EMA Test Acc: 90.55
Loss   2.66 Loss_Lx   2.50 Loss_Lu 0.03173
15:13:16 Epoch 47 Test Acc: 89.81
15:13:19 Epoch 47  EMA Test Acc: 89.13
Loss   2.63 Loss_Lx   2.48 Loss_Lu 0.03167
15:15:03 Epoch 48 Test Acc: 90.34
15:15:06 Epoch 48  EMA Test Acc: 88.96
Loss   2.62 Loss_Lx   2.46 Loss_Lu 0.03157
15:16:51 Epoch 49 Test Acc: 89.63
15:16:53 Epoch 49  EMA Test Acc: 90.84
Loss   2.66 Loss_Lx   2.50 Loss_Lu 0.03176
15:18:38 Epoch 50 Test Acc: 90.43
15:18:41 Epoch 50  EMA Test Acc: 91.05
Loss   2.61 Loss_Lx   2.45 Loss_Lu 0.03146
15:20:26 Epoch 51 Test Acc: 90.81
15:20:29 Epoch 51  EMA Test Acc: 90.63
Loss   2.62 Loss_Lx   2.46 Loss_Lu 0.03166
15:22:15 Epoch 52 Test Acc: 90.02
15:22:17 Epoch 52  EMA Test Acc: 90.4
Loss   2.59 Loss_Lx   2.43 Loss_Lu 0.03134
15:24:02 Epoch 53 Test Acc: 90.09
15:24:04 Epoch 53  EMA Test Acc: 91.37
Loss   2.58 Loss_Lx   2.42 Loss_Lu 0.03156
15:25:48 Epoch 54 Test Acc: 90.5
15:25:51 Epoch 54  EMA Test Acc: 91.41
Loss   2.59 Loss_Lx   2.43 Loss_Lu 0.03152
15:27:36 Epoch 55 Test Acc: 91.32
15:27:39 Epoch 55  EMA Test Acc: 91.04
Loss   2.58 Loss_Lx   2.42 Loss_Lu 0.03121
15:29:24 Epoch 56 Test Acc: 90.94
15:29:27 Epoch 56  EMA Test Acc: 90.71
Loss   2.59 Loss_Lx   2.43 Loss_Lu 0.03186
15:31:12 Epoch 57 Test Acc: 90.57
15:31:15 Epoch 57  EMA Test Acc: 90.96
Loss   2.59 Loss_Lx   2.43 Loss_Lu 0.03147
15:33:00 Epoch 58 Test Acc: 90.53
15:33:03 Epoch 58  EMA Test Acc: 90.29
Loss   2.55 Loss_Lx   2.40 Loss_Lu 0.03095
15:34:48 Epoch 59 Test Acc: 90.85
15:34:50 Epoch 59  EMA Test Acc: 91.96
Loss   2.55 Loss_Lx   2.39 Loss_Lu 0.03152
15:36:36 Epoch 60 Test Acc: 91.67
15:36:39 Epoch 60  EMA Test Acc: 89.68
Loss   2.57 Loss_Lx   2.42 Loss_Lu 0.03112
15:38:24 Epoch 61 Test Acc: 91.29
15:38:26 Epoch 61  EMA Test Acc: 92.54
Loss   2.58 Loss_Lx   2.42 Loss_Lu 0.03113
15:40:12 Epoch 62 Test Acc: 91.59
15:40:15 Epoch 62  EMA Test Acc: 92.19
Loss   2.53 Loss_Lx   2.38 Loss_Lu 0.03113
15:42:00 Epoch 63 Test Acc: 91.5
15:42:03 Epoch 63  EMA Test Acc: 91.62
Loss   2.57 Loss_Lx   2.41 Loss_Lu 0.03100
15:43:49 Epoch 64 Test Acc: 90.83
15:43:51 Epoch 64  EMA Test Acc: 92.18
Loss   2.53 Loss_Lx   2.38 Loss_Lu 0.03102
15:45:37 Epoch 65 Test Acc: 91.91
15:45:39 Epoch 65  EMA Test Acc: 92.99
Loss   2.53 Loss_Lx   2.38 Loss_Lu 0.03084
15:47:24 Epoch 66 Test Acc: 90.67
15:47:27 Epoch 66  EMA Test Acc: 93.0
Loss   2.49 Loss_Lx   2.33 Loss_Lu 0.03069
15:49:12 Epoch 67 Test Acc: 91.26
15:49:15 Epoch 67  EMA Test Acc: 90.97
Loss   2.49 Loss_Lx   2.33 Loss_Lu 0.03103
15:51:00 Epoch 68 Test Acc: 90.81
15:51:02 Epoch 68  EMA Test Acc: 91.89
Loss   2.52 Loss_Lx   2.37 Loss_Lu 0.03123
15:52:47 Epoch 69 Test Acc: 91.27
15:52:50 Epoch 69  EMA Test Acc: 92.06
Loss   2.53 Loss_Lx   2.38 Loss_Lu 0.03093
15:54:35 Epoch 70 Test Acc: 90.44
15:54:37 Epoch 70  EMA Test Acc: 92.46
Loss   2.51 Loss_Lx   2.36 Loss_Lu 0.03073
15:56:21 Epoch 71 Test Acc: 91.78
15:56:24 Epoch 71  EMA Test Acc: 91.61
Loss   2.53 Loss_Lx   2.37 Loss_Lu 0.03147
15:58:09 Epoch 72 Test Acc: 91.93
15:58:11 Epoch 72  EMA Test Acc: 93.01
Loss   2.49 Loss_Lx   2.34 Loss_Lu 0.03080
15:59:56 Epoch 73 Test Acc: 92.16
15:59:58 Epoch 73  EMA Test Acc: 93.38
Loss   2.50 Loss_Lx   2.34 Loss_Lu 0.03078
16:01:43 Epoch 74 Test Acc: 91.94
16:01:45 Epoch 74  EMA Test Acc: 92.92
Loss   2.47 Loss_Lx   2.32 Loss_Lu 0.03047
16:03:30 Epoch 75 Test Acc: 91.67
16:03:33 Epoch 75  EMA Test Acc: 92.74
Loss   2.48 Loss_Lx   2.32 Loss_Lu 0.03067
16:05:18 Epoch 76 Test Acc: 92.5
16:05:21 Epoch 76  EMA Test Acc: 92.04
Loss   2.49 Loss_Lx   2.33 Loss_Lu 0.03118
16:07:05 Epoch 77 Test Acc: 91.88
16:07:08 Epoch 77  EMA Test Acc: 92.63
Loss   2.49 Loss_Lx   2.34 Loss_Lu 0.03081
16:08:53 Epoch 78 Test Acc: 91.5
16:08:55 Epoch 78  EMA Test Acc: 92.66
Loss   2.47 Loss_Lx   2.32 Loss_Lu 0.03070
16:10:41 Epoch 79 Test Acc: 92.0
16:10:43 Epoch 79  EMA Test Acc: 93.47
Loss   2.48 Loss_Lx   2.33 Loss_Lu 0.03082
16:12:29 Epoch 80 Test Acc: 92.47
16:12:31 Epoch 80  EMA Test Acc: 92.74
Loss   2.49 Loss_Lx   2.33 Loss_Lu 0.03085
16:14:16 Epoch 81 Test Acc: 91.97
16:14:19 Epoch 81  EMA Test Acc: 92.83
Loss   2.44 Loss_Lx   2.29 Loss_Lu 0.03059
16:16:04 Epoch 82 Test Acc: 92.09
16:16:07 Epoch 82  EMA Test Acc: 91.89
Loss   2.48 Loss_Lx   2.32 Loss_Lu 0.03094
16:17:51 Epoch 83 Test Acc: 92.44
16:17:54 Epoch 83  EMA Test Acc: 92.47
Loss   2.46 Loss_Lx   2.31 Loss_Lu 0.03069
16:19:39 Epoch 84 Test Acc: 92.03
16:19:41 Epoch 84  EMA Test Acc: 93.55
Loss   2.48 Loss_Lx   2.33 Loss_Lu 0.03095
16:21:26 Epoch 85 Test Acc: 92.14
16:21:29 Epoch 85  EMA Test Acc: 92.35
Loss   2.47 Loss_Lx   2.31 Loss_Lu 0.03064
16:23:14 Epoch 86 Test Acc: 92.04
16:23:17 Epoch 86  EMA Test Acc: 92.71
Loss   2.46 Loss_Lx   2.31 Loss_Lu 0.03096
16:25:01 Epoch 87 Test Acc: 92.31
16:25:04 Epoch 87  EMA Test Acc: 93.32
Loss   2.45 Loss_Lx   2.29 Loss_Lu 0.03056
16:26:49 Epoch 88 Test Acc: 91.3
16:26:52 Epoch 88  EMA Test Acc: 93.6
Loss   2.43 Loss_Lx   2.28 Loss_Lu 0.03032
16:28:37 Epoch 89 Test Acc: 92.64
16:28:40 Epoch 89  EMA Test Acc: 92.37
Loss   2.44 Loss_Lx   2.29 Loss_Lu 0.03081
16:30:25 Epoch 90 Test Acc: 92.42
16:30:27 Epoch 90  EMA Test Acc: 93.0
Loss   2.44 Loss_Lx   2.29 Loss_Lu 0.03072
16:32:12 Epoch 91 Test Acc: 91.46
16:32:15 Epoch 91  EMA Test Acc: 93.13
Loss   2.42 Loss_Lx   2.27 Loss_Lu 0.03041
16:33:59 Epoch 92 Test Acc: 92.72
16:34:02 Epoch 92  EMA Test Acc: 93.43
Loss   2.44 Loss_Lx   2.29 Loss_Lu 0.03043
16:35:46 Epoch 93 Test Acc: 92.18
16:35:48 Epoch 93  EMA Test Acc: 93.15
Loss   2.44 Loss_Lx   2.29 Loss_Lu 0.02998
16:37:33 Epoch 94 Test Acc: 91.98
16:37:35 Epoch 94  EMA Test Acc: 93.13
Loss   2.41 Loss_Lx   2.26 Loss_Lu 0.02999
16:39:20 Epoch 95 Test Acc: 92.24
16:39:23 Epoch 95  EMA Test Acc: 93.01
Loss   2.46 Loss_Lx   2.31 Loss_Lu 0.03031
16:41:08 Epoch 96 Test Acc: 92.2
16:41:10 Epoch 96  EMA Test Acc: 92.8
Loss   2.43 Loss_Lx   2.28 Loss_Lu 0.03000
16:42:55 Epoch 97 Test Acc: 92.52
16:42:58 Epoch 97  EMA Test Acc: 93.03
Loss   2.39 Loss_Lx   2.24 Loss_Lu 0.02963
16:44:43 Epoch 98 Test Acc: 92.0
16:44:45 Epoch 98  EMA Test Acc: 93.05
Loss   2.41 Loss_Lx   2.26 Loss_Lu 0.03001
16:46:29 Epoch 99 Test Acc: 92.33
16:46:32 Epoch 99  EMA Test Acc: 93.82
Loss   2.42 Loss_Lx   2.27 Loss_Lu 0.03008
16:48:17 Epoch 100 Test Acc: 92.63
16:48:20 Epoch 100  EMA Test Acc: 93.36
Loss   2.40 Loss_Lx   2.25 Loss_Lu 0.02986
16:50:04 Epoch 101 Test Acc: 92.56
16:50:07 Epoch 101  EMA Test Acc: 93.64
Loss   2.40 Loss_Lx   2.25 Loss_Lu 0.03038
16:51:52 Epoch 102 Test Acc: 92.94
16:51:54 Epoch 102  EMA Test Acc: 93.48
Loss   2.38 Loss_Lx   2.24 Loss_Lu 0.02948
16:53:40 Epoch 103 Test Acc: 92.33
16:53:42 Epoch 103  EMA Test Acc: 92.92
Loss   2.41 Loss_Lx   2.26 Loss_Lu 0.03015
16:55:27 Epoch 104 Test Acc: 92.71
16:55:30 Epoch 104  EMA Test Acc: 93.42
Loss   2.41 Loss_Lx   2.26 Loss_Lu 0.03029
16:57:15 Epoch 105 Test Acc: 92.43
16:57:17 Epoch 105  EMA Test Acc: 93.61
Loss   2.40 Loss_Lx   2.25 Loss_Lu 0.02964
16:59:02 Epoch 106 Test Acc: 93.17
16:59:05 Epoch 106  EMA Test Acc: 93.73
Loss   2.40 Loss_Lx   2.25 Loss_Lu 0.02986
17:00:49 Epoch 107 Test Acc: 92.92
17:00:52 Epoch 107  EMA Test Acc: 94.07
Loss   2.41 Loss_Lx   2.26 Loss_Lu 0.02941
17:02:37 Epoch 108 Test Acc: 92.48
17:02:40 Epoch 108  EMA Test Acc: 93.04
Loss   2.40 Loss_Lx   2.25 Loss_Lu 0.02999
17:04:25 Epoch 109 Test Acc: 93.34
17:04:27 Epoch 109  EMA Test Acc: 94.13
Loss   2.37 Loss_Lx   2.22 Loss_Lu 0.02937
17:06:12 Epoch 110 Test Acc: 93.13
17:06:15 Epoch 110  EMA Test Acc: 93.24
Loss   2.37 Loss_Lx   2.23 Loss_Lu 0.02968
17:08:00 Epoch 111 Test Acc: 92.81
17:08:02 Epoch 111  EMA Test Acc: 92.92
Loss   2.37 Loss_Lx   2.23 Loss_Lu 0.02937
17:09:46 Epoch 112 Test Acc: 92.76
17:09:49 Epoch 112  EMA Test Acc: 93.78
Loss   2.38 Loss_Lx   2.23 Loss_Lu 0.02945
17:11:34 Epoch 113 Test Acc: 92.85
17:11:36 Epoch 113  EMA Test Acc: 93.83
Loss   2.38 Loss_Lx   2.23 Loss_Lu 0.02965
17:13:21 Epoch 114 Test Acc: 93.19
17:13:24 Epoch 114  EMA Test Acc: 93.81
Loss   2.37 Loss_Lx   2.22 Loss_Lu 0.02915
17:15:08 Epoch 115 Test Acc: 93.15
17:15:11 Epoch 115  EMA Test Acc: 93.84
Loss   2.36 Loss_Lx   2.21 Loss_Lu 0.02942
17:16:56 Epoch 116 Test Acc: 93.37
17:16:58 Epoch 116  EMA Test Acc: 94.02
Loss   2.36 Loss_Lx   2.22 Loss_Lu 0.02935
17:18:43 Epoch 117 Test Acc: 92.95
17:18:46 Epoch 117  EMA Test Acc: 94.02
Loss   2.37 Loss_Lx   2.22 Loss_Lu 0.02932
17:20:31 Epoch 118 Test Acc: 92.56
17:20:33 Epoch 118  EMA Test Acc: 92.56
Loss   2.36 Loss_Lx   2.21 Loss_Lu 0.02953
17:22:19 Epoch 119 Test Acc: 93.28
17:22:21 Epoch 119  EMA Test Acc: 92.79
Loss   2.34 Loss_Lx   2.19 Loss_Lu 0.02959
17:24:07 Epoch 120 Test Acc: 92.78
17:24:09 Epoch 120  EMA Test Acc: 94.2
Loss   2.37 Loss_Lx   2.23 Loss_Lu 0.02949
17:25:55 Epoch 121 Test Acc: 92.81
17:25:57 Epoch 121  EMA Test Acc: 93.65
Loss   2.36 Loss_Lx   2.21 Loss_Lu 0.02916
17:27:42 Epoch 122 Test Acc: 93.25
17:27:45 Epoch 122  EMA Test Acc: 93.27
Loss   2.34 Loss_Lx   2.20 Loss_Lu 0.02914
17:29:29 Epoch 123 Test Acc: 92.82
17:29:32 Epoch 123  EMA Test Acc: 94.23
Loss   2.37 Loss_Lx   2.22 Loss_Lu 0.02923
17:31:17 Epoch 124 Test Acc: 92.87
17:31:20 Epoch 124  EMA Test Acc: 94.28
Loss   2.33 Loss_Lx   2.19 Loss_Lu 0.02875
17:33:04 Epoch 125 Test Acc: 93.53
17:33:07 Epoch 125  EMA Test Acc: 94.56
Loss   2.34 Loss_Lx   2.19 Loss_Lu 0.02893
17:34:53 Epoch 126 Test Acc: 93.03
17:34:55 Epoch 126  EMA Test Acc: 94.21
Loss   2.35 Loss_Lx   2.21 Loss_Lu 0.02901
17:36:40 Epoch 127 Test Acc: 91.89
17:36:43 Epoch 127  EMA Test Acc: 93.19
Loss   2.36 Loss_Lx   2.21 Loss_Lu 0.02890
17:38:27 Epoch 128 Test Acc: 92.99
17:38:30 Epoch 128  EMA Test Acc: 93.77
Loss   2.31 Loss_Lx   2.17 Loss_Lu 0.02862
17:40:15 Epoch 129 Test Acc: 93.49
17:40:18 Epoch 129  EMA Test Acc: 94.08
Loss   2.31 Loss_Lx   2.17 Loss_Lu 0.02848
17:42:04 Epoch 130 Test Acc: 93.45
17:42:06 Epoch 130  EMA Test Acc: 94.09
Loss   2.35 Loss_Lx   2.20 Loss_Lu 0.02932
17:43:50 Epoch 131 Test Acc: 93.28
17:43:52 Epoch 131  EMA Test Acc: 94.05
Loss   2.32 Loss_Lx   2.18 Loss_Lu 0.02875
17:45:36 Epoch 132 Test Acc: 93.34
17:45:39 Epoch 132  EMA Test Acc: 94.14
Loss   2.34 Loss_Lx   2.20 Loss_Lu 0.02856
17:47:23 Epoch 133 Test Acc: 93.43
17:47:26 Epoch 133  EMA Test Acc: 94.37
Loss   2.30 Loss_Lx   2.16 Loss_Lu 0.02830
17:49:11 Epoch 134 Test Acc: 93.62
17:49:14 Epoch 134  EMA Test Acc: 93.89
Loss   2.31 Loss_Lx   2.17 Loss_Lu 0.02853
17:50:59 Epoch 135 Test Acc: 93.72
17:51:01 Epoch 135  EMA Test Acc: 92.59
Loss   2.29 Loss_Lx   2.15 Loss_Lu 0.02840
17:52:47 Epoch 136 Test Acc: 93.49
17:52:49 Epoch 136  EMA Test Acc: 94.56
Loss   2.31 Loss_Lx   2.17 Loss_Lu 0.02806
17:54:35 Epoch 137 Test Acc: 92.71
17:54:37 Epoch 137  EMA Test Acc: 93.5
Loss   2.27 Loss_Lx   2.13 Loss_Lu 0.02847
17:56:22 Epoch 138 Test Acc: 93.39
17:56:24 Epoch 138  EMA Test Acc: 94.79
Loss   2.27 Loss_Lx   2.13 Loss_Lu 0.02800
17:58:10 Epoch 139 Test Acc: 93.21
17:58:13 Epoch 139  EMA Test Acc: 93.7
Loss   2.29 Loss_Lx   2.15 Loss_Lu 0.02831
17:59:57 Epoch 140 Test Acc: 93.77
18:00:00 Epoch 140  EMA Test Acc: 94.17
Loss   2.29 Loss_Lx   2.15 Loss_Lu 0.02790
18:01:44 Epoch 141 Test Acc: 93.12
18:01:47 Epoch 141  EMA Test Acc: 94.25
Loss   2.28 Loss_Lx   2.14 Loss_Lu 0.02811
18:03:33 Epoch 142 Test Acc: 93.81
18:03:35 Epoch 142  EMA Test Acc: 93.54
Loss   2.29 Loss_Lx   2.15 Loss_Lu 0.02819
18:05:20 Epoch 143 Test Acc: 93.42
18:05:23 Epoch 143  EMA Test Acc: 94.41
Loss   2.28 Loss_Lx   2.14 Loss_Lu 0.02821
18:07:08 Epoch 144 Test Acc: 94.06
18:07:11 Epoch 144  EMA Test Acc: 94.34
Loss   2.28 Loss_Lx   2.14 Loss_Lu 0.02794
18:08:57 Epoch 145 Test Acc: 93.6
18:08:59 Epoch 145  EMA Test Acc: 94.56
Loss   2.24 Loss_Lx   2.10 Loss_Lu 0.02744
18:10:45 Epoch 146 Test Acc: 93.44
18:10:47 Epoch 146  EMA Test Acc: 93.85
Loss   2.29 Loss_Lx   2.15 Loss_Lu 0.02797
18:12:33 Epoch 147 Test Acc: 93.72
18:12:36 Epoch 147  EMA Test Acc: 93.96
Loss   2.26 Loss_Lx   2.12 Loss_Lu 0.02807
18:14:20 Epoch 148 Test Acc: 93.93
18:14:23 Epoch 148  EMA Test Acc: 93.94
Loss   2.29 Loss_Lx   2.15 Loss_Lu 0.02802
18:16:09 Epoch 149 Test Acc: 93.83
18:16:11 Epoch 149  EMA Test Acc: 94.14
Loss   1.64 Loss_Lx   1.53 Loss_Lu 0.02206
18:17:56 Epoch 150 Test Acc: 93.26
18:17:58 Epoch 150  EMA Test Acc: 94.07
Loss   1.72 Loss_Lx   1.61 Loss_Lu 0.02301
18:19:42 Epoch 151 Test Acc: 93.3
18:19:45 Epoch 151  EMA Test Acc: 94.74
Loss   1.66 Loss_Lx   1.55 Loss_Lu 0.02188
18:21:30 Epoch 152 Test Acc: 93.76
18:21:32 Epoch 152  EMA Test Acc: 94.3
Loss   1.69 Loss_Lx   1.57 Loss_Lu 0.02326
18:23:18 Epoch 153 Test Acc: 93.42
18:23:20 Epoch 153  EMA Test Acc: 94.04
Loss   1.75 Loss_Lx   1.63 Loss_Lu 0.02389
18:25:05 Epoch 154 Test Acc: 93.15
18:25:08 Epoch 154  EMA Test Acc: 94.38
Loss   1.64 Loss_Lx   1.54 Loss_Lu 0.02145
18:26:53 Epoch 155 Test Acc: 93.93
18:26:56 Epoch 155  EMA Test Acc: 94.39
Loss   1.66 Loss_Lx   1.55 Loss_Lu 0.02264
18:28:41 Epoch 156 Test Acc: 93.62
18:28:43 Epoch 156  EMA Test Acc: 94.12
Loss   1.69 Loss_Lx   1.58 Loss_Lu 0.02271
18:30:28 Epoch 157 Test Acc: 94.41
18:30:31 Epoch 157  EMA Test Acc: 94.66
Loss   1.72 Loss_Lx   1.61 Loss_Lu 0.02278
18:32:16 Epoch 158 Test Acc: 93.56
18:32:19 Epoch 158  EMA Test Acc: 94.45
Loss   1.67 Loss_Lx   1.56 Loss_Lu 0.02164
18:34:04 Epoch 159 Test Acc: 93.77
18:34:06 Epoch 159  EMA Test Acc: 94.01
Loss   1.66 Loss_Lx   1.54 Loss_Lu 0.02252
18:35:51 Epoch 160 Test Acc: 93.54
18:35:54 Epoch 160  EMA Test Acc: 94.04
Loss   1.64 Loss_Lx   1.54 Loss_Lu 0.02123
18:37:39 Epoch 161 Test Acc: 94.37
18:37:42 Epoch 161  EMA Test Acc: 94.72
Loss   1.72 Loss_Lx   1.60 Loss_Lu 0.02244
18:39:27 Epoch 162 Test Acc: 94.15
18:39:30 Epoch 162  EMA Test Acc: 94.91
Loss   1.65 Loss_Lx   1.54 Loss_Lu 0.02179
18:41:16 Epoch 163 Test Acc: 94.27
18:41:18 Epoch 163  EMA Test Acc: 94.13
Loss   1.69 Loss_Lx   1.58 Loss_Lu 0.02240
18:43:04 Epoch 164 Test Acc: 94.26
18:43:07 Epoch 164  EMA Test Acc: 95.08
Loss   1.61 Loss_Lx   1.51 Loss_Lu 0.02117
18:44:52 Epoch 165 Test Acc: 94.03
18:44:55 Epoch 165  EMA Test Acc: 94.72
Loss   1.68 Loss_Lx   1.58 Loss_Lu 0.02135
18:46:40 Epoch 166 Test Acc: 93.88
18:46:43 Epoch 166  EMA Test Acc: 95.06
Loss   1.66 Loss_Lx   1.55 Loss_Lu 0.02155
18:48:28 Epoch 167 Test Acc: 93.49
18:48:31 Epoch 167  EMA Test Acc: 94.45
Loss   1.64 Loss_Lx   1.53 Loss_Lu 0.02126
18:50:16 Epoch 168 Test Acc: 94.37
18:50:19 Epoch 168  EMA Test Acc: 94.4
Loss   1.68 Loss_Lx   1.57 Loss_Lu 0.02142
18:52:04 Epoch 169 Test Acc: 94.38
18:52:06 Epoch 169  EMA Test Acc: 94.99
Loss   1.63 Loss_Lx   1.52 Loss_Lu 0.02083
18:53:51 Epoch 170 Test Acc: 93.94
18:53:53 Epoch 170  EMA Test Acc: 94.98
Loss   1.63 Loss_Lx   1.53 Loss_Lu 0.02060
18:55:38 Epoch 171 Test Acc: 93.85
18:55:41 Epoch 171  EMA Test Acc: 95.09
Loss   1.66 Loss_Lx   1.55 Loss_Lu 0.02098
18:57:27 Epoch 172 Test Acc: 94.23
18:57:29 Epoch 172  EMA Test Acc: 94.84
Loss   1.67 Loss_Lx   1.56 Loss_Lu 0.02160
18:59:14 Epoch 173 Test Acc: 94.31
18:59:17 Epoch 173  EMA Test Acc: 94.08
Loss   1.65 Loss_Lx   1.54 Loss_Lu 0.02084
19:01:02 Epoch 174 Test Acc: 94.11
19:01:05 Epoch 174  EMA Test Acc: 94.8
Loss   1.56 Loss_Lx   1.46 Loss_Lu 0.01985
19:02:50 Epoch 175 Test Acc: 94.51
19:02:53 Epoch 175  EMA Test Acc: 94.57
Loss   1.69 Loss_Lx   1.58 Loss_Lu 0.02186
19:04:38 Epoch 176 Test Acc: 93.89
19:04:40 Epoch 176  EMA Test Acc: 94.99
Loss   1.68 Loss_Lx   1.57 Loss_Lu 0.02111
19:06:25 Epoch 177 Test Acc: 94.02
19:06:28 Epoch 177  EMA Test Acc: 94.65
Loss   1.70 Loss_Lx   1.59 Loss_Lu 0.02100
19:08:13 Epoch 178 Test Acc: 93.63
19:08:16 Epoch 178  EMA Test Acc: 95.21
Loss   1.71 Loss_Lx   1.60 Loss_Lu 0.02160
19:10:01 Epoch 179 Test Acc: 94.56
19:10:03 Epoch 179  EMA Test Acc: 94.66
Loss   1.60 Loss_Lx   1.50 Loss_Lu 0.02018
19:11:48 Epoch 180 Test Acc: 93.61
19:11:51 Epoch 180  EMA Test Acc: 95.3
Loss   1.66 Loss_Lx   1.55 Loss_Lu 0.02089
19:13:36 Epoch 181 Test Acc: 94.21
19:13:38 Epoch 181  EMA Test Acc: 94.77
Loss   1.58 Loss_Lx   1.48 Loss_Lu 0.01942
19:15:23 Epoch 182 Test Acc: 94.31
19:15:26 Epoch 182  EMA Test Acc: 95.06
Loss   1.62 Loss_Lx   1.51 Loss_Lu 0.02019
19:17:11 Epoch 183 Test Acc: 94.29
19:17:14 Epoch 183  EMA Test Acc: 94.76
Loss   1.60 Loss_Lx   1.50 Loss_Lu 0.01995
19:18:58 Epoch 184 Test Acc: 94.1
19:19:01 Epoch 184  EMA Test Acc: 95.14
Loss   1.63 Loss_Lx   1.53 Loss_Lu 0.01993
19:20:46 Epoch 185 Test Acc: 94.49
19:20:48 Epoch 185  EMA Test Acc: 95.06
Loss   1.62 Loss_Lx   1.52 Loss_Lu 0.02011
19:22:34 Epoch 186 Test Acc: 94.89
19:22:36 Epoch 186  EMA Test Acc: 94.63
Loss   1.57 Loss_Lx   1.47 Loss_Lu 0.01978
19:24:21 Epoch 187 Test Acc: 94.69
19:24:24 Epoch 187  EMA Test Acc: 95.16
Loss   1.61 Loss_Lx   1.51 Loss_Lu 0.01972
19:26:09 Epoch 188 Test Acc: 94.85
19:26:12 Epoch 188  EMA Test Acc: 94.4
Loss   1.66 Loss_Lx   1.56 Loss_Lu 0.02093
19:27:55 Epoch 189 Test Acc: 94.79
19:27:58 Epoch 189  EMA Test Acc: 95.05
Loss   1.59 Loss_Lx   1.49 Loss_Lu 0.01947
19:29:43 Epoch 190 Test Acc: 94.67
19:29:46 Epoch 190  EMA Test Acc: 94.97
Loss   1.67 Loss_Lx   1.57 Loss_Lu 0.02033
19:31:31 Epoch 191 Test Acc: 94.37
19:31:34 Epoch 191  EMA Test Acc: 94.54
Loss   1.61 Loss_Lx   1.51 Loss_Lu 0.01925
19:33:18 Epoch 192 Test Acc: 94.64
19:33:21 Epoch 192  EMA Test Acc: 95.18
Loss   1.56 Loss_Lx   1.46 Loss_Lu 0.01916
19:35:07 Epoch 193 Test Acc: 94.64
19:35:09 Epoch 193  EMA Test Acc: 94.85
Loss   1.53 Loss_Lx   1.44 Loss_Lu 0.01870
19:36:55 Epoch 194 Test Acc: 94.13
19:36:57 Epoch 194  EMA Test Acc: 95.09
Loss   1.62 Loss_Lx   1.52 Loss_Lu 0.01981
19:38:42 Epoch 195 Test Acc: 94.1
19:38:45 Epoch 195  EMA Test Acc: 94.96
Loss   1.63 Loss_Lx   1.53 Loss_Lu 0.02035
19:40:30 Epoch 196 Test Acc: 94.72
19:40:33 Epoch 196  EMA Test Acc: 94.8
Loss   1.55 Loss_Lx   1.45 Loss_Lu 0.01910
19:42:18 Epoch 197 Test Acc: 94.9
19:42:21 Epoch 197  EMA Test Acc: 94.8
Loss   1.59 Loss_Lx   1.50 Loss_Lu 0.01910
19:44:06 Epoch 198 Test Acc: 95.07
19:44:09 Epoch 198  EMA Test Acc: 94.96
Loss   1.56 Loss_Lx   1.47 Loss_Lu 0.01894
19:45:54 Epoch 199 Test Acc: 94.8
19:45:57 Epoch 199  EMA Test Acc: 95.0
Loss   1.57 Loss_Lx   1.48 Loss_Lu 0.01897
19:47:42 Epoch 200 Test Acc: 94.67
19:47:44 Epoch 200  EMA Test Acc: 94.49
Loss   1.60 Loss_Lx   1.51 Loss_Lu 0.01898
19:49:30 Epoch 201 Test Acc: 94.63
19:49:32 Epoch 201  EMA Test Acc: 95.03
Loss   1.62 Loss_Lx   1.53 Loss_Lu 0.01889
19:51:17 Epoch 202 Test Acc: 94.82
19:51:20 Epoch 202  EMA Test Acc: 95.45
Loss   1.57 Loss_Lx   1.48 Loss_Lu 0.01845
19:53:06 Epoch 203 Test Acc: 94.74
19:53:09 Epoch 203  EMA Test Acc: 94.74
Loss   1.57 Loss_Lx   1.48 Loss_Lu 0.01844
19:54:54 Epoch 204 Test Acc: 94.51
19:54:57 Epoch 204  EMA Test Acc: 95.37
Loss   1.50 Loss_Lx   1.42 Loss_Lu 0.01784
19:56:43 Epoch 205 Test Acc: 94.64
19:56:46 Epoch 205  EMA Test Acc: 95.29
Loss   1.58 Loss_Lx   1.48 Loss_Lu 0.01832
19:58:31 Epoch 206 Test Acc: 94.77
19:58:34 Epoch 206  EMA Test Acc: 95.16
Loss   1.55 Loss_Lx   1.46 Loss_Lu 0.01792
20:00:19 Epoch 207 Test Acc: 94.4
20:00:22 Epoch 207  EMA Test Acc: 95.23
Loss   1.55 Loss_Lx   1.46 Loss_Lu 0.01838
20:02:06 Epoch 208 Test Acc: 94.69
20:02:09 Epoch 208  EMA Test Acc: 94.59
Loss   1.56 Loss_Lx   1.47 Loss_Lu 0.01847
20:03:54 Epoch 209 Test Acc: 95.01
20:03:57 Epoch 209  EMA Test Acc: 95.04
Loss   1.55 Loss_Lx   1.45 Loss_Lu 0.01817
20:05:43 Epoch 210 Test Acc: 94.95
20:05:45 Epoch 210  EMA Test Acc: 95.22
Loss   1.58 Loss_Lx   1.49 Loss_Lu 0.01831
20:07:31 Epoch 211 Test Acc: 95.07
20:07:34 Epoch 211  EMA Test Acc: 95.2
Loss   1.54 Loss_Lx   1.45 Loss_Lu 0.01755
20:09:19 Epoch 212 Test Acc: 94.76
20:09:22 Epoch 212  EMA Test Acc: 95.3
Loss   1.50 Loss_Lx   1.42 Loss_Lu 0.01729
20:11:07 Epoch 213 Test Acc: 94.68
20:11:10 Epoch 213  EMA Test Acc: 95.23
Loss   1.56 Loss_Lx   1.47 Loss_Lu 0.01790
20:12:56 Epoch 214 Test Acc: 95.03
20:12:58 Epoch 214  EMA Test Acc: 94.89
Loss   1.52 Loss_Lx   1.44 Loss_Lu 0.01683
20:14:44 Epoch 215 Test Acc: 94.94
20:14:46 Epoch 215  EMA Test Acc: 95.15
Loss   1.49 Loss_Lx   1.41 Loss_Lu 0.01688
20:16:32 Epoch 216 Test Acc: 94.78
20:16:35 Epoch 216  EMA Test Acc: 95.26
Loss   1.54 Loss_Lx   1.45 Loss_Lu 0.01765
20:18:20 Epoch 217 Test Acc: 94.99
20:18:22 Epoch 217  EMA Test Acc: 95.47
Loss   1.51 Loss_Lx   1.43 Loss_Lu 0.01656
20:20:08 Epoch 218 Test Acc: 94.97
20:20:10 Epoch 218  EMA Test Acc: 95.49
Loss   1.53 Loss_Lx   1.45 Loss_Lu 0.01750
20:21:57 Epoch 219 Test Acc: 95.08
20:21:59 Epoch 219  EMA Test Acc: 95.0
Loss   1.52 Loss_Lx   1.44 Loss_Lu 0.01706
20:23:46 Epoch 220 Test Acc: 95.23
20:23:48 Epoch 220  EMA Test Acc: 95.28
Loss   1.50 Loss_Lx   1.41 Loss_Lu 0.01676
20:25:34 Epoch 221 Test Acc: 94.84
20:25:37 Epoch 221  EMA Test Acc: 95.5
Loss   1.51 Loss_Lx   1.43 Loss_Lu 0.01708
20:27:23 Epoch 222 Test Acc: 95.33
20:27:26 Epoch 222  EMA Test Acc: 95.04
Loss   1.42 Loss_Lx   1.34 Loss_Lu 0.01552
20:29:11 Epoch 223 Test Acc: 95.03
20:29:14 Epoch 223  EMA Test Acc: 95.64
Loss   1.44 Loss_Lx   1.36 Loss_Lu 0.01560
20:31:00 Epoch 224 Test Acc: 95.41
20:31:03 Epoch 224  EMA Test Acc: 94.93
Loss   1.46 Loss_Lx   1.38 Loss_Lu 0.01558
20:32:48 Epoch 225 Test Acc: 95.43
20:32:51 Epoch 225  EMA Test Acc: 95.37
Loss   1.46 Loss_Lx   1.38 Loss_Lu 0.01567
20:34:36 Epoch 226 Test Acc: 95.02
20:34:39 Epoch 226  EMA Test Acc: 95.71
Loss   1.45 Loss_Lx   1.37 Loss_Lu 0.01578
20:36:24 Epoch 227 Test Acc: 95.11
20:36:26 Epoch 227  EMA Test Acc: 95.18
Loss   1.46 Loss_Lx   1.38 Loss_Lu 0.01561
20:38:11 Epoch 228 Test Acc: 95.38
20:38:13 Epoch 228  EMA Test Acc: 95.37
Loss   1.51 Loss_Lx   1.43 Loss_Lu 0.01670
20:39:59 Epoch 229 Test Acc: 95.11
20:40:01 Epoch 229  EMA Test Acc: 95.3
Loss   1.48 Loss_Lx   1.40 Loss_Lu 0.01527
20:41:47 Epoch 230 Test Acc: 95.02
20:41:49 Epoch 230  EMA Test Acc: 95.44
Loss   1.48 Loss_Lx   1.41 Loss_Lu 0.01551
20:43:35 Epoch 231 Test Acc: 95.29
20:43:38 Epoch 231  EMA Test Acc: 95.32
Loss   1.49 Loss_Lx   1.41 Loss_Lu 0.01584
20:45:23 Epoch 232 Test Acc: 95.27
20:45:25 Epoch 232  EMA Test Acc: 95.21
Loss   1.46 Loss_Lx   1.39 Loss_Lu 0.01563
20:47:11 Epoch 233 Test Acc: 95.08
20:47:13 Epoch 233  EMA Test Acc: 95.34
Loss   1.50 Loss_Lx   1.42 Loss_Lu 0.01597
20:48:59 Epoch 234 Test Acc: 95.13
20:49:01 Epoch 234  EMA Test Acc: 95.43
Loss   1.40 Loss_Lx   1.33 Loss_Lu 0.01419
20:50:47 Epoch 235 Test Acc: 95.04
20:50:49 Epoch 235  EMA Test Acc: 95.2
Loss   1.43 Loss_Lx   1.36 Loss_Lu 0.01527
20:52:35 Epoch 236 Test Acc: 95.48
20:52:37 Epoch 236  EMA Test Acc: 95.24
Loss   1.46 Loss_Lx   1.39 Loss_Lu 0.01490
20:54:22 Epoch 237 Test Acc: 95.21
20:54:25 Epoch 237  EMA Test Acc: 95.27
Loss   1.49 Loss_Lx   1.41 Loss_Lu 0.01566
20:56:10 Epoch 238 Test Acc: 95.32
20:56:13 Epoch 238  EMA Test Acc: 95.43
Loss   1.40 Loss_Lx   1.33 Loss_Lu 0.01447
20:57:58 Epoch 239 Test Acc: 94.95
20:58:00 Epoch 239  EMA Test Acc: 95.42
Loss   1.49 Loss_Lx   1.41 Loss_Lu 0.01550
20:59:45 Epoch 240 Test Acc: 95.14
20:59:48 Epoch 240  EMA Test Acc: 95.13
Loss   1.43 Loss_Lx   1.36 Loss_Lu 0.01461
21:01:33 Epoch 241 Test Acc: 95.18
21:01:36 Epoch 241  EMA Test Acc: 95.32
Loss   1.45 Loss_Lx   1.37 Loss_Lu 0.01502
21:03:21 Epoch 242 Test Acc: 95.22
21:03:23 Epoch 242  EMA Test Acc: 95.64
Loss   1.44 Loss_Lx   1.37 Loss_Lu 0.01456
21:05:08 Epoch 243 Test Acc: 95.35
21:05:11 Epoch 243  EMA Test Acc: 95.36
Loss   1.47 Loss_Lx   1.39 Loss_Lu 0.01518
21:06:55 Epoch 244 Test Acc: 95.21
21:06:58 Epoch 244  EMA Test Acc: 95.45
Loss   1.44 Loss_Lx   1.37 Loss_Lu 0.01458
21:08:43 Epoch 245 Test Acc: 95.36
21:08:45 Epoch 245  EMA Test Acc: 95.52
Loss   1.41 Loss_Lx   1.34 Loss_Lu 0.01455
21:10:30 Epoch 246 Test Acc: 95.28
21:10:32 Epoch 246  EMA Test Acc: 95.43
Loss   1.39 Loss_Lx   1.32 Loss_Lu 0.01368
21:12:17 Epoch 247 Test Acc: 95.39
21:12:19 Epoch 247  EMA Test Acc: 95.28
Loss   1.50 Loss_Lx   1.43 Loss_Lu 0.01486
21:14:04 Epoch 248 Test Acc: 95.06
21:14:06 Epoch 248  EMA Test Acc: 95.41
Loss   1.36 Loss_Lx   1.29 Loss_Lu 0.01329
21:15:52 Epoch 249 Test Acc: 95.18
21:15:54 Epoch 249  EMA Test Acc: 95.53
Loss   1.42 Loss_Lx   1.35 Loss_Lu 0.01390
21:17:39 Epoch 250 Test Acc: 95.37
21:17:42 Epoch 250  EMA Test Acc: 95.36
Loss   1.40 Loss_Lx   1.33 Loss_Lu 0.01383
21:19:27 Epoch 251 Test Acc: 95.23
21:19:29 Epoch 251  EMA Test Acc: 95.43
Loss   1.46 Loss_Lx   1.39 Loss_Lu 0.01439
21:21:15 Epoch 252 Test Acc: 95.38
21:21:17 Epoch 252  EMA Test Acc: 95.4
Loss   1.43 Loss_Lx   1.36 Loss_Lu 0.01369
21:23:03 Epoch 253 Test Acc: 95.39
21:23:05 Epoch 253  EMA Test Acc: 95.36
Loss   1.42 Loss_Lx   1.35 Loss_Lu 0.01327
21:24:50 Epoch 254 Test Acc: 95.39
21:24:53 Epoch 254  EMA Test Acc: 95.5
Loss   1.42 Loss_Lx   1.35 Loss_Lu 0.01341
21:26:38 Epoch 255 Test Acc: 95.14
21:26:41 Epoch 255  EMA Test Acc: 95.36
Loss   1.38 Loss_Lx   1.32 Loss_Lu 0.01316
21:28:26 Epoch 256 Test Acc: 95.42
21:28:29 Epoch 256  EMA Test Acc: 95.32
Loss   1.42 Loss_Lx   1.35 Loss_Lu 0.01346
21:30:14 Epoch 257 Test Acc: 95.29
21:30:17 Epoch 257  EMA Test Acc: 95.34
Loss   1.41 Loss_Lx   1.34 Loss_Lu 0.01377
21:32:02 Epoch 258 Test Acc: 95.49
21:32:05 Epoch 258  EMA Test Acc: 95.27
Loss   1.42 Loss_Lx   1.35 Loss_Lu 0.01374
21:33:50 Epoch 259 Test Acc: 95.44
21:33:53 Epoch 259  EMA Test Acc: 95.4
Loss   1.47 Loss_Lx   1.40 Loss_Lu 0.01417
21:35:38 Epoch 260 Test Acc: 95.55
21:35:41 Epoch 260  EMA Test Acc: 95.41
Loss   1.40 Loss_Lx   1.34 Loss_Lu 0.01324
21:37:26 Epoch 261 Test Acc: 95.27
21:37:28 Epoch 261  EMA Test Acc: 95.49
Loss   1.32 Loss_Lx   1.26 Loss_Lu 0.01200
21:39:13 Epoch 262 Test Acc: 95.45
21:39:16 Epoch 262  EMA Test Acc: 95.29
Loss   1.35 Loss_Lx   1.29 Loss_Lu 0.01275
21:41:02 Epoch 263 Test Acc: 95.44
21:41:04 Epoch 263  EMA Test Acc: 95.69
Loss   1.33 Loss_Lx   1.27 Loss_Lu 0.01222
21:42:50 Epoch 264 Test Acc: 95.59
21:42:52 Epoch 264  EMA Test Acc: 95.51
Loss   1.43 Loss_Lx   1.36 Loss_Lu 0.01337
21:44:38 Epoch 265 Test Acc: 95.66
21:44:40 Epoch 265  EMA Test Acc: 95.56
Loss   1.35 Loss_Lx   1.29 Loss_Lu 0.01274
21:46:25 Epoch 266 Test Acc: 95.51
21:46:27 Epoch 266  EMA Test Acc: 95.58
Loss   1.38 Loss_Lx   1.32 Loss_Lu 0.01279
21:48:12 Epoch 267 Test Acc: 95.55
21:48:15 Epoch 267  EMA Test Acc: 95.47
Loss   1.34 Loss_Lx   1.28 Loss_Lu 0.01247
21:50:00 Epoch 268 Test Acc: 95.49
21:50:02 Epoch 268  EMA Test Acc: 95.43
Loss   1.36 Loss_Lx   1.29 Loss_Lu 0.01228
21:51:48 Epoch 269 Test Acc: 95.35
21:51:50 Epoch 269  EMA Test Acc: 95.46
Loss   1.38 Loss_Lx   1.32 Loss_Lu 0.01273
21:53:36 Epoch 270 Test Acc: 95.34
21:53:38 Epoch 270  EMA Test Acc: 95.65
Loss   1.45 Loss_Lx   1.38 Loss_Lu 0.01360
21:55:23 Epoch 271 Test Acc: 95.31
21:55:26 Epoch 271  EMA Test Acc: 95.56
Loss   1.36 Loss_Lx   1.30 Loss_Lu 0.01299
21:57:11 Epoch 272 Test Acc: 95.46
21:57:14 Epoch 272  EMA Test Acc: 95.64
Loss   1.32 Loss_Lx   1.27 Loss_Lu 0.01193
21:58:59 Epoch 273 Test Acc: 95.6
21:59:02 Epoch 273  EMA Test Acc: 95.57
Loss   1.35 Loss_Lx   1.29 Loss_Lu 0.01252
22:00:47 Epoch 274 Test Acc: 95.73
22:00:50 Epoch 274  EMA Test Acc: 95.65
Loss   1.33 Loss_Lx   1.27 Loss_Lu 0.01184
22:02:35 Epoch 275 Test Acc: 95.43
22:02:38 Epoch 275  EMA Test Acc: 95.51
Loss   1.40 Loss_Lx   1.34 Loss_Lu 0.01259
22:04:23 Epoch 276 Test Acc: 95.56
22:04:25 Epoch 276  EMA Test Acc: 95.64
Loss   1.31 Loss_Lx   1.25 Loss_Lu 0.01167
22:06:10 Epoch 277 Test Acc: 95.34
22:06:13 Epoch 277  EMA Test Acc: 95.56
Loss   1.32 Loss_Lx   1.26 Loss_Lu 0.01185
22:07:58 Epoch 278 Test Acc: 95.45
22:08:00 Epoch 278  EMA Test Acc: 95.52
Loss   1.33 Loss_Lx   1.27 Loss_Lu 0.01177
22:09:45 Epoch 279 Test Acc: 95.55
22:09:48 Epoch 279  EMA Test Acc: 95.6
Loss   1.36 Loss_Lx   1.30 Loss_Lu 0.01186
22:11:33 Epoch 280 Test Acc: 95.52
22:11:36 Epoch 280  EMA Test Acc: 95.58
Loss   1.31 Loss_Lx   1.25 Loss_Lu 0.01141
22:13:21 Epoch 281 Test Acc: 95.62
22:13:24 Epoch 281  EMA Test Acc: 95.7
Loss   1.40 Loss_Lx   1.34 Loss_Lu 0.01239
22:15:09 Epoch 282 Test Acc: 95.61
22:15:12 Epoch 282  EMA Test Acc: 95.57
Loss   1.37 Loss_Lx   1.31 Loss_Lu 0.01200
22:16:57 Epoch 283 Test Acc: 95.63
22:17:00 Epoch 283  EMA Test Acc: 95.57
Loss   1.31 Loss_Lx   1.26 Loss_Lu 0.01146
22:18:44 Epoch 284 Test Acc: 95.61
22:18:47 Epoch 284  EMA Test Acc: 95.64
Loss   1.38 Loss_Lx   1.32 Loss_Lu 0.01249
22:20:32 Epoch 285 Test Acc: 95.61
22:20:34 Epoch 285  EMA Test Acc: 95.48
Loss   1.38 Loss_Lx   1.32 Loss_Lu 0.01226
22:22:18 Epoch 286 Test Acc: 95.61
22:22:21 Epoch 286  EMA Test Acc: 95.6
Loss   1.33 Loss_Lx   1.27 Loss_Lu 0.01185
22:24:06 Epoch 287 Test Acc: 95.68
22:24:08 Epoch 287  EMA Test Acc: 95.59
Loss   1.34 Loss_Lx   1.28 Loss_Lu 0.01176
22:25:53 Epoch 288 Test Acc: 95.6
22:25:56 Epoch 288  EMA Test Acc: 95.62
Loss   1.38 Loss_Lx   1.32 Loss_Lu 0.01201
22:27:41 Epoch 289 Test Acc: 95.65
22:27:44 Epoch 289  EMA Test Acc: 95.54
Loss   1.28 Loss_Lx   1.23 Loss_Lu 0.01122
22:29:29 Epoch 290 Test Acc: 95.53
22:29:31 Epoch 290  EMA Test Acc: 95.6
Loss   1.35 Loss_Lx   1.29 Loss_Lu 0.01207
22:31:16 Epoch 291 Test Acc: 95.59
22:31:19 Epoch 291  EMA Test Acc: 95.58
Loss   1.32 Loss_Lx   1.27 Loss_Lu 0.01152
22:33:04 Epoch 292 Test Acc: 95.54
22:33:06 Epoch 292  EMA Test Acc: 95.63
Loss   1.29 Loss_Lx   1.23 Loss_Lu 0.01127
22:34:50 Epoch 293 Test Acc: 95.52
22:34:53 Epoch 293  EMA Test Acc: 95.46
Loss   1.32 Loss_Lx   1.27 Loss_Lu 0.01190
22:36:36 Epoch 294 Test Acc: 95.65
22:36:39 Epoch 294  EMA Test Acc: 95.6
Loss   1.32 Loss_Lx   1.26 Loss_Lu 0.01171
22:38:22 Epoch 295 Test Acc: 95.62
22:38:25 Epoch 295  EMA Test Acc: 95.63
Loss   1.35 Loss_Lx   1.29 Loss_Lu 0.01205
22:40:08 Epoch 296 Test Acc: 95.64
22:40:11 Epoch 296  EMA Test Acc: 95.67
Loss   1.30 Loss_Lx   1.25 Loss_Lu 0.01104
22:41:54 Epoch 297 Test Acc: 95.68
22:41:56 Epoch 297  EMA Test Acc: 95.66
Loss   1.28 Loss_Lx   1.22 Loss_Lu 0.01105
22:43:40 Epoch 298 Test Acc: 95.56
22:43:42 Epoch 298  EMA Test Acc: 95.65
Loss   1.31 Loss_Lx   1.25 Loss_Lu 0.01130
22:45:26 Epoch 299 Test Acc: 95.74
22:45:28 Epoch 299  EMA Test Acc: 95.74
22:45:29 Best Test Acc: 95.74219512939453
