Mon Jul 11 22:48:47 2022       
+-----------------------------------------------------------------------------+
| NVIDIA-SMI 515.48.07    Driver Version: 515.48.07    CUDA Version: 11.7     |
|-------------------------------+----------------------+----------------------+
| GPU  Name        Persistence-M| Bus-Id        Disp.A | Volatile Uncorr. ECC |
| Fan  Temp  Perf  Pwr:Usage/Cap|         Memory-Usage | GPU-Util  Compute M. |
|                               |                      |               MIG M. |
|===============================+======================+======================|
|   0  NVIDIA A100-SXM...  Off  | 00000000:6B:00.0 Off |                    0 |
| N/A   32C    P0    71W / 400W |      4MiB / 81920MiB |      0%   E. Process |
|                               |                      |             Disabled |
+-------------------------------+----------------------+----------------------+
|   1  NVIDIA A100-SXM...  Off  | 00000000:71:00.0 Off |                    0 |
| N/A   36C    P0    68W / 400W |      4MiB / 81920MiB |      0%   E. Process |
|                               |                      |             Disabled |
+-------------------------------+----------------------+----------------------+
|   2  NVIDIA A100-SXM...  Off  | 00000000:8A:00.0 Off |                    0 |
| N/A   46C    P0    74W / 400W |      4MiB / 81920MiB |      0%   E. Process |
|                               |                      |             Disabled |
+-------------------------------+----------------------+----------------------+
|   3  NVIDIA A100-SXM...  Off  | 00000000:8E:00.0 Off |                    0 |
| N/A   38C    P0    69W / 400W |      4MiB / 81920MiB |      0%   E. Process |
|                               |                      |             Disabled |
+-------------------------------+----------------------+----------------------+
|   4  NVIDIA A100-SXM...  Off  | 00000000:A8:00.0 Off |                    0 |
| N/A   35C    P0    70W / 400W |      4MiB / 81920MiB |      0%   E. Process |
|                               |                      |             Disabled |
+-------------------------------+----------------------+----------------------+
                                                                               
+-----------------------------------------------------------------------------+
| Processes:                                                                  |
|  GPU   GI   CI        PID   Type   Process name                  GPU Memory |
|        ID   ID                                                   Usage      |
|=============================================================================|
|    0   N/A  N/A      3513      G   /usr/lib/xorg/Xorg                  4MiB |
|    1   N/A  N/A      3513      G   /usr/lib/xorg/Xorg                  4MiB |
|    2   N/A  N/A      3513      G   /usr/lib/xorg/Xorg                  4MiB |
|    3   N/A  N/A      3513      G   /usr/lib/xorg/Xorg                  4MiB |
|    4   N/A  N/A      3513      G   /usr/lib/xorg/Xorg                  4MiB |
+-----------------------------------------------------------------------------+
Namespace(PES_lr=0.0001, T=0.5, T1=0, T2=5, alpha=4, batch_size=128, data_path='./data', data_percent=1, dataset='CIFAR10', ema=0.997, lambda_u=0, lr=0.02, noise_type='random_label3', num_epochs=300, optim='cos', seed=4, weight_decay=0.0005)
Files already downloaded and verified
Files already downloaded and verified
Train Epoch: [0][  0/390]	Time   0.10	Data   0.00	Loss   3.92	Acc@1  29.08
22:49:42 Epoch 0 Test Acc: 40.36
22:49:45 Epoch 0  EMA Test Acc: 17.91
Train Epoch: [1][  0/390]	Time   0.10	Data   0.00	Loss   3.31	Acc@1  42.44
22:50:27 Epoch 1 Test Acc: 53.52
22:50:29 Epoch 1  EMA Test Acc: 31.71
Train Epoch: [2][  0/390]	Time   0.10	Data   0.00	Loss   2.92	Acc@1  51.42
22:51:11 Epoch 2 Test Acc: 63.61
22:51:14 Epoch 2  EMA Test Acc: 50.39
Train Epoch: [3][  0/390]	Time   0.10	Data   0.00	Loss   2.66	Acc@1  57.05
22:51:56 Epoch 3 Test Acc: 69.4
22:51:59 Epoch 3  EMA Test Acc: 62.58
Train Epoch: [4][  0/390]	Time   0.10	Data   0.00	Loss   2.51	Acc@1  60.49
22:52:41 Epoch 4 Test Acc: 73.23
22:52:43 Epoch 4  EMA Test Acc: 72.16
Train Epoch: [5][  0/390]	Time   0.10	Data   0.00	Loss   2.38	Acc@1  62.88
22:53:25 Epoch 5 Test Acc: 76.11
22:53:28 Epoch 5  EMA Test Acc: 72.23
Train Epoch: [6][  0/390]	Time   0.10	Data   0.00	Loss   2.29	Acc@1  64.78
22:54:09 Epoch 6 Test Acc: 75.88
22:54:12 Epoch 6  EMA Test Acc: 73.7
Train Epoch: [7][  0/390]	Time   0.10	Data   0.00	Loss   2.24	Acc@1  65.53
22:54:53 Epoch 7 Test Acc: 77.13
22:54:56 Epoch 7  EMA Test Acc: 77.5
Train Epoch: [8][  0/390]	Time   0.10	Data   0.00	Loss   2.17	Acc@1  67.08
22:55:38 Epoch 8 Test Acc: 79.43
22:55:40 Epoch 8  EMA Test Acc: 80.53
Train Epoch: [9][  0/390]	Time   0.10	Data   0.00	Loss   2.14	Acc@1  67.73
22:56:23 Epoch 9 Test Acc: 76.33
22:56:25 Epoch 9  EMA Test Acc: 76.9
Train Epoch: [10][  0/390]	Time   0.10	Data   0.00	Loss   2.11	Acc@1  68.35
22:57:07 Epoch 10 Test Acc: 82.13
22:57:09 Epoch 10  EMA Test Acc: 80.64
Train Epoch: [11][  0/390]	Time   0.10	Data   0.00	Loss   2.06	Acc@1  69.41
22:57:51 Epoch 11 Test Acc: 80.1
22:57:54 Epoch 11  EMA Test Acc: 82.17
Train Epoch: [12][  0/390]	Time   0.10	Data   0.00	Loss   2.04	Acc@1  69.80
22:58:36 Epoch 12 Test Acc: 80.64
22:58:38 Epoch 12  EMA Test Acc: 82.21
Train Epoch: [13][  0/390]	Time   0.10	Data   0.00	Loss   2.01	Acc@1  70.38
22:59:21 Epoch 13 Test Acc: 78.13
22:59:23 Epoch 13  EMA Test Acc: 82.73
Train Epoch: [14][  0/390]	Time   0.10	Data   0.00	Loss   1.98	Acc@1  70.92
23:00:05 Epoch 14 Test Acc: 84.69
23:00:08 Epoch 14  EMA Test Acc: 85.12
Train Epoch: [15][  0/390]	Time   0.10	Data   0.00	Loss   1.96	Acc@1  71.38
23:00:50 Epoch 15 Test Acc: 84.04
23:00:52 Epoch 15  EMA Test Acc: 84.83
Train Epoch: [16][  0/390]	Time   0.10	Data   0.00	Loss   1.93	Acc@1  71.85
23:01:34 Epoch 16 Test Acc: 80.94
23:01:37 Epoch 16  EMA Test Acc: 85.21
Train Epoch: [17][  0/390]	Time   0.10	Data   0.00	Loss   1.91	Acc@1  72.28
23:02:19 Epoch 17 Test Acc: 84.72
23:02:21 Epoch 17  EMA Test Acc: 85.76
Train Epoch: [18][  0/390]	Time   0.10	Data   0.00	Loss   1.90	Acc@1  72.47
23:03:03 Epoch 18 Test Acc: 84.22
23:03:06 Epoch 18  EMA Test Acc: 85.62
Train Epoch: [19][  0/390]	Time   0.10	Data   0.00	Loss   1.89	Acc@1  72.67
23:03:47 Epoch 19 Test Acc: 85.89
23:03:50 Epoch 19  EMA Test Acc: 85.69
re-initalize the final layer
Train Epoch: [0][  0/390]	Time   0.05	Data   0.00	Loss   2.81	Acc@1  72.80
23:04:11 Epoch 0 Test Acc: 87.18
Train Epoch: [1][  0/390]	Time   0.05	Data   0.00	Loss   2.07	Acc@1  74.27
23:04:31 Epoch 1 Test Acc: 87.34
Train Epoch: [2][  0/390]	Time   0.05	Data   0.00	Loss   1.88	Acc@1  74.53
23:04:51 Epoch 2 Test Acc: 87.4
Train Epoch: [3][  0/390]	Time   0.05	Data   0.00	Loss   1.83	Acc@1  74.38
23:05:12 Epoch 3 Test Acc: 87.48
Train Epoch: [4][  0/390]	Time   0.05	Data   0.00	Loss   1.81	Acc@1  74.69
23:05:33 Epoch 4 Test Acc: 87.43
Loss   3.03 Loss_Lx   3.03 Loss_Lu 0.03936
23:07:15 Epoch 20 Test Acc: 86.52
23:07:18 Epoch 20  EMA Test Acc: 84.79
Loss   2.93 Loss_Lx   2.91 Loss_Lu 0.03680
23:09:01 Epoch 21 Test Acc: 86.63
23:09:04 Epoch 21  EMA Test Acc: 85.83
Loss   2.84 Loss_Lx   2.81 Loss_Lu 0.03557
23:10:48 Epoch 22 Test Acc: 86.85
23:10:50 Epoch 22  EMA Test Acc: 84.37
Loss   2.85 Loss_Lx   2.81 Loss_Lu 0.03520
23:12:33 Epoch 23 Test Acc: 85.87
23:12:36 Epoch 23  EMA Test Acc: 84.22
Loss   2.81 Loss_Lx   2.76 Loss_Lu 0.03455
23:14:19 Epoch 24 Test Acc: 86.87
23:14:22 Epoch 24  EMA Test Acc: 86.46
Loss   2.79 Loss_Lx   2.73 Loss_Lu 0.03386
23:16:05 Epoch 25 Test Acc: 85.55
23:16:07 Epoch 25  EMA Test Acc: 83.72
Loss   2.80 Loss_Lx   2.73 Loss_Lu 0.03376
23:17:51 Epoch 26 Test Acc: 87.78
23:17:53 Epoch 26  EMA Test Acc: 83.5
Loss   2.76 Loss_Lx   2.68 Loss_Lu 0.03362
23:19:37 Epoch 27 Test Acc: 87.38
23:19:39 Epoch 27  EMA Test Acc: 86.94
Loss   2.79 Loss_Lx   2.71 Loss_Lu 0.03323
23:21:22 Epoch 28 Test Acc: 86.81
23:21:25 Epoch 28  EMA Test Acc: 87.53
Loss   2.76 Loss_Lx   2.66 Loss_Lu 0.03316
23:23:08 Epoch 29 Test Acc: 87.6
23:23:11 Epoch 29  EMA Test Acc: 87.56
Loss   2.77 Loss_Lx   2.66 Loss_Lu 0.03270
23:24:54 Epoch 30 Test Acc: 87.72
23:24:56 Epoch 30  EMA Test Acc: 88.31
Loss   2.80 Loss_Lx   2.68 Loss_Lu 0.03284
23:26:39 Epoch 31 Test Acc: 87.8
23:26:42 Epoch 31  EMA Test Acc: 86.41
Loss   2.74 Loss_Lx   2.61 Loss_Lu 0.03268
23:28:25 Epoch 32 Test Acc: 88.5
23:28:28 Epoch 32  EMA Test Acc: 86.79
Loss   2.76 Loss_Lx   2.63 Loss_Lu 0.03252
23:30:11 Epoch 33 Test Acc: 88.52
23:30:13 Epoch 33  EMA Test Acc: 86.76
Loss   2.77 Loss_Lx   2.62 Loss_Lu 0.03280
23:31:57 Epoch 34 Test Acc: 87.49
23:31:59 Epoch 34  EMA Test Acc: 89.08
Loss   2.75 Loss_Lx   2.60 Loss_Lu 0.03205
23:33:42 Epoch 35 Test Acc: 88.59
23:33:45 Epoch 35  EMA Test Acc: 82.85
Loss   2.77 Loss_Lx   2.61 Loss_Lu 0.03198
23:35:28 Epoch 36 Test Acc: 89.32
23:35:30 Epoch 36  EMA Test Acc: 88.85
Loss   2.74 Loss_Lx   2.58 Loss_Lu 0.03206
23:37:14 Epoch 37 Test Acc: 89.27
23:37:16 Epoch 37  EMA Test Acc: 88.86
Loss   2.71 Loss_Lx   2.55 Loss_Lu 0.03179
23:38:59 Epoch 38 Test Acc: 89.35
23:39:01 Epoch 38  EMA Test Acc: 89.73
Loss   2.69 Loss_Lx   2.53 Loss_Lu 0.03193
23:40:45 Epoch 39 Test Acc: 89.3
23:40:47 Epoch 39  EMA Test Acc: 86.68
Loss   2.68 Loss_Lx   2.52 Loss_Lu 0.03173
23:42:30 Epoch 40 Test Acc: 89.55
23:42:33 Epoch 40  EMA Test Acc: 89.66
Loss   2.68 Loss_Lx   2.52 Loss_Lu 0.03180
23:44:15 Epoch 41 Test Acc: 88.25
23:44:18 Epoch 41  EMA Test Acc: 88.66
Loss   2.67 Loss_Lx   2.51 Loss_Lu 0.03201
23:46:01 Epoch 42 Test Acc: 88.57
23:46:03 Epoch 42  EMA Test Acc: 88.47
Loss   2.69 Loss_Lx   2.53 Loss_Lu 0.03220
23:47:46 Epoch 43 Test Acc: 89.66
23:47:48 Epoch 43  EMA Test Acc: 89.63
Loss   2.67 Loss_Lx   2.51 Loss_Lu 0.03178
23:49:31 Epoch 44 Test Acc: 89.48
23:49:34 Epoch 44  EMA Test Acc: 88.96
Loss   2.67 Loss_Lx   2.51 Loss_Lu 0.03154
23:51:17 Epoch 45 Test Acc: 89.82
23:51:19 Epoch 45  EMA Test Acc: 90.76
Loss   2.66 Loss_Lx   2.50 Loss_Lu 0.03138
23:53:03 Epoch 46 Test Acc: 90.64
23:53:05 Epoch 46  EMA Test Acc: 90.83
Loss   2.63 Loss_Lx   2.48 Loss_Lu 0.03129
23:54:48 Epoch 47 Test Acc: 91.22
23:54:51 Epoch 47  EMA Test Acc: 91.41
Loss   2.63 Loss_Lx   2.47 Loss_Lu 0.03141
23:56:34 Epoch 48 Test Acc: 90.6
23:56:37 Epoch 48  EMA Test Acc: 90.84
Loss   2.62 Loss_Lx   2.46 Loss_Lu 0.03156
23:58:20 Epoch 49 Test Acc: 90.45
23:58:22 Epoch 49  EMA Test Acc: 92.04
Loss   2.62 Loss_Lx   2.47 Loss_Lu 0.03138
00:00:05 Epoch 50 Test Acc: 89.45
00:00:08 Epoch 50  EMA Test Acc: 90.95
Loss   2.62 Loss_Lx   2.46 Loss_Lu 0.03152
00:01:51 Epoch 51 Test Acc: 90.56
00:01:53 Epoch 51  EMA Test Acc: 91.51
Loss   2.59 Loss_Lx   2.43 Loss_Lu 0.03110
00:03:36 Epoch 52 Test Acc: 90.33
00:03:38 Epoch 52  EMA Test Acc: 91.7
Loss   2.59 Loss_Lx   2.43 Loss_Lu 0.03111
00:05:21 Epoch 53 Test Acc: 90.76
00:05:23 Epoch 53  EMA Test Acc: 91.75
Loss   2.57 Loss_Lx   2.41 Loss_Lu 0.03122
00:07:07 Epoch 54 Test Acc: 90.8
00:07:09 Epoch 54  EMA Test Acc: 91.35
Loss   2.57 Loss_Lx   2.41 Loss_Lu 0.03096
00:08:51 Epoch 55 Test Acc: 90.18
00:08:54 Epoch 55  EMA Test Acc: 92.29
Loss   2.60 Loss_Lx   2.44 Loss_Lu 0.03118
00:10:37 Epoch 56 Test Acc: 91.12
00:10:39 Epoch 56  EMA Test Acc: 90.63
Loss   2.57 Loss_Lx   2.41 Loss_Lu 0.03071
00:12:22 Epoch 57 Test Acc: 90.94
00:12:25 Epoch 57  EMA Test Acc: 92.09
Loss   2.60 Loss_Lx   2.44 Loss_Lu 0.03131
00:14:08 Epoch 58 Test Acc: 90.37
00:14:10 Epoch 58  EMA Test Acc: 91.7
Loss   2.57 Loss_Lx   2.42 Loss_Lu 0.03114
00:15:53 Epoch 59 Test Acc: 91.25
00:15:56 Epoch 59  EMA Test Acc: 92.69
Loss   2.54 Loss_Lx   2.38 Loss_Lu 0.03096
00:17:39 Epoch 60 Test Acc: 90.78
00:17:41 Epoch 60  EMA Test Acc: 91.62
Loss   2.55 Loss_Lx   2.40 Loss_Lu 0.03056
00:19:24 Epoch 61 Test Acc: 90.12
00:19:26 Epoch 61  EMA Test Acc: 91.26
Loss   2.54 Loss_Lx   2.39 Loss_Lu 0.03093
00:21:09 Epoch 62 Test Acc: 90.5
00:21:11 Epoch 62  EMA Test Acc: 92.15
Loss   2.54 Loss_Lx   2.39 Loss_Lu 0.03087
00:22:54 Epoch 63 Test Acc: 91.14
00:22:57 Epoch 63  EMA Test Acc: 92.93
Loss   2.54 Loss_Lx   2.39 Loss_Lu 0.03075
00:24:39 Epoch 64 Test Acc: 91.27
00:24:42 Epoch 64  EMA Test Acc: 93.1
Loss   2.52 Loss_Lx   2.37 Loss_Lu 0.03094
00:26:25 Epoch 65 Test Acc: 91.49
00:26:28 Epoch 65  EMA Test Acc: 92.76
Loss   2.53 Loss_Lx   2.38 Loss_Lu 0.03044
00:28:10 Epoch 66 Test Acc: 91.85
00:28:13 Epoch 66  EMA Test Acc: 92.88
Loss   2.49 Loss_Lx   2.34 Loss_Lu 0.03033
00:29:56 Epoch 67 Test Acc: 92.41
00:29:58 Epoch 67  EMA Test Acc: 93.01
Loss   2.54 Loss_Lx   2.39 Loss_Lu 0.03093
00:31:40 Epoch 68 Test Acc: 91.65
00:31:43 Epoch 68  EMA Test Acc: 92.41
Loss   2.52 Loss_Lx   2.37 Loss_Lu 0.03078
00:33:26 Epoch 69 Test Acc: 90.57
00:33:28 Epoch 69  EMA Test Acc: 92.8
Loss   2.50 Loss_Lx   2.35 Loss_Lu 0.03004
00:35:11 Epoch 70 Test Acc: 91.32
00:35:13 Epoch 70  EMA Test Acc: 92.03
Loss   2.52 Loss_Lx   2.36 Loss_Lu 0.03070
00:36:56 Epoch 71 Test Acc: 91.52
00:36:59 Epoch 71  EMA Test Acc: 92.89
Loss   2.49 Loss_Lx   2.34 Loss_Lu 0.03040
00:38:42 Epoch 72 Test Acc: 91.93
00:38:44 Epoch 72  EMA Test Acc: 93.08
Loss   2.49 Loss_Lx   2.34 Loss_Lu 0.03047
00:40:27 Epoch 73 Test Acc: 91.34
00:40:30 Epoch 73  EMA Test Acc: 93.04
Loss   2.49 Loss_Lx   2.34 Loss_Lu 0.03033
00:42:12 Epoch 74 Test Acc: 91.88
00:42:15 Epoch 74  EMA Test Acc: 91.47
Loss   2.48 Loss_Lx   2.33 Loss_Lu 0.03060
00:43:57 Epoch 75 Test Acc: 91.95
00:44:00 Epoch 75  EMA Test Acc: 92.29
Loss   2.49 Loss_Lx   2.34 Loss_Lu 0.03035
00:45:43 Epoch 76 Test Acc: 91.84
00:45:45 Epoch 76  EMA Test Acc: 92.26
Loss   2.48 Loss_Lx   2.33 Loss_Lu 0.03039
00:47:28 Epoch 77 Test Acc: 91.53
00:47:30 Epoch 77  EMA Test Acc: 93.02
Loss   2.46 Loss_Lx   2.31 Loss_Lu 0.03036
00:49:13 Epoch 78 Test Acc: 92.02
00:49:16 Epoch 78  EMA Test Acc: 92.79
Loss   2.46 Loss_Lx   2.31 Loss_Lu 0.03026
00:50:58 Epoch 79 Test Acc: 91.86
00:51:01 Epoch 79  EMA Test Acc: 92.95
Loss   2.47 Loss_Lx   2.31 Loss_Lu 0.03049
00:52:43 Epoch 80 Test Acc: 91.34
00:52:46 Epoch 80  EMA Test Acc: 92.41
Loss   2.46 Loss_Lx   2.30 Loss_Lu 0.03037
00:54:29 Epoch 81 Test Acc: 92.43
00:54:31 Epoch 81  EMA Test Acc: 93.32
Loss   2.44 Loss_Lx   2.29 Loss_Lu 0.02976
00:56:14 Epoch 82 Test Acc: 92.38
00:56:17 Epoch 82  EMA Test Acc: 93.17
Loss   2.46 Loss_Lx   2.30 Loss_Lu 0.03035
00:57:59 Epoch 83 Test Acc: 92.51
00:58:02 Epoch 83  EMA Test Acc: 93.09
Loss   2.45 Loss_Lx   2.30 Loss_Lu 0.03033
00:59:45 Epoch 84 Test Acc: 90.93
00:59:47 Epoch 84  EMA Test Acc: 93.53
Loss   2.46 Loss_Lx   2.31 Loss_Lu 0.03037
01:01:30 Epoch 85 Test Acc: 92.33
01:01:33 Epoch 85  EMA Test Acc: 93.42
Loss   2.44 Loss_Lx   2.29 Loss_Lu 0.02964
01:03:15 Epoch 86 Test Acc: 91.84
01:03:18 Epoch 86  EMA Test Acc: 93.23
Loss   2.42 Loss_Lx   2.27 Loss_Lu 0.02964
01:05:00 Epoch 87 Test Acc: 93.0
01:05:03 Epoch 87  EMA Test Acc: 92.78
Loss   2.44 Loss_Lx   2.29 Loss_Lu 0.03013
01:06:45 Epoch 88 Test Acc: 92.19
01:06:48 Epoch 88  EMA Test Acc: 93.03
Loss   2.45 Loss_Lx   2.29 Loss_Lu 0.03013
01:08:31 Epoch 89 Test Acc: 92.25
01:08:33 Epoch 89  EMA Test Acc: 93.04
Loss   2.43 Loss_Lx   2.28 Loss_Lu 0.02974
01:10:16 Epoch 90 Test Acc: 91.74
01:10:19 Epoch 90  EMA Test Acc: 93.29
Loss   2.42 Loss_Lx   2.27 Loss_Lu 0.02989
01:12:02 Epoch 91 Test Acc: 92.25
01:12:04 Epoch 91  EMA Test Acc: 94.03
Loss   2.43 Loss_Lx   2.28 Loss_Lu 0.02991
01:13:47 Epoch 92 Test Acc: 92.21
01:13:50 Epoch 92  EMA Test Acc: 93.78
Loss   2.44 Loss_Lx   2.29 Loss_Lu 0.02963
01:15:32 Epoch 93 Test Acc: 92.75
01:15:35 Epoch 93  EMA Test Acc: 93.91
Loss   2.39 Loss_Lx   2.24 Loss_Lu 0.02983
01:17:17 Epoch 94 Test Acc: 92.22
01:17:20 Epoch 94  EMA Test Acc: 93.7
Loss   2.40 Loss_Lx   2.25 Loss_Lu 0.02957
01:19:03 Epoch 95 Test Acc: 92.98
01:19:05 Epoch 95  EMA Test Acc: 92.47
Loss   2.40 Loss_Lx   2.25 Loss_Lu 0.03008
01:20:48 Epoch 96 Test Acc: 92.85
01:20:50 Epoch 96  EMA Test Acc: 93.01
Loss   2.40 Loss_Lx   2.25 Loss_Lu 0.02962
01:22:33 Epoch 97 Test Acc: 92.95
01:22:36 Epoch 97  EMA Test Acc: 92.58
Loss   2.39 Loss_Lx   2.24 Loss_Lu 0.02950
01:24:18 Epoch 98 Test Acc: 92.41
01:24:21 Epoch 98  EMA Test Acc: 93.78
Loss   2.42 Loss_Lx   2.27 Loss_Lu 0.02995
01:26:04 Epoch 99 Test Acc: 92.43
01:26:06 Epoch 99  EMA Test Acc: 93.51
Loss   2.40 Loss_Lx   2.25 Loss_Lu 0.02975
01:27:49 Epoch 100 Test Acc: 92.94
01:27:52 Epoch 100  EMA Test Acc: 92.97
Loss   2.41 Loss_Lx   2.26 Loss_Lu 0.03005
01:29:35 Epoch 101 Test Acc: 92.52
01:29:37 Epoch 101  EMA Test Acc: 93.69
Loss   2.38 Loss_Lx   2.23 Loss_Lu 0.02969
01:31:20 Epoch 102 Test Acc: 92.63
01:31:23 Epoch 102  EMA Test Acc: 93.75
Loss   2.38 Loss_Lx   2.24 Loss_Lu 0.02896
01:33:06 Epoch 103 Test Acc: 92.53
01:33:08 Epoch 103  EMA Test Acc: 92.5
Loss   2.37 Loss_Lx   2.22 Loss_Lu 0.02960
01:34:52 Epoch 104 Test Acc: 92.61
01:34:54 Epoch 104  EMA Test Acc: 94.26
Loss   2.39 Loss_Lx   2.24 Loss_Lu 0.02938
01:36:38 Epoch 105 Test Acc: 92.51
01:36:40 Epoch 105  EMA Test Acc: 93.13
Loss   2.38 Loss_Lx   2.23 Loss_Lu 0.03013
01:38:23 Epoch 106 Test Acc: 93.34
01:38:26 Epoch 106  EMA Test Acc: 93.6
Loss   2.40 Loss_Lx   2.25 Loss_Lu 0.02963
01:40:10 Epoch 107 Test Acc: 93.08
01:40:12 Epoch 107  EMA Test Acc: 93.34
Loss   2.41 Loss_Lx   2.27 Loss_Lu 0.02919
01:41:56 Epoch 108 Test Acc: 93.13
01:41:59 Epoch 108  EMA Test Acc: 93.77
Loss   2.36 Loss_Lx   2.21 Loss_Lu 0.02905
01:43:42 Epoch 109 Test Acc: 92.33
01:43:45 Epoch 109  EMA Test Acc: 92.98
Loss   2.37 Loss_Lx   2.22 Loss_Lu 0.02964
01:45:29 Epoch 110 Test Acc: 93.24
01:45:31 Epoch 110  EMA Test Acc: 94.21
Loss   2.37 Loss_Lx   2.22 Loss_Lu 0.02926
01:47:15 Epoch 111 Test Acc: 93.3
01:47:18 Epoch 111  EMA Test Acc: 93.83
Loss   2.36 Loss_Lx   2.22 Loss_Lu 0.02889
01:49:01 Epoch 112 Test Acc: 93.42
01:49:03 Epoch 112  EMA Test Acc: 93.97
Loss   2.35 Loss_Lx   2.20 Loss_Lu 0.02919
01:50:47 Epoch 113 Test Acc: 93.23
01:50:49 Epoch 113  EMA Test Acc: 93.34
Loss   2.38 Loss_Lx   2.24 Loss_Lu 0.02962
01:52:33 Epoch 114 Test Acc: 92.71
01:52:35 Epoch 114  EMA Test Acc: 94.04
Loss   2.36 Loss_Lx   2.22 Loss_Lu 0.02912
01:54:19 Epoch 115 Test Acc: 93.65
01:54:21 Epoch 115  EMA Test Acc: 93.53
Loss   2.36 Loss_Lx   2.22 Loss_Lu 0.02917
01:56:05 Epoch 116 Test Acc: 93.37
01:56:08 Epoch 116  EMA Test Acc: 94.37
Loss   2.36 Loss_Lx   2.21 Loss_Lu 0.02912
01:57:52 Epoch 117 Test Acc: 92.83
01:57:54 Epoch 117  EMA Test Acc: 94.05
Loss   2.34 Loss_Lx   2.20 Loss_Lu 0.02878
01:59:38 Epoch 118 Test Acc: 93.1
01:59:40 Epoch 118  EMA Test Acc: 93.98
Loss   2.33 Loss_Lx   2.19 Loss_Lu 0.02873
02:01:24 Epoch 119 Test Acc: 93.06
02:01:26 Epoch 119  EMA Test Acc: 94.54
Loss   2.33 Loss_Lx   2.18 Loss_Lu 0.02889
02:03:10 Epoch 120 Test Acc: 93.05
02:03:12 Epoch 120  EMA Test Acc: 93.73
Loss   2.34 Loss_Lx   2.19 Loss_Lu 0.02864
02:04:56 Epoch 121 Test Acc: 93.29
02:04:58 Epoch 121  EMA Test Acc: 94.22
Loss   2.34 Loss_Lx   2.19 Loss_Lu 0.02834
02:06:42 Epoch 122 Test Acc: 93.5
02:06:44 Epoch 122  EMA Test Acc: 94.08
Loss   2.33 Loss_Lx   2.18 Loss_Lu 0.02890
02:08:28 Epoch 123 Test Acc: 93.75
02:08:30 Epoch 123  EMA Test Acc: 94.18
Loss   2.33 Loss_Lx   2.19 Loss_Lu 0.02829
02:10:14 Epoch 124 Test Acc: 93.64
02:10:17 Epoch 124  EMA Test Acc: 93.42
Loss   2.32 Loss_Lx   2.18 Loss_Lu 0.02871
02:12:00 Epoch 125 Test Acc: 93.42
02:12:03 Epoch 125  EMA Test Acc: 93.63
Loss   2.31 Loss_Lx   2.17 Loss_Lu 0.02885
02:13:46 Epoch 126 Test Acc: 93.27
02:13:49 Epoch 126  EMA Test Acc: 94.14
Loss   2.30 Loss_Lx   2.16 Loss_Lu 0.02830
02:15:32 Epoch 127 Test Acc: 93.45
02:15:35 Epoch 127  EMA Test Acc: 93.96
Loss   2.33 Loss_Lx   2.19 Loss_Lu 0.02887
02:17:18 Epoch 128 Test Acc: 93.44
02:17:21 Epoch 128  EMA Test Acc: 94.26
Loss   2.29 Loss_Lx   2.15 Loss_Lu 0.02807
02:19:04 Epoch 129 Test Acc: 93.99
02:19:07 Epoch 129  EMA Test Acc: 93.82
Loss   2.31 Loss_Lx   2.17 Loss_Lu 0.02836
02:20:51 Epoch 130 Test Acc: 93.66
02:20:53 Epoch 130  EMA Test Acc: 94.23
Loss   2.33 Loss_Lx   2.19 Loss_Lu 0.02847
02:22:37 Epoch 131 Test Acc: 94.03
02:22:39 Epoch 131  EMA Test Acc: 94.19
Loss   2.30 Loss_Lx   2.16 Loss_Lu 0.02854
02:24:23 Epoch 132 Test Acc: 93.06
02:24:26 Epoch 132  EMA Test Acc: 93.42
Loss   2.32 Loss_Lx   2.17 Loss_Lu 0.02886
02:26:09 Epoch 133 Test Acc: 93.96
02:26:12 Epoch 133  EMA Test Acc: 94.37
Loss   2.31 Loss_Lx   2.17 Loss_Lu 0.02842
02:27:55 Epoch 134 Test Acc: 93.5
02:27:58 Epoch 134  EMA Test Acc: 94.05
Loss   2.28 Loss_Lx   2.14 Loss_Lu 0.02792
02:29:41 Epoch 135 Test Acc: 93.91
02:29:44 Epoch 135  EMA Test Acc: 94.07
Loss   2.28 Loss_Lx   2.14 Loss_Lu 0.02797
02:31:27 Epoch 136 Test Acc: 93.93
02:31:30 Epoch 136  EMA Test Acc: 94.58
Loss   2.31 Loss_Lx   2.16 Loss_Lu 0.02838
02:33:14 Epoch 137 Test Acc: 93.01
02:33:16 Epoch 137  EMA Test Acc: 94.52
Loss   2.28 Loss_Lx   2.14 Loss_Lu 0.02818
02:35:00 Epoch 138 Test Acc: 94.19
02:35:02 Epoch 138  EMA Test Acc: 94.32
Loss   2.29 Loss_Lx   2.15 Loss_Lu 0.02796
02:36:46 Epoch 139 Test Acc: 93.61
02:36:48 Epoch 139  EMA Test Acc: 94.38
Loss   2.28 Loss_Lx   2.14 Loss_Lu 0.02777
02:38:31 Epoch 140 Test Acc: 94.14
02:38:34 Epoch 140  EMA Test Acc: 94.69
Loss   2.29 Loss_Lx   2.15 Loss_Lu 0.02773
02:40:17 Epoch 141 Test Acc: 93.64
02:40:20 Epoch 141  EMA Test Acc: 94.47
Loss   2.27 Loss_Lx   2.13 Loss_Lu 0.02761
02:42:03 Epoch 142 Test Acc: 93.39
02:42:05 Epoch 142  EMA Test Acc: 94.63
Loss   2.27 Loss_Lx   2.14 Loss_Lu 0.02762
02:43:49 Epoch 143 Test Acc: 93.51
02:43:52 Epoch 143  EMA Test Acc: 94.41
Loss   2.26 Loss_Lx   2.13 Loss_Lu 0.02782
02:45:35 Epoch 144 Test Acc: 93.63
02:45:38 Epoch 144  EMA Test Acc: 94.2
Loss   2.26 Loss_Lx   2.12 Loss_Lu 0.02763
02:47:21 Epoch 145 Test Acc: 93.96
02:47:24 Epoch 145  EMA Test Acc: 94.75
Loss   2.26 Loss_Lx   2.13 Loss_Lu 0.02748
02:49:08 Epoch 146 Test Acc: 93.99
02:49:10 Epoch 146  EMA Test Acc: 94.68
Loss   2.26 Loss_Lx   2.12 Loss_Lu 0.02796
02:50:54 Epoch 147 Test Acc: 93.56
02:50:57 Epoch 147  EMA Test Acc: 94.62
Loss   2.26 Loss_Lx   2.12 Loss_Lu 0.02710
02:52:41 Epoch 148 Test Acc: 93.9
02:52:43 Epoch 148  EMA Test Acc: 94.33
Loss   2.25 Loss_Lx   2.12 Loss_Lu 0.02741
02:54:27 Epoch 149 Test Acc: 93.65
02:54:29 Epoch 149  EMA Test Acc: 94.48
Loss   1.71 Loss_Lx   1.60 Loss_Lu 0.02226
02:56:13 Epoch 150 Test Acc: 93.32
02:56:16 Epoch 150  EMA Test Acc: 94.65
Loss   1.68 Loss_Lx   1.57 Loss_Lu 0.02242
02:57:59 Epoch 151 Test Acc: 93.88
02:58:02 Epoch 151  EMA Test Acc: 94.8
Loss   1.71 Loss_Lx   1.59 Loss_Lu 0.02238
02:59:46 Epoch 152 Test Acc: 93.7
02:59:48 Epoch 152  EMA Test Acc: 94.58
Loss   1.62 Loss_Lx   1.52 Loss_Lu 0.02133
03:01:32 Epoch 153 Test Acc: 93.44
03:01:35 Epoch 153  EMA Test Acc: 93.31
Loss   1.68 Loss_Lx   1.56 Loss_Lu 0.02250
03:03:18 Epoch 154 Test Acc: 94.46
03:03:20 Epoch 154  EMA Test Acc: 94.69
Loss   1.65 Loss_Lx   1.54 Loss_Lu 0.02193
03:05:04 Epoch 155 Test Acc: 93.59
03:05:07 Epoch 155  EMA Test Acc: 94.89
Loss   1.73 Loss_Lx   1.62 Loss_Lu 0.02285
03:06:51 Epoch 156 Test Acc: 93.53
03:06:53 Epoch 156  EMA Test Acc: 94.13
Loss   1.70 Loss_Lx   1.59 Loss_Lu 0.02181
03:08:37 Epoch 157 Test Acc: 93.84
03:08:40 Epoch 157  EMA Test Acc: 94.72
Loss   1.74 Loss_Lx   1.63 Loss_Lu 0.02287
03:10:24 Epoch 158 Test Acc: 93.38
03:10:27 Epoch 158  EMA Test Acc: 94.26
Loss   1.70 Loss_Lx   1.58 Loss_Lu 0.02251
03:12:11 Epoch 159 Test Acc: 94.27
03:12:13 Epoch 159  EMA Test Acc: 94.67
Loss   1.64 Loss_Lx   1.54 Loss_Lu 0.02118
03:13:58 Epoch 160 Test Acc: 93.48
03:14:00 Epoch 160  EMA Test Acc: 94.18
Loss   1.63 Loss_Lx   1.52 Loss_Lu 0.02154
03:15:44 Epoch 161 Test Acc: 93.78
03:15:46 Epoch 161  EMA Test Acc: 94.5
Loss   1.64 Loss_Lx   1.54 Loss_Lu 0.02174
03:17:30 Epoch 162 Test Acc: 94.41
03:17:32 Epoch 162  EMA Test Acc: 94.51
Loss   1.69 Loss_Lx   1.58 Loss_Lu 0.02170
03:19:16 Epoch 163 Test Acc: 94.14
03:19:19 Epoch 163  EMA Test Acc: 94.73
Loss   1.67 Loss_Lx   1.56 Loss_Lu 0.02181
03:21:02 Epoch 164 Test Acc: 94.29
03:21:05 Epoch 164  EMA Test Acc: 94.75
Loss   1.64 Loss_Lx   1.53 Loss_Lu 0.02088
03:22:49 Epoch 165 Test Acc: 93.75
03:22:51 Epoch 165  EMA Test Acc: 94.71
Loss   1.61 Loss_Lx   1.50 Loss_Lu 0.02069
03:24:35 Epoch 166 Test Acc: 93.48
03:24:37 Epoch 166  EMA Test Acc: 94.91
Loss   1.60 Loss_Lx   1.49 Loss_Lu 0.02121
03:26:21 Epoch 167 Test Acc: 94.16
03:26:24 Epoch 167  EMA Test Acc: 94.56
Loss   1.61 Loss_Lx   1.50 Loss_Lu 0.02085
03:28:07 Epoch 168 Test Acc: 93.34
03:28:10 Epoch 168  EMA Test Acc: 94.44
Loss   1.67 Loss_Lx   1.56 Loss_Lu 0.02088
03:29:53 Epoch 169 Test Acc: 94.29
03:29:56 Epoch 169  EMA Test Acc: 94.36
Loss   1.69 Loss_Lx   1.58 Loss_Lu 0.02100
03:31:40 Epoch 170 Test Acc: 94.44
03:31:42 Epoch 170  EMA Test Acc: 94.6
Loss   1.64 Loss_Lx   1.53 Loss_Lu 0.02077
03:33:26 Epoch 171 Test Acc: 94.4
03:33:28 Epoch 171  EMA Test Acc: 94.32
Loss   1.67 Loss_Lx   1.56 Loss_Lu 0.02156
03:35:12 Epoch 172 Test Acc: 93.92
03:35:14 Epoch 172  EMA Test Acc: 93.91
Loss   1.69 Loss_Lx   1.59 Loss_Lu 0.02162
03:36:58 Epoch 173 Test Acc: 94.69
03:37:01 Epoch 173  EMA Test Acc: 94.08
Loss   1.66 Loss_Lx   1.55 Loss_Lu 0.02116
03:38:45 Epoch 174 Test Acc: 94.64
03:38:47 Epoch 174  EMA Test Acc: 94.6
Loss   1.67 Loss_Lx   1.56 Loss_Lu 0.02089
03:40:30 Epoch 175 Test Acc: 94.48
03:40:33 Epoch 175  EMA Test Acc: 95.23
Loss   1.64 Loss_Lx   1.54 Loss_Lu 0.02088
03:42:18 Epoch 176 Test Acc: 94.71
03:42:21 Epoch 176  EMA Test Acc: 94.99
Loss   1.66 Loss_Lx   1.55 Loss_Lu 0.02064
03:44:05 Epoch 177 Test Acc: 94.37
03:44:07 Epoch 177  EMA Test Acc: 95.05
Loss   1.64 Loss_Lx   1.54 Loss_Lu 0.02068
03:45:51 Epoch 178 Test Acc: 94.28
03:45:54 Epoch 178  EMA Test Acc: 95.07
Loss   1.58 Loss_Lx   1.48 Loss_Lu 0.02014
03:47:38 Epoch 179 Test Acc: 94.02
03:47:41 Epoch 179  EMA Test Acc: 95.32
Loss   1.63 Loss_Lx   1.53 Loss_Lu 0.02035
03:49:25 Epoch 180 Test Acc: 94.33
03:49:27 Epoch 180  EMA Test Acc: 95.21
Loss   1.64 Loss_Lx   1.53 Loss_Lu 0.02004
03:51:11 Epoch 181 Test Acc: 94.59
03:51:14 Epoch 181  EMA Test Acc: 95.16
Loss   1.61 Loss_Lx   1.51 Loss_Lu 0.01974
03:52:58 Epoch 182 Test Acc: 94.76
03:53:00 Epoch 182  EMA Test Acc: 95.14
Loss   1.59 Loss_Lx   1.49 Loss_Lu 0.01991
03:54:44 Epoch 183 Test Acc: 94.69
03:54:47 Epoch 183  EMA Test Acc: 95.47
Loss   1.61 Loss_Lx   1.51 Loss_Lu 0.02002
03:56:31 Epoch 184 Test Acc: 94.68
03:56:33 Epoch 184  EMA Test Acc: 94.63
Loss   1.63 Loss_Lx   1.53 Loss_Lu 0.02006
03:58:17 Epoch 185 Test Acc: 94.57
03:58:20 Epoch 185  EMA Test Acc: 95.27
Loss   1.52 Loss_Lx   1.43 Loss_Lu 0.01847
04:00:03 Epoch 186 Test Acc: 94.4
04:00:06 Epoch 186  EMA Test Acc: 95.05
Loss   1.60 Loss_Lx   1.50 Loss_Lu 0.01972
04:01:50 Epoch 187 Test Acc: 94.8
04:01:52 Epoch 187  EMA Test Acc: 94.98
Loss   1.57 Loss_Lx   1.48 Loss_Lu 0.01916
04:03:36 Epoch 188 Test Acc: 95.05
04:03:39 Epoch 188  EMA Test Acc: 95.21
Loss   1.57 Loss_Lx   1.47 Loss_Lu 0.01943
04:05:23 Epoch 189 Test Acc: 94.66
04:05:25 Epoch 189  EMA Test Acc: 94.96
Loss   1.62 Loss_Lx   1.52 Loss_Lu 0.02020
04:07:09 Epoch 190 Test Acc: 95.0
04:07:12 Epoch 190  EMA Test Acc: 95.04
Loss   1.68 Loss_Lx   1.58 Loss_Lu 0.01972
04:08:56 Epoch 191 Test Acc: 94.94
04:08:58 Epoch 191  EMA Test Acc: 95.17
Loss   1.61 Loss_Lx   1.51 Loss_Lu 0.01954
04:10:42 Epoch 192 Test Acc: 94.54
04:10:45 Epoch 192  EMA Test Acc: 94.68
Loss   1.61 Loss_Lx   1.52 Loss_Lu 0.01920
04:12:28 Epoch 193 Test Acc: 94.56
04:12:31 Epoch 193  EMA Test Acc: 95.42
Loss   1.57 Loss_Lx   1.48 Loss_Lu 0.01912
04:14:14 Epoch 194 Test Acc: 94.71
04:14:17 Epoch 194  EMA Test Acc: 94.84
Loss   1.57 Loss_Lx   1.47 Loss_Lu 0.01843
04:16:01 Epoch 195 Test Acc: 94.82
04:16:03 Epoch 195  EMA Test Acc: 95.21
Loss   1.56 Loss_Lx   1.46 Loss_Lu 0.01868
04:17:47 Epoch 196 Test Acc: 94.66
04:17:50 Epoch 196  EMA Test Acc: 95.19
Loss   1.53 Loss_Lx   1.44 Loss_Lu 0.01796
04:19:33 Epoch 197 Test Acc: 95.01
04:19:36 Epoch 197  EMA Test Acc: 95.47
Loss   1.66 Loss_Lx   1.56 Loss_Lu 0.01956
04:21:19 Epoch 198 Test Acc: 94.88
04:21:22 Epoch 198  EMA Test Acc: 95.7
Loss   1.51 Loss_Lx   1.42 Loss_Lu 0.01780
04:23:06 Epoch 199 Test Acc: 94.73
04:23:08 Epoch 199  EMA Test Acc: 95.38
Loss   1.55 Loss_Lx   1.46 Loss_Lu 0.01837
04:24:52 Epoch 200 Test Acc: 94.78
04:24:54 Epoch 200  EMA Test Acc: 95.54
Loss   1.58 Loss_Lx   1.49 Loss_Lu 0.01883
04:26:38 Epoch 201 Test Acc: 94.96
04:26:40 Epoch 201  EMA Test Acc: 95.41
Loss   1.55 Loss_Lx   1.46 Loss_Lu 0.01796
04:28:24 Epoch 202 Test Acc: 95.14
04:28:26 Epoch 202  EMA Test Acc: 95.43
Loss   1.54 Loss_Lx   1.45 Loss_Lu 0.01757
04:30:10 Epoch 203 Test Acc: 95.37
04:30:12 Epoch 203  EMA Test Acc: 95.6
Loss   1.64 Loss_Lx   1.54 Loss_Lu 0.01912
04:31:55 Epoch 204 Test Acc: 94.64
04:31:58 Epoch 204  EMA Test Acc: 95.46
Loss   1.58 Loss_Lx   1.48 Loss_Lu 0.01882
04:33:42 Epoch 205 Test Acc: 95.07
04:33:44 Epoch 205  EMA Test Acc: 95.08
Loss   1.49 Loss_Lx   1.40 Loss_Lu 0.01672
04:35:27 Epoch 206 Test Acc: 94.67
04:35:30 Epoch 206  EMA Test Acc: 95.52
Loss   1.52 Loss_Lx   1.43 Loss_Lu 0.01726
04:37:13 Epoch 207 Test Acc: 95.03
04:37:16 Epoch 207  EMA Test Acc: 95.6
Loss   1.55 Loss_Lx   1.46 Loss_Lu 0.01784
04:38:59 Epoch 208 Test Acc: 94.89
04:39:02 Epoch 208  EMA Test Acc: 95.36
Loss   1.59 Loss_Lx   1.50 Loss_Lu 0.01812
04:40:45 Epoch 209 Test Acc: 94.99
04:40:48 Epoch 209  EMA Test Acc: 95.6
Loss   1.51 Loss_Lx   1.42 Loss_Lu 0.01724
04:42:31 Epoch 210 Test Acc: 94.89
04:42:33 Epoch 210  EMA Test Acc: 95.46
Loss   1.51 Loss_Lx   1.42 Loss_Lu 0.01739
04:44:17 Epoch 211 Test Acc: 95.07
04:44:19 Epoch 211  EMA Test Acc: 95.44
Loss   1.50 Loss_Lx   1.41 Loss_Lu 0.01708
04:46:03 Epoch 212 Test Acc: 94.95
04:46:05 Epoch 212  EMA Test Acc: 95.62
Loss   1.52 Loss_Lx   1.43 Loss_Lu 0.01711
04:47:49 Epoch 213 Test Acc: 94.88
04:47:51 Epoch 213  EMA Test Acc: 95.66
Loss   1.53 Loss_Lx   1.45 Loss_Lu 0.01670
04:49:35 Epoch 214 Test Acc: 94.94
04:49:37 Epoch 214  EMA Test Acc: 95.59
Loss   1.49 Loss_Lx   1.41 Loss_Lu 0.01656
04:51:20 Epoch 215 Test Acc: 94.9
04:51:23 Epoch 215  EMA Test Acc: 95.21
Loss   1.49 Loss_Lx   1.41 Loss_Lu 0.01690
04:53:06 Epoch 216 Test Acc: 94.9
04:53:09 Epoch 216  EMA Test Acc: 95.65
Loss   1.53 Loss_Lx   1.45 Loss_Lu 0.01673
04:54:52 Epoch 217 Test Acc: 94.97
04:54:55 Epoch 217  EMA Test Acc: 95.31
Loss   1.45 Loss_Lx   1.37 Loss_Lu 0.01604
04:56:38 Epoch 218 Test Acc: 95.44
04:56:40 Epoch 218  EMA Test Acc: 95.34
Loss   1.52 Loss_Lx   1.44 Loss_Lu 0.01678
04:58:24 Epoch 219 Test Acc: 95.04
04:58:26 Epoch 219  EMA Test Acc: 95.63
Loss   1.52 Loss_Lx   1.44 Loss_Lu 0.01663
05:00:10 Epoch 220 Test Acc: 94.9
05:00:12 Epoch 220  EMA Test Acc: 95.43
Loss   1.50 Loss_Lx   1.42 Loss_Lu 0.01613
05:01:55 Epoch 221 Test Acc: 95.1
05:01:58 Epoch 221  EMA Test Acc: 95.56
Loss   1.51 Loss_Lx   1.43 Loss_Lu 0.01697
05:03:41 Epoch 222 Test Acc: 95.06
05:03:44 Epoch 222  EMA Test Acc: 95.22
Loss   1.59 Loss_Lx   1.50 Loss_Lu 0.01782
05:05:27 Epoch 223 Test Acc: 95.17
05:05:30 Epoch 223  EMA Test Acc: 95.46
Loss   1.46 Loss_Lx   1.38 Loss_Lu 0.01607
05:07:13 Epoch 224 Test Acc: 95.31
05:07:16 Epoch 224  EMA Test Acc: 95.46
Loss   1.48 Loss_Lx   1.40 Loss_Lu 0.01566
05:08:59 Epoch 225 Test Acc: 95.74
05:09:01 Epoch 225  EMA Test Acc: 95.4
Loss   1.45 Loss_Lx   1.37 Loss_Lu 0.01564
05:10:45 Epoch 226 Test Acc: 95.41
05:10:48 Epoch 226  EMA Test Acc: 95.62
Loss   1.54 Loss_Lx   1.45 Loss_Lu 0.01666
05:12:31 Epoch 227 Test Acc: 95.24
05:12:34 Epoch 227  EMA Test Acc: 95.34
Loss   1.44 Loss_Lx   1.36 Loss_Lu 0.01574
05:14:17 Epoch 228 Test Acc: 95.31
05:14:19 Epoch 228  EMA Test Acc: 95.63
Loss   1.43 Loss_Lx   1.36 Loss_Lu 0.01541
05:16:03 Epoch 229 Test Acc: 95.53
05:16:05 Epoch 229  EMA Test Acc: 95.7
Loss   1.47 Loss_Lx   1.39 Loss_Lu 0.01547
05:17:49 Epoch 230 Test Acc: 95.26
05:17:51 Epoch 230  EMA Test Acc: 95.53
Loss   1.46 Loss_Lx   1.38 Loss_Lu 0.01552
05:19:35 Epoch 231 Test Acc: 95.31
05:19:37 Epoch 231  EMA Test Acc: 95.68
Loss   1.43 Loss_Lx   1.36 Loss_Lu 0.01510
05:21:20 Epoch 232 Test Acc: 95.56
05:21:23 Epoch 232  EMA Test Acc: 95.71
Loss   1.44 Loss_Lx   1.36 Loss_Lu 0.01497
05:23:06 Epoch 233 Test Acc: 95.69
05:23:09 Epoch 233  EMA Test Acc: 95.47
Loss   1.43 Loss_Lx   1.35 Loss_Lu 0.01450
05:24:52 Epoch 234 Test Acc: 95.1
05:24:55 Epoch 234  EMA Test Acc: 95.94
Loss   1.41 Loss_Lx   1.34 Loss_Lu 0.01495
05:26:38 Epoch 235 Test Acc: 95.57
05:26:41 Epoch 235  EMA Test Acc: 95.62
Loss   1.44 Loss_Lx   1.37 Loss_Lu 0.01493
05:28:24 Epoch 236 Test Acc: 95.55
05:28:26 Epoch 236  EMA Test Acc: 95.65
Loss   1.41 Loss_Lx   1.33 Loss_Lu 0.01471
05:30:10 Epoch 237 Test Acc: 95.49
05:30:12 Epoch 237  EMA Test Acc: 95.68
Loss   1.51 Loss_Lx   1.43 Loss_Lu 0.01539
05:31:56 Epoch 238 Test Acc: 95.32
05:31:58 Epoch 238  EMA Test Acc: 95.86
Loss   1.47 Loss_Lx   1.39 Loss_Lu 0.01516
05:33:42 Epoch 239 Test Acc: 95.73
05:33:44 Epoch 239  EMA Test Acc: 95.5
Loss   1.39 Loss_Lx   1.32 Loss_Lu 0.01443
05:35:27 Epoch 240 Test Acc: 95.42
05:35:30 Epoch 240  EMA Test Acc: 95.63
Loss   1.42 Loss_Lx   1.35 Loss_Lu 0.01436
05:37:13 Epoch 241 Test Acc: 95.58
05:37:16 Epoch 241  EMA Test Acc: 95.34
Loss   1.42 Loss_Lx   1.34 Loss_Lu 0.01481
05:38:59 Epoch 242 Test Acc: 95.59
05:39:02 Epoch 242  EMA Test Acc: 95.67
Loss   1.46 Loss_Lx   1.39 Loss_Lu 0.01535
05:40:45 Epoch 243 Test Acc: 95.72
05:40:48 Epoch 243  EMA Test Acc: 95.68
Loss   1.49 Loss_Lx   1.41 Loss_Lu 0.01541
05:42:31 Epoch 244 Test Acc: 95.6
05:42:34 Epoch 244  EMA Test Acc: 95.73
Loss   1.44 Loss_Lx   1.36 Loss_Lu 0.01501
05:44:17 Epoch 245 Test Acc: 95.79
05:44:20 Epoch 245  EMA Test Acc: 95.94
Loss   1.41 Loss_Lx   1.34 Loss_Lu 0.01438
05:46:03 Epoch 246 Test Acc: 95.67
05:46:05 Epoch 246  EMA Test Acc: 95.68
Loss   1.39 Loss_Lx   1.32 Loss_Lu 0.01388
05:47:49 Epoch 247 Test Acc: 95.57
05:47:51 Epoch 247  EMA Test Acc: 95.73
Loss   1.35 Loss_Lx   1.28 Loss_Lu 0.01304
05:49:35 Epoch 248 Test Acc: 95.47
05:49:37 Epoch 248  EMA Test Acc: 95.88
Loss   1.43 Loss_Lx   1.35 Loss_Lu 0.01454
05:51:21 Epoch 249 Test Acc: 95.58
05:51:23 Epoch 249  EMA Test Acc: 95.42
Loss   1.43 Loss_Lx   1.36 Loss_Lu 0.01437
05:53:07 Epoch 250 Test Acc: 95.79
05:53:09 Epoch 250  EMA Test Acc: 96.04
Loss   1.42 Loss_Lx   1.35 Loss_Lu 0.01408
05:54:53 Epoch 251 Test Acc: 95.96
05:54:56 Epoch 251  EMA Test Acc: 95.69
Loss   1.38 Loss_Lx   1.32 Loss_Lu 0.01327
05:56:39 Epoch 252 Test Acc: 95.63
05:56:42 Epoch 252  EMA Test Acc: 95.89
Loss   1.39 Loss_Lx   1.32 Loss_Lu 0.01381
05:58:25 Epoch 253 Test Acc: 95.74
05:58:28 Epoch 253  EMA Test Acc: 95.51
Loss   1.39 Loss_Lx   1.33 Loss_Lu 0.01318
06:00:11 Epoch 254 Test Acc: 95.83
06:00:14 Epoch 254  EMA Test Acc: 95.77
Loss   1.41 Loss_Lx   1.34 Loss_Lu 0.01351
06:01:57 Epoch 255 Test Acc: 95.79
06:02:00 Epoch 255  EMA Test Acc: 95.88
Loss   1.36 Loss_Lx   1.29 Loss_Lu 0.01309
06:03:43 Epoch 256 Test Acc: 96.02
06:03:46 Epoch 256  EMA Test Acc: 95.85
Loss   1.39 Loss_Lx   1.33 Loss_Lu 0.01300
06:05:29 Epoch 257 Test Acc: 95.63
06:05:31 Epoch 257  EMA Test Acc: 95.89
Loss   1.38 Loss_Lx   1.31 Loss_Lu 0.01340
06:07:15 Epoch 258 Test Acc: 95.51
06:07:17 Epoch 258  EMA Test Acc: 95.67
Loss   1.44 Loss_Lx   1.37 Loss_Lu 0.01369
06:09:01 Epoch 259 Test Acc: 95.75
06:09:03 Epoch 259  EMA Test Acc: 96.02
Loss   1.36 Loss_Lx   1.29 Loss_Lu 0.01310
06:10:47 Epoch 260 Test Acc: 95.65
06:10:49 Epoch 260  EMA Test Acc: 95.86
Loss   1.39 Loss_Lx   1.32 Loss_Lu 0.01306
06:12:33 Epoch 261 Test Acc: 95.66
06:12:35 Epoch 261  EMA Test Acc: 95.72
Loss   1.35 Loss_Lx   1.29 Loss_Lu 0.01259
06:14:18 Epoch 262 Test Acc: 95.79
06:14:21 Epoch 262  EMA Test Acc: 95.95
Loss   1.38 Loss_Lx   1.31 Loss_Lu 0.01358
06:16:04 Epoch 263 Test Acc: 95.87
06:16:07 Epoch 263  EMA Test Acc: 96.0
Loss   1.41 Loss_Lx   1.35 Loss_Lu 0.01343
06:17:50 Epoch 264 Test Acc: 95.87
06:17:53 Epoch 264  EMA Test Acc: 95.98
Loss   1.39 Loss_Lx   1.33 Loss_Lu 0.01294
06:19:36 Epoch 265 Test Acc: 95.79
06:19:39 Epoch 265  EMA Test Acc: 96.02
Loss   1.37 Loss_Lx   1.31 Loss_Lu 0.01259
06:21:22 Epoch 266 Test Acc: 95.77
06:21:24 Epoch 266  EMA Test Acc: 95.87
Loss   1.34 Loss_Lx   1.28 Loss_Lu 0.01262
06:23:08 Epoch 267 Test Acc: 96.0
06:23:10 Epoch 267  EMA Test Acc: 95.79
Loss   1.34 Loss_Lx   1.28 Loss_Lu 0.01235
06:24:54 Epoch 268 Test Acc: 96.07
06:24:56 Epoch 268  EMA Test Acc: 95.91
Loss   1.35 Loss_Lx   1.29 Loss_Lu 0.01235
06:26:40 Epoch 269 Test Acc: 96.14
06:26:43 Epoch 269  EMA Test Acc: 96.03
Loss   1.32 Loss_Lx   1.26 Loss_Lu 0.01187
06:28:26 Epoch 270 Test Acc: 95.99
06:28:29 Epoch 270  EMA Test Acc: 95.98
Loss   1.36 Loss_Lx   1.30 Loss_Lu 0.01250
06:30:12 Epoch 271 Test Acc: 95.85
06:30:15 Epoch 271  EMA Test Acc: 95.94
Loss   1.39 Loss_Lx   1.33 Loss_Lu 0.01233
06:31:58 Epoch 272 Test Acc: 95.78
06:32:01 Epoch 272  EMA Test Acc: 95.83
Loss   1.35 Loss_Lx   1.29 Loss_Lu 0.01236
06:33:44 Epoch 273 Test Acc: 95.99
06:33:47 Epoch 273  EMA Test Acc: 95.95
Loss   1.36 Loss_Lx   1.30 Loss_Lu 0.01210
06:35:30 Epoch 274 Test Acc: 95.89
06:35:33 Epoch 274  EMA Test Acc: 95.83
Loss   1.33 Loss_Lx   1.27 Loss_Lu 0.01186
06:37:16 Epoch 275 Test Acc: 95.85
06:37:18 Epoch 275  EMA Test Acc: 96.07
Loss   1.28 Loss_Lx   1.22 Loss_Lu 0.01143
06:39:02 Epoch 276 Test Acc: 95.88
06:39:04 Epoch 276  EMA Test Acc: 96.02
Loss   1.32 Loss_Lx   1.26 Loss_Lu 0.01161
06:40:48 Epoch 277 Test Acc: 96.01
06:40:50 Epoch 277  EMA Test Acc: 95.93
Loss   1.35 Loss_Lx   1.29 Loss_Lu 0.01222
06:42:34 Epoch 278 Test Acc: 96.0
06:42:36 Epoch 278  EMA Test Acc: 96.04
Loss   1.31 Loss_Lx   1.25 Loss_Lu 0.01199
06:44:19 Epoch 279 Test Acc: 95.98
06:44:22 Epoch 279  EMA Test Acc: 96.0
Loss   1.32 Loss_Lx   1.26 Loss_Lu 0.01189
06:46:06 Epoch 280 Test Acc: 95.91
06:46:08 Epoch 280  EMA Test Acc: 95.89
Loss   1.36 Loss_Lx   1.30 Loss_Lu 0.01209
06:47:51 Epoch 281 Test Acc: 96.02
06:47:54 Epoch 281  EMA Test Acc: 95.95
Loss   1.33 Loss_Lx   1.27 Loss_Lu 0.01196
06:49:37 Epoch 282 Test Acc: 96.04
06:49:40 Epoch 282  EMA Test Acc: 95.98
Loss   1.31 Loss_Lx   1.25 Loss_Lu 0.01175
06:51:23 Epoch 283 Test Acc: 96.08
06:51:26 Epoch 283  EMA Test Acc: 96.04
Loss   1.35 Loss_Lx   1.29 Loss_Lu 0.01174
06:53:09 Epoch 284 Test Acc: 95.9
06:53:11 Epoch 284  EMA Test Acc: 95.95
Loss   1.31 Loss_Lx   1.25 Loss_Lu 0.01181
06:54:55 Epoch 285 Test Acc: 96.01
06:54:57 Epoch 285  EMA Test Acc: 96.04
Loss   1.32 Loss_Lx   1.26 Loss_Lu 0.01177
06:56:40 Epoch 286 Test Acc: 95.92
06:56:43 Epoch 286  EMA Test Acc: 96.06
Loss   1.31 Loss_Lx   1.25 Loss_Lu 0.01159
06:58:26 Epoch 287 Test Acc: 96.03
06:58:29 Epoch 287  EMA Test Acc: 95.83
Loss   1.30 Loss_Lx   1.24 Loss_Lu 0.01186
07:00:12 Epoch 288 Test Acc: 96.11
07:00:15 Epoch 288  EMA Test Acc: 96.05
Loss   1.32 Loss_Lx   1.26 Loss_Lu 0.01155
07:01:58 Epoch 289 Test Acc: 95.83
07:02:01 Epoch 289  EMA Test Acc: 95.88
Loss   1.32 Loss_Lx   1.26 Loss_Lu 0.01163
07:03:44 Epoch 290 Test Acc: 96.22
07:03:47 Epoch 290  EMA Test Acc: 96.08
Loss   1.36 Loss_Lx   1.30 Loss_Lu 0.01229
07:05:30 Epoch 291 Test Acc: 96.03
07:05:33 Epoch 291  EMA Test Acc: 95.98
Loss   1.30 Loss_Lx   1.25 Loss_Lu 0.01109
07:07:16 Epoch 292 Test Acc: 96.07
07:07:18 Epoch 292  EMA Test Acc: 96.06
Loss   1.32 Loss_Lx   1.26 Loss_Lu 0.01141
07:09:02 Epoch 293 Test Acc: 95.96
07:09:05 Epoch 293  EMA Test Acc: 96.04
Loss   1.34 Loss_Lx   1.29 Loss_Lu 0.01185
07:10:48 Epoch 294 Test Acc: 95.98
07:10:50 Epoch 294  EMA Test Acc: 96.09
Loss   1.37 Loss_Lx   1.31 Loss_Lu 0.01182
07:12:34 Epoch 295 Test Acc: 96.13
07:12:36 Epoch 295  EMA Test Acc: 96.14
Loss   1.40 Loss_Lx   1.34 Loss_Lu 0.01266
07:14:20 Epoch 296 Test Acc: 96.01
07:14:22 Epoch 296  EMA Test Acc: 96.11
Loss   1.29 Loss_Lx   1.23 Loss_Lu 0.01123
07:16:06 Epoch 297 Test Acc: 95.97
07:16:08 Epoch 297  EMA Test Acc: 96.15
Loss   1.36 Loss_Lx   1.30 Loss_Lu 0.01211
07:17:52 Epoch 298 Test Acc: 96.1
07:17:54 Epoch 298  EMA Test Acc: 96.04
Loss   1.32 Loss_Lx   1.27 Loss_Lu 0.01156
07:19:38 Epoch 299 Test Acc: 96.0
07:19:40 Epoch 299  EMA Test Acc: 96.07
07:19:40 Best Test Acc: 96.22071075439453
