Sun Jul 10 09:58:44 2022       
+-----------------------------------------------------------------------------+
| NVIDIA-SMI 515.48.07    Driver Version: 515.48.07    CUDA Version: 11.7     |
|-------------------------------+----------------------+----------------------+
| GPU  Name        Persistence-M| Bus-Id        Disp.A | Volatile Uncorr. ECC |
| Fan  Temp  Perf  Pwr:Usage/Cap|         Memory-Usage | GPU-Util  Compute M. |
|                               |                      |               MIG M. |
|===============================+======================+======================|
|   0  NVIDIA A100-SXM...  Off  | 00000000:39:00.0 Off |                    0 |
| N/A   43C    P0    74W / 400W |   1920MiB / 81920MiB |      0%      Default |
|                               |                      |             Disabled |
+-------------------------------+----------------------+----------------------+
|   1  NVIDIA A100-SXM...  Off  | 00000000:3E:00.0 Off |                    0 |
| N/A   55C    P0   302W / 400W |   7905MiB / 81920MiB |     99%      Default |
|                               |                      |             Disabled |
+-------------------------------+----------------------+----------------------+
|   2  NVIDIA A100-SXM...  Off  | 00000000:4D:00.0 Off |                    0 |
| N/A   32C    P0    68W / 400W |      7MiB / 81920MiB |      0%      Default |
|                               |                      |             Disabled |
+-------------------------------+----------------------+----------------------+
|   3  NVIDIA A100-SXM...  Off  | 00000000:53:00.0 Off |                    0 |
| N/A   60C    P0   248W / 400W |   7815MiB / 81920MiB |     99%      Default |
|                               |                      |             Disabled |
+-------------------------------+----------------------+----------------------+
|   4  NVIDIA A100-SXM...  Off  | 00000000:8A:00.0 Off |                    0 |
| N/A   71C    P0   285W / 400W |   4234MiB / 81920MiB |     97%      Default |
|                               |                      |             Disabled |
+-------------------------------+----------------------+----------------------+
|   5  NVIDIA A100-SXM...  Off  | 00000000:8E:00.0 Off |                    0 |
| N/A   57C    P0   275W / 400W |   4234MiB / 81920MiB |     93%      Default |
|                               |                      |             Disabled |
+-------------------------------+----------------------+----------------------+
|   6  NVIDIA A100-SXM...  Off  | 00000000:A8:00.0 Off |                    0 |
| N/A   54C    P0   247W / 400W |   4234MiB / 81920MiB |     97%      Default |
|                               |                      |             Disabled |
+-------------------------------+----------------------+----------------------+
|   7  NVIDIA A100-SXM...  Off  | 00000000:AB:00.0 Off |                    0 |
| N/A   68C    P0   298W / 400W |   4242MiB / 81920MiB |     97%      Default |
|                               |                      |             Disabled |
+-------------------------------+----------------------+----------------------+
                                                                               
+-----------------------------------------------------------------------------+
| Processes:                                                                  |
|  GPU   GI   CI        PID   Type   Process name                  GPU Memory |
|        ID   ID                                                   Usage      |
|=============================================================================|
|    0   N/A  N/A      3443      G   /usr/lib/xorg/Xorg                  4MiB |
|    0   N/A  N/A   3018211      C   ...a/envs/hy39/bin/python3.9     1913MiB |
|    1   N/A  N/A      3443      G   /usr/lib/xorg/Xorg                  4MiB |
|    1   N/A  N/A    484228      C   python                           5733MiB |
|    1   N/A  N/A   2879116      C   python                           2165MiB |
|    2   N/A  N/A      3443      G   /usr/lib/xorg/Xorg                  4MiB |
|    3   N/A  N/A      3443      G   /usr/lib/xorg/Xorg                  4MiB |
|    3   N/A  N/A    484230      C   python                           5733MiB |
|    3   N/A  N/A   1254267      C   python                           2075MiB |
|    4   N/A  N/A      3443      G   /usr/lib/xorg/Xorg                  4MiB |
|    4   N/A  N/A   1309108      C   python                           4227MiB |
|    5   N/A  N/A      3443      G   /usr/lib/xorg/Xorg                  4MiB |
|    5   N/A  N/A   1309109      C   python                           4227MiB |
|    6   N/A  N/A      3443      G   /usr/lib/xorg/Xorg                  4MiB |
|    6   N/A  N/A   1309110      C   python                           4227MiB |
|    7   N/A  N/A      3443      G   /usr/lib/xorg/Xorg                  4MiB |
|    7   N/A  N/A   1309111      C   python                           4235MiB |
+-----------------------------------------------------------------------------+
Namespace(PES_lr=0.0001, T=0.5, T1=0, T2=5, alpha=4, batch_size=128, data_path='./data', data_percent=1, dataset='CIFAR10', ema=0.997, lambda_u=0, lr=0.02, noise_type='random_label2', num_epochs=300, optim='cos', seed=5, weight_decay=0.0005)
Files already downloaded and verified
Files already downloaded and verified
Train Epoch: [0][  0/390]	Time   0.10	Data   0.00	Loss   3.94	Acc@1  28.91
09:59:36 Epoch 0 Test Acc: 43.98
09:59:39 Epoch 0  EMA Test Acc: 9.94
Train Epoch: [1][  0/390]	Time   0.10	Data   0.00	Loss   3.34	Acc@1  41.78
10:00:21 Epoch 1 Test Acc: 53.15
10:00:24 Epoch 1  EMA Test Acc: 22.99
Train Epoch: [2][  0/390]	Time   0.10	Data   0.00	Loss   2.99	Acc@1  49.66
10:01:06 Epoch 2 Test Acc: 60.69
10:01:08 Epoch 2  EMA Test Acc: 48.63
Train Epoch: [3][  0/390]	Time   0.10	Data   0.00	Loss   2.77	Acc@1  54.64
10:01:51 Epoch 3 Test Acc: 63.04
10:01:53 Epoch 3  EMA Test Acc: 53.39
Train Epoch: [4][  0/390]	Time   0.10	Data   0.00	Loss   2.58	Acc@1  58.69
10:02:35 Epoch 4 Test Acc: 68.01
10:02:38 Epoch 4  EMA Test Acc: 74.01
Train Epoch: [5][  0/390]	Time   0.10	Data   0.00	Loss   2.44	Acc@1  61.65
10:03:20 Epoch 5 Test Acc: 74.61
10:03:23 Epoch 5  EMA Test Acc: 73.99
Train Epoch: [6][  0/390]	Time   0.10	Data   0.00	Loss   2.36	Acc@1  63.55
10:04:05 Epoch 6 Test Acc: 78.31
10:04:08 Epoch 6  EMA Test Acc: 76.48
Train Epoch: [7][  0/390]	Time   0.10	Data   0.00	Loss   2.28	Acc@1  65.13
10:04:50 Epoch 7 Test Acc: 76.53
10:04:52 Epoch 7  EMA Test Acc: 78.19
Train Epoch: [8][  0/390]	Time   0.10	Data   0.00	Loss   2.24	Acc@1  66.19
10:05:35 Epoch 8 Test Acc: 79.24
10:05:37 Epoch 8  EMA Test Acc: 80.19
Train Epoch: [9][  0/390]	Time   0.10	Data   0.00	Loss   2.17	Acc@1  67.33
10:06:19 Epoch 9 Test Acc: 79.93
10:06:22 Epoch 9  EMA Test Acc: 79.73
Train Epoch: [10][  0/390]	Time   0.10	Data   0.00	Loss   2.14	Acc@1  68.10
10:07:04 Epoch 10 Test Acc: 78.09
10:07:07 Epoch 10  EMA Test Acc: 81.62
Train Epoch: [11][  0/390]	Time   0.10	Data   0.00	Loss   2.11	Acc@1  68.77
10:07:49 Epoch 11 Test Acc: 82.91
10:07:52 Epoch 11  EMA Test Acc: 83.34
Train Epoch: [12][  0/390]	Time   0.10	Data   0.00	Loss   2.07	Acc@1  69.35
10:08:34 Epoch 12 Test Acc: 82.31
10:08:37 Epoch 12  EMA Test Acc: 82.53
Train Epoch: [13][  0/390]	Time   0.10	Data   0.00	Loss   2.06	Acc@1  69.63
10:09:19 Epoch 13 Test Acc: 77.99
10:09:21 Epoch 13  EMA Test Acc: 84.22
Train Epoch: [14][  0/390]	Time   0.10	Data   0.00	Loss   2.02	Acc@1  70.32
10:10:03 Epoch 14 Test Acc: 79.56
10:10:06 Epoch 14  EMA Test Acc: 83.52
Train Epoch: [15][  0/390]	Time   0.10	Data   0.00	Loss   2.00	Acc@1  70.84
10:10:48 Epoch 15 Test Acc: 82.88
10:10:51 Epoch 15  EMA Test Acc: 83.65
Train Epoch: [16][  0/390]	Time   0.10	Data   0.00	Loss   1.97	Acc@1  71.27
10:11:33 Epoch 16 Test Acc: 84.14
10:11:36 Epoch 16  EMA Test Acc: 86.36
Train Epoch: [17][  0/390]	Time   0.10	Data   0.00	Loss   1.95	Acc@1  71.77
10:12:18 Epoch 17 Test Acc: 83.48
10:12:21 Epoch 17  EMA Test Acc: 84.79
Train Epoch: [18][  0/390]	Time   0.10	Data   0.00	Loss   1.93	Acc@1  71.95
10:13:03 Epoch 18 Test Acc: 83.87
10:13:05 Epoch 18  EMA Test Acc: 85.28
Train Epoch: [19][  0/390]	Time   0.10	Data   0.00	Loss   1.92	Acc@1  72.19
10:13:47 Epoch 19 Test Acc: 83.04
10:13:50 Epoch 19  EMA Test Acc: 85.5
re-initalize the final layer
Train Epoch: [0][  0/390]	Time   0.05	Data   0.00	Loss   2.92	Acc@1  71.20
10:14:11 Epoch 0 Test Acc: 86.55
Train Epoch: [1][  0/390]	Time   0.05	Data   0.00	Loss   2.17	Acc@1  73.26
10:14:31 Epoch 1 Test Acc: 86.88
Train Epoch: [2][  0/390]	Time   0.05	Data   0.00	Loss   1.98	Acc@1  73.21
10:14:52 Epoch 2 Test Acc: 86.77
Train Epoch: [3][  0/390]	Time   0.05	Data   0.00	Loss   1.90	Acc@1  73.53
10:15:13 Epoch 3 Test Acc: 86.65
Train Epoch: [4][  0/390]	Time   0.05	Data   0.00	Loss   1.88	Acc@1  73.40
10:15:34 Epoch 4 Test Acc: 86.75
Loss   3.03 Loss_Lx   3.02 Loss_Lu 0.03934
10:17:18 Epoch 20 Test Acc: 87.26
10:17:20 Epoch 20  EMA Test Acc: 82.35
Loss   2.92 Loss_Lx   2.91 Loss_Lu 0.03701
10:19:04 Epoch 21 Test Acc: 86.59
10:19:06 Epoch 21  EMA Test Acc: 78.92
Loss   2.89 Loss_Lx   2.86 Loss_Lu 0.03574
10:20:50 Epoch 22 Test Acc: 86.87
10:20:53 Epoch 22  EMA Test Acc: 84.79
Loss   2.85 Loss_Lx   2.81 Loss_Lu 0.03554
10:22:37 Epoch 23 Test Acc: 86.98
10:22:40 Epoch 23  EMA Test Acc: 84.36
Loss   2.84 Loss_Lx   2.79 Loss_Lu 0.03537
10:24:24 Epoch 24 Test Acc: 86.67
10:24:27 Epoch 24  EMA Test Acc: 85.57
Loss   2.80 Loss_Lx   2.74 Loss_Lu 0.03503
10:26:11 Epoch 25 Test Acc: 86.04
10:26:13 Epoch 25  EMA Test Acc: 84.38
Loss   2.81 Loss_Lx   2.74 Loss_Lu 0.03501
10:27:57 Epoch 26 Test Acc: 87.29
10:28:00 Epoch 26  EMA Test Acc: 87.05
Loss   2.82 Loss_Lx   2.74 Loss_Lu 0.03497
10:29:44 Epoch 27 Test Acc: 86.7
10:29:47 Epoch 27  EMA Test Acc: 86.9
Loss   2.79 Loss_Lx   2.71 Loss_Lu 0.03281
10:31:32 Epoch 28 Test Acc: 87.73
10:31:35 Epoch 28  EMA Test Acc: 83.62
Loss   2.77 Loss_Lx   2.67 Loss_Lu 0.03420
10:33:19 Epoch 29 Test Acc: 88.12
10:33:21 Epoch 29  EMA Test Acc: 84.83
Loss   2.79 Loss_Lx   2.68 Loss_Lu 0.03346
10:35:05 Epoch 30 Test Acc: 87.74
10:35:08 Epoch 30  EMA Test Acc: 85.58
Loss   2.79 Loss_Lx   2.67 Loss_Lu 0.03351
10:36:51 Epoch 31 Test Acc: 88.22
10:36:54 Epoch 31  EMA Test Acc: 87.12
Loss   2.78 Loss_Lx   2.65 Loss_Lu 0.03314
10:38:38 Epoch 32 Test Acc: 87.93
10:38:40 Epoch 32  EMA Test Acc: 89.01
Loss   2.76 Loss_Lx   2.62 Loss_Lu 0.03300
10:40:24 Epoch 33 Test Acc: 87.73
10:40:27 Epoch 33  EMA Test Acc: 88.27
Loss   2.75 Loss_Lx   2.60 Loss_Lu 0.03311
10:42:11 Epoch 34 Test Acc: 88.21
10:42:14 Epoch 34  EMA Test Acc: 87.83
Loss   2.77 Loss_Lx   2.61 Loss_Lu 0.03284
10:43:58 Epoch 35 Test Acc: 88.78
10:44:00 Epoch 35  EMA Test Acc: 88.54
Loss   2.76 Loss_Lx   2.60 Loss_Lu 0.03312
10:45:45 Epoch 36 Test Acc: 88.2
10:45:47 Epoch 36  EMA Test Acc: 86.45
Loss   2.72 Loss_Lx   2.56 Loss_Lu 0.03306
10:47:31 Epoch 37 Test Acc: 88.73
10:47:34 Epoch 37  EMA Test Acc: 85.64
Loss   2.73 Loss_Lx   2.56 Loss_Lu 0.03296
10:49:18 Epoch 38 Test Acc: 89.7
10:49:20 Epoch 38  EMA Test Acc: 87.61
Loss   2.69 Loss_Lx   2.53 Loss_Lu 0.03301
10:51:04 Epoch 39 Test Acc: 88.11
10:51:07 Epoch 39  EMA Test Acc: 89.96
Loss   2.70 Loss_Lx   2.53 Loss_Lu 0.03275
10:52:50 Epoch 40 Test Acc: 89.65
10:52:53 Epoch 40  EMA Test Acc: 90.07
Loss   2.69 Loss_Lx   2.53 Loss_Lu 0.03305
10:54:37 Epoch 41 Test Acc: 88.96
10:54:40 Epoch 41  EMA Test Acc: 90.53
Loss   2.67 Loss_Lx   2.51 Loss_Lu 0.03301
10:56:24 Epoch 42 Test Acc: 89.43
10:56:26 Epoch 42  EMA Test Acc: 89.89
Loss   2.68 Loss_Lx   2.51 Loss_Lu 0.03234
10:58:10 Epoch 43 Test Acc: 90.1
10:58:13 Epoch 43  EMA Test Acc: 90.48
Loss   2.69 Loss_Lx   2.53 Loss_Lu 0.03302
10:59:57 Epoch 44 Test Acc: 90.5
10:59:59 Epoch 44  EMA Test Acc: 90.51
Loss   2.64 Loss_Lx   2.48 Loss_Lu 0.03250
11:01:43 Epoch 45 Test Acc: 89.73
11:01:46 Epoch 45  EMA Test Acc: 90.9
Loss   2.63 Loss_Lx   2.47 Loss_Lu 0.03229
11:03:30 Epoch 46 Test Acc: 89.9
11:03:32 Epoch 46  EMA Test Acc: 91.09
Loss   2.63 Loss_Lx   2.47 Loss_Lu 0.03254
11:05:16 Epoch 47 Test Acc: 90.97
11:05:19 Epoch 47  EMA Test Acc: 91.14
Loss   2.64 Loss_Lx   2.48 Loss_Lu 0.03255
11:07:02 Epoch 48 Test Acc: 89.79
11:07:05 Epoch 48  EMA Test Acc: 91.8
Loss   2.62 Loss_Lx   2.46 Loss_Lu 0.03210
11:08:49 Epoch 49 Test Acc: 89.72
11:08:51 Epoch 49  EMA Test Acc: 91.67
Loss   2.60 Loss_Lx   2.44 Loss_Lu 0.03249
11:10:35 Epoch 50 Test Acc: 91.09
11:10:38 Epoch 50  EMA Test Acc: 90.69
Loss   2.63 Loss_Lx   2.47 Loss_Lu 0.03226
11:12:22 Epoch 51 Test Acc: 89.68
11:12:24 Epoch 51  EMA Test Acc: 88.85
Loss   2.59 Loss_Lx   2.43 Loss_Lu 0.03232
11:14:08 Epoch 52 Test Acc: 90.61
11:14:11 Epoch 52  EMA Test Acc: 91.6
Loss   2.59 Loss_Lx   2.43 Loss_Lu 0.03220
11:15:54 Epoch 53 Test Acc: 90.29
11:15:57 Epoch 53  EMA Test Acc: 92.1
Loss   2.59 Loss_Lx   2.43 Loss_Lu 0.03202
11:17:41 Epoch 54 Test Acc: 90.83
11:17:43 Epoch 54  EMA Test Acc: 91.75
Loss   2.59 Loss_Lx   2.44 Loss_Lu 0.03152
11:19:27 Epoch 55 Test Acc: 90.67
11:19:30 Epoch 55  EMA Test Acc: 91.4
Loss   2.56 Loss_Lx   2.40 Loss_Lu 0.03156
11:21:13 Epoch 56 Test Acc: 91.5
11:21:16 Epoch 56  EMA Test Acc: 91.24
Loss   2.55 Loss_Lx   2.40 Loss_Lu 0.03164
11:23:00 Epoch 57 Test Acc: 90.97
11:23:03 Epoch 57  EMA Test Acc: 89.54
Loss   2.56 Loss_Lx   2.40 Loss_Lu 0.03158
11:24:47 Epoch 58 Test Acc: 91.24
11:24:49 Epoch 58  EMA Test Acc: 92.29
Loss   2.56 Loss_Lx   2.40 Loss_Lu 0.03128
11:26:33 Epoch 59 Test Acc: 91.47
11:26:36 Epoch 59  EMA Test Acc: 92.45
Loss   2.53 Loss_Lx   2.37 Loss_Lu 0.03097
11:28:19 Epoch 60 Test Acc: 91.46
11:28:22 Epoch 60  EMA Test Acc: 90.95
Loss   2.55 Loss_Lx   2.40 Loss_Lu 0.03167
11:30:06 Epoch 61 Test Acc: 91.32
11:30:08 Epoch 61  EMA Test Acc: 92.31
Loss   2.57 Loss_Lx   2.41 Loss_Lu 0.03153
11:31:52 Epoch 62 Test Acc: 91.04
11:31:54 Epoch 62  EMA Test Acc: 91.58
Loss   2.53 Loss_Lx   2.37 Loss_Lu 0.03116
11:33:38 Epoch 63 Test Acc: 91.97
11:33:41 Epoch 63  EMA Test Acc: 92.38
Loss   2.53 Loss_Lx   2.38 Loss_Lu 0.03126
11:35:25 Epoch 64 Test Acc: 91.96
11:35:27 Epoch 64  EMA Test Acc: 91.56
Loss   2.51 Loss_Lx   2.36 Loss_Lu 0.03130
11:37:11 Epoch 65 Test Acc: 91.9
11:37:14 Epoch 65  EMA Test Acc: 92.11
Loss   2.50 Loss_Lx   2.35 Loss_Lu 0.03054
11:38:58 Epoch 66 Test Acc: 91.27
11:39:01 Epoch 66  EMA Test Acc: 90.09
Loss   2.50 Loss_Lx   2.34 Loss_Lu 0.03085
11:40:44 Epoch 67 Test Acc: 91.67
11:40:47 Epoch 67  EMA Test Acc: 92.98
Loss   2.52 Loss_Lx   2.36 Loss_Lu 0.03118
11:42:31 Epoch 68 Test Acc: 91.91
11:42:33 Epoch 68  EMA Test Acc: 92.8
Loss   2.50 Loss_Lx   2.34 Loss_Lu 0.03090
11:44:17 Epoch 69 Test Acc: 92.28
11:44:20 Epoch 69  EMA Test Acc: 93.1
Loss   2.50 Loss_Lx   2.34 Loss_Lu 0.03060
11:46:03 Epoch 70 Test Acc: 91.88
11:46:06 Epoch 70  EMA Test Acc: 93.23
Loss   2.48 Loss_Lx   2.33 Loss_Lu 0.03035
11:47:49 Epoch 71 Test Acc: 92.34
11:47:52 Epoch 71  EMA Test Acc: 92.11
Loss   2.48 Loss_Lx   2.32 Loss_Lu 0.03051
11:49:36 Epoch 72 Test Acc: 92.38
11:49:38 Epoch 72  EMA Test Acc: 92.46
Loss   2.49 Loss_Lx   2.34 Loss_Lu 0.03044
11:51:22 Epoch 73 Test Acc: 92.26
11:51:24 Epoch 73  EMA Test Acc: 93.33
Loss   2.49 Loss_Lx   2.33 Loss_Lu 0.03053
11:53:08 Epoch 74 Test Acc: 92.4
11:53:11 Epoch 74  EMA Test Acc: 91.3
Loss   2.48 Loss_Lx   2.33 Loss_Lu 0.03044
11:54:55 Epoch 75 Test Acc: 91.27
11:54:57 Epoch 75  EMA Test Acc: 93.6
Loss   2.46 Loss_Lx   2.31 Loss_Lu 0.03013
11:56:41 Epoch 76 Test Acc: 92.28
11:56:43 Epoch 76  EMA Test Acc: 93.02
Loss   2.46 Loss_Lx   2.31 Loss_Lu 0.02988
11:58:27 Epoch 77 Test Acc: 92.45
11:58:30 Epoch 77  EMA Test Acc: 92.35
Loss   2.44 Loss_Lx   2.29 Loss_Lu 0.03003
12:00:14 Epoch 78 Test Acc: 92.08
12:00:17 Epoch 78  EMA Test Acc: 92.95
Loss   2.45 Loss_Lx   2.30 Loss_Lu 0.03033
12:02:01 Epoch 79 Test Acc: 92.78
12:02:03 Epoch 79  EMA Test Acc: 93.42
Loss   2.46 Loss_Lx   2.31 Loss_Lu 0.03020
12:03:47 Epoch 80 Test Acc: 92.13
12:03:49 Epoch 80  EMA Test Acc: 92.74
Loss   2.46 Loss_Lx   2.31 Loss_Lu 0.03040
12:05:33 Epoch 81 Test Acc: 91.88
12:05:36 Epoch 81  EMA Test Acc: 93.51
Loss   2.42 Loss_Lx   2.27 Loss_Lu 0.02981
12:07:20 Epoch 82 Test Acc: 92.96
12:07:23 Epoch 82  EMA Test Acc: 93.26
Loss   2.41 Loss_Lx   2.26 Loss_Lu 0.03029
12:09:07 Epoch 83 Test Acc: 93.18
12:09:09 Epoch 83  EMA Test Acc: 93.24
Loss   2.43 Loss_Lx   2.28 Loss_Lu 0.03004
12:10:53 Epoch 84 Test Acc: 93.06
12:10:55 Epoch 84  EMA Test Acc: 93.32
Loss   2.40 Loss_Lx   2.26 Loss_Lu 0.02971
12:12:39 Epoch 85 Test Acc: 92.65
12:12:42 Epoch 85  EMA Test Acc: 93.27
Loss   2.42 Loss_Lx   2.27 Loss_Lu 0.02969
12:14:26 Epoch 86 Test Acc: 92.49
12:14:28 Epoch 86  EMA Test Acc: 93.96
Loss   2.42 Loss_Lx   2.27 Loss_Lu 0.02992
12:16:12 Epoch 87 Test Acc: 92.44
12:16:15 Epoch 87  EMA Test Acc: 93.63
Loss   2.40 Loss_Lx   2.25 Loss_Lu 0.02928
12:17:59 Epoch 88 Test Acc: 92.91
12:18:01 Epoch 88  EMA Test Acc: 93.04
Loss   2.42 Loss_Lx   2.27 Loss_Lu 0.02990
12:19:45 Epoch 89 Test Acc: 93.29
12:19:47 Epoch 89  EMA Test Acc: 92.16
Loss   2.38 Loss_Lx   2.23 Loss_Lu 0.02882
12:21:32 Epoch 90 Test Acc: 92.82
12:21:34 Epoch 90  EMA Test Acc: 92.61
Loss   2.38 Loss_Lx   2.23 Loss_Lu 0.02984
12:23:18 Epoch 91 Test Acc: 92.48
12:23:21 Epoch 91  EMA Test Acc: 93.96
Loss   2.39 Loss_Lx   2.24 Loss_Lu 0.02962
12:25:04 Epoch 92 Test Acc: 92.76
12:25:07 Epoch 92  EMA Test Acc: 93.74
Loss   2.39 Loss_Lx   2.24 Loss_Lu 0.02919
12:26:51 Epoch 93 Test Acc: 93.13
12:26:54 Epoch 93  EMA Test Acc: 93.59
Loss   2.39 Loss_Lx   2.25 Loss_Lu 0.02931
12:28:38 Epoch 94 Test Acc: 93.34
12:28:41 Epoch 94  EMA Test Acc: 93.04
Loss   2.36 Loss_Lx   2.22 Loss_Lu 0.02881
12:30:24 Epoch 95 Test Acc: 93.13
12:30:26 Epoch 95  EMA Test Acc: 93.93
Loss   2.36 Loss_Lx   2.22 Loss_Lu 0.02925
12:32:10 Epoch 96 Test Acc: 92.73
12:32:13 Epoch 96  EMA Test Acc: 93.69
Loss   2.34 Loss_Lx   2.20 Loss_Lu 0.02863
12:33:56 Epoch 97 Test Acc: 93.54
12:33:59 Epoch 97  EMA Test Acc: 92.44
Loss   2.37 Loss_Lx   2.23 Loss_Lu 0.02929
12:35:42 Epoch 98 Test Acc: 93.33
12:35:45 Epoch 98  EMA Test Acc: 93.75
Loss   2.39 Loss_Lx   2.24 Loss_Lu 0.02962
12:37:29 Epoch 99 Test Acc: 93.23
12:37:31 Epoch 99  EMA Test Acc: 94.21
Loss   2.40 Loss_Lx   2.25 Loss_Lu 0.02928
12:39:15 Epoch 100 Test Acc: 92.97
12:39:18 Epoch 100  EMA Test Acc: 93.43
Loss   2.36 Loss_Lx   2.21 Loss_Lu 0.02912
12:41:01 Epoch 101 Test Acc: 93.14
12:41:04 Epoch 101  EMA Test Acc: 93.32
Loss   2.32 Loss_Lx   2.18 Loss_Lu 0.02864
12:42:48 Epoch 102 Test Acc: 92.93
12:42:50 Epoch 102  EMA Test Acc: 93.77
Loss   2.35 Loss_Lx   2.21 Loss_Lu 0.02865
12:44:34 Epoch 103 Test Acc: 92.99
12:44:36 Epoch 103  EMA Test Acc: 94.1
Loss   2.35 Loss_Lx   2.21 Loss_Lu 0.02866
12:46:20 Epoch 104 Test Acc: 93.69
12:46:23 Epoch 104  EMA Test Acc: 93.34
Loss   2.33 Loss_Lx   2.19 Loss_Lu 0.02898
12:48:07 Epoch 105 Test Acc: 93.13
12:48:09 Epoch 105  EMA Test Acc: 93.08
Loss   2.31 Loss_Lx   2.17 Loss_Lu 0.02876
12:49:53 Epoch 106 Test Acc: 93.06
12:49:56 Epoch 106  EMA Test Acc: 93.84
Loss   2.32 Loss_Lx   2.17 Loss_Lu 0.02879
12:51:39 Epoch 107 Test Acc: 93.15
12:51:42 Epoch 107  EMA Test Acc: 94.32
Loss   2.33 Loss_Lx   2.18 Loss_Lu 0.02848
12:53:25 Epoch 108 Test Acc: 92.76
12:53:27 Epoch 108  EMA Test Acc: 93.84
Loss   2.32 Loss_Lx   2.18 Loss_Lu 0.02854
12:55:11 Epoch 109 Test Acc: 93.57
12:55:14 Epoch 109  EMA Test Acc: 94.26
Loss   2.30 Loss_Lx   2.16 Loss_Lu 0.02847
12:56:57 Epoch 110 Test Acc: 93.84
12:57:00 Epoch 110  EMA Test Acc: 94.73
Loss   2.30 Loss_Lx   2.17 Loss_Lu 0.02751
12:58:43 Epoch 111 Test Acc: 93.89
12:58:46 Epoch 111  EMA Test Acc: 94.1
Loss   2.30 Loss_Lx   2.16 Loss_Lu 0.02819
13:00:31 Epoch 112 Test Acc: 93.72
13:00:33 Epoch 112  EMA Test Acc: 93.94
Loss   2.28 Loss_Lx   2.14 Loss_Lu 0.02789
13:02:17 Epoch 113 Test Acc: 93.85
13:02:20 Epoch 113  EMA Test Acc: 92.91
Loss   2.27 Loss_Lx   2.13 Loss_Lu 0.02792
13:04:04 Epoch 114 Test Acc: 93.84
13:04:07 Epoch 114  EMA Test Acc: 94.38
Loss   2.28 Loss_Lx   2.14 Loss_Lu 0.02762
13:05:51 Epoch 115 Test Acc: 93.42
13:05:54 Epoch 115  EMA Test Acc: 94.25
Loss   2.30 Loss_Lx   2.16 Loss_Lu 0.02818
13:07:38 Epoch 116 Test Acc: 93.14
13:07:41 Epoch 116  EMA Test Acc: 94.51
Loss   2.27 Loss_Lx   2.13 Loss_Lu 0.02768
13:09:25 Epoch 117 Test Acc: 93.86
13:09:28 Epoch 117  EMA Test Acc: 94.28
Loss   2.29 Loss_Lx   2.15 Loss_Lu 0.02785
13:11:12 Epoch 118 Test Acc: 93.96
13:11:14 Epoch 118  EMA Test Acc: 94.73
Loss   2.31 Loss_Lx   2.16 Loss_Lu 0.02837
13:12:58 Epoch 119 Test Acc: 93.82
13:13:00 Epoch 119  EMA Test Acc: 94.87
Loss   2.29 Loss_Lx   2.15 Loss_Lu 0.02781
13:14:45 Epoch 120 Test Acc: 93.96
13:14:48 Epoch 120  EMA Test Acc: 94.78
Loss   2.27 Loss_Lx   2.13 Loss_Lu 0.02737
13:16:32 Epoch 121 Test Acc: 94.03
13:16:34 Epoch 121  EMA Test Acc: 94.19
Loss   2.24 Loss_Lx   2.11 Loss_Lu 0.02700
13:18:18 Epoch 122 Test Acc: 94.17
13:18:20 Epoch 122  EMA Test Acc: 94.26
Loss   2.28 Loss_Lx   2.14 Loss_Lu 0.02748
13:20:04 Epoch 123 Test Acc: 93.93
13:20:06 Epoch 123  EMA Test Acc: 93.82
Loss   2.22 Loss_Lx   2.08 Loss_Lu 0.02713
13:21:49 Epoch 124 Test Acc: 94.23
13:21:52 Epoch 124  EMA Test Acc: 94.38
Loss   2.24 Loss_Lx   2.11 Loss_Lu 0.02670
13:23:36 Epoch 125 Test Acc: 93.94
13:23:38 Epoch 125  EMA Test Acc: 94.35
Loss   2.26 Loss_Lx   2.12 Loss_Lu 0.02743
13:25:22 Epoch 126 Test Acc: 94.06
13:25:25 Epoch 126  EMA Test Acc: 93.88
Loss   2.21 Loss_Lx   2.08 Loss_Lu 0.02688
13:27:09 Epoch 127 Test Acc: 94.07
13:27:12 Epoch 127  EMA Test Acc: 94.6
Loss   2.23 Loss_Lx   2.10 Loss_Lu 0.02628
13:28:56 Epoch 128 Test Acc: 94.13
13:28:59 Epoch 128  EMA Test Acc: 94.03
Loss   2.23 Loss_Lx   2.09 Loss_Lu 0.02683
13:30:43 Epoch 129 Test Acc: 93.65
13:30:46 Epoch 129  EMA Test Acc: 93.64
Loss   2.24 Loss_Lx   2.10 Loss_Lu 0.02749
13:32:30 Epoch 130 Test Acc: 93.78
13:32:32 Epoch 130  EMA Test Acc: 94.59
Loss   2.22 Loss_Lx   2.09 Loss_Lu 0.02654
13:34:16 Epoch 131 Test Acc: 93.93
13:34:19 Epoch 131  EMA Test Acc: 94.14
Loss   2.20 Loss_Lx   2.07 Loss_Lu 0.02638
13:36:02 Epoch 132 Test Acc: 93.79
13:36:05 Epoch 132  EMA Test Acc: 94.55
Loss   2.22 Loss_Lx   2.09 Loss_Lu 0.02683
13:37:49 Epoch 133 Test Acc: 93.87
13:37:51 Epoch 133  EMA Test Acc: 94.44
Loss   2.24 Loss_Lx   2.10 Loss_Lu 0.02713
13:39:36 Epoch 134 Test Acc: 94.31
13:39:38 Epoch 134  EMA Test Acc: 94.48
Loss   2.20 Loss_Lx   2.07 Loss_Lu 0.02609
13:41:22 Epoch 135 Test Acc: 93.58
13:41:25 Epoch 135  EMA Test Acc: 94.97
Loss   2.20 Loss_Lx   2.06 Loss_Lu 0.02652
13:43:09 Epoch 136 Test Acc: 93.82
13:43:11 Epoch 136  EMA Test Acc: 94.63
Loss   2.20 Loss_Lx   2.07 Loss_Lu 0.02633
13:44:55 Epoch 137 Test Acc: 94.32
13:44:57 Epoch 137  EMA Test Acc: 94.98
Loss   2.21 Loss_Lx   2.07 Loss_Lu 0.02648
13:46:41 Epoch 138 Test Acc: 93.97
13:46:43 Epoch 138  EMA Test Acc: 93.96
Loss   2.17 Loss_Lx   2.04 Loss_Lu 0.02591
13:48:27 Epoch 139 Test Acc: 94.42
13:48:30 Epoch 139  EMA Test Acc: 94.24
Loss   2.20 Loss_Lx   2.07 Loss_Lu 0.02656
13:50:13 Epoch 140 Test Acc: 94.28
13:50:16 Epoch 140  EMA Test Acc: 94.69
Loss   2.18 Loss_Lx   2.05 Loss_Lu 0.02650
13:51:59 Epoch 141 Test Acc: 94.78
13:52:02 Epoch 141  EMA Test Acc: 94.32
Loss   2.18 Loss_Lx   2.05 Loss_Lu 0.02610
13:53:45 Epoch 142 Test Acc: 94.22
13:53:47 Epoch 142  EMA Test Acc: 94.78
Loss   2.15 Loss_Lx   2.02 Loss_Lu 0.02562
13:55:30 Epoch 143 Test Acc: 94.32
13:55:33 Epoch 143  EMA Test Acc: 94.77
Loss   2.16 Loss_Lx   2.03 Loss_Lu 0.02572
13:57:17 Epoch 144 Test Acc: 94.08
13:57:20 Epoch 144  EMA Test Acc: 94.67
Loss   2.17 Loss_Lx   2.04 Loss_Lu 0.02616
13:59:04 Epoch 145 Test Acc: 94.27
13:59:06 Epoch 145  EMA Test Acc: 95.07
Loss   2.16 Loss_Lx   2.03 Loss_Lu 0.02581
14:00:49 Epoch 146 Test Acc: 94.38
14:00:51 Epoch 146  EMA Test Acc: 94.88
Loss   2.15 Loss_Lx   2.03 Loss_Lu 0.02494
14:02:34 Epoch 147 Test Acc: 94.29
14:02:37 Epoch 147  EMA Test Acc: 94.47
Loss   2.14 Loss_Lx   2.01 Loss_Lu 0.02577
14:04:19 Epoch 148 Test Acc: 94.31
14:04:22 Epoch 148  EMA Test Acc: 94.78
Loss   2.15 Loss_Lx   2.02 Loss_Lu 0.02571
14:06:05 Epoch 149 Test Acc: 93.94
14:06:07 Epoch 149  EMA Test Acc: 95.05
Loss   1.64 Loss_Lx   1.54 Loss_Lu 0.01996
14:07:50 Epoch 150 Test Acc: 94.73
14:07:52 Epoch 150  EMA Test Acc: 95.01
Loss   1.62 Loss_Lx   1.53 Loss_Lu 0.01968
14:09:36 Epoch 151 Test Acc: 94.61
14:09:39 Epoch 151  EMA Test Acc: 94.51
Loss   1.58 Loss_Lx   1.48 Loss_Lu 0.01977
14:11:21 Epoch 152 Test Acc: 94.79
14:11:24 Epoch 152  EMA Test Acc: 95.03
Loss   1.62 Loss_Lx   1.52 Loss_Lu 0.02013
14:13:07 Epoch 153 Test Acc: 94.99
14:13:10 Epoch 153  EMA Test Acc: 95.32
Loss   1.57 Loss_Lx   1.47 Loss_Lu 0.01928
14:14:53 Epoch 154 Test Acc: 94.57
14:14:56 Epoch 154  EMA Test Acc: 95.08
Loss   1.65 Loss_Lx   1.55 Loss_Lu 0.01985
14:16:39 Epoch 155 Test Acc: 94.4
14:16:42 Epoch 155  EMA Test Acc: 94.34
Loss   1.56 Loss_Lx   1.47 Loss_Lu 0.01904
14:18:26 Epoch 156 Test Acc: 94.7
14:18:28 Epoch 156  EMA Test Acc: 95.2
Loss   1.59 Loss_Lx   1.49 Loss_Lu 0.01905
14:20:13 Epoch 157 Test Acc: 94.04
14:20:15 Epoch 157  EMA Test Acc: 94.8
Loss   1.56 Loss_Lx   1.46 Loss_Lu 0.01865
14:21:59 Epoch 158 Test Acc: 95.08
14:22:02 Epoch 158  EMA Test Acc: 95.2
Loss   1.53 Loss_Lx   1.44 Loss_Lu 0.01864
14:23:46 Epoch 159 Test Acc: 95.17
14:23:48 Epoch 159  EMA Test Acc: 95.51
Loss   1.59 Loss_Lx   1.50 Loss_Lu 0.01930
14:25:32 Epoch 160 Test Acc: 94.8
14:25:35 Epoch 160  EMA Test Acc: 95.26
Loss   1.56 Loss_Lx   1.46 Loss_Lu 0.01846
14:27:19 Epoch 161 Test Acc: 94.61
14:27:22 Epoch 161  EMA Test Acc: 95.0
Loss   1.54 Loss_Lx   1.45 Loss_Lu 0.01831
14:29:05 Epoch 162 Test Acc: 94.84
14:29:08 Epoch 162  EMA Test Acc: 94.8
Loss   1.58 Loss_Lx   1.48 Loss_Lu 0.01884
14:30:52 Epoch 163 Test Acc: 94.84
14:30:54 Epoch 163  EMA Test Acc: 95.11
Loss   1.50 Loss_Lx   1.41 Loss_Lu 0.01741
14:32:38 Epoch 164 Test Acc: 94.36
14:32:41 Epoch 164  EMA Test Acc: 95.14
Loss   1.54 Loss_Lx   1.45 Loss_Lu 0.01833
14:34:25 Epoch 165 Test Acc: 94.82
14:34:27 Epoch 165  EMA Test Acc: 94.79
Loss   1.58 Loss_Lx   1.49 Loss_Lu 0.01846
14:36:11 Epoch 166 Test Acc: 94.87
14:36:14 Epoch 166  EMA Test Acc: 94.74
Loss   1.52 Loss_Lx   1.44 Loss_Lu 0.01775
14:37:57 Epoch 167 Test Acc: 94.76
14:38:00 Epoch 167  EMA Test Acc: 95.35
Loss   1.51 Loss_Lx   1.42 Loss_Lu 0.01815
14:39:43 Epoch 168 Test Acc: 95.1
14:39:46 Epoch 168  EMA Test Acc: 95.27
Loss   1.50 Loss_Lx   1.41 Loss_Lu 0.01761
14:41:29 Epoch 169 Test Acc: 94.85
14:41:32 Epoch 169  EMA Test Acc: 94.98
Loss   1.50 Loss_Lx   1.41 Loss_Lu 0.01778
14:43:16 Epoch 170 Test Acc: 94.7
14:43:18 Epoch 170  EMA Test Acc: 95.24
Loss   1.57 Loss_Lx   1.48 Loss_Lu 0.01838
14:45:02 Epoch 171 Test Acc: 94.93
14:45:05 Epoch 171  EMA Test Acc: 95.22
Loss   1.48 Loss_Lx   1.40 Loss_Lu 0.01684
14:46:48 Epoch 172 Test Acc: 94.77
14:46:51 Epoch 172  EMA Test Acc: 94.71
Loss   1.53 Loss_Lx   1.45 Loss_Lu 0.01763
14:48:35 Epoch 173 Test Acc: 94.97
14:48:37 Epoch 173  EMA Test Acc: 95.06
Loss   1.47 Loss_Lx   1.39 Loss_Lu 0.01671
14:50:21 Epoch 174 Test Acc: 94.83
14:50:24 Epoch 174  EMA Test Acc: 95.44
Loss   1.52 Loss_Lx   1.43 Loss_Lu 0.01751
14:52:07 Epoch 175 Test Acc: 95.21
14:52:10 Epoch 175  EMA Test Acc: 95.11
Loss   1.48 Loss_Lx   1.40 Loss_Lu 0.01655
14:53:53 Epoch 176 Test Acc: 94.76
14:53:56 Epoch 176  EMA Test Acc: 95.06
Loss   1.53 Loss_Lx   1.44 Loss_Lu 0.01727
14:55:40 Epoch 177 Test Acc: 95.27
14:55:42 Epoch 177  EMA Test Acc: 95.54
Loss   1.52 Loss_Lx   1.43 Loss_Lu 0.01694
14:57:27 Epoch 178 Test Acc: 95.56
14:57:30 Epoch 178  EMA Test Acc: 95.45
Loss   1.49 Loss_Lx   1.41 Loss_Lu 0.01641
14:59:13 Epoch 179 Test Acc: 95.2
14:59:16 Epoch 179  EMA Test Acc: 95.44
Loss   1.47 Loss_Lx   1.39 Loss_Lu 0.01597
15:00:59 Epoch 180 Test Acc: 95.31
15:01:02 Epoch 180  EMA Test Acc: 95.31
Loss   1.48 Loss_Lx   1.40 Loss_Lu 0.01639
15:02:46 Epoch 181 Test Acc: 94.92
15:02:49 Epoch 181  EMA Test Acc: 95.52
Loss   1.52 Loss_Lx   1.44 Loss_Lu 0.01701
15:04:33 Epoch 182 Test Acc: 95.13
15:04:36 Epoch 182  EMA Test Acc: 95.46
Loss   1.45 Loss_Lx   1.37 Loss_Lu 0.01596
15:06:19 Epoch 183 Test Acc: 95.08
15:06:22 Epoch 183  EMA Test Acc: 94.96
Loss   1.51 Loss_Lx   1.43 Loss_Lu 0.01639
15:08:05 Epoch 184 Test Acc: 95.4
15:08:08 Epoch 184  EMA Test Acc: 95.09
Loss   1.53 Loss_Lx   1.45 Loss_Lu 0.01663
15:09:51 Epoch 185 Test Acc: 95.09
15:09:54 Epoch 185  EMA Test Acc: 95.34
Loss   1.48 Loss_Lx   1.40 Loss_Lu 0.01579
15:11:37 Epoch 186 Test Acc: 95.44
15:11:40 Epoch 186  EMA Test Acc: 95.45
Loss   1.42 Loss_Lx   1.35 Loss_Lu 0.01534
15:13:24 Epoch 187 Test Acc: 94.76
15:13:27 Epoch 187  EMA Test Acc: 95.38
Loss   1.47 Loss_Lx   1.39 Loss_Lu 0.01564
15:15:11 Epoch 188 Test Acc: 95.22
15:15:13 Epoch 188  EMA Test Acc: 95.13
Loss   1.34 Loss_Lx   1.27 Loss_Lu 0.01431
15:16:57 Epoch 189 Test Acc: 95.27
15:17:00 Epoch 189  EMA Test Acc: 95.42
Loss   1.43 Loss_Lx   1.35 Loss_Lu 0.01514
15:18:44 Epoch 190 Test Acc: 95.15
15:18:47 Epoch 190  EMA Test Acc: 95.63
Loss   1.50 Loss_Lx   1.41 Loss_Lu 0.01655
15:20:31 Epoch 191 Test Acc: 95.33
15:20:34 Epoch 191  EMA Test Acc: 95.45
Loss   1.43 Loss_Lx   1.35 Loss_Lu 0.01497
15:22:18 Epoch 192 Test Acc: 95.47
15:22:21 Epoch 192  EMA Test Acc: 95.63
Loss   1.46 Loss_Lx   1.38 Loss_Lu 0.01548
15:24:05 Epoch 193 Test Acc: 95.28
15:24:08 Epoch 193  EMA Test Acc: 95.45
Loss   1.41 Loss_Lx   1.34 Loss_Lu 0.01482
15:25:57 Epoch 194 Test Acc: 95.49
15:25:59 Epoch 194  EMA Test Acc: 95.55
Loss   1.46 Loss_Lx   1.38 Loss_Lu 0.01555
15:27:43 Epoch 195 Test Acc: 95.31
15:27:46 Epoch 195  EMA Test Acc: 95.51
Loss   1.42 Loss_Lx   1.34 Loss_Lu 0.01459
15:29:30 Epoch 196 Test Acc: 95.48
15:29:32 Epoch 196  EMA Test Acc: 95.41
Loss   1.48 Loss_Lx   1.40 Loss_Lu 0.01557
15:31:16 Epoch 197 Test Acc: 95.47
15:31:18 Epoch 197  EMA Test Acc: 95.47
Loss   1.40 Loss_Lx   1.33 Loss_Lu 0.01482
15:33:02 Epoch 198 Test Acc: 95.1
15:33:05 Epoch 198  EMA Test Acc: 95.48
Loss   1.41 Loss_Lx   1.33 Loss_Lu 0.01446
15:34:48 Epoch 199 Test Acc: 95.57
15:34:51 Epoch 199  EMA Test Acc: 95.54
Loss   1.41 Loss_Lx   1.33 Loss_Lu 0.01482
15:36:35 Epoch 200 Test Acc: 95.47
15:36:37 Epoch 200  EMA Test Acc: 95.55
Loss   1.36 Loss_Lx   1.29 Loss_Lu 0.01400
15:38:21 Epoch 201 Test Acc: 95.58
15:38:23 Epoch 201  EMA Test Acc: 95.71
Loss   1.39 Loss_Lx   1.32 Loss_Lu 0.01441
15:40:07 Epoch 202 Test Acc: 95.4
15:40:10 Epoch 202  EMA Test Acc: 95.46
Loss   1.43 Loss_Lx   1.36 Loss_Lu 0.01451
15:41:54 Epoch 203 Test Acc: 95.45
15:41:56 Epoch 203  EMA Test Acc: 95.52
Loss   1.37 Loss_Lx   1.30 Loss_Lu 0.01386
15:43:40 Epoch 204 Test Acc: 95.65
15:43:43 Epoch 204  EMA Test Acc: 95.29
Loss   1.43 Loss_Lx   1.36 Loss_Lu 0.01458
15:45:27 Epoch 205 Test Acc: 95.46
15:45:29 Epoch 205  EMA Test Acc: 95.46
Loss   1.36 Loss_Lx   1.30 Loss_Lu 0.01329
15:47:13 Epoch 206 Test Acc: 95.63
15:47:16 Epoch 206  EMA Test Acc: 95.68
Loss   1.41 Loss_Lx   1.33 Loss_Lu 0.01423
15:49:00 Epoch 207 Test Acc: 95.86
15:49:02 Epoch 207  EMA Test Acc: 95.78
Loss   1.44 Loss_Lx   1.37 Loss_Lu 0.01422
15:50:46 Epoch 208 Test Acc: 95.73
15:50:49 Epoch 208  EMA Test Acc: 95.64
Loss   1.42 Loss_Lx   1.35 Loss_Lu 0.01422
15:52:33 Epoch 209 Test Acc: 95.56
15:52:35 Epoch 209  EMA Test Acc: 95.8
Loss   1.42 Loss_Lx   1.35 Loss_Lu 0.01432
15:54:19 Epoch 210 Test Acc: 95.55
15:54:22 Epoch 210  EMA Test Acc: 95.79
Loss   1.33 Loss_Lx   1.27 Loss_Lu 0.01333
15:56:05 Epoch 211 Test Acc: 95.64
15:56:08 Epoch 211  EMA Test Acc: 95.75
Loss   1.38 Loss_Lx   1.32 Loss_Lu 0.01343
15:57:52 Epoch 212 Test Acc: 95.77
15:57:54 Epoch 212  EMA Test Acc: 95.67
Loss   1.45 Loss_Lx   1.38 Loss_Lu 0.01421
15:59:38 Epoch 213 Test Acc: 95.74
15:59:41 Epoch 213  EMA Test Acc: 95.88
Loss   1.37 Loss_Lx   1.30 Loss_Lu 0.01327
16:01:24 Epoch 214 Test Acc: 95.41
16:01:27 Epoch 214  EMA Test Acc: 95.59
Loss   1.37 Loss_Lx   1.30 Loss_Lu 0.01331
16:03:12 Epoch 215 Test Acc: 95.56
16:03:14 Epoch 215  EMA Test Acc: 95.57
Loss   1.38 Loss_Lx   1.31 Loss_Lu 0.01330
16:05:00 Epoch 216 Test Acc: 95.6
16:05:02 Epoch 216  EMA Test Acc: 95.68
Loss   1.37 Loss_Lx   1.30 Loss_Lu 0.01325
16:06:47 Epoch 217 Test Acc: 95.76
16:06:50 Epoch 217  EMA Test Acc: 95.57
Loss   1.36 Loss_Lx   1.29 Loss_Lu 0.01334
16:08:35 Epoch 218 Test Acc: 95.33
16:08:38 Epoch 218  EMA Test Acc: 95.69
Loss   1.40 Loss_Lx   1.33 Loss_Lu 0.01367
16:10:23 Epoch 219 Test Acc: 95.89
16:10:26 Epoch 219  EMA Test Acc: 95.71
Loss   1.36 Loss_Lx   1.30 Loss_Lu 0.01298
16:12:12 Epoch 220 Test Acc: 95.6
16:12:15 Epoch 220  EMA Test Acc: 95.8
Loss   1.36 Loss_Lx   1.30 Loss_Lu 0.01309
16:14:00 Epoch 221 Test Acc: 95.77
16:14:02 Epoch 221  EMA Test Acc: 95.54
Loss   1.37 Loss_Lx   1.31 Loss_Lu 0.01332
16:15:47 Epoch 222 Test Acc: 95.42
16:15:50 Epoch 222  EMA Test Acc: 95.46
Loss   1.35 Loss_Lx   1.29 Loss_Lu 0.01290
16:17:35 Epoch 223 Test Acc: 95.41
16:17:38 Epoch 223  EMA Test Acc: 95.55
Loss   1.36 Loss_Lx   1.29 Loss_Lu 0.01309
16:19:24 Epoch 224 Test Acc: 95.46
16:19:26 Epoch 224  EMA Test Acc: 95.65
Loss   1.34 Loss_Lx   1.28 Loss_Lu 0.01254
16:21:11 Epoch 225 Test Acc: 95.75
16:21:14 Epoch 225  EMA Test Acc: 95.74
Loss   1.30 Loss_Lx   1.24 Loss_Lu 0.01226
16:22:59 Epoch 226 Test Acc: 95.63
16:23:01 Epoch 226  EMA Test Acc: 95.74
Loss   1.33 Loss_Lx   1.27 Loss_Lu 0.01202
16:24:47 Epoch 227 Test Acc: 95.65
16:24:49 Epoch 227  EMA Test Acc: 95.73
Loss   1.33 Loss_Lx   1.26 Loss_Lu 0.01225
16:26:35 Epoch 228 Test Acc: 95.89
16:26:37 Epoch 228  EMA Test Acc: 95.74
Loss   1.37 Loss_Lx   1.31 Loss_Lu 0.01323
16:28:22 Epoch 229 Test Acc: 95.71
16:28:25 Epoch 229  EMA Test Acc: 95.81
Loss   1.34 Loss_Lx   1.28 Loss_Lu 0.01254
16:30:09 Epoch 230 Test Acc: 95.69
16:30:12 Epoch 230  EMA Test Acc: 95.62
Loss   1.40 Loss_Lx   1.33 Loss_Lu 0.01321
16:31:57 Epoch 231 Test Acc: 95.74
16:32:00 Epoch 231  EMA Test Acc: 95.78
Loss   1.37 Loss_Lx   1.31 Loss_Lu 0.01270
16:33:45 Epoch 232 Test Acc: 95.72
16:33:48 Epoch 232  EMA Test Acc: 95.63
Loss   1.29 Loss_Lx   1.23 Loss_Lu 0.01138
16:35:32 Epoch 233 Test Acc: 95.82
16:35:35 Epoch 233  EMA Test Acc: 95.74
Loss   1.31 Loss_Lx   1.25 Loss_Lu 0.01202
16:37:20 Epoch 234 Test Acc: 95.81
16:37:23 Epoch 234  EMA Test Acc: 95.85
Loss   1.33 Loss_Lx   1.26 Loss_Lu 0.01241
16:39:07 Epoch 235 Test Acc: 95.85
16:39:10 Epoch 235  EMA Test Acc: 95.94
Loss   1.31 Loss_Lx   1.25 Loss_Lu 0.01231
16:40:57 Epoch 236 Test Acc: 95.84
16:41:00 Epoch 236  EMA Test Acc: 95.86
Loss   1.37 Loss_Lx   1.30 Loss_Lu 0.01270
16:42:43 Epoch 237 Test Acc: 95.86
16:42:46 Epoch 237  EMA Test Acc: 95.75
Loss   1.39 Loss_Lx   1.32 Loss_Lu 0.01322
16:44:30 Epoch 238 Test Acc: 95.75
16:44:33 Epoch 238  EMA Test Acc: 95.71
Loss   1.30 Loss_Lx   1.24 Loss_Lu 0.01224
16:46:18 Epoch 239 Test Acc: 95.72
16:46:21 Epoch 239  EMA Test Acc: 95.67
Loss   1.33 Loss_Lx   1.27 Loss_Lu 0.01167
16:48:06 Epoch 240 Test Acc: 95.76
16:48:09 Epoch 240  EMA Test Acc: 95.86
Loss   1.33 Loss_Lx   1.27 Loss_Lu 0.01189
16:49:53 Epoch 241 Test Acc: 95.73
16:49:56 Epoch 241  EMA Test Acc: 95.71
Loss   1.29 Loss_Lx   1.23 Loss_Lu 0.01166
16:51:41 Epoch 242 Test Acc: 95.83
16:51:43 Epoch 242  EMA Test Acc: 95.79
Loss   1.32 Loss_Lx   1.27 Loss_Lu 0.01182
16:53:29 Epoch 243 Test Acc: 95.7
16:53:32 Epoch 243  EMA Test Acc: 95.79
Loss   1.33 Loss_Lx   1.27 Loss_Lu 0.01195
16:55:19 Epoch 244 Test Acc: 95.83
16:55:22 Epoch 244  EMA Test Acc: 95.79
Loss   1.39 Loss_Lx   1.33 Loss_Lu 0.01276
16:57:07 Epoch 245 Test Acc: 95.87
16:57:09 Epoch 245  EMA Test Acc: 95.87
Loss   1.33 Loss_Lx   1.27 Loss_Lu 0.01215
16:58:57 Epoch 246 Test Acc: 95.94
16:59:00 Epoch 246  EMA Test Acc: 95.73
Loss   1.36 Loss_Lx   1.30 Loss_Lu 0.01240
17:00:45 Epoch 247 Test Acc: 95.82
17:00:48 Epoch 247  EMA Test Acc: 95.79
Loss   1.24 Loss_Lx   1.19 Loss_Lu 0.01122
17:02:33 Epoch 248 Test Acc: 95.91
17:02:35 Epoch 248  EMA Test Acc: 95.85
Loss   1.32 Loss_Lx   1.26 Loss_Lu 0.01187
17:04:22 Epoch 249 Test Acc: 95.82
17:04:25 Epoch 249  EMA Test Acc: 95.74
Loss   1.33 Loss_Lx   1.27 Loss_Lu 0.01257
17:06:12 Epoch 250 Test Acc: 95.82
17:06:15 Epoch 250  EMA Test Acc: 95.83
Loss   1.34 Loss_Lx   1.28 Loss_Lu 0.01200
17:08:04 Epoch 251 Test Acc: 95.91
17:08:07 Epoch 251  EMA Test Acc: 95.76
Loss   1.23 Loss_Lx   1.18 Loss_Lu 0.01046
17:09:52 Epoch 252 Test Acc: 95.82
17:09:55 Epoch 252  EMA Test Acc: 95.84
Loss   1.30 Loss_Lx   1.24 Loss_Lu 0.01167
17:11:42 Epoch 253 Test Acc: 95.87
17:11:45 Epoch 253  EMA Test Acc: 95.87
Loss   1.31 Loss_Lx   1.25 Loss_Lu 0.01172
17:13:30 Epoch 254 Test Acc: 95.72
17:13:32 Epoch 254  EMA Test Acc: 95.71
Loss   1.33 Loss_Lx   1.27 Loss_Lu 0.01199
17:15:17 Epoch 255 Test Acc: 95.94
17:15:20 Epoch 255  EMA Test Acc: 95.82
Loss   1.28 Loss_Lx   1.22 Loss_Lu 0.01128
17:17:03 Epoch 256 Test Acc: 95.83
17:17:06 Epoch 256  EMA Test Acc: 95.99
Loss   1.29 Loss_Lx   1.23 Loss_Lu 0.01119
17:18:59 Epoch 257 Test Acc: 95.73
17:19:02 Epoch 257  EMA Test Acc: 95.77
Loss   1.33 Loss_Lx   1.27 Loss_Lu 0.01180
17:21:00 Epoch 258 Test Acc: 95.87
17:21:02 Epoch 258  EMA Test Acc: 95.85
Loss   1.31 Loss_Lx   1.25 Loss_Lu 0.01194
17:22:56 Epoch 259 Test Acc: 95.86
17:22:59 Epoch 259  EMA Test Acc: 95.85
Loss   1.33 Loss_Lx   1.27 Loss_Lu 0.01187
17:24:44 Epoch 260 Test Acc: 95.89
17:24:47 Epoch 260  EMA Test Acc: 95.8
Loss   1.36 Loss_Lx   1.30 Loss_Lu 0.01220
17:26:32 Epoch 261 Test Acc: 96.01
17:26:35 Epoch 261  EMA Test Acc: 95.89
Loss   1.31 Loss_Lx   1.25 Loss_Lu 0.01176
17:28:20 Epoch 262 Test Acc: 95.86
17:28:23 Epoch 262  EMA Test Acc: 95.79
Loss   1.35 Loss_Lx   1.29 Loss_Lu 0.01210
17:30:07 Epoch 263 Test Acc: 95.94
17:30:10 Epoch 263  EMA Test Acc: 95.87
Loss   1.36 Loss_Lx   1.30 Loss_Lu 0.01219
17:31:55 Epoch 264 Test Acc: 95.77
17:31:58 Epoch 264  EMA Test Acc: 95.97
Loss   1.34 Loss_Lx   1.28 Loss_Lu 0.01222
17:33:43 Epoch 265 Test Acc: 95.87
17:33:46 Epoch 265  EMA Test Acc: 95.74
Loss   1.32 Loss_Lx   1.26 Loss_Lu 0.01191
17:35:31 Epoch 266 Test Acc: 95.83
17:35:34 Epoch 266  EMA Test Acc: 95.79
Loss   1.34 Loss_Lx   1.28 Loss_Lu 0.01193
17:37:19 Epoch 267 Test Acc: 95.96
17:37:21 Epoch 267  EMA Test Acc: 96.04
Loss   1.28 Loss_Lx   1.22 Loss_Lu 0.01106
17:39:06 Epoch 268 Test Acc: 95.93
17:39:09 Epoch 268  EMA Test Acc: 96.06
Loss   1.37 Loss_Lx   1.31 Loss_Lu 0.01241
17:40:54 Epoch 269 Test Acc: 95.89
17:40:56 Epoch 269  EMA Test Acc: 95.85
Loss   1.37 Loss_Lx   1.30 Loss_Lu 0.01225
17:42:41 Epoch 270 Test Acc: 95.86
17:42:44 Epoch 270  EMA Test Acc: 95.92
Loss   1.34 Loss_Lx   1.28 Loss_Lu 0.01208
17:44:29 Epoch 271 Test Acc: 95.73
17:44:31 Epoch 271  EMA Test Acc: 95.74
Loss   1.36 Loss_Lx   1.30 Loss_Lu 0.01221
17:46:17 Epoch 272 Test Acc: 95.81
17:46:19 Epoch 272  EMA Test Acc: 95.88
Loss   1.39 Loss_Lx   1.32 Loss_Lu 0.01251
17:48:04 Epoch 273 Test Acc: 96.12
17:48:07 Epoch 273  EMA Test Acc: 95.96
Loss   1.35 Loss_Lx   1.29 Loss_Lu 0.01212
17:49:51 Epoch 274 Test Acc: 95.87
17:49:54 Epoch 274  EMA Test Acc: 95.86
Loss   1.28 Loss_Lx   1.23 Loss_Lu 0.01123
17:51:38 Epoch 275 Test Acc: 95.94
17:51:41 Epoch 275  EMA Test Acc: 95.92
Loss   1.31 Loss_Lx   1.26 Loss_Lu 0.01161
17:53:27 Epoch 276 Test Acc: 95.97
17:53:30 Epoch 276  EMA Test Acc: 96.0
Loss   1.30 Loss_Lx   1.24 Loss_Lu 0.01169
17:55:21 Epoch 277 Test Acc: 96.12
17:55:24 Epoch 277  EMA Test Acc: 95.96
Loss   1.37 Loss_Lx   1.30 Loss_Lu 0.01209
17:57:20 Epoch 278 Test Acc: 96.01
17:57:23 Epoch 278  EMA Test Acc: 95.93
Loss   1.28 Loss_Lx   1.22 Loss_Lu 0.01144
17:59:08 Epoch 279 Test Acc: 95.9
17:59:10 Epoch 279  EMA Test Acc: 95.99
Loss   1.27 Loss_Lx   1.22 Loss_Lu 0.01123
18:00:55 Epoch 280 Test Acc: 95.92
18:00:58 Epoch 280  EMA Test Acc: 95.95
Loss   1.34 Loss_Lx   1.28 Loss_Lu 0.01171
18:02:43 Epoch 281 Test Acc: 96.09
18:02:45 Epoch 281  EMA Test Acc: 96.0
Loss   1.33 Loss_Lx   1.27 Loss_Lu 0.01184
18:04:30 Epoch 282 Test Acc: 96.04
18:04:33 Epoch 282  EMA Test Acc: 95.92
Loss   1.36 Loss_Lx   1.30 Loss_Lu 0.01213
18:06:18 Epoch 283 Test Acc: 95.9
18:06:21 Epoch 283  EMA Test Acc: 95.91
Loss   1.32 Loss_Lx   1.26 Loss_Lu 0.01186
18:08:06 Epoch 284 Test Acc: 95.98
18:08:09 Epoch 284  EMA Test Acc: 96.03
Loss   1.34 Loss_Lx   1.28 Loss_Lu 0.01163
18:09:54 Epoch 285 Test Acc: 95.71
18:09:57 Epoch 285  EMA Test Acc: 95.92
Loss   1.30 Loss_Lx   1.25 Loss_Lu 0.01154
18:11:41 Epoch 286 Test Acc: 96.0
18:11:44 Epoch 286  EMA Test Acc: 96.03
Loss   1.34 Loss_Lx   1.28 Loss_Lu 0.01221
18:13:29 Epoch 287 Test Acc: 95.85
18:13:31 Epoch 287  EMA Test Acc: 95.91
Loss   1.30 Loss_Lx   1.25 Loss_Lu 0.01143
18:15:16 Epoch 288 Test Acc: 95.92
18:15:19 Epoch 288  EMA Test Acc: 95.81
Loss   1.30 Loss_Lx   1.25 Loss_Lu 0.01159
18:17:03 Epoch 289 Test Acc: 95.98
18:17:06 Epoch 289  EMA Test Acc: 95.87
Loss   1.33 Loss_Lx   1.27 Loss_Lu 0.01161
18:18:51 Epoch 290 Test Acc: 96.01
18:18:53 Epoch 290  EMA Test Acc: 95.99
Loss   1.33 Loss_Lx   1.27 Loss_Lu 0.01164
18:20:38 Epoch 291 Test Acc: 95.85
18:20:41 Epoch 291  EMA Test Acc: 95.82
Loss   1.31 Loss_Lx   1.26 Loss_Lu 0.01150
18:22:26 Epoch 292 Test Acc: 95.97
18:22:29 Epoch 292  EMA Test Acc: 96.07
Loss   1.31 Loss_Lx   1.25 Loss_Lu 0.01172
18:24:14 Epoch 293 Test Acc: 95.96
18:24:16 Epoch 293  EMA Test Acc: 95.91
Loss   1.35 Loss_Lx   1.29 Loss_Lu 0.01189
18:26:02 Epoch 294 Test Acc: 96.04
18:26:04 Epoch 294  EMA Test Acc: 96.04
Loss   1.32 Loss_Lx   1.27 Loss_Lu 0.01140
18:27:49 Epoch 295 Test Acc: 96.02
18:27:51 Epoch 295  EMA Test Acc: 95.91
Loss   1.31 Loss_Lx   1.25 Loss_Lu 0.01139
18:29:36 Epoch 296 Test Acc: 96.01
18:29:39 Epoch 296  EMA Test Acc: 96.04
Loss   1.33 Loss_Lx   1.27 Loss_Lu 0.01167
18:31:27 Epoch 297 Test Acc: 95.99
18:31:30 Epoch 297  EMA Test Acc: 96.02
Loss   1.35 Loss_Lx   1.29 Loss_Lu 0.01211
18:33:14 Epoch 298 Test Acc: 95.9
18:33:17 Epoch 298  EMA Test Acc: 95.97
Loss   1.26 Loss_Lx   1.21 Loss_Lu 0.01088
18:35:03 Epoch 299 Test Acc: 95.92
18:35:06 Epoch 299  EMA Test Acc: 95.99
18:35:06 Best Test Acc: 96.12305450439453
