Sun Jul 10 09:44:59 2022       
+-----------------------------------------------------------------------------+
| NVIDIA-SMI 515.48.07    Driver Version: 515.48.07    CUDA Version: 11.7     |
|-------------------------------+----------------------+----------------------+
| GPU  Name        Persistence-M| Bus-Id        Disp.A | Volatile Uncorr. ECC |
| Fan  Temp  Perf  Pwr:Usage/Cap|         Memory-Usage | GPU-Util  Compute M. |
|                               |                      |               MIG M. |
|===============================+======================+======================|
|   0  NVIDIA A100-SXM...  Off  | 00000000:39:00.0 Off |                    0 |
| N/A   47C    P0    76W / 400W |   1920MiB / 81920MiB |      0%      Default |
|                               |                      |             Disabled |
+-------------------------------+----------------------+----------------------+
|   1  NVIDIA A100-SXM...  Off  | 00000000:3E:00.0 Off |                    0 |
| N/A   58C    P0   237W / 400W |   7905MiB / 81920MiB |    100%      Default |
|                               |                      |             Disabled |
+-------------------------------+----------------------+----------------------+
|   2  NVIDIA A100-SXM...  Off  | 00000000:4D:00.0 Off |                    0 |
| N/A   32C    P0    67W / 400W |      7MiB / 81920MiB |      0%      Default |
|                               |                      |             Disabled |
+-------------------------------+----------------------+----------------------+
|   3  NVIDIA A100-SXM...  Off  | 00000000:53:00.0 Off |                    0 |
| N/A   65C    P0   269W / 400W |   7815MiB / 81920MiB |     99%      Default |
|                               |                      |             Disabled |
+-------------------------------+----------------------+----------------------+
|   4  NVIDIA A100-SXM...  Off  | 00000000:8A:00.0 Off |                    0 |
| N/A   36C    P0    69W / 400W |      7MiB / 81920MiB |      0%      Default |
|                               |                      |             Disabled |
+-------------------------------+----------------------+----------------------+
|   5  NVIDIA A100-SXM...  Off  | 00000000:8E:00.0 Off |                    0 |
| N/A   32C    P0    64W / 400W |      7MiB / 81920MiB |      0%      Default |
|                               |                      |             Disabled |
+-------------------------------+----------------------+----------------------+
|   6  NVIDIA A100-SXM...  Off  | 00000000:A8:00.0 Off |                    0 |
| N/A   31C    P0    68W / 400W |      7MiB / 81920MiB |      0%      Default |
|                               |                      |             Disabled |
+-------------------------------+----------------------+----------------------+
|   7  NVIDIA A100-SXM...  Off  | 00000000:AB:00.0 Off |                    0 |
| N/A   34C    P0    65W / 400W |      7MiB / 81920MiB |      0%      Default |
|                               |                      |             Disabled |
+-------------------------------+----------------------+----------------------+
                                                                               
+-----------------------------------------------------------------------------+
| Processes:                                                                  |
|  GPU   GI   CI        PID   Type   Process name                  GPU Memory |
|        ID   ID                                                   Usage      |
|=============================================================================|
|    0   N/A  N/A      3443      G   /usr/lib/xorg/Xorg                  4MiB |
|    0   N/A  N/A   3018211      C   ...a/envs/hy39/bin/python3.9     1913MiB |
|    1   N/A  N/A      3443      G   /usr/lib/xorg/Xorg                  4MiB |
|    1   N/A  N/A    484228      C   python                           5733MiB |
|    1   N/A  N/A   2879116      C   python                           2165MiB |
|    2   N/A  N/A      3443      G   /usr/lib/xorg/Xorg                  4MiB |
|    3   N/A  N/A      3443      G   /usr/lib/xorg/Xorg                  4MiB |
|    3   N/A  N/A    484230      C   python                           5733MiB |
|    3   N/A  N/A   1254267      C   python                           2075MiB |
|    4   N/A  N/A      3443      G   /usr/lib/xorg/Xorg                  4MiB |
|    5   N/A  N/A      3443      G   /usr/lib/xorg/Xorg                  4MiB |
|    6   N/A  N/A      3443      G   /usr/lib/xorg/Xorg                  4MiB |
|    7   N/A  N/A      3443      G   /usr/lib/xorg/Xorg                  4MiB |
+-----------------------------------------------------------------------------+
Namespace(PES_lr=0.0001, T=0.5, T1=0, T2=5, alpha=4, batch_size=128, data_path='./data', data_percent=1, dataset='CIFAR10', ema=0.997, lambda_u=0, lr=0.02, noise_type='aggre_label', num_epochs=300, optim='cos', seed=1, weight_decay=0.0005)
Files already downloaded and verified
Files already downloaded and verified
Train Epoch: [0][  0/390]	Time   0.10	Data   0.00	Loss   3.85	Acc@1  30.11
09:45:57 Epoch 0 Test Acc: 41.74
09:45:59 Epoch 0  EMA Test Acc: 10.74
Train Epoch: [1][  0/390]	Time   0.10	Data   0.00	Loss   2.97	Acc@1  47.58
09:46:42 Epoch 1 Test Acc: 53.25
09:46:44 Epoch 1  EMA Test Acc: 27.59
Train Epoch: [2][  0/390]	Time   0.10	Data   0.00	Loss   2.48	Acc@1  57.57
09:47:26 Epoch 2 Test Acc: 67.67
09:47:29 Epoch 2  EMA Test Acc: 52.3
Train Epoch: [3][  0/390]	Time   0.10	Data   0.00	Loss   2.17	Acc@1  64.03
09:48:11 Epoch 3 Test Acc: 73.51
09:48:14 Epoch 3  EMA Test Acc: 67.71
Train Epoch: [4][  0/390]	Time   0.10	Data   0.00	Loss   1.97	Acc@1  67.76
09:48:56 Epoch 4 Test Acc: 71.68
09:48:58 Epoch 4  EMA Test Acc: 76.67
Train Epoch: [5][  0/390]	Time   0.10	Data   0.00	Loss   1.85	Acc@1  69.96
09:49:41 Epoch 5 Test Acc: 76.75
09:49:43 Epoch 5  EMA Test Acc: 71.25
Train Epoch: [6][  0/390]	Time   0.10	Data   0.00	Loss   1.74	Acc@1  72.18
09:50:25 Epoch 6 Test Acc: 79.04
09:50:28 Epoch 6  EMA Test Acc: 79.34
Train Epoch: [7][  0/390]	Time   0.10	Data   0.00	Loss   1.66	Acc@1  73.71
09:51:10 Epoch 7 Test Acc: 80.29
09:51:13 Epoch 7  EMA Test Acc: 80.95
Train Epoch: [8][  0/390]	Time   0.10	Data   0.00	Loss   1.59	Acc@1  74.80
09:51:55 Epoch 8 Test Acc: 80.56
09:51:57 Epoch 8  EMA Test Acc: 74.06
Train Epoch: [9][  0/390]	Time   0.10	Data   0.00	Loss   1.53	Acc@1  75.94
09:52:39 Epoch 9 Test Acc: 84.0
09:52:42 Epoch 9  EMA Test Acc: 83.07
Train Epoch: [10][  0/390]	Time   0.10	Data   0.00	Loss   1.50	Acc@1  76.49
09:53:24 Epoch 10 Test Acc: 83.4
09:53:27 Epoch 10  EMA Test Acc: 82.04
Train Epoch: [11][  0/390]	Time   0.10	Data   0.00	Loss   1.45	Acc@1  77.35
09:54:09 Epoch 11 Test Acc: 83.32
09:54:11 Epoch 11  EMA Test Acc: 85.11
Train Epoch: [12][  0/390]	Time   0.10	Data   0.00	Loss   1.41	Acc@1  78.32
09:54:53 Epoch 12 Test Acc: 83.61
09:54:56 Epoch 12  EMA Test Acc: 84.98
Train Epoch: [13][  0/390]	Time   0.10	Data   0.00	Loss   1.37	Acc@1  78.77
09:55:38 Epoch 13 Test Acc: 80.01
09:55:41 Epoch 13  EMA Test Acc: 84.61
Train Epoch: [14][  0/390]	Time   0.10	Data   0.00	Loss   1.35	Acc@1  79.13
09:56:23 Epoch 14 Test Acc: 83.54
09:56:25 Epoch 14  EMA Test Acc: 82.78
Train Epoch: [15][  0/390]	Time   0.10	Data   0.00	Loss   1.31	Acc@1  79.97
09:57:07 Epoch 15 Test Acc: 84.15
09:57:10 Epoch 15  EMA Test Acc: 85.33
Train Epoch: [16][  0/390]	Time   0.10	Data   0.00	Loss   1.30	Acc@1  80.15
09:57:52 Epoch 16 Test Acc: 83.25
09:57:55 Epoch 16  EMA Test Acc: 87.78
Train Epoch: [17][  0/390]	Time   0.10	Data   0.00	Loss   1.27	Acc@1  80.51
09:58:37 Epoch 17 Test Acc: 86.5
09:58:39 Epoch 17  EMA Test Acc: 85.65
Train Epoch: [18][  0/390]	Time   0.10	Data   0.00	Loss   1.26	Acc@1  80.97
09:59:21 Epoch 18 Test Acc: 86.16
09:59:24 Epoch 18  EMA Test Acc: 88.84
Train Epoch: [19][  0/390]	Time   0.10	Data   0.00	Loss   1.23	Acc@1  81.10
10:00:06 Epoch 19 Test Acc: 87.35
10:00:09 Epoch 19  EMA Test Acc: 89.03
re-initalize the final layer
Train Epoch: [0][  0/390]	Time   0.05	Data   0.00	Loss   2.36	Acc@1  80.12
10:00:30 Epoch 0 Test Acc: 88.69
Train Epoch: [1][  0/390]	Time   0.05	Data   0.00	Loss   1.47	Acc@1  82.77
10:00:51 Epoch 1 Test Acc: 88.71
Train Epoch: [2][  0/390]	Time   0.05	Data   0.00	Loss   1.28	Acc@1  82.73
10:01:12 Epoch 2 Test Acc: 88.88
Train Epoch: [3][  0/390]	Time   0.05	Data   0.00	Loss   1.22	Acc@1  82.68
10:01:33 Epoch 3 Test Acc: 88.86
Train Epoch: [4][  0/390]	Time   0.05	Data   0.00	Loss   1.18	Acc@1  82.74
10:01:53 Epoch 4 Test Acc: 89.08
Loss   2.98 Loss_Lx   2.97 Loss_Lu 0.04136
10:03:37 Epoch 20 Test Acc: 85.47
10:03:40 Epoch 20  EMA Test Acc: 62.6
Loss   2.88 Loss_Lx   2.86 Loss_Lu 0.03885
10:05:24 Epoch 21 Test Acc: 87.67
10:05:26 Epoch 21  EMA Test Acc: 68.3
Loss   2.80 Loss_Lx   2.77 Loss_Lu 0.03949
10:07:11 Epoch 22 Test Acc: 88.91
10:07:13 Epoch 22  EMA Test Acc: 70.59
Loss   2.80 Loss_Lx   2.76 Loss_Lu 0.03859
10:08:57 Epoch 23 Test Acc: 86.46
10:09:00 Epoch 23  EMA Test Acc: 80.27
Loss   2.77 Loss_Lx   2.72 Loss_Lu 0.03628
10:10:44 Epoch 24 Test Acc: 88.41
10:10:47 Epoch 24  EMA Test Acc: 85.71
Loss   2.75 Loss_Lx   2.69 Loss_Lu 0.03701
10:12:31 Epoch 25 Test Acc: 86.61
10:12:34 Epoch 25  EMA Test Acc: 74.96
Loss   2.78 Loss_Lx   2.71 Loss_Lu 0.03576
10:14:18 Epoch 26 Test Acc: 89.19
10:14:20 Epoch 26  EMA Test Acc: 83.52
Loss   2.76 Loss_Lx   2.67 Loss_Lu 0.03544
10:16:04 Epoch 27 Test Acc: 88.46
10:16:07 Epoch 27  EMA Test Acc: 85.41
Loss   2.77 Loss_Lx   2.67 Loss_Lu 0.03525
10:17:51 Epoch 28 Test Acc: 87.18
10:17:54 Epoch 28  EMA Test Acc: 83.39
Loss   2.76 Loss_Lx   2.65 Loss_Lu 0.03506
10:19:38 Epoch 29 Test Acc: 89.71
10:19:41 Epoch 29  EMA Test Acc: 87.97
Loss   2.75 Loss_Lx   2.64 Loss_Lu 0.03610
10:21:25 Epoch 30 Test Acc: 88.35
10:21:28 Epoch 30  EMA Test Acc: 86.62
Loss   2.74 Loss_Lx   2.62 Loss_Lu 0.03455
10:23:12 Epoch 31 Test Acc: 89.53
10:23:15 Epoch 31  EMA Test Acc: 90.01
Loss   2.73 Loss_Lx   2.60 Loss_Lu 0.03383
10:24:59 Epoch 32 Test Acc: 89.0
10:25:01 Epoch 32  EMA Test Acc: 88.32
Loss   2.76 Loss_Lx   2.61 Loss_Lu 0.03480
10:26:46 Epoch 33 Test Acc: 88.84
10:26:48 Epoch 33  EMA Test Acc: 82.94
Loss   2.70 Loss_Lx   2.55 Loss_Lu 0.03373
10:28:32 Epoch 34 Test Acc: 89.25
10:28:35 Epoch 34  EMA Test Acc: 88.12
Loss   2.74 Loss_Lx   2.58 Loss_Lu 0.03369
10:30:19 Epoch 35 Test Acc: 88.19
10:30:22 Epoch 35  EMA Test Acc: 90.27
Loss   2.73 Loss_Lx   2.56 Loss_Lu 0.03415
10:32:06 Epoch 36 Test Acc: 88.41
10:32:08 Epoch 36  EMA Test Acc: 90.35
Loss   2.70 Loss_Lx   2.53 Loss_Lu 0.03389
10:33:52 Epoch 37 Test Acc: 89.3
10:33:54 Epoch 37  EMA Test Acc: 88.6
Loss   2.74 Loss_Lx   2.57 Loss_Lu 0.03379
10:35:38 Epoch 38 Test Acc: 90.1
10:35:41 Epoch 38  EMA Test Acc: 89.31
Loss   2.68 Loss_Lx   2.51 Loss_Lu 0.03345
10:37:25 Epoch 39 Test Acc: 90.0
10:37:27 Epoch 39  EMA Test Acc: 89.88
Loss   2.67 Loss_Lx   2.50 Loss_Lu 0.03346
10:39:11 Epoch 40 Test Acc: 89.53
10:39:14 Epoch 40  EMA Test Acc: 90.33
Loss   2.68 Loss_Lx   2.51 Loss_Lu 0.03303
10:40:59 Epoch 41 Test Acc: 89.3
10:41:01 Epoch 41  EMA Test Acc: 85.42
Loss   2.68 Loss_Lx   2.51 Loss_Lu 0.03324
10:42:45 Epoch 42 Test Acc: 88.91
10:42:48 Epoch 42  EMA Test Acc: 90.73
Loss   2.65 Loss_Lx   2.48 Loss_Lu 0.03374
10:44:32 Epoch 43 Test Acc: 89.48
10:44:35 Epoch 43  EMA Test Acc: 91.01
Loss   2.64 Loss_Lx   2.47 Loss_Lu 0.03333
10:46:19 Epoch 44 Test Acc: 90.09
10:46:22 Epoch 44  EMA Test Acc: 90.94
Loss   2.64 Loss_Lx   2.47 Loss_Lu 0.03349
10:48:06 Epoch 45 Test Acc: 89.59
10:48:09 Epoch 45  EMA Test Acc: 89.86
Loss   2.63 Loss_Lx   2.47 Loss_Lu 0.03307
10:49:53 Epoch 46 Test Acc: 90.26
10:49:56 Epoch 46  EMA Test Acc: 90.14
Loss   2.62 Loss_Lx   2.46 Loss_Lu 0.03285
10:51:40 Epoch 47 Test Acc: 89.55
10:51:43 Epoch 47  EMA Test Acc: 89.27
Loss   2.60 Loss_Lx   2.44 Loss_Lu 0.03245
10:53:27 Epoch 48 Test Acc: 89.29
10:53:29 Epoch 48  EMA Test Acc: 91.17
Loss   2.63 Loss_Lx   2.47 Loss_Lu 0.03278
10:55:14 Epoch 49 Test Acc: 90.97
10:55:16 Epoch 49  EMA Test Acc: 89.31
Loss   2.59 Loss_Lx   2.42 Loss_Lu 0.03282
10:57:00 Epoch 50 Test Acc: 90.66
10:57:03 Epoch 50  EMA Test Acc: 91.61
Loss   2.60 Loss_Lx   2.43 Loss_Lu 0.03277
10:58:47 Epoch 51 Test Acc: 90.98
10:58:50 Epoch 51  EMA Test Acc: 90.3
Loss   2.58 Loss_Lx   2.41 Loss_Lu 0.03334
11:00:34 Epoch 52 Test Acc: 89.49
11:00:37 Epoch 52  EMA Test Acc: 91.24
Loss   2.55 Loss_Lx   2.39 Loss_Lu 0.03267
11:02:21 Epoch 53 Test Acc: 91.31
11:02:23 Epoch 53  EMA Test Acc: 91.02
Loss   2.59 Loss_Lx   2.42 Loss_Lu 0.03300
11:04:08 Epoch 54 Test Acc: 91.58
11:04:10 Epoch 54  EMA Test Acc: 91.17
Loss   2.57 Loss_Lx   2.41 Loss_Lu 0.03288
11:05:54 Epoch 55 Test Acc: 90.74
11:05:56 Epoch 55  EMA Test Acc: 91.63
Loss   2.59 Loss_Lx   2.43 Loss_Lu 0.03280
11:07:41 Epoch 56 Test Acc: 90.61
11:07:43 Epoch 56  EMA Test Acc: 90.35
Loss   2.55 Loss_Lx   2.39 Loss_Lu 0.03221
11:09:27 Epoch 57 Test Acc: 91.11
11:09:30 Epoch 57  EMA Test Acc: 91.42
Loss   2.55 Loss_Lx   2.39 Loss_Lu 0.03310
11:11:14 Epoch 58 Test Acc: 91.49
11:11:17 Epoch 58  EMA Test Acc: 91.77
Loss   2.54 Loss_Lx   2.38 Loss_Lu 0.03262
11:13:01 Epoch 59 Test Acc: 91.19
11:13:04 Epoch 59  EMA Test Acc: 92.47
Loss   2.53 Loss_Lx   2.37 Loss_Lu 0.03250
11:14:48 Epoch 60 Test Acc: 91.42
11:14:50 Epoch 60  EMA Test Acc: 88.66
Loss   2.52 Loss_Lx   2.36 Loss_Lu 0.03274
11:16:34 Epoch 61 Test Acc: 90.59
11:16:37 Epoch 61  EMA Test Acc: 91.7
Loss   2.52 Loss_Lx   2.36 Loss_Lu 0.03217
11:18:21 Epoch 62 Test Acc: 90.63
11:18:23 Epoch 62  EMA Test Acc: 91.86
Loss   2.52 Loss_Lx   2.35 Loss_Lu 0.03233
11:20:07 Epoch 63 Test Acc: 91.46
11:20:09 Epoch 63  EMA Test Acc: 91.99
Loss   2.50 Loss_Lx   2.34 Loss_Lu 0.03214
11:21:53 Epoch 64 Test Acc: 91.66
11:21:56 Epoch 64  EMA Test Acc: 92.67
Loss   2.53 Loss_Lx   2.37 Loss_Lu 0.03264
11:23:39 Epoch 65 Test Acc: 89.75
11:23:42 Epoch 65  EMA Test Acc: 91.26
Loss   2.50 Loss_Lx   2.34 Loss_Lu 0.03227
11:25:26 Epoch 66 Test Acc: 91.14
11:25:29 Epoch 66  EMA Test Acc: 93.01
Loss   2.51 Loss_Lx   2.35 Loss_Lu 0.03208
11:27:12 Epoch 67 Test Acc: 91.87
11:27:15 Epoch 67  EMA Test Acc: 92.6
Loss   2.50 Loss_Lx   2.34 Loss_Lu 0.03189
11:28:59 Epoch 68 Test Acc: 91.89
11:29:01 Epoch 68  EMA Test Acc: 93.03
Loss   2.48 Loss_Lx   2.33 Loss_Lu 0.03196
11:30:46 Epoch 69 Test Acc: 92.13
11:30:48 Epoch 69  EMA Test Acc: 92.17
Loss   2.52 Loss_Lx   2.36 Loss_Lu 0.03267
11:32:32 Epoch 70 Test Acc: 92.05
11:32:35 Epoch 70  EMA Test Acc: 92.13
Loss   2.51 Loss_Lx   2.35 Loss_Lu 0.03260
11:34:18 Epoch 71 Test Acc: 91.47
11:34:21 Epoch 71  EMA Test Acc: 92.27
Loss   2.51 Loss_Lx   2.35 Loss_Lu 0.03199
11:36:05 Epoch 72 Test Acc: 91.99
11:36:08 Epoch 72  EMA Test Acc: 91.79
Loss   2.48 Loss_Lx   2.32 Loss_Lu 0.03212
11:37:51 Epoch 73 Test Acc: 91.53
11:37:54 Epoch 73  EMA Test Acc: 92.36
Loss   2.50 Loss_Lx   2.34 Loss_Lu 0.03242
11:39:38 Epoch 74 Test Acc: 91.75
11:39:40 Epoch 74  EMA Test Acc: 91.88
Loss   2.47 Loss_Lx   2.31 Loss_Lu 0.03214
11:41:24 Epoch 75 Test Acc: 91.79
11:41:26 Epoch 75  EMA Test Acc: 92.63
Loss   2.47 Loss_Lx   2.31 Loss_Lu 0.03191
11:43:10 Epoch 76 Test Acc: 90.13
11:43:13 Epoch 76  EMA Test Acc: 91.82
Loss   2.46 Loss_Lx   2.30 Loss_Lu 0.03226
11:44:57 Epoch 77 Test Acc: 92.7
11:44:59 Epoch 77  EMA Test Acc: 92.21
Loss   2.46 Loss_Lx   2.30 Loss_Lu 0.03225
11:46:43 Epoch 78 Test Acc: 92.24
11:46:45 Epoch 78  EMA Test Acc: 92.0
Loss   2.45 Loss_Lx   2.29 Loss_Lu 0.03236
11:48:29 Epoch 79 Test Acc: 91.77
11:48:32 Epoch 79  EMA Test Acc: 92.04
Loss   2.45 Loss_Lx   2.29 Loss_Lu 0.03207
11:50:16 Epoch 80 Test Acc: 92.56
11:50:18 Epoch 80  EMA Test Acc: 92.15
Loss   2.46 Loss_Lx   2.30 Loss_Lu 0.03176
11:52:02 Epoch 81 Test Acc: 92.66
11:52:05 Epoch 81  EMA Test Acc: 92.96
Loss   2.44 Loss_Lx   2.28 Loss_Lu 0.03194
11:53:49 Epoch 82 Test Acc: 92.9
11:53:52 Epoch 82  EMA Test Acc: 93.64
Loss   2.43 Loss_Lx   2.28 Loss_Lu 0.03154
11:55:35 Epoch 83 Test Acc: 92.65
11:55:38 Epoch 83  EMA Test Acc: 92.99
Loss   2.42 Loss_Lx   2.26 Loss_Lu 0.03198
11:57:22 Epoch 84 Test Acc: 91.88
11:57:25 Epoch 84  EMA Test Acc: 93.63
Loss   2.45 Loss_Lx   2.29 Loss_Lu 0.03202
11:59:09 Epoch 85 Test Acc: 92.67
11:59:12 Epoch 85  EMA Test Acc: 93.59
Loss   2.41 Loss_Lx   2.25 Loss_Lu 0.03168
12:00:55 Epoch 86 Test Acc: 92.42
12:00:58 Epoch 86  EMA Test Acc: 92.86
Loss   2.44 Loss_Lx   2.27 Loss_Lu 0.03216
12:02:42 Epoch 87 Test Acc: 92.56
12:02:45 Epoch 87  EMA Test Acc: 93.16
Loss   2.41 Loss_Lx   2.25 Loss_Lu 0.03156
12:04:29 Epoch 88 Test Acc: 92.45
12:04:32 Epoch 88  EMA Test Acc: 93.21
Loss   2.42 Loss_Lx   2.26 Loss_Lu 0.03193
12:06:16 Epoch 89 Test Acc: 92.93
12:06:19 Epoch 89  EMA Test Acc: 93.2
Loss   2.41 Loss_Lx   2.25 Loss_Lu 0.03178
12:08:03 Epoch 90 Test Acc: 93.0
12:08:06 Epoch 90  EMA Test Acc: 93.02
Loss   2.38 Loss_Lx   2.23 Loss_Lu 0.03185
12:09:50 Epoch 91 Test Acc: 92.51
12:09:52 Epoch 91  EMA Test Acc: 92.12
Loss   2.38 Loss_Lx   2.22 Loss_Lu 0.03230
12:11:37 Epoch 92 Test Acc: 93.02
12:11:39 Epoch 92  EMA Test Acc: 94.07
Loss   2.39 Loss_Lx   2.23 Loss_Lu 0.03216
12:13:23 Epoch 93 Test Acc: 92.49
12:13:26 Epoch 93  EMA Test Acc: 93.03
Loss   2.39 Loss_Lx   2.23 Loss_Lu 0.03179
12:15:10 Epoch 94 Test Acc: 92.31
12:15:13 Epoch 94  EMA Test Acc: 93.48
Loss   2.38 Loss_Lx   2.22 Loss_Lu 0.03171
12:16:57 Epoch 95 Test Acc: 92.99
12:16:59 Epoch 95  EMA Test Acc: 93.11
Loss   2.39 Loss_Lx   2.24 Loss_Lu 0.03141
12:18:44 Epoch 96 Test Acc: 93.02
12:18:47 Epoch 96  EMA Test Acc: 93.48
Loss   2.37 Loss_Lx   2.21 Loss_Lu 0.03153
12:20:30 Epoch 97 Test Acc: 92.29
12:20:33 Epoch 97  EMA Test Acc: 93.13
Loss   2.37 Loss_Lx   2.21 Loss_Lu 0.03161
12:22:17 Epoch 98 Test Acc: 92.65
12:22:19 Epoch 98  EMA Test Acc: 93.1
Loss   2.36 Loss_Lx   2.21 Loss_Lu 0.03151
12:24:03 Epoch 99 Test Acc: 93.29
12:24:06 Epoch 99  EMA Test Acc: 93.61
Loss   2.37 Loss_Lx   2.21 Loss_Lu 0.03200
12:25:50 Epoch 100 Test Acc: 93.24
12:25:53 Epoch 100  EMA Test Acc: 92.99
Loss   2.37 Loss_Lx   2.21 Loss_Lu 0.03220
12:27:37 Epoch 101 Test Acc: 92.95
12:27:39 Epoch 101  EMA Test Acc: 94.19
Loss   2.37 Loss_Lx   2.21 Loss_Lu 0.03178
12:29:24 Epoch 102 Test Acc: 93.26
12:29:27 Epoch 102  EMA Test Acc: 93.44
Loss   2.35 Loss_Lx   2.19 Loss_Lu 0.03172
12:31:11 Epoch 103 Test Acc: 93.16
12:31:14 Epoch 103  EMA Test Acc: 93.1
Loss   2.36 Loss_Lx   2.20 Loss_Lu 0.03204
12:32:58 Epoch 104 Test Acc: 93.12
12:33:01 Epoch 104  EMA Test Acc: 93.54
Loss   2.36 Loss_Lx   2.20 Loss_Lu 0.03108
12:34:44 Epoch 105 Test Acc: 92.94
12:34:47 Epoch 105  EMA Test Acc: 93.76
Loss   2.34 Loss_Lx   2.18 Loss_Lu 0.03134
12:36:31 Epoch 106 Test Acc: 93.62
12:36:34 Epoch 106  EMA Test Acc: 92.51
Loss   2.34 Loss_Lx   2.19 Loss_Lu 0.03061
12:38:18 Epoch 107 Test Acc: 92.73
12:38:21 Epoch 107  EMA Test Acc: 94.0
Loss   2.34 Loss_Lx   2.18 Loss_Lu 0.03127
12:40:05 Epoch 108 Test Acc: 93.63
12:40:08 Epoch 108  EMA Test Acc: 92.87
Loss   2.33 Loss_Lx   2.17 Loss_Lu 0.03181
12:41:51 Epoch 109 Test Acc: 93.41
12:41:54 Epoch 109  EMA Test Acc: 93.96
Loss   2.32 Loss_Lx   2.17 Loss_Lu 0.03103
12:43:38 Epoch 110 Test Acc: 93.23
12:43:40 Epoch 110  EMA Test Acc: 94.04
Loss   2.33 Loss_Lx   2.18 Loss_Lu 0.03097
12:45:24 Epoch 111 Test Acc: 91.8
12:45:27 Epoch 111  EMA Test Acc: 93.67
Loss   2.32 Loss_Lx   2.17 Loss_Lu 0.03150
12:47:11 Epoch 112 Test Acc: 92.91
12:47:13 Epoch 112  EMA Test Acc: 93.82
Loss   2.30 Loss_Lx   2.14 Loss_Lu 0.03125
12:48:58 Epoch 113 Test Acc: 93.54
12:49:00 Epoch 113  EMA Test Acc: 93.99
Loss   2.31 Loss_Lx   2.16 Loss_Lu 0.03127
12:50:44 Epoch 114 Test Acc: 93.7
12:50:47 Epoch 114  EMA Test Acc: 93.85
Loss   2.29 Loss_Lx   2.13 Loss_Lu 0.03097
12:52:31 Epoch 115 Test Acc: 92.72
12:52:33 Epoch 115  EMA Test Acc: 94.45
Loss   2.31 Loss_Lx   2.15 Loss_Lu 0.03116
12:54:17 Epoch 116 Test Acc: 93.68
12:54:20 Epoch 116  EMA Test Acc: 94.0
Loss   2.32 Loss_Lx   2.16 Loss_Lu 0.03067
12:56:04 Epoch 117 Test Acc: 93.73
12:56:07 Epoch 117  EMA Test Acc: 93.22
Loss   2.30 Loss_Lx   2.15 Loss_Lu 0.03100
12:57:51 Epoch 118 Test Acc: 93.62
12:57:54 Epoch 118  EMA Test Acc: 94.06
Loss   2.29 Loss_Lx   2.13 Loss_Lu 0.03106
12:59:38 Epoch 119 Test Acc: 93.96
12:59:41 Epoch 119  EMA Test Acc: 94.09
Loss   2.29 Loss_Lx   2.13 Loss_Lu 0.03087
13:01:25 Epoch 120 Test Acc: 93.61
13:01:27 Epoch 120  EMA Test Acc: 93.62
Loss   2.29 Loss_Lx   2.14 Loss_Lu 0.03106
13:03:11 Epoch 121 Test Acc: 93.58
13:03:14 Epoch 121  EMA Test Acc: 93.51
Loss   2.28 Loss_Lx   2.13 Loss_Lu 0.03093
13:04:58 Epoch 122 Test Acc: 93.62
13:05:01 Epoch 122  EMA Test Acc: 94.32
Loss   2.27 Loss_Lx   2.12 Loss_Lu 0.03110
13:06:44 Epoch 123 Test Acc: 93.32
13:06:47 Epoch 123  EMA Test Acc: 93.74
Loss   2.26 Loss_Lx   2.10 Loss_Lu 0.03037
13:08:31 Epoch 124 Test Acc: 93.6
13:08:33 Epoch 124  EMA Test Acc: 94.17
Loss   2.27 Loss_Lx   2.12 Loss_Lu 0.03071
13:10:17 Epoch 125 Test Acc: 93.05
13:10:19 Epoch 125  EMA Test Acc: 93.48
Loss   2.24 Loss_Lx   2.09 Loss_Lu 0.03056
13:12:04 Epoch 126 Test Acc: 93.6
13:12:06 Epoch 126  EMA Test Acc: 94.36
Loss   2.25 Loss_Lx   2.10 Loss_Lu 0.03050
13:13:50 Epoch 127 Test Acc: 93.25
13:13:52 Epoch 127  EMA Test Acc: 93.63
Loss   2.28 Loss_Lx   2.12 Loss_Lu 0.03124
13:15:36 Epoch 128 Test Acc: 93.15
13:15:39 Epoch 128  EMA Test Acc: 94.33
Loss   2.26 Loss_Lx   2.11 Loss_Lu 0.03045
13:17:22 Epoch 129 Test Acc: 94.19
13:17:25 Epoch 129  EMA Test Acc: 94.23
Loss   2.25 Loss_Lx   2.09 Loss_Lu 0.03069
13:19:09 Epoch 130 Test Acc: 93.65
13:19:12 Epoch 130  EMA Test Acc: 94.45
Loss   2.27 Loss_Lx   2.11 Loss_Lu 0.03084
13:20:56 Epoch 131 Test Acc: 93.83
13:20:59 Epoch 131  EMA Test Acc: 94.01
Loss   2.25 Loss_Lx   2.10 Loss_Lu 0.03059
13:22:43 Epoch 132 Test Acc: 93.81
13:22:46 Epoch 132  EMA Test Acc: 94.4
Loss   2.24 Loss_Lx   2.08 Loss_Lu 0.03056
13:24:29 Epoch 133 Test Acc: 93.93
13:24:32 Epoch 133  EMA Test Acc: 94.39
Loss   2.22 Loss_Lx   2.07 Loss_Lu 0.02969
13:26:16 Epoch 134 Test Acc: 93.69
13:26:19 Epoch 134  EMA Test Acc: 95.11
Loss   2.24 Loss_Lx   2.09 Loss_Lu 0.03059
13:28:02 Epoch 135 Test Acc: 94.35
13:28:05 Epoch 135  EMA Test Acc: 94.16
Loss   2.23 Loss_Lx   2.08 Loss_Lu 0.03021
13:29:49 Epoch 136 Test Acc: 94.23
13:29:51 Epoch 136  EMA Test Acc: 93.75
Loss   2.24 Loss_Lx   2.09 Loss_Lu 0.03019
13:31:35 Epoch 137 Test Acc: 94.03
13:31:38 Epoch 137  EMA Test Acc: 94.13
Loss   2.22 Loss_Lx   2.07 Loss_Lu 0.02976
13:33:22 Epoch 138 Test Acc: 94.23
13:33:24 Epoch 138  EMA Test Acc: 93.18
Loss   2.21 Loss_Lx   2.06 Loss_Lu 0.02994
13:35:08 Epoch 139 Test Acc: 94.08
13:35:11 Epoch 139  EMA Test Acc: 94.53
Loss   2.22 Loss_Lx   2.08 Loss_Lu 0.02972
13:36:55 Epoch 140 Test Acc: 94.0
13:36:57 Epoch 140  EMA Test Acc: 95.22
Loss   2.20 Loss_Lx   2.05 Loss_Lu 0.02991
13:38:41 Epoch 141 Test Acc: 94.46
13:38:44 Epoch 141  EMA Test Acc: 93.63
Loss   2.19 Loss_Lx   2.04 Loss_Lu 0.02957
13:40:28 Epoch 142 Test Acc: 93.43
13:40:31 Epoch 142  EMA Test Acc: 94.64
Loss   2.20 Loss_Lx   2.05 Loss_Lu 0.03007
13:42:15 Epoch 143 Test Acc: 93.7
13:42:17 Epoch 143  EMA Test Acc: 92.85
Loss   2.19 Loss_Lx   2.04 Loss_Lu 0.02951
13:44:01 Epoch 144 Test Acc: 94.56
13:44:04 Epoch 144  EMA Test Acc: 94.1
Loss   2.19 Loss_Lx   2.05 Loss_Lu 0.02939
13:45:48 Epoch 145 Test Acc: 94.16
13:45:51 Epoch 145  EMA Test Acc: 93.45
Loss   2.17 Loss_Lx   2.02 Loss_Lu 0.02947
13:47:34 Epoch 146 Test Acc: 94.52
13:47:37 Epoch 146  EMA Test Acc: 94.39
Loss   2.17 Loss_Lx   2.02 Loss_Lu 0.02947
13:49:21 Epoch 147 Test Acc: 93.96
13:49:23 Epoch 147  EMA Test Acc: 94.57
Loss   2.20 Loss_Lx   2.05 Loss_Lu 0.02967
13:51:07 Epoch 148 Test Acc: 94.77
13:51:10 Epoch 148  EMA Test Acc: 94.38
Loss   2.18 Loss_Lx   2.04 Loss_Lu 0.02933
13:52:54 Epoch 149 Test Acc: 94.16
13:52:56 Epoch 149  EMA Test Acc: 94.25
Loss   1.65 Loss_Lx   1.52 Loss_Lu 0.02499
13:54:40 Epoch 150 Test Acc: 93.4
13:54:43 Epoch 150  EMA Test Acc: 93.69
Loss   1.57 Loss_Lx   1.44 Loss_Lu 0.02514
13:56:26 Epoch 151 Test Acc: 93.98
13:56:29 Epoch 151  EMA Test Acc: 94.06
Loss   1.62 Loss_Lx   1.50 Loss_Lu 0.02458
13:58:13 Epoch 152 Test Acc: 93.67
13:58:16 Epoch 152  EMA Test Acc: 94.92
Loss   1.61 Loss_Lx   1.49 Loss_Lu 0.02495
13:59:59 Epoch 153 Test Acc: 93.84
14:00:01 Epoch 153  EMA Test Acc: 94.0
Loss   1.64 Loss_Lx   1.52 Loss_Lu 0.02446
14:01:45 Epoch 154 Test Acc: 93.91
14:01:48 Epoch 154  EMA Test Acc: 94.78
Loss   1.63 Loss_Lx   1.51 Loss_Lu 0.02476
14:03:31 Epoch 155 Test Acc: 93.64
14:03:34 Epoch 155  EMA Test Acc: 95.04
Loss   1.68 Loss_Lx   1.56 Loss_Lu 0.02552
14:05:17 Epoch 156 Test Acc: 94.01
14:05:20 Epoch 156  EMA Test Acc: 94.38
Loss   1.58 Loss_Lx   1.46 Loss_Lu 0.02412
14:07:03 Epoch 157 Test Acc: 94.38
14:07:05 Epoch 157  EMA Test Acc: 94.11
Loss   1.58 Loss_Lx   1.46 Loss_Lu 0.02368
14:08:49 Epoch 158 Test Acc: 93.98
14:08:51 Epoch 158  EMA Test Acc: 94.61
Loss   1.65 Loss_Lx   1.53 Loss_Lu 0.02425
14:10:35 Epoch 159 Test Acc: 94.09
14:10:38 Epoch 159  EMA Test Acc: 94.85
Loss   1.57 Loss_Lx   1.46 Loss_Lu 0.02345
14:12:21 Epoch 160 Test Acc: 93.9
14:12:24 Epoch 160  EMA Test Acc: 94.46
Loss   1.59 Loss_Lx   1.47 Loss_Lu 0.02413
14:14:08 Epoch 161 Test Acc: 94.15
14:14:10 Epoch 161  EMA Test Acc: 94.86
Loss   1.54 Loss_Lx   1.42 Loss_Lu 0.02351
14:15:54 Epoch 162 Test Acc: 94.76
14:15:56 Epoch 162  EMA Test Acc: 95.06
Loss   1.64 Loss_Lx   1.52 Loss_Lu 0.02383
14:17:40 Epoch 163 Test Acc: 93.56
14:17:43 Epoch 163  EMA Test Acc: 94.31
Loss   1.65 Loss_Lx   1.53 Loss_Lu 0.02431
14:19:27 Epoch 164 Test Acc: 93.79
14:19:30 Epoch 164  EMA Test Acc: 94.45
Loss   1.59 Loss_Lx   1.47 Loss_Lu 0.02319
14:21:14 Epoch 165 Test Acc: 94.51
14:21:16 Epoch 165  EMA Test Acc: 94.72
Loss   1.61 Loss_Lx   1.49 Loss_Lu 0.02387
14:23:00 Epoch 166 Test Acc: 94.44
14:23:03 Epoch 166  EMA Test Acc: 94.72
Loss   1.58 Loss_Lx   1.46 Loss_Lu 0.02376
14:24:47 Epoch 167 Test Acc: 94.49
14:24:50 Epoch 167  EMA Test Acc: 95.17
Loss   1.56 Loss_Lx   1.45 Loss_Lu 0.02226
14:26:34 Epoch 168 Test Acc: 94.22
14:26:37 Epoch 168  EMA Test Acc: 94.79
Loss   1.56 Loss_Lx   1.44 Loss_Lu 0.02245
14:28:21 Epoch 169 Test Acc: 94.16
14:28:23 Epoch 169  EMA Test Acc: 94.38
Loss   1.55 Loss_Lx   1.44 Loss_Lu 0.02246
14:30:08 Epoch 170 Test Acc: 94.11
14:30:10 Epoch 170  EMA Test Acc: 94.66
Loss   1.57 Loss_Lx   1.46 Loss_Lu 0.02268
14:31:55 Epoch 171 Test Acc: 94.09
14:31:57 Epoch 171  EMA Test Acc: 94.22
Loss   1.58 Loss_Lx   1.46 Loss_Lu 0.02266
14:33:42 Epoch 172 Test Acc: 94.66
14:33:44 Epoch 172  EMA Test Acc: 94.96
Loss   1.52 Loss_Lx   1.41 Loss_Lu 0.02193
14:35:29 Epoch 173 Test Acc: 94.92
14:35:32 Epoch 173  EMA Test Acc: 94.52
Loss   1.58 Loss_Lx   1.47 Loss_Lu 0.02267
14:37:16 Epoch 174 Test Acc: 94.66
14:37:18 Epoch 174  EMA Test Acc: 95.21
Loss   1.55 Loss_Lx   1.45 Loss_Lu 0.02113
14:39:02 Epoch 175 Test Acc: 94.83
14:39:05 Epoch 175  EMA Test Acc: 94.74
Loss   1.47 Loss_Lx   1.37 Loss_Lu 0.02051
14:40:49 Epoch 176 Test Acc: 93.69
14:40:52 Epoch 176  EMA Test Acc: 94.47
Loss   1.56 Loss_Lx   1.45 Loss_Lu 0.02156
14:42:37 Epoch 177 Test Acc: 94.6
14:42:40 Epoch 177  EMA Test Acc: 94.81
Loss   1.46 Loss_Lx   1.35 Loss_Lu 0.02116
14:44:24 Epoch 178 Test Acc: 94.36
14:44:27 Epoch 178  EMA Test Acc: 95.22
Loss   1.50 Loss_Lx   1.40 Loss_Lu 0.02066
14:46:11 Epoch 179 Test Acc: 94.67
14:46:14 Epoch 179  EMA Test Acc: 94.92
Loss   1.52 Loss_Lx   1.41 Loss_Lu 0.02156
14:47:58 Epoch 180 Test Acc: 94.46
14:48:01 Epoch 180  EMA Test Acc: 95.33
Loss   1.50 Loss_Lx   1.40 Loss_Lu 0.02067
14:49:46 Epoch 181 Test Acc: 94.88
14:49:48 Epoch 181  EMA Test Acc: 95.07
Loss   1.54 Loss_Lx   1.43 Loss_Lu 0.02114
14:51:34 Epoch 182 Test Acc: 95.02
14:51:36 Epoch 182  EMA Test Acc: 94.89
Loss   1.47 Loss_Lx   1.36 Loss_Lu 0.02029
14:53:20 Epoch 183 Test Acc: 94.97
14:53:23 Epoch 183  EMA Test Acc: 94.98
Loss   1.50 Loss_Lx   1.40 Loss_Lu 0.02054
14:55:07 Epoch 184 Test Acc: 94.57
14:55:10 Epoch 184  EMA Test Acc: 95.25
Loss   1.50 Loss_Lx   1.40 Loss_Lu 0.01993
14:56:54 Epoch 185 Test Acc: 94.41
14:56:57 Epoch 185  EMA Test Acc: 95.39
Loss   1.51 Loss_Lx   1.41 Loss_Lu 0.01991
14:58:41 Epoch 186 Test Acc: 95.19
14:58:44 Epoch 186  EMA Test Acc: 95.39
Loss   1.57 Loss_Lx   1.47 Loss_Lu 0.02024
15:00:28 Epoch 187 Test Acc: 94.92
15:00:31 Epoch 187  EMA Test Acc: 95.13
Loss   1.49 Loss_Lx   1.39 Loss_Lu 0.01962
15:02:15 Epoch 188 Test Acc: 94.79
15:02:18 Epoch 188  EMA Test Acc: 94.87
Loss   1.50 Loss_Lx   1.40 Loss_Lu 0.01929
15:04:02 Epoch 189 Test Acc: 94.94
15:04:05 Epoch 189  EMA Test Acc: 95.18
Loss   1.47 Loss_Lx   1.37 Loss_Lu 0.01992
15:05:49 Epoch 190 Test Acc: 94.94
15:05:52 Epoch 190  EMA Test Acc: 95.19
Loss   1.46 Loss_Lx   1.36 Loss_Lu 0.01868
15:07:36 Epoch 191 Test Acc: 94.6
15:07:39 Epoch 191  EMA Test Acc: 94.54
Loss   1.46 Loss_Lx   1.36 Loss_Lu 0.01920
15:09:23 Epoch 192 Test Acc: 94.67
15:09:25 Epoch 192  EMA Test Acc: 95.01
Loss   1.51 Loss_Lx   1.41 Loss_Lu 0.01955
15:11:10 Epoch 193 Test Acc: 94.75
15:11:12 Epoch 193  EMA Test Acc: 95.15
Loss   1.41 Loss_Lx   1.32 Loss_Lu 0.01792
15:12:57 Epoch 194 Test Acc: 95.25
15:12:59 Epoch 194  EMA Test Acc: 94.91
Loss   1.51 Loss_Lx   1.41 Loss_Lu 0.01933
15:14:44 Epoch 195 Test Acc: 94.62
15:14:46 Epoch 195  EMA Test Acc: 94.89
Loss   1.39 Loss_Lx   1.30 Loss_Lu 0.01757
15:16:31 Epoch 196 Test Acc: 94.52
15:16:34 Epoch 196  EMA Test Acc: 95.34
Loss   1.43 Loss_Lx   1.34 Loss_Lu 0.01831
15:18:18 Epoch 197 Test Acc: 95.1
15:18:20 Epoch 197  EMA Test Acc: 95.0
Loss   1.46 Loss_Lx   1.38 Loss_Lu 0.01779
15:20:04 Epoch 198 Test Acc: 95.24
15:20:07 Epoch 198  EMA Test Acc: 95.16
Loss   1.48 Loss_Lx   1.38 Loss_Lu 0.01860
15:21:50 Epoch 199 Test Acc: 95.11
15:21:53 Epoch 199  EMA Test Acc: 95.11
Loss   1.48 Loss_Lx   1.39 Loss_Lu 0.01912
15:23:37 Epoch 200 Test Acc: 94.86
15:23:40 Epoch 200  EMA Test Acc: 95.22
Loss   1.52 Loss_Lx   1.42 Loss_Lu 0.01900
15:25:25 Epoch 201 Test Acc: 94.84
15:25:27 Epoch 201  EMA Test Acc: 94.7
Loss   1.40 Loss_Lx   1.32 Loss_Lu 0.01719
15:27:11 Epoch 202 Test Acc: 94.96
15:27:14 Epoch 202  EMA Test Acc: 95.08
Loss   1.49 Loss_Lx   1.40 Loss_Lu 0.01809
15:28:57 Epoch 203 Test Acc: 95.17
15:29:00 Epoch 203  EMA Test Acc: 95.25
Loss   1.48 Loss_Lx   1.39 Loss_Lu 0.01816
15:30:43 Epoch 204 Test Acc: 94.9
15:30:46 Epoch 204  EMA Test Acc: 94.95
Loss   1.43 Loss_Lx   1.34 Loss_Lu 0.01733
15:32:29 Epoch 205 Test Acc: 94.71
15:32:32 Epoch 205  EMA Test Acc: 95.12
Loss   1.46 Loss_Lx   1.37 Loss_Lu 0.01751
15:34:15 Epoch 206 Test Acc: 95.07
15:34:17 Epoch 206  EMA Test Acc: 95.19
Loss   1.42 Loss_Lx   1.34 Loss_Lu 0.01718
15:36:01 Epoch 207 Test Acc: 95.13
15:36:04 Epoch 207  EMA Test Acc: 95.19
Loss   1.49 Loss_Lx   1.40 Loss_Lu 0.01765
15:37:47 Epoch 208 Test Acc: 94.83
15:37:50 Epoch 208  EMA Test Acc: 95.01
Loss   1.44 Loss_Lx   1.35 Loss_Lu 0.01767
15:39:33 Epoch 209 Test Acc: 94.9
15:39:36 Epoch 209  EMA Test Acc: 95.4
Loss   1.37 Loss_Lx   1.29 Loss_Lu 0.01624
15:41:19 Epoch 210 Test Acc: 95.21
15:41:22 Epoch 210  EMA Test Acc: 95.17
Loss   1.45 Loss_Lx   1.36 Loss_Lu 0.01775
15:43:05 Epoch 211 Test Acc: 95.14
15:43:08 Epoch 211  EMA Test Acc: 95.29
Loss   1.44 Loss_Lx   1.35 Loss_Lu 0.01715
15:44:51 Epoch 212 Test Acc: 95.28
15:44:54 Epoch 212  EMA Test Acc: 95.43
Loss   1.38 Loss_Lx   1.29 Loss_Lu 0.01638
15:46:37 Epoch 213 Test Acc: 95.3
15:46:40 Epoch 213  EMA Test Acc: 95.26
Loss   1.40 Loss_Lx   1.32 Loss_Lu 0.01662
15:48:23 Epoch 214 Test Acc: 95.07
15:48:26 Epoch 214  EMA Test Acc: 94.99
Loss   1.46 Loss_Lx   1.37 Loss_Lu 0.01796
15:50:10 Epoch 215 Test Acc: 95.0
15:50:12 Epoch 215  EMA Test Acc: 95.14
Loss   1.40 Loss_Lx   1.32 Loss_Lu 0.01610
15:51:56 Epoch 216 Test Acc: 95.17
15:51:58 Epoch 216  EMA Test Acc: 95.08
Loss   1.41 Loss_Lx   1.32 Loss_Lu 0.01665
15:53:42 Epoch 217 Test Acc: 95.21
15:53:45 Epoch 217  EMA Test Acc: 95.16
Loss   1.43 Loss_Lx   1.34 Loss_Lu 0.01677
15:55:28 Epoch 218 Test Acc: 95.22
15:55:31 Epoch 218  EMA Test Acc: 95.26
Loss   1.41 Loss_Lx   1.33 Loss_Lu 0.01649
15:57:14 Epoch 219 Test Acc: 95.31
15:57:17 Epoch 219  EMA Test Acc: 95.2
Loss   1.45 Loss_Lx   1.37 Loss_Lu 0.01701
15:59:01 Epoch 220 Test Acc: 95.06
15:59:03 Epoch 220  EMA Test Acc: 95.18
Loss   1.37 Loss_Lx   1.29 Loss_Lu 0.01553
16:00:47 Epoch 221 Test Acc: 94.7
16:00:49 Epoch 221  EMA Test Acc: 95.05
Loss   1.37 Loss_Lx   1.29 Loss_Lu 0.01602
16:02:33 Epoch 222 Test Acc: 95.07
16:02:36 Epoch 222  EMA Test Acc: 95.2
Loss   1.40 Loss_Lx   1.32 Loss_Lu 0.01589
16:04:21 Epoch 223 Test Acc: 94.73
16:04:24 Epoch 223  EMA Test Acc: 95.14
Loss   1.38 Loss_Lx   1.30 Loss_Lu 0.01583
16:06:09 Epoch 224 Test Acc: 95.45
16:06:11 Epoch 224  EMA Test Acc: 95.46
Loss   1.43 Loss_Lx   1.35 Loss_Lu 0.01636
16:07:57 Epoch 225 Test Acc: 95.46
16:07:59 Epoch 225  EMA Test Acc: 95.33
Loss   1.44 Loss_Lx   1.36 Loss_Lu 0.01593
16:09:44 Epoch 226 Test Acc: 95.35
16:09:46 Epoch 226  EMA Test Acc: 95.15
Loss   1.37 Loss_Lx   1.29 Loss_Lu 0.01528
16:11:31 Epoch 227 Test Acc: 95.2
16:11:34 Epoch 227  EMA Test Acc: 95.25
Loss   1.37 Loss_Lx   1.30 Loss_Lu 0.01516
16:13:19 Epoch 228 Test Acc: 95.21
16:13:22 Epoch 228  EMA Test Acc: 95.34
Loss   1.41 Loss_Lx   1.33 Loss_Lu 0.01599
16:15:07 Epoch 229 Test Acc: 94.75
16:15:09 Epoch 229  EMA Test Acc: 95.11
Loss   1.37 Loss_Lx   1.29 Loss_Lu 0.01541
16:16:54 Epoch 230 Test Acc: 95.35
16:16:57 Epoch 230  EMA Test Acc: 95.46
Loss   1.38 Loss_Lx   1.31 Loss_Lu 0.01526
16:18:42 Epoch 231 Test Acc: 95.12
16:18:44 Epoch 231  EMA Test Acc: 95.41
Loss   1.38 Loss_Lx   1.30 Loss_Lu 0.01571
16:20:30 Epoch 232 Test Acc: 95.37
16:20:33 Epoch 232  EMA Test Acc: 95.31
Loss   1.36 Loss_Lx   1.29 Loss_Lu 0.01450
16:22:18 Epoch 233 Test Acc: 95.37
16:22:20 Epoch 233  EMA Test Acc: 95.23
Loss   1.41 Loss_Lx   1.33 Loss_Lu 0.01535
16:24:06 Epoch 234 Test Acc: 95.31
16:24:08 Epoch 234  EMA Test Acc: 95.4
Loss   1.40 Loss_Lx   1.33 Loss_Lu 0.01569
16:25:53 Epoch 235 Test Acc: 95.08
16:25:56 Epoch 235  EMA Test Acc: 95.15
Loss   1.36 Loss_Lx   1.29 Loss_Lu 0.01503
16:27:41 Epoch 236 Test Acc: 95.52
16:27:43 Epoch 236  EMA Test Acc: 95.45
Loss   1.40 Loss_Lx   1.32 Loss_Lu 0.01554
16:29:28 Epoch 237 Test Acc: 95.43
16:29:31 Epoch 237  EMA Test Acc: 95.47
Loss   1.39 Loss_Lx   1.31 Loss_Lu 0.01512
16:31:16 Epoch 238 Test Acc: 95.37
16:31:18 Epoch 238  EMA Test Acc: 95.57
Loss   1.37 Loss_Lx   1.29 Loss_Lu 0.01530
16:33:03 Epoch 239 Test Acc: 95.14
16:33:06 Epoch 239  EMA Test Acc: 95.28
Loss   1.38 Loss_Lx   1.31 Loss_Lu 0.01523
16:34:51 Epoch 240 Test Acc: 95.37
16:34:53 Epoch 240  EMA Test Acc: 95.42
Loss   1.39 Loss_Lx   1.32 Loss_Lu 0.01519
16:36:38 Epoch 241 Test Acc: 95.39
16:36:40 Epoch 241  EMA Test Acc: 95.56
Loss   1.37 Loss_Lx   1.30 Loss_Lu 0.01415
16:38:25 Epoch 242 Test Acc: 95.6
16:38:28 Epoch 242  EMA Test Acc: 95.56
Loss   1.37 Loss_Lx   1.29 Loss_Lu 0.01482
16:40:12 Epoch 243 Test Acc: 95.24
16:40:14 Epoch 243  EMA Test Acc: 95.35
Loss   1.29 Loss_Lx   1.22 Loss_Lu 0.01320
16:42:06 Epoch 244 Test Acc: 95.48
16:42:09 Epoch 244  EMA Test Acc: 95.41
Loss   1.37 Loss_Lx   1.30 Loss_Lu 0.01491
16:43:53 Epoch 245 Test Acc: 95.58
16:43:55 Epoch 245  EMA Test Acc: 95.48
Loss   1.35 Loss_Lx   1.28 Loss_Lu 0.01460
16:45:40 Epoch 246 Test Acc: 95.35
16:45:43 Epoch 246  EMA Test Acc: 95.42
Loss   1.39 Loss_Lx   1.32 Loss_Lu 0.01461
16:47:28 Epoch 247 Test Acc: 95.48
16:47:30 Epoch 247  EMA Test Acc: 95.5
Loss   1.36 Loss_Lx   1.29 Loss_Lu 0.01445
16:49:15 Epoch 248 Test Acc: 95.21
16:49:18 Epoch 248  EMA Test Acc: 95.43
Loss   1.33 Loss_Lx   1.26 Loss_Lu 0.01417
16:51:07 Epoch 249 Test Acc: 95.43
16:51:10 Epoch 249  EMA Test Acc: 95.18
Loss   1.35 Loss_Lx   1.27 Loss_Lu 0.01430
16:52:54 Epoch 250 Test Acc: 95.5
16:52:57 Epoch 250  EMA Test Acc: 95.49
Loss   1.31 Loss_Lx   1.24 Loss_Lu 0.01372
16:54:41 Epoch 251 Test Acc: 95.6
16:54:44 Epoch 251  EMA Test Acc: 95.45
Loss   1.34 Loss_Lx   1.27 Loss_Lu 0.01420
16:56:28 Epoch 252 Test Acc: 95.5
16:56:31 Epoch 252  EMA Test Acc: 95.38
Loss   1.41 Loss_Lx   1.33 Loss_Lu 0.01532
16:58:16 Epoch 253 Test Acc: 95.44
16:58:19 Epoch 253  EMA Test Acc: 95.41
Loss   1.29 Loss_Lx   1.22 Loss_Lu 0.01342
17:00:04 Epoch 254 Test Acc: 95.36
17:00:06 Epoch 254  EMA Test Acc: 95.32
Loss   1.35 Loss_Lx   1.28 Loss_Lu 0.01401
17:01:51 Epoch 255 Test Acc: 95.3
17:01:53 Epoch 255  EMA Test Acc: 95.34
Loss   1.36 Loss_Lx   1.29 Loss_Lu 0.01453
17:03:38 Epoch 256 Test Acc: 95.28
17:03:40 Epoch 256  EMA Test Acc: 95.37
Loss   1.32 Loss_Lx   1.25 Loss_Lu 0.01429
17:05:25 Epoch 257 Test Acc: 95.46
17:05:27 Epoch 257  EMA Test Acc: 95.44
Loss   1.31 Loss_Lx   1.24 Loss_Lu 0.01379
17:07:12 Epoch 258 Test Acc: 95.27
17:07:14 Epoch 258  EMA Test Acc: 95.43
Loss   1.35 Loss_Lx   1.27 Loss_Lu 0.01465
17:08:58 Epoch 259 Test Acc: 95.41
17:09:01 Epoch 259  EMA Test Acc: 95.49
Loss   1.34 Loss_Lx   1.27 Loss_Lu 0.01405
17:10:45 Epoch 260 Test Acc: 95.19
17:10:48 Epoch 260  EMA Test Acc: 95.31
Loss   1.35 Loss_Lx   1.28 Loss_Lu 0.01415
17:12:32 Epoch 261 Test Acc: 95.48
17:12:35 Epoch 261  EMA Test Acc: 95.43
Loss   1.33 Loss_Lx   1.26 Loss_Lu 0.01405
17:14:19 Epoch 262 Test Acc: 95.63
17:14:22 Epoch 262  EMA Test Acc: 95.64
Loss   1.26 Loss_Lx   1.20 Loss_Lu 0.01320
17:16:06 Epoch 263 Test Acc: 95.35
17:16:09 Epoch 263  EMA Test Acc: 95.37
Loss   1.35 Loss_Lx   1.28 Loss_Lu 0.01371
17:18:08 Epoch 264 Test Acc: 95.31
17:18:11 Epoch 264  EMA Test Acc: 95.33
Loss   1.34 Loss_Lx   1.27 Loss_Lu 0.01427
17:19:56 Epoch 265 Test Acc: 95.44
17:19:58 Epoch 265  EMA Test Acc: 95.54
Loss   1.36 Loss_Lx   1.29 Loss_Lu 0.01368
17:21:57 Epoch 266 Test Acc: 95.16
17:22:00 Epoch 266  EMA Test Acc: 95.38
Loss   1.34 Loss_Lx   1.27 Loss_Lu 0.01401
17:23:44 Epoch 267 Test Acc: 95.54
17:23:47 Epoch 267  EMA Test Acc: 95.5
Loss   1.37 Loss_Lx   1.29 Loss_Lu 0.01450
17:25:31 Epoch 268 Test Acc: 95.36
17:25:34 Epoch 268  EMA Test Acc: 95.36
Loss   1.35 Loss_Lx   1.28 Loss_Lu 0.01371
17:27:19 Epoch 269 Test Acc: 95.59
17:27:21 Epoch 269  EMA Test Acc: 95.62
Loss   1.36 Loss_Lx   1.28 Loss_Lu 0.01460
17:29:06 Epoch 270 Test Acc: 95.26
17:29:09 Epoch 270  EMA Test Acc: 95.36
Loss   1.29 Loss_Lx   1.23 Loss_Lu 0.01335
17:30:54 Epoch 271 Test Acc: 95.29
17:30:57 Epoch 271  EMA Test Acc: 95.48
Loss   1.30 Loss_Lx   1.24 Loss_Lu 0.01354
17:32:41 Epoch 272 Test Acc: 95.38
17:32:44 Epoch 272  EMA Test Acc: 95.51
Loss   1.42 Loss_Lx   1.35 Loss_Lu 0.01484
17:34:29 Epoch 273 Test Acc: 95.17
17:34:32 Epoch 273  EMA Test Acc: 95.21
Loss   1.36 Loss_Lx   1.28 Loss_Lu 0.01444
17:36:16 Epoch 274 Test Acc: 95.29
17:36:19 Epoch 274  EMA Test Acc: 95.42
Loss   1.30 Loss_Lx   1.23 Loss_Lu 0.01346
17:38:03 Epoch 275 Test Acc: 95.3
17:38:06 Epoch 275  EMA Test Acc: 95.47
Loss   1.31 Loss_Lx   1.24 Loss_Lu 0.01369
17:39:50 Epoch 276 Test Acc: 95.45
17:39:53 Epoch 276  EMA Test Acc: 95.35
Loss   1.30 Loss_Lx   1.24 Loss_Lu 0.01335
17:41:37 Epoch 277 Test Acc: 95.23
17:41:40 Epoch 277  EMA Test Acc: 95.32
Loss   1.34 Loss_Lx   1.27 Loss_Lu 0.01393
17:43:24 Epoch 278 Test Acc: 95.29
17:43:27 Epoch 278  EMA Test Acc: 95.31
Loss   1.36 Loss_Lx   1.29 Loss_Lu 0.01395
17:45:12 Epoch 279 Test Acc: 95.4
17:45:14 Epoch 279  EMA Test Acc: 95.39
Loss   1.37 Loss_Lx   1.30 Loss_Lu 0.01473
17:46:59 Epoch 280 Test Acc: 95.47
17:47:01 Epoch 280  EMA Test Acc: 95.49
Loss   1.40 Loss_Lx   1.33 Loss_Lu 0.01432
17:48:46 Epoch 281 Test Acc: 95.45
17:48:48 Epoch 281  EMA Test Acc: 95.45
Loss   1.31 Loss_Lx   1.24 Loss_Lu 0.01340
17:50:33 Epoch 282 Test Acc: 95.45
17:50:35 Epoch 282  EMA Test Acc: 95.49
Loss   1.35 Loss_Lx   1.28 Loss_Lu 0.01427
17:52:20 Epoch 283 Test Acc: 95.35
17:52:23 Epoch 283  EMA Test Acc: 95.35
Loss   1.36 Loss_Lx   1.29 Loss_Lu 0.01372
17:54:07 Epoch 284 Test Acc: 95.41
17:54:09 Epoch 284  EMA Test Acc: 95.35
Loss   1.38 Loss_Lx   1.31 Loss_Lu 0.01451
17:56:19 Epoch 285 Test Acc: 95.48
17:56:21 Epoch 285  EMA Test Acc: 95.61
Loss   1.36 Loss_Lx   1.29 Loss_Lu 0.01369
17:58:05 Epoch 286 Test Acc: 95.53
17:58:08 Epoch 286  EMA Test Acc: 95.4
Loss   1.36 Loss_Lx   1.29 Loss_Lu 0.01449
17:59:52 Epoch 287 Test Acc: 95.32
17:59:55 Epoch 287  EMA Test Acc: 95.31
Loss   1.35 Loss_Lx   1.28 Loss_Lu 0.01407
18:01:39 Epoch 288 Test Acc: 95.38
18:01:42 Epoch 288  EMA Test Acc: 95.35
Loss   1.35 Loss_Lx   1.28 Loss_Lu 0.01398
18:03:26 Epoch 289 Test Acc: 95.45
18:03:29 Epoch 289  EMA Test Acc: 95.47
Loss   1.39 Loss_Lx   1.32 Loss_Lu 0.01407
18:05:14 Epoch 290 Test Acc: 95.5
18:05:17 Epoch 290  EMA Test Acc: 95.41
Loss   1.32 Loss_Lx   1.25 Loss_Lu 0.01351
18:07:01 Epoch 291 Test Acc: 95.41
18:07:04 Epoch 291  EMA Test Acc: 95.37
Loss   1.36 Loss_Lx   1.29 Loss_Lu 0.01363
18:08:49 Epoch 292 Test Acc: 95.25
18:08:52 Epoch 292  EMA Test Acc: 95.28
Loss   1.40 Loss_Lx   1.32 Loss_Lu 0.01444
18:10:36 Epoch 293 Test Acc: 95.42
18:10:39 Epoch 293  EMA Test Acc: 95.5
Loss   1.37 Loss_Lx   1.30 Loss_Lu 0.01408
18:12:23 Epoch 294 Test Acc: 95.2
18:12:26 Epoch 294  EMA Test Acc: 95.33
Loss   1.35 Loss_Lx   1.29 Loss_Lu 0.01355
18:14:10 Epoch 295 Test Acc: 95.43
18:14:13 Epoch 295  EMA Test Acc: 95.41
Loss   1.33 Loss_Lx   1.27 Loss_Lu 0.01327
18:15:57 Epoch 296 Test Acc: 95.28
18:16:00 Epoch 296  EMA Test Acc: 95.32
Loss   1.29 Loss_Lx   1.23 Loss_Lu 0.01291
18:17:44 Epoch 297 Test Acc: 95.38
18:17:47 Epoch 297  EMA Test Acc: 95.37
Loss   1.37 Loss_Lx   1.30 Loss_Lu 0.01397
18:19:31 Epoch 298 Test Acc: 95.46
18:19:34 Epoch 298  EMA Test Acc: 95.53
Loss   1.33 Loss_Lx   1.26 Loss_Lu 0.01348
18:21:18 Epoch 299 Test Acc: 95.4
18:21:20 Epoch 299  EMA Test Acc: 95.37
18:21:20 Best Test Acc: 95.64453887939453
