Sun Jul 10 09:52:45 2022       
+-----------------------------------------------------------------------------+
| NVIDIA-SMI 515.48.07    Driver Version: 515.48.07    CUDA Version: 11.7     |
|-------------------------------+----------------------+----------------------+
| GPU  Name        Persistence-M| Bus-Id        Disp.A | Volatile Uncorr. ECC |
| Fan  Temp  Perf  Pwr:Usage/Cap|         Memory-Usage | GPU-Util  Compute M. |
|                               |                      |               MIG M. |
|===============================+======================+======================|
|   0  NVIDIA A100-SXM...  Off  | 00000000:6B:00.0 Off |                    0 |
| N/A   32C    P0    70W / 400W |      4MiB / 81920MiB |      0%   E. Process |
|                               |                      |             Disabled |
+-------------------------------+----------------------+----------------------+
|   1  NVIDIA A100-SXM...  Off  | 00000000:71:00.0 Off |                    0 |
| N/A   34C    P0    68W / 400W |      4MiB / 81920MiB |      0%   E. Process |
|                               |                      |             Disabled |
+-------------------------------+----------------------+----------------------+
|   2  NVIDIA A100-SXM...  Off  | 00000000:8A:00.0 Off |                    0 |
| N/A   33C    P0    70W / 400W |      4MiB / 81920MiB |      0%   E. Process |
|                               |                      |             Disabled |
+-------------------------------+----------------------+----------------------+
|   3  NVIDIA A100-SXM...  Off  | 00000000:8E:00.0 Off |                    0 |
| N/A   31C    P0    69W / 400W |      4MiB / 81920MiB |      0%   E. Process |
|                               |                      |             Disabled |
+-------------------------------+----------------------+----------------------+
                                                                               
+-----------------------------------------------------------------------------+
| Processes:                                                                  |
|  GPU   GI   CI        PID   Type   Process name                  GPU Memory |
|        ID   ID                                                   Usage      |
|=============================================================================|
|    0   N/A  N/A      3513      G   /usr/lib/xorg/Xorg                  4MiB |
|    1   N/A  N/A      3513      G   /usr/lib/xorg/Xorg                  4MiB |
|    2   N/A  N/A      3513      G   /usr/lib/xorg/Xorg                  4MiB |
|    3   N/A  N/A      3513      G   /usr/lib/xorg/Xorg                  4MiB |
+-----------------------------------------------------------------------------+
Namespace(PES_lr=0.0001, T=0.5, T1=0, T2=5, alpha=4, batch_size=128, data_path='./data', data_percent=1, dataset='CIFAR10', ema=0.997, lambda_u=0, lr=0.02, noise_type='worse_label', num_epochs=300, optim='cos', seed=2, weight_decay=0.0005)
Files already downloaded and verified
Files already downloaded and verified
Train Epoch: [0][  0/390]	Time   0.10	Data   0.00	Loss   4.22	Acc@1  23.00
09:53:39 Epoch 0 Test Acc: 39.28
09:53:41 Epoch 0  EMA Test Acc: 10.52
Train Epoch: [1][  0/390]	Time   0.10	Data   0.00	Loss   3.85	Acc@1  31.07
09:54:24 Epoch 1 Test Acc: 45.89
09:54:27 Epoch 1  EMA Test Acc: 23.85
Train Epoch: [2][  0/390]	Time   0.10	Data   0.00	Loss   3.68	Acc@1  35.88
09:55:09 Epoch 2 Test Acc: 54.4
09:55:12 Epoch 2  EMA Test Acc: 41.73
Train Epoch: [3][  0/390]	Time   0.10	Data   0.00	Loss   3.54	Acc@1  39.39
09:55:54 Epoch 3 Test Acc: 47.52
09:55:57 Epoch 3  EMA Test Acc: 45.35
Train Epoch: [4][  0/390]	Time   0.10	Data   0.00	Loss   3.43	Acc@1  41.75
09:56:39 Epoch 4 Test Acc: 59.51
09:56:42 Epoch 4  EMA Test Acc: 48.45
Train Epoch: [5][  0/390]	Time   0.10	Data   0.00	Loss   3.35	Acc@1  43.85
09:57:25 Epoch 5 Test Acc: 61.42
09:57:27 Epoch 5  EMA Test Acc: 58.9
Train Epoch: [6][  0/390]	Time   0.10	Data   0.00	Loss   3.30	Acc@1  45.36
09:58:10 Epoch 6 Test Acc: 64.81
09:58:12 Epoch 6  EMA Test Acc: 68.97
Train Epoch: [7][  0/390]	Time   0.10	Data   0.00	Loss   3.23	Acc@1  47.01
09:58:55 Epoch 7 Test Acc: 67.87
09:58:57 Epoch 7  EMA Test Acc: 70.42
Train Epoch: [8][  0/390]	Time   0.10	Data   0.00	Loss   3.18	Acc@1  48.25
09:59:40 Epoch 8 Test Acc: 68.79
09:59:43 Epoch 8  EMA Test Acc: 71.86
Train Epoch: [9][  0/390]	Time   0.10	Data   0.00	Loss   3.13	Acc@1  49.72
10:00:25 Epoch 9 Test Acc: 72.47
10:00:28 Epoch 9  EMA Test Acc: 69.46
Train Epoch: [10][  0/390]	Time   0.10	Data   0.00	Loss   3.11	Acc@1  49.89
10:01:11 Epoch 10 Test Acc: 74.9
10:01:13 Epoch 10  EMA Test Acc: 76.13
Train Epoch: [11][  0/390]	Time   0.10	Data   0.00	Loss   3.07	Acc@1  51.11
10:01:56 Epoch 11 Test Acc: 75.02
10:01:58 Epoch 11  EMA Test Acc: 74.46
Train Epoch: [12][  0/390]	Time   0.10	Data   0.00	Loss   3.05	Acc@1  51.45
10:02:41 Epoch 12 Test Acc: 70.93
10:02:44 Epoch 12  EMA Test Acc: 70.0
Train Epoch: [13][  0/390]	Time   0.10	Data   0.00	Loss   3.04	Acc@1  51.98
10:03:26 Epoch 13 Test Acc: 74.33
10:03:29 Epoch 13  EMA Test Acc: 74.88
Train Epoch: [14][  0/390]	Time   0.10	Data   0.00	Loss   3.02	Acc@1  52.09
10:04:11 Epoch 14 Test Acc: 74.96
10:04:14 Epoch 14  EMA Test Acc: 73.51
Train Epoch: [15][  0/390]	Time   0.10	Data   0.00	Loss   3.00	Acc@1  52.65
10:04:56 Epoch 15 Test Acc: 77.16
10:04:59 Epoch 15  EMA Test Acc: 77.32
Train Epoch: [16][  0/390]	Time   0.10	Data   0.00	Loss   2.99	Acc@1  53.00
10:05:41 Epoch 16 Test Acc: 78.57
10:05:44 Epoch 16  EMA Test Acc: 79.06
Train Epoch: [17][  0/390]	Time   0.10	Data   0.00	Loss   2.96	Acc@1  53.39
10:06:27 Epoch 17 Test Acc: 76.57
10:06:29 Epoch 17  EMA Test Acc: 78.25
Train Epoch: [18][  0/390]	Time   0.10	Data   0.00	Loss   2.96	Acc@1  53.74
10:07:12 Epoch 18 Test Acc: 76.95
10:07:14 Epoch 18  EMA Test Acc: 78.23
Train Epoch: [19][  0/390]	Time   0.10	Data   0.00	Loss   2.94	Acc@1  54.01
10:07:57 Epoch 19 Test Acc: 78.12
10:07:59 Epoch 19  EMA Test Acc: 73.03
re-initalize the final layer
Train Epoch: [0][  0/390]	Time   0.05	Data   0.00	Loss   3.54	Acc@1  53.26
10:08:21 Epoch 0 Test Acc: 80.46
Train Epoch: [1][  0/390]	Time   0.05	Data   0.00	Loss   3.07	Acc@1  55.27
10:08:42 Epoch 1 Test Acc: 80.34
Train Epoch: [2][  0/390]	Time   0.05	Data   0.00	Loss   2.95	Acc@1  55.14
10:09:04 Epoch 2 Test Acc: 80.71
Train Epoch: [3][  0/390]	Time   0.05	Data   0.00	Loss   2.90	Acc@1  55.01
10:09:25 Epoch 3 Test Acc: 80.72
Train Epoch: [4][  0/390]	Time   0.05	Data   0.00	Loss   2.89	Acc@1  55.16
10:09:47 Epoch 4 Test Acc: 80.36
Loss   3.15 Loss_Lx   3.15 Loss_Lu 0.03546
10:11:33 Epoch 20 Test Acc: 80.37
10:11:35 Epoch 20  EMA Test Acc: 72.0
Loss   3.04 Loss_Lx   3.02 Loss_Lu 0.03424
10:13:22 Epoch 21 Test Acc: 80.43
10:13:25 Epoch 21  EMA Test Acc: 76.51
Loss   2.97 Loss_Lx   2.94 Loss_Lu 0.03302
10:15:12 Epoch 22 Test Acc: 81.18
10:15:14 Epoch 22  EMA Test Acc: 79.13
Loss   2.99 Loss_Lx   2.95 Loss_Lu 0.03286
10:17:01 Epoch 23 Test Acc: 80.67
10:17:03 Epoch 23  EMA Test Acc: 79.13
Loss   2.93 Loss_Lx   2.89 Loss_Lu 0.03250
10:18:50 Epoch 24 Test Acc: 82.6
10:18:53 Epoch 24  EMA Test Acc: 78.34
Loss   2.91 Loss_Lx   2.85 Loss_Lu 0.03200
10:20:40 Epoch 25 Test Acc: 82.15
10:20:42 Epoch 25  EMA Test Acc: 80.4
Loss   2.92 Loss_Lx   2.86 Loss_Lu 0.03186
10:22:29 Epoch 26 Test Acc: 81.87
10:22:32 Epoch 26  EMA Test Acc: 79.98
Loss   2.88 Loss_Lx   2.81 Loss_Lu 0.03157
10:24:18 Epoch 27 Test Acc: 81.36
10:24:21 Epoch 27  EMA Test Acc: 82.05
Loss   2.89 Loss_Lx   2.81 Loss_Lu 0.03170
10:26:08 Epoch 28 Test Acc: 83.94
10:26:10 Epoch 28  EMA Test Acc: 77.33
Loss   2.87 Loss_Lx   2.78 Loss_Lu 0.03133
10:27:57 Epoch 29 Test Acc: 81.36
10:27:59 Epoch 29  EMA Test Acc: 78.98
Loss   2.85 Loss_Lx   2.75 Loss_Lu 0.03111
10:29:46 Epoch 30 Test Acc: 83.89
10:29:49 Epoch 30  EMA Test Acc: 79.9
Loss   2.85 Loss_Lx   2.74 Loss_Lu 0.03123
10:31:35 Epoch 31 Test Acc: 83.14
10:31:38 Epoch 31  EMA Test Acc: 81.51
Loss   2.85 Loss_Lx   2.73 Loss_Lu 0.03100
10:33:25 Epoch 32 Test Acc: 83.55
10:33:27 Epoch 32  EMA Test Acc: 77.6
Loss   2.84 Loss_Lx   2.71 Loss_Lu 0.03112
10:35:14 Epoch 33 Test Acc: 83.83
10:35:17 Epoch 33  EMA Test Acc: 80.71
Loss   2.88 Loss_Lx   2.74 Loss_Lu 0.03114
10:37:04 Epoch 34 Test Acc: 84.85
10:37:06 Epoch 34  EMA Test Acc: 81.77
Loss   2.82 Loss_Lx   2.67 Loss_Lu 0.03069
10:38:53 Epoch 35 Test Acc: 85.35
10:38:55 Epoch 35  EMA Test Acc: 85.65
Loss   2.83 Loss_Lx   2.67 Loss_Lu 0.03107
10:40:42 Epoch 36 Test Acc: 84.93
10:40:45 Epoch 36  EMA Test Acc: 85.9
Loss   2.80 Loss_Lx   2.64 Loss_Lu 0.03083
10:42:31 Epoch 37 Test Acc: 85.72
10:42:33 Epoch 37  EMA Test Acc: 84.52
Loss   2.81 Loss_Lx   2.65 Loss_Lu 0.03079
10:44:20 Epoch 38 Test Acc: 86.32
10:44:23 Epoch 38  EMA Test Acc: 86.08
Loss   2.78 Loss_Lx   2.63 Loss_Lu 0.03100
10:46:09 Epoch 39 Test Acc: 85.06
10:46:11 Epoch 39  EMA Test Acc: 86.67
Loss   2.73 Loss_Lx   2.58 Loss_Lu 0.03052
10:47:58 Epoch 40 Test Acc: 86.08
10:48:00 Epoch 40  EMA Test Acc: 88.17
Loss   2.78 Loss_Lx   2.63 Loss_Lu 0.03122
10:49:48 Epoch 41 Test Acc: 86.8
10:49:50 Epoch 41  EMA Test Acc: 87.17
Loss   2.75 Loss_Lx   2.60 Loss_Lu 0.03097
10:51:38 Epoch 42 Test Acc: 87.5
10:51:40 Epoch 42  EMA Test Acc: 86.65
Loss   2.73 Loss_Lx   2.57 Loss_Lu 0.03070
10:53:26 Epoch 43 Test Acc: 87.21
10:53:29 Epoch 43  EMA Test Acc: 88.64
Loss   2.72 Loss_Lx   2.56 Loss_Lu 0.03033
10:55:16 Epoch 44 Test Acc: 87.38
10:55:19 Epoch 44  EMA Test Acc: 88.16
Loss   2.70 Loss_Lx   2.55 Loss_Lu 0.03044
10:57:06 Epoch 45 Test Acc: 86.84
10:57:09 Epoch 45  EMA Test Acc: 86.87
Loss   2.72 Loss_Lx   2.56 Loss_Lu 0.03114
10:58:55 Epoch 46 Test Acc: 86.68
10:58:57 Epoch 46  EMA Test Acc: 86.66
Loss   2.73 Loss_Lx   2.58 Loss_Lu 0.03060
11:00:44 Epoch 47 Test Acc: 87.52
11:00:46 Epoch 47  EMA Test Acc: 86.7
Loss   2.70 Loss_Lx   2.54 Loss_Lu 0.03022
11:02:32 Epoch 48 Test Acc: 88.96
11:02:35 Epoch 48  EMA Test Acc: 88.53
Loss   2.68 Loss_Lx   2.53 Loss_Lu 0.03004
11:04:22 Epoch 49 Test Acc: 88.53
11:04:25 Epoch 49  EMA Test Acc: 88.46
Loss   2.72 Loss_Lx   2.56 Loss_Lu 0.03078
11:06:12 Epoch 50 Test Acc: 88.74
11:06:14 Epoch 50  EMA Test Acc: 87.85
Loss   2.68 Loss_Lx   2.53 Loss_Lu 0.03000
11:08:01 Epoch 51 Test Acc: 88.84
11:08:04 Epoch 51  EMA Test Acc: 88.71
Loss   2.68 Loss_Lx   2.53 Loss_Lu 0.03020
11:09:51 Epoch 52 Test Acc: 89.11
11:09:54 Epoch 52  EMA Test Acc: 88.95
Loss   2.65 Loss_Lx   2.50 Loss_Lu 0.03006
11:11:42 Epoch 53 Test Acc: 88.61
11:11:44 Epoch 53  EMA Test Acc: 89.4
Loss   2.63 Loss_Lx   2.48 Loss_Lu 0.02992
11:13:31 Epoch 54 Test Acc: 88.61
11:13:33 Epoch 54  EMA Test Acc: 89.7
Loss   2.65 Loss_Lx   2.50 Loss_Lu 0.03013
11:15:20 Epoch 55 Test Acc: 88.07
11:15:23 Epoch 55  EMA Test Acc: 87.06
Loss   2.65 Loss_Lx   2.50 Loss_Lu 0.02998
11:17:10 Epoch 56 Test Acc: 88.84
11:17:13 Epoch 56  EMA Test Acc: 89.57
Loss   2.64 Loss_Lx   2.48 Loss_Lu 0.03030
11:18:59 Epoch 57 Test Acc: 89.03
11:19:02 Epoch 57  EMA Test Acc: 89.72
Loss   2.64 Loss_Lx   2.49 Loss_Lu 0.03025
11:20:49 Epoch 58 Test Acc: 89.29
11:20:51 Epoch 58  EMA Test Acc: 89.69
Loss   2.60 Loss_Lx   2.46 Loss_Lu 0.02963
11:22:38 Epoch 59 Test Acc: 89.71
11:22:40 Epoch 59  EMA Test Acc: 88.68
Loss   2.59 Loss_Lx   2.44 Loss_Lu 0.02960
11:24:27 Epoch 60 Test Acc: 88.97
11:24:30 Epoch 60  EMA Test Acc: 89.79
Loss   2.60 Loss_Lx   2.45 Loss_Lu 0.03007
11:26:16 Epoch 61 Test Acc: 89.3
11:26:19 Epoch 61  EMA Test Acc: 90.89
Loss   2.64 Loss_Lx   2.49 Loss_Lu 0.03004
11:28:06 Epoch 62 Test Acc: 89.7
11:28:08 Epoch 62  EMA Test Acc: 89.49
Loss   2.59 Loss_Lx   2.44 Loss_Lu 0.02932
11:29:55 Epoch 63 Test Acc: 89.39
11:29:57 Epoch 63  EMA Test Acc: 88.88
Loss   2.61 Loss_Lx   2.46 Loss_Lu 0.02971
11:31:45 Epoch 64 Test Acc: 90.04
11:31:47 Epoch 64  EMA Test Acc: 90.59
Loss   2.58 Loss_Lx   2.43 Loss_Lu 0.02955
11:33:34 Epoch 65 Test Acc: 89.83
11:33:37 Epoch 65  EMA Test Acc: 89.78
Loss   2.59 Loss_Lx   2.44 Loss_Lu 0.02950
11:35:23 Epoch 66 Test Acc: 90.46
11:35:26 Epoch 66  EMA Test Acc: 91.03
Loss   2.53 Loss_Lx   2.39 Loss_Lu 0.02896
11:37:12 Epoch 67 Test Acc: 90.51
11:37:14 Epoch 67  EMA Test Acc: 90.79
Loss   2.52 Loss_Lx   2.38 Loss_Lu 0.02889
11:39:00 Epoch 68 Test Acc: 90.24
11:39:03 Epoch 68  EMA Test Acc: 90.63
Loss   2.57 Loss_Lx   2.42 Loss_Lu 0.02966
11:40:49 Epoch 69 Test Acc: 90.49
11:40:51 Epoch 69  EMA Test Acc: 91.8
Loss   2.57 Loss_Lx   2.42 Loss_Lu 0.02940
11:42:37 Epoch 70 Test Acc: 90.31
11:42:39 Epoch 70  EMA Test Acc: 90.28
Loss   2.56 Loss_Lx   2.41 Loss_Lu 0.02963
11:44:26 Epoch 71 Test Acc: 90.31
11:44:28 Epoch 71  EMA Test Acc: 91.4
Loss   2.57 Loss_Lx   2.42 Loss_Lu 0.02972
11:46:14 Epoch 72 Test Acc: 90.62
11:46:16 Epoch 72  EMA Test Acc: 91.17
Loss   2.53 Loss_Lx   2.38 Loss_Lu 0.02927
11:48:03 Epoch 73 Test Acc: 90.32
11:48:05 Epoch 73  EMA Test Acc: 90.89
Loss   2.55 Loss_Lx   2.40 Loss_Lu 0.02912
11:49:51 Epoch 74 Test Acc: 89.7
11:49:53 Epoch 74  EMA Test Acc: 91.16
Loss   2.51 Loss_Lx   2.36 Loss_Lu 0.02884
11:51:40 Epoch 75 Test Acc: 90.2
11:51:43 Epoch 75  EMA Test Acc: 91.38
Loss   2.52 Loss_Lx   2.37 Loss_Lu 0.02920
11:53:29 Epoch 76 Test Acc: 90.14
11:53:31 Epoch 76  EMA Test Acc: 91.74
Loss   2.51 Loss_Lx   2.37 Loss_Lu 0.02912
11:55:16 Epoch 77 Test Acc: 90.71
11:55:19 Epoch 77  EMA Test Acc: 90.89
Loss   2.51 Loss_Lx   2.37 Loss_Lu 0.02885
11:57:05 Epoch 78 Test Acc: 90.74
11:57:07 Epoch 78  EMA Test Acc: 91.54
Loss   2.52 Loss_Lx   2.37 Loss_Lu 0.02913
11:58:53 Epoch 79 Test Acc: 91.06
11:58:56 Epoch 79  EMA Test Acc: 91.78
Loss   2.52 Loss_Lx   2.37 Loss_Lu 0.02918
12:00:41 Epoch 80 Test Acc: 91.0
12:00:44 Epoch 80  EMA Test Acc: 91.91
Loss   2.51 Loss_Lx   2.37 Loss_Lu 0.02910
12:02:30 Epoch 81 Test Acc: 90.46
12:02:32 Epoch 81  EMA Test Acc: 91.72
Loss   2.46 Loss_Lx   2.32 Loss_Lu 0.02860
12:04:18 Epoch 82 Test Acc: 90.61
12:04:20 Epoch 82  EMA Test Acc: 90.66
Loss   2.51 Loss_Lx   2.36 Loss_Lu 0.02909
12:06:06 Epoch 83 Test Acc: 91.31
12:06:09 Epoch 83  EMA Test Acc: 90.97
Loss   2.49 Loss_Lx   2.35 Loss_Lu 0.02873
12:07:54 Epoch 84 Test Acc: 91.75
12:07:56 Epoch 84  EMA Test Acc: 91.96
Loss   2.50 Loss_Lx   2.35 Loss_Lu 0.02900
12:09:42 Epoch 85 Test Acc: 91.5
12:09:45 Epoch 85  EMA Test Acc: 92.53
Loss   2.48 Loss_Lx   2.33 Loss_Lu 0.02868
12:11:30 Epoch 86 Test Acc: 91.22
12:11:33 Epoch 86  EMA Test Acc: 91.81
Loss   2.49 Loss_Lx   2.35 Loss_Lu 0.02887
12:13:18 Epoch 87 Test Acc: 91.41
12:13:21 Epoch 87  EMA Test Acc: 92.49
Loss   2.45 Loss_Lx   2.31 Loss_Lu 0.02836
12:15:07 Epoch 88 Test Acc: 90.41
12:15:09 Epoch 88  EMA Test Acc: 91.74
Loss   2.47 Loss_Lx   2.32 Loss_Lu 0.02873
12:16:54 Epoch 89 Test Acc: 91.43
12:16:57 Epoch 89  EMA Test Acc: 92.13
Loss   2.45 Loss_Lx   2.31 Loss_Lu 0.02826
12:18:42 Epoch 90 Test Acc: 91.03
12:18:45 Epoch 90  EMA Test Acc: 92.79
Loss   2.49 Loss_Lx   2.34 Loss_Lu 0.02880
12:20:30 Epoch 91 Test Acc: 91.99
12:20:33 Epoch 91  EMA Test Acc: 91.65
Loss   2.45 Loss_Lx   2.30 Loss_Lu 0.02830
12:22:19 Epoch 92 Test Acc: 91.26
12:22:21 Epoch 92  EMA Test Acc: 92.31
Loss   2.45 Loss_Lx   2.31 Loss_Lu 0.02858
12:24:07 Epoch 93 Test Acc: 91.3
12:24:09 Epoch 93  EMA Test Acc: 91.04
Loss   2.47 Loss_Lx   2.32 Loss_Lu 0.02861
12:25:55 Epoch 94 Test Acc: 91.23
12:25:57 Epoch 94  EMA Test Acc: 92.19
Loss   2.42 Loss_Lx   2.28 Loss_Lu 0.02783
12:27:43 Epoch 95 Test Acc: 91.26
12:27:46 Epoch 95  EMA Test Acc: 91.06
Loss   2.48 Loss_Lx   2.33 Loss_Lu 0.02891
12:29:31 Epoch 96 Test Acc: 91.84
12:29:34 Epoch 96  EMA Test Acc: 91.54
Loss   2.43 Loss_Lx   2.29 Loss_Lu 0.02814
12:31:20 Epoch 97 Test Acc: 91.43
12:31:22 Epoch 97  EMA Test Acc: 92.21
Loss   2.39 Loss_Lx   2.25 Loss_Lu 0.02729
12:33:08 Epoch 98 Test Acc: 91.97
12:33:10 Epoch 98  EMA Test Acc: 91.68
Loss   2.42 Loss_Lx   2.28 Loss_Lu 0.02833
12:34:56 Epoch 99 Test Acc: 92.03
12:34:58 Epoch 99  EMA Test Acc: 91.95
Loss   2.42 Loss_Lx   2.28 Loss_Lu 0.02804
12:36:44 Epoch 100 Test Acc: 91.23
12:36:47 Epoch 100  EMA Test Acc: 92.55
Loss   2.40 Loss_Lx   2.26 Loss_Lu 0.02785
12:38:33 Epoch 101 Test Acc: 91.74
12:38:35 Epoch 101  EMA Test Acc: 91.99
Loss   2.41 Loss_Lx   2.27 Loss_Lu 0.02800
12:40:21 Epoch 102 Test Acc: 91.78
12:40:23 Epoch 102  EMA Test Acc: 92.62
Loss   2.40 Loss_Lx   2.26 Loss_Lu 0.02779
12:42:09 Epoch 103 Test Acc: 91.86
12:42:11 Epoch 103  EMA Test Acc: 91.46
Loss   2.41 Loss_Lx   2.27 Loss_Lu 0.02823
12:43:57 Epoch 104 Test Acc: 91.81
12:43:59 Epoch 104  EMA Test Acc: 92.41
Loss   2.41 Loss_Lx   2.27 Loss_Lu 0.02809
12:45:45 Epoch 105 Test Acc: 92.03
12:45:48 Epoch 105  EMA Test Acc: 92.11
Loss   2.40 Loss_Lx   2.26 Loss_Lu 0.02770
12:47:33 Epoch 106 Test Acc: 92.45
12:47:36 Epoch 106  EMA Test Acc: 92.92
Loss   2.40 Loss_Lx   2.26 Loss_Lu 0.02792
12:49:21 Epoch 107 Test Acc: 91.45
12:49:24 Epoch 107  EMA Test Acc: 92.53
Loss   2.39 Loss_Lx   2.25 Loss_Lu 0.02770
12:51:09 Epoch 108 Test Acc: 91.82
12:51:12 Epoch 108  EMA Test Acc: 93.15
Loss   2.39 Loss_Lx   2.25 Loss_Lu 0.02769
12:52:57 Epoch 109 Test Acc: 92.29
12:53:00 Epoch 109  EMA Test Acc: 92.91
Loss   2.35 Loss_Lx   2.22 Loss_Lu 0.02712
12:54:45 Epoch 110 Test Acc: 91.97
12:54:48 Epoch 110  EMA Test Acc: 92.76
Loss   2.37 Loss_Lx   2.23 Loss_Lu 0.02733
12:56:33 Epoch 111 Test Acc: 91.85
12:56:36 Epoch 111  EMA Test Acc: 92.21
Loss   2.38 Loss_Lx   2.24 Loss_Lu 0.02766
12:58:21 Epoch 112 Test Acc: 91.67
12:58:24 Epoch 112  EMA Test Acc: 93.14
Loss   2.38 Loss_Lx   2.24 Loss_Lu 0.02753
13:00:09 Epoch 113 Test Acc: 92.88
13:00:12 Epoch 113  EMA Test Acc: 92.09
Loss   2.38 Loss_Lx   2.24 Loss_Lu 0.02749
13:01:57 Epoch 114 Test Acc: 92.33
13:02:00 Epoch 114  EMA Test Acc: 93.12
Loss   2.37 Loss_Lx   2.23 Loss_Lu 0.02724
13:03:45 Epoch 115 Test Acc: 92.26
13:03:48 Epoch 115  EMA Test Acc: 93.57
Loss   2.33 Loss_Lx   2.20 Loss_Lu 0.02698
13:05:33 Epoch 116 Test Acc: 92.0
13:05:36 Epoch 116  EMA Test Acc: 92.63
Loss   2.34 Loss_Lx   2.21 Loss_Lu 0.02713
13:07:21 Epoch 117 Test Acc: 92.42
13:07:24 Epoch 117  EMA Test Acc: 93.02
Loss   2.35 Loss_Lx   2.21 Loss_Lu 0.02730
13:09:10 Epoch 118 Test Acc: 92.26
13:09:12 Epoch 118  EMA Test Acc: 92.84
Loss   2.35 Loss_Lx   2.21 Loss_Lu 0.02724
13:10:58 Epoch 119 Test Acc: 92.69
13:11:00 Epoch 119  EMA Test Acc: 93.47
Loss   2.32 Loss_Lx   2.19 Loss_Lu 0.02685
13:12:46 Epoch 120 Test Acc: 92.21
13:12:48 Epoch 120  EMA Test Acc: 92.89
Loss   2.36 Loss_Lx   2.22 Loss_Lu 0.02712
13:14:34 Epoch 121 Test Acc: 92.98
13:14:36 Epoch 121  EMA Test Acc: 92.65
Loss   2.33 Loss_Lx   2.20 Loss_Lu 0.02706
13:16:22 Epoch 122 Test Acc: 93.04
13:16:24 Epoch 122  EMA Test Acc: 93.42
Loss   2.33 Loss_Lx   2.20 Loss_Lu 0.02697
13:18:10 Epoch 123 Test Acc: 92.54
13:18:12 Epoch 123  EMA Test Acc: 93.19
Loss   2.33 Loss_Lx   2.20 Loss_Lu 0.02719
13:19:57 Epoch 124 Test Acc: 92.55
13:20:00 Epoch 124  EMA Test Acc: 93.32
Loss   2.32 Loss_Lx   2.19 Loss_Lu 0.02663
13:21:45 Epoch 125 Test Acc: 93.11
13:21:47 Epoch 125  EMA Test Acc: 93.22
Loss   2.32 Loss_Lx   2.18 Loss_Lu 0.02675
13:23:32 Epoch 126 Test Acc: 92.7
13:23:35 Epoch 126  EMA Test Acc: 93.61
Loss   2.31 Loss_Lx   2.18 Loss_Lu 0.02679
13:25:21 Epoch 127 Test Acc: 92.87
13:25:23 Epoch 127  EMA Test Acc: 93.15
Loss   2.33 Loss_Lx   2.20 Loss_Lu 0.02685
13:27:09 Epoch 128 Test Acc: 92.34
13:27:11 Epoch 128  EMA Test Acc: 93.46
Loss   2.29 Loss_Lx   2.16 Loss_Lu 0.02617
13:28:57 Epoch 129 Test Acc: 93.01
13:28:59 Epoch 129  EMA Test Acc: 93.24
Loss   2.30 Loss_Lx   2.17 Loss_Lu 0.02619
13:30:45 Epoch 130 Test Acc: 92.83
13:30:47 Epoch 130  EMA Test Acc: 93.54
Loss   2.32 Loss_Lx   2.18 Loss_Lu 0.02667
13:32:33 Epoch 131 Test Acc: 93.06
13:32:36 Epoch 131  EMA Test Acc: 93.64
Loss   2.28 Loss_Lx   2.15 Loss_Lu 0.02628
13:34:21 Epoch 132 Test Acc: 93.15
13:34:24 Epoch 132  EMA Test Acc: 93.18
Loss   2.31 Loss_Lx   2.17 Loss_Lu 0.02677
13:36:09 Epoch 133 Test Acc: 92.19
13:36:12 Epoch 133  EMA Test Acc: 93.59
Loss   2.26 Loss_Lx   2.13 Loss_Lu 0.02587
13:37:58 Epoch 134 Test Acc: 93.01
13:38:00 Epoch 134  EMA Test Acc: 93.48
Loss   2.28 Loss_Lx   2.15 Loss_Lu 0.02632
13:39:46 Epoch 135 Test Acc: 93.44
13:39:48 Epoch 135  EMA Test Acc: 92.92
Loss   2.27 Loss_Lx   2.14 Loss_Lu 0.02574
13:41:34 Epoch 136 Test Acc: 92.86
13:41:36 Epoch 136  EMA Test Acc: 93.8
Loss   2.26 Loss_Lx   2.13 Loss_Lu 0.02610
13:43:22 Epoch 137 Test Acc: 93.13
13:43:25 Epoch 137  EMA Test Acc: 93.3
Loss   2.25 Loss_Lx   2.12 Loss_Lu 0.02571
13:45:10 Epoch 138 Test Acc: 93.34
13:45:13 Epoch 138  EMA Test Acc: 93.04
Loss   2.23 Loss_Lx   2.10 Loss_Lu 0.02561
13:46:59 Epoch 139 Test Acc: 93.19
13:47:01 Epoch 139  EMA Test Acc: 93.84
Loss   2.25 Loss_Lx   2.12 Loss_Lu 0.02583
13:48:47 Epoch 140 Test Acc: 93.25
13:48:49 Epoch 140  EMA Test Acc: 93.52
Loss   2.24 Loss_Lx   2.11 Loss_Lu 0.02565
13:50:35 Epoch 141 Test Acc: 92.8
13:50:38 Epoch 141  EMA Test Acc: 93.35
Loss   2.24 Loss_Lx   2.11 Loss_Lu 0.02576
13:52:23 Epoch 142 Test Acc: 93.19
13:52:26 Epoch 142  EMA Test Acc: 93.34
Loss   2.24 Loss_Lx   2.11 Loss_Lu 0.02550
13:54:12 Epoch 143 Test Acc: 93.02
13:54:14 Epoch 143  EMA Test Acc: 93.64
Loss   2.24 Loss_Lx   2.12 Loss_Lu 0.02544
13:56:00 Epoch 144 Test Acc: 93.53
13:56:02 Epoch 144  EMA Test Acc: 93.1
Loss   2.23 Loss_Lx   2.11 Loss_Lu 0.02592
13:57:48 Epoch 145 Test Acc: 93.53
13:57:51 Epoch 145  EMA Test Acc: 93.86
Loss   2.19 Loss_Lx   2.07 Loss_Lu 0.02463
13:59:36 Epoch 146 Test Acc: 93.11
13:59:39 Epoch 146  EMA Test Acc: 93.81
Loss   2.25 Loss_Lx   2.12 Loss_Lu 0.02551
14:01:25 Epoch 147 Test Acc: 93.47
14:01:27 Epoch 147  EMA Test Acc: 93.4
Loss   2.21 Loss_Lx   2.08 Loss_Lu 0.02528
14:03:13 Epoch 148 Test Acc: 93.79
14:03:15 Epoch 148  EMA Test Acc: 93.69
Loss   2.23 Loss_Lx   2.10 Loss_Lu 0.02552
14:05:01 Epoch 149 Test Acc: 93.38
14:05:04 Epoch 149  EMA Test Acc: 93.54
Loss   1.56 Loss_Lx   1.47 Loss_Lu 0.01797
14:06:49 Epoch 150 Test Acc: 93.59
14:06:52 Epoch 150  EMA Test Acc: 93.65
Loss   1.65 Loss_Lx   1.56 Loss_Lu 0.01897
14:08:38 Epoch 151 Test Acc: 93.49
14:08:40 Epoch 151  EMA Test Acc: 94.35
Loss   1.58 Loss_Lx   1.49 Loss_Lu 0.01817
14:10:25 Epoch 152 Test Acc: 93.12
14:10:28 Epoch 152  EMA Test Acc: 93.91
Loss   1.62 Loss_Lx   1.53 Loss_Lu 0.01862
14:12:13 Epoch 153 Test Acc: 93.48
14:12:16 Epoch 153  EMA Test Acc: 93.66
Loss   1.67 Loss_Lx   1.58 Loss_Lu 0.01924
14:14:02 Epoch 154 Test Acc: 93.16
14:14:04 Epoch 154  EMA Test Acc: 93.48
Loss   1.58 Loss_Lx   1.49 Loss_Lu 0.01802
14:15:50 Epoch 155 Test Acc: 92.66
14:15:53 Epoch 155  EMA Test Acc: 93.85
Loss   1.59 Loss_Lx   1.50 Loss_Lu 0.01836
14:17:39 Epoch 156 Test Acc: 93.01
14:17:41 Epoch 156  EMA Test Acc: 93.62
Loss   1.61 Loss_Lx   1.52 Loss_Lu 0.01869
14:19:27 Epoch 157 Test Acc: 93.19
14:19:30 Epoch 157  EMA Test Acc: 93.44
Loss   1.65 Loss_Lx   1.55 Loss_Lu 0.01874
14:21:15 Epoch 158 Test Acc: 92.51
14:21:18 Epoch 158  EMA Test Acc: 93.69
Loss   1.60 Loss_Lx   1.51 Loss_Lu 0.01824
14:23:04 Epoch 159 Test Acc: 93.73
14:23:06 Epoch 159  EMA Test Acc: 93.7
Loss   1.57 Loss_Lx   1.48 Loss_Lu 0.01793
14:24:52 Epoch 160 Test Acc: 93.02
14:24:55 Epoch 160  EMA Test Acc: 93.67
Loss   1.57 Loss_Lx   1.48 Loss_Lu 0.01765
14:26:40 Epoch 161 Test Acc: 93.43
14:26:43 Epoch 161  EMA Test Acc: 93.55
Loss   1.63 Loss_Lx   1.54 Loss_Lu 0.01835
14:28:29 Epoch 162 Test Acc: 93.45
14:28:31 Epoch 162  EMA Test Acc: 93.83
Loss   1.56 Loss_Lx   1.47 Loss_Lu 0.01749
14:30:18 Epoch 163 Test Acc: 93.66
14:30:20 Epoch 163  EMA Test Acc: 93.83
Loss   1.61 Loss_Lx   1.52 Loss_Lu 0.01816
14:32:06 Epoch 164 Test Acc: 93.72
14:32:09 Epoch 164  EMA Test Acc: 93.69
Loss   1.52 Loss_Lx   1.43 Loss_Lu 0.01718
14:33:55 Epoch 165 Test Acc: 93.36
14:33:58 Epoch 165  EMA Test Acc: 93.86
Loss   1.60 Loss_Lx   1.51 Loss_Lu 0.01792
14:35:44 Epoch 166 Test Acc: 93.37
14:35:46 Epoch 166  EMA Test Acc: 93.37
Loss   1.58 Loss_Lx   1.49 Loss_Lu 0.01757
14:37:32 Epoch 167 Test Acc: 93.28
14:37:35 Epoch 167  EMA Test Acc: 93.38
Loss   1.56 Loss_Lx   1.47 Loss_Lu 0.01732
14:39:21 Epoch 168 Test Acc: 93.66
14:39:23 Epoch 168  EMA Test Acc: 93.21
Loss   1.59 Loss_Lx   1.50 Loss_Lu 0.01803
14:41:09 Epoch 169 Test Acc: 93.65
14:41:12 Epoch 169  EMA Test Acc: 93.77
Loss   1.52 Loss_Lx   1.44 Loss_Lu 0.01719
14:42:58 Epoch 170 Test Acc: 93.7
14:43:00 Epoch 170  EMA Test Acc: 93.96
Loss   1.54 Loss_Lx   1.46 Loss_Lu 0.01702
14:44:46 Epoch 171 Test Acc: 93.77
14:44:49 Epoch 171  EMA Test Acc: 94.07
Loss   1.56 Loss_Lx   1.47 Loss_Lu 0.01744
14:46:34 Epoch 172 Test Acc: 93.67
14:46:37 Epoch 172  EMA Test Acc: 93.92
Loss   1.56 Loss_Lx   1.47 Loss_Lu 0.01748
14:48:23 Epoch 173 Test Acc: 93.41
14:48:26 Epoch 173  EMA Test Acc: 94.14
Loss   1.56 Loss_Lx   1.47 Loss_Lu 0.01729
14:50:12 Epoch 174 Test Acc: 93.07
14:50:14 Epoch 174  EMA Test Acc: 94.19
Loss   1.47 Loss_Lx   1.39 Loss_Lu 0.01637
14:52:00 Epoch 175 Test Acc: 93.73
14:52:03 Epoch 175  EMA Test Acc: 93.87
Loss   1.59 Loss_Lx   1.50 Loss_Lu 0.01771
14:53:49 Epoch 176 Test Acc: 93.62
14:53:51 Epoch 176  EMA Test Acc: 94.3
Loss   1.59 Loss_Lx   1.50 Loss_Lu 0.01737
14:55:37 Epoch 177 Test Acc: 93.34
14:55:40 Epoch 177  EMA Test Acc: 93.5
Loss   1.61 Loss_Lx   1.53 Loss_Lu 0.01768
14:57:26 Epoch 178 Test Acc: 93.56
14:57:29 Epoch 178  EMA Test Acc: 93.41
Loss   1.61 Loss_Lx   1.52 Loss_Lu 0.01796
14:59:15 Epoch 179 Test Acc: 93.54
14:59:17 Epoch 179  EMA Test Acc: 93.65
Loss   1.50 Loss_Lx   1.42 Loss_Lu 0.01615
15:01:03 Epoch 180 Test Acc: 93.33
15:01:06 Epoch 180  EMA Test Acc: 93.69
Loss   1.56 Loss_Lx   1.47 Loss_Lu 0.01673
15:02:52 Epoch 181 Test Acc: 93.69
15:02:55 Epoch 181  EMA Test Acc: 93.69
Loss   1.49 Loss_Lx   1.41 Loss_Lu 0.01609
15:04:41 Epoch 182 Test Acc: 93.16
15:04:43 Epoch 182  EMA Test Acc: 94.19
Loss   1.52 Loss_Lx   1.44 Loss_Lu 0.01657
15:06:29 Epoch 183 Test Acc: 93.43
15:06:32 Epoch 183  EMA Test Acc: 94.08
Loss   1.51 Loss_Lx   1.43 Loss_Lu 0.01619
15:08:17 Epoch 184 Test Acc: 93.58
15:08:20 Epoch 184  EMA Test Acc: 94.09
Loss   1.53 Loss_Lx   1.45 Loss_Lu 0.01645
15:10:06 Epoch 185 Test Acc: 93.44
15:10:08 Epoch 185  EMA Test Acc: 94.13
Loss   1.52 Loss_Lx   1.44 Loss_Lu 0.01642
15:11:54 Epoch 186 Test Acc: 93.95
15:11:57 Epoch 186  EMA Test Acc: 94.04
Loss   1.47 Loss_Lx   1.40 Loss_Lu 0.01565
15:13:43 Epoch 187 Test Acc: 93.49
15:13:45 Epoch 187  EMA Test Acc: 93.88
Loss   1.52 Loss_Lx   1.44 Loss_Lu 0.01624
15:15:31 Epoch 188 Test Acc: 93.54
15:15:34 Epoch 188  EMA Test Acc: 93.85
Loss   1.56 Loss_Lx   1.48 Loss_Lu 0.01671
15:17:20 Epoch 189 Test Acc: 93.8
15:17:22 Epoch 189  EMA Test Acc: 93.98
Loss   1.48 Loss_Lx   1.40 Loss_Lu 0.01588
15:19:08 Epoch 190 Test Acc: 93.72
15:19:10 Epoch 190  EMA Test Acc: 93.77
Loss   1.57 Loss_Lx   1.48 Loss_Lu 0.01682
15:20:56 Epoch 191 Test Acc: 93.75
15:20:59 Epoch 191  EMA Test Acc: 93.99
Loss   1.51 Loss_Lx   1.43 Loss_Lu 0.01587
15:22:45 Epoch 192 Test Acc: 93.61
15:22:47 Epoch 192  EMA Test Acc: 94.36
Loss   1.46 Loss_Lx   1.38 Loss_Lu 0.01558
15:24:33 Epoch 193 Test Acc: 94.13
15:24:36 Epoch 193  EMA Test Acc: 93.86
Loss   1.44 Loss_Lx   1.37 Loss_Lu 0.01497
15:26:22 Epoch 194 Test Acc: 93.89
15:26:24 Epoch 194  EMA Test Acc: 93.93
Loss   1.51 Loss_Lx   1.43 Loss_Lu 0.01597
15:28:10 Epoch 195 Test Acc: 93.52
15:28:13 Epoch 195  EMA Test Acc: 93.85
Loss   1.52 Loss_Lx   1.44 Loss_Lu 0.01636
15:29:59 Epoch 196 Test Acc: 93.77
15:30:01 Epoch 196  EMA Test Acc: 93.64
Loss   1.45 Loss_Lx   1.37 Loss_Lu 0.01496
15:31:47 Epoch 197 Test Acc: 93.97
15:31:50 Epoch 197  EMA Test Acc: 93.91
Loss   1.49 Loss_Lx   1.42 Loss_Lu 0.01553
15:33:36 Epoch 198 Test Acc: 94.0
15:33:38 Epoch 198  EMA Test Acc: 94.18
Loss   1.46 Loss_Lx   1.38 Loss_Lu 0.01538
15:35:24 Epoch 199 Test Acc: 93.79
15:35:27 Epoch 199  EMA Test Acc: 93.81
Loss   1.48 Loss_Lx   1.40 Loss_Lu 0.01547
15:37:12 Epoch 200 Test Acc: 93.64
15:37:15 Epoch 200  EMA Test Acc: 93.77
Loss   1.50 Loss_Lx   1.42 Loss_Lu 0.01564
15:39:01 Epoch 201 Test Acc: 93.91
15:39:03 Epoch 201  EMA Test Acc: 93.9
Loss   1.52 Loss_Lx   1.44 Loss_Lu 0.01594
15:40:49 Epoch 202 Test Acc: 93.75
15:40:52 Epoch 202  EMA Test Acc: 93.35
Loss   1.47 Loss_Lx   1.40 Loss_Lu 0.01520
15:42:38 Epoch 203 Test Acc: 93.86
15:42:40 Epoch 203  EMA Test Acc: 93.9
Loss   1.48 Loss_Lx   1.40 Loss_Lu 0.01519
15:44:26 Epoch 204 Test Acc: 93.81
15:44:29 Epoch 204  EMA Test Acc: 93.75
Loss   1.41 Loss_Lx   1.33 Loss_Lu 0.01484
15:46:15 Epoch 205 Test Acc: 93.68
15:46:17 Epoch 205  EMA Test Acc: 93.73
Loss   1.47 Loss_Lx   1.40 Loss_Lu 0.01540
15:48:03 Epoch 206 Test Acc: 93.69
15:48:06 Epoch 206  EMA Test Acc: 93.73
Loss   1.45 Loss_Lx   1.38 Loss_Lu 0.01462
15:49:51 Epoch 207 Test Acc: 93.91
15:49:54 Epoch 207  EMA Test Acc: 93.54
Loss   1.45 Loss_Lx   1.38 Loss_Lu 0.01487
15:51:40 Epoch 208 Test Acc: 93.93
15:51:42 Epoch 208  EMA Test Acc: 93.95
Loss   1.46 Loss_Lx   1.38 Loss_Lu 0.01477
15:53:28 Epoch 209 Test Acc: 93.73
15:53:30 Epoch 209  EMA Test Acc: 94.08
Loss   1.45 Loss_Lx   1.37 Loss_Lu 0.01515
15:55:16 Epoch 210 Test Acc: 94.0
15:55:18 Epoch 210  EMA Test Acc: 93.83
Loss   1.49 Loss_Lx   1.41 Loss_Lu 0.01529
15:57:04 Epoch 211 Test Acc: 93.9
15:57:06 Epoch 211  EMA Test Acc: 93.73
Loss   1.45 Loss_Lx   1.37 Loss_Lu 0.01459
15:58:52 Epoch 212 Test Acc: 93.97
15:58:55 Epoch 212  EMA Test Acc: 93.97
Loss   1.42 Loss_Lx   1.35 Loss_Lu 0.01436
16:00:40 Epoch 213 Test Acc: 93.84
16:00:43 Epoch 213  EMA Test Acc: 94.06
Loss   1.47 Loss_Lx   1.40 Loss_Lu 0.01497
16:02:28 Epoch 214 Test Acc: 94.07
16:02:31 Epoch 214  EMA Test Acc: 93.91
Loss   1.43 Loss_Lx   1.36 Loss_Lu 0.01456
16:04:16 Epoch 215 Test Acc: 93.91
16:04:19 Epoch 215  EMA Test Acc: 94.2
Loss   1.41 Loss_Lx   1.34 Loss_Lu 0.01409
16:06:04 Epoch 216 Test Acc: 93.56
16:06:07 Epoch 216  EMA Test Acc: 93.93
Loss   1.45 Loss_Lx   1.38 Loss_Lu 0.01466
16:07:53 Epoch 217 Test Acc: 93.75
16:07:55 Epoch 217  EMA Test Acc: 93.97
Loss   1.43 Loss_Lx   1.36 Loss_Lu 0.01426
16:09:41 Epoch 218 Test Acc: 93.82
16:09:43 Epoch 218  EMA Test Acc: 94.06
Loss   1.45 Loss_Lx   1.38 Loss_Lu 0.01481
16:11:29 Epoch 219 Test Acc: 93.88
16:11:32 Epoch 219  EMA Test Acc: 93.83
Loss   1.44 Loss_Lx   1.37 Loss_Lu 0.01423
16:13:17 Epoch 220 Test Acc: 93.96
16:13:20 Epoch 220  EMA Test Acc: 94.12
Loss   1.42 Loss_Lx   1.35 Loss_Lu 0.01412
16:15:05 Epoch 221 Test Acc: 94.0
16:15:08 Epoch 221  EMA Test Acc: 93.93
Loss   1.44 Loss_Lx   1.37 Loss_Lu 0.01436
16:16:53 Epoch 222 Test Acc: 93.9
16:16:56 Epoch 222  EMA Test Acc: 93.95
Loss   1.35 Loss_Lx   1.28 Loss_Lu 0.01333
16:18:42 Epoch 223 Test Acc: 94.09
16:18:44 Epoch 223  EMA Test Acc: 93.93
Loss   1.36 Loss_Lx   1.29 Loss_Lu 0.01338
16:20:30 Epoch 224 Test Acc: 94.07
16:20:32 Epoch 224  EMA Test Acc: 93.89
Loss   1.39 Loss_Lx   1.32 Loss_Lu 0.01354
16:22:18 Epoch 225 Test Acc: 93.91
16:22:21 Epoch 225  EMA Test Acc: 94.05
Loss   1.39 Loss_Lx   1.32 Loss_Lu 0.01367
16:24:07 Epoch 226 Test Acc: 94.02
16:24:09 Epoch 226  EMA Test Acc: 94.01
Loss   1.38 Loss_Lx   1.31 Loss_Lu 0.01366
16:25:55 Epoch 227 Test Acc: 94.17
16:25:58 Epoch 227  EMA Test Acc: 94.12
Loss   1.40 Loss_Lx   1.33 Loss_Lu 0.01344
16:27:44 Epoch 228 Test Acc: 93.95
16:27:46 Epoch 228  EMA Test Acc: 94.13
Loss   1.45 Loss_Lx   1.38 Loss_Lu 0.01444
16:29:32 Epoch 229 Test Acc: 93.96
16:29:35 Epoch 229  EMA Test Acc: 93.96
Loss   1.41 Loss_Lx   1.35 Loss_Lu 0.01357
16:31:21 Epoch 230 Test Acc: 94.17
16:31:23 Epoch 230  EMA Test Acc: 93.96
Loss   1.42 Loss_Lx   1.35 Loss_Lu 0.01372
16:33:09 Epoch 231 Test Acc: 94.07
16:33:12 Epoch 231  EMA Test Acc: 94.18
Loss   1.42 Loss_Lx   1.35 Loss_Lu 0.01380
16:34:58 Epoch 232 Test Acc: 94.18
16:35:00 Epoch 232  EMA Test Acc: 94.12
Loss   1.40 Loss_Lx   1.34 Loss_Lu 0.01380
16:36:46 Epoch 233 Test Acc: 94.0
16:36:49 Epoch 233  EMA Test Acc: 93.95
Loss   1.44 Loss_Lx   1.37 Loss_Lu 0.01438
16:38:35 Epoch 234 Test Acc: 94.17
16:38:37 Epoch 234  EMA Test Acc: 94.21
Loss   1.35 Loss_Lx   1.28 Loss_Lu 0.01292
16:40:23 Epoch 235 Test Acc: 94.04
16:40:26 Epoch 235  EMA Test Acc: 94.09
Loss   1.38 Loss_Lx   1.31 Loss_Lu 0.01351
16:42:11 Epoch 236 Test Acc: 94.25
16:42:14 Epoch 236  EMA Test Acc: 94.12
Loss   1.41 Loss_Lx   1.34 Loss_Lu 0.01371
16:44:00 Epoch 237 Test Acc: 94.23
16:44:02 Epoch 237  EMA Test Acc: 94.15
Loss   1.43 Loss_Lx   1.36 Loss_Lu 0.01440
16:45:48 Epoch 238 Test Acc: 94.3
16:45:51 Epoch 238  EMA Test Acc: 94.11
Loss   1.35 Loss_Lx   1.29 Loss_Lu 0.01322
16:47:37 Epoch 239 Test Acc: 94.11
16:47:39 Epoch 239  EMA Test Acc: 93.95
Loss   1.44 Loss_Lx   1.37 Loss_Lu 0.01426
16:49:25 Epoch 240 Test Acc: 93.93
16:49:27 Epoch 240  EMA Test Acc: 94.02
Loss   1.39 Loss_Lx   1.32 Loss_Lu 0.01356
16:51:13 Epoch 241 Test Acc: 94.05
16:51:16 Epoch 241  EMA Test Acc: 94.18
Loss   1.40 Loss_Lx   1.33 Loss_Lu 0.01385
16:53:01 Epoch 242 Test Acc: 93.78
16:53:04 Epoch 242  EMA Test Acc: 93.97
Loss   1.40 Loss_Lx   1.33 Loss_Lu 0.01341
16:54:50 Epoch 243 Test Acc: 94.07
16:54:52 Epoch 243  EMA Test Acc: 94.24
Loss   1.43 Loss_Lx   1.36 Loss_Lu 0.01375
16:56:38 Epoch 244 Test Acc: 94.09
16:56:40 Epoch 244  EMA Test Acc: 94.14
Loss   1.40 Loss_Lx   1.33 Loss_Lu 0.01346
16:58:26 Epoch 245 Test Acc: 94.06
16:58:29 Epoch 245  EMA Test Acc: 94.11
Loss   1.39 Loss_Lx   1.32 Loss_Lu 0.01367
17:00:14 Epoch 246 Test Acc: 94.11
17:00:17 Epoch 246  EMA Test Acc: 93.79
Loss   1.36 Loss_Lx   1.30 Loss_Lu 0.01297
17:02:02 Epoch 247 Test Acc: 93.87
17:02:05 Epoch 247  EMA Test Acc: 93.92
Loss   1.48 Loss_Lx   1.40 Loss_Lu 0.01437
17:03:51 Epoch 248 Test Acc: 93.94
17:03:53 Epoch 248  EMA Test Acc: 94.15
Loss   1.34 Loss_Lx   1.27 Loss_Lu 0.01285
17:05:39 Epoch 249 Test Acc: 94.18
17:05:41 Epoch 249  EMA Test Acc: 94.04
Loss   1.39 Loss_Lx   1.32 Loss_Lu 0.01323
17:07:27 Epoch 250 Test Acc: 93.7
17:07:30 Epoch 250  EMA Test Acc: 93.91
Loss   1.38 Loss_Lx   1.31 Loss_Lu 0.01323
17:09:16 Epoch 251 Test Acc: 94.0
17:09:18 Epoch 251  EMA Test Acc: 94.0
Loss   1.44 Loss_Lx   1.37 Loss_Lu 0.01425
17:11:04 Epoch 252 Test Acc: 94.04
17:11:07 Epoch 252  EMA Test Acc: 94.0
Loss   1.41 Loss_Lx   1.34 Loss_Lu 0.01340
17:12:53 Epoch 253 Test Acc: 94.1
17:12:55 Epoch 253  EMA Test Acc: 94.23
Loss   1.40 Loss_Lx   1.33 Loss_Lu 0.01349
17:14:41 Epoch 254 Test Acc: 93.96
17:14:44 Epoch 254  EMA Test Acc: 94.1
Loss   1.41 Loss_Lx   1.35 Loss_Lu 0.01305
17:16:29 Epoch 255 Test Acc: 93.98
17:16:32 Epoch 255  EMA Test Acc: 94.09
Loss   1.37 Loss_Lx   1.31 Loss_Lu 0.01295
17:18:17 Epoch 256 Test Acc: 94.06
17:18:20 Epoch 256  EMA Test Acc: 94.03
Loss   1.41 Loss_Lx   1.34 Loss_Lu 0.01315
17:20:05 Epoch 257 Test Acc: 94.12
17:20:08 Epoch 257  EMA Test Acc: 94.07
Loss   1.40 Loss_Lx   1.33 Loss_Lu 0.01340
17:21:54 Epoch 258 Test Acc: 94.17
17:21:56 Epoch 258  EMA Test Acc: 94.08
Loss   1.42 Loss_Lx   1.35 Loss_Lu 0.01381
17:23:42 Epoch 259 Test Acc: 94.06
17:23:44 Epoch 259  EMA Test Acc: 94.2
Loss   1.47 Loss_Lx   1.40 Loss_Lu 0.01447
17:25:30 Epoch 260 Test Acc: 94.23
17:25:33 Epoch 260  EMA Test Acc: 94.21
Loss   1.40 Loss_Lx   1.33 Loss_Lu 0.01338
17:27:18 Epoch 261 Test Acc: 93.96
17:27:21 Epoch 261  EMA Test Acc: 94.24
Loss   1.32 Loss_Lx   1.26 Loss_Lu 0.01226
17:29:07 Epoch 262 Test Acc: 93.93
17:29:09 Epoch 262  EMA Test Acc: 93.93
Loss   1.36 Loss_Lx   1.30 Loss_Lu 0.01269
17:30:55 Epoch 263 Test Acc: 94.3
17:30:57 Epoch 263  EMA Test Acc: 94.26
Loss   1.33 Loss_Lx   1.27 Loss_Lu 0.01255
17:32:43 Epoch 264 Test Acc: 94.26
17:32:46 Epoch 264  EMA Test Acc: 94.23
Loss   1.43 Loss_Lx   1.36 Loss_Lu 0.01345
17:34:31 Epoch 265 Test Acc: 94.24
17:34:34 Epoch 265  EMA Test Acc: 94.26
Loss   1.37 Loss_Lx   1.30 Loss_Lu 0.01302
17:36:20 Epoch 266 Test Acc: 94.18
17:36:22 Epoch 266  EMA Test Acc: 94.24
Loss   1.39 Loss_Lx   1.33 Loss_Lu 0.01294
17:38:08 Epoch 267 Test Acc: 93.99
17:38:10 Epoch 267  EMA Test Acc: 94.23
Loss   1.35 Loss_Lx   1.29 Loss_Lu 0.01304
17:39:56 Epoch 268 Test Acc: 94.12
17:39:59 Epoch 268  EMA Test Acc: 94.1
Loss   1.37 Loss_Lx   1.31 Loss_Lu 0.01294
17:41:45 Epoch 269 Test Acc: 94.26
17:41:47 Epoch 269  EMA Test Acc: 94.31
Loss   1.39 Loss_Lx   1.33 Loss_Lu 0.01347
17:43:33 Epoch 270 Test Acc: 94.14
17:43:35 Epoch 270  EMA Test Acc: 94.27
Loss   1.47 Loss_Lx   1.40 Loss_Lu 0.01419
17:45:21 Epoch 271 Test Acc: 94.18
17:45:24 Epoch 271  EMA Test Acc: 94.19
Loss   1.37 Loss_Lx   1.31 Loss_Lu 0.01332
17:47:10 Epoch 272 Test Acc: 94.12
17:47:12 Epoch 272  EMA Test Acc: 94.16
Loss   1.35 Loss_Lx   1.28 Loss_Lu 0.01261
17:48:58 Epoch 273 Test Acc: 94.14
17:49:01 Epoch 273  EMA Test Acc: 94.13
Loss   1.37 Loss_Lx   1.31 Loss_Lu 0.01286
17:50:47 Epoch 274 Test Acc: 94.05
17:50:49 Epoch 274  EMA Test Acc: 94.12
Loss   1.35 Loss_Lx   1.29 Loss_Lu 0.01280
17:52:35 Epoch 275 Test Acc: 94.36
17:52:37 Epoch 275  EMA Test Acc: 94.42
Loss   1.42 Loss_Lx   1.36 Loss_Lu 0.01359
17:54:23 Epoch 276 Test Acc: 94.06
17:54:26 Epoch 276  EMA Test Acc: 94.15
Loss   1.34 Loss_Lx   1.27 Loss_Lu 0.01288
17:56:12 Epoch 277 Test Acc: 94.32
17:56:14 Epoch 277  EMA Test Acc: 94.16
Loss   1.36 Loss_Lx   1.29 Loss_Lu 0.01294
17:58:00 Epoch 278 Test Acc: 94.15
17:58:02 Epoch 278  EMA Test Acc: 94.12
Loss   1.36 Loss_Lx   1.30 Loss_Lu 0.01271
17:59:48 Epoch 279 Test Acc: 94.1
17:59:51 Epoch 279  EMA Test Acc: 94.03
Loss   1.39 Loss_Lx   1.32 Loss_Lu 0.01273
18:01:36 Epoch 280 Test Acc: 94.06
18:01:39 Epoch 280  EMA Test Acc: 94.33
Loss   1.34 Loss_Lx   1.28 Loss_Lu 0.01270
18:03:25 Epoch 281 Test Acc: 94.34
18:03:27 Epoch 281  EMA Test Acc: 94.23
Loss   1.43 Loss_Lx   1.37 Loss_Lu 0.01341
18:05:13 Epoch 282 Test Acc: 94.06
18:05:16 Epoch 282  EMA Test Acc: 94.19
Loss   1.41 Loss_Lx   1.34 Loss_Lu 0.01325
18:07:01 Epoch 283 Test Acc: 94.09
18:07:04 Epoch 283  EMA Test Acc: 94.09
Loss   1.35 Loss_Lx   1.29 Loss_Lu 0.01265
18:08:50 Epoch 284 Test Acc: 94.11
18:08:52 Epoch 284  EMA Test Acc: 94.07
Loss   1.42 Loss_Lx   1.35 Loss_Lu 0.01368
18:10:38 Epoch 285 Test Acc: 94.1
18:10:41 Epoch 285  EMA Test Acc: 94.19
Loss   1.43 Loss_Lx   1.36 Loss_Lu 0.01361
18:12:26 Epoch 286 Test Acc: 94.32
18:12:29 Epoch 286  EMA Test Acc: 94.3
Loss   1.37 Loss_Lx   1.30 Loss_Lu 0.01293
18:14:15 Epoch 287 Test Acc: 94.19
18:14:17 Epoch 287  EMA Test Acc: 94.17
Loss   1.37 Loss_Lx   1.31 Loss_Lu 0.01292
18:16:03 Epoch 288 Test Acc: 94.17
18:16:06 Epoch 288  EMA Test Acc: 94.16
Loss   1.43 Loss_Lx   1.36 Loss_Lu 0.01357
18:17:52 Epoch 289 Test Acc: 94.12
18:17:54 Epoch 289  EMA Test Acc: 94.18
Loss   1.31 Loss_Lx   1.25 Loss_Lu 0.01230
18:19:40 Epoch 290 Test Acc: 94.02
18:19:43 Epoch 290  EMA Test Acc: 94.18
Loss   1.39 Loss_Lx   1.33 Loss_Lu 0.01307
18:21:28 Epoch 291 Test Acc: 94.21
18:21:31 Epoch 291  EMA Test Acc: 94.38
Loss   1.38 Loss_Lx   1.31 Loss_Lu 0.01273
18:23:17 Epoch 292 Test Acc: 94.23
18:23:19 Epoch 292  EMA Test Acc: 94.27
Loss   1.33 Loss_Lx   1.26 Loss_Lu 0.01259
18:25:05 Epoch 293 Test Acc: 94.33
18:25:07 Epoch 293  EMA Test Acc: 94.29
Loss   1.37 Loss_Lx   1.30 Loss_Lu 0.01305
18:26:53 Epoch 294 Test Acc: 94.25
18:26:56 Epoch 294  EMA Test Acc: 94.03
Loss   1.37 Loss_Lx   1.30 Loss_Lu 0.01285
18:28:42 Epoch 295 Test Acc: 94.14
18:28:44 Epoch 295  EMA Test Acc: 94.19
Loss   1.40 Loss_Lx   1.33 Loss_Lu 0.01314
18:30:30 Epoch 296 Test Acc: 94.26
18:30:32 Epoch 296  EMA Test Acc: 94.2
Loss   1.35 Loss_Lx   1.28 Loss_Lu 0.01240
18:32:18 Epoch 297 Test Acc: 94.29
18:32:20 Epoch 297  EMA Test Acc: 94.24
Loss   1.32 Loss_Lx   1.26 Loss_Lu 0.01224
18:34:06 Epoch 298 Test Acc: 94.19
18:34:08 Epoch 298  EMA Test Acc: 94.25
Loss   1.36 Loss_Lx   1.30 Loss_Lu 0.01235
18:35:54 Epoch 299 Test Acc: 94.23
18:35:57 Epoch 299  EMA Test Acc: 94.14
18:35:57 Best Test Acc: 94.42383575439453
