Sun Jul 10 09:52:45 2022       
+-----------------------------------------------------------------------------+
| NVIDIA-SMI 515.48.07    Driver Version: 515.48.07    CUDA Version: 11.7     |
|-------------------------------+----------------------+----------------------+
| GPU  Name        Persistence-M| Bus-Id        Disp.A | Volatile Uncorr. ECC |
| Fan  Temp  Perf  Pwr:Usage/Cap|         Memory-Usage | GPU-Util  Compute M. |
|                               |                      |               MIG M. |
|===============================+======================+======================|
|   0  NVIDIA A100-SXM...  Off  | 00000000:6B:00.0 Off |                    0 |
| N/A   32C    P0    70W / 400W |      4MiB / 81920MiB |      0%   E. Process |
|                               |                      |             Disabled |
+-------------------------------+----------------------+----------------------+
|   1  NVIDIA A100-SXM...  Off  | 00000000:71:00.0 Off |                    0 |
| N/A   34C    P0    68W / 400W |      4MiB / 81920MiB |      0%   E. Process |
|                               |                      |             Disabled |
+-------------------------------+----------------------+----------------------+
|   2  NVIDIA A100-SXM...  Off  | 00000000:8A:00.0 Off |                    0 |
| N/A   33C    P0    70W / 400W |      4MiB / 81920MiB |      0%   E. Process |
|                               |                      |             Disabled |
+-------------------------------+----------------------+----------------------+
|   3  NVIDIA A100-SXM...  Off  | 00000000:8E:00.0 Off |                    0 |
| N/A   31C    P0    69W / 400W |      4MiB / 81920MiB |      0%   E. Process |
|                               |                      |             Disabled |
+-------------------------------+----------------------+----------------------+
                                                                               
+-----------------------------------------------------------------------------+
| Processes:                                                                  |
|  GPU   GI   CI        PID   Type   Process name                  GPU Memory |
|        ID   ID                                                   Usage      |
|=============================================================================|
|    0   N/A  N/A      3513      G   /usr/lib/xorg/Xorg                  4MiB |
|    1   N/A  N/A      3513      G   /usr/lib/xorg/Xorg                  4MiB |
|    2   N/A  N/A      3513      G   /usr/lib/xorg/Xorg                  4MiB |
|    3   N/A  N/A      3513      G   /usr/lib/xorg/Xorg                  4MiB |
+-----------------------------------------------------------------------------+
Namespace(PES_lr=0.0001, T=0.5, T1=0, T2=5, alpha=4, batch_size=128, data_path='./data', data_percent=1, dataset='CIFAR10', ema=0.997, lambda_u=0, lr=0.02, noise_type='worse_label', num_epochs=300, optim='cos', seed=3, weight_decay=0.0005)
Files already downloaded and verified
Files already downloaded and verified
Train Epoch: [0][  0/390]	Time   0.11	Data   0.00	Loss   4.22	Acc@1  24.15
09:53:39 Epoch 0 Test Acc: 40.05
09:53:41 Epoch 0  EMA Test Acc: 16.34
Train Epoch: [1][  0/390]	Time   0.10	Data   0.00	Loss   3.88	Acc@1  31.83
09:54:24 Epoch 1 Test Acc: 44.61
09:54:26 Epoch 1  EMA Test Acc: 38.14
Train Epoch: [2][  0/390]	Time   0.10	Data   0.00	Loss   3.69	Acc@1  36.19
09:55:09 Epoch 2 Test Acc: 45.74
09:55:11 Epoch 2  EMA Test Acc: 37.46
Train Epoch: [3][  0/390]	Time   0.10	Data   0.00	Loss   3.52	Acc@1  40.37
09:55:53 Epoch 3 Test Acc: 59.58
09:55:56 Epoch 3  EMA Test Acc: 48.97
Train Epoch: [4][  0/390]	Time   0.10	Data   0.00	Loss   3.40	Acc@1  43.23
09:56:38 Epoch 4 Test Acc: 60.25
09:56:41 Epoch 4  EMA Test Acc: 61.22
Train Epoch: [5][  0/390]	Time   0.10	Data   0.00	Loss   3.32	Acc@1  45.14
09:57:23 Epoch 5 Test Acc: 64.99
09:57:26 Epoch 5  EMA Test Acc: 64.45
Train Epoch: [6][  0/390]	Time   0.10	Data   0.00	Loss   3.24	Acc@1  47.07
09:58:08 Epoch 6 Test Acc: 70.25
09:58:11 Epoch 6  EMA Test Acc: 70.22
Train Epoch: [7][  0/390]	Time   0.10	Data   0.00	Loss   3.18	Acc@1  48.59
09:58:53 Epoch 7 Test Acc: 71.64
09:58:56 Epoch 7  EMA Test Acc: 70.27
Train Epoch: [8][  0/390]	Time   0.10	Data   0.00	Loss   3.14	Acc@1  49.54
09:59:38 Epoch 8 Test Acc: 74.21
09:59:40 Epoch 8  EMA Test Acc: 67.0
Train Epoch: [9][  0/390]	Time   0.10	Data   0.00	Loss   3.10	Acc@1  50.51
10:00:23 Epoch 9 Test Acc: 72.84
10:00:25 Epoch 9  EMA Test Acc: 77.51
Train Epoch: [10][  0/390]	Time   0.10	Data   0.00	Loss   3.07	Acc@1  51.22
10:01:08 Epoch 10 Test Acc: 73.09
10:01:10 Epoch 10  EMA Test Acc: 74.4
Train Epoch: [11][  0/390]	Time   0.10	Data   0.00	Loss   3.05	Acc@1  51.60
10:01:53 Epoch 11 Test Acc: 71.28
10:01:55 Epoch 11  EMA Test Acc: 77.54
Train Epoch: [12][  0/390]	Time   0.10	Data   0.00	Loss   3.02	Acc@1  52.41
10:02:38 Epoch 12 Test Acc: 75.34
10:02:40 Epoch 12  EMA Test Acc: 76.62
Train Epoch: [13][  0/390]	Time   0.10	Data   0.00	Loss   3.01	Acc@1  52.50
10:03:23 Epoch 13 Test Acc: 76.02
10:03:25 Epoch 13  EMA Test Acc: 79.08
Train Epoch: [14][  0/390]	Time   0.10	Data   0.00	Loss   2.99	Acc@1  53.05
10:04:08 Epoch 14 Test Acc: 77.61
10:04:10 Epoch 14  EMA Test Acc: 79.57
Train Epoch: [15][  0/390]	Time   0.10	Data   0.00	Loss   2.97	Acc@1  53.41
10:04:52 Epoch 15 Test Acc: 75.2
10:04:55 Epoch 15  EMA Test Acc: 79.77
Train Epoch: [16][  0/390]	Time   0.10	Data   0.00	Loss   2.95	Acc@1  53.77
10:05:37 Epoch 16 Test Acc: 77.71
10:05:40 Epoch 16  EMA Test Acc: 78.11
Train Epoch: [17][  0/390]	Time   0.10	Data   0.00	Loss   2.94	Acc@1  54.00
10:06:22 Epoch 17 Test Acc: 78.8
10:06:25 Epoch 17  EMA Test Acc: 81.17
Train Epoch: [18][  0/390]	Time   0.10	Data   0.00	Loss   2.92	Acc@1  54.33
10:07:07 Epoch 18 Test Acc: 78.19
10:07:10 Epoch 18  EMA Test Acc: 75.09
Train Epoch: [19][  0/390]	Time   0.10	Data   0.00	Loss   2.92	Acc@1  54.38
10:07:52 Epoch 19 Test Acc: 77.79
10:07:55 Epoch 19  EMA Test Acc: 76.99
re-initalize the final layer
Train Epoch: [0][  0/390]	Time   0.05	Data   0.00	Loss   3.54	Acc@1  53.48
10:08:16 Epoch 0 Test Acc: 81.2
Train Epoch: [1][  0/390]	Time   0.05	Data   0.00	Loss   3.08	Acc@1  55.82
10:08:38 Epoch 1 Test Acc: 81.53
Train Epoch: [2][  0/390]	Time   0.05	Data   0.00	Loss   2.94	Acc@1  55.82
10:08:59 Epoch 2 Test Acc: 81.47
Train Epoch: [3][  0/390]	Time   0.05	Data   0.00	Loss   2.88	Acc@1  55.94
10:09:21 Epoch 3 Test Acc: 81.65
Train Epoch: [4][  0/390]	Time   0.05	Data   0.00	Loss   2.85	Acc@1  55.94
10:09:42 Epoch 4 Test Acc: 81.56
Loss   3.13 Loss_Lx   3.12 Loss_Lu 0.03379
10:11:29 Epoch 20 Test Acc: 82.72
10:11:32 Epoch 20  EMA Test Acc: 78.66
Loss   3.01 Loss_Lx   3.00 Loss_Lu 0.03271
10:13:18 Epoch 21 Test Acc: 82.74
10:13:21 Epoch 21  EMA Test Acc: 80.43
Loss   2.94 Loss_Lx   2.92 Loss_Lu 0.03184
10:15:07 Epoch 22 Test Acc: 82.38
10:15:10 Epoch 22  EMA Test Acc: 81.1
Loss   2.95 Loss_Lx   2.92 Loss_Lu 0.03185
10:16:56 Epoch 23 Test Acc: 82.71
10:16:59 Epoch 23  EMA Test Acc: 81.38
Loss   2.92 Loss_Lx   2.87 Loss_Lu 0.03135
10:18:45 Epoch 24 Test Acc: 83.28
10:18:47 Epoch 24  EMA Test Acc: 79.1
Loss   2.89 Loss_Lx   2.84 Loss_Lu 0.03149
10:20:33 Epoch 25 Test Acc: 81.76
10:20:36 Epoch 25  EMA Test Acc: 81.54
Loss   2.87 Loss_Lx   2.80 Loss_Lu 0.03080
10:22:22 Epoch 26 Test Acc: 83.76
10:22:25 Epoch 26  EMA Test Acc: 82.3
Loss   2.86 Loss_Lx   2.78 Loss_Lu 0.03065
10:24:11 Epoch 27 Test Acc: 84.41
10:24:14 Epoch 27  EMA Test Acc: 83.7
Loss   2.86 Loss_Lx   2.78 Loss_Lu 0.03051
10:26:00 Epoch 28 Test Acc: 83.68
10:26:02 Epoch 28  EMA Test Acc: 81.41
Loss   2.84 Loss_Lx   2.75 Loss_Lu 0.03038
10:27:49 Epoch 29 Test Acc: 84.7
10:27:51 Epoch 29  EMA Test Acc: 84.56
Loss   2.80 Loss_Lx   2.71 Loss_Lu 0.03014
10:29:37 Epoch 30 Test Acc: 85.52
10:29:40 Epoch 30  EMA Test Acc: 84.69
Loss   2.81 Loss_Lx   2.70 Loss_Lu 0.03001
10:31:26 Epoch 31 Test Acc: 85.29
10:31:29 Epoch 31  EMA Test Acc: 84.23
Loss   2.84 Loss_Lx   2.72 Loss_Lu 0.03034
10:33:15 Epoch 32 Test Acc: 86.15
10:33:17 Epoch 32  EMA Test Acc: 85.6
Loss   2.82 Loss_Lx   2.69 Loss_Lu 0.03009
10:35:03 Epoch 33 Test Acc: 84.68
10:35:06 Epoch 33  EMA Test Acc: 84.98
Loss   2.82 Loss_Lx   2.68 Loss_Lu 0.03033
10:36:52 Epoch 34 Test Acc: 85.3
10:36:55 Epoch 34  EMA Test Acc: 85.03
Loss   2.79 Loss_Lx   2.65 Loss_Lu 0.02974
10:38:41 Epoch 35 Test Acc: 85.84
10:38:43 Epoch 35  EMA Test Acc: 86.1
Loss   2.79 Loss_Lx   2.64 Loss_Lu 0.02993
10:40:29 Epoch 36 Test Acc: 85.75
10:40:32 Epoch 36  EMA Test Acc: 84.79
Loss   2.77 Loss_Lx   2.62 Loss_Lu 0.02993
10:42:18 Epoch 37 Test Acc: 85.59
10:42:21 Epoch 37  EMA Test Acc: 86.91
Loss   2.78 Loss_Lx   2.63 Loss_Lu 0.02999
10:44:06 Epoch 38 Test Acc: 85.83
10:44:09 Epoch 38  EMA Test Acc: 86.42
Loss   2.76 Loss_Lx   2.61 Loss_Lu 0.02987
10:45:55 Epoch 39 Test Acc: 87.48
10:45:57 Epoch 39  EMA Test Acc: 87.99
Loss   2.74 Loss_Lx   2.59 Loss_Lu 0.03025
10:47:44 Epoch 40 Test Acc: 87.3
10:47:47 Epoch 40  EMA Test Acc: 87.56
Loss   2.77 Loss_Lx   2.61 Loss_Lu 0.03036
10:49:34 Epoch 41 Test Acc: 87.64
10:49:36 Epoch 41  EMA Test Acc: 88.66
Loss   2.72 Loss_Lx   2.57 Loss_Lu 0.02966
10:51:23 Epoch 42 Test Acc: 86.86
10:51:26 Epoch 42  EMA Test Acc: 89.87
Loss   2.72 Loss_Lx   2.57 Loss_Lu 0.03012
10:53:12 Epoch 43 Test Acc: 88.22
10:53:15 Epoch 43  EMA Test Acc: 89.07
Loss   2.72 Loss_Lx   2.57 Loss_Lu 0.03015
10:55:01 Epoch 44 Test Acc: 87.94
10:55:04 Epoch 44  EMA Test Acc: 87.56
Loss   2.68 Loss_Lx   2.53 Loss_Lu 0.02991
10:56:51 Epoch 45 Test Acc: 88.82
10:56:53 Epoch 45  EMA Test Acc: 87.68
Loss   2.67 Loss_Lx   2.52 Loss_Lu 0.03008
10:58:40 Epoch 46 Test Acc: 87.84
10:58:43 Epoch 46  EMA Test Acc: 89.0
Loss   2.70 Loss_Lx   2.55 Loss_Lu 0.03049
11:00:30 Epoch 47 Test Acc: 87.68
11:00:33 Epoch 47  EMA Test Acc: 89.44
Loss   2.66 Loss_Lx   2.51 Loss_Lu 0.02984
11:02:19 Epoch 48 Test Acc: 88.78
11:02:21 Epoch 48  EMA Test Acc: 87.15
Loss   2.68 Loss_Lx   2.53 Loss_Lu 0.02999
11:04:08 Epoch 49 Test Acc: 89.1
11:04:11 Epoch 49  EMA Test Acc: 87.23
Loss   2.67 Loss_Lx   2.52 Loss_Lu 0.03016
11:05:58 Epoch 50 Test Acc: 89.0
11:06:01 Epoch 50  EMA Test Acc: 88.73
Loss   2.67 Loss_Lx   2.52 Loss_Lu 0.03005
11:07:48 Epoch 51 Test Acc: 89.49
11:07:50 Epoch 51  EMA Test Acc: 90.49
Loss   2.67 Loss_Lx   2.52 Loss_Lu 0.03025
11:09:37 Epoch 52 Test Acc: 88.74
11:09:39 Epoch 52  EMA Test Acc: 89.3
Loss   2.67 Loss_Lx   2.52 Loss_Lu 0.02992
11:11:27 Epoch 53 Test Acc: 89.24
11:11:29 Epoch 53  EMA Test Acc: 89.01
Loss   2.67 Loss_Lx   2.52 Loss_Lu 0.03001
11:13:16 Epoch 54 Test Acc: 89.17
11:13:18 Epoch 54  EMA Test Acc: 89.92
Loss   2.62 Loss_Lx   2.47 Loss_Lu 0.02971
11:15:04 Epoch 55 Test Acc: 88.96
11:15:07 Epoch 55  EMA Test Acc: 90.24
Loss   2.63 Loss_Lx   2.48 Loss_Lu 0.02984
11:16:53 Epoch 56 Test Acc: 89.32
11:16:55 Epoch 56  EMA Test Acc: 90.09
Loss   2.61 Loss_Lx   2.46 Loss_Lu 0.02960
11:18:41 Epoch 57 Test Acc: 89.04
11:18:43 Epoch 57  EMA Test Acc: 90.56
Loss   2.60 Loss_Lx   2.45 Loss_Lu 0.02977
11:20:30 Epoch 58 Test Acc: 90.03
11:20:32 Epoch 58  EMA Test Acc: 90.98
Loss   2.62 Loss_Lx   2.47 Loss_Lu 0.02985
11:22:19 Epoch 59 Test Acc: 88.97
11:22:21 Epoch 59  EMA Test Acc: 90.59
Loss   2.59 Loss_Lx   2.44 Loss_Lu 0.02903
11:24:07 Epoch 60 Test Acc: 90.09
11:24:10 Epoch 60  EMA Test Acc: 89.56
Loss   2.57 Loss_Lx   2.42 Loss_Lu 0.02979
11:25:56 Epoch 61 Test Acc: 89.79
11:25:58 Epoch 61  EMA Test Acc: 91.06
Loss   2.57 Loss_Lx   2.42 Loss_Lu 0.02948
11:27:43 Epoch 62 Test Acc: 90.44
11:27:46 Epoch 62  EMA Test Acc: 90.65
Loss   2.58 Loss_Lx   2.43 Loss_Lu 0.02939
11:29:31 Epoch 63 Test Acc: 89.35
11:29:34 Epoch 63  EMA Test Acc: 91.42
Loss   2.59 Loss_Lx   2.44 Loss_Lu 0.02972
11:31:19 Epoch 64 Test Acc: 90.43
11:31:21 Epoch 64  EMA Test Acc: 90.17
Loss   2.58 Loss_Lx   2.43 Loss_Lu 0.02968
11:33:07 Epoch 65 Test Acc: 90.28
11:33:10 Epoch 65  EMA Test Acc: 91.57
Loss   2.58 Loss_Lx   2.43 Loss_Lu 0.02956
11:34:55 Epoch 66 Test Acc: 89.72
11:34:57 Epoch 66  EMA Test Acc: 91.52
Loss   2.55 Loss_Lx   2.40 Loss_Lu 0.02959
11:36:42 Epoch 67 Test Acc: 90.74
11:36:45 Epoch 67  EMA Test Acc: 90.63
Loss   2.58 Loss_Lx   2.43 Loss_Lu 0.02969
11:38:30 Epoch 68 Test Acc: 90.5
11:38:32 Epoch 68  EMA Test Acc: 90.5
Loss   2.56 Loss_Lx   2.42 Loss_Lu 0.02946
11:40:18 Epoch 69 Test Acc: 90.57
11:40:20 Epoch 69  EMA Test Acc: 91.71
Loss   2.54 Loss_Lx   2.39 Loss_Lu 0.02898
11:42:05 Epoch 70 Test Acc: 90.26
11:42:08 Epoch 70  EMA Test Acc: 90.8
Loss   2.56 Loss_Lx   2.41 Loss_Lu 0.02940
11:43:53 Epoch 71 Test Acc: 90.91
11:43:56 Epoch 71  EMA Test Acc: 91.78
Loss   2.54 Loss_Lx   2.39 Loss_Lu 0.02943
11:45:41 Epoch 72 Test Acc: 90.62
11:45:43 Epoch 72  EMA Test Acc: 91.39
Loss   2.53 Loss_Lx   2.39 Loss_Lu 0.02939
11:47:28 Epoch 73 Test Acc: 90.06
11:47:30 Epoch 73  EMA Test Acc: 90.52
Loss   2.53 Loss_Lx   2.39 Loss_Lu 0.02894
11:49:15 Epoch 74 Test Acc: 90.47
11:49:17 Epoch 74  EMA Test Acc: 91.19
Loss   2.51 Loss_Lx   2.36 Loss_Lu 0.02885
11:51:02 Epoch 75 Test Acc: 90.98
11:51:04 Epoch 75  EMA Test Acc: 91.99
Loss   2.51 Loss_Lx   2.36 Loss_Lu 0.02889
11:52:49 Epoch 76 Test Acc: 90.99
11:52:51 Epoch 76  EMA Test Acc: 91.46
Loss   2.52 Loss_Lx   2.38 Loss_Lu 0.02910
11:54:37 Epoch 77 Test Acc: 90.73
11:54:39 Epoch 77  EMA Test Acc: 92.01
Loss   2.51 Loss_Lx   2.37 Loss_Lu 0.02884
11:56:24 Epoch 78 Test Acc: 90.74
11:56:27 Epoch 78  EMA Test Acc: 91.63
Loss   2.50 Loss_Lx   2.36 Loss_Lu 0.02878
11:58:12 Epoch 79 Test Acc: 90.7
11:58:14 Epoch 79  EMA Test Acc: 91.71
Loss   2.51 Loss_Lx   2.37 Loss_Lu 0.02894
11:59:59 Epoch 80 Test Acc: 89.93
12:00:02 Epoch 80  EMA Test Acc: 90.45
Loss   2.49 Loss_Lx   2.34 Loss_Lu 0.02878
12:01:46 Epoch 81 Test Acc: 91.0
12:01:49 Epoch 81  EMA Test Acc: 91.53
Loss   2.51 Loss_Lx   2.36 Loss_Lu 0.02890
12:03:34 Epoch 82 Test Acc: 91.36
12:03:36 Epoch 82  EMA Test Acc: 91.39
Loss   2.52 Loss_Lx   2.38 Loss_Lu 0.02918
12:05:21 Epoch 83 Test Acc: 90.42
12:05:24 Epoch 83  EMA Test Acc: 91.94
Loss   2.50 Loss_Lx   2.35 Loss_Lu 0.02891
12:07:09 Epoch 84 Test Acc: 91.13
12:07:11 Epoch 84  EMA Test Acc: 91.47
Loss   2.49 Loss_Lx   2.35 Loss_Lu 0.02859
12:08:56 Epoch 85 Test Acc: 91.99
12:08:58 Epoch 85  EMA Test Acc: 91.94
Loss   2.46 Loss_Lx   2.32 Loss_Lu 0.02828
12:10:44 Epoch 86 Test Acc: 91.79
12:10:46 Epoch 86  EMA Test Acc: 91.69
Loss   2.45 Loss_Lx   2.31 Loss_Lu 0.02865
12:12:31 Epoch 87 Test Acc: 90.84
12:12:33 Epoch 87  EMA Test Acc: 91.84
Loss   2.45 Loss_Lx   2.31 Loss_Lu 0.02845
12:14:18 Epoch 88 Test Acc: 90.81
12:14:21 Epoch 88  EMA Test Acc: 92.29
Loss   2.44 Loss_Lx   2.30 Loss_Lu 0.02818
12:16:06 Epoch 89 Test Acc: 91.93
12:16:08 Epoch 89  EMA Test Acc: 92.27
Loss   2.45 Loss_Lx   2.31 Loss_Lu 0.02834
12:17:53 Epoch 90 Test Acc: 91.21
12:17:56 Epoch 90  EMA Test Acc: 92.64
Loss   2.43 Loss_Lx   2.29 Loss_Lu 0.02811
12:19:41 Epoch 91 Test Acc: 91.56
12:19:43 Epoch 91  EMA Test Acc: 92.94
Loss   2.45 Loss_Lx   2.31 Loss_Lu 0.02813
12:21:28 Epoch 92 Test Acc: 92.03
12:21:30 Epoch 92  EMA Test Acc: 92.49
Loss   2.41 Loss_Lx   2.27 Loss_Lu 0.02778
12:23:15 Epoch 93 Test Acc: 91.58
12:23:18 Epoch 93  EMA Test Acc: 93.03
Loss   2.43 Loss_Lx   2.29 Loss_Lu 0.02806
12:25:03 Epoch 94 Test Acc: 91.99
12:25:05 Epoch 94  EMA Test Acc: 92.91
Loss   2.43 Loss_Lx   2.29 Loss_Lu 0.02789
12:26:50 Epoch 95 Test Acc: 91.41
12:26:53 Epoch 95  EMA Test Acc: 91.14
Loss   2.43 Loss_Lx   2.29 Loss_Lu 0.02809
12:28:38 Epoch 96 Test Acc: 92.29
12:28:40 Epoch 96  EMA Test Acc: 91.79
Loss   2.44 Loss_Lx   2.30 Loss_Lu 0.02865
12:30:25 Epoch 97 Test Acc: 91.9
12:30:28 Epoch 97  EMA Test Acc: 92.29
Loss   2.42 Loss_Lx   2.28 Loss_Lu 0.02795
12:32:13 Epoch 98 Test Acc: 91.28
12:32:15 Epoch 98  EMA Test Acc: 92.9
Loss   2.43 Loss_Lx   2.30 Loss_Lu 0.02795
12:34:00 Epoch 99 Test Acc: 90.89
12:34:03 Epoch 99  EMA Test Acc: 92.28
Loss   2.43 Loss_Lx   2.29 Loss_Lu 0.02782
12:35:48 Epoch 100 Test Acc: 91.88
12:35:50 Epoch 100  EMA Test Acc: 93.0
Loss   2.39 Loss_Lx   2.26 Loss_Lu 0.02788
12:37:35 Epoch 101 Test Acc: 91.99
12:37:37 Epoch 101  EMA Test Acc: 92.88
Loss   2.38 Loss_Lx   2.24 Loss_Lu 0.02729
12:39:22 Epoch 102 Test Acc: 91.96
12:39:25 Epoch 102  EMA Test Acc: 92.93
Loss   2.40 Loss_Lx   2.26 Loss_Lu 0.02782
12:41:09 Epoch 103 Test Acc: 92.33
12:41:12 Epoch 103  EMA Test Acc: 92.57
Loss   2.39 Loss_Lx   2.25 Loss_Lu 0.02743
12:42:57 Epoch 104 Test Acc: 92.02
12:42:59 Epoch 104  EMA Test Acc: 92.64
Loss   2.38 Loss_Lx   2.24 Loss_Lu 0.02761
12:44:45 Epoch 105 Test Acc: 92.67
12:44:47 Epoch 105  EMA Test Acc: 92.82
Loss   2.40 Loss_Lx   2.26 Loss_Lu 0.02767
12:46:32 Epoch 106 Test Acc: 92.1
12:46:34 Epoch 106  EMA Test Acc: 92.61
Loss   2.39 Loss_Lx   2.25 Loss_Lu 0.02754
12:48:19 Epoch 107 Test Acc: 92.12
12:48:22 Epoch 107  EMA Test Acc: 93.27
Loss   2.38 Loss_Lx   2.25 Loss_Lu 0.02756
12:50:06 Epoch 108 Test Acc: 92.29
12:50:09 Epoch 108  EMA Test Acc: 92.51
Loss   2.35 Loss_Lx   2.21 Loss_Lu 0.02718
12:51:54 Epoch 109 Test Acc: 92.13
12:51:57 Epoch 109  EMA Test Acc: 92.11
Loss   2.38 Loss_Lx   2.24 Loss_Lu 0.02760
12:53:42 Epoch 110 Test Acc: 92.84
12:53:44 Epoch 110  EMA Test Acc: 92.79
Loss   2.36 Loss_Lx   2.22 Loss_Lu 0.02724
12:55:29 Epoch 111 Test Acc: 92.14
12:55:31 Epoch 111  EMA Test Acc: 92.62
Loss   2.35 Loss_Lx   2.21 Loss_Lu 0.02723
12:57:16 Epoch 112 Test Acc: 92.11
12:57:18 Epoch 112  EMA Test Acc: 92.08
Loss   2.36 Loss_Lx   2.22 Loss_Lu 0.02726
12:59:03 Epoch 113 Test Acc: 92.14
12:59:06 Epoch 113  EMA Test Acc: 93.4
Loss   2.34 Loss_Lx   2.20 Loss_Lu 0.02719
13:00:51 Epoch 114 Test Acc: 92.35
13:00:53 Epoch 114  EMA Test Acc: 93.11
Loss   2.36 Loss_Lx   2.23 Loss_Lu 0.02707
13:02:38 Epoch 115 Test Acc: 92.29
13:02:41 Epoch 115  EMA Test Acc: 93.13
Loss   2.32 Loss_Lx   2.19 Loss_Lu 0.02682
13:04:25 Epoch 116 Test Acc: 92.84
13:04:28 Epoch 116  EMA Test Acc: 92.87
Loss   2.33 Loss_Lx   2.19 Loss_Lu 0.02708
13:06:13 Epoch 117 Test Acc: 92.54
13:06:15 Epoch 117  EMA Test Acc: 93.54
Loss   2.33 Loss_Lx   2.20 Loss_Lu 0.02661
13:08:01 Epoch 118 Test Acc: 92.79
13:08:03 Epoch 118  EMA Test Acc: 92.79
Loss   2.32 Loss_Lx   2.19 Loss_Lu 0.02662
13:09:48 Epoch 119 Test Acc: 92.67
13:09:51 Epoch 119  EMA Test Acc: 93.13
Loss   2.33 Loss_Lx   2.19 Loss_Lu 0.02680
13:11:35 Epoch 120 Test Acc: 92.9
13:11:38 Epoch 120  EMA Test Acc: 92.49
Loss   2.33 Loss_Lx   2.19 Loss_Lu 0.02672
13:13:23 Epoch 121 Test Acc: 92.81
13:13:25 Epoch 121  EMA Test Acc: 93.17
Loss   2.31 Loss_Lx   2.18 Loss_Lu 0.02647
13:15:10 Epoch 122 Test Acc: 92.85
13:15:13 Epoch 122  EMA Test Acc: 92.49
Loss   2.33 Loss_Lx   2.20 Loss_Lu 0.02709
13:16:58 Epoch 123 Test Acc: 92.44
13:17:00 Epoch 123  EMA Test Acc: 93.19
Loss   2.32 Loss_Lx   2.19 Loss_Lu 0.02664
13:18:45 Epoch 124 Test Acc: 92.85
13:18:48 Epoch 124  EMA Test Acc: 93.04
Loss   2.30 Loss_Lx   2.16 Loss_Lu 0.02633
13:20:33 Epoch 125 Test Acc: 93.02
13:20:35 Epoch 125  EMA Test Acc: 93.03
Loss   2.30 Loss_Lx   2.17 Loss_Lu 0.02638
13:22:20 Epoch 126 Test Acc: 92.54
13:22:22 Epoch 126  EMA Test Acc: 93.06
Loss   2.30 Loss_Lx   2.17 Loss_Lu 0.02634
13:24:07 Epoch 127 Test Acc: 92.91
13:24:10 Epoch 127  EMA Test Acc: 93.2
Loss   2.29 Loss_Lx   2.16 Loss_Lu 0.02649
13:25:55 Epoch 128 Test Acc: 92.6
13:25:57 Epoch 128  EMA Test Acc: 93.23
Loss   2.28 Loss_Lx   2.15 Loss_Lu 0.02620
13:27:42 Epoch 129 Test Acc: 92.91
13:27:44 Epoch 129  EMA Test Acc: 93.48
Loss   2.29 Loss_Lx   2.16 Loss_Lu 0.02629
13:29:29 Epoch 130 Test Acc: 92.59
13:29:32 Epoch 130  EMA Test Acc: 93.35
Loss   2.28 Loss_Lx   2.15 Loss_Lu 0.02609
13:31:17 Epoch 131 Test Acc: 93.05
13:31:19 Epoch 131  EMA Test Acc: 93.49
Loss   2.26 Loss_Lx   2.13 Loss_Lu 0.02590
13:33:04 Epoch 132 Test Acc: 93.52
13:33:07 Epoch 132  EMA Test Acc: 93.88
Loss   2.25 Loss_Lx   2.12 Loss_Lu 0.02616
13:34:52 Epoch 133 Test Acc: 93.16
13:34:54 Epoch 133  EMA Test Acc: 93.41
Loss   2.28 Loss_Lx   2.15 Loss_Lu 0.02603
13:36:39 Epoch 134 Test Acc: 93.16
13:36:41 Epoch 134  EMA Test Acc: 93.01
Loss   2.25 Loss_Lx   2.12 Loss_Lu 0.02561
13:38:26 Epoch 135 Test Acc: 92.47
13:38:29 Epoch 135  EMA Test Acc: 93.21
Loss   2.24 Loss_Lx   2.11 Loss_Lu 0.02539
13:40:14 Epoch 136 Test Acc: 93.11
13:40:16 Epoch 136  EMA Test Acc: 93.15
Loss   2.25 Loss_Lx   2.12 Loss_Lu 0.02572
13:42:02 Epoch 137 Test Acc: 92.99
13:42:04 Epoch 137  EMA Test Acc: 93.64
Loss   2.24 Loss_Lx   2.11 Loss_Lu 0.02554
13:43:49 Epoch 138 Test Acc: 93.21
13:43:52 Epoch 138  EMA Test Acc: 93.15
Loss   2.23 Loss_Lx   2.10 Loss_Lu 0.02548
13:45:37 Epoch 139 Test Acc: 93.25
13:45:39 Epoch 139  EMA Test Acc: 93.38
Loss   2.24 Loss_Lx   2.11 Loss_Lu 0.02538
13:47:24 Epoch 140 Test Acc: 93.24
13:47:27 Epoch 140  EMA Test Acc: 93.18
Loss   2.26 Loss_Lx   2.13 Loss_Lu 0.02572
13:49:11 Epoch 141 Test Acc: 92.84
13:49:14 Epoch 141  EMA Test Acc: 93.92
Loss   2.23 Loss_Lx   2.10 Loss_Lu 0.02527
13:50:59 Epoch 142 Test Acc: 93.12
13:51:01 Epoch 142  EMA Test Acc: 93.29
Loss   2.21 Loss_Lx   2.09 Loss_Lu 0.02495
13:52:47 Epoch 143 Test Acc: 92.9
13:52:49 Epoch 143  EMA Test Acc: 93.68
Loss   2.21 Loss_Lx   2.09 Loss_Lu 0.02495
13:54:34 Epoch 144 Test Acc: 92.94
13:54:37 Epoch 144  EMA Test Acc: 93.4
Loss   2.20 Loss_Lx   2.07 Loss_Lu 0.02525
13:56:22 Epoch 145 Test Acc: 93.03
13:56:24 Epoch 145  EMA Test Acc: 93.39
Loss   2.21 Loss_Lx   2.08 Loss_Lu 0.02522
13:58:09 Epoch 146 Test Acc: 93.14
13:58:11 Epoch 146  EMA Test Acc: 93.33
Loss   2.21 Loss_Lx   2.08 Loss_Lu 0.02485
13:59:56 Epoch 147 Test Acc: 93.15
13:59:58 Epoch 147  EMA Test Acc: 93.7
Loss   2.20 Loss_Lx   2.08 Loss_Lu 0.02464
14:01:43 Epoch 148 Test Acc: 92.94
14:01:46 Epoch 148  EMA Test Acc: 93.57
Loss   2.20 Loss_Lx   2.07 Loss_Lu 0.02500
14:03:30 Epoch 149 Test Acc: 93.17
14:03:33 Epoch 149  EMA Test Acc: 93.77
Loss   1.63 Loss_Lx   1.54 Loss_Lu 0.01845
14:05:18 Epoch 150 Test Acc: 93.21
14:05:20 Epoch 150  EMA Test Acc: 92.59
Loss   1.61 Loss_Lx   1.52 Loss_Lu 0.01805
14:07:04 Epoch 151 Test Acc: 92.84
14:07:07 Epoch 151  EMA Test Acc: 93.84
Loss   1.64 Loss_Lx   1.55 Loss_Lu 0.01864
14:08:52 Epoch 152 Test Acc: 92.81
14:08:55 Epoch 152  EMA Test Acc: 93.88
Loss   1.67 Loss_Lx   1.58 Loss_Lu 0.01872
14:10:40 Epoch 153 Test Acc: 93.37
14:10:43 Epoch 153  EMA Test Acc: 93.94
Loss   1.63 Loss_Lx   1.54 Loss_Lu 0.01841
14:12:28 Epoch 154 Test Acc: 93.29
14:12:30 Epoch 154  EMA Test Acc: 93.7
Loss   1.65 Loss_Lx   1.56 Loss_Lu 0.01859
14:14:16 Epoch 155 Test Acc: 93.34
14:14:18 Epoch 155  EMA Test Acc: 93.74
Loss   1.59 Loss_Lx   1.50 Loss_Lu 0.01792
14:16:04 Epoch 156 Test Acc: 93.34
14:16:06 Epoch 156  EMA Test Acc: 93.33
Loss   1.62 Loss_Lx   1.53 Loss_Lu 0.01798
14:17:52 Epoch 157 Test Acc: 92.86
14:17:54 Epoch 157  EMA Test Acc: 93.52
Loss   1.58 Loss_Lx   1.49 Loss_Lu 0.01786
14:19:40 Epoch 158 Test Acc: 92.75
14:19:42 Epoch 158  EMA Test Acc: 92.87
Loss   1.59 Loss_Lx   1.50 Loss_Lu 0.01815
14:21:28 Epoch 159 Test Acc: 93.68
14:21:30 Epoch 159  EMA Test Acc: 93.37
Loss   1.60 Loss_Lx   1.51 Loss_Lu 0.01815
14:23:15 Epoch 160 Test Acc: 93.25
14:23:18 Epoch 160  EMA Test Acc: 93.44
Loss   1.56 Loss_Lx   1.48 Loss_Lu 0.01766
14:25:03 Epoch 161 Test Acc: 93.0
14:25:06 Epoch 161  EMA Test Acc: 93.4
Loss   1.53 Loss_Lx   1.44 Loss_Lu 0.01685
14:26:52 Epoch 162 Test Acc: 93.76
14:26:54 Epoch 162  EMA Test Acc: 93.78
Loss   1.59 Loss_Lx   1.50 Loss_Lu 0.01790
14:28:39 Epoch 163 Test Acc: 93.25
14:28:42 Epoch 163  EMA Test Acc: 93.82
Loss   1.56 Loss_Lx   1.48 Loss_Lu 0.01715
14:30:27 Epoch 164 Test Acc: 93.22
14:30:29 Epoch 164  EMA Test Acc: 93.44
Loss   1.64 Loss_Lx   1.55 Loss_Lu 0.01822
14:32:14 Epoch 165 Test Acc: 93.35
14:32:17 Epoch 165  EMA Test Acc: 93.63
Loss   1.57 Loss_Lx   1.48 Loss_Lu 0.01754
14:34:02 Epoch 166 Test Acc: 93.52
14:34:04 Epoch 166  EMA Test Acc: 93.58
Loss   1.54 Loss_Lx   1.45 Loss_Lu 0.01712
14:35:50 Epoch 167 Test Acc: 93.38
14:35:52 Epoch 167  EMA Test Acc: 93.98
Loss   1.57 Loss_Lx   1.49 Loss_Lu 0.01731
14:37:38 Epoch 168 Test Acc: 93.26
14:37:40 Epoch 168  EMA Test Acc: 93.78
Loss   1.58 Loss_Lx   1.49 Loss_Lu 0.01763
14:39:26 Epoch 169 Test Acc: 92.74
14:39:28 Epoch 169  EMA Test Acc: 93.28
Loss   1.57 Loss_Lx   1.49 Loss_Lu 0.01749
14:41:14 Epoch 170 Test Acc: 93.25
14:41:16 Epoch 170  EMA Test Acc: 93.77
Loss   1.49 Loss_Lx   1.41 Loss_Lu 0.01645
14:43:02 Epoch 171 Test Acc: 93.4
14:43:04 Epoch 171  EMA Test Acc: 93.41
Loss   1.56 Loss_Lx   1.47 Loss_Lu 0.01682
14:44:50 Epoch 172 Test Acc: 93.35
14:44:52 Epoch 172  EMA Test Acc: 94.04
Loss   1.53 Loss_Lx   1.45 Loss_Lu 0.01691
14:46:38 Epoch 173 Test Acc: 93.24
14:46:40 Epoch 173  EMA Test Acc: 94.02
Loss   1.59 Loss_Lx   1.51 Loss_Lu 0.01707
14:48:25 Epoch 174 Test Acc: 93.55
14:48:28 Epoch 174  EMA Test Acc: 93.64
Loss   1.52 Loss_Lx   1.44 Loss_Lu 0.01657
14:50:13 Epoch 175 Test Acc: 93.37
14:50:16 Epoch 175  EMA Test Acc: 93.62
Loss   1.54 Loss_Lx   1.46 Loss_Lu 0.01663
14:52:01 Epoch 176 Test Acc: 93.63
14:52:03 Epoch 176  EMA Test Acc: 93.81
Loss   1.49 Loss_Lx   1.41 Loss_Lu 0.01621
14:53:49 Epoch 177 Test Acc: 92.81
14:53:51 Epoch 177  EMA Test Acc: 93.96
Loss   1.46 Loss_Lx   1.38 Loss_Lu 0.01622
14:55:37 Epoch 178 Test Acc: 93.21
14:55:39 Epoch 178  EMA Test Acc: 93.58
Loss   1.52 Loss_Lx   1.44 Loss_Lu 0.01632
14:57:24 Epoch 179 Test Acc: 93.91
14:57:27 Epoch 179  EMA Test Acc: 93.86
Loss   1.56 Loss_Lx   1.47 Loss_Lu 0.01695
14:59:12 Epoch 180 Test Acc: 93.56
14:59:14 Epoch 180  EMA Test Acc: 94.02
Loss   1.52 Loss_Lx   1.44 Loss_Lu 0.01628
15:01:00 Epoch 181 Test Acc: 93.62
15:01:02 Epoch 181  EMA Test Acc: 93.98
Loss   1.49 Loss_Lx   1.41 Loss_Lu 0.01606
15:02:48 Epoch 182 Test Acc: 93.32
15:02:50 Epoch 182  EMA Test Acc: 93.92
Loss   1.53 Loss_Lx   1.45 Loss_Lu 0.01632
15:04:36 Epoch 183 Test Acc: 93.56
15:04:38 Epoch 183  EMA Test Acc: 93.64
Loss   1.57 Loss_Lx   1.49 Loss_Lu 0.01685
15:06:23 Epoch 184 Test Acc: 94.22
15:06:26 Epoch 184  EMA Test Acc: 93.99
Loss   1.52 Loss_Lx   1.44 Loss_Lu 0.01625
15:08:11 Epoch 185 Test Acc: 93.55
15:08:14 Epoch 185  EMA Test Acc: 93.8
Loss   1.49 Loss_Lx   1.41 Loss_Lu 0.01589
15:09:59 Epoch 186 Test Acc: 93.29
15:10:02 Epoch 186  EMA Test Acc: 93.33
Loss   1.51 Loss_Lx   1.43 Loss_Lu 0.01611
15:11:47 Epoch 187 Test Acc: 94.1
15:11:50 Epoch 187  EMA Test Acc: 93.72
Loss   1.46 Loss_Lx   1.38 Loss_Lu 0.01555
15:13:35 Epoch 188 Test Acc: 93.81
15:13:37 Epoch 188  EMA Test Acc: 93.81
Loss   1.43 Loss_Lx   1.36 Loss_Lu 0.01528
15:15:23 Epoch 189 Test Acc: 93.7
15:15:25 Epoch 189  EMA Test Acc: 93.99
Loss   1.42 Loss_Lx   1.35 Loss_Lu 0.01477
15:17:11 Epoch 190 Test Acc: 93.08
15:17:13 Epoch 190  EMA Test Acc: 93.45
Loss   1.51 Loss_Lx   1.43 Loss_Lu 0.01618
15:18:58 Epoch 191 Test Acc: 93.47
15:19:01 Epoch 191  EMA Test Acc: 93.7
Loss   1.44 Loss_Lx   1.37 Loss_Lu 0.01513
15:20:46 Epoch 192 Test Acc: 93.86
15:20:49 Epoch 192  EMA Test Acc: 93.73
Loss   1.47 Loss_Lx   1.40 Loss_Lu 0.01548
15:22:34 Epoch 193 Test Acc: 93.49
15:22:37 Epoch 193  EMA Test Acc: 94.08
Loss   1.44 Loss_Lx   1.37 Loss_Lu 0.01514
15:24:22 Epoch 194 Test Acc: 93.58
15:24:25 Epoch 194  EMA Test Acc: 93.95
Loss   1.49 Loss_Lx   1.41 Loss_Lu 0.01570
15:26:11 Epoch 195 Test Acc: 93.83
15:26:13 Epoch 195  EMA Test Acc: 93.88
Loss   1.44 Loss_Lx   1.37 Loss_Lu 0.01487
15:27:59 Epoch 196 Test Acc: 93.66
15:28:01 Epoch 196  EMA Test Acc: 93.87
Loss   1.42 Loss_Lx   1.35 Loss_Lu 0.01473
15:29:46 Epoch 197 Test Acc: 93.98
15:29:49 Epoch 197  EMA Test Acc: 93.92
Loss   1.47 Loss_Lx   1.39 Loss_Lu 0.01546
15:31:34 Epoch 198 Test Acc: 93.81
15:31:36 Epoch 198  EMA Test Acc: 93.99
Loss   1.44 Loss_Lx   1.37 Loss_Lu 0.01518
15:33:22 Epoch 199 Test Acc: 93.71
15:33:24 Epoch 199  EMA Test Acc: 94.11
Loss   1.41 Loss_Lx   1.34 Loss_Lu 0.01439
15:35:09 Epoch 200 Test Acc: 93.95
15:35:12 Epoch 200  EMA Test Acc: 93.99
Loss   1.55 Loss_Lx   1.47 Loss_Lu 0.01597
15:36:57 Epoch 201 Test Acc: 93.78
15:36:59 Epoch 201  EMA Test Acc: 93.92
Loss   1.43 Loss_Lx   1.35 Loss_Lu 0.01476
15:38:44 Epoch 202 Test Acc: 93.96
15:38:47 Epoch 202  EMA Test Acc: 94.14
Loss   1.41 Loss_Lx   1.34 Loss_Lu 0.01441
15:40:32 Epoch 203 Test Acc: 93.96
15:40:34 Epoch 203  EMA Test Acc: 94.02
Loss   1.46 Loss_Lx   1.39 Loss_Lu 0.01487
15:42:19 Epoch 204 Test Acc: 93.9
15:42:22 Epoch 204  EMA Test Acc: 93.82
Loss   1.45 Loss_Lx   1.37 Loss_Lu 0.01463
15:44:07 Epoch 205 Test Acc: 93.89
15:44:10 Epoch 205  EMA Test Acc: 93.84
Loss   1.41 Loss_Lx   1.34 Loss_Lu 0.01402
15:45:55 Epoch 206 Test Acc: 93.93
15:45:58 Epoch 206  EMA Test Acc: 93.94
Loss   1.46 Loss_Lx   1.39 Loss_Lu 0.01474
15:47:43 Epoch 207 Test Acc: 93.79
15:47:46 Epoch 207  EMA Test Acc: 94.18
Loss   1.44 Loss_Lx   1.36 Loss_Lu 0.01458
15:49:31 Epoch 208 Test Acc: 94.3
15:49:33 Epoch 208  EMA Test Acc: 94.11
Loss   1.47 Loss_Lx   1.39 Loss_Lu 0.01488
15:51:19 Epoch 209 Test Acc: 93.78
15:51:21 Epoch 209  EMA Test Acc: 94.2
Loss   1.41 Loss_Lx   1.34 Loss_Lu 0.01421
15:53:07 Epoch 210 Test Acc: 93.6
15:53:09 Epoch 210  EMA Test Acc: 93.86
Loss   1.40 Loss_Lx   1.33 Loss_Lu 0.01393
15:54:54 Epoch 211 Test Acc: 93.9
15:54:57 Epoch 211  EMA Test Acc: 93.76
Loss   1.50 Loss_Lx   1.42 Loss_Lu 0.01530
15:56:42 Epoch 212 Test Acc: 93.82
15:56:45 Epoch 212  EMA Test Acc: 93.87
Loss   1.43 Loss_Lx   1.36 Loss_Lu 0.01414
15:58:30 Epoch 213 Test Acc: 93.49
15:58:32 Epoch 213  EMA Test Acc: 93.91
Loss   1.39 Loss_Lx   1.32 Loss_Lu 0.01375
16:00:18 Epoch 214 Test Acc: 93.96
16:00:20 Epoch 214  EMA Test Acc: 93.81
Loss   1.46 Loss_Lx   1.39 Loss_Lu 0.01482
16:02:06 Epoch 215 Test Acc: 93.87
16:02:08 Epoch 215  EMA Test Acc: 94.08
Loss   1.44 Loss_Lx   1.37 Loss_Lu 0.01408
16:03:54 Epoch 216 Test Acc: 93.54
16:03:56 Epoch 216  EMA Test Acc: 94.02
Loss   1.41 Loss_Lx   1.34 Loss_Lu 0.01398
16:05:41 Epoch 217 Test Acc: 94.0
16:05:44 Epoch 217  EMA Test Acc: 93.67
Loss   1.39 Loss_Lx   1.32 Loss_Lu 0.01379
16:07:29 Epoch 218 Test Acc: 94.05
16:07:32 Epoch 218  EMA Test Acc: 93.95
Loss   1.44 Loss_Lx   1.37 Loss_Lu 0.01421
16:09:17 Epoch 219 Test Acc: 94.27
16:09:19 Epoch 219  EMA Test Acc: 93.8
Loss   1.44 Loss_Lx   1.36 Loss_Lu 0.01433
16:11:05 Epoch 220 Test Acc: 94.22
16:11:07 Epoch 220  EMA Test Acc: 94.18
Loss   1.46 Loss_Lx   1.38 Loss_Lu 0.01420
16:12:53 Epoch 221 Test Acc: 93.98
16:12:55 Epoch 221  EMA Test Acc: 94.1
Loss   1.41 Loss_Lx   1.34 Loss_Lu 0.01366
16:14:41 Epoch 222 Test Acc: 93.93
16:14:43 Epoch 222  EMA Test Acc: 94.19
Loss   1.44 Loss_Lx   1.37 Loss_Lu 0.01401
16:16:28 Epoch 223 Test Acc: 94.22
16:16:31 Epoch 223  EMA Test Acc: 94.13
Loss   1.44 Loss_Lx   1.37 Loss_Lu 0.01434
16:18:16 Epoch 224 Test Acc: 93.94
16:18:18 Epoch 224  EMA Test Acc: 94.18
Loss   1.38 Loss_Lx   1.31 Loss_Lu 0.01335
16:20:04 Epoch 225 Test Acc: 94.2
16:20:06 Epoch 225  EMA Test Acc: 94.28
Loss   1.36 Loss_Lx   1.29 Loss_Lu 0.01322
16:21:52 Epoch 226 Test Acc: 94.14
16:21:54 Epoch 226  EMA Test Acc: 93.94
Loss   1.44 Loss_Lx   1.37 Loss_Lu 0.01415
16:23:40 Epoch 227 Test Acc: 94.18
16:23:42 Epoch 227  EMA Test Acc: 94.31
Loss   1.36 Loss_Lx   1.30 Loss_Lu 0.01309
16:25:27 Epoch 228 Test Acc: 94.14
16:25:30 Epoch 228  EMA Test Acc: 94.22
Loss   1.37 Loss_Lx   1.30 Loss_Lu 0.01296
16:27:15 Epoch 229 Test Acc: 93.89
16:27:18 Epoch 229  EMA Test Acc: 94.22
Loss   1.37 Loss_Lx   1.31 Loss_Lu 0.01323
16:29:03 Epoch 230 Test Acc: 94.1
16:29:06 Epoch 230  EMA Test Acc: 94.06
Loss   1.36 Loss_Lx   1.29 Loss_Lu 0.01286
16:30:51 Epoch 231 Test Acc: 94.11
16:30:54 Epoch 231  EMA Test Acc: 94.12
Loss   1.44 Loss_Lx   1.37 Loss_Lu 0.01384
16:32:39 Epoch 232 Test Acc: 94.03
16:32:41 Epoch 232  EMA Test Acc: 94.01
Loss   1.36 Loss_Lx   1.30 Loss_Lu 0.01310
16:34:26 Epoch 233 Test Acc: 93.98
16:34:29 Epoch 233  EMA Test Acc: 94.11
Loss   1.40 Loss_Lx   1.33 Loss_Lu 0.01335
16:36:14 Epoch 234 Test Acc: 94.28
16:36:17 Epoch 234  EMA Test Acc: 94.22
Loss   1.36 Loss_Lx   1.30 Loss_Lu 0.01295
16:38:02 Epoch 235 Test Acc: 94.23
16:38:04 Epoch 235  EMA Test Acc: 94.01
Loss   1.41 Loss_Lx   1.34 Loss_Lu 0.01364
16:39:49 Epoch 236 Test Acc: 94.07
16:39:52 Epoch 236  EMA Test Acc: 93.93
Loss   1.39 Loss_Lx   1.32 Loss_Lu 0.01338
16:41:37 Epoch 237 Test Acc: 94.05
16:41:40 Epoch 237  EMA Test Acc: 94.21
Loss   1.32 Loss_Lx   1.26 Loss_Lu 0.01259
16:43:25 Epoch 238 Test Acc: 94.31
16:43:27 Epoch 238  EMA Test Acc: 94.2
Loss   1.39 Loss_Lx   1.33 Loss_Lu 0.01330
16:45:13 Epoch 239 Test Acc: 94.55
16:45:15 Epoch 239  EMA Test Acc: 94.25
Loss   1.41 Loss_Lx   1.34 Loss_Lu 0.01347
16:47:01 Epoch 240 Test Acc: 94.36
16:47:03 Epoch 240  EMA Test Acc: 94.49
Loss   1.42 Loss_Lx   1.36 Loss_Lu 0.01352
16:48:49 Epoch 241 Test Acc: 94.2
16:48:51 Epoch 241  EMA Test Acc: 94.51
Loss   1.42 Loss_Lx   1.35 Loss_Lu 0.01314
16:50:37 Epoch 242 Test Acc: 94.28
16:50:39 Epoch 242  EMA Test Acc: 94.37
Loss   1.42 Loss_Lx   1.36 Loss_Lu 0.01344
16:52:25 Epoch 243 Test Acc: 94.49
16:52:27 Epoch 243  EMA Test Acc: 94.44
Loss   1.32 Loss_Lx   1.26 Loss_Lu 0.01222
16:54:13 Epoch 244 Test Acc: 94.4
16:54:15 Epoch 244  EMA Test Acc: 94.3
Loss   1.32 Loss_Lx   1.26 Loss_Lu 0.01242
16:56:01 Epoch 245 Test Acc: 94.25
16:56:03 Epoch 245  EMA Test Acc: 94.33
Loss   1.39 Loss_Lx   1.32 Loss_Lu 0.01297
16:57:49 Epoch 246 Test Acc: 94.19
16:57:51 Epoch 246  EMA Test Acc: 94.34
Loss   1.36 Loss_Lx   1.30 Loss_Lu 0.01283
16:59:37 Epoch 247 Test Acc: 94.32
16:59:39 Epoch 247  EMA Test Acc: 94.21
Loss   1.40 Loss_Lx   1.33 Loss_Lu 0.01333
17:01:25 Epoch 248 Test Acc: 94.02
17:01:27 Epoch 248  EMA Test Acc: 94.28
Loss   1.44 Loss_Lx   1.37 Loss_Lu 0.01348
17:03:13 Epoch 249 Test Acc: 94.1
17:03:16 Epoch 249  EMA Test Acc: 94.23
Loss   1.41 Loss_Lx   1.35 Loss_Lu 0.01339
17:05:01 Epoch 250 Test Acc: 94.37
17:05:03 Epoch 250  EMA Test Acc: 94.23
Loss   1.38 Loss_Lx   1.31 Loss_Lu 0.01305
17:06:49 Epoch 251 Test Acc: 94.27
17:06:52 Epoch 251  EMA Test Acc: 94.23
Loss   1.41 Loss_Lx   1.34 Loss_Lu 0.01355
17:08:37 Epoch 252 Test Acc: 94.18
17:08:40 Epoch 252  EMA Test Acc: 94.33
Loss   1.36 Loss_Lx   1.30 Loss_Lu 0.01274
17:10:25 Epoch 253 Test Acc: 94.29
17:10:27 Epoch 253  EMA Test Acc: 94.19
Loss   1.36 Loss_Lx   1.30 Loss_Lu 0.01284
17:12:12 Epoch 254 Test Acc: 94.33
17:12:14 Epoch 254  EMA Test Acc: 94.33
Loss   1.33 Loss_Lx   1.27 Loss_Lu 0.01232
17:14:00 Epoch 255 Test Acc: 94.38
17:14:02 Epoch 255  EMA Test Acc: 94.3
Loss   1.34 Loss_Lx   1.28 Loss_Lu 0.01269
17:15:48 Epoch 256 Test Acc: 94.26
17:15:51 Epoch 256  EMA Test Acc: 94.46
Loss   1.38 Loss_Lx   1.31 Loss_Lu 0.01298
17:17:37 Epoch 257 Test Acc: 94.28
17:17:39 Epoch 257  EMA Test Acc: 94.25
Loss   1.39 Loss_Lx   1.33 Loss_Lu 0.01290
17:19:25 Epoch 258 Test Acc: 94.28
17:19:27 Epoch 258  EMA Test Acc: 94.36
Loss   1.36 Loss_Lx   1.30 Loss_Lu 0.01272
17:21:13 Epoch 259 Test Acc: 94.36
17:21:16 Epoch 259  EMA Test Acc: 94.4
Loss   1.37 Loss_Lx   1.30 Loss_Lu 0.01251
17:23:01 Epoch 260 Test Acc: 94.17
17:23:04 Epoch 260  EMA Test Acc: 94.26
Loss   1.36 Loss_Lx   1.30 Loss_Lu 0.01238
17:24:49 Epoch 261 Test Acc: 94.28
17:24:52 Epoch 261  EMA Test Acc: 94.25
Loss   1.36 Loss_Lx   1.30 Loss_Lu 0.01307
17:26:37 Epoch 262 Test Acc: 94.31
17:26:40 Epoch 262  EMA Test Acc: 94.16
Loss   1.39 Loss_Lx   1.33 Loss_Lu 0.01332
17:28:25 Epoch 263 Test Acc: 94.21
17:28:28 Epoch 263  EMA Test Acc: 94.3
Loss   1.34 Loss_Lx   1.28 Loss_Lu 0.01262
17:30:13 Epoch 264 Test Acc: 94.4
17:30:16 Epoch 264  EMA Test Acc: 94.3
Loss   1.31 Loss_Lx   1.25 Loss_Lu 0.01224
17:32:02 Epoch 265 Test Acc: 94.3
17:32:04 Epoch 265  EMA Test Acc: 94.35
Loss   1.38 Loss_Lx   1.32 Loss_Lu 0.01287
17:33:50 Epoch 266 Test Acc: 94.31
17:33:52 Epoch 266  EMA Test Acc: 94.17
Loss   1.31 Loss_Lx   1.25 Loss_Lu 0.01205
17:35:38 Epoch 267 Test Acc: 94.15
17:35:40 Epoch 267  EMA Test Acc: 94.3
Loss   1.36 Loss_Lx   1.30 Loss_Lu 0.01245
17:37:26 Epoch 268 Test Acc: 94.35
17:37:28 Epoch 268  EMA Test Acc: 94.37
Loss   1.36 Loss_Lx   1.29 Loss_Lu 0.01271
17:39:14 Epoch 269 Test Acc: 94.19
17:39:16 Epoch 269  EMA Test Acc: 94.26
Loss   1.36 Loss_Lx   1.30 Loss_Lu 0.01257
17:41:02 Epoch 270 Test Acc: 94.17
17:41:04 Epoch 270  EMA Test Acc: 94.37
Loss   1.38 Loss_Lx   1.31 Loss_Lu 0.01282
17:42:50 Epoch 271 Test Acc: 94.06
17:42:53 Epoch 271  EMA Test Acc: 94.27
Loss   1.33 Loss_Lx   1.27 Loss_Lu 0.01231
17:44:38 Epoch 272 Test Acc: 94.27
17:44:40 Epoch 272  EMA Test Acc: 94.27
Loss   1.35 Loss_Lx   1.29 Loss_Lu 0.01258
17:46:26 Epoch 273 Test Acc: 94.25
17:46:29 Epoch 273  EMA Test Acc: 94.21
Loss   1.38 Loss_Lx   1.31 Loss_Lu 0.01249
17:48:14 Epoch 274 Test Acc: 94.27
17:48:17 Epoch 274  EMA Test Acc: 94.24
Loss   1.36 Loss_Lx   1.30 Loss_Lu 0.01288
17:50:02 Epoch 275 Test Acc: 94.28
17:50:05 Epoch 275  EMA Test Acc: 94.19
Loss   1.37 Loss_Lx   1.31 Loss_Lu 0.01269
17:51:50 Epoch 276 Test Acc: 94.18
17:51:53 Epoch 276  EMA Test Acc: 94.2
Loss   1.38 Loss_Lx   1.32 Loss_Lu 0.01298
17:53:38 Epoch 277 Test Acc: 94.47
17:53:41 Epoch 277  EMA Test Acc: 94.19
Loss   1.31 Loss_Lx   1.25 Loss_Lu 0.01200
17:55:26 Epoch 278 Test Acc: 94.38
17:55:29 Epoch 278  EMA Test Acc: 94.2
Loss   1.30 Loss_Lx   1.25 Loss_Lu 0.01167
17:57:14 Epoch 279 Test Acc: 94.48
17:57:17 Epoch 279  EMA Test Acc: 94.38
Loss   1.36 Loss_Lx   1.30 Loss_Lu 0.01257
17:59:02 Epoch 280 Test Acc: 94.38
17:59:05 Epoch 280  EMA Test Acc: 94.39
Loss   1.37 Loss_Lx   1.31 Loss_Lu 0.01281
18:00:50 Epoch 281 Test Acc: 94.22
18:00:53 Epoch 281  EMA Test Acc: 94.35
Loss   1.40 Loss_Lx   1.34 Loss_Lu 0.01313
18:02:39 Epoch 282 Test Acc: 94.28
18:02:41 Epoch 282  EMA Test Acc: 94.17
Loss   1.40 Loss_Lx   1.33 Loss_Lu 0.01315
18:04:26 Epoch 283 Test Acc: 94.29
18:04:29 Epoch 283  EMA Test Acc: 94.29
Loss   1.35 Loss_Lx   1.29 Loss_Lu 0.01212
18:06:14 Epoch 284 Test Acc: 94.23
18:06:17 Epoch 284  EMA Test Acc: 94.23
Loss   1.34 Loss_Lx   1.28 Loss_Lu 0.01218
18:08:02 Epoch 285 Test Acc: 94.04
18:08:05 Epoch 285  EMA Test Acc: 94.19
Loss   1.29 Loss_Lx   1.23 Loss_Lu 0.01185
18:09:51 Epoch 286 Test Acc: 94.19
18:09:53 Epoch 286  EMA Test Acc: 94.18
Loss   1.35 Loss_Lx   1.29 Loss_Lu 0.01251
18:11:39 Epoch 287 Test Acc: 94.25
18:11:41 Epoch 287  EMA Test Acc: 94.32
Loss   1.34 Loss_Lx   1.28 Loss_Lu 0.01210
18:13:27 Epoch 288 Test Acc: 94.2
18:13:29 Epoch 288  EMA Test Acc: 94.26
Loss   1.39 Loss_Lx   1.33 Loss_Lu 0.01318
18:15:14 Epoch 289 Test Acc: 94.39
18:15:17 Epoch 289  EMA Test Acc: 94.35
Loss   1.37 Loss_Lx   1.31 Loss_Lu 0.01269
18:17:02 Epoch 290 Test Acc: 94.37
18:17:05 Epoch 290  EMA Test Acc: 94.48
Loss   1.35 Loss_Lx   1.29 Loss_Lu 0.01238
18:18:50 Epoch 291 Test Acc: 94.35
18:18:53 Epoch 291  EMA Test Acc: 94.37
Loss   1.32 Loss_Lx   1.26 Loss_Lu 0.01209
18:20:38 Epoch 292 Test Acc: 94.35
18:20:41 Epoch 292  EMA Test Acc: 94.32
Loss   1.31 Loss_Lx   1.25 Loss_Lu 0.01225
18:22:26 Epoch 293 Test Acc: 94.19
18:22:29 Epoch 293  EMA Test Acc: 94.37
Loss   1.38 Loss_Lx   1.32 Loss_Lu 0.01270
18:24:14 Epoch 294 Test Acc: 94.24
18:24:17 Epoch 294  EMA Test Acc: 94.3
Loss   1.34 Loss_Lx   1.28 Loss_Lu 0.01249
18:26:02 Epoch 295 Test Acc: 94.29
18:26:05 Epoch 295  EMA Test Acc: 94.22
Loss   1.34 Loss_Lx   1.28 Loss_Lu 0.01232
18:27:50 Epoch 296 Test Acc: 94.41
18:27:52 Epoch 296  EMA Test Acc: 94.29
Loss   1.35 Loss_Lx   1.28 Loss_Lu 0.01224
18:29:38 Epoch 297 Test Acc: 94.32
18:29:40 Epoch 297  EMA Test Acc: 94.3
Loss   1.39 Loss_Lx   1.33 Loss_Lu 0.01281
18:31:26 Epoch 298 Test Acc: 94.23
18:31:28 Epoch 298  EMA Test Acc: 94.22
Loss   1.38 Loss_Lx   1.31 Loss_Lu 0.01268
18:33:14 Epoch 299 Test Acc: 94.14
18:33:16 Epoch 299  EMA Test Acc: 94.3
18:33:16 Best Test Acc: 94.55078887939453
