Sun Jul 10 10:02:16 2022       
+-----------------------------------------------------------------------------+
| NVIDIA-SMI 515.48.07    Driver Version: 515.48.07    CUDA Version: 11.7     |
|-------------------------------+----------------------+----------------------+
| GPU  Name        Persistence-M| Bus-Id        Disp.A | Volatile Uncorr. ECC |
| Fan  Temp  Perf  Pwr:Usage/Cap|         Memory-Usage | GPU-Util  Compute M. |
|                               |                      |               MIG M. |
|===============================+======================+======================|
|   0  NVIDIA A100-SXM...  Off  | 00000000:51:00.0 Off |                    0 |
| N/A   56C    P0   260W / 400W |   9897MiB / 81920MiB |    100%      Default |
|                               |                      |             Disabled |
+-------------------------------+----------------------+----------------------+
|   1  NVIDIA A100-SXM...  Off  | 00000000:56:00.0 Off |                    0 |
| N/A   29C    P0    68W / 400W |      4MiB / 81920MiB |      0%      Default |
|                               |                      |             Disabled |
+-------------------------------+----------------------+----------------------+
|   2  NVIDIA A100-SXM...  Off  | 00000000:6B:00.0 Off |                    0 |
| N/A   30C    P0    68W / 400W |      4MiB / 81920MiB |      0%      Default |
|                               |                      |             Disabled |
+-------------------------------+----------------------+----------------------+
|   3  NVIDIA A100-SXM...  Off  | 00000000:71:00.0 Off |                    0 |
| N/A   33C    P0    65W / 400W |      4MiB / 81920MiB |      0%      Default |
|                               |                      |             Disabled |
+-------------------------------+----------------------+----------------------+
|   4  NVIDIA A100-SXM...  Off  | 00000000:8A:00.0 Off |                    0 |
| N/A   71C    P0   305W / 400W |  11447MiB / 81920MiB |    100%      Default |
|                               |                      |             Disabled |
+-------------------------------+----------------------+----------------------+
|   5  NVIDIA A100-SXM...  Off  | 00000000:8E:00.0 Off |                    0 |
| N/A   54C    P0   272W / 400W |  11447MiB / 81920MiB |    100%      Default |
|                               |                      |             Disabled |
+-------------------------------+----------------------+----------------------+
|   6  NVIDIA A100-SXM...  Off  | 00000000:A8:00.0 Off |                    0 |
| N/A   60C    P0   296W / 400W |  11449MiB / 81920MiB |     99%      Default |
|                               |                      |             Disabled |
+-------------------------------+----------------------+----------------------+
|   7  NVIDIA A100-SXM...  Off  | 00000000:AB:00.0 Off |                    0 |
| N/A   69C    P0   310W / 400W |  11449MiB / 81920MiB |    100%      Default |
|                               |                      |             Disabled |
+-------------------------------+----------------------+----------------------+
                                                                               
+-----------------------------------------------------------------------------+
| Processes:                                                                  |
|  GPU   GI   CI        PID   Type   Process name                  GPU Memory |
|        ID   ID                                                   Usage      |
|=============================================================================|
|    0   N/A  N/A      3532      G   /usr/lib/xorg/Xorg                  4MiB |
|    0   N/A  N/A   3615542      C   python                           4155MiB |
|    0   N/A  N/A   3670694      C   python                           5721MiB |
|    1   N/A  N/A      3532      G   /usr/lib/xorg/Xorg                  4MiB |
|    2   N/A  N/A      3532      G   /usr/lib/xorg/Xorg                  4MiB |
|    3   N/A  N/A      3532      G   /usr/lib/xorg/Xorg                  4MiB |
|    4   N/A  N/A      3532      G   /usr/lib/xorg/Xorg                  4MiB |
|    4   N/A  N/A   3670698      C   python                           5719MiB |
|    4   N/A  N/A   3670702      C   python                           5721MiB |
|    5   N/A  N/A      3532      G   /usr/lib/xorg/Xorg                  4MiB |
|    5   N/A  N/A   3670699      C   python                           5721MiB |
|    5   N/A  N/A   3670703      C   python                           5719MiB |
|    6   N/A  N/A      3532      G   /usr/lib/xorg/Xorg                  4MiB |
|    6   N/A  N/A   3670700      C   python                           5721MiB |
|    6   N/A  N/A   3670704      C   python                           5721MiB |
|    7   N/A  N/A      3532      G   /usr/lib/xorg/Xorg                  4MiB |
|    7   N/A  N/A   3670701      C   python                           5721MiB |
|    7   N/A  N/A   3670705      C   python                           5721MiB |
+-----------------------------------------------------------------------------+
Namespace(PES_lr=0.0001, T=0.5, T1=0, T2=5, alpha=4, batch_size=128, data_path='./data', data_percent=1, dataset='CIFAR10', ema=0.997, lambda_u=0, lr=0.02, noise_type='aggre_label', num_epochs=300, optim='cos', seed=2, weight_decay=0.0005)
Files already downloaded and verified
Files already downloaded and verified
Train Epoch: [0][  0/390]	Time   0.30	Data   0.00	Loss   3.76	Acc@1  31.99
10:04:40 Epoch 0 Test Acc: 44.35
10:04:47 Epoch 0  EMA Test Acc: 14.53
Train Epoch: [1][  0/390]	Time   0.29	Data   0.00	Loss   2.94	Acc@1  48.48
10:06:48 Epoch 1 Test Acc: 53.14
10:06:55 Epoch 1  EMA Test Acc: 18.52
Train Epoch: [2][  0/390]	Time   0.29	Data   0.00	Loss   2.47	Acc@1  57.84
10:08:57 Epoch 2 Test Acc: 67.91
10:09:04 Epoch 2  EMA Test Acc: 46.62
Train Epoch: [3][  0/390]	Time   0.29	Data   0.00	Loss   2.15	Acc@1  64.07
10:11:04 Epoch 3 Test Acc: 71.99
10:11:11 Epoch 3  EMA Test Acc: 60.03
Train Epoch: [4][  0/390]	Time   0.29	Data   0.00	Loss   1.94	Acc@1  68.28
10:13:13 Epoch 4 Test Acc: 66.65
10:13:20 Epoch 4  EMA Test Acc: 73.77
Train Epoch: [5][  0/390]	Time   0.29	Data   0.00	Loss   1.81	Acc@1  70.80
10:15:21 Epoch 5 Test Acc: 71.8
10:15:28 Epoch 5  EMA Test Acc: 78.08
Train Epoch: [6][  0/390]	Time   0.29	Data   0.00	Loss   1.71	Acc@1  72.70
10:17:29 Epoch 6 Test Acc: 76.63
10:17:36 Epoch 6  EMA Test Acc: 79.69
Train Epoch: [7][  0/390]	Time   0.29	Data   0.00	Loss   1.63	Acc@1  74.08
10:19:37 Epoch 7 Test Acc: 78.84
10:19:44 Epoch 7  EMA Test Acc: 82.19
Train Epoch: [8][  0/390]	Time   0.29	Data   0.00	Loss   1.57	Acc@1  75.27
10:21:45 Epoch 8 Test Acc: 81.54
10:21:52 Epoch 8  EMA Test Acc: 79.84
Train Epoch: [9][  0/390]	Time   0.29	Data   0.00	Loss   1.51	Acc@1  76.43
10:23:53 Epoch 9 Test Acc: 81.89
10:24:00 Epoch 9  EMA Test Acc: 84.17
Train Epoch: [10][  0/390]	Time   0.29	Data   0.00	Loss   1.47	Acc@1  77.02
10:26:02 Epoch 10 Test Acc: 84.2
10:26:09 Epoch 10  EMA Test Acc: 85.49
Train Epoch: [11][  0/390]	Time   0.29	Data   0.00	Loss   1.42	Acc@1  77.88
10:28:10 Epoch 11 Test Acc: 84.2
10:28:17 Epoch 11  EMA Test Acc: 84.49
Train Epoch: [12][  0/390]	Time   0.29	Data   0.00	Loss   1.40	Acc@1  78.38
10:30:18 Epoch 12 Test Acc: 84.3
10:30:25 Epoch 12  EMA Test Acc: 85.68
Train Epoch: [13][  0/390]	Time   0.29	Data   0.00	Loss   1.36	Acc@1  78.92
10:32:26 Epoch 13 Test Acc: 86.16
10:32:33 Epoch 13  EMA Test Acc: 87.84
Train Epoch: [14][  0/390]	Time   0.29	Data   0.00	Loss   1.33	Acc@1  79.34
10:34:34 Epoch 14 Test Acc: 85.35
10:34:41 Epoch 14  EMA Test Acc: 86.16
Train Epoch: [15][  0/390]	Time   0.29	Data   0.00	Loss   1.31	Acc@1  80.08
10:36:43 Epoch 15 Test Acc: 86.38
10:36:50 Epoch 15  EMA Test Acc: 88.57
Train Epoch: [16][  0/390]	Time   0.29	Data   0.00	Loss   1.29	Acc@1  80.19
10:38:51 Epoch 16 Test Acc: 85.96
10:38:58 Epoch 16  EMA Test Acc: 83.58
Train Epoch: [17][  0/390]	Time   0.29	Data   0.00	Loss   1.26	Acc@1  80.79
10:40:59 Epoch 17 Test Acc: 85.81
10:41:06 Epoch 17  EMA Test Acc: 87.54
Train Epoch: [18][  0/390]	Time   0.29	Data   0.00	Loss   1.24	Acc@1  81.28
10:43:08 Epoch 18 Test Acc: 87.35
10:43:15 Epoch 18  EMA Test Acc: 88.81
Train Epoch: [19][  0/390]	Time   0.29	Data   0.00	Loss   1.22	Acc@1  81.56
10:45:16 Epoch 19 Test Acc: 86.38
10:45:23 Epoch 19  EMA Test Acc: 86.31
re-initalize the final layer
Train Epoch: [0][  0/390]	Time   0.11	Data   0.00	Loss   2.44	Acc@1  79.68
10:46:12 Epoch 0 Test Acc: 88.85
Train Epoch: [1][  0/390]	Time   0.11	Data   0.00	Loss   1.55	Acc@1  82.66
10:47:02 Epoch 1 Test Acc: 89.01
Train Epoch: [2][  0/390]	Time   0.11	Data   0.00	Loss   1.33	Acc@1  82.65
10:47:51 Epoch 2 Test Acc: 88.9
Train Epoch: [3][  0/390]	Time   0.10	Data   0.00	Loss   1.24	Acc@1  82.80
10:48:39 Epoch 3 Test Acc: 88.94
Train Epoch: [4][  0/390]	Time   0.11	Data   0.00	Loss   1.20	Acc@1  82.85
10:49:28 Epoch 4 Test Acc: 89.03
Loss   2.98 Loss_Lx   2.98 Loss_Lu 0.04014
10:54:28 Epoch 20 Test Acc: 87.7
10:54:35 Epoch 20  EMA Test Acc: 83.55
Loss   2.89 Loss_Lx   2.87 Loss_Lu 0.03881
10:59:35 Epoch 21 Test Acc: 88.11
10:59:42 Epoch 21  EMA Test Acc: 87.38
Loss   2.81 Loss_Lx   2.78 Loss_Lu 0.03826
11:04:42 Epoch 22 Test Acc: 89.12
11:04:49 Epoch 22  EMA Test Acc: 76.61
Loss   2.83 Loss_Lx   2.79 Loss_Lu 0.03777
11:09:49 Epoch 23 Test Acc: 87.9
11:09:56 Epoch 23  EMA Test Acc: 80.58
Loss   2.78 Loss_Lx   2.73 Loss_Lu 0.03700
11:14:25 Epoch 24 Test Acc: 88.04
11:14:29 Epoch 24  EMA Test Acc: 86.11
Loss   2.77 Loss_Lx   2.71 Loss_Lu 0.03707
11:19:30 Epoch 25 Test Acc: 86.04
11:19:37 Epoch 25  EMA Test Acc: 85.66
Loss   2.77 Loss_Lx   2.70 Loss_Lu 0.03542
11:24:37 Epoch 26 Test Acc: 87.92
11:24:44 Epoch 26  EMA Test Acc: 85.34
Loss   2.76 Loss_Lx   2.67 Loss_Lu 0.03566
11:29:43 Epoch 27 Test Acc: 87.89
11:29:50 Epoch 27  EMA Test Acc: 82.0
Loss   2.73 Loss_Lx   2.64 Loss_Lu 0.03520
11:34:50 Epoch 28 Test Acc: 89.02
11:34:57 Epoch 28  EMA Test Acc: 87.13
Loss   2.75 Loss_Lx   2.65 Loss_Lu 0.03585
11:39:56 Epoch 29 Test Acc: 87.7
11:40:03 Epoch 29  EMA Test Acc: 82.54
Loss   2.72 Loss_Lx   2.61 Loss_Lu 0.03469
11:45:03 Epoch 30 Test Acc: 86.92
11:45:10 Epoch 30  EMA Test Acc: 83.47
Loss   2.73 Loss_Lx   2.61 Loss_Lu 0.03443
11:50:10 Epoch 31 Test Acc: 87.67
11:50:17 Epoch 31  EMA Test Acc: 87.41
Loss   2.72 Loss_Lx   2.59 Loss_Lu 0.03411
11:55:18 Epoch 32 Test Acc: 89.92
11:55:25 Epoch 32  EMA Test Acc: 88.4
Loss   2.73 Loss_Lx   2.58 Loss_Lu 0.03448
12:00:23 Epoch 33 Test Acc: 88.55
12:00:31 Epoch 33  EMA Test Acc: 85.34
Loss   2.77 Loss_Lx   2.62 Loss_Lu 0.03442
12:05:31 Epoch 34 Test Acc: 89.17
12:05:38 Epoch 34  EMA Test Acc: 88.5
Loss   2.72 Loss_Lx   2.56 Loss_Lu 0.03359
12:10:38 Epoch 35 Test Acc: 88.68
12:10:45 Epoch 35  EMA Test Acc: 88.39
Loss   2.73 Loss_Lx   2.56 Loss_Lu 0.03329
12:15:45 Epoch 36 Test Acc: 88.85
12:15:52 Epoch 36  EMA Test Acc: 86.23
Loss   2.72 Loss_Lx   2.55 Loss_Lu 0.03339
12:20:51 Epoch 37 Test Acc: 88.8
12:20:58 Epoch 37  EMA Test Acc: 89.63
Loss   2.71 Loss_Lx   2.55 Loss_Lu 0.03273
12:25:58 Epoch 38 Test Acc: 89.72
12:26:05 Epoch 38  EMA Test Acc: 88.48
Loss   2.68 Loss_Lx   2.51 Loss_Lu 0.03294
12:31:05 Epoch 39 Test Acc: 89.5
12:31:12 Epoch 39  EMA Test Acc: 88.96
Loss   2.64 Loss_Lx   2.47 Loss_Lu 0.03281
12:36:11 Epoch 40 Test Acc: 88.98
12:36:18 Epoch 40  EMA Test Acc: 89.27
Loss   2.69 Loss_Lx   2.53 Loss_Lu 0.03321
12:41:18 Epoch 41 Test Acc: 90.18
12:41:25 Epoch 41  EMA Test Acc: 88.67
Loss   2.65 Loss_Lx   2.48 Loss_Lu 0.03321
12:46:25 Epoch 42 Test Acc: 89.59
12:46:32 Epoch 42  EMA Test Acc: 89.01
Loss   2.64 Loss_Lx   2.47 Loss_Lu 0.03275
12:51:32 Epoch 43 Test Acc: 90.51
12:51:39 Epoch 43  EMA Test Acc: 91.13
Loss   2.63 Loss_Lx   2.47 Loss_Lu 0.03253
12:56:03 Epoch 44 Test Acc: 90.4
12:56:10 Epoch 44  EMA Test Acc: 90.9
Loss   2.61 Loss_Lx   2.45 Loss_Lu 0.03270
13:01:09 Epoch 45 Test Acc: 91.04
13:01:16 Epoch 45  EMA Test Acc: 90.8
Loss   2.65 Loss_Lx   2.49 Loss_Lu 0.03256
13:06:16 Epoch 46 Test Acc: 89.33
13:06:23 Epoch 46  EMA Test Acc: 89.13
Loss   2.65 Loss_Lx   2.49 Loss_Lu 0.03277
13:11:23 Epoch 47 Test Acc: 89.79
13:11:30 Epoch 47  EMA Test Acc: 90.21
Loss   2.63 Loss_Lx   2.46 Loss_Lu 0.03244
13:16:27 Epoch 48 Test Acc: 89.09
13:16:34 Epoch 48  EMA Test Acc: 90.11
Loss   2.60 Loss_Lx   2.43 Loss_Lu 0.03273
13:21:34 Epoch 49 Test Acc: 89.62
13:21:41 Epoch 49  EMA Test Acc: 89.15
Loss   2.65 Loss_Lx   2.48 Loss_Lu 0.03252
13:26:41 Epoch 50 Test Acc: 90.29
13:26:48 Epoch 50  EMA Test Acc: 89.64
Loss   2.59 Loss_Lx   2.43 Loss_Lu 0.03203
13:31:48 Epoch 51 Test Acc: 90.99
13:31:55 Epoch 51  EMA Test Acc: 91.88
Loss   2.60 Loss_Lx   2.44 Loss_Lu 0.03237
13:36:55 Epoch 52 Test Acc: 90.66
13:37:02 Epoch 52  EMA Test Acc: 92.19
Loss   2.57 Loss_Lx   2.41 Loss_Lu 0.03203
13:42:02 Epoch 53 Test Acc: 91.07
13:42:09 Epoch 53  EMA Test Acc: 90.26
Loss   2.55 Loss_Lx   2.39 Loss_Lu 0.03217
13:47:08 Epoch 54 Test Acc: 90.59
13:47:15 Epoch 54  EMA Test Acc: 92.2
Loss   2.58 Loss_Lx   2.41 Loss_Lu 0.03234
13:52:14 Epoch 55 Test Acc: 90.34
13:52:21 Epoch 55  EMA Test Acc: 90.46
Loss   2.55 Loss_Lx   2.39 Loss_Lu 0.03201
13:57:21 Epoch 56 Test Acc: 90.31
13:57:28 Epoch 56  EMA Test Acc: 89.84
Loss   2.56 Loss_Lx   2.40 Loss_Lu 0.03208
14:02:28 Epoch 57 Test Acc: 91.0
14:02:35 Epoch 57  EMA Test Acc: 91.38
Loss   2.57 Loss_Lx   2.40 Loss_Lu 0.03256
14:07:35 Epoch 58 Test Acc: 90.67
14:07:42 Epoch 58  EMA Test Acc: 90.48
Loss   2.54 Loss_Lx   2.38 Loss_Lu 0.03213
14:12:41 Epoch 59 Test Acc: 90.72
14:12:48 Epoch 59  EMA Test Acc: 91.83
Loss   2.52 Loss_Lx   2.36 Loss_Lu 0.03214
14:17:47 Epoch 60 Test Acc: 89.57
14:17:55 Epoch 60  EMA Test Acc: 92.57
Loss   2.55 Loss_Lx   2.39 Loss_Lu 0.03230
14:22:50 Epoch 61 Test Acc: 91.38
14:22:57 Epoch 61  EMA Test Acc: 92.57
Loss   2.55 Loss_Lx   2.39 Loss_Lu 0.03212
14:27:55 Epoch 62 Test Acc: 92.2
14:28:02 Epoch 62  EMA Test Acc: 91.8
Loss   2.52 Loss_Lx   2.36 Loss_Lu 0.03191
14:32:47 Epoch 63 Test Acc: 91.41
14:32:52 Epoch 63  EMA Test Acc: 92.16
Loss   2.54 Loss_Lx   2.38 Loss_Lu 0.03161
14:37:35 Epoch 64 Test Acc: 91.62
14:37:41 Epoch 64  EMA Test Acc: 91.56
Loss   2.51 Loss_Lx   2.35 Loss_Lu 0.03188
14:42:52 Epoch 65 Test Acc: 90.95
14:43:00 Epoch 65  EMA Test Acc: 92.85
Loss   2.51 Loss_Lx   2.35 Loss_Lu 0.03164
14:48:29 Epoch 66 Test Acc: 92.15
14:48:36 Epoch 66  EMA Test Acc: 92.8
Loss   2.47 Loss_Lx   2.31 Loss_Lu 0.03101
14:54:03 Epoch 67 Test Acc: 90.49
14:54:11 Epoch 67  EMA Test Acc: 91.88
Loss   2.46 Loss_Lx   2.31 Loss_Lu 0.03108
14:59:41 Epoch 68 Test Acc: 91.73
14:59:49 Epoch 68  EMA Test Acc: 90.24
Loss   2.50 Loss_Lx   2.34 Loss_Lu 0.03199
15:05:18 Epoch 69 Test Acc: 92.14
15:05:26 Epoch 69  EMA Test Acc: 90.79
Loss   2.51 Loss_Lx   2.35 Loss_Lu 0.03208
15:10:54 Epoch 70 Test Acc: 91.57
15:11:01 Epoch 70  EMA Test Acc: 92.62
Loss   2.49 Loss_Lx   2.33 Loss_Lu 0.03137
15:16:30 Epoch 71 Test Acc: 91.42
15:16:38 Epoch 71  EMA Test Acc: 92.55
Loss   2.50 Loss_Lx   2.34 Loss_Lu 0.03204
15:22:06 Epoch 72 Test Acc: 90.96
15:22:13 Epoch 72  EMA Test Acc: 91.83
Loss   2.46 Loss_Lx   2.30 Loss_Lu 0.03152
15:27:42 Epoch 73 Test Acc: 91.21
15:27:50 Epoch 73  EMA Test Acc: 93.03
Loss   2.47 Loss_Lx   2.31 Loss_Lu 0.03165
15:33:18 Epoch 74 Test Acc: 91.13
15:33:26 Epoch 74  EMA Test Acc: 93.18
Loss   2.45 Loss_Lx   2.29 Loss_Lu 0.03194
15:38:53 Epoch 75 Test Acc: 91.74
15:39:00 Epoch 75  EMA Test Acc: 92.0
Loss   2.45 Loss_Lx   2.30 Loss_Lu 0.03148
15:44:26 Epoch 76 Test Acc: 91.13
15:44:34 Epoch 76  EMA Test Acc: 92.73
Loss   2.46 Loss_Lx   2.31 Loss_Lu 0.03184
15:50:00 Epoch 77 Test Acc: 91.68
15:50:08 Epoch 77  EMA Test Acc: 93.17
Loss   2.46 Loss_Lx   2.30 Loss_Lu 0.03185
15:55:35 Epoch 78 Test Acc: 91.72
15:55:42 Epoch 78  EMA Test Acc: 92.48
Loss   2.44 Loss_Lx   2.29 Loss_Lu 0.03176
16:01:10 Epoch 79 Test Acc: 92.08
16:01:18 Epoch 79  EMA Test Acc: 93.61
Loss   2.46 Loss_Lx   2.30 Loss_Lu 0.03165
16:06:45 Epoch 80 Test Acc: 91.96
16:06:53 Epoch 80  EMA Test Acc: 93.41
Loss   2.44 Loss_Lx   2.29 Loss_Lu 0.03142
16:12:22 Epoch 81 Test Acc: 92.49
16:12:30 Epoch 81  EMA Test Acc: 92.24
Loss   2.41 Loss_Lx   2.25 Loss_Lu 0.03064
16:17:57 Epoch 82 Test Acc: 92.33
16:18:05 Epoch 82  EMA Test Acc: 92.57
Loss   2.43 Loss_Lx   2.28 Loss_Lu 0.03140
16:22:59 Epoch 83 Test Acc: 92.02
16:23:07 Epoch 83  EMA Test Acc: 92.36
Loss   2.44 Loss_Lx   2.28 Loss_Lu 0.03113
16:28:35 Epoch 84 Test Acc: 92.04
16:28:43 Epoch 84  EMA Test Acc: 92.95
Loss   2.44 Loss_Lx   2.28 Loss_Lu 0.03091
16:34:11 Epoch 85 Test Acc: 93.0
16:34:18 Epoch 85  EMA Test Acc: 93.59
Loss   2.43 Loss_Lx   2.27 Loss_Lu 0.03150
16:39:47 Epoch 86 Test Acc: 92.59
16:39:54 Epoch 86  EMA Test Acc: 93.45
Loss   2.44 Loss_Lx   2.28 Loss_Lu 0.03171
16:45:23 Epoch 87 Test Acc: 92.87
16:45:30 Epoch 87  EMA Test Acc: 93.02
Loss   2.40 Loss_Lx   2.24 Loss_Lu 0.03109
16:50:59 Epoch 88 Test Acc: 92.45
16:51:06 Epoch 88  EMA Test Acc: 93.42
Loss   2.40 Loss_Lx   2.24 Loss_Lu 0.03158
16:56:35 Epoch 89 Test Acc: 92.13
16:56:42 Epoch 89  EMA Test Acc: 93.19
Loss   2.41 Loss_Lx   2.25 Loss_Lu 0.03108
17:02:10 Epoch 90 Test Acc: 92.7
17:02:17 Epoch 90  EMA Test Acc: 93.35
Loss   2.42 Loss_Lx   2.26 Loss_Lu 0.03152
17:07:45 Epoch 91 Test Acc: 92.45
17:07:52 Epoch 91  EMA Test Acc: 93.7
Loss   2.39 Loss_Lx   2.23 Loss_Lu 0.03107
17:13:21 Epoch 92 Test Acc: 92.64
17:13:29 Epoch 92  EMA Test Acc: 93.35
Loss   2.40 Loss_Lx   2.25 Loss_Lu 0.03124
17:18:57 Epoch 93 Test Acc: 92.99
17:19:05 Epoch 93  EMA Test Acc: 92.61
Loss   2.40 Loss_Lx   2.25 Loss_Lu 0.03149
17:24:32 Epoch 94 Test Acc: 92.6
17:24:40 Epoch 94  EMA Test Acc: 93.35
Loss   2.37 Loss_Lx   2.21 Loss_Lu 0.03099
17:30:07 Epoch 95 Test Acc: 91.97
17:30:14 Epoch 95  EMA Test Acc: 92.28
Loss   2.41 Loss_Lx   2.26 Loss_Lu 0.03142
17:35:41 Epoch 96 Test Acc: 92.95
17:35:49 Epoch 96  EMA Test Acc: 93.59
Loss   2.38 Loss_Lx   2.22 Loss_Lu 0.03132
17:41:17 Epoch 97 Test Acc: 92.83
17:41:25 Epoch 97  EMA Test Acc: 93.7
Loss   2.35 Loss_Lx   2.19 Loss_Lu 0.03120
17:46:51 Epoch 98 Test Acc: 92.6
17:46:59 Epoch 98  EMA Test Acc: 93.75
Loss   2.36 Loss_Lx   2.21 Loss_Lu 0.03168
17:52:26 Epoch 99 Test Acc: 91.69
17:52:34 Epoch 99  EMA Test Acc: 93.48
Loss   2.37 Loss_Lx   2.22 Loss_Lu 0.03116
17:58:02 Epoch 100 Test Acc: 92.94
17:58:10 Epoch 100  EMA Test Acc: 92.62
Loss   2.36 Loss_Lx   2.20 Loss_Lu 0.03102
18:03:39 Epoch 101 Test Acc: 92.83
18:03:47 Epoch 101  EMA Test Acc: 91.81
Loss   2.36 Loss_Lx   2.20 Loss_Lu 0.03170
18:09:15 Epoch 102 Test Acc: 92.88
18:09:23 Epoch 102  EMA Test Acc: 93.66
Loss   2.35 Loss_Lx   2.19 Loss_Lu 0.03089
18:13:47 Epoch 103 Test Acc: 92.27
18:13:54 Epoch 103  EMA Test Acc: 93.33
Loss   2.37 Loss_Lx   2.22 Loss_Lu 0.03097
18:17:56 Epoch 104 Test Acc: 92.97
18:18:02 Epoch 104  EMA Test Acc: 93.88
Loss   2.36 Loss_Lx   2.20 Loss_Lu 0.03130
18:22:03 Epoch 105 Test Acc: 92.11
18:22:09 Epoch 105  EMA Test Acc: 94.04
Loss   2.34 Loss_Lx   2.19 Loss_Lu 0.03049
18:26:09 Epoch 106 Test Acc: 93.33
18:26:15 Epoch 106  EMA Test Acc: 93.35
Loss   2.35 Loss_Lx   2.20 Loss_Lu 0.03072
18:30:16 Epoch 107 Test Acc: 93.41
18:30:22 Epoch 107  EMA Test Acc: 94.04
Loss   2.34 Loss_Lx   2.19 Loss_Lu 0.03103
18:34:23 Epoch 108 Test Acc: 93.5
18:34:29 Epoch 108  EMA Test Acc: 93.83
Loss   2.34 Loss_Lx   2.18 Loss_Lu 0.03120
18:38:29 Epoch 109 Test Acc: 93.13
18:38:35 Epoch 109  EMA Test Acc: 93.51
Loss   2.32 Loss_Lx   2.16 Loss_Lu 0.03088
18:42:37 Epoch 110 Test Acc: 92.53
18:42:42 Epoch 110  EMA Test Acc: 94.34
Loss   2.31 Loss_Lx   2.16 Loss_Lu 0.03017
18:46:43 Epoch 111 Test Acc: 93.47
18:46:49 Epoch 111  EMA Test Acc: 93.72
Loss   2.33 Loss_Lx   2.18 Loss_Lu 0.03043
18:50:49 Epoch 112 Test Acc: 93.38
18:50:53 Epoch 112  EMA Test Acc: 93.1
Loss   2.33 Loss_Lx   2.17 Loss_Lu 0.03118
18:54:55 Epoch 113 Test Acc: 93.66
18:55:00 Epoch 113  EMA Test Acc: 93.86
Loss   2.33 Loss_Lx   2.17 Loss_Lu 0.03097
18:59:00 Epoch 114 Test Acc: 93.12
18:59:06 Epoch 114  EMA Test Acc: 94.49
Loss   2.32 Loss_Lx   2.17 Loss_Lu 0.03058
19:03:06 Epoch 115 Test Acc: 93.58
19:03:12 Epoch 115  EMA Test Acc: 93.84
Loss   2.30 Loss_Lx   2.15 Loss_Lu 0.03026
19:07:13 Epoch 116 Test Acc: 93.53
19:07:19 Epoch 116  EMA Test Acc: 94.32
Loss   2.30 Loss_Lx   2.15 Loss_Lu 0.03012
19:11:16 Epoch 117 Test Acc: 93.4
19:11:19 Epoch 117  EMA Test Acc: 93.56
Loss   2.29 Loss_Lx   2.14 Loss_Lu 0.03054
19:13:18 Epoch 118 Test Acc: 93.17
19:13:20 Epoch 118  EMA Test Acc: 94.39
Loss   2.30 Loss_Lx   2.14 Loss_Lu 0.03074
19:15:19 Epoch 119 Test Acc: 93.35
19:15:22 Epoch 119  EMA Test Acc: 93.99
Loss   2.28 Loss_Lx   2.12 Loss_Lu 0.03022
19:17:21 Epoch 120 Test Acc: 93.2
19:17:24 Epoch 120  EMA Test Acc: 93.42
Loss   2.31 Loss_Lx   2.16 Loss_Lu 0.03073
19:19:23 Epoch 121 Test Acc: 93.89
19:19:26 Epoch 121  EMA Test Acc: 94.32
Loss   2.29 Loss_Lx   2.14 Loss_Lu 0.03014
19:21:24 Epoch 122 Test Acc: 93.56
19:21:27 Epoch 122  EMA Test Acc: 93.62
Loss   2.27 Loss_Lx   2.12 Loss_Lu 0.03020
19:23:25 Epoch 123 Test Acc: 93.65
19:23:28 Epoch 123  EMA Test Acc: 92.84
Loss   2.30 Loss_Lx   2.15 Loss_Lu 0.03042
19:25:27 Epoch 124 Test Acc: 93.42
19:25:30 Epoch 124  EMA Test Acc: 94.1
Loss   2.27 Loss_Lx   2.12 Loss_Lu 0.03006
19:27:28 Epoch 125 Test Acc: 93.91
19:27:31 Epoch 125  EMA Test Acc: 94.34
Loss   2.27 Loss_Lx   2.12 Loss_Lu 0.03042
19:29:30 Epoch 126 Test Acc: 93.44
19:29:33 Epoch 126  EMA Test Acc: 94.24
Loss   2.28 Loss_Lx   2.13 Loss_Lu 0.03053
19:31:33 Epoch 127 Test Acc: 94.03
19:31:36 Epoch 127  EMA Test Acc: 94.13
Loss   2.28 Loss_Lx   2.13 Loss_Lu 0.02995
19:33:35 Epoch 128 Test Acc: 93.13
19:33:38 Epoch 128  EMA Test Acc: 94.42
Loss   2.24 Loss_Lx   2.09 Loss_Lu 0.03003
19:35:38 Epoch 129 Test Acc: 93.51
19:35:41 Epoch 129  EMA Test Acc: 94.04
Loss   2.24 Loss_Lx   2.09 Loss_Lu 0.02971
19:37:40 Epoch 130 Test Acc: 93.6
19:37:43 Epoch 130  EMA Test Acc: 93.3
Loss   2.27 Loss_Lx   2.12 Loss_Lu 0.03027
19:39:42 Epoch 131 Test Acc: 93.59
19:39:45 Epoch 131  EMA Test Acc: 94.23
Loss   2.25 Loss_Lx   2.10 Loss_Lu 0.02998
19:41:44 Epoch 132 Test Acc: 93.66
19:41:47 Epoch 132  EMA Test Acc: 94.33
Loss   2.25 Loss_Lx   2.10 Loss_Lu 0.03029
19:43:46 Epoch 133 Test Acc: 93.79
19:43:49 Epoch 133  EMA Test Acc: 94.12
Loss   2.21 Loss_Lx   2.06 Loss_Lu 0.02927
19:45:47 Epoch 134 Test Acc: 94.29
19:45:50 Epoch 134  EMA Test Acc: 94.0
Loss   2.23 Loss_Lx   2.08 Loss_Lu 0.02966
19:47:50 Epoch 135 Test Acc: 93.75
19:47:52 Epoch 135  EMA Test Acc: 94.07
Loss   2.22 Loss_Lx   2.07 Loss_Lu 0.02950
19:49:52 Epoch 136 Test Acc: 93.6
19:49:55 Epoch 136  EMA Test Acc: 93.94
Loss   2.22 Loss_Lx   2.07 Loss_Lu 0.03034
19:51:54 Epoch 137 Test Acc: 94.28
19:51:57 Epoch 137  EMA Test Acc: 94.78
Loss   2.20 Loss_Lx   2.06 Loss_Lu 0.02939
19:53:56 Epoch 138 Test Acc: 93.66
19:53:59 Epoch 138  EMA Test Acc: 94.44
Loss   2.19 Loss_Lx   2.04 Loss_Lu 0.02905
19:55:59 Epoch 139 Test Acc: 93.64
19:56:02 Epoch 139  EMA Test Acc: 94.31
Loss   2.21 Loss_Lx   2.06 Loss_Lu 0.02944
19:58:00 Epoch 140 Test Acc: 94.27
19:58:03 Epoch 140  EMA Test Acc: 94.79
Loss   2.20 Loss_Lx   2.06 Loss_Lu 0.02908
20:00:02 Epoch 141 Test Acc: 94.37
20:00:05 Epoch 141  EMA Test Acc: 94.5
Loss   2.19 Loss_Lx   2.05 Loss_Lu 0.02914
20:02:04 Epoch 142 Test Acc: 93.89
20:02:07 Epoch 142  EMA Test Acc: 93.72
Loss   2.19 Loss_Lx   2.04 Loss_Lu 0.02901
20:04:06 Epoch 143 Test Acc: 94.57
20:04:09 Epoch 143  EMA Test Acc: 93.96
Loss   2.19 Loss_Lx   2.04 Loss_Lu 0.02935
20:06:10 Epoch 144 Test Acc: 93.56
20:06:13 Epoch 144  EMA Test Acc: 94.08
Loss   2.20 Loss_Lx   2.05 Loss_Lu 0.02977
20:08:13 Epoch 145 Test Acc: 93.91
20:08:16 Epoch 145  EMA Test Acc: 94.14
Loss   2.15 Loss_Lx   2.01 Loss_Lu 0.02847
20:10:15 Epoch 146 Test Acc: 93.84
20:10:18 Epoch 146  EMA Test Acc: 94.35
Loss   2.19 Loss_Lx   2.05 Loss_Lu 0.02909
20:12:17 Epoch 147 Test Acc: 94.01
20:12:20 Epoch 147  EMA Test Acc: 94.2
Loss   2.16 Loss_Lx   2.02 Loss_Lu 0.02906
20:14:20 Epoch 148 Test Acc: 94.16
20:14:23 Epoch 148  EMA Test Acc: 94.68
Loss   2.20 Loss_Lx   2.05 Loss_Lu 0.02929
20:16:23 Epoch 149 Test Acc: 94.03
20:16:26 Epoch 149  EMA Test Acc: 94.43
Loss   1.56 Loss_Lx   1.44 Loss_Lu 0.02395
20:18:24 Epoch 150 Test Acc: 93.53
20:18:27 Epoch 150  EMA Test Acc: 93.83
Loss   1.66 Loss_Lx   1.53 Loss_Lu 0.02563
20:20:24 Epoch 151 Test Acc: 93.83
20:20:27 Epoch 151  EMA Test Acc: 94.25
Loss   1.58 Loss_Lx   1.45 Loss_Lu 0.02477
20:22:25 Epoch 152 Test Acc: 94.04
20:22:28 Epoch 152  EMA Test Acc: 93.98
Loss   1.61 Loss_Lx   1.49 Loss_Lu 0.02437
20:24:26 Epoch 153 Test Acc: 93.41
20:24:29 Epoch 153  EMA Test Acc: 94.63
Loss   1.67 Loss_Lx   1.54 Loss_Lu 0.02513
20:26:28 Epoch 154 Test Acc: 92.88
20:26:31 Epoch 154  EMA Test Acc: 93.67
Loss   1.58 Loss_Lx   1.45 Loss_Lu 0.02426
20:28:30 Epoch 155 Test Acc: 94.3
20:28:33 Epoch 155  EMA Test Acc: 93.89
Loss   1.59 Loss_Lx   1.46 Loss_Lu 0.02503
20:30:31 Epoch 156 Test Acc: 94.17
20:30:33 Epoch 156  EMA Test Acc: 94.87
Loss   1.61 Loss_Lx   1.49 Loss_Lu 0.02472
20:32:30 Epoch 157 Test Acc: 94.17
20:32:33 Epoch 157  EMA Test Acc: 94.9
Loss   1.63 Loss_Lx   1.51 Loss_Lu 0.02415
20:34:31 Epoch 158 Test Acc: 93.97
20:34:34 Epoch 158  EMA Test Acc: 94.29
Loss   1.60 Loss_Lx   1.48 Loss_Lu 0.02404
20:36:33 Epoch 159 Test Acc: 94.34
20:36:36 Epoch 159  EMA Test Acc: 94.67
Loss   1.57 Loss_Lx   1.45 Loss_Lu 0.02408
20:38:34 Epoch 160 Test Acc: 93.65
20:38:37 Epoch 160  EMA Test Acc: 95.22
Loss   1.56 Loss_Lx   1.45 Loss_Lu 0.02334
20:40:36 Epoch 161 Test Acc: 94.2
20:40:39 Epoch 161  EMA Test Acc: 94.79
Loss   1.63 Loss_Lx   1.51 Loss_Lu 0.02383
20:42:38 Epoch 162 Test Acc: 94.06
20:42:41 Epoch 162  EMA Test Acc: 94.87
Loss   1.55 Loss_Lx   1.44 Loss_Lu 0.02309
20:44:40 Epoch 163 Test Acc: 94.35
20:44:43 Epoch 163  EMA Test Acc: 94.38
Loss   1.61 Loss_Lx   1.49 Loss_Lu 0.02352
20:46:41 Epoch 164 Test Acc: 94.08
20:46:44 Epoch 164  EMA Test Acc: 94.6
Loss   1.52 Loss_Lx   1.41 Loss_Lu 0.02319
20:48:43 Epoch 165 Test Acc: 94.02
20:48:46 Epoch 165  EMA Test Acc: 94.21
Loss   1.59 Loss_Lx   1.47 Loss_Lu 0.02288
20:50:46 Epoch 166 Test Acc: 94.52
20:50:48 Epoch 166  EMA Test Acc: 94.5
Loss   1.56 Loss_Lx   1.45 Loss_Lu 0.02256
20:52:48 Epoch 167 Test Acc: 94.54
20:52:51 Epoch 167  EMA Test Acc: 94.65
Loss   1.56 Loss_Lx   1.44 Loss_Lu 0.02283
20:54:50 Epoch 168 Test Acc: 94.26
20:54:53 Epoch 168  EMA Test Acc: 94.52
Loss   1.57 Loss_Lx   1.46 Loss_Lu 0.02263
20:56:53 Epoch 169 Test Acc: 94.69
20:56:56 Epoch 169  EMA Test Acc: 94.97
Loss   1.52 Loss_Lx   1.41 Loss_Lu 0.02156
20:58:55 Epoch 170 Test Acc: 94.46
20:58:58 Epoch 170  EMA Test Acc: 94.61
Loss   1.54 Loss_Lx   1.42 Loss_Lu 0.02279
21:00:57 Epoch 171 Test Acc: 94.27
21:01:00 Epoch 171  EMA Test Acc: 94.77
Loss   1.55 Loss_Lx   1.44 Loss_Lu 0.02216
21:03:00 Epoch 172 Test Acc: 94.27
21:03:03 Epoch 172  EMA Test Acc: 94.57
Loss   1.56 Loss_Lx   1.44 Loss_Lu 0.02265
21:05:02 Epoch 173 Test Acc: 94.46
21:05:05 Epoch 173  EMA Test Acc: 94.77
Loss   1.56 Loss_Lx   1.45 Loss_Lu 0.02267
21:07:05 Epoch 174 Test Acc: 94.41
21:07:08 Epoch 174  EMA Test Acc: 94.61
Loss   1.46 Loss_Lx   1.35 Loss_Lu 0.02077
21:09:07 Epoch 175 Test Acc: 93.9
21:09:10 Epoch 175  EMA Test Acc: 94.73
Loss   1.58 Loss_Lx   1.47 Loss_Lu 0.02247
21:11:10 Epoch 176 Test Acc: 94.22
21:11:13 Epoch 176  EMA Test Acc: 94.52
Loss   1.57 Loss_Lx   1.46 Loss_Lu 0.02185
21:13:13 Epoch 177 Test Acc: 93.81
21:13:16 Epoch 177  EMA Test Acc: 94.99
Loss   1.59 Loss_Lx   1.48 Loss_Lu 0.02209
21:15:16 Epoch 178 Test Acc: 94.57
21:15:19 Epoch 178  EMA Test Acc: 94.59
Loss   1.59 Loss_Lx   1.48 Loss_Lu 0.02187
21:17:19 Epoch 179 Test Acc: 94.71
21:17:22 Epoch 179  EMA Test Acc: 94.52
Loss   1.49 Loss_Lx   1.39 Loss_Lu 0.02128
21:19:22 Epoch 180 Test Acc: 94.42
21:19:25 Epoch 180  EMA Test Acc: 95.03
Loss   1.54 Loss_Lx   1.43 Loss_Lu 0.02144
21:21:26 Epoch 181 Test Acc: 94.46
21:21:28 Epoch 181  EMA Test Acc: 94.84
Loss   1.48 Loss_Lx   1.38 Loss_Lu 0.02077
21:23:28 Epoch 182 Test Acc: 94.44
21:23:31 Epoch 182  EMA Test Acc: 94.9
Loss   1.50 Loss_Lx   1.40 Loss_Lu 0.02069
21:25:32 Epoch 183 Test Acc: 94.81
21:25:35 Epoch 183  EMA Test Acc: 95.25
Loss   1.50 Loss_Lx   1.39 Loss_Lu 0.02077
21:27:35 Epoch 184 Test Acc: 94.57
21:27:38 Epoch 184  EMA Test Acc: 94.83
Loss   1.52 Loss_Lx   1.42 Loss_Lu 0.02056
21:29:38 Epoch 185 Test Acc: 94.88
21:29:41 Epoch 185  EMA Test Acc: 94.48
Loss   1.50 Loss_Lx   1.40 Loss_Lu 0.02049
21:31:41 Epoch 186 Test Acc: 94.62
21:31:44 Epoch 186  EMA Test Acc: 94.91
Loss   1.45 Loss_Lx   1.35 Loss_Lu 0.02001
21:33:45 Epoch 187 Test Acc: 94.95
21:33:48 Epoch 187  EMA Test Acc: 94.97
Loss   1.49 Loss_Lx   1.39 Loss_Lu 0.01900
21:35:50 Epoch 188 Test Acc: 94.84
21:35:53 Epoch 188  EMA Test Acc: 94.9
Loss   1.54 Loss_Lx   1.44 Loss_Lu 0.01985
21:37:54 Epoch 189 Test Acc: 95.09
21:37:57 Epoch 189  EMA Test Acc: 94.97
Loss   1.46 Loss_Lx   1.37 Loss_Lu 0.01939
21:39:59 Epoch 190 Test Acc: 95.08
21:40:02 Epoch 190  EMA Test Acc: 95.11
Loss   1.55 Loss_Lx   1.45 Loss_Lu 0.01988
21:42:03 Epoch 191 Test Acc: 95.24
21:42:06 Epoch 191  EMA Test Acc: 95.06
Loss   1.49 Loss_Lx   1.39 Loss_Lu 0.01887
21:44:06 Epoch 192 Test Acc: 94.78
21:44:09 Epoch 192  EMA Test Acc: 95.08
Loss   1.44 Loss_Lx   1.35 Loss_Lu 0.01824
21:46:07 Epoch 193 Test Acc: 95.12
21:46:10 Epoch 193  EMA Test Acc: 94.94
Loss   1.43 Loss_Lx   1.33 Loss_Lu 0.01844
21:48:10 Epoch 194 Test Acc: 94.68
21:48:13 Epoch 194  EMA Test Acc: 95.36
Loss   1.49 Loss_Lx   1.40 Loss_Lu 0.01938
21:50:13 Epoch 195 Test Acc: 95.03
21:50:16 Epoch 195  EMA Test Acc: 94.82
Loss   1.50 Loss_Lx   1.40 Loss_Lu 0.01965
21:52:18 Epoch 196 Test Acc: 94.88
21:52:21 Epoch 196  EMA Test Acc: 94.86
Loss   1.43 Loss_Lx   1.34 Loss_Lu 0.01810
21:54:21 Epoch 197 Test Acc: 95.01
21:54:24 Epoch 197  EMA Test Acc: 94.83
Loss   1.47 Loss_Lx   1.37 Loss_Lu 0.01842
21:56:26 Epoch 198 Test Acc: 94.72
21:56:29 Epoch 198  EMA Test Acc: 94.88
Loss   1.44 Loss_Lx   1.35 Loss_Lu 0.01815
21:58:28 Epoch 199 Test Acc: 94.85
21:58:31 Epoch 199  EMA Test Acc: 94.82
Loss   1.45 Loss_Lx   1.36 Loss_Lu 0.01826
22:00:31 Epoch 200 Test Acc: 94.76
22:00:34 Epoch 200  EMA Test Acc: 94.34
Loss   1.48 Loss_Lx   1.38 Loss_Lu 0.01877
22:02:35 Epoch 201 Test Acc: 94.88
22:02:38 Epoch 201  EMA Test Acc: 94.79
Loss   1.49 Loss_Lx   1.40 Loss_Lu 0.01793
22:04:39 Epoch 202 Test Acc: 95.08
22:04:41 Epoch 202  EMA Test Acc: 95.06
Loss   1.44 Loss_Lx   1.35 Loss_Lu 0.01747
22:06:43 Epoch 203 Test Acc: 95.04
22:06:46 Epoch 203  EMA Test Acc: 95.22
Loss   1.45 Loss_Lx   1.36 Loss_Lu 0.01745
22:08:47 Epoch 204 Test Acc: 94.9
22:08:49 Epoch 204  EMA Test Acc: 95.0
Loss   1.39 Loss_Lx   1.30 Loss_Lu 0.01656
22:10:50 Epoch 205 Test Acc: 95.05
22:10:53 Epoch 205  EMA Test Acc: 95.18
Loss   1.44 Loss_Lx   1.35 Loss_Lu 0.01772
22:12:54 Epoch 206 Test Acc: 95.29
22:12:57 Epoch 206  EMA Test Acc: 95.09
Loss   1.43 Loss_Lx   1.34 Loss_Lu 0.01748
22:14:58 Epoch 207 Test Acc: 94.67
22:15:01 Epoch 207  EMA Test Acc: 95.24
Loss   1.43 Loss_Lx   1.34 Loss_Lu 0.01658
22:17:02 Epoch 208 Test Acc: 95.0
22:17:05 Epoch 208  EMA Test Acc: 95.31
Loss   1.43 Loss_Lx   1.35 Loss_Lu 0.01658
22:19:06 Epoch 209 Test Acc: 94.63
22:19:09 Epoch 209  EMA Test Acc: 95.34
Loss   1.43 Loss_Lx   1.34 Loss_Lu 0.01769
22:21:11 Epoch 210 Test Acc: 95.21
22:21:14 Epoch 210  EMA Test Acc: 95.23
Loss   1.46 Loss_Lx   1.37 Loss_Lu 0.01786
22:23:16 Epoch 211 Test Acc: 94.96
22:23:19 Epoch 211  EMA Test Acc: 95.24
Loss   1.42 Loss_Lx   1.34 Loss_Lu 0.01684
22:25:20 Epoch 212 Test Acc: 95.3
22:25:23 Epoch 212  EMA Test Acc: 95.14
Loss   1.38 Loss_Lx   1.30 Loss_Lu 0.01622
22:27:25 Epoch 213 Test Acc: 94.99
22:27:28 Epoch 213  EMA Test Acc: 94.89
Loss   1.44 Loss_Lx   1.35 Loss_Lu 0.01698
22:29:29 Epoch 214 Test Acc: 95.14
22:29:32 Epoch 214  EMA Test Acc: 95.28
Loss   1.41 Loss_Lx   1.33 Loss_Lu 0.01626
22:31:34 Epoch 215 Test Acc: 95.21
22:31:37 Epoch 215  EMA Test Acc: 95.37
Loss   1.38 Loss_Lx   1.30 Loss_Lu 0.01618
22:33:38 Epoch 216 Test Acc: 95.34
22:33:41 Epoch 216  EMA Test Acc: 95.18
Loss   1.42 Loss_Lx   1.34 Loss_Lu 0.01704
22:35:44 Epoch 217 Test Acc: 95.08
22:35:47 Epoch 217  EMA Test Acc: 95.13
Loss   1.40 Loss_Lx   1.32 Loss_Lu 0.01586
22:37:49 Epoch 218 Test Acc: 95.49
22:37:52 Epoch 218  EMA Test Acc: 95.14
Loss   1.42 Loss_Lx   1.34 Loss_Lu 0.01650
22:39:54 Epoch 219 Test Acc: 95.47
22:39:57 Epoch 219  EMA Test Acc: 95.21
Loss   1.42 Loss_Lx   1.33 Loss_Lu 0.01618
22:41:58 Epoch 220 Test Acc: 95.23
22:42:01 Epoch 220  EMA Test Acc: 95.27
Loss   1.38 Loss_Lx   1.30 Loss_Lu 0.01548
22:44:02 Epoch 221 Test Acc: 95.32
22:44:05 Epoch 221  EMA Test Acc: 95.01
Loss   1.41 Loss_Lx   1.33 Loss_Lu 0.01695
22:46:05 Epoch 222 Test Acc: 95.26
22:46:08 Epoch 222  EMA Test Acc: 95.28
Loss   1.32 Loss_Lx   1.24 Loss_Lu 0.01516
22:48:09 Epoch 223 Test Acc: 95.17
22:48:12 Epoch 223  EMA Test Acc: 95.06
Loss   1.34 Loss_Lx   1.26 Loss_Lu 0.01511
22:50:15 Epoch 224 Test Acc: 94.91
22:50:18 Epoch 224  EMA Test Acc: 95.06
Loss   1.36 Loss_Lx   1.29 Loss_Lu 0.01511
22:52:21 Epoch 225 Test Acc: 95.29
22:52:24 Epoch 225  EMA Test Acc: 95.21
Loss   1.36 Loss_Lx   1.28 Loss_Lu 0.01552
22:54:27 Epoch 226 Test Acc: 95.21
22:54:30 Epoch 226  EMA Test Acc: 95.25
Loss   1.35 Loss_Lx   1.27 Loss_Lu 0.01547
22:56:31 Epoch 227 Test Acc: 95.08
22:56:34 Epoch 227  EMA Test Acc: 95.07
Loss   1.37 Loss_Lx   1.29 Loss_Lu 0.01546
22:58:35 Epoch 228 Test Acc: 95.19
22:58:38 Epoch 228  EMA Test Acc: 95.04
Loss   1.42 Loss_Lx   1.34 Loss_Lu 0.01635
23:00:40 Epoch 229 Test Acc: 95.04
23:00:43 Epoch 229  EMA Test Acc: 95.1
Loss   1.39 Loss_Lx   1.31 Loss_Lu 0.01488
23:02:43 Epoch 230 Test Acc: 95.45
23:02:46 Epoch 230  EMA Test Acc: 95.27
Loss   1.39 Loss_Lx   1.31 Loss_Lu 0.01499
23:04:46 Epoch 231 Test Acc: 95.32
23:04:49 Epoch 231  EMA Test Acc: 95.45
Loss   1.40 Loss_Lx   1.32 Loss_Lu 0.01581
23:06:49 Epoch 232 Test Acc: 95.4
23:06:52 Epoch 232  EMA Test Acc: 95.33
Loss   1.38 Loss_Lx   1.30 Loss_Lu 0.01562
23:08:52 Epoch 233 Test Acc: 95.09
23:08:55 Epoch 233  EMA Test Acc: 95.25
Loss   1.41 Loss_Lx   1.33 Loss_Lu 0.01622
23:10:55 Epoch 234 Test Acc: 95.56
23:10:57 Epoch 234  EMA Test Acc: 95.58
Loss   1.31 Loss_Lx   1.24 Loss_Lu 0.01427
23:12:57 Epoch 235 Test Acc: 95.3
23:13:00 Epoch 235  EMA Test Acc: 95.41
Loss   1.36 Loss_Lx   1.28 Loss_Lu 0.01544
23:15:00 Epoch 236 Test Acc: 95.14
23:15:03 Epoch 236  EMA Test Acc: 95.3
Loss   1.39 Loss_Lx   1.31 Loss_Lu 0.01549
23:17:03 Epoch 237 Test Acc: 95.27
23:17:06 Epoch 237  EMA Test Acc: 95.53
Loss   1.40 Loss_Lx   1.33 Loss_Lu 0.01572
23:19:06 Epoch 238 Test Acc: 95.43
23:19:09 Epoch 238  EMA Test Acc: 95.35
Loss   1.33 Loss_Lx   1.25 Loss_Lu 0.01450
23:21:09 Epoch 239 Test Acc: 95.47
23:21:12 Epoch 239  EMA Test Acc: 95.45
Loss   1.41 Loss_Lx   1.33 Loss_Lu 0.01485
23:23:12 Epoch 240 Test Acc: 95.13
23:23:15 Epoch 240  EMA Test Acc: 95.33
Loss   1.36 Loss_Lx   1.28 Loss_Lu 0.01454
23:25:15 Epoch 241 Test Acc: 95.18
23:25:18 Epoch 241  EMA Test Acc: 95.41
Loss   1.37 Loss_Lx   1.30 Loss_Lu 0.01484
23:27:19 Epoch 242 Test Acc: 95.18
23:27:21 Epoch 242  EMA Test Acc: 95.29
Loss   1.37 Loss_Lx   1.29 Loss_Lu 0.01475
23:29:29 Epoch 243 Test Acc: 95.34
23:29:32 Epoch 243  EMA Test Acc: 95.17
Loss   1.40 Loss_Lx   1.33 Loss_Lu 0.01489
23:31:49 Epoch 244 Test Acc: 95.05
23:31:52 Epoch 244  EMA Test Acc: 95.29
Loss   1.37 Loss_Lx   1.30 Loss_Lu 0.01452
23:34:09 Epoch 245 Test Acc: 95.24
23:34:12 Epoch 245  EMA Test Acc: 95.09
Loss   1.35 Loss_Lx   1.28 Loss_Lu 0.01454
23:36:29 Epoch 246 Test Acc: 95.26
23:36:32 Epoch 246  EMA Test Acc: 95.29
Loss   1.33 Loss_Lx   1.26 Loss_Lu 0.01377
23:38:49 Epoch 247 Test Acc: 95.33
23:38:52 Epoch 247  EMA Test Acc: 95.46
Loss   1.44 Loss_Lx   1.36 Loss_Lu 0.01585
23:41:09 Epoch 248 Test Acc: 95.37
23:41:12 Epoch 248  EMA Test Acc: 95.13
Loss   1.31 Loss_Lx   1.24 Loss_Lu 0.01443
23:43:29 Epoch 249 Test Acc: 95.41
23:43:32 Epoch 249  EMA Test Acc: 95.44
Loss   1.36 Loss_Lx   1.29 Loss_Lu 0.01435
23:45:49 Epoch 250 Test Acc: 95.37
23:45:52 Epoch 250  EMA Test Acc: 95.31
Loss   1.35 Loss_Lx   1.28 Loss_Lu 0.01424
23:48:09 Epoch 251 Test Acc: 95.28
23:48:12 Epoch 251  EMA Test Acc: 95.44
Loss   1.41 Loss_Lx   1.33 Loss_Lu 0.01557
23:50:29 Epoch 252 Test Acc: 95.59
23:50:32 Epoch 252  EMA Test Acc: 95.48
Loss   1.38 Loss_Lx   1.30 Loss_Lu 0.01449
23:52:49 Epoch 253 Test Acc: 95.33
23:52:52 Epoch 253  EMA Test Acc: 95.18
Loss   1.38 Loss_Lx   1.31 Loss_Lu 0.01455
23:55:09 Epoch 254 Test Acc: 95.33
23:55:12 Epoch 254  EMA Test Acc: 95.2
Loss   1.38 Loss_Lx   1.31 Loss_Lu 0.01445
23:57:29 Epoch 255 Test Acc: 95.21
23:57:32 Epoch 255  EMA Test Acc: 95.21
Loss   1.35 Loss_Lx   1.28 Loss_Lu 0.01375
23:59:49 Epoch 256 Test Acc: 95.53
23:59:52 Epoch 256  EMA Test Acc: 95.45
Loss   1.38 Loss_Lx   1.31 Loss_Lu 0.01446
00:02:09 Epoch 257 Test Acc: 95.3
00:02:12 Epoch 257  EMA Test Acc: 95.18
Loss   1.37 Loss_Lx   1.30 Loss_Lu 0.01439
00:04:29 Epoch 258 Test Acc: 95.29
00:04:32 Epoch 258  EMA Test Acc: 95.48
Loss   1.39 Loss_Lx   1.32 Loss_Lu 0.01457
00:06:49 Epoch 259 Test Acc: 95.11
00:06:52 Epoch 259  EMA Test Acc: 95.27
Loss   1.44 Loss_Lx   1.36 Loss_Lu 0.01568
00:09:09 Epoch 260 Test Acc: 95.32
00:09:12 Epoch 260  EMA Test Acc: 95.41
Loss   1.37 Loss_Lx   1.30 Loss_Lu 0.01443
00:11:29 Epoch 261 Test Acc: 95.35
00:11:32 Epoch 261  EMA Test Acc: 95.44
Loss   1.29 Loss_Lx   1.23 Loss_Lu 0.01311
00:13:49 Epoch 262 Test Acc: 95.22
00:13:52 Epoch 262  EMA Test Acc: 95.28
Loss   1.33 Loss_Lx   1.26 Loss_Lu 0.01382
00:16:09 Epoch 263 Test Acc: 95.23
00:16:12 Epoch 263  EMA Test Acc: 95.34
Loss   1.30 Loss_Lx   1.24 Loss_Lu 0.01320
00:18:29 Epoch 264 Test Acc: 95.35
00:18:32 Epoch 264  EMA Test Acc: 95.43
Loss   1.40 Loss_Lx   1.32 Loss_Lu 0.01421
00:20:49 Epoch 265 Test Acc: 95.31
00:20:52 Epoch 265  EMA Test Acc: 95.37
Loss   1.34 Loss_Lx   1.27 Loss_Lu 0.01446
00:23:08 Epoch 266 Test Acc: 95.35
00:23:12 Epoch 266  EMA Test Acc: 95.34
Loss   1.36 Loss_Lx   1.29 Loss_Lu 0.01394
00:25:29 Epoch 267 Test Acc: 95.19
00:25:32 Epoch 267  EMA Test Acc: 95.33
Loss   1.32 Loss_Lx   1.25 Loss_Lu 0.01422
00:27:48 Epoch 268 Test Acc: 95.53
00:27:52 Epoch 268  EMA Test Acc: 95.36
Loss   1.34 Loss_Lx   1.27 Loss_Lu 0.01392
00:30:08 Epoch 269 Test Acc: 95.41
00:30:12 Epoch 269  EMA Test Acc: 95.34
Loss   1.37 Loss_Lx   1.30 Loss_Lu 0.01464
00:32:28 Epoch 270 Test Acc: 95.54
00:32:32 Epoch 270  EMA Test Acc: 95.57
Loss   1.44 Loss_Lx   1.37 Loss_Lu 0.01565
00:34:48 Epoch 271 Test Acc: 95.38
00:34:52 Epoch 271  EMA Test Acc: 95.48
Loss   1.35 Loss_Lx   1.28 Loss_Lu 0.01445
00:37:08 Epoch 272 Test Acc: 95.59
00:37:12 Epoch 272  EMA Test Acc: 95.53
Loss   1.33 Loss_Lx   1.26 Loss_Lu 0.01371
00:39:28 Epoch 273 Test Acc: 95.5
00:39:31 Epoch 273  EMA Test Acc: 95.5
Loss   1.35 Loss_Lx   1.28 Loss_Lu 0.01399
00:41:48 Epoch 274 Test Acc: 95.63
00:41:52 Epoch 274  EMA Test Acc: 95.65
Loss   1.32 Loss_Lx   1.25 Loss_Lu 0.01339
00:44:08 Epoch 275 Test Acc: 95.23
00:44:12 Epoch 275  EMA Test Acc: 95.24
Loss   1.40 Loss_Lx   1.32 Loss_Lu 0.01488
00:46:28 Epoch 276 Test Acc: 95.26
00:46:32 Epoch 276  EMA Test Acc: 95.4
Loss   1.31 Loss_Lx   1.24 Loss_Lu 0.01296
00:48:49 Epoch 277 Test Acc: 95.39
00:48:52 Epoch 277  EMA Test Acc: 95.36
Loss   1.33 Loss_Lx   1.25 Loss_Lu 0.01426
00:51:08 Epoch 278 Test Acc: 95.5
00:51:12 Epoch 278  EMA Test Acc: 95.54
Loss   1.34 Loss_Lx   1.27 Loss_Lu 0.01379
00:53:28 Epoch 279 Test Acc: 95.39
00:53:32 Epoch 279  EMA Test Acc: 95.48
Loss   1.35 Loss_Lx   1.28 Loss_Lu 0.01420
00:55:48 Epoch 280 Test Acc: 95.53
00:55:52 Epoch 280  EMA Test Acc: 95.41
Loss   1.32 Loss_Lx   1.25 Loss_Lu 0.01359
00:58:09 Epoch 281 Test Acc: 95.37
00:58:12 Epoch 281  EMA Test Acc: 95.31
Loss   1.40 Loss_Lx   1.33 Loss_Lu 0.01471
01:00:29 Epoch 282 Test Acc: 95.17
01:00:32 Epoch 282  EMA Test Acc: 95.27
Loss   1.38 Loss_Lx   1.31 Loss_Lu 0.01460
01:02:49 Epoch 283 Test Acc: 95.32
01:02:52 Epoch 283  EMA Test Acc: 95.32
Loss   1.32 Loss_Lx   1.25 Loss_Lu 0.01350
01:05:09 Epoch 284 Test Acc: 95.25
01:05:12 Epoch 284  EMA Test Acc: 95.32
Loss   1.38 Loss_Lx   1.31 Loss_Lu 0.01459
01:07:28 Epoch 285 Test Acc: 95.47
01:07:32 Epoch 285  EMA Test Acc: 95.4
Loss   1.39 Loss_Lx   1.32 Loss_Lu 0.01438
01:09:48 Epoch 286 Test Acc: 95.4
01:09:52 Epoch 286  EMA Test Acc: 95.31
Loss   1.34 Loss_Lx   1.27 Loss_Lu 0.01443
01:12:08 Epoch 287 Test Acc: 95.42
01:12:11 Epoch 287  EMA Test Acc: 95.43
Loss   1.35 Loss_Lx   1.28 Loss_Lu 0.01369
01:14:28 Epoch 288 Test Acc: 95.26
01:14:31 Epoch 288  EMA Test Acc: 95.12
Loss   1.39 Loss_Lx   1.32 Loss_Lu 0.01427
01:16:48 Epoch 289 Test Acc: 95.63
01:16:51 Epoch 289  EMA Test Acc: 95.51
Loss   1.29 Loss_Lx   1.22 Loss_Lu 0.01294
01:19:08 Epoch 290 Test Acc: 95.51
01:19:11 Epoch 290  EMA Test Acc: 95.38
Loss   1.37 Loss_Lx   1.29 Loss_Lu 0.01415
01:21:28 Epoch 291 Test Acc: 95.67
01:21:31 Epoch 291  EMA Test Acc: 95.72
Loss   1.33 Loss_Lx   1.27 Loss_Lu 0.01334
01:23:48 Epoch 292 Test Acc: 95.44
01:23:51 Epoch 292  EMA Test Acc: 95.49
Loss   1.30 Loss_Lx   1.23 Loss_Lu 0.01319
01:26:08 Epoch 293 Test Acc: 95.7
01:26:11 Epoch 293  EMA Test Acc: 95.6
Loss   1.35 Loss_Lx   1.28 Loss_Lu 0.01416
01:28:28 Epoch 294 Test Acc: 95.7
01:28:31 Epoch 294  EMA Test Acc: 95.79
Loss   1.34 Loss_Lx   1.27 Loss_Lu 0.01377
01:30:48 Epoch 295 Test Acc: 95.43
01:30:51 Epoch 295  EMA Test Acc: 95.51
Loss   1.37 Loss_Lx   1.30 Loss_Lu 0.01412
01:33:08 Epoch 296 Test Acc: 95.51
01:33:11 Epoch 296  EMA Test Acc: 95.55
Loss   1.31 Loss_Lx   1.25 Loss_Lu 0.01343
01:35:28 Epoch 297 Test Acc: 95.37
01:35:31 Epoch 297  EMA Test Acc: 95.56
Loss   1.30 Loss_Lx   1.23 Loss_Lu 0.01340
01:37:48 Epoch 298 Test Acc: 95.4
01:37:51 Epoch 298  EMA Test Acc: 95.52
Loss   1.33 Loss_Lx   1.26 Loss_Lu 0.01377
01:40:07 Epoch 299 Test Acc: 95.22
01:40:11 Epoch 299  EMA Test Acc: 95.41
01:40:11 Best Test Acc: 95.79102325439453
